
3060 : 0x12b841b4668a : 3 : logger_init :  LOG FILE OPENED (by collectunits.logger), level: 4
3060 : 0x12b847614b74 : 4 : pytrace_try_probe_python_functions :  Python version is detected as == 0x0
3060 : 0x12b847f2a9d5 : 4 : pytrace_try_probe_python_functions :  Python version is detected as == 0x0
3060 : 0x12b84bfe1e3f : 4 : pytrace_try_probe_python_functions :  Python version is detected as == 0x0
3060 : 0x12b84c30a9db : 4 : pytrace_try_probe_python_functions :  Python version is detected as == 0x0
3060 : 0x12b84cf824e5 : 4 : pytrace_try_probe_python_functions :  Python version is detected as == 0x0
3060 : 0x12b862a14b6b : 4 : pytrace_try_probe_python_functions :  Python version is detected as == 0x0
3060 : 0x12b862f8ab55 : 4 : pytrace_try_probe_python_functions :  Python version is detected as == 0x0
3060 : 0x12b863203cdb : 4 : pytrace_try_probe_python_functions :  Python version is detected as == 0x0
3060 : 0x12b869a1cdf5 : 4 : pytrace_try_probe_python_functions :  Python version is detected as == 0x0
3060 : 0x12b869c6f125 : 4 : pytrace_try_probe_python_functions :  Python version is detected as == 0x0
3060 : 0x12b869d1b599 : 4 : pytrace_try_probe_python_functions :  Python version is detected as == 0x0
3060 : 0x12b86a2bedcd : 4 : pytrace_try_probe_python_functions :  Python version is detected as == 0x0
3060 : 0x12b86a900045 : 4 : pytrace_try_probe_python_functions :  Python version is detected as == 0x0
3060 : 0x12b86adcc689 : 4 : pytrace_try_probe_python_functions :  Python version is detected as == 0x0
3060 : 0x12b86e3525ed : 4 : pytrace_try_probe_python_functions :  Python version is detected as == 0x0
3060 : 0x12b86e631c21 : 4 : pytrace_try_probe_python_functions :  Python version is detected as == 0x0
3060 : 0x12b86e6edeb9 : 4 : pytrace_try_probe_python_functions :  Python version is detected as == 0x0
3060 : 0x12b86e824fb9 : 4 : pytrace_try_probe_python_functions :  Python version is detected as == 0x0
3060 : 0x12b86ed50125 : 4 : pytrace_start_profiling :  [CALLED]
3060 : 0x12b870bd2d4b : 4 : pytrace_try_probe_python_functions :  Python version is detected as == 0x0
3060 : 0x12b870c98a97 : 4 : pytrace_try_probe_python_functions :  Python version is detected as == 0x0
3060 : 0x12b870d9d977 : 4 : pytrace_try_probe_python_functions :  Python version is detected as == 0x0
3060 : 0x12b870f4a43d : 4 : pytrace_try_probe_python_functions :  Python version is detected as == 0x0
3060 : 0x12b87117b5e5 : 4 : pytrace_try_probe_python_functions :  Python version is detected as == 0x0
3060 : 0x12b8712665c7 : 4 : pytrace_try_probe_python_functions :  Python version is detected as == 0x0
3060 : 0x12b8713f9763 : 4 : pytrace_try_probe_python_functions :  Python version is detected as == 0x0
3060 : 0x12b8714b88e7 : 4 : pytrace_try_probe_python_functions :  Python version is detected as == 0x0
3060 : 0x12b87157a487 : 4 : pytrace_try_probe_python_functions :  Python version is detected as == 0x0
3060 : 0x12b871662689 : 4 : pytrace_try_probe_python_functions :  Python version is detected as == 0x0
3060 : 0x12b871743f29 : 4 : pytrace_try_probe_python_functions :  Python version is detected as == 0x0
3060 : 0x12b87185176f : 4 : pytrace_try_probe_python_functions :  Python version is detected as == 0x0
3060 : 0x12b871aeefbd : 4 : pytrace_try_probe_python_functions :  Python version is detected as == 0x0
3060 : 0x12b871d1f1e9 : 4 : pytrace_try_probe_python_functions :  Python version is detected as == 0x0
3060 : 0x12b87275a295 : 4 : pytrace_try_probe_python_functions :  Python version is detected as == 0x0
3060 : 0x12b872869b55 : 4 : pytrace_try_probe_python_functions :  Python version is detected as == 0x0
3060 : 0x12b872c7e13f : 4 : pytrace_try_probe_python_functions :  Python version is detected as == 0x0
3060 : 0x12b8748bb2d7 : 4 : pytrace_try_probe_python_functions :  Python version is detected as == 0x0
3060 : 0x12b87499a9a1 : 4 : pytrace_try_probe_python_functions :  Python version is detected as == 0x0
3060 : 0x12b874a78d51 : 4 : pytrace_try_probe_python_functions :  Python version is detected as == 0x0
3060 : 0x12b874b5ea83 : 4 : pytrace_try_probe_python_functions :  Python version is detected as == 0x0
3060 : 0x12b874c4a8b1 : 4 : pytrace_try_probe_python_functions :  Python version is detected as == 0x0
3060 : 0x12b874e04a45 : 4 : pytrace_try_probe_python_functions :  Python version is detected as == 0x0
3060 : 0x12b874edbb5d : 4 : pytrace_try_probe_python_functions :  Python version is detected as == 0x0
3060 : 0x12b874fc64d3 : 4 : pytrace_try_probe_python_functions :  Python version is detected as == 0x0
3060 : 0x12b8750a1359 : 4 : pytrace_try_probe_python_functions :  Python version is detected as == 0x0
3060 : 0x12b875aeea35 : 4 : pytrace_try_probe_python_functions :  Python version is detected as == 0x0
3060 : 0x12b875ef4c4d : 4 : pytrace_try_probe_python_functions :  Python version is detected as == 0x0
3060 : 0x12b8760a776d : 4 : pytrace_try_probe_python_functions :  Python version is detected as == 0x0
3060 : 0x12b8762ff581 : 4 : pytrace_try_probe_python_functions :  Python version is detected as == 0x0
3060 : 0x12b8765d0e9b : 4 : pytrace_try_probe_python_functions :  Python version is detected as == 0x0
3060 : 0x12b876c59235 : 4 : pytrace_try_probe_python_functions :  Python version is detected as == 0x0
3060 : 0x12b876e6d9c9 : 4 : pytrace_try_probe_python_functions :  Python version is detected as == 0x0
3060 : 0x12b8771ac067 : 4 : pytrace_try_probe_python_functions :  Python version is detected as == 0x0
3060 : 0x12b8774631a5 : 4 : pytrace_try_probe_python_functions :  Python version is detected as == 0x0
3060 : 0x12b8777d39d8 : 4 : pytrace_try_probe_python_functions :  Python version is detected as == 0x0
3060 : 0x12b877d0a1f7 : 4 : pytrace_try_probe_python_functions :  Python version is detected as == 0x0
3060 : 0x12b8781cbd9f : 4 : pytrace_try_probe_python_functions :  Python version is detected as == 0x0
3060 : 0x12b878322dbb : 4 : pytrace_try_probe_python_functions :  Python version is detected as == 0x0
3060 : 0x12b87881590b : 4 : pytrace_try_probe_python_functions :  Python version is detected as == 0x0
3060 : 0x12b878bd01fd : 4 : pytrace_try_probe_python_functions :  Python version is detected as == 0x0
3060 : 0x12b879b526b6 : 4 : pytrace_try_probe_python_functions :  Python version is detected as == 0x0
3060 : 0x12b87a09f4b0 : 4 : pytrace_try_probe_python_functions :  Python version is detected as == 0x0
3060 : 0x12b87a1eaa60 : 4 : pytrace_try_probe_python_functions :  Python version is detected as == 0x0
3060 : 0x12b87a2d08d0 : 4 : pytrace_try_probe_python_functions :  Python version is detected as == 0x0
3060 : 0x12b88c25bc78 : 4 : pytrace_try_probe_python_functions :  Python version is detected as == 0x0
3060 : 0x12b88d2582b9 : 4 : pytrace_try_probe_python_functions :  Python version is detected as == 0x0
3060 : 0x12b88d921f8f : 4 : pytrace_try_probe_python_functions :  Python version is detected as == 0x0
3060 : 0x12b89ca7ab23 : 4 : pytrace_try_probe_python_functions :  Python version is detected as == 0x0
3060 : 0x12b89ce1993d : 4 : pytrace_try_probe_python_functions :  Python version is detected as == 0x0
3060 : 0x12b89d232c4c : 4 : pytrace_try_probe_python_functions :  Python version is detected as == 0x0
3060 : 0x12b89d652ae2 : 4 : pytrace_try_probe_python_functions :  Python version is detected as == 0x0
3060 : 0x12b89d9ddaea : 4 : pytrace_try_probe_python_functions :  Python version is detected as == 0x0
3060 : 0x12b89ddb9ddc : 4 : pytrace_try_probe_python_functions :  Python version is detected as == 0x0
3060 : 0x12b89e3f44ef : 4 : pytrace_try_probe_python_functions :  Python version is detected as == 0x0
3060 : 0x12b89e4d2c93 : 4 : pytrace_try_probe_python_functions :  Python version is detected as == 0x0
3060 : 0x12b89eb45a9d : 4 : pytrace_try_probe_python_functions :  Python version is detected as == 0x0
3060 : 0x12b89eee025a : 4 : pytrace_try_probe_python_functions :  Python version is detected as == 0x0
3060 : 0x12b89f156d4c : 4 : pytrace_try_probe_python_functions :  Python version is detected as == 0x0
3060 : 0x12b89f61f4e3 : 4 : pytrace_try_probe_python_functions :  Python version is detected as == 0x0
3060 : 0x12b89f9de444 : 4 : pytrace_try_probe_python_functions :  Python version is detected as == 0x0
3060 : 0x12b89fe34338 : 4 : pytrace_try_probe_python_functions :  Python version is detected as == 0x0
3060 : 0x12bd5876ddc6 : 4 : pytrace_stop_profiling :  [CALLED]
3060 : 0x12bd5879ecce : 3 : logger_fini :  LOG FILE CLOSED (by collectunits.logger)