
8408 : 0x17594b9988c1 : 3 : logger_init :  LOG FILE OPENED (by collectunits.logger), level: 4
8408 : 0x17595167bc0d : 4 : pytrace_try_probe_python_functions :  Python version is detected as == 0x0
8408 : 0x175951af16d6 : 4 : pytrace_try_probe_python_functions :  Python version is detected as == 0x0
8408 : 0x17595301a1aa : 4 : pytrace_try_probe_python_functions :  Python version is detected as == 0x0
8408 : 0x1759533aaf1a : 4 : pytrace_try_probe_python_functions :  Python version is detected as == 0x0
8408 : 0x17595408010e : 4 : pytrace_try_probe_python_functions :  Python version is detected as == 0x0
8408 : 0x17596c89aff2 : 4 : pytrace_try_probe_python_functions :  Python version is detected as == 0x0
8408 : 0x17596d00edce : 4 : pytrace_try_probe_python_functions :  Python version is detected as == 0x0
8408 : 0x17596d46357f : 4 : pytrace_try_probe_python_functions :  Python version is detected as == 0x0
8408 : 0x175974e1626e : 4 : pytrace_try_probe_python_functions :  Python version is detected as == 0x0
8408 : 0x1759750efa86 : 4 : pytrace_try_probe_python_functions :  Python version is detected as == 0x0
8408 : 0x1759751f3308 : 4 : pytrace_try_probe_python_functions :  Python version is detected as == 0x0
8408 : 0x175975a063be : 4 : pytrace_try_probe_python_functions :  Python version is detected as == 0x0
8408 : 0x17597625ed58 : 4 : pytrace_try_probe_python_functions :  Python version is detected as == 0x0
8408 : 0x175976840074 : 4 : pytrace_try_probe_python_functions :  Python version is detected as == 0x0
8408 : 0x17597c0e4783 : 4 : pytrace_try_probe_python_functions :  Python version is detected as == 0x0
8408 : 0x17597c477cdd : 4 : pytrace_try_probe_python_functions :  Python version is detected as == 0x0
8408 : 0x17597c59860f : 4 : pytrace_try_probe_python_functions :  Python version is detected as == 0x0
8408 : 0x17597c7305b9 : 4 : pytrace_try_probe_python_functions :  Python version is detected as == 0x0
8408 : 0x17597cb50ac7 : 4 : pytrace_start_profiling :  [CALLED]
8408 : 0x17597d22c1a5 : 4 : pytrace_try_probe_python_functions :  Python version is detected as == 0x0
8408 : 0x17597d32bbcd : 4 : pytrace_try_probe_python_functions :  Python version is detected as == 0x0
8408 : 0x17597d47c433 : 4 : pytrace_try_probe_python_functions :  Python version is detected as == 0x0
8408 : 0x17597d6a6073 : 4 : pytrace_try_probe_python_functions :  Python version is detected as == 0x0
8408 : 0x17597d947987 : 4 : pytrace_try_probe_python_functions :  Python version is detected as == 0x0
8408 : 0x17597dadc265 : 4 : pytrace_try_probe_python_functions :  Python version is detected as == 0x0
8408 : 0x17597ddf636f : 4 : pytrace_try_probe_python_functions :  Python version is detected as == 0x0
8408 : 0x17597df4ec0b : 4 : pytrace_try_probe_python_functions :  Python version is detected as == 0x0
8408 : 0x17597e0b439d : 4 : pytrace_try_probe_python_functions :  Python version is detected as == 0x0
8408 : 0x17597e217d6e : 4 : pytrace_try_probe_python_functions :  Python version is detected as == 0x0
8408 : 0x17597e37e5ba : 4 : pytrace_try_probe_python_functions :  Python version is detected as == 0x0
8408 : 0x17597e530318 : 4 : pytrace_try_probe_python_functions :  Python version is detected as == 0x0
8408 : 0x17597e7ddcbc : 4 : pytrace_try_probe_python_functions :  Python version is detected as == 0x0
8408 : 0x17597eb41d74 : 4 : pytrace_try_probe_python_functions :  Python version is detected as == 0x0
8408 : 0x17597fbcb6fe : 4 : pytrace_try_probe_python_functions :  Python version is detected as == 0x0
8408 : 0x17597fdabd01 : 4 : pytrace_try_probe_python_functions :  Python version is detected as == 0x0
8408 : 0x17598028d4cf : 4 : pytrace_try_probe_python_functions :  Python version is detected as == 0x0
8408 : 0x175982e9e26c : 4 : pytrace_try_probe_python_functions :  Python version is detected as == 0x0
8408 : 0x1759830a8c12 : 4 : pytrace_try_probe_python_functions :  Python version is detected as == 0x0
8408 : 0x1759834718ef : 4 : pytrace_try_probe_python_functions :  Python version is detected as == 0x0
8408 : 0x175983a06f3f : 4 : pytrace_try_probe_python_functions :  Python version is detected as == 0x0
8408 : 0x175983d5663c : 4 : pytrace_try_probe_python_functions :  Python version is detected as == 0x0
8408 : 0x1759842486b3 : 4 : pytrace_try_probe_python_functions :  Python version is detected as == 0x0
8408 : 0x1759843de7eb : 4 : pytrace_try_probe_python_functions :  Python version is detected as == 0x0
8408 : 0x17598451ede5 : 4 : pytrace_try_probe_python_functions :  Python version is detected as == 0x0
8408 : 0x175984700fc1 : 4 : pytrace_try_probe_python_functions :  Python version is detected as == 0x0
8408 : 0x175984f0e8fb : 4 : pytrace_try_probe_python_functions :  Python version is detected as == 0x0
8408 : 0x1759851545e0 : 4 : pytrace_try_probe_python_functions :  Python version is detected as == 0x0
8408 : 0x17598534dddb : 4 : pytrace_try_probe_python_functions :  Python version is detected as == 0x0
8408 : 0x1759855548d3 : 4 : pytrace_try_probe_python_functions :  Python version is detected as == 0x0
8408 : 0x17598576f2ad : 4 : pytrace_try_probe_python_functions :  Python version is detected as == 0x0
8408 : 0x175985b04161 : 4 : pytrace_try_probe_python_functions :  Python version is detected as == 0x0
8408 : 0x175985e9d79c : 4 : pytrace_try_probe_python_functions :  Python version is detected as == 0x0
8408 : 0x17598621e737 : 4 : pytrace_try_probe_python_functions :  Python version is detected as == 0x0
8408 : 0x1759865823be : 4 : pytrace_try_probe_python_functions :  Python version is detected as == 0x0
8408 : 0x175986986dfa : 4 : pytrace_try_probe_python_functions :  Python version is detected as == 0x0
8408 : 0x175986e59fec : 4 : pytrace_try_probe_python_functions :  Python version is detected as == 0x0
8408 : 0x17598707d56a : 4 : pytrace_try_probe_python_functions :  Python version is detected as == 0x0
8408 : 0x175987236f6e : 4 : pytrace_try_probe_python_functions :  Python version is detected as == 0x0
8408 : 0x17598749a2f6 : 4 : pytrace_try_probe_python_functions :  Python version is detected as == 0x0
8408 : 0x175987708608 : 4 : pytrace_try_probe_python_functions :  Python version is detected as == 0x0
8408 : 0x175987a2fb20 : 4 : pytrace_try_probe_python_functions :  Python version is detected as == 0x0
8408 : 0x17598829b1a0 : 4 : pytrace_try_probe_python_functions :  Python version is detected as == 0x0
8408 : 0x175988555a30 : 4 : pytrace_try_probe_python_functions :  Python version is detected as == 0x0
8408 : 0x1759887e8f40 : 4 : pytrace_try_probe_python_functions :  Python version is detected as == 0x0
8408 : 0x17599637146c : 4 : pytrace_try_probe_python_functions :  Python version is detected as == 0x0
8408 : 0x1759966bdce8 : 4 : pytrace_try_probe_python_functions :  Python version is detected as == 0x0
8408 : 0x17599692ac64 : 4 : pytrace_try_probe_python_functions :  Python version is detected as == 0x0
8408 : 0x1759a4851b66 : 4 : pytrace_try_probe_python_functions :  Python version is detected as == 0x0
8408 : 0x1759a49be72c : 4 : pytrace_try_probe_python_functions :  Python version is detected as == 0x0
8408 : 0x1759a4bc7cfe : 4 : pytrace_try_probe_python_functions :  Python version is detected as == 0x0
8408 : 0x1759a4d870a0 : 4 : pytrace_try_probe_python_functions :  Python version is detected as == 0x0
8408 : 0x1759a4efbcd2 : 4 : pytrace_try_probe_python_functions :  Python version is detected as == 0x0
8408 : 0x1759a5094e3e : 4 : pytrace_try_probe_python_functions :  Python version is detected as == 0x0
8408 : 0x1759a522c5be : 4 : pytrace_try_probe_python_functions :  Python version is detected as == 0x0
8408 : 0x1759a5303b6a : 4 : pytrace_try_probe_python_functions :  Python version is detected as == 0x0
8408 : 0x1759a552000c : 4 : pytrace_try_probe_python_functions :  Python version is detected as == 0x0
8408 : 0x1759a568aec2 : 4 : pytrace_try_probe_python_functions :  Python version is detected as == 0x0
8408 : 0x1759a57cde98 : 4 : pytrace_try_probe_python_functions :  Python version is detected as == 0x0
8408 : 0x1759a5a50010 : 4 : pytrace_try_probe_python_functions :  Python version is detected as == 0x0
8408 : 0x1759a5bd5436 : 4 : pytrace_try_probe_python_functions :  Python version is detected as == 0x0
8408 : 0x1759a5d4d706 : 4 : pytrace_try_probe_python_functions :  Python version is detected as == 0x0
8408 : 0x175cf491c2c9 : 4 : pytrace_stop_profiling :  [CALLED]
8408 : 0x175cf492500b : 3 : logger_fini :  LOG FILE CLOSED (by collectunits.logger)