
8158 : 0x170e20671768 : 3 : logger_init :  LOG FILE OPENED (by collectunits.logger), level: 4
8158 : 0x170e2731cdaf : 4 : pytrace_try_probe_python_functions :  Python version is detected as == 0x0
8158 : 0x170e277ea073 : 4 : pytrace_try_probe_python_functions :  Python version is detected as == 0x0
8158 : 0x170e2923ea6e : 4 : pytrace_try_probe_python_functions :  Python version is detected as == 0x0
8158 : 0x170e2953a90e : 4 : pytrace_try_probe_python_functions :  Python version is detected as == 0x0
8158 : 0x170e2a3a8780 : 4 : pytrace_try_probe_python_functions :  Python version is detected as == 0x0
8158 : 0x170e46ea0bdd : 4 : pytrace_try_probe_python_functions :  Python version is detected as == 0x0
8158 : 0x170e47692681 : 4 : pytrace_try_probe_python_functions :  Python version is detected as == 0x0
8158 : 0x170e47aa54c5 : 4 : pytrace_try_probe_python_functions :  Python version is detected as == 0x0
8158 : 0x170e4f227197 : 4 : pytrace_try_probe_python_functions :  Python version is detected as == 0x0
8158 : 0x170e4f4cc22b : 4 : pytrace_try_probe_python_functions :  Python version is detected as == 0x0
8158 : 0x170e4f5ea68b : 4 : pytrace_try_probe_python_functions :  Python version is detected as == 0x0
8158 : 0x170e4ff01b3d : 4 : pytrace_try_probe_python_functions :  Python version is detected as == 0x0
8158 : 0x170e509de299 : 4 : pytrace_try_probe_python_functions :  Python version is detected as == 0x0
8158 : 0x170e50fc36fb : 4 : pytrace_try_probe_python_functions :  Python version is detected as == 0x0
8158 : 0x170e5538c512 : 4 : pytrace_try_probe_python_functions :  Python version is detected as == 0x0
8158 : 0x170e5578dce6 : 4 : pytrace_try_probe_python_functions :  Python version is detected as == 0x0
8158 : 0x170e5587d2c8 : 4 : pytrace_try_probe_python_functions :  Python version is detected as == 0x0
8158 : 0x170e55a5e172 : 4 : pytrace_try_probe_python_functions :  Python version is detected as == 0x0
8158 : 0x170e560b3e3b : 4 : pytrace_start_profiling :  [CALLED]
8158 : 0x170e5689932d : 4 : pytrace_try_probe_python_functions :  Python version is detected as == 0x0
8158 : 0x170e56a077d7 : 4 : pytrace_try_probe_python_functions :  Python version is detected as == 0x0
8158 : 0x170e56ba3a1f : 4 : pytrace_try_probe_python_functions :  Python version is detected as == 0x0
8158 : 0x170e56e9ad35 : 4 : pytrace_try_probe_python_functions :  Python version is detected as == 0x0
8158 : 0x170e57244b87 : 4 : pytrace_try_probe_python_functions :  Python version is detected as == 0x0
8158 : 0x170e573524ad : 4 : pytrace_try_probe_python_functions :  Python version is detected as == 0x0
8158 : 0x170e57531b03 : 4 : pytrace_try_probe_python_functions :  Python version is detected as == 0x0
8158 : 0x170e5762c361 : 4 : pytrace_try_probe_python_functions :  Python version is detected as == 0x0
8158 : 0x170e5771473b : 4 : pytrace_try_probe_python_functions :  Python version is detected as == 0x0
8158 : 0x170e578313bb : 4 : pytrace_try_probe_python_functions :  Python version is detected as == 0x0
8158 : 0x170e5796c67f : 4 : pytrace_try_probe_python_functions :  Python version is detected as == 0x0
8158 : 0x170e57ae906f : 4 : pytrace_try_probe_python_functions :  Python version is detected as == 0x0
8158 : 0x170e57d20c89 : 4 : pytrace_try_probe_python_functions :  Python version is detected as == 0x0
8158 : 0x170e580fc28c : 4 : pytrace_try_probe_python_functions :  Python version is detected as == 0x0
8158 : 0x170e59116da2 : 4 : pytrace_try_probe_python_functions :  Python version is detected as == 0x0
8158 : 0x170e592845e4 : 4 : pytrace_try_probe_python_functions :  Python version is detected as == 0x0
8158 : 0x170e59713536 : 4 : pytrace_try_probe_python_functions :  Python version is detected as == 0x0
8158 : 0x170e5bd03552 : 4 : pytrace_try_probe_python_functions :  Python version is detected as == 0x0
8158 : 0x170e5be7b904 : 4 : pytrace_try_probe_python_functions :  Python version is detected as == 0x0
8158 : 0x170e5c062368 : 4 : pytrace_try_probe_python_functions :  Python version is detected as == 0x0
8158 : 0x170e5c1e0e26 : 4 : pytrace_try_probe_python_functions :  Python version is detected as == 0x0
8158 : 0x170e5c35ff78 : 4 : pytrace_try_probe_python_functions :  Python version is detected as == 0x0
8158 : 0x170e5c69aec8 : 4 : pytrace_try_probe_python_functions :  Python version is detected as == 0x0
8158 : 0x170e5c872a0a : 4 : pytrace_try_probe_python_functions :  Python version is detected as == 0x0
8158 : 0x170e5ca3a794 : 4 : pytrace_try_probe_python_functions :  Python version is detected as == 0x0
8158 : 0x170e5cc00af0 : 4 : pytrace_try_probe_python_functions :  Python version is detected as == 0x0
8158 : 0x170e5d274c1d : 4 : pytrace_try_probe_python_functions :  Python version is detected as == 0x0
8158 : 0x170e5d4a0cdf : 4 : pytrace_try_probe_python_functions :  Python version is detected as == 0x0
8158 : 0x170e5d6a916f : 4 : pytrace_try_probe_python_functions :  Python version is detected as == 0x0
8158 : 0x170e5d87c899 : 4 : pytrace_try_probe_python_functions :  Python version is detected as == 0x0
8158 : 0x170e5da41f79 : 4 : pytrace_try_probe_python_functions :  Python version is detected as == 0x0
8158 : 0x170e5dc4c44d : 4 : pytrace_try_probe_python_functions :  Python version is detected as == 0x0
8158 : 0x170e5dd5ee35 : 4 : pytrace_try_probe_python_functions :  Python version is detected as == 0x0
8158 : 0x170e5df4a839 : 4 : pytrace_try_probe_python_functions :  Python version is detected as == 0x0
8158 : 0x170e5e09d46d : 4 : pytrace_try_probe_python_functions :  Python version is detected as == 0x0
8158 : 0x170e5e2524c1 : 4 : pytrace_try_probe_python_functions :  Python version is detected as == 0x0
8158 : 0x170e5e6ddb98 : 4 : pytrace_try_probe_python_functions :  Python version is detected as == 0x0
8158 : 0x170e5e8e15f5 : 4 : pytrace_try_probe_python_functions :  Python version is detected as == 0x0
8158 : 0x170e5ea2eedb : 4 : pytrace_try_probe_python_functions :  Python version is detected as == 0x0
8158 : 0x170e5ed19801 : 4 : pytrace_try_probe_python_functions :  Python version is detected as == 0x0
8158 : 0x170e5f02da5f : 4 : pytrace_try_probe_python_functions :  Python version is detected as == 0x0
8158 : 0x170e5f30c39b : 4 : pytrace_try_probe_python_functions :  Python version is detected as == 0x0
8158 : 0x170e5fb374ed : 4 : pytrace_try_probe_python_functions :  Python version is detected as == 0x0
8158 : 0x170e5fdaea5d : 4 : pytrace_try_probe_python_functions :  Python version is detected as == 0x0
8158 : 0x170e5ff57f3b : 4 : pytrace_try_probe_python_functions :  Python version is detected as == 0x0
8158 : 0x170e6dde9eee : 4 : pytrace_try_probe_python_functions :  Python version is detected as == 0x0
8158 : 0x170e6e00fa10 : 4 : pytrace_try_probe_python_functions :  Python version is detected as == 0x0
8158 : 0x170e6e17bb86 : 4 : pytrace_try_probe_python_functions :  Python version is detected as == 0x0
8158 : 0x170e7d0919f1 : 4 : pytrace_try_probe_python_functions :  Python version is detected as == 0x0
8158 : 0x170e7d1c0435 : 4 : pytrace_try_probe_python_functions :  Python version is detected as == 0x0
8158 : 0x170e7d315b31 : 4 : pytrace_try_probe_python_functions :  Python version is detected as == 0x0
8158 : 0x170e7d470783 : 4 : pytrace_try_probe_python_functions :  Python version is detected as == 0x0
8158 : 0x170e7d5aa5ff : 4 : pytrace_try_probe_python_functions :  Python version is detected as == 0x0
8158 : 0x170e7d6fdf71 : 4 : pytrace_try_probe_python_functions :  Python version is detected as == 0x0
8158 : 0x170e7d85c1dd : 4 : pytrace_try_probe_python_functions :  Python version is detected as == 0x0
8158 : 0x170e7d911d91 : 4 : pytrace_try_probe_python_functions :  Python version is detected as == 0x0
8158 : 0x170e7db09df3 : 4 : pytrace_try_probe_python_functions :  Python version is detected as == 0x0
8158 : 0x170e7dc3237d : 4 : pytrace_try_probe_python_functions :  Python version is detected as == 0x0
8158 : 0x170e7dd57aef : 4 : pytrace_try_probe_python_functions :  Python version is detected as == 0x0
8158 : 0x170e7df68a21 : 4 : pytrace_try_probe_python_functions :  Python version is detected as == 0x0
8158 : 0x170e7e0b5d25 : 4 : pytrace_try_probe_python_functions :  Python version is detected as == 0x0
8158 : 0x170e7e21777f : 4 : pytrace_try_probe_python_functions :  Python version is detected as == 0x0
8158 : 0x171243f24cee : 4 : pytrace_stop_profiling :  [CALLED]
8158 : 0x171243f2a9f0 : 3 : logger_fini :  LOG FILE CLOSED (by collectunits.logger)