
7896 : 0x16f7245a6886 : 3 : logger_init :  LOG FILE OPENED (by collectunits.logger), level: 4
7896 : 0x16f72c5a4448 : 4 : pytrace_try_probe_python_functions :  Python version is detected as == 0x0
7896 : 0x16f72cb36e8b : 4 : pytrace_try_probe_python_functions :  Python version is detected as == 0x0
7896 : 0x16f72e04d997 : 4 : pytrace_try_probe_python_functions :  Python version is detected as == 0x0
7896 : 0x16f72e2dcfe7 : 4 : pytrace_try_probe_python_functions :  Python version is detected as == 0x0
7896 : 0x16f72f65e4c5 : 4 : pytrace_try_probe_python_functions :  Python version is detected as == 0x0
7896 : 0x16f74bbbc30b : 4 : pytrace_try_probe_python_functions :  Python version is detected as == 0x0
7896 : 0x16f74c4178ff : 4 : pytrace_try_probe_python_functions :  Python version is detected as == 0x0
7896 : 0x16f74c877d1d : 4 : pytrace_try_probe_python_functions :  Python version is detected as == 0x0
7896 : 0x16f754be1306 : 4 : pytrace_try_probe_python_functions :  Python version is detected as == 0x0
7896 : 0x16f754f56bf0 : 4 : pytrace_try_probe_python_functions :  Python version is detected as == 0x0
7896 : 0x16f7550658ee : 4 : pytrace_try_probe_python_functions :  Python version is detected as == 0x0
7896 : 0x16f7559b1d28 : 4 : pytrace_try_probe_python_functions :  Python version is detected as == 0x0
7896 : 0x16f7561d044a : 4 : pytrace_try_probe_python_functions :  Python version is detected as == 0x0
7896 : 0x16f75680ff06 : 4 : pytrace_try_probe_python_functions :  Python version is detected as == 0x0
7896 : 0x16f75b1d8f3e : 4 : pytrace_try_probe_python_functions :  Python version is detected as == 0x0
7896 : 0x16f75b64ad5c : 4 : pytrace_try_probe_python_functions :  Python version is detected as == 0x0
7896 : 0x16f75b7a2ecc : 4 : pytrace_try_probe_python_functions :  Python version is detected as == 0x0
7896 : 0x16f75b9e764e : 4 : pytrace_try_probe_python_functions :  Python version is detected as == 0x0
7896 : 0x16f75be2bdc1 : 4 : pytrace_start_profiling :  [CALLED]
7896 : 0x16f75c3dbfd9 : 4 : pytrace_try_probe_python_functions :  Python version is detected as == 0x0
7896 : 0x16f75c4c154f : 4 : pytrace_try_probe_python_functions :  Python version is detected as == 0x0
7896 : 0x16f75c607953 : 4 : pytrace_try_probe_python_functions :  Python version is detected as == 0x0
7896 : 0x16f75c7d518f : 4 : pytrace_try_probe_python_functions :  Python version is detected as == 0x0
7896 : 0x16f75ca872dd : 4 : pytrace_try_probe_python_functions :  Python version is detected as == 0x0
7896 : 0x16f75cb94cbf : 4 : pytrace_try_probe_python_functions :  Python version is detected as == 0x0
7896 : 0x16f75cda2d1b : 4 : pytrace_try_probe_python_functions :  Python version is detected as == 0x0
7896 : 0x16f75cf0c1eb : 4 : pytrace_try_probe_python_functions :  Python version is detected as == 0x0
7896 : 0x16f75d06a9f9 : 4 : pytrace_try_probe_python_functions :  Python version is detected as == 0x0
7896 : 0x16f75d1df8c9 : 4 : pytrace_try_probe_python_functions :  Python version is detected as == 0x0
7896 : 0x16f75d369d21 : 4 : pytrace_try_probe_python_functions :  Python version is detected as == 0x0
7896 : 0x16f75d5363a5 : 4 : pytrace_try_probe_python_functions :  Python version is detected as == 0x0
7896 : 0x16f75d8917a4 : 4 : pytrace_try_probe_python_functions :  Python version is detected as == 0x0
7896 : 0x16f75db22ef8 : 4 : pytrace_try_probe_python_functions :  Python version is detected as == 0x0
7896 : 0x16f75e9f270a : 4 : pytrace_try_probe_python_functions :  Python version is detected as == 0x0
7896 : 0x16f75eb8455a : 4 : pytrace_try_probe_python_functions :  Python version is detected as == 0x0
7896 : 0x16f75f0c7df2 : 4 : pytrace_try_probe_python_functions :  Python version is detected as == 0x0
7896 : 0x16f7613a4501 : 4 : pytrace_try_probe_python_functions :  Python version is detected as == 0x0
7896 : 0x16f7614ddc63 : 4 : pytrace_try_probe_python_functions :  Python version is detected as == 0x0
7896 : 0x16f7615cdbf7 : 4 : pytrace_try_probe_python_functions :  Python version is detected as == 0x0
7896 : 0x16f7616ca7b3 : 4 : pytrace_try_probe_python_functions :  Python version is detected as == 0x0
7896 : 0x16f7617b1dd9 : 4 : pytrace_try_probe_python_functions :  Python version is detected as == 0x0
7896 : 0x16f761a198e1 : 4 : pytrace_try_probe_python_functions :  Python version is detected as == 0x0
7896 : 0x16f761b72ac1 : 4 : pytrace_try_probe_python_functions :  Python version is detected as == 0x0
7896 : 0x16f761c54827 : 4 : pytrace_try_probe_python_functions :  Python version is detected as == 0x0
7896 : 0x16f761d43573 : 4 : pytrace_try_probe_python_functions :  Python version is detected as == 0x0
7896 : 0x16f76233b831 : 4 : pytrace_try_probe_python_functions :  Python version is detected as == 0x0
7896 : 0x16f7625aac7f : 4 : pytrace_try_probe_python_functions :  Python version is detected as == 0x0
7896 : 0x16f7626df8fd : 4 : pytrace_try_probe_python_functions :  Python version is detected as == 0x0
7896 : 0x16f7627fc3c3 : 4 : pytrace_try_probe_python_functions :  Python version is detected as == 0x0
7896 : 0x16f76296c269 : 4 : pytrace_try_probe_python_functions :  Python version is detected as == 0x0
7896 : 0x16f762b516b3 : 4 : pytrace_try_probe_python_functions :  Python version is detected as == 0x0
7896 : 0x16f762c4f0a3 : 4 : pytrace_try_probe_python_functions :  Python version is detected as == 0x0
7896 : 0x16f762e301e1 : 4 : pytrace_try_probe_python_functions :  Python version is detected as == 0x0
7896 : 0x16f762f4d0ef : 4 : pytrace_try_probe_python_functions :  Python version is detected as == 0x0
7896 : 0x16f7630c0667 : 4 : pytrace_try_probe_python_functions :  Python version is detected as == 0x0
7896 : 0x16f76343f2ef : 4 : pytrace_try_probe_python_functions :  Python version is detected as == 0x0
7896 : 0x16f7635ca7c9 : 4 : pytrace_try_probe_python_functions :  Python version is detected as == 0x0
7896 : 0x16f763720f2b : 4 : pytrace_try_probe_python_functions :  Python version is detected as == 0x0
7896 : 0x16f763904f5f : 4 : pytrace_try_probe_python_functions :  Python version is detected as == 0x0
7896 : 0x16f763b2f361 : 4 : pytrace_try_probe_python_functions :  Python version is detected as == 0x0
7896 : 0x16f763d43207 : 4 : pytrace_try_probe_python_functions :  Python version is detected as == 0x0
7896 : 0x16f76428c96d : 4 : pytrace_try_probe_python_functions :  Python version is detected as == 0x0
7896 : 0x16f76445b1cf : 4 : pytrace_try_probe_python_functions :  Python version is detected as == 0x0
7896 : 0x16f76459c751 : 4 : pytrace_try_probe_python_functions :  Python version is detected as == 0x0
7896 : 0x16f772061e29 : 4 : pytrace_try_probe_python_functions :  Python version is detected as == 0x0
7896 : 0x16f772296f3d : 4 : pytrace_try_probe_python_functions :  Python version is detected as == 0x0
7896 : 0x16f772424d27 : 4 : pytrace_try_probe_python_functions :  Python version is detected as == 0x0
7896 : 0x16f7801e1abe : 4 : pytrace_try_probe_python_functions :  Python version is detected as == 0x0
7896 : 0x16f78032a87c : 4 : pytrace_try_probe_python_functions :  Python version is detected as == 0x0
7896 : 0x16f780496e6c : 4 : pytrace_try_probe_python_functions :  Python version is detected as == 0x0
7896 : 0x16f780622e58 : 4 : pytrace_try_probe_python_functions :  Python version is detected as == 0x0
7896 : 0x16f780834905 : 4 : pytrace_try_probe_python_functions :  Python version is detected as == 0x0
7896 : 0x16f780aa17e3 : 4 : pytrace_try_probe_python_functions :  Python version is detected as == 0x0
7896 : 0x16f780c4250d : 4 : pytrace_try_probe_python_functions :  Python version is detected as == 0x0
7896 : 0x16f780cffea1 : 4 : pytrace_try_probe_python_functions :  Python version is detected as == 0x0
7896 : 0x16f780f38fed : 4 : pytrace_try_probe_python_functions :  Python version is detected as == 0x0
7896 : 0x16f781090f97 : 4 : pytrace_try_probe_python_functions :  Python version is detected as == 0x0
7896 : 0x16f7811b76b7 : 4 : pytrace_try_probe_python_functions :  Python version is detected as == 0x0
7896 : 0x16f781402597 : 4 : pytrace_try_probe_python_functions :  Python version is detected as == 0x0
7896 : 0x16f781574cd1 : 4 : pytrace_try_probe_python_functions :  Python version is detected as == 0x0
7896 : 0x16f7816ea60d : 4 : pytrace_try_probe_python_functions :  Python version is detected as == 0x0
7896 : 0x16fb3c678faf : 4 : pytrace_stop_profiling :  [CALLED]
7896 : 0x16fb3c683243 : 3 : logger_fini :  LOG FILE CLOSED (by collectunits.logger)