
7209 : 0x16b054fac74e : 3 : logger_init :  LOG FILE OPENED (by collectunits.logger), level: 4
7209 : 0x16b05bb693bd : 4 : pytrace_try_probe_python_functions :  Python version is detected as == 0x0
7209 : 0x16b05c058fc6 : 4 : pytrace_try_probe_python_functions :  Python version is detected as == 0x0
7209 : 0x16b05d576a7e : 4 : pytrace_try_probe_python_functions :  Python version is detected as == 0x0
7209 : 0x16b05d833ea2 : 4 : pytrace_try_probe_python_functions :  Python version is detected as == 0x0
7209 : 0x16b05e54f016 : 4 : pytrace_try_probe_python_functions :  Python version is detected as == 0x0
7209 : 0x16b0823d00c1 : 4 : pytrace_try_probe_python_functions :  Python version is detected as == 0x0
7209 : 0x16b082ca5ef3 : 4 : pytrace_try_probe_python_functions :  Python version is detected as == 0x0
7209 : 0x16b083422bcd : 4 : pytrace_try_probe_python_functions :  Python version is detected as == 0x0
7209 : 0x16b08de62911 : 4 : pytrace_try_probe_python_functions :  Python version is detected as == 0x0
7209 : 0x16b08e17a027 : 4 : pytrace_try_probe_python_functions :  Python version is detected as == 0x0
7209 : 0x16b08e245d45 : 4 : pytrace_try_probe_python_functions :  Python version is detected as == 0x0
7209 : 0x16b08e989599 : 4 : pytrace_try_probe_python_functions :  Python version is detected as == 0x0
7209 : 0x16b08f3f7d13 : 4 : pytrace_try_probe_python_functions :  Python version is detected as == 0x0
7209 : 0x16b08fbda7e1 : 4 : pytrace_try_probe_python_functions :  Python version is detected as == 0x0
7209 : 0x16b09360a333 : 4 : pytrace_try_probe_python_functions :  Python version is detected as == 0x0
7209 : 0x16b0939469bd : 4 : pytrace_try_probe_python_functions :  Python version is detected as == 0x0
7209 : 0x16b093a21cf9 : 4 : pytrace_try_probe_python_functions :  Python version is detected as == 0x0
7209 : 0x16b093b82409 : 4 : pytrace_try_probe_python_functions :  Python version is detected as == 0x0
7209 : 0x16b093f9644c : 4 : pytrace_start_profiling :  [CALLED]
7209 : 0x16b0948ce527 : 4 : pytrace_try_probe_python_functions :  Python version is detected as == 0x0
7209 : 0x16b094a2a06f : 4 : pytrace_try_probe_python_functions :  Python version is detected as == 0x0
7209 : 0x16b094b4f45b : 4 : pytrace_try_probe_python_functions :  Python version is detected as == 0x0
7209 : 0x16b094d25af1 : 4 : pytrace_try_probe_python_functions :  Python version is detected as == 0x0
7209 : 0x16b094fae383 : 4 : pytrace_try_probe_python_functions :  Python version is detected as == 0x0
7209 : 0x16b0950adbb7 : 4 : pytrace_try_probe_python_functions :  Python version is detected as == 0x0
7209 : 0x16b09526615f : 4 : pytrace_try_probe_python_functions :  Python version is detected as == 0x0
7209 : 0x16b095339a5b : 4 : pytrace_try_probe_python_functions :  Python version is detected as == 0x0
7209 : 0x16b095448b95 : 4 : pytrace_try_probe_python_functions :  Python version is detected as == 0x0
7209 : 0x16b09558af61 : 4 : pytrace_try_probe_python_functions :  Python version is detected as == 0x0
7209 : 0x16b0956c4687 : 4 : pytrace_try_probe_python_functions :  Python version is detected as == 0x0
7209 : 0x16b09581c6a5 : 4 : pytrace_try_probe_python_functions :  Python version is detected as == 0x0
7209 : 0x16b095a5395c : 4 : pytrace_try_probe_python_functions :  Python version is detected as == 0x0
7209 : 0x16b095ca9c82 : 4 : pytrace_try_probe_python_functions :  Python version is detected as == 0x0
7209 : 0x16b0967fa3f0 : 4 : pytrace_try_probe_python_functions :  Python version is detected as == 0x0
7209 : 0x16b096940f24 : 4 : pytrace_try_probe_python_functions :  Python version is detected as == 0x0
7209 : 0x16b096d2215d : 4 : pytrace_try_probe_python_functions :  Python version is detected as == 0x0
7209 : 0x16b099b3754b : 4 : pytrace_try_probe_python_functions :  Python version is detected as == 0x0
7209 : 0x16b099c3267f : 4 : pytrace_try_probe_python_functions :  Python version is detected as == 0x0
7209 : 0x16b099d127e9 : 4 : pytrace_try_probe_python_functions :  Python version is detected as == 0x0
7209 : 0x16b099e11749 : 4 : pytrace_try_probe_python_functions :  Python version is detected as == 0x0
7209 : 0x16b099f3844b : 4 : pytrace_try_probe_python_functions :  Python version is detected as == 0x0
7209 : 0x16b09a17d015 : 4 : pytrace_try_probe_python_functions :  Python version is detected as == 0x0
7209 : 0x16b09a262269 : 4 : pytrace_try_probe_python_functions :  Python version is detected as == 0x0
7209 : 0x16b09a34f23d : 4 : pytrace_try_probe_python_functions :  Python version is detected as == 0x0
7209 : 0x16b09a46c7d9 : 4 : pytrace_try_probe_python_functions :  Python version is detected as == 0x0
7209 : 0x16b09aa25332 : 4 : pytrace_try_probe_python_functions :  Python version is detected as == 0x0
7209 : 0x16b09abcf0b2 : 4 : pytrace_try_probe_python_functions :  Python version is detected as == 0x0
7209 : 0x16b09ad223d0 : 4 : pytrace_try_probe_python_functions :  Python version is detected as == 0x0
7209 : 0x16b09ae5455e : 4 : pytrace_try_probe_python_functions :  Python version is detected as == 0x0
7209 : 0x16b09b0631fb : 4 : pytrace_try_probe_python_functions :  Python version is detected as == 0x0
7209 : 0x16b09b30633a : 4 : pytrace_try_probe_python_functions :  Python version is detected as == 0x0
7209 : 0x16b09b527dfd : 4 : pytrace_try_probe_python_functions :  Python version is detected as == 0x0
7209 : 0x16b09b7c5319 : 4 : pytrace_try_probe_python_functions :  Python version is detected as == 0x0
7209 : 0x16b09b8ed671 : 4 : pytrace_try_probe_python_functions :  Python version is detected as == 0x0
7209 : 0x16b09ba81c17 : 4 : pytrace_try_probe_python_functions :  Python version is detected as == 0x0
7209 : 0x16b09beb93e6 : 4 : pytrace_try_probe_python_functions :  Python version is detected as == 0x0
7209 : 0x16b09c06a25a : 4 : pytrace_try_probe_python_functions :  Python version is detected as == 0x0
7209 : 0x16b09c199d14 : 4 : pytrace_try_probe_python_functions :  Python version is detected as == 0x0
7209 : 0x16b09c3c2e82 : 4 : pytrace_try_probe_python_functions :  Python version is detected as == 0x0
7209 : 0x16b09c60ad9c : 4 : pytrace_try_probe_python_functions :  Python version is detected as == 0x0
7209 : 0x16b09c85d6dc : 4 : pytrace_try_probe_python_functions :  Python version is detected as == 0x0
7209 : 0x16b09ce5cb56 : 4 : pytrace_try_probe_python_functions :  Python version is detected as == 0x0
7209 : 0x16b09cfc3cc0 : 4 : pytrace_try_probe_python_functions :  Python version is detected as == 0x0
7209 : 0x16b09d0cfffa : 4 : pytrace_try_probe_python_functions :  Python version is detected as == 0x0
7209 : 0x16b0aacc64ca : 4 : pytrace_try_probe_python_functions :  Python version is detected as == 0x0
7209 : 0x16b0ab1aa816 : 4 : pytrace_try_probe_python_functions :  Python version is detected as == 0x0
7209 : 0x16b0ab6016a1 : 4 : pytrace_try_probe_python_functions :  Python version is detected as == 0x0
7209 : 0x16b0b9647d81 : 4 : pytrace_try_probe_python_functions :  Python version is detected as == 0x0
7209 : 0x16b0b97807c3 : 4 : pytrace_try_probe_python_functions :  Python version is detected as == 0x0
7209 : 0x16b0b9900b2d : 4 : pytrace_try_probe_python_functions :  Python version is detected as == 0x0
7209 : 0x16b0b9a7a9e5 : 4 : pytrace_try_probe_python_functions :  Python version is detected as == 0x0
7209 : 0x16b0b9bb4c73 : 4 : pytrace_try_probe_python_functions :  Python version is detected as == 0x0
7209 : 0x16b0b9d3f581 : 4 : pytrace_try_probe_python_functions :  Python version is detected as == 0x0
7209 : 0x16b0b9ecefcf : 4 : pytrace_try_probe_python_functions :  Python version is detected as == 0x0
7209 : 0x16b0b9fbb457 : 4 : pytrace_try_probe_python_functions :  Python version is detected as == 0x0
7209 : 0x16b0ba1ccf49 : 4 : pytrace_try_probe_python_functions :  Python version is detected as == 0x0
7209 : 0x16b0ba31b819 : 4 : pytrace_try_probe_python_functions :  Python version is detected as == 0x0
7209 : 0x16b0ba467235 : 4 : pytrace_try_probe_python_functions :  Python version is detected as == 0x0
7209 : 0x16b0ba6ebce7 : 4 : pytrace_try_probe_python_functions :  Python version is detected as == 0x0
7209 : 0x16b0ba8bdb9d : 4 : pytrace_try_probe_python_functions :  Python version is detected as == 0x0
7209 : 0x16b0baa4a829 : 4 : pytrace_try_probe_python_functions :  Python version is detected as == 0x0
7209 : 0x16b345f84909 : 4 : pytrace_stop_profiling :  [CALLED]
7209 : 0x16b345f8fab9 : 3 : logger_fini :  LOG FILE CLOSED (by collectunits.logger)