
9256 : 0x17c58d844815 : 3 : logger_init :  LOG FILE OPENED (by collectunits.logger), level: 4
9256 : 0x17c5932b018f : 4 : pytrace_try_probe_python_functions :  Python version is detected as == 0x0
9256 : 0x17c5939dfbbf : 4 : pytrace_try_probe_python_functions :  Python version is detected as == 0x0
9256 : 0x17c5950a175f : 4 : pytrace_try_probe_python_functions :  Python version is detected as == 0x0
9256 : 0x17c59533a373 : 4 : pytrace_try_probe_python_functions :  Python version is detected as == 0x0
9256 : 0x17c595f2deb3 : 4 : pytrace_try_probe_python_functions :  Python version is detected as == 0x0
9256 : 0x17c5ae9ada35 : 4 : pytrace_try_probe_python_functions :  Python version is detected as == 0x0
9256 : 0x17c5af04b881 : 4 : pytrace_try_probe_python_functions :  Python version is detected as == 0x0
9256 : 0x17c5af31e97b : 4 : pytrace_try_probe_python_functions :  Python version is detected as == 0x0
9256 : 0x17c5b44925a3 : 4 : pytrace_try_probe_python_functions :  Python version is detected as == 0x0
9256 : 0x17c5b46e04ef : 4 : pytrace_try_probe_python_functions :  Python version is detected as == 0x0
9256 : 0x17c5b47b423b : 4 : pytrace_try_probe_python_functions :  Python version is detected as == 0x0
9256 : 0x17c5b4fb6a40 : 4 : pytrace_try_probe_python_functions :  Python version is detected as == 0x0
9256 : 0x17c5b5707d82 : 4 : pytrace_try_probe_python_functions :  Python version is detected as == 0x0
9256 : 0x17c5b5dc1ba0 : 4 : pytrace_try_probe_python_functions :  Python version is detected as == 0x0
9256 : 0x17c5b94c11ea : 4 : pytrace_try_probe_python_functions :  Python version is detected as == 0x0
9256 : 0x17c5b98a7a38 : 4 : pytrace_try_probe_python_functions :  Python version is detected as == 0x0
9256 : 0x17c5b9975cc6 : 4 : pytrace_try_probe_python_functions :  Python version is detected as == 0x0
9256 : 0x17c5b9ad4b10 : 4 : pytrace_try_probe_python_functions :  Python version is detected as == 0x0
9256 : 0x17c5b9e51638 : 4 : pytrace_start_profiling :  [CALLED]
9256 : 0x17c5ba3ff13a : 4 : pytrace_try_probe_python_functions :  Python version is detected as == 0x0
9256 : 0x17c5ba4c6c34 : 4 : pytrace_try_probe_python_functions :  Python version is detected as == 0x0
9256 : 0x17c5ba5d7d06 : 4 : pytrace_try_probe_python_functions :  Python version is detected as == 0x0
9256 : 0x17c5ba793456 : 4 : pytrace_try_probe_python_functions :  Python version is detected as == 0x0
9256 : 0x17c5ba9da6c0 : 4 : pytrace_try_probe_python_functions :  Python version is detected as == 0x0
9256 : 0x17c5baabccf4 : 4 : pytrace_try_probe_python_functions :  Python version is detected as == 0x0
9256 : 0x17c5bacca7f0 : 4 : pytrace_try_probe_python_functions :  Python version is detected as == 0x0
9256 : 0x17c5bad9af88 : 4 : pytrace_try_probe_python_functions :  Python version is detected as == 0x0
9256 : 0x17c5bae75c36 : 4 : pytrace_try_probe_python_functions :  Python version is detected as == 0x0
9256 : 0x17c5baf79f9a : 4 : pytrace_try_probe_python_functions :  Python version is detected as == 0x0
9256 : 0x17c5bb05096e : 4 : pytrace_try_probe_python_functions :  Python version is detected as == 0x0
9256 : 0x17c5bb16392a : 4 : pytrace_try_probe_python_functions :  Python version is detected as == 0x0
9256 : 0x17c5bb36d04e : 4 : pytrace_try_probe_python_functions :  Python version is detected as == 0x0
9256 : 0x17c5bb5a8c9a : 4 : pytrace_try_probe_python_functions :  Python version is detected as == 0x0
9256 : 0x17c5bc0df7fe : 4 : pytrace_try_probe_python_functions :  Python version is detected as == 0x0
9256 : 0x17c5bc2269c4 : 4 : pytrace_try_probe_python_functions :  Python version is detected as == 0x0
9256 : 0x17c5bc62192c : 4 : pytrace_try_probe_python_functions :  Python version is detected as == 0x0
9256 : 0x17c5bde50509 : 4 : pytrace_try_probe_python_functions :  Python version is detected as == 0x0
9256 : 0x17c5bdf60e63 : 4 : pytrace_try_probe_python_functions :  Python version is detected as == 0x0
9256 : 0x17c5be06b917 : 4 : pytrace_try_probe_python_functions :  Python version is detected as == 0x0
9256 : 0x17c5be1868c3 : 4 : pytrace_try_probe_python_functions :  Python version is detected as == 0x0
9256 : 0x17c5be28faf9 : 4 : pytrace_try_probe_python_functions :  Python version is detected as == 0x0
9256 : 0x17c5be497101 : 4 : pytrace_try_probe_python_functions :  Python version is detected as == 0x0
9256 : 0x17c5be57130d : 4 : pytrace_try_probe_python_functions :  Python version is detected as == 0x0
9256 : 0x17c5be65c6df : 4 : pytrace_try_probe_python_functions :  Python version is detected as == 0x0
9256 : 0x17c5be744aa3 : 4 : pytrace_try_probe_python_functions :  Python version is detected as == 0x0
9256 : 0x17c5bec42eda : 4 : pytrace_try_probe_python_functions :  Python version is detected as == 0x0
9256 : 0x17c5bee34044 : 4 : pytrace_try_probe_python_functions :  Python version is detected as == 0x0
9256 : 0x17c5bef85dce : 4 : pytrace_try_probe_python_functions :  Python version is detected as == 0x0
9256 : 0x17c5bf138f64 : 4 : pytrace_try_probe_python_functions :  Python version is detected as == 0x0
9256 : 0x17c5bf327c60 : 4 : pytrace_try_probe_python_functions :  Python version is detected as == 0x0
9256 : 0x17c5bf5872b0 : 4 : pytrace_try_probe_python_functions :  Python version is detected as == 0x0
9256 : 0x17c5bf786b7a : 4 : pytrace_try_probe_python_functions :  Python version is detected as == 0x0
9256 : 0x17c5bf9d4cb2 : 4 : pytrace_try_probe_python_functions :  Python version is detected as == 0x0
9256 : 0x17c5bfb55c48 : 4 : pytrace_try_probe_python_functions :  Python version is detected as == 0x0
9256 : 0x17c5bfd90f8c : 4 : pytrace_try_probe_python_functions :  Python version is detected as == 0x0
9256 : 0x17c5c016295e : 4 : pytrace_try_probe_python_functions :  Python version is detected as == 0x0
9256 : 0x17c5c031cb98 : 4 : pytrace_try_probe_python_functions :  Python version is detected as == 0x0
9256 : 0x17c5c045b9ac : 4 : pytrace_try_probe_python_functions :  Python version is detected as == 0x0
9256 : 0x17c5c0624bfc : 4 : pytrace_try_probe_python_functions :  Python version is detected as == 0x0
9256 : 0x17c5c083ac9c : 4 : pytrace_try_probe_python_functions :  Python version is detected as == 0x0
9256 : 0x17c5c0a3cdbc : 4 : pytrace_try_probe_python_functions :  Python version is detected as == 0x0
9256 : 0x17c5c10ad45e : 4 : pytrace_try_probe_python_functions :  Python version is detected as == 0x0
9256 : 0x17c5c1210b66 : 4 : pytrace_try_probe_python_functions :  Python version is detected as == 0x0
9256 : 0x17c5c151bd58 : 4 : pytrace_try_probe_python_functions :  Python version is detected as == 0x0
9256 : 0x17c5cefa49cd : 4 : pytrace_try_probe_python_functions :  Python version is detected as == 0x0
9256 : 0x17c5cf223e5f : 4 : pytrace_try_probe_python_functions :  Python version is detected as == 0x0
9256 : 0x17c5cf3db42f : 4 : pytrace_try_probe_python_functions :  Python version is detected as == 0x0
9256 : 0x17c5dd19532a : 4 : pytrace_try_probe_python_functions :  Python version is detected as == 0x0
9256 : 0x17c5dd2cf452 : 4 : pytrace_try_probe_python_functions :  Python version is detected as == 0x0
9256 : 0x17c5dd43204a : 4 : pytrace_try_probe_python_functions :  Python version is detected as == 0x0
9256 : 0x17c5dd59d56c : 4 : pytrace_try_probe_python_functions :  Python version is detected as == 0x0
9256 : 0x17c5dd6f2a76 : 4 : pytrace_try_probe_python_functions :  Python version is detected as == 0x0
9256 : 0x17c5dd86f778 : 4 : pytrace_try_probe_python_functions :  Python version is detected as == 0x0
9256 : 0x17c5dd9cf802 : 4 : pytrace_try_probe_python_functions :  Python version is detected as == 0x0
9256 : 0x17c5dda96ca4 : 4 : pytrace_try_probe_python_functions :  Python version is detected as == 0x0
9256 : 0x17c5ddc7308c : 4 : pytrace_try_probe_python_functions :  Python version is detected as == 0x0
9256 : 0x17c5dddabb04 : 4 : pytrace_try_probe_python_functions :  Python version is detected as == 0x0
9256 : 0x17c5ddf2e8c9 : 4 : pytrace_try_probe_python_functions :  Python version is detected as == 0x0
9256 : 0x17c5de16827f : 4 : pytrace_try_probe_python_functions :  Python version is detected as == 0x0
9256 : 0x17c5de2dd43d : 4 : pytrace_try_probe_python_functions :  Python version is detected as == 0x0
9256 : 0x17c5de4631a7 : 4 : pytrace_try_probe_python_functions :  Python version is detected as == 0x0
9256 : 0x17c925a75e58 : 4 : pytrace_stop_profiling :  [CALLED]
9256 : 0x17c925a8475a : 3 : logger_fini :  LOG FILE CLOSED (by collectunits.logger)