3 [140249123772736] INFO perfrun.launcher <> - Launcher main begin
3 [140249123772736] INFO perfrun.launcher <> - MessageCatalogInit finished
4 [140249123772736] INFO perfrun.launcher <> - Launcher instance created
4 [140249123772736] INFO perfrun.launcher <> - argc = 6; cmdline = /opt/intel/oneapi/vtune/2025.3/bin64/amplxe-runss -dump-vdso -r /tmp/amplxe-tmp-azfar/amplxe-res-8768-25858757884298 --tmp-dir /tmp/amplxe-tmp-azfar 
33 [140249123772736] INFO perfrun.perfcollector <> - SEP tool path: /opt/intel/oneapi/vtune/2025.3/bin64/sep
48 [140249123772736] INFO perfrun.launcher <> - create msngr2::ICliToolContext
49 [140249123772736] INFO perfrun.launcher <> - create file finder object
50 [140248963081920] INFO perfrun.launcher <> - plugin [remoteplug] was disabled because it doesn't support the given collection type.
50 [140248963081920] INFO perfrun.launcher <> - plugin [system] was disabled because it doesn't support the given collection type.
50 [140248963081920] INFO perfrun.vdso <> - dumping [vdso] pseudomodule
51 [140248963081920] INFO perfrun.launcher <> - plugin [itt] was disabled because it doesn't support the given collection type.
52 [140248963081920] INFO perfrun.launcher <> - plugin [ptracecollector] was disabled because it doesn't support the given collection type.
52 [140248963081920] INFO perfrun.launcher <> - plugin [gpu] was disabled because it doesn't support the given collection type.
52 [140248963081920] INFO perfrun.launcher <> - plugin [] was disabled because it doesn't support the given collection type.
52 [140248963081920] INFO perfrun.launcher <> - plugin [] was disabled because it doesn't support the given collection type.
52 [140248963081920] INFO perfrun.launcher <> - plugin [] was disabled because it doesn't support the given collection type.
52 [140248963081920] INFO perfrun.launcher <> - plugin [mrte] was disabled because it doesn't support the given collection type.
53 [140248963081920] INFO perfrun.launcher <> - plugin [emon] was disabled because it doesn't support the given collection type.
53 [140248963081920] INFO perfrun.launcher <> - plugin [cuscol] was disabled because it doesn't support the given collection type.
53 [140248963081920] INFO perfrun.launcher <> - plugin [stdsrc] was disabled because it doesn't support the given collection type.
53 [140248963081920] INFO perfrun.launcher <> - plugin [sep] was disabled because it doesn't support the given collection type.
53 [140248963081920] INFO perfrun.launcher <> - plugin [vtsspp] was disabled because it doesn't support the given collection type.
53 [140248963081920] INFO perfrun.launcher <> - plugin [perf] was disabled because it doesn't support the given collection type.
53 [140248963081920] INFO perfrun.launcher <> - plugin [aoclprofile] was disabled because it doesn't support the given collection type.
54 [140248963081920] INFO perfrun.launcher <> - plugin [tpss] was disabled because it doesn't support the given collection type.
54 [140248963081920] INFO perfrun.launcher <> - plugin [media] was disabled because it doesn't support the given collection type.
54 [140248963081920] INFO perfrun.launcher <> - plugin [] was disabled because it doesn't support the given collection type.
54 [140248963081920] INFO perfrun.launcher <> - plugin [] was disabled because it doesn't support the given collection type.
54 [140248963081920] INFO perfrun.launcher <> - plugin [parallelfs] was disabled because it doesn't support the given collection type.
54 [140248963081920] INFO perfrun.launcher <> - plugin [power] was disabled because it doesn't support the given collection type.
54 [140248963081920] INFO perfrun.launcher <> - plugin [] was disabled because it doesn't support the given collection type.
55 [140248963081920] INFO perfrun.launcher <> - plugin [] was disabled because it doesn't support the given collection type.
55 [140248963081920] INFO perfrun.launcher <> - plugin [] was disabled because it doesn't support the given collection type.
55 [140248963081920] INFO perfrun.launcher <> - plugin [l0_metrics] was disabled because it doesn't support the given collection type.
55 [140248963081920] INFO perfrun.launcher <> - plugin [stall_reasons] was disabled because it doesn't support the given collection type.
55 [140249123772736] INFO perfrun.launcher <> - Application exit code: 0
55 [140249123772736] INFO perfrun.launcher <> - Exit code: 0
