3 [140516776123520] INFO perfrun.launcher <> - Launcher main begin
4 [140516776123520] INFO perfrun.launcher <> - MessageCatalogInit finished
4 [140516776123520] INFO perfrun.launcher <> - Launcher instance created
4 [140516776123520] INFO perfrun.launcher <> - argc = 7; cmdline = /opt/intel/oneapi/vtune/2025.3/bin64/amplxe-runss --ui-output-format xml --ui-output-fd 5 --option-file /mnt/d/Semester 6/pdc/pdc_project/i221033_i220950_A_PDC_Project/vtune_hotspots312.DESKTOP-GRRJ2VV/config/runss.options.2 
37 [140516776123520] INFO perfrun.perfcollector <> - SEP tool path: /opt/intel/oneapi/vtune/2025.3/bin64/sep
62 [140516776123520] INFO perfrun.launcher <> - create msngr2::ICliToolContext
62 [140516776123520] INFO perfrun.launcher <> - create file finder object
63 [140516776123520] INFO perfrun.launcher <> - create a result directory: pattern = /mnt/d/Semester 6/pdc/pdc_project/i221033_i220950_A_PDC_Project/vtune_hotspots312.DESKTOP-GRRJ2VV pid = 4294967295
76 [140516776123520] INFO perfrun.sdk <> - checked that the directory /mnt/d/Semester 6/pdc/pdc_project/i221033_i220950_A_PDC_Project/vtune_hotspots312.DESKTOP-GRRJ2VV is a local directory
76 [140516776123520] INFO perfrun.sdk <> - the directory /mnt/d/Semester 6/pdc/pdc_project/i221033_i220950_A_PDC_Project/vtune_hotspots312.DESKTOP-GRRJ2VV is located on a share or its FS ID is unknown 16914839
76 [140516776123520] INFO perfrun.sdk <> - checked that the directory /tmp/amplxe-tmp-azfar is a local directory
76 [140516776123520] INFO perfrun.sdk <> - the directory /tmp/amplxe-tmp-azfar is a local directory with FS type ID 61267
77 [140516776123520] INFO perfrun.launcher <> - Create a local result directory /tmp/amplxe-tmp-azfar/amplxe-res-8773-25858846399156 due to the user result path /mnt/d/Semester 6/pdc/pdc_project/i221033_i220950_A_PDC_Project/vtune_hotspots312.DESKTOP-GRRJ2VV is located on a share
78 [140516776123520] INFO perfrun.launcher <> - create data directory = /tmp/amplxe-tmp-azfar/amplxe-res-8773-25858846399156/data.0
84 [140516776123520] INFO perfrun.launcher <> - create data directory = /mnt/d/Semester 6/pdc/pdc_project/i221033_i220950_A_PDC_Project/vtune_hotspots312.DESKTOP-GRRJ2VV/data.2
85 [140516776123520] INFO perfrun.launcher <> - Creating the master collection flag
86 [140516776123520] INFO perfrun.launcher <> - Done creating the master collection flag
86 [140516620494528] INFO perfrun.launcher <> - plugin [remoteplug] was disabled because it doesn't support the given collection type.
87 [140516620494528] INFO perfrun.sdk <> - Allocating TMU :/tmp/amplxe-tmp-azfar/amplxe-res-8773-25858846399156/data.0/systemcollector-8773-DESKTOP-GRRJ2VV.sc
87 [140516620494528] INFO perfrun.launcher <> - plugin [vdso] was disabled because it doesn't support the given collection type.
87 [140516620494528] INFO perfrun.launcher <> - plugin [ptracecollector] was disabled because it doesn't support the given collection type.
87 [140516620494528] INFO perfrun.launcher <> - plugin [gpu] was disabled because it doesn't support the given collection type.
88 [140516620494528] INFO perfrun.launcher <> - plugin [] was disabled because it doesn't support the given collection type.
88 [140516620494528] INFO perfrun.launcher <> - plugin [] was disabled because it doesn't support the given collection type.
88 [140516620494528] INFO perfrun.launcher <> - plugin [] was disabled because it doesn't support the given collection type.
88 [140516620494528] INFO perfrun.mrte <> - system-wide mode is 0
88 [140516620494528] INFO perfrun.mrte <> - Getting  mrte profiling environment ...
96 [140516620494528] INFO perfrun.mrte <> - INTEL_MRTE_DATA_DIR=/tmp/amplxe-tmp-azfar/amplxe-res-8773-25858846399156/data.0
96 [140516620494528] INFO perfrun.mrte <> - INTEL_MRTE_HOST_NAME=DESKTOP-GRRJ2VV
96 [140516620494528] INFO perfrun.mrte <> - JAVA_TOOL_OPTIONS=-agentlib:amplxe_samplingmrte_javaprof_1.0 -Dsun.boot.library.path=/opt/intel/oneapi/vtune/2025.3/lib32/runtime:/opt/intel/oneapi/vtune/2025.3/lib64/runtime
96 [140516620494528] INFO perfrun.mrte <> - LD_LIBRARY_PATH=/opt/intel/oneapi/vtune/2025.3/lib32/runtime:/opt/intel/oneapi/vtune/2025.3/lib64/runtime:/opt/intel/oneapi/tcm/1.3/lib:/opt/intel/oneapi/umf/0.10/lib:/opt/intel/oneapi/tbb/2022.1/env/../lib/intel64/gcc4.8:/opt/intel/oneapi/pti/0.12/lib:/opt/intel/oneapi/mkl/2025.1/lib:/opt/intel/oneapi/ipp/2022.1/lib:/opt/intel/oneapi/compiler/2025.1/opt/compiler/lib:/opt/intel/oneapi/compiler/2025.1/lib
96 [140516620494528] INFO perfrun.mrte <> - CORECLR_ENABLE_PROFILING=1
97 [140516620494528] INFO perfrun.mrte <> - CORECLR_PROFILER={AA5E4821-E3B1-479c-B7FF-5AD047D22CED}
97 [140516620494528] INFO perfrun.mrte <> - CORECLR_PROFILER_PATH=/opt/intel/oneapi/vtune/2025.3/lib64/libamplxe_samplingmrte_clrprof_1.0.so
97 [140516620494528] INFO perfrun.mrte <> - INTEL_MRTE_PROFILER_MODE=mixed
97 [140516620494528] INFO perfrun.mrte <> - Data directory: /tmp/amplxe-tmp-azfar/amplxe-res-8773-25858846399156/data.0
97 [140516620494528] INFO perfrun.mrte <> - Mrte plugin is initialized
97 [140516620494528] INFO perfrun.launcher <> - plugin [emon] was disabled because it doesn't support the given collection type.
98 [140516620494528] INFO perfrun.launcher <> - plugin [cuscol] was disabled because it doesn't support the given collection type.
98 [140516620494528] INFO perfrun.launcher <> - plugin [stdsrc] was disabled because it doesn't support the given collection type.
98 [140516620494528] INFO perfrun.launcher <> - plugin [sep] was disabled because it doesn't support the given collection type.
98 [140516620494528] INFO perfrun.launcher <> - plugin [vtsspp] was disabled because it doesn't support the given collection type.
98 [140516620494528] INFO perfrun.perfcollector <> - Platform type: 150
98 [140516620494528] INFO perfrun.sdk <> - Reading value (0) from file: /proc/sys/kernel/perf_event_paranoid
99 [140516620494528] INFO perfrun.perfcollector <> - checking access to: /opt/intel/oneapi/vtune/2025.3/bin64/amplxe-perf-priv
99 [140516620494528] INFO perfrun.perfcollector <> - dir found: /sys/bus/event_source/devices/software
99 [140516620494528] INFO perfrun.perfcollector <> - format: pmu format subdir doesn't exist
99 [140516620494528] INFO perfrun.perfcollector <> - hwInfo: not set, pmuFam: software
99 [140516620494528] INFO perfrun.perfcollector <> - pmu added: software, idx: 0
99 [140516620494528] INFO perfrun.perfcollector <> - dir found: /sys/bus/event_source/devices/uprobe
100 [140516620494528] INFO perfrun.perfcollector <> - format: ref_ctr_offset: config:32-63, mask:32-63
100 [140516620494528] INFO perfrun.perfcollector <> - format: retprobe: config:0, mask:0
100 [140516620494528] INFO perfrun.perfcollector <> - hwInfo: not set, pmuFam: uprobe
100 [140516620494528] INFO perfrun.perfcollector <> - pmu caps: raw,format
100 [140516620494528] INFO perfrun.perfcollector <> - pmu added: uprobe, idx: 0
100 [140516620494528] INFO perfrun.perfcollector <> - dir found: /sys/bus/event_source/devices/cpu
101 [140516620494528] INFO perfrun.perfcollector <> - format: event: config:0-7, mask:0-7
101 [140516620494528] INFO perfrun.perfcollector <> - format: pc: config:19, mask:19
101 [140516620494528] INFO perfrun.perfcollector <> - format: edge: config:18, mask:18
101 [140516620494528] INFO perfrun.perfcollector <> - format: any: config:21, mask:21
101 [140516620494528] INFO perfrun.perfcollector <> - format: offcore_rsp: config1:0-63, mask:0-63
101 [140516620494528] INFO perfrun.perfcollector <> - format: ldlat: config1:0-15, mask:0-15
102 [140516620494528] INFO perfrun.perfcollector <> - format: inv: config:23, mask:23
102 [140516620494528] INFO perfrun.perfcollector <> - format: umask: config:8-15, mask:8-15
102 [140516620494528] INFO perfrun.perfcollector <> - format: frontend: config1:0-23, mask:0-23
102 [140516620494528] INFO perfrun.perfcollector <> - format: cmask: config:24-31, mask:24-31
102 [140516620494528] INFO perfrun.perfcollector <> - hwInfo: PERF_CPU_PMU_DETAILS
102 [140516620494528] INFO perfrun.perfcollector <> - pmu caps: raw,format,events,ldlat,frontend,offcore_rsp
103 [140516620494528] INFO perfrun.perfcollector <> - pmu added: cpu, idx: 0
103 [140516620494528] INFO perfrun.perfcollector <> - dir found: /sys/bus/event_source/devices/breakpoint
103 [140516620494528] INFO perfrun.perfcollector <> - format: pmu format subdir doesn't exist
103 [140516620494528] INFO perfrun.perfcollector <> - hwInfo: not set, pmuFam: breakpoint
103 [140516620494528] INFO perfrun.perfcollector <> - pmu added: breakpoint, idx: 0
103 [140516620494528] INFO perfrun.perfcollector <> - dir found: /sys/bus/event_source/devices/tracepoint
104 [140516620494528] INFO perfrun.perfcollector <> - format: pmu format subdir doesn't exist
104 [140516620494528] INFO perfrun.perfcollector <> - hwInfo: not set, pmuFam: tracepoint
104 [140516620494528] INFO perfrun.perfcollector <> - pmu added: tracepoint, idx: 0
104 [140516620494528] INFO perfrun.perfcollector <> - dir found: /sys/bus/event_source/devices/kprobe
104 [140516620494528] INFO perfrun.perfcollector <> - format: retprobe: config:0, mask:0
104 [140516620494528] INFO perfrun.perfcollector <> - hwInfo: not set, pmuFam: kprobe
105 [140516620494528] INFO perfrun.perfcollector <> - pmu caps: raw,format
105 [140516620494528] INFO perfrun.perfcollector <> - pmu added: kprobe, idx: 0
105 [140516620494528] INFO perfrun.perfcollector <> - dir found: /sys/bus/event_source/devices/msr
105 [140516620494528] INFO perfrun.perfcollector <> - format: event: config:0-63, mask:0-63
105 [140516620494528] INFO perfrun.perfcollector <> - hwInfo: not set, pmuFam: msr
105 [140516620494528] INFO perfrun.perfcollector <> - pmu caps: raw,format,events
106 [140516620494528] INFO perfrun.perfcollector <> - pmu added: msr, idx: 0
106 [140516620494528] INFO perfrun.perfcollector <> - Perf tool path: /opt/intel/oneapi/vtune/2025.3/bin64/amplxe-perf
106 [140516620494528] INFO perfrun.perfcollector <> - Data directory: /tmp/amplxe-tmp-azfar/amplxe-res-8773-25858846399156/data.0
106 [140516620494528] INFO perfrun.perfcollector <> - Temp directory: /tmp/amplxe-tmp-azfar
106 [140516620494528] INFO perfrun.perfcollector <> - Perf sync path: /opt/intel/oneapi/vtune/2025.3/bin64/amplxe-perf-sync
107 [140516620494528] INFO perfrun.perfcollector <> - Hypervisor = Microsoft Hv
107 [140516620494528] INFO perfrun.perfcollector <> - Counting mode is requested
107 [140516620494528] INFO perfrun.perfcollector <> - Sample after multiplier: 1
107 [140516620494528] INFO perfrun.sdk <> - runCmd: /opt/intel/oneapi/vtune/2025.3/bin64/sep -dry-run -sam 1 -ec CPU_CLK_UNHALTED.THREAD,CPU_CLK_UNHALTED.REF_TSC:sample:sa=1800000,INST_RETIRED.ANY:sample:sa=1800000,CPU_CLK_UNHALTED.REF_XCLK,CPU_CLK_UNHALTED.ONE_THREAD_ACTIVE,FP_ARITH_INST_RETIRED.SCALAR_SINGLE,FP_ARITH_INST_RETIRED.128B_PACKED_SINGLE,FP_ARITH_INST_RETIRED.256B_PACKED_SINGLE,FP_ARITH_INST_RETIRED.SCALAR_DOUBLE,FP_ARITH_INST_RETIRED.128B_PACKED_DOUBLE,FP_ARITH_INST_RETIRED.256B_PACKED_DOUBLE,UOPS_EXECUTED.X87,UOPS_RETIRED.RETIRE_SLOTS:sample:sa=2000003,UOPS_EXECUTED.THREAD -experimental
108 [140516620494528] INFO perfrun.sdk <> - runCmd started PID 8781
116 [140516620494528] INFO perfrun.perfcollector <> - SepDryRun RC = true
116 [140516620494528] INFO perfrun.perfcollector <> - Loading SEP event configuration
117 [140516620494528] INFO perfrun.perfcollector <> - pmu: cpu
117 [140516620494528] INFO perfrun.perfcollector <> - group_id: 0
117 [140516620494528] INFO perfrun.perfcollector <> - event_id: 2: INST_RETIRED.ANY
117 [140516620494528] INFO perfrun.perfcollector <> - event_id: 0: CPU_CLK_UNHALTED.THREAD
117 [140516620494528] INFO perfrun.perfcollector <> - event_id: 1: CPU_CLK_UNHALTED.REF_TSC
118 [140516620494528] INFO perfrun.perfcollector <> - event_id: 3: CPU_CLK_UNHALTED.REF_XCLK
118 [140516620494528] INFO perfrun.perfcollector <> - event_id: 4: CPU_CLK_UNHALTED.ONE_THREAD_ACTIVE
118 [140516620494528] INFO perfrun.perfcollector <> - event_id: 5: FP_ARITH_INST_RETIRED.SCALAR_SINGLE
118 [140516620494528] INFO perfrun.perfcollector <> - event_id: 6: FP_ARITH_INST_RETIRED.128B_PACKED_SINGLE
118 [140516620494528] INFO perfrun.perfcollector <> - event_id: 3: cccr: addr: 186, value: 53013c
118 [140516620494528] INFO perfrun.perfcollector <> - event_id: 4: cccr: addr: 187, value: 53023c
119 [140516620494528] INFO perfrun.perfcollector <> - event_id: 5: cccr: addr: 188, value: 5302c7
119 [140516620494528] INFO perfrun.perfcollector <> - event_id: 6: cccr: addr: 189, value: 5308c7
119 [140516620494528] INFO perfrun.perfcollector <> - event_id: 2: data: addr: 309, value: ffffffffffe488c0
119 [140516620494528] INFO perfrun.perfcollector <> - event_id: 0: data: addr: 30a, value: ffffffffffe17b7d
119 [140516620494528] INFO perfrun.perfcollector <> - event_id: 1: data: addr: 30b, value: ffffffffffe488c0
119 [140516620494528] INFO perfrun.perfcollector <> - event_id: 3: data: addr: c1, value: ffffffffffff9e55
120 [140516620494528] INFO perfrun.perfcollector <> - event_id: 4: data: addr: c2, value: ffffffffffff9e55
120 [140516620494528] INFO perfrun.perfcollector <> - event_id: 5: data: addr: c3, value: ffffffffffe17b7d
120 [140516620494528] INFO perfrun.perfcollector <> - event_id: 6: data: addr: c4, value: ffffffffffe17b7d
120 [140516620494528] INFO perfrun.perfcollector <> - group_id: 1
120 [140516620494528] INFO perfrun.perfcollector <> - event_id: 2: INST_RETIRED.ANY
120 [140516620494528] INFO perfrun.perfcollector <> - event_id: 0: CPU_CLK_UNHALTED.THREAD
120 [140516620494528] INFO perfrun.perfcollector <> - event_id: 1: CPU_CLK_UNHALTED.REF_TSC
121 [140516620494528] INFO perfrun.perfcollector <> - event_id: 7: FP_ARITH_INST_RETIRED.256B_PACKED_SINGLE
121 [140516620494528] INFO perfrun.perfcollector <> - event_id: 8: FP_ARITH_INST_RETIRED.SCALAR_DOUBLE
121 [140516620494528] INFO perfrun.perfcollector <> - event_id: 9: FP_ARITH_INST_RETIRED.128B_PACKED_DOUBLE
121 [140516620494528] INFO perfrun.perfcollector <> - event_id: 10: FP_ARITH_INST_RETIRED.256B_PACKED_DOUBLE
121 [140516620494528] INFO perfrun.perfcollector <> - event_id: 7: cccr: addr: 186, value: 5320c7
121 [140516620494528] INFO perfrun.perfcollector <> - event_id: 8: cccr: addr: 187, value: 5301c7
122 [140516620494528] INFO perfrun.perfcollector <> - event_id: 9: cccr: addr: 188, value: 5304c7
122 [140516620494528] INFO perfrun.perfcollector <> - event_id: 10: cccr: addr: 189, value: 5310c7
122 [140516620494528] INFO perfrun.perfcollector <> - event_id: 2: data: addr: 309, value: ffffffffffe488c0
122 [140516620494528] INFO perfrun.perfcollector <> - event_id: 0: data: addr: 30a, value: ffffffffffe17b7d
122 [140516620494528] INFO perfrun.perfcollector <> - event_id: 1: data: addr: 30b, value: ffffffffffe488c0
122 [140516620494528] INFO perfrun.perfcollector <> - event_id: 7: data: addr: c1, value: ffffffffffe17b7d
123 [140516620494528] INFO perfrun.perfcollector <> - event_id: 8: data: addr: c2, value: ffffffffffe17b7d
123 [140516620494528] INFO perfrun.perfcollector <> - event_id: 9: data: addr: c3, value: ffffffffffe17b7d
123 [140516620494528] INFO perfrun.perfcollector <> - event_id: 10: data: addr: c4, value: ffffffffffe17b7d
123 [140516620494528] INFO perfrun.perfcollector <> - group_id: 2
123 [140516620494528] INFO perfrun.perfcollector <> - event_id: 2: INST_RETIRED.ANY
123 [140516620494528] INFO perfrun.perfcollector <> - event_id: 0: CPU_CLK_UNHALTED.THREAD
124 [140516620494528] INFO perfrun.perfcollector <> - event_id: 1: CPU_CLK_UNHALTED.REF_TSC
124 [140516620494528] INFO perfrun.perfcollector <> - event_id: 11: UOPS_EXECUTED.X87
124 [140516620494528] INFO perfrun.perfcollector <> - event_id: 12: UOPS_RETIRED.RETIRE_SLOTS
124 [140516620494528] INFO perfrun.perfcollector <> - event_id: 13: UOPS_EXECUTED.THREAD
124 [140516620494528] INFO perfrun.perfcollector <> - event_id: 11: cccr: addr: 186, value: 5310b1
125 [140516620494528] INFO perfrun.perfcollector <> - event_id: 12: cccr: addr: 187, value: 5302c2
125 [140516620494528] INFO perfrun.perfcollector <> - event_id: 13: cccr: addr: 188, value: 5301b1
125 [140516620494528] INFO perfrun.perfcollector <> - event_id: 2: data: addr: 309, value: ffffffffffe488c0
125 [140516620494528] INFO perfrun.perfcollector <> - event_id: 0: data: addr: 30a, value: ffffffffffe17b7d
125 [140516620494528] INFO perfrun.perfcollector <> - event_id: 1: data: addr: 30b, value: ffffffffffe488c0
125 [140516620494528] INFO perfrun.perfcollector <> - event_id: 11: data: addr: c1, value: ffffffffffe17b7d
126 [140516620494528] INFO perfrun.perfcollector <> - event_id: 12: data: addr: c2, value: ffffffffffe17b7d
126 [140516620494528] INFO perfrun.perfcollector <> - event_id: 13: data: addr: c3, value: ffffffffffe17b7d
126 [140516620494528] INFO perfrun.perfcollector <> - Converting events to Perf format
126 [140516620494528] INFO perfrun.perfcollector <> - event: 0: CPU_CLK_UNHALTED.THREAD
126 [140516620494528] INFO perfrun.perfcollector <> - cccr: addr: ffffffff, value: 0
126 [140516620494528] INFO perfrun.perfcollector <> - data: addr: 30a, value: ffffffffffe17b7d
126 [140516620494528] INFO perfrun.perfcollector <> - pmu config: cpu
127 [140516620494528] INFO perfrun.perfcollector <> - config: any: 0
127 [140516620494528] INFO perfrun.perfcollector <> - config: cmask: 0
127 [140516620494528] INFO perfrun.perfcollector <> - config: edge: 0
127 [140516620494528] INFO perfrun.perfcollector <> - config: event: 3c
127 [140516620494528] INFO perfrun.perfcollector <> - config1: frontend: 0
127 [140516620494528] INFO perfrun.perfcollector <> - config: inv: 0
128 [140516620494528] INFO perfrun.perfcollector <> - config1: ldlat: 0
128 [140516620494528] INFO perfrun.perfcollector <> - config1: offcore_rsp: 0
128 [140516620494528] INFO perfrun.perfcollector <> - config: pc: 0
128 [140516620494528] INFO perfrun.perfcollector <> - config: umask: 0
128 [140516620494528] INFO perfrun.perfcollector <> - format: cpu/event=0x3c,name='CPU_CLK_UNHALTED.THREAD'/D
128 [140516620494528] INFO perfrun.perfcollector <> - event: 1: CPU_CLK_UNHALTED.REF_TSC
129 [140516620494528] INFO perfrun.perfcollector <> - cccr: addr: ffffffff, value: 0
129 [140516620494528] INFO perfrun.perfcollector <> - data: addr: 30b, value: ffffffffffe488c0
129 [140516620494528] INFO perfrun.perfcollector <> - pmu config: cpu
129 [140516620494528] INFO perfrun.perfcollector <> - config: any: 0
129 [140516620494528] INFO perfrun.perfcollector <> - config: cmask: 0
129 [140516620494528] INFO perfrun.perfcollector <> - config: edge: 0
130 [140516620494528] INFO perfrun.perfcollector <> - config: event: 0
130 [140516620494528] INFO perfrun.perfcollector <> - config1: frontend: 0
130 [140516620494528] INFO perfrun.perfcollector <> - config: inv: 0
130 [140516620494528] INFO perfrun.perfcollector <> - config1: ldlat: 0
130 [140516620494528] INFO perfrun.perfcollector <> - config1: offcore_rsp: 0
131 [140516620494528] INFO perfrun.perfcollector <> - config: pc: 0
131 [140516620494528] INFO perfrun.perfcollector <> - config: umask: 3
131 [140516620494528] INFO perfrun.perfcollector <> - format: cpu/umask=0x3,name='CPU_CLK_UNHALTED.REF_TSC'/D
131 [140516620494528] INFO perfrun.perfcollector <> - event: 2: INST_RETIRED.ANY
131 [140516620494528] INFO perfrun.perfcollector <> - cccr: addr: ffffffff, value: 0
131 [140516620494528] INFO perfrun.perfcollector <> - data: addr: 309, value: ffffffffffe488c0
132 [140516620494528] INFO perfrun.perfcollector <> - pmu config: cpu
132 [140516620494528] INFO perfrun.perfcollector <> - config: any: 0
132 [140516620494528] INFO perfrun.perfcollector <> - config: cmask: 0
132 [140516620494528] INFO perfrun.perfcollector <> - config: edge: 0
132 [140516620494528] INFO perfrun.perfcollector <> - config: event: c0
132 [140516620494528] INFO perfrun.perfcollector <> - config1: frontend: 0
133 [140516620494528] INFO perfrun.perfcollector <> - config: inv: 0
133 [140516620494528] INFO perfrun.perfcollector <> - config1: ldlat: 0
133 [140516620494528] INFO perfrun.perfcollector <> - config1: offcore_rsp: 0
133 [140516620494528] INFO perfrun.perfcollector <> - config: pc: 0
133 [140516620494528] INFO perfrun.perfcollector <> - config: umask: 0
133 [140516620494528] INFO perfrun.perfcollector <> - format: cpu/event=0xc0,name='INST_RETIRED.ANY'/D
133 [140516620494528] INFO perfrun.perfcollector <> - event: 3: CPU_CLK_UNHALTED.REF_XCLK
134 [140516620494528] INFO perfrun.perfcollector <> - cccr: addr: 186, value: 53013c
134 [140516620494528] INFO perfrun.perfcollector <> - data: addr: c1, value: ffffffffffff9e55
134 [140516620494528] INFO perfrun.perfcollector <> - pmu config: cpu
134 [140516620494528] INFO perfrun.perfcollector <> - config: any: 0
134 [140516620494528] INFO perfrun.perfcollector <> - config: cmask: 0
134 [140516620494528] INFO perfrun.perfcollector <> - config: edge: 0
135 [140516620494528] INFO perfrun.perfcollector <> - config: event: 3c
135 [140516620494528] INFO perfrun.perfcollector <> - config1: frontend: 0
135 [140516620494528] INFO perfrun.perfcollector <> - config: inv: 0
135 [140516620494528] INFO perfrun.perfcollector <> - config1: ldlat: 0
135 [140516620494528] INFO perfrun.perfcollector <> - config1: offcore_rsp: 0
135 [140516620494528] INFO perfrun.perfcollector <> - config: pc: 0
135 [140516620494528] INFO perfrun.perfcollector <> - config: umask: 1
136 [140516620494528] INFO perfrun.perfcollector <> - format: cpu/event=0x3c,umask=0x1,name='CPU_CLK_UNHALTED.REF_XCLK'/
136 [140516620494528] INFO perfrun.perfcollector <> - event: 4: CPU_CLK_UNHALTED.ONE_THREAD_ACTIVE
136 [140516620494528] INFO perfrun.perfcollector <> - cccr: addr: 187, value: 53023c
136 [140516620494528] INFO perfrun.perfcollector <> - data: addr: c2, value: ffffffffffff9e55
136 [140516620494528] INFO perfrun.perfcollector <> - pmu config: cpu
136 [140516620494528] INFO perfrun.perfcollector <> - config: any: 0
136 [140516620494528] INFO perfrun.perfcollector <> - config: cmask: 0
137 [140516620494528] INFO perfrun.perfcollector <> - config: edge: 0
137 [140516620494528] INFO perfrun.perfcollector <> - config: event: 3c
137 [140516620494528] INFO perfrun.perfcollector <> - config1: frontend: 0
137 [140516620494528] INFO perfrun.perfcollector <> - config: inv: 0
137 [140516620494528] INFO perfrun.perfcollector <> - config1: ldlat: 0
137 [140516620494528] INFO perfrun.perfcollector <> - config1: offcore_rsp: 0
138 [140516620494528] INFO perfrun.perfcollector <> - config: pc: 0
138 [140516620494528] INFO perfrun.perfcollector <> - config: umask: 2
138 [140516620494528] INFO perfrun.perfcollector <> - format: cpu/event=0x3c,umask=0x2,name='CPU_CLK_UNHALTED.ONE_THREAD_ACTIVE'/
138 [140516620494528] INFO perfrun.perfcollector <> - event: 5: FP_ARITH_INST_RETIRED.SCALAR_SINGLE
138 [140516620494528] INFO perfrun.perfcollector <> - cccr: addr: 188, value: 5302c7
138 [140516620494528] INFO perfrun.perfcollector <> - data: addr: c3, value: ffffffffffe17b7d
138 [140516620494528] INFO perfrun.perfcollector <> - pmu config: cpu
138 [140516620494528] INFO perfrun.perfcollector <> - config: any: 0
139 [140516620494528] INFO perfrun.perfcollector <> - config: cmask: 0
139 [140516620494528] INFO perfrun.perfcollector <> - config: edge: 0
139 [140516620494528] INFO perfrun.perfcollector <> - config: event: c7
139 [140516620494528] INFO perfrun.perfcollector <> - config1: frontend: 0
139 [140516620494528] INFO perfrun.perfcollector <> - config: inv: 0
139 [140516620494528] INFO perfrun.perfcollector <> - config1: ldlat: 0
139 [140516620494528] INFO perfrun.perfcollector <> - config1: offcore_rsp: 0
140 [140516620494528] INFO perfrun.perfcollector <> - config: pc: 0
140 [140516620494528] INFO perfrun.perfcollector <> - config: umask: 2
140 [140516620494528] INFO perfrun.perfcollector <> - format: cpu/event=0xc7,umask=0x2,name='FP_ARITH_INST_RETIRED.SCALAR_SINGLE'/
140 [140516620494528] INFO perfrun.perfcollector <> - event: 6: FP_ARITH_INST_RETIRED.128B_PACKED_SINGLE
140 [140516620494528] INFO perfrun.perfcollector <> - cccr: addr: 189, value: 5308c7
140 [140516620494528] INFO perfrun.perfcollector <> - data: addr: c4, value: ffffffffffe17b7d
140 [140516620494528] INFO perfrun.perfcollector <> - pmu config: cpu
141 [140516620494528] INFO perfrun.perfcollector <> - config: any: 0
141 [140516620494528] INFO perfrun.perfcollector <> - config: cmask: 0
141 [140516620494528] INFO perfrun.perfcollector <> - config: edge: 0
141 [140516620494528] INFO perfrun.perfcollector <> - config: event: c7
141 [140516620494528] INFO perfrun.perfcollector <> - config1: frontend: 0
141 [140516620494528] INFO perfrun.perfcollector <> - config: inv: 0
141 [140516620494528] INFO perfrun.perfcollector <> - config1: ldlat: 0
142 [140516620494528] INFO perfrun.perfcollector <> - config1: offcore_rsp: 0
142 [140516620494528] INFO perfrun.perfcollector <> - config: pc: 0
142 [140516620494528] INFO perfrun.perfcollector <> - config: umask: 8
142 [140516620494528] INFO perfrun.perfcollector <> - format: cpu/event=0xc7,umask=0x8,name='FP_ARITH_INST_RETIRED.128B_PACKED_SINGLE'/
142 [140516620494528] INFO perfrun.perfcollector <> - event: 7: FP_ARITH_INST_RETIRED.256B_PACKED_SINGLE
142 [140516620494528] INFO perfrun.perfcollector <> - cccr: addr: 186, value: 5320c7
143 [140516620494528] INFO perfrun.perfcollector <> - data: addr: c1, value: ffffffffffe17b7d
143 [140516620494528] INFO perfrun.perfcollector <> - pmu config: cpu
143 [140516620494528] INFO perfrun.perfcollector <> - config: any: 0
143 [140516620494528] INFO perfrun.perfcollector <> - config: cmask: 0
143 [140516620494528] INFO perfrun.perfcollector <> - config: edge: 0
143 [140516620494528] INFO perfrun.perfcollector <> - config: event: c7
143 [140516620494528] INFO perfrun.perfcollector <> - config1: frontend: 0
144 [140516620494528] INFO perfrun.perfcollector <> - config: inv: 0
144 [140516620494528] INFO perfrun.perfcollector <> - config1: ldlat: 0
144 [140516620494528] INFO perfrun.perfcollector <> - config1: offcore_rsp: 0
144 [140516620494528] INFO perfrun.perfcollector <> - config: pc: 0
144 [140516620494528] INFO perfrun.perfcollector <> - config: umask: 20
145 [140516620494528] INFO perfrun.perfcollector <> - format: cpu/event=0xc7,umask=0x20,name='FP_ARITH_INST_RETIRED.256B_PACKED_SINGLE'/
145 [140516620494528] INFO perfrun.perfcollector <> - event: 8: FP_ARITH_INST_RETIRED.SCALAR_DOUBLE
145 [140516620494528] INFO perfrun.perfcollector <> - cccr: addr: 187, value: 5301c7
145 [140516620494528] INFO perfrun.perfcollector <> - data: addr: c2, value: ffffffffffe17b7d
145 [140516620494528] INFO perfrun.perfcollector <> - pmu config: cpu
145 [140516620494528] INFO perfrun.perfcollector <> - config: any: 0
146 [140516620494528] INFO perfrun.perfcollector <> - config: cmask: 0
146 [140516620494528] INFO perfrun.perfcollector <> - config: edge: 0
146 [140516620494528] INFO perfrun.perfcollector <> - config: event: c7
146 [140516620494528] INFO perfrun.perfcollector <> - config1: frontend: 0
146 [140516620494528] INFO perfrun.perfcollector <> - config: inv: 0
146 [140516620494528] INFO perfrun.perfcollector <> - config1: ldlat: 0
147 [140516620494528] INFO perfrun.perfcollector <> - config1: offcore_rsp: 0
147 [140516620494528] INFO perfrun.perfcollector <> - config: pc: 0
147 [140516620494528] INFO perfrun.perfcollector <> - config: umask: 1
147 [140516620494528] INFO perfrun.perfcollector <> - format: cpu/event=0xc7,umask=0x1,name='FP_ARITH_INST_RETIRED.SCALAR_DOUBLE'/
147 [140516620494528] INFO perfrun.perfcollector <> - event: 9: FP_ARITH_INST_RETIRED.128B_PACKED_DOUBLE
148 [140516620494528] INFO perfrun.perfcollector <> - cccr: addr: 188, value: 5304c7
148 [140516620494528] INFO perfrun.perfcollector <> - data: addr: c3, value: ffffffffffe17b7d
148 [140516620494528] INFO perfrun.perfcollector <> - pmu config: cpu
148 [140516620494528] INFO perfrun.perfcollector <> - config: any: 0
148 [140516620494528] INFO perfrun.perfcollector <> - config: cmask: 0
148 [140516620494528] INFO perfrun.perfcollector <> - config: edge: 0
148 [140516620494528] INFO perfrun.perfcollector <> - config: event: c7
149 [140516620494528] INFO perfrun.perfcollector <> - config1: frontend: 0
149 [140516620494528] INFO perfrun.perfcollector <> - config: inv: 0
149 [140516620494528] INFO perfrun.perfcollector <> - config1: ldlat: 0
149 [140516620494528] INFO perfrun.perfcollector <> - config1: offcore_rsp: 0
149 [140516620494528] INFO perfrun.perfcollector <> - config: pc: 0
149 [140516620494528] INFO perfrun.perfcollector <> - config: umask: 4
150 [140516620494528] INFO perfrun.perfcollector <> - format: cpu/event=0xc7,umask=0x4,name='FP_ARITH_INST_RETIRED.128B_PACKED_DOUBLE'/
150 [140516620494528] INFO perfrun.perfcollector <> - event: 10: FP_ARITH_INST_RETIRED.256B_PACKED_DOUBLE
150 [140516620494528] INFO perfrun.perfcollector <> - cccr: addr: 189, value: 5310c7
150 [140516620494528] INFO perfrun.perfcollector <> - data: addr: c4, value: ffffffffffe17b7d
150 [140516620494528] INFO perfrun.perfcollector <> - pmu config: cpu
150 [140516620494528] INFO perfrun.perfcollector <> - config: any: 0
151 [140516620494528] INFO perfrun.perfcollector <> - config: cmask: 0
151 [140516620494528] INFO perfrun.perfcollector <> - config: edge: 0
151 [140516620494528] INFO perfrun.perfcollector <> - config: event: c7
151 [140516620494528] INFO perfrun.perfcollector <> - config1: frontend: 0
151 [140516620494528] INFO perfrun.perfcollector <> - config: inv: 0
151 [140516620494528] INFO perfrun.perfcollector <> - config1: ldlat: 0
152 [140516620494528] INFO perfrun.perfcollector <> - config1: offcore_rsp: 0
152 [140516620494528] INFO perfrun.perfcollector <> - config: pc: 0
152 [140516620494528] INFO perfrun.perfcollector <> - config: umask: 10
152 [140516620494528] INFO perfrun.perfcollector <> - format: cpu/event=0xc7,umask=0x10,name='FP_ARITH_INST_RETIRED.256B_PACKED_DOUBLE'/
152 [140516620494528] INFO perfrun.perfcollector <> - event: 11: UOPS_EXECUTED.X87
152 [140516620494528] INFO perfrun.perfcollector <> - cccr: addr: 186, value: 5310b1
153 [140516620494528] INFO perfrun.perfcollector <> - data: addr: c1, value: ffffffffffe17b7d
153 [140516620494528] INFO perfrun.perfcollector <> - pmu config: cpu
153 [140516620494528] INFO perfrun.perfcollector <> - config: any: 0
153 [140516620494528] INFO perfrun.perfcollector <> - config: cmask: 0
153 [140516620494528] INFO perfrun.perfcollector <> - config: edge: 0
153 [140516620494528] INFO perfrun.perfcollector <> - config: event: b1
154 [140516620494528] INFO perfrun.perfcollector <> - config1: frontend: 0
154 [140516620494528] INFO perfrun.perfcollector <> - config: inv: 0
154 [140516620494528] INFO perfrun.perfcollector <> - config1: ldlat: 0
154 [140516620494528] INFO perfrun.perfcollector <> - config1: offcore_rsp: 0
154 [140516620494528] INFO perfrun.perfcollector <> - config: pc: 0
154 [140516620494528] INFO perfrun.perfcollector <> - config: umask: 10
154 [140516620494528] INFO perfrun.perfcollector <> - format: cpu/event=0xb1,umask=0x10,name='UOPS_EXECUTED.X87'/
155 [140516620494528] INFO perfrun.perfcollector <> - event: 12: UOPS_RETIRED.RETIRE_SLOTS
155 [140516620494528] INFO perfrun.perfcollector <> - cccr: addr: 187, value: 5302c2
155 [140516620494528] INFO perfrun.perfcollector <> - data: addr: c2, value: ffffffffffe17b7d
155 [140516620494528] INFO perfrun.perfcollector <> - pmu config: cpu
155 [140516620494528] INFO perfrun.perfcollector <> - config: any: 0
155 [140516620494528] INFO perfrun.perfcollector <> - config: cmask: 0
156 [140516620494528] INFO perfrun.perfcollector <> - config: edge: 0
156 [140516620494528] INFO perfrun.perfcollector <> - config: event: c2
156 [140516620494528] INFO perfrun.perfcollector <> - config1: frontend: 0
156 [140516620494528] INFO perfrun.perfcollector <> - config: inv: 0
156 [140516620494528] INFO perfrun.perfcollector <> - config1: ldlat: 0
156 [140516620494528] INFO perfrun.perfcollector <> - config1: offcore_rsp: 0
157 [140516620494528] INFO perfrun.perfcollector <> - config: pc: 0
157 [140516620494528] INFO perfrun.perfcollector <> - config: umask: 2
157 [140516620494528] INFO perfrun.perfcollector <> - format: cpu/event=0xc2,umask=0x2,name='UOPS_RETIRED.RETIRE_SLOTS'/
157 [140516620494528] INFO perfrun.perfcollector <> - event: 13: UOPS_EXECUTED.THREAD
157 [140516620494528] INFO perfrun.perfcollector <> - cccr: addr: 188, value: 5301b1
157 [140516620494528] INFO perfrun.perfcollector <> - data: addr: c3, value: ffffffffffe17b7d
158 [140516620494528] INFO perfrun.perfcollector <> - pmu config: cpu
158 [140516620494528] INFO perfrun.perfcollector <> - config: any: 0
158 [140516620494528] INFO perfrun.perfcollector <> - config: cmask: 0
158 [140516620494528] INFO perfrun.perfcollector <> - config: edge: 0
158 [140516620494528] INFO perfrun.perfcollector <> - config: event: b1
159 [140516620494528] INFO perfrun.perfcollector <> - config1: frontend: 0
159 [140516620494528] INFO perfrun.perfcollector <> - config: inv: 0
159 [140516620494528] INFO perfrun.perfcollector <> - config1: ldlat: 0
159 [140516620494528] INFO perfrun.perfcollector <> - config1: offcore_rsp: 0
159 [140516620494528] INFO perfrun.perfcollector <> - config: pc: 0
159 [140516620494528] INFO perfrun.perfcollector <> - config: umask: 1
160 [140516620494528] INFO perfrun.perfcollector <> - format: cpu/event=0xb1,umask=0x1,name='UOPS_EXECUTED.THREAD'/
160 [140516620494528] INFO perfrun.perfcollector <> - event: cpu/event=0x3c,name='CPU_CLK_UNHALTED.THREAD'/Duk, added for counting
160 [140516620494528] INFO perfrun.perfcollector <> - event: cpu/umask=0x3,name='CPU_CLK_UNHALTED.REF_TSC'/Duk, added for counting
160 [140516620494528] INFO perfrun.perfcollector <> - event: cpu/event=0xc0,name='INST_RETIRED.ANY'/Duk, added for counting
160 [140516620494528] INFO perfrun.perfcollector <> - event: cpu/event=0x3c,umask=0x1,name='CPU_CLK_UNHALTED.REF_XCLK'/uk, added for counting
160 [140516620494528] INFO perfrun.perfcollector <> - event: cpu/event=0x3c,umask=0x2,name='CPU_CLK_UNHALTED.ONE_THREAD_ACTIVE'/uk, added for counting
161 [140516620494528] INFO perfrun.perfcollector <> - event: cpu/event=0xc7,umask=0x2,name='FP_ARITH_INST_RETIRED.SCALAR_SINGLE'/uk, added for counting
161 [140516620494528] INFO perfrun.perfcollector <> - event: cpu/event=0xc7,umask=0x8,name='FP_ARITH_INST_RETIRED.128B_PACKED_SINGLE'/uk, added for counting
161 [140516620494528] INFO perfrun.perfcollector <> - event: cpu/event=0xc7,umask=0x20,name='FP_ARITH_INST_RETIRED.256B_PACKED_SINGLE'/uk, added for counting
161 [140516620494528] INFO perfrun.perfcollector <> - event: cpu/event=0xc7,umask=0x1,name='FP_ARITH_INST_RETIRED.SCALAR_DOUBLE'/uk, added for counting
161 [140516620494528] INFO perfrun.perfcollector <> - event: cpu/event=0xc7,umask=0x4,name='FP_ARITH_INST_RETIRED.128B_PACKED_DOUBLE'/uk, added for counting
161 [140516620494528] INFO perfrun.perfcollector <> - event: cpu/event=0xc7,umask=0x10,name='FP_ARITH_INST_RETIRED.256B_PACKED_DOUBLE'/uk, added for counting
162 [140516620494528] INFO perfrun.perfcollector <> - event: cpu/event=0xb1,umask=0x10,name='UOPS_EXECUTED.X87'/uk, added for counting
162 [140516620494528] INFO perfrun.perfcollector <> - event: cpu/event=0xc2,umask=0x2,name='UOPS_RETIRED.RETIRE_SLOTS'/uk, added for counting
162 [140516620494528] INFO perfrun.perfcollector <> - event: cpu/event=0xb1,umask=0x1,name='UOPS_EXECUTED.THREAD'/uk, added for counting
162 [140516620494528] INFO perfrun.perfcollector <> - attaching to pid: 4294967295, m_mode: 10, mode: 3
162 [140516612101824] INFO perfrun.perfcollector <> - Perf stat trace pipe capacity: read = 1048576, write = 1048576
163 [140516603709120] INFO perfrun.sdk <> - Reading value (0-7) from file: /sys/devices/system/cpu/cpu0/topology/core_siblings_list
163 [140516603709120] INFO perfrun.sdk <> - Reading value (0-1) from file: /sys/devices/system/cpu/cpu0/topology/thread_siblings_list
163 [140516603709120] INFO perfrun.sdk <> - Reading value (0-7) from file: /sys/devices/system/cpu/cpu1/topology/core_siblings_list
163 [140516603709120] INFO perfrun.sdk <> - Reading value (0-1) from file: /sys/devices/system/cpu/cpu1/topology/thread_siblings_list
164 [140516603709120] INFO perfrun.sdk <> - Reading value (0-7) from file: /sys/devices/system/cpu/cpu2/topology/core_siblings_list
164 [140516603709120] INFO perfrun.sdk <> - Reading value (2-3) from file: /sys/devices/system/cpu/cpu2/topology/thread_siblings_list
164 [140516603709120] INFO perfrun.sdk <> - Reading value (0-7) from file: /sys/devices/system/cpu/cpu3/topology/core_siblings_list
164 [140516603709120] INFO perfrun.sdk <> - Reading value (2-3) from file: /sys/devices/system/cpu/cpu3/topology/thread_siblings_list
164 [140516603709120] INFO perfrun.sdk <> - Reading value (0-7) from file: /sys/devices/system/cpu/cpu4/topology/core_siblings_list
165 [140516603709120] INFO perfrun.sdk <> - Reading value (4-5) from file: /sys/devices/system/cpu/cpu4/topology/thread_siblings_list
165 [140516603709120] INFO perfrun.sdk <> - Reading value (0-7) from file: /sys/devices/system/cpu/cpu5/topology/core_siblings_list
165 [140516603709120] INFO perfrun.sdk <> - Reading value (4-5) from file: /sys/devices/system/cpu/cpu5/topology/thread_siblings_list
165 [140516603709120] INFO perfrun.sdk <> - Reading value (0-7) from file: /sys/devices/system/cpu/cpu6/topology/core_siblings_list
166 [140516603709120] INFO perfrun.sdk <> - Reading value (6-7) from file: /sys/devices/system/cpu/cpu6/topology/thread_siblings_list
166 [140516603709120] INFO perfrun.sdk <> - Reading value (0-7) from file: /sys/devices/system/cpu/cpu7/topology/core_siblings_list
166 [140516603709120] INFO perfrun.sdk <> - Reading value (6-7) from file: /sys/devices/system/cpu/cpu7/topology/thread_siblings_list
166 [140516603709120] ERROR perfrun.sdk <> - boost::filesystem::exists(filename) 'gh2::error::IsNot.Valid.File(filename):/sys/bus/event_source/devices/cpu_core/cpus'
_sdks/release_posix-x86_64_icx_2023.0.0_gnutools_9.2_binutils_2.28/perfrun_1.36.3/include/perfrun1/sdk/utils.hpp(777): gh2::error_code_t runtool::sdk::loadFileValue(RetType &, const cpil2::uchar_t *) [RetType = std::basic_string<char>]
, at file: _sdks/release_posix-x86_64_icx_2023.0.0_gnutools_9.2_binutils_2.28/perfrun_1.36.3/include/perfrun1/sdk/utils.hpp:777
166 [140516603709120] ERROR perfrun.sdk <> - boost::filesystem::exists(filename) 'gh2::error::IsNot.Valid.File(filename):/sys/bus/event_source/devices/cpu_atom/cpus'
_sdks/release_posix-x86_64_icx_2023.0.0_gnutools_9.2_binutils_2.28/perfrun_1.36.3/include/perfrun1/sdk/utils.hpp(777): gh2::error_code_t runtool::sdk::loadFileValue(RetType &, const cpil2::uchar_t *) [RetType = std::basic_string<char>]
, at file: _sdks/release_posix-x86_64_icx_2023.0.0_gnutools_9.2_binutils_2.28/perfrun_1.36.3/include/perfrun1/sdk/utils.hpp:777
167 [140516612101824] INFO perfrun.sdk <> - runCmd: /opt/intel/oneapi/vtune/2025.3/bin64/amplxe-perf stat -v --log-fd 10 --scale -x ; -e cpu/event=0x3c,name='CPU_CLK_UNHALTED.THREAD'/Duk,cpu/umask=0x3,name='CPU_CLK_UNHALTED.REF_TSC'/Duk,cpu/event=0xc0,name='INST_RETIRED.ANY'/Duk,cpu/event=0x3c,umask=0x1,name='CPU_CLK_UNHALTED.REF_XCLK'/uk,cpu/event=0x3c,umask=0x2,name='CPU_CLK_UNHALTED.ONE_THREAD_ACTIVE'/uk,cpu/event=0xc7,umask=0x2,name='FP_ARITH_INST_RETIRED.SCALAR_SINGLE'/uk,cpu/event=0xc7,umask=0x8,name='FP_ARITH_INST_RETIRED.128B_PACKED_SINGLE'/uk,cpu/event=0xc7,umask=0x20,name='FP_ARITH_INST_RETIRED.256B_PACKED_SINGLE'/uk,cpu/event=0xc7,umask=0x1,name='FP_ARITH_INST_RETIRED.SCALAR_DOUBLE'/uk,cpu/event=0xc7,umask=0x4,name='FP_ARITH_INST_RETIRED.128B_PACKED_DOUBLE'/uk,cpu/event=0xc7,umask=0x10,name='FP_ARITH_INST_RETIRED.256B_PACKED_DOUBLE'/uk,cpu/event=0xb1,umask=0x10,name='UOPS_EXECUTED.X87'/uk,cpu/event=0xc2,umask=0x2,name='UOPS_RETIRED.RETIRE_SLOTS'/uk,cpu/event=0xb1,umask=0x1,name='UOPS_EXECUTED.THREAD'/uk /opt/intel/oneapi/vtune/2025.3/bin64/amplxe-perf-sync dryrun tsc
167 [140516612101824] INFO perfrun.sdk <> - runCmd started PID 8796
182 [140516612101824] INFO perfrun.perfcollector <> - Monitor: runCmd RC = true
182 [140516620494528] INFO perfrun.launcher <> - plugin [aoclprofile] was disabled because it doesn't support the given collection type.
182 [140516620494528] INFO perfrun.tpss <> - initialize tpss controller
182 [140516620494528] INFO perfrun.tpss <> - configure collection mode: value = cpu:counters:nostack
183 [140516620494528] INFO perfrun.tpss <> - configure collection mode: value = cpu:stack
183 [140516620494528] INFO perfrun.tpss <> - default obj-size-min=1024
183 [140516620494528] INFO perfrun.tpss <> - default hash-table-size=0
183 [140516620494528] INFO perfrun.launcher <> - plugin [media] was disabled because it doesn't support the given collection type.
183 [140516620494528] INFO perfrun.launcher <> - plugin [] was disabled because it doesn't support the given collection type.
183 [140516620494528] INFO perfrun.launcher <> - plugin [] was disabled because it doesn't support the given collection type.
184 [140516620494528] INFO perfrun.launcher <> - plugin [parallelfs] was disabled because it doesn't support the given collection type.
184 [140516620494528] INFO perfrun.launcher <> - plugin [power] was disabled because it doesn't support the given collection type.
184 [140516620494528] INFO perfrun.launcher <> - plugin [] was disabled because it doesn't support the given collection type.
184 [140516620494528] INFO perfrun.launcher <> - plugin [] was disabled because it doesn't support the given collection type.
184 [140516620494528] INFO perfrun.launcher <> - plugin [] was disabled because it doesn't support the given collection type.
185 [140516620494528] INFO perfrun.launcher <> - plugin [l0_metrics] was disabled because it doesn't support the given collection type.
185 [140516620494528] INFO perfrun.launcher <> - plugin [stall_reasons] was disabled because it doesn't support the given collection type.
185 [140516776123520] INFO perfrun.launcher <> - set environment variable: LD_LIBRARY_PATH = /opt/intel/oneapi/vtune/2025.3/lib32/runtime:/opt/intel/oneapi/vtune/2025.3/lib64/runtime:/opt/intel/oneapi/tcm/1.3/lib:/opt/intel/oneapi/umf/0.10/lib:/opt/intel/oneapi/tbb/2022.1/env/../lib/intel64/gcc4.8:/opt/intel/oneapi/pti/0.12/lib:/opt/intel/oneapi/mkl/2025.1/lib:/opt/intel/oneapi/ipp/2022.1/lib:/opt/intel/oneapi/compiler/2025.1/opt/compiler/lib:/opt/intel/oneapi/compiler/2025.1/lib
185 [140516776123520] INFO perfrun.launcher <> - set environment variable: INTEL_LIBITTNOTIFY32 = /opt/intel/oneapi/vtune/2025.3/lib32/runtime/libittnotify_collector.so
186 [140516776123520] INFO perfrun.launcher <> - set environment variable: INTEL_LIBITTNOTIFY64 = /opt/intel/oneapi/vtune/2025.3/lib64/runtime/libittnotify_collector.so
186 [140516776123520] INFO perfrun.launcher <> - set environment variable: INTEL_ITTNOTIFY_GROUPS = 
186 [140516776123520] INFO perfrun.launcher <> - set environment variable: INTEL_JIT_PROFILER32 = /opt/intel/oneapi/vtune/2025.3/lib32/runtime/libittnotify_collector.so
186 [140516776123520] INFO perfrun.launcher <> - set environment variable: INTEL_JIT_PROFILER64 = /opt/intel/oneapi/vtune/2025.3/lib64/runtime/libittnotify_collector.so
187 [140516776123520] INFO perfrun.launcher <> - set environment variable: CCL_ITT_LEVEL = 1
187 [140516776123520] INFO perfrun.launcher <> - set environment variable: ENABLE_JITPROFILING = 1
187 [140516776123520] INFO perfrun.launcher <> - set environment variable: CL_CONFIG_USE_VTUNE = True
187 [140516776123520] INFO perfrun.launcher <> - set environment variable: LD_PRELOAD = libittnotify_collector.so:
188 [140516776123520] INFO perfrun.launcher <> - set environment variable: KMP_FORKJOIN_FRAMES = 0
188 [140516776123520] INFO perfrun.launcher <> - set environment variable: KMP_FORKJOIN_FRAMES_MODE = 0
188 [140516776123520] INFO perfrun.launcher <> - set environment variable: INTEL_MRTE_DATA_DIR = /tmp/amplxe-tmp-azfar/amplxe-res-8773-25858846399156/data.0
188 [140516776123520] INFO perfrun.launcher <> - set environment variable: INTEL_MRTE_HOST_NAME = DESKTOP-GRRJ2VV
189 [140516776123520] INFO perfrun.launcher <> - set environment variable: JAVA_TOOL_OPTIONS = -agentlib:amplxe_samplingmrte_javaprof_1.0 -Dsun.boot.library.path=/opt/intel/oneapi/vtune/2025.3/lib32/runtime:/opt/intel/oneapi/vtune/2025.3/lib64/runtime
189 [140516776123520] INFO perfrun.launcher <> - set environment variable: LD_LIBRARY_PATH = /opt/intel/oneapi/vtune/2025.3/lib32/runtime:/opt/intel/oneapi/vtune/2025.3/lib64/runtime:/opt/intel/oneapi/tcm/1.3/lib:/opt/intel/oneapi/umf/0.10/lib:/opt/intel/oneapi/tbb/2022.1/env/../lib/intel64/gcc4.8:/opt/intel/oneapi/pti/0.12/lib:/opt/intel/oneapi/mkl/2025.1/lib:/opt/intel/oneapi/ipp/2022.1/lib:/opt/intel/oneapi/compiler/2025.1/opt/compiler/lib:/opt/intel/oneapi/compiler/2025.1/lib
189 [140516776123520] INFO perfrun.launcher <> - set environment variable: CORECLR_ENABLE_PROFILING = 1
189 [140516776123520] INFO perfrun.launcher <> - set environment variable: CORECLR_PROFILER = {AA5E4821-E3B1-479c-B7FF-5AD047D22CED}
189 [140516776123520] INFO perfrun.launcher <> - set environment variable: CORECLR_PROFILER_PATH = /opt/intel/oneapi/vtune/2025.3/lib64/libamplxe_samplingmrte_clrprof_1.0.so
190 [140516776123520] INFO perfrun.launcher <> - set environment variable: INTEL_MRTE_PROFILER_MODE = mixed
190 [140516776123520] INFO perfrun.launcher <> - RpcServer: run RPC server to handle requests
192 [140516776123520] INFO perfrun.launcher <> - Launcher: command line to start before modification = ./test1 changes.txt 0
192 [140516776123520] INFO perfrun.launcher <> - Launcher: command line to start after modification = /opt/intel/oneapi/vtune/2025.3/bin64/pin -error_file /tmp/amplxe-tmp-azfar/amplxe-res-8773-25858846399156/data.0/pinerr.tpsslog -detach_reattach -follow_execv -tool_load_option deepbind -t64 /opt/intel/oneapi/vtune/2025.3/lib64/libtpsstool.so -t /opt/intel/oneapi/vtune/2025.3/lib32/libtpsstool.so -server_name tpss_ipc.8773 -prd_dir /opt/intel/oneapi/vtune/2025.3 -- ./test1 changes.txt 0
397 [140516776123520] INFO perfrun.launcher <> - ProcessCreator object was created
398 [140516776123520] INFO perfrun.launcher <> - Launcher: the process was started in suspend mode
400 [140516620494528] WARN perfrun.system <> - Could not do anything with /sys/kernel/debug/kvm: boost::filesystem::status: Permission denied [system:13]: "/sys/kernel/debug/kvm", at file: vcs/perfrun1/plugins/system/src/trace_writer.cpp:787
401 [140516620494528] WARN perfrun.system <> - Folder "/var/run/libvirt/qemu/"doesn't exist, at file: vcs/perfrun1/plugins/system/src/trace_writer.cpp:800
401 [140516620494528] INFO perfrun.itt <> - start itt controller for pid #8816
402 [140516620494528] INFO perfrun.perfcollector <> - attaching to pid: 8816, m_mode: 10, mode: 11
403 [140516586923712] INFO perfrun.perfcollector <> - Perf stat trace pipe capacity: read = 1048576, write = 1048576
404 [140516612101824] INFO perfrun.sdk <> - Reading value (0-7) from file: /sys/devices/system/cpu/cpu0/topology/core_siblings_list
405 [140516612101824] INFO perfrun.sdk <> - Reading value (0-1) from file: /sys/devices/system/cpu/cpu0/topology/thread_siblings_list
405 [140516612101824] INFO perfrun.sdk <> - Reading value (0-7) from file: /sys/devices/system/cpu/cpu1/topology/core_siblings_list
406 [140516612101824] INFO perfrun.sdk <> - Reading value (0-1) from file: /sys/devices/system/cpu/cpu1/topology/thread_siblings_list
406 [140516612101824] INFO perfrun.sdk <> - Reading value (0-7) from file: /sys/devices/system/cpu/cpu2/topology/core_siblings_list
407 [140516612101824] INFO perfrun.sdk <> - Reading value (2-3) from file: /sys/devices/system/cpu/cpu2/topology/thread_siblings_list
407 [140516612101824] INFO perfrun.sdk <> - Reading value (0-7) from file: /sys/devices/system/cpu/cpu3/topology/core_siblings_list
408 [140516612101824] INFO perfrun.sdk <> - Reading value (2-3) from file: /sys/devices/system/cpu/cpu3/topology/thread_siblings_list
408 [140516612101824] INFO perfrun.sdk <> - Reading value (0-7) from file: /sys/devices/system/cpu/cpu4/topology/core_siblings_list
408 [140516612101824] INFO perfrun.sdk <> - Reading value (4-5) from file: /sys/devices/system/cpu/cpu4/topology/thread_siblings_list
409 [140516612101824] INFO perfrun.sdk <> - Reading value (0-7) from file: /sys/devices/system/cpu/cpu5/topology/core_siblings_list
409 [140516612101824] INFO perfrun.sdk <> - Reading value (4-5) from file: /sys/devices/system/cpu/cpu5/topology/thread_siblings_list
410 [140516612101824] INFO perfrun.sdk <> - Reading value (0-7) from file: /sys/devices/system/cpu/cpu6/topology/core_siblings_list
410 [140516612101824] INFO perfrun.sdk <> - Reading value (6-7) from file: /sys/devices/system/cpu/cpu6/topology/thread_siblings_list
410 [140516612101824] INFO perfrun.sdk <> - Reading value (0-7) from file: /sys/devices/system/cpu/cpu7/topology/core_siblings_list
411 [140516612101824] INFO perfrun.sdk <> - Reading value (6-7) from file: /sys/devices/system/cpu/cpu7/topology/thread_siblings_list
411 [140516612101824] ERROR perfrun.sdk <> - boost::filesystem::exists(filename) 'gh2::error::IsNot.Valid.File(filename):/sys/bus/event_source/devices/cpu_core/cpus'
_sdks/release_posix-x86_64_icx_2023.0.0_gnutools_9.2_binutils_2.28/perfrun_1.36.3/include/perfrun1/sdk/utils.hpp(777): gh2::error_code_t runtool::sdk::loadFileValue(RetType &, const cpil2::uchar_t *) [RetType = std::basic_string<char>]
, at file: _sdks/release_posix-x86_64_icx_2023.0.0_gnutools_9.2_binutils_2.28/perfrun_1.36.3/include/perfrun1/sdk/utils.hpp:777
412 [140516612101824] ERROR perfrun.sdk <> - boost::filesystem::exists(filename) 'gh2::error::IsNot.Valid.File(filename):/sys/bus/event_source/devices/cpu_atom/cpus'
_sdks/release_posix-x86_64_icx_2023.0.0_gnutools_9.2_binutils_2.28/perfrun_1.36.3/include/perfrun1/sdk/utils.hpp(777): gh2::error_code_t runtool::sdk::loadFileValue(RetType &, const cpil2::uchar_t *) [RetType = std::basic_string<char>]
, at file: _sdks/release_posix-x86_64_icx_2023.0.0_gnutools_9.2_binutils_2.28/perfrun_1.36.3/include/perfrun1/sdk/utils.hpp:777
412 [140516586923712] INFO perfrun.sdk <> - runCmd: /opt/intel/oneapi/vtune/2025.3/bin64/amplxe-perf stat -v --log-fd 21 --control=fd:22,25 --scale -x ; -p 8816 -e cpu/event=0x3c,name='CPU_CLK_UNHALTED.THREAD'/Duk,cpu/umask=0x3,name='CPU_CLK_UNHALTED.REF_TSC'/Duk,cpu/event=0xc0,name='INST_RETIRED.ANY'/Duk,cpu/event=0x3c,umask=0x1,name='CPU_CLK_UNHALTED.REF_XCLK'/uk,cpu/event=0x3c,umask=0x2,name='CPU_CLK_UNHALTED.ONE_THREAD_ACTIVE'/uk,cpu/event=0xc7,umask=0x2,name='FP_ARITH_INST_RETIRED.SCALAR_SINGLE'/uk,cpu/event=0xc7,umask=0x8,name='FP_ARITH_INST_RETIRED.128B_PACKED_SINGLE'/uk,cpu/event=0xc7,umask=0x20,name='FP_ARITH_INST_RETIRED.256B_PACKED_SINGLE'/uk,cpu/event=0xc7,umask=0x1,name='FP_ARITH_INST_RETIRED.SCALAR_DOUBLE'/uk,cpu/event=0xc7,umask=0x4,name='FP_ARITH_INST_RETIRED.128B_PACKED_DOUBLE'/uk,cpu/event=0xc7,umask=0x10,name='FP_ARITH_INST_RETIRED.256B_PACKED_DOUBLE'/uk,cpu/event=0xb1,umask=0x10,name='UOPS_EXECUTED.X87'/uk,cpu/event=0xc2,umask=0x2,name='UOPS_RETIRED.RETIRE_SLOTS'/uk,cpu/event=0xb1,umask=0x1,name='UOPS_EXECUTED.THREAD'/uk /opt/intel/oneapi/vtune/2025.3/bin64/amplxe-perf-sync sync tsc
413 [140516586923712] INFO perfrun.sdk <> - runCmd started PID 8820
433 [140516620494528] INFO perfrun.tpss <> - start tpss controller for pid #8816
484 [140516776123520] INFO perfrun.launcher <> - Launcher: all plugins were started
484 [140516776123520] INFO perfrun.launcher <> - DirectoryMonitor object was created
484 [140516776123520] INFO perfrun.launcher <> - DirectoryMonitor: a callback was added
484 [140516776123520] INFO perfrun.launcher <> - DirectoryMonitor was started with pingTime = 1000
484 [140516776123520] INFO perfrun.launcher <> - DeadlineTimer is going to be constructed
486 [140516776123520] INFO perfrun.launcher <> - DeadlineTimer: a callback was added
489 [140516776123520] INFO perfrun.launcher <> - Launcher: resume the profiled application and  wait its termination or stop command
7729 [140516776123520] INFO perfrun.launcher <> - Launcher: the profiled application was terminated  with exit code = 0
7734 [140516620494528] INFO perfrun.itt <> - detach itt controller
7735 [140516620494528] INFO perfrun.itt <> - detach itt controller done
7736 [140516586923712] INFO perfrun.perfcollector <> - Monitor: runCmd RC = true
7737 [140516620494528] INFO perfrun.perfcollector <> - Monitor: state = 3, error = 1
7737 [140516620494528] INFO perfrun.tpss <> - stop tpss controller
7738 [140516620494528] INFO perfrun.sdk <> - De-allocating TMU: /tmp/amplxe-tmp-azfar/amplxe-res-8773-25858846399156/data.0/systemcollector-8773-DESKTOP-GRRJ2VV.sc
7739 [140516620494528] INFO perfrun.system <> - closed the system trace file: /tmp/amplxe-tmp-azfar/amplxe-res-8773-25858846399156/data.0/systemcollector-8773-DESKTOP-GRRJ2VV.sc
7739 [140516776123520] INFO perfrun.launcher <> - Launcher: all plugins were stopped.
7740 [140516776123520] INFO perfrun.launcher <> - DeadlineTimer is going to be destroyed
7740 [140516776123520] INFO perfrun.launcher <> - DeadlineTimer was destroyed
7741 [140516776123520] INFO perfrun.launcher <> - DirectoryMonitor object was destroyed
7741 [140516776123520] WARN perfrun.launcher <> - Stop command is ignored because it is received when collection is already stopped, at file: vcs/perfrun1/launcher/src/command_handler.cpp:226
8115 [140516776123520] INFO perfrun.launcher <> - Application exit code: 0
8115 [140516776123520] INFO perfrun.launcher <> - Exit code: 0
