6 [139951404727424] INFO perfrun.launcher <> - Launcher main begin
7 [139951404727424] INFO perfrun.launcher <> - MessageCatalogInit finished
7 [139951404727424] INFO perfrun.launcher <> - Launcher instance created
7 [139951404727424] INFO perfrun.launcher <> - argc = 7; cmdline = /opt/intel/oneapi/vtune/2025.3/bin64/amplxe-runss --ui-output-format xml --ui-output-fd 5 --option-file /mnt/d/Semester 6/pdc/pdc_project/i221033_i220950_A_PDC_Project/vtune_hotspots8.DESKTOP-GRRJ2VV/config/runss.options.1 
38 [139951404727424] INFO perfrun.perfcollector <> - SEP tool path: /opt/intel/oneapi/vtune/2025.3/bin64/sep
61 [139951404727424] INFO perfrun.launcher <> - create msngr2::ICliToolContext
62 [139951404727424] INFO perfrun.launcher <> - create file finder object
62 [139951404727424] INFO perfrun.launcher <> - create a result directory: pattern = /mnt/d/Semester 6/pdc/pdc_project/i221033_i220950_A_PDC_Project/vtune_hotspots8.DESKTOP-GRRJ2VV pid = 4294967295
72 [139951404727424] INFO perfrun.sdk <> - checked that the directory /mnt/d/Semester 6/pdc/pdc_project/i221033_i220950_A_PDC_Project/vtune_hotspots8.DESKTOP-GRRJ2VV is a local directory
72 [139951404727424] INFO perfrun.sdk <> - the directory /mnt/d/Semester 6/pdc/pdc_project/i221033_i220950_A_PDC_Project/vtune_hotspots8.DESKTOP-GRRJ2VV is located on a share or its FS ID is unknown 16914839
72 [139951404727424] INFO perfrun.sdk <> - checked that the directory /tmp/amplxe-tmp-azfar is a local directory
72 [139951404727424] INFO perfrun.sdk <> - the directory /tmp/amplxe-tmp-azfar is a local directory with FS type ID 61267
73 [139951404727424] INFO perfrun.launcher <> - Create a local result directory /tmp/amplxe-tmp-azfar/amplxe-res-3397-21108037407881 due to the user result path /mnt/d/Semester 6/pdc/pdc_project/i221033_i220950_A_PDC_Project/vtune_hotspots8.DESKTOP-GRRJ2VV is located on a share
74 [139951404727424] INFO perfrun.launcher <> - create data directory = /tmp/amplxe-tmp-azfar/amplxe-res-3397-21108037407881/data.0
75 [139951404727424] INFO perfrun.launcher <> - create data directory = /mnt/d/Semester 6/pdc/pdc_project/i221033_i220950_A_PDC_Project/vtune_hotspots8.DESKTOP-GRRJ2VV/data.0
78 [139951404727424] INFO perfrun.launcher <> - Creating the master collection flag
82 [139951404727424] INFO perfrun.launcher <> - Done creating the master collection flag
83 [139951249286848] INFO perfrun.launcher <> - plugin [remoteplug] was disabled because it doesn't support the given collection type.
84 [139951249286848] INFO perfrun.sdk <> - Allocating TMU :/tmp/amplxe-tmp-azfar/amplxe-res-3397-21108037407881/data.0/systemcollector-3397-DESKTOP-GRRJ2VV.sc
84 [139951249286848] INFO perfrun.system <> - Tpss based collection
85 [139951249286848] INFO perfrun.launcher <> - plugin [ptracecollector] was disabled because it doesn't support the given collection type.
85 [139951249286848] INFO perfrun.launcher <> - plugin [gpu] was disabled because it doesn't support the given collection type.
85 [139951249286848] INFO perfrun.launcher <> - plugin [] was disabled because it doesn't support the given collection type.
85 [139951249286848] INFO perfrun.launcher <> - plugin [] was disabled because it doesn't support the given collection type.
85 [139951249286848] INFO perfrun.launcher <> - plugin [] was disabled because it doesn't support the given collection type.
86 [139951249286848] INFO perfrun.mrte <> - system-wide mode is 0
86 [139951249286848] INFO perfrun.mrte <> - Getting  mrte profiling environment ...
98 [139951249286848] INFO perfrun.mrte <> - INTEL_MRTE_DATA_DIR=/tmp/amplxe-tmp-azfar/amplxe-res-3397-21108037407881/data.0
99 [139951249286848] INFO perfrun.mrte <> - INTEL_MRTE_HOST_NAME=DESKTOP-GRRJ2VV
99 [139951249286848] INFO perfrun.mrte <> - JAVA_TOOL_OPTIONS=-agentlib:amplxe_samplingmrte_javaprof_1.0 -Dsun.boot.library.path=/opt/intel/oneapi/vtune/2025.3/lib32/runtime:/opt/intel/oneapi/vtune/2025.3/lib64/runtime
100 [139951249286848] INFO perfrun.mrte <> - LD_LIBRARY_PATH=/opt/intel/oneapi/vtune/2025.3/lib32/runtime:/opt/intel/oneapi/vtune/2025.3/lib64/runtime:/opt/intel/oneapi/tcm/1.3/lib:/opt/intel/oneapi/umf/0.10/lib:/opt/intel/oneapi/tbb/2022.1/env/../lib/intel64/gcc4.8:/opt/intel/oneapi/pti/0.12/lib:/opt/intel/oneapi/mkl/2025.1/lib:/opt/intel/oneapi/ipp/2022.1/lib:/opt/intel/oneapi/compiler/2025.1/opt/compiler/lib:/opt/intel/oneapi/compiler/2025.1/lib
100 [139951249286848] INFO perfrun.mrte <> - CORECLR_ENABLE_PROFILING=1
101 [139951249286848] INFO perfrun.mrte <> - CORECLR_PROFILER={AA5E4821-E3B1-479c-B7FF-5AD047D22CED}
101 [139951249286848] INFO perfrun.mrte <> - CORECLR_PROFILER_PATH=/opt/intel/oneapi/vtune/2025.3/lib64/libamplxe_samplingmrte_clrprof_1.0.so
101 [139951249286848] INFO perfrun.mrte <> - INTEL_MRTE_PROFILER_MODE=mixed
102 [139951249286848] INFO perfrun.mrte <> - Data directory: /tmp/amplxe-tmp-azfar/amplxe-res-3397-21108037407881/data.0
102 [139951249286848] INFO perfrun.mrte <> - Mrte plugin is initialized
102 [139951249286848] INFO perfrun.launcher <> - plugin [emon] was disabled because it doesn't support the given collection type.
103 [139951249286848] INFO perfrun.launcher <> - plugin [cuscol] was disabled because it doesn't support the given collection type.
103 [139951249286848] INFO perfrun.launcher <> - plugin [stdsrc] was disabled because it doesn't support the given collection type.
103 [139951249286848] INFO perfrun.launcher <> - plugin [sep] was disabled because it doesn't support the given collection type.
103 [139951249286848] INFO perfrun.launcher <> - plugin [vtsspp] was disabled because it doesn't support the given collection type.
104 [139951249286848] INFO perfrun.perfcollector <> - Platform type: 150
104 [139951249286848] INFO perfrun.sdk <> - Reading value (2) from file: /proc/sys/kernel/perf_event_paranoid
104 [139951249286848] INFO perfrun.perfcollector <> - checking access to: /opt/intel/oneapi/vtune/2025.3/bin64/amplxe-perf-priv
104 [139951249286848] INFO perfrun.perfcollector <> - dir found: /sys/bus/event_source/devices/software
104 [139951249286848] INFO perfrun.perfcollector <> - format: pmu format subdir doesn't exist
105 [139951249286848] INFO perfrun.perfcollector <> - hwInfo: not set, pmuFam: software
105 [139951249286848] INFO perfrun.perfcollector <> - pmu added: software, idx: 0
105 [139951249286848] INFO perfrun.perfcollector <> - dir found: /sys/bus/event_source/devices/uprobe
105 [139951249286848] INFO perfrun.perfcollector <> - format: ref_ctr_offset: config:32-63, mask:32-63
106 [139951249286848] INFO perfrun.perfcollector <> - format: retprobe: config:0, mask:0
106 [139951249286848] INFO perfrun.perfcollector <> - hwInfo: not set, pmuFam: uprobe
106 [139951249286848] INFO perfrun.perfcollector <> - pmu caps: raw,format
106 [139951249286848] INFO perfrun.perfcollector <> - pmu added: uprobe, idx: 0
106 [139951249286848] INFO perfrun.perfcollector <> - dir found: /sys/bus/event_source/devices/cpu
107 [139951249286848] INFO perfrun.perfcollector <> - format: event: config:0-7, mask:0-7
107 [139951249286848] INFO perfrun.perfcollector <> - format: pc: config:19, mask:19
107 [139951249286848] INFO perfrun.perfcollector <> - format: edge: config:18, mask:18
107 [139951249286848] INFO perfrun.perfcollector <> - format: any: config:21, mask:21
108 [139951249286848] INFO perfrun.perfcollector <> - format: offcore_rsp: config1:0-63, mask:0-63
108 [139951249286848] INFO perfrun.perfcollector <> - format: ldlat: config1:0-15, mask:0-15
108 [139951249286848] INFO perfrun.perfcollector <> - format: inv: config:23, mask:23
108 [139951249286848] INFO perfrun.perfcollector <> - format: umask: config:8-15, mask:8-15
108 [139951249286848] INFO perfrun.perfcollector <> - format: frontend: config1:0-23, mask:0-23
109 [139951249286848] INFO perfrun.perfcollector <> - format: cmask: config:24-31, mask:24-31
109 [139951249286848] INFO perfrun.perfcollector <> - hwInfo: PERF_CPU_PMU_DETAILS
109 [139951249286848] INFO perfrun.perfcollector <> - pmu caps: raw,format,events,ldlat,frontend,offcore_rsp
109 [139951249286848] INFO perfrun.perfcollector <> - pmu added: cpu, idx: 0
109 [139951249286848] INFO perfrun.perfcollector <> - dir found: /sys/bus/event_source/devices/breakpoint
110 [139951249286848] INFO perfrun.perfcollector <> - format: pmu format subdir doesn't exist
110 [139951249286848] INFO perfrun.perfcollector <> - hwInfo: not set, pmuFam: breakpoint
110 [139951249286848] INFO perfrun.perfcollector <> - pmu added: breakpoint, idx: 0
110 [139951249286848] INFO perfrun.perfcollector <> - dir found: /sys/bus/event_source/devices/tracepoint
110 [139951249286848] INFO perfrun.perfcollector <> - format: pmu format subdir doesn't exist
111 [139951249286848] INFO perfrun.perfcollector <> - hwInfo: not set, pmuFam: tracepoint
111 [139951249286848] INFO perfrun.perfcollector <> - pmu added: tracepoint, idx: 0
111 [139951249286848] INFO perfrun.perfcollector <> - dir found: /sys/bus/event_source/devices/kprobe
111 [139951249286848] INFO perfrun.perfcollector <> - format: retprobe: config:0, mask:0
111 [139951249286848] INFO perfrun.perfcollector <> - hwInfo: not set, pmuFam: kprobe
111 [139951249286848] INFO perfrun.perfcollector <> - pmu caps: raw,format
112 [139951249286848] INFO perfrun.perfcollector <> - pmu added: kprobe, idx: 0
112 [139951249286848] INFO perfrun.perfcollector <> - dir found: /sys/bus/event_source/devices/msr
112 [139951249286848] INFO perfrun.perfcollector <> - format: event: config:0-63, mask:0-63
112 [139951249286848] INFO perfrun.perfcollector <> - hwInfo: not set, pmuFam: msr
112 [139951249286848] INFO perfrun.perfcollector <> - pmu caps: raw,format,events
112 [139951249286848] INFO perfrun.perfcollector <> - pmu added: msr, idx: 0
113 [139951249286848] INFO perfrun.perfcollector <> - Perf tool path: /opt/intel/oneapi/vtune/2025.3/bin64/amplxe-perf
113 [139951249286848] INFO perfrun.perfcollector <> - Data directory: /tmp/amplxe-tmp-azfar/amplxe-res-3397-21108037407881/data.0
113 [139951249286848] INFO perfrun.perfcollector <> - Temp directory: /tmp/amplxe-tmp-azfar
113 [139951249286848] INFO perfrun.perfcollector <> - Perf sync path: /opt/intel/oneapi/vtune/2025.3/bin64/amplxe-perf-sync
113 [139951249286848] INFO perfrun.perfcollector <> - Hypervisor = Microsoft Hv
114 [139951249286848] INFO perfrun.perfcollector <> - Counting mode is requested
114 [139951249286848] WARN perfrun.launcher <> - Messenger::say: Only user space will be profiled due to credentials lack. Consider changing /proc/sys/kernel/perf_event_paranoid file for enabling kernel space profiling.
114 [139951249286848] INFO perfrun.perfcollector <> - Sample after multiplier: 1
114 [139951249286848] INFO perfrun.sdk <> - runCmd: /opt/intel/oneapi/vtune/2025.3/bin64/sep -dry-run -sam 1 -ec CPU_CLK_UNHALTED.THREAD,CPU_CLK_UNHALTED.REF_TSC:sample:sa=1800000,INST_RETIRED.ANY:sample:sa=1800000,CPU_CLK_UNHALTED.REF_XCLK,CPU_CLK_UNHALTED.ONE_THREAD_ACTIVE,FP_ARITH_INST_RETIRED.SCALAR_SINGLE,FP_ARITH_INST_RETIRED.128B_PACKED_SINGLE,FP_ARITH_INST_RETIRED.256B_PACKED_SINGLE,FP_ARITH_INST_RETIRED.SCALAR_DOUBLE,FP_ARITH_INST_RETIRED.128B_PACKED_DOUBLE,FP_ARITH_INST_RETIRED.256B_PACKED_DOUBLE,UOPS_EXECUTED.X87,UOPS_RETIRED.RETIRE_SLOTS:sample:sa=2000003,UOPS_EXECUTED.THREAD -experimental
116 [139951249286848] INFO perfrun.sdk <> - runCmd started PID 3405
128 [139951249286848] INFO perfrun.perfcollector <> - SepDryRun RC = true
129 [139951249286848] INFO perfrun.perfcollector <> - Loading SEP event configuration
129 [139951249286848] INFO perfrun.perfcollector <> - pmu: cpu
129 [139951249286848] INFO perfrun.perfcollector <> - group_id: 0
129 [139951249286848] INFO perfrun.perfcollector <> - event_id: 2: INST_RETIRED.ANY
130 [139951249286848] INFO perfrun.perfcollector <> - event_id: 0: CPU_CLK_UNHALTED.THREAD
130 [139951249286848] INFO perfrun.perfcollector <> - event_id: 1: CPU_CLK_UNHALTED.REF_TSC
130 [139951249286848] INFO perfrun.perfcollector <> - event_id: 3: CPU_CLK_UNHALTED.REF_XCLK
130 [139951249286848] INFO perfrun.perfcollector <> - event_id: 4: CPU_CLK_UNHALTED.ONE_THREAD_ACTIVE
130 [139951249286848] INFO perfrun.perfcollector <> - event_id: 5: FP_ARITH_INST_RETIRED.SCALAR_SINGLE
131 [139951249286848] INFO perfrun.perfcollector <> - event_id: 6: FP_ARITH_INST_RETIRED.128B_PACKED_SINGLE
131 [139951249286848] INFO perfrun.perfcollector <> - event_id: 3: cccr: addr: 186, value: 53013c
131 [139951249286848] INFO perfrun.perfcollector <> - event_id: 4: cccr: addr: 187, value: 53023c
131 [139951249286848] INFO perfrun.perfcollector <> - event_id: 5: cccr: addr: 188, value: 5302c7
131 [139951249286848] INFO perfrun.perfcollector <> - event_id: 6: cccr: addr: 189, value: 5308c7
131 [139951249286848] INFO perfrun.perfcollector <> - event_id: 2: data: addr: 309, value: ffffffffffe488c0
132 [139951249286848] INFO perfrun.perfcollector <> - event_id: 0: data: addr: 30a, value: ffffffffffe17b7d
132 [139951249286848] INFO perfrun.perfcollector <> - event_id: 1: data: addr: 30b, value: ffffffffffe488c0
132 [139951249286848] INFO perfrun.perfcollector <> - event_id: 3: data: addr: c1, value: ffffffffffff9e55
132 [139951249286848] INFO perfrun.perfcollector <> - event_id: 4: data: addr: c2, value: ffffffffffff9e55
132 [139951249286848] INFO perfrun.perfcollector <> - event_id: 5: data: addr: c3, value: ffffffffffe17b7d
133 [139951249286848] INFO perfrun.perfcollector <> - event_id: 6: data: addr: c4, value: ffffffffffe17b7d
133 [139951249286848] INFO perfrun.perfcollector <> - group_id: 1
133 [139951249286848] INFO perfrun.perfcollector <> - event_id: 2: INST_RETIRED.ANY
133 [139951249286848] INFO perfrun.perfcollector <> - event_id: 0: CPU_CLK_UNHALTED.THREAD
133 [139951249286848] INFO perfrun.perfcollector <> - event_id: 1: CPU_CLK_UNHALTED.REF_TSC
134 [139951249286848] INFO perfrun.perfcollector <> - event_id: 7: FP_ARITH_INST_RETIRED.256B_PACKED_SINGLE
135 [139951249286848] INFO perfrun.perfcollector <> - event_id: 8: FP_ARITH_INST_RETIRED.SCALAR_DOUBLE
135 [139951249286848] INFO perfrun.perfcollector <> - event_id: 9: FP_ARITH_INST_RETIRED.128B_PACKED_DOUBLE
135 [139951249286848] INFO perfrun.perfcollector <> - event_id: 10: FP_ARITH_INST_RETIRED.256B_PACKED_DOUBLE
135 [139951249286848] INFO perfrun.perfcollector <> - event_id: 7: cccr: addr: 186, value: 5320c7
135 [139951249286848] INFO perfrun.perfcollector <> - event_id: 8: cccr: addr: 187, value: 5301c7
135 [139951249286848] INFO perfrun.perfcollector <> - event_id: 9: cccr: addr: 188, value: 5304c7
136 [139951249286848] INFO perfrun.perfcollector <> - event_id: 10: cccr: addr: 189, value: 5310c7
136 [139951249286848] INFO perfrun.perfcollector <> - event_id: 2: data: addr: 309, value: ffffffffffe488c0
136 [139951249286848] INFO perfrun.perfcollector <> - event_id: 0: data: addr: 30a, value: ffffffffffe17b7d
136 [139951249286848] INFO perfrun.perfcollector <> - event_id: 1: data: addr: 30b, value: ffffffffffe488c0
136 [139951249286848] INFO perfrun.perfcollector <> - event_id: 7: data: addr: c1, value: ffffffffffe17b7d
136 [139951249286848] INFO perfrun.perfcollector <> - event_id: 8: data: addr: c2, value: ffffffffffe17b7d
137 [139951249286848] INFO perfrun.perfcollector <> - event_id: 9: data: addr: c3, value: ffffffffffe17b7d
137 [139951249286848] INFO perfrun.perfcollector <> - event_id: 10: data: addr: c4, value: ffffffffffe17b7d
137 [139951249286848] INFO perfrun.perfcollector <> - group_id: 2
137 [139951249286848] INFO perfrun.perfcollector <> - event_id: 2: INST_RETIRED.ANY
137 [139951249286848] INFO perfrun.perfcollector <> - event_id: 0: CPU_CLK_UNHALTED.THREAD
137 [139951249286848] INFO perfrun.perfcollector <> - event_id: 1: CPU_CLK_UNHALTED.REF_TSC
137 [139951249286848] INFO perfrun.perfcollector <> - event_id: 11: UOPS_EXECUTED.X87
138 [139951249286848] INFO perfrun.perfcollector <> - event_id: 12: UOPS_RETIRED.RETIRE_SLOTS
138 [139951249286848] INFO perfrun.perfcollector <> - event_id: 13: UOPS_EXECUTED.THREAD
138 [139951249286848] INFO perfrun.perfcollector <> - event_id: 11: cccr: addr: 186, value: 5310b1
138 [139951249286848] INFO perfrun.perfcollector <> - event_id: 12: cccr: addr: 187, value: 5302c2
138 [139951249286848] INFO perfrun.perfcollector <> - event_id: 13: cccr: addr: 188, value: 5301b1
138 [139951249286848] INFO perfrun.perfcollector <> - event_id: 2: data: addr: 309, value: ffffffffffe488c0
138 [139951249286848] INFO perfrun.perfcollector <> - event_id: 0: data: addr: 30a, value: ffffffffffe17b7d
139 [139951249286848] INFO perfrun.perfcollector <> - event_id: 1: data: addr: 30b, value: ffffffffffe488c0
139 [139951249286848] INFO perfrun.perfcollector <> - event_id: 11: data: addr: c1, value: ffffffffffe17b7d
139 [139951249286848] INFO perfrun.perfcollector <> - event_id: 12: data: addr: c2, value: ffffffffffe17b7d
139 [139951249286848] INFO perfrun.perfcollector <> - event_id: 13: data: addr: c3, value: ffffffffffe17b7d
139 [139951249286848] INFO perfrun.perfcollector <> - Converting events to Perf format
140 [139951249286848] INFO perfrun.perfcollector <> - event: 0: CPU_CLK_UNHALTED.THREAD
140 [139951249286848] INFO perfrun.perfcollector <> - cccr: addr: ffffffff, value: 0
140 [139951249286848] INFO perfrun.perfcollector <> - data: addr: 30a, value: ffffffffffe17b7d
140 [139951249286848] INFO perfrun.perfcollector <> - pmu config: cpu
140 [139951249286848] INFO perfrun.perfcollector <> - config: any: 0
140 [139951249286848] INFO perfrun.perfcollector <> - config: cmask: 0
141 [139951249286848] INFO perfrun.perfcollector <> - config: edge: 0
141 [139951249286848] INFO perfrun.perfcollector <> - config: event: 3c
141 [139951249286848] INFO perfrun.perfcollector <> - config1: frontend: 0
141 [139951249286848] INFO perfrun.perfcollector <> - config: inv: 0
141 [139951249286848] INFO perfrun.perfcollector <> - config1: ldlat: 0
141 [139951249286848] INFO perfrun.perfcollector <> - config1: offcore_rsp: 0
142 [139951249286848] INFO perfrun.perfcollector <> - config: pc: 0
142 [139951249286848] INFO perfrun.perfcollector <> - config: umask: 0
142 [139951249286848] INFO perfrun.perfcollector <> - format: cpu/event=0x3c,name='CPU_CLK_UNHALTED.THREAD'/D
142 [139951249286848] INFO perfrun.perfcollector <> - event: 1: CPU_CLK_UNHALTED.REF_TSC
142 [139951249286848] INFO perfrun.perfcollector <> - cccr: addr: ffffffff, value: 0
142 [139951249286848] INFO perfrun.perfcollector <> - data: addr: 30b, value: ffffffffffe488c0
143 [139951249286848] INFO perfrun.perfcollector <> - pmu config: cpu
143 [139951249286848] INFO perfrun.perfcollector <> - config: any: 0
143 [139951249286848] INFO perfrun.perfcollector <> - config: cmask: 0
143 [139951249286848] INFO perfrun.perfcollector <> - config: edge: 0
144 [139951249286848] INFO perfrun.perfcollector <> - config: event: 0
144 [139951249286848] INFO perfrun.perfcollector <> - config1: frontend: 0
144 [139951249286848] INFO perfrun.perfcollector <> - config: inv: 0
144 [139951249286848] INFO perfrun.perfcollector <> - config1: ldlat: 0
145 [139951249286848] INFO perfrun.perfcollector <> - config1: offcore_rsp: 0
145 [139951249286848] INFO perfrun.perfcollector <> - config: pc: 0
145 [139951249286848] INFO perfrun.perfcollector <> - config: umask: 3
145 [139951249286848] INFO perfrun.perfcollector <> - format: cpu/umask=0x3,name='CPU_CLK_UNHALTED.REF_TSC'/D
145 [139951249286848] INFO perfrun.perfcollector <> - event: 2: INST_RETIRED.ANY
145 [139951249286848] INFO perfrun.perfcollector <> - cccr: addr: ffffffff, value: 0
145 [139951249286848] INFO perfrun.perfcollector <> - data: addr: 309, value: ffffffffffe488c0
146 [139951249286848] INFO perfrun.perfcollector <> - pmu config: cpu
146 [139951249286848] INFO perfrun.perfcollector <> - config: any: 0
146 [139951249286848] INFO perfrun.perfcollector <> - config: cmask: 0
146 [139951249286848] INFO perfrun.perfcollector <> - config: edge: 0
146 [139951249286848] INFO perfrun.perfcollector <> - config: event: c0
146 [139951249286848] INFO perfrun.perfcollector <> - config1: frontend: 0
147 [139951249286848] INFO perfrun.perfcollector <> - config: inv: 0
147 [139951249286848] INFO perfrun.perfcollector <> - config1: ldlat: 0
147 [139951249286848] INFO perfrun.perfcollector <> - config1: offcore_rsp: 0
147 [139951249286848] INFO perfrun.perfcollector <> - config: pc: 0
147 [139951249286848] INFO perfrun.perfcollector <> - config: umask: 0
147 [139951249286848] INFO perfrun.perfcollector <> - format: cpu/event=0xc0,name='INST_RETIRED.ANY'/D
147 [139951249286848] INFO perfrun.perfcollector <> - event: 3: CPU_CLK_UNHALTED.REF_XCLK
148 [139951249286848] INFO perfrun.perfcollector <> - cccr: addr: 186, value: 53013c
148 [139951249286848] INFO perfrun.perfcollector <> - data: addr: c1, value: ffffffffffff9e55
148 [139951249286848] INFO perfrun.perfcollector <> - pmu config: cpu
148 [139951249286848] INFO perfrun.perfcollector <> - config: any: 0
148 [139951249286848] INFO perfrun.perfcollector <> - config: cmask: 0
149 [139951249286848] INFO perfrun.perfcollector <> - config: edge: 0
149 [139951249286848] INFO perfrun.perfcollector <> - config: event: 3c
149 [139951249286848] INFO perfrun.perfcollector <> - config1: frontend: 0
149 [139951249286848] INFO perfrun.perfcollector <> - config: inv: 0
149 [139951249286848] INFO perfrun.perfcollector <> - config1: ldlat: 0
150 [139951249286848] INFO perfrun.perfcollector <> - config1: offcore_rsp: 0
150 [139951249286848] INFO perfrun.perfcollector <> - config: pc: 0
150 [139951249286848] INFO perfrun.perfcollector <> - config: umask: 1
151 [139951249286848] INFO perfrun.perfcollector <> - format: cpu/event=0x3c,umask=0x1,name='CPU_CLK_UNHALTED.REF_XCLK'/
151 [139951249286848] INFO perfrun.perfcollector <> - event: 4: CPU_CLK_UNHALTED.ONE_THREAD_ACTIVE
151 [139951249286848] INFO perfrun.perfcollector <> - cccr: addr: 187, value: 53023c
152 [139951249286848] INFO perfrun.perfcollector <> - data: addr: c2, value: ffffffffffff9e55
152 [139951249286848] INFO perfrun.perfcollector <> - pmu config: cpu
152 [139951249286848] INFO perfrun.perfcollector <> - config: any: 0
152 [139951249286848] INFO perfrun.perfcollector <> - config: cmask: 0
152 [139951249286848] INFO perfrun.perfcollector <> - config: edge: 0
152 [139951249286848] INFO perfrun.perfcollector <> - config: event: 3c
152 [139951249286848] INFO perfrun.perfcollector <> - config1: frontend: 0
153 [139951249286848] INFO perfrun.perfcollector <> - config: inv: 0
153 [139951249286848] INFO perfrun.perfcollector <> - config1: ldlat: 0
153 [139951249286848] INFO perfrun.perfcollector <> - config1: offcore_rsp: 0
153 [139951249286848] INFO perfrun.perfcollector <> - config: pc: 0
153 [139951249286848] INFO perfrun.perfcollector <> - config: umask: 2
154 [139951249286848] INFO perfrun.perfcollector <> - format: cpu/event=0x3c,umask=0x2,name='CPU_CLK_UNHALTED.ONE_THREAD_ACTIVE'/
154 [139951249286848] INFO perfrun.perfcollector <> - event: 5: FP_ARITH_INST_RETIRED.SCALAR_SINGLE
154 [139951249286848] INFO perfrun.perfcollector <> - cccr: addr: 188, value: 5302c7
154 [139951249286848] INFO perfrun.perfcollector <> - data: addr: c3, value: ffffffffffe17b7d
154 [139951249286848] INFO perfrun.perfcollector <> - pmu config: cpu
154 [139951249286848] INFO perfrun.perfcollector <> - config: any: 0
154 [139951249286848] INFO perfrun.perfcollector <> - config: cmask: 0
155 [139951249286848] INFO perfrun.perfcollector <> - config: edge: 0
155 [139951249286848] INFO perfrun.perfcollector <> - config: event: c7
155 [139951249286848] INFO perfrun.perfcollector <> - config1: frontend: 0
155 [139951249286848] INFO perfrun.perfcollector <> - config: inv: 0
155 [139951249286848] INFO perfrun.perfcollector <> - config1: ldlat: 0
155 [139951249286848] INFO perfrun.perfcollector <> - config1: offcore_rsp: 0
155 [139951249286848] INFO perfrun.perfcollector <> - config: pc: 0
156 [139951249286848] INFO perfrun.perfcollector <> - config: umask: 2
156 [139951249286848] INFO perfrun.perfcollector <> - format: cpu/event=0xc7,umask=0x2,name='FP_ARITH_INST_RETIRED.SCALAR_SINGLE'/
156 [139951249286848] INFO perfrun.perfcollector <> - event: 6: FP_ARITH_INST_RETIRED.128B_PACKED_SINGLE
156 [139951249286848] INFO perfrun.perfcollector <> - cccr: addr: 189, value: 5308c7
156 [139951249286848] INFO perfrun.perfcollector <> - data: addr: c4, value: ffffffffffe17b7d
156 [139951249286848] INFO perfrun.perfcollector <> - pmu config: cpu
156 [139951249286848] INFO perfrun.perfcollector <> - config: any: 0
157 [139951249286848] INFO perfrun.perfcollector <> - config: cmask: 0
157 [139951249286848] INFO perfrun.perfcollector <> - config: edge: 0
157 [139951249286848] INFO perfrun.perfcollector <> - config: event: c7
157 [139951249286848] INFO perfrun.perfcollector <> - config1: frontend: 0
157 [139951249286848] INFO perfrun.perfcollector <> - config: inv: 0
157 [139951249286848] INFO perfrun.perfcollector <> - config1: ldlat: 0
157 [139951249286848] INFO perfrun.perfcollector <> - config1: offcore_rsp: 0
158 [139951249286848] INFO perfrun.perfcollector <> - config: pc: 0
158 [139951249286848] INFO perfrun.perfcollector <> - config: umask: 8
158 [139951249286848] INFO perfrun.perfcollector <> - format: cpu/event=0xc7,umask=0x8,name='FP_ARITH_INST_RETIRED.128B_PACKED_SINGLE'/
158 [139951249286848] INFO perfrun.perfcollector <> - event: 7: FP_ARITH_INST_RETIRED.256B_PACKED_SINGLE
158 [139951249286848] INFO perfrun.perfcollector <> - cccr: addr: 186, value: 5320c7
158 [139951249286848] INFO perfrun.perfcollector <> - data: addr: c1, value: ffffffffffe17b7d
158 [139951249286848] INFO perfrun.perfcollector <> - pmu config: cpu
159 [139951249286848] INFO perfrun.perfcollector <> - config: any: 0
159 [139951249286848] INFO perfrun.perfcollector <> - config: cmask: 0
159 [139951249286848] INFO perfrun.perfcollector <> - config: edge: 0
159 [139951249286848] INFO perfrun.perfcollector <> - config: event: c7
159 [139951249286848] INFO perfrun.perfcollector <> - config1: frontend: 0
159 [139951249286848] INFO perfrun.perfcollector <> - config: inv: 0
159 [139951249286848] INFO perfrun.perfcollector <> - config1: ldlat: 0
160 [139951249286848] INFO perfrun.perfcollector <> - config1: offcore_rsp: 0
160 [139951249286848] INFO perfrun.perfcollector <> - config: pc: 0
160 [139951249286848] INFO perfrun.perfcollector <> - config: umask: 20
160 [139951249286848] INFO perfrun.perfcollector <> - format: cpu/event=0xc7,umask=0x20,name='FP_ARITH_INST_RETIRED.256B_PACKED_SINGLE'/
160 [139951249286848] INFO perfrun.perfcollector <> - event: 8: FP_ARITH_INST_RETIRED.SCALAR_DOUBLE
160 [139951249286848] INFO perfrun.perfcollector <> - cccr: addr: 187, value: 5301c7
160 [139951249286848] INFO perfrun.perfcollector <> - data: addr: c2, value: ffffffffffe17b7d
161 [139951249286848] INFO perfrun.perfcollector <> - pmu config: cpu
161 [139951249286848] INFO perfrun.perfcollector <> - config: any: 0
161 [139951249286848] INFO perfrun.perfcollector <> - config: cmask: 0
161 [139951249286848] INFO perfrun.perfcollector <> - config: edge: 0
161 [139951249286848] INFO perfrun.perfcollector <> - config: event: c7
161 [139951249286848] INFO perfrun.perfcollector <> - config1: frontend: 0
162 [139951249286848] INFO perfrun.perfcollector <> - config: inv: 0
162 [139951249286848] INFO perfrun.perfcollector <> - config1: ldlat: 0
162 [139951249286848] INFO perfrun.perfcollector <> - config1: offcore_rsp: 0
162 [139951249286848] INFO perfrun.perfcollector <> - config: pc: 0
162 [139951249286848] INFO perfrun.perfcollector <> - config: umask: 1
162 [139951249286848] INFO perfrun.perfcollector <> - format: cpu/event=0xc7,umask=0x1,name='FP_ARITH_INST_RETIRED.SCALAR_DOUBLE'/
162 [139951249286848] INFO perfrun.perfcollector <> - event: 9: FP_ARITH_INST_RETIRED.128B_PACKED_DOUBLE
163 [139951249286848] INFO perfrun.perfcollector <> - cccr: addr: 188, value: 5304c7
163 [139951249286848] INFO perfrun.perfcollector <> - data: addr: c3, value: ffffffffffe17b7d
163 [139951249286848] INFO perfrun.perfcollector <> - pmu config: cpu
163 [139951249286848] INFO perfrun.perfcollector <> - config: any: 0
163 [139951249286848] INFO perfrun.perfcollector <> - config: cmask: 0
163 [139951249286848] INFO perfrun.perfcollector <> - config: edge: 0
163 [139951249286848] INFO perfrun.perfcollector <> - config: event: c7
164 [139951249286848] INFO perfrun.perfcollector <> - config1: frontend: 0
164 [139951249286848] INFO perfrun.perfcollector <> - config: inv: 0
164 [139951249286848] INFO perfrun.perfcollector <> - config1: ldlat: 0
164 [139951249286848] INFO perfrun.perfcollector <> - config1: offcore_rsp: 0
164 [139951249286848] INFO perfrun.perfcollector <> - config: pc: 0
164 [139951249286848] INFO perfrun.perfcollector <> - config: umask: 4
164 [139951249286848] INFO perfrun.perfcollector <> - format: cpu/event=0xc7,umask=0x4,name='FP_ARITH_INST_RETIRED.128B_PACKED_DOUBLE'/
165 [139951249286848] INFO perfrun.perfcollector <> - event: 10: FP_ARITH_INST_RETIRED.256B_PACKED_DOUBLE
165 [139951249286848] INFO perfrun.perfcollector <> - cccr: addr: 189, value: 5310c7
165 [139951249286848] INFO perfrun.perfcollector <> - data: addr: c4, value: ffffffffffe17b7d
165 [139951249286848] INFO perfrun.perfcollector <> - pmu config: cpu
165 [139951249286848] INFO perfrun.perfcollector <> - config: any: 0
165 [139951249286848] INFO perfrun.perfcollector <> - config: cmask: 0
166 [139951249286848] INFO perfrun.perfcollector <> - config: edge: 0
166 [139951249286848] INFO perfrun.perfcollector <> - config: event: c7
166 [139951249286848] INFO perfrun.perfcollector <> - config1: frontend: 0
166 [139951249286848] INFO perfrun.perfcollector <> - config: inv: 0
166 [139951249286848] INFO perfrun.perfcollector <> - config1: ldlat: 0
166 [139951249286848] INFO perfrun.perfcollector <> - config1: offcore_rsp: 0
166 [139951249286848] INFO perfrun.perfcollector <> - config: pc: 0
167 [139951249286848] INFO perfrun.perfcollector <> - config: umask: 10
167 [139951249286848] INFO perfrun.perfcollector <> - format: cpu/event=0xc7,umask=0x10,name='FP_ARITH_INST_RETIRED.256B_PACKED_DOUBLE'/
167 [139951249286848] INFO perfrun.perfcollector <> - event: 11: UOPS_EXECUTED.X87
167 [139951249286848] INFO perfrun.perfcollector <> - cccr: addr: 186, value: 5310b1
167 [139951249286848] INFO perfrun.perfcollector <> - data: addr: c1, value: ffffffffffe17b7d
168 [139951249286848] INFO perfrun.perfcollector <> - pmu config: cpu
168 [139951249286848] INFO perfrun.perfcollector <> - config: any: 0
168 [139951249286848] INFO perfrun.perfcollector <> - config: cmask: 0
168 [139951249286848] INFO perfrun.perfcollector <> - config: edge: 0
168 [139951249286848] INFO perfrun.perfcollector <> - config: event: b1
168 [139951249286848] INFO perfrun.perfcollector <> - config1: frontend: 0
169 [139951249286848] INFO perfrun.perfcollector <> - config: inv: 0
169 [139951249286848] INFO perfrun.perfcollector <> - config1: ldlat: 0
169 [139951249286848] INFO perfrun.perfcollector <> - config1: offcore_rsp: 0
169 [139951249286848] INFO perfrun.perfcollector <> - config: pc: 0
169 [139951249286848] INFO perfrun.perfcollector <> - config: umask: 10
169 [139951249286848] INFO perfrun.perfcollector <> - format: cpu/event=0xb1,umask=0x10,name='UOPS_EXECUTED.X87'/
170 [139951249286848] INFO perfrun.perfcollector <> - event: 12: UOPS_RETIRED.RETIRE_SLOTS
170 [139951249286848] INFO perfrun.perfcollector <> - cccr: addr: 187, value: 5302c2
170 [139951249286848] INFO perfrun.perfcollector <> - data: addr: c2, value: ffffffffffe17b7d
170 [139951249286848] INFO perfrun.perfcollector <> - pmu config: cpu
170 [139951249286848] INFO perfrun.perfcollector <> - config: any: 0
171 [139951249286848] INFO perfrun.perfcollector <> - config: cmask: 0
171 [139951249286848] INFO perfrun.perfcollector <> - config: edge: 0
171 [139951249286848] INFO perfrun.perfcollector <> - config: event: c2
171 [139951249286848] INFO perfrun.perfcollector <> - config1: frontend: 0
171 [139951249286848] INFO perfrun.perfcollector <> - config: inv: 0
171 [139951249286848] INFO perfrun.perfcollector <> - config1: ldlat: 0
172 [139951249286848] INFO perfrun.perfcollector <> - config1: offcore_rsp: 0
172 [139951249286848] INFO perfrun.perfcollector <> - config: pc: 0
172 [139951249286848] INFO perfrun.perfcollector <> - config: umask: 2
172 [139951249286848] INFO perfrun.perfcollector <> - format: cpu/event=0xc2,umask=0x2,name='UOPS_RETIRED.RETIRE_SLOTS'/
172 [139951249286848] INFO perfrun.perfcollector <> - event: 13: UOPS_EXECUTED.THREAD
172 [139951249286848] INFO perfrun.perfcollector <> - cccr: addr: 188, value: 5301b1
173 [139951249286848] INFO perfrun.perfcollector <> - data: addr: c3, value: ffffffffffe17b7d
173 [139951249286848] INFO perfrun.perfcollector <> - pmu config: cpu
173 [139951249286848] INFO perfrun.perfcollector <> - config: any: 0
173 [139951249286848] INFO perfrun.perfcollector <> - config: cmask: 0
173 [139951249286848] INFO perfrun.perfcollector <> - config: edge: 0
173 [139951249286848] INFO perfrun.perfcollector <> - config: event: b1
174 [139951249286848] INFO perfrun.perfcollector <> - config1: frontend: 0
174 [139951249286848] INFO perfrun.perfcollector <> - config: inv: 0
174 [139951249286848] INFO perfrun.perfcollector <> - config1: ldlat: 0
174 [139951249286848] INFO perfrun.perfcollector <> - config1: offcore_rsp: 0
174 [139951249286848] INFO perfrun.perfcollector <> - config: pc: 0
174 [139951249286848] INFO perfrun.perfcollector <> - config: umask: 1
175 [139951249286848] INFO perfrun.perfcollector <> - format: cpu/event=0xb1,umask=0x1,name='UOPS_EXECUTED.THREAD'/
175 [139951249286848] INFO perfrun.perfcollector <> - event: cpu/event=0x3c,name='CPU_CLK_UNHALTED.THREAD'/Du, added for counting
175 [139951249286848] INFO perfrun.perfcollector <> - event: cpu/umask=0x3,name='CPU_CLK_UNHALTED.REF_TSC'/Du, added for counting
175 [139951249286848] INFO perfrun.perfcollector <> - event: cpu/event=0xc0,name='INST_RETIRED.ANY'/Du, added for counting
175 [139951249286848] INFO perfrun.perfcollector <> - event: cpu/event=0x3c,umask=0x1,name='CPU_CLK_UNHALTED.REF_XCLK'/u, added for counting
175 [139951249286848] INFO perfrun.perfcollector <> - event: cpu/event=0x3c,umask=0x2,name='CPU_CLK_UNHALTED.ONE_THREAD_ACTIVE'/u, added for counting
176 [139951249286848] INFO perfrun.perfcollector <> - event: cpu/event=0xc7,umask=0x2,name='FP_ARITH_INST_RETIRED.SCALAR_SINGLE'/u, added for counting
176 [139951249286848] INFO perfrun.perfcollector <> - event: cpu/event=0xc7,umask=0x8,name='FP_ARITH_INST_RETIRED.128B_PACKED_SINGLE'/u, added for counting
176 [139951249286848] INFO perfrun.perfcollector <> - event: cpu/event=0xc7,umask=0x20,name='FP_ARITH_INST_RETIRED.256B_PACKED_SINGLE'/u, added for counting
176 [139951249286848] INFO perfrun.perfcollector <> - event: cpu/event=0xc7,umask=0x1,name='FP_ARITH_INST_RETIRED.SCALAR_DOUBLE'/u, added for counting
176 [139951249286848] INFO perfrun.perfcollector <> - event: cpu/event=0xc7,umask=0x4,name='FP_ARITH_INST_RETIRED.128B_PACKED_DOUBLE'/u, added for counting
176 [139951249286848] INFO perfrun.perfcollector <> - event: cpu/event=0xc7,umask=0x10,name='FP_ARITH_INST_RETIRED.256B_PACKED_DOUBLE'/u, added for counting
177 [139951249286848] INFO perfrun.perfcollector <> - event: cpu/event=0xb1,umask=0x10,name='UOPS_EXECUTED.X87'/u, added for counting
177 [139951249286848] INFO perfrun.perfcollector <> - event: cpu/event=0xc2,umask=0x2,name='UOPS_RETIRED.RETIRE_SLOTS'/u, added for counting
177 [139951249286848] INFO perfrun.perfcollector <> - event: cpu/event=0xb1,umask=0x1,name='UOPS_EXECUTED.THREAD'/u, added for counting
177 [139951249286848] INFO perfrun.perfcollector <> - attaching to pid: 4294967295, m_mode: 10, mode: 3
177 [139951240894144] INFO perfrun.perfcollector <> - Perf stat trace pipe capacity: read = 1048576, write = 1048576
186 [139951232501440] INFO perfrun.sdk <> - Reading value (0-7) from file: /sys/devices/system/cpu/cpu0/topology/core_siblings_list
187 [139951232501440] INFO perfrun.sdk <> - Reading value (0-1) from file: /sys/devices/system/cpu/cpu0/topology/thread_siblings_list
187 [139951232501440] INFO perfrun.sdk <> - Reading value (0-7) from file: /sys/devices/system/cpu/cpu1/topology/core_siblings_list
187 [139951232501440] INFO perfrun.sdk <> - Reading value (0-1) from file: /sys/devices/system/cpu/cpu1/topology/thread_siblings_list
187 [139951232501440] INFO perfrun.sdk <> - Reading value (0-7) from file: /sys/devices/system/cpu/cpu2/topology/core_siblings_list
187 [139951232501440] INFO perfrun.sdk <> - Reading value (2-3) from file: /sys/devices/system/cpu/cpu2/topology/thread_siblings_list
187 [139951232501440] INFO perfrun.sdk <> - Reading value (0-7) from file: /sys/devices/system/cpu/cpu3/topology/core_siblings_list
188 [139951232501440] INFO perfrun.sdk <> - Reading value (2-3) from file: /sys/devices/system/cpu/cpu3/topology/thread_siblings_list
188 [139951232501440] INFO perfrun.sdk <> - Reading value (0-7) from file: /sys/devices/system/cpu/cpu4/topology/core_siblings_list
188 [139951232501440] INFO perfrun.sdk <> - Reading value (4-5) from file: /sys/devices/system/cpu/cpu4/topology/thread_siblings_list
188 [139951232501440] INFO perfrun.sdk <> - Reading value (0-7) from file: /sys/devices/system/cpu/cpu5/topology/core_siblings_list
188 [139951232501440] INFO perfrun.sdk <> - Reading value (4-5) from file: /sys/devices/system/cpu/cpu5/topology/thread_siblings_list
188 [139951232501440] INFO perfrun.sdk <> - Reading value (0-7) from file: /sys/devices/system/cpu/cpu6/topology/core_siblings_list
189 [139951232501440] INFO perfrun.sdk <> - Reading value (6-7) from file: /sys/devices/system/cpu/cpu6/topology/thread_siblings_list
189 [139951232501440] INFO perfrun.sdk <> - Reading value (0-7) from file: /sys/devices/system/cpu/cpu7/topology/core_siblings_list
189 [139951232501440] INFO perfrun.sdk <> - Reading value (6-7) from file: /sys/devices/system/cpu/cpu7/topology/thread_siblings_list
189 [139951232501440] ERROR perfrun.sdk <> - boost::filesystem::exists(filename) 'gh2::error::IsNot.Valid.File(filename):/sys/bus/event_source/devices/cpu_core/cpus'
_sdks/release_posix-x86_64_icx_2023.0.0_gnutools_9.2_binutils_2.28/perfrun_1.36.3/include/perfrun1/sdk/utils.hpp(777): gh2::error_code_t runtool::sdk::loadFileValue(RetType &, const cpil2::uchar_t *) [RetType = std::basic_string<char>]
, at file: _sdks/release_posix-x86_64_icx_2023.0.0_gnutools_9.2_binutils_2.28/perfrun_1.36.3/include/perfrun1/sdk/utils.hpp:777
189 [139951232501440] ERROR perfrun.sdk <> - boost::filesystem::exists(filename) 'gh2::error::IsNot.Valid.File(filename):/sys/bus/event_source/devices/cpu_atom/cpus'
_sdks/release_posix-x86_64_icx_2023.0.0_gnutools_9.2_binutils_2.28/perfrun_1.36.3/include/perfrun1/sdk/utils.hpp(777): gh2::error_code_t runtool::sdk::loadFileValue(RetType &, const cpil2::uchar_t *) [RetType = std::basic_string<char>]
, at file: _sdks/release_posix-x86_64_icx_2023.0.0_gnutools_9.2_binutils_2.28/perfrun_1.36.3/include/perfrun1/sdk/utils.hpp:777
189 [139951240894144] INFO perfrun.sdk <> - runCmd: /opt/intel/oneapi/vtune/2025.3/bin64/amplxe-perf stat -v --log-fd 11 --scale -x ; -e cpu/event=0x3c,name='CPU_CLK_UNHALTED.THREAD'/Du,cpu/umask=0x3,name='CPU_CLK_UNHALTED.REF_TSC'/Du,cpu/event=0xc0,name='INST_RETIRED.ANY'/Du,cpu/event=0x3c,umask=0x1,name='CPU_CLK_UNHALTED.REF_XCLK'/u,cpu/event=0x3c,umask=0x2,name='CPU_CLK_UNHALTED.ONE_THREAD_ACTIVE'/u,cpu/event=0xc7,umask=0x2,name='FP_ARITH_INST_RETIRED.SCALAR_SINGLE'/u,cpu/event=0xc7,umask=0x8,name='FP_ARITH_INST_RETIRED.128B_PACKED_SINGLE'/u,cpu/event=0xc7,umask=0x20,name='FP_ARITH_INST_RETIRED.256B_PACKED_SINGLE'/u,cpu/event=0xc7,umask=0x1,name='FP_ARITH_INST_RETIRED.SCALAR_DOUBLE'/u,cpu/event=0xc7,umask=0x4,name='FP_ARITH_INST_RETIRED.128B_PACKED_DOUBLE'/u,cpu/event=0xc7,umask=0x10,name='FP_ARITH_INST_RETIRED.256B_PACKED_DOUBLE'/u,cpu/event=0xb1,umask=0x10,name='UOPS_EXECUTED.X87'/u,cpu/event=0xc2,umask=0x2,name='UOPS_RETIRED.RETIRE_SLOTS'/u,cpu/event=0xb1,umask=0x1,name='UOPS_EXECUTED.THREAD'/u /opt/intel/oneapi/vtune/2025.3/bin64/amplxe-perf-sync dryrun tsc
190 [139951240894144] INFO perfrun.sdk <> - runCmd started PID 3412
259 [139951240894144] INFO perfrun.perfcollector <> - Monitor: runCmd RC = true
259 [139951249286848] INFO perfrun.launcher <> - plugin [aoclprofile] was disabled because it doesn't support the given collection type.
260 [139951249286848] INFO perfrun.tpss <> - initialize tpss controller
260 [139951249286848] INFO perfrun.tpss <> - configure collection mode: value = cpu:counters:nostack
260 [139951249286848] INFO perfrun.tpss <> - configure collection mode: value = cpu:stack
260 [139951249286848] INFO perfrun.tpss <> - default obj-size-min=1024
261 [139951249286848] INFO perfrun.tpss <> - default hash-table-size=0
261 [139951249286848] INFO perfrun.launcher <> - plugin [media] was disabled because it doesn't support the given collection type.
261 [139951249286848] INFO perfrun.launcher <> - plugin [] was disabled because it doesn't support the given collection type.
262 [139951249286848] INFO perfrun.launcher <> - plugin [] was disabled because it doesn't support the given collection type.
262 [139951249286848] INFO perfrun.launcher <> - plugin [parallelfs] was disabled because it doesn't support the given collection type.
262 [139951249286848] INFO perfrun.launcher <> - plugin [power] was disabled because it doesn't support the given collection type.
262 [139951249286848] INFO perfrun.launcher <> - plugin [] was disabled because it doesn't support the given collection type.
262 [139951249286848] INFO perfrun.launcher <> - plugin [] was disabled because it doesn't support the given collection type.
263 [139951249286848] INFO perfrun.launcher <> - plugin [] was disabled because it doesn't support the given collection type.
263 [139951249286848] INFO perfrun.launcher <> - plugin [l0_metrics] was disabled because it doesn't support the given collection type.
263 [139951249286848] INFO perfrun.launcher <> - plugin [stall_reasons] was disabled because it doesn't support the given collection type.
263 [139951404727424] INFO perfrun.launcher <> - set environment variable: LD_LIBRARY_PATH = /opt/intel/oneapi/vtune/2025.3/lib32/runtime:/opt/intel/oneapi/vtune/2025.3/lib64/runtime:/opt/intel/oneapi/tcm/1.3/lib:/opt/intel/oneapi/umf/0.10/lib:/opt/intel/oneapi/tbb/2022.1/env/../lib/intel64/gcc4.8:/opt/intel/oneapi/pti/0.12/lib:/opt/intel/oneapi/mkl/2025.1/lib:/opt/intel/oneapi/ipp/2022.1/lib:/opt/intel/oneapi/compiler/2025.1/opt/compiler/lib:/opt/intel/oneapi/compiler/2025.1/lib
264 [139951404727424] INFO perfrun.launcher <> - set environment variable: INTEL_LIBITTNOTIFY32 = /opt/intel/oneapi/vtune/2025.3/lib32/runtime/libittnotify_collector.so
264 [139951404727424] INFO perfrun.launcher <> - set environment variable: INTEL_LIBITTNOTIFY64 = /opt/intel/oneapi/vtune/2025.3/lib64/runtime/libittnotify_collector.so
264 [139951404727424] INFO perfrun.launcher <> - set environment variable: INTEL_ITTNOTIFY_GROUPS = 
264 [139951404727424] INFO perfrun.launcher <> - set environment variable: INTEL_JIT_PROFILER32 = /opt/intel/oneapi/vtune/2025.3/lib32/runtime/libittnotify_collector.so
265 [139951404727424] INFO perfrun.launcher <> - set environment variable: INTEL_JIT_PROFILER64 = /opt/intel/oneapi/vtune/2025.3/lib64/runtime/libittnotify_collector.so
265 [139951404727424] INFO perfrun.launcher <> - set environment variable: CCL_ITT_LEVEL = 1
265 [139951404727424] INFO perfrun.launcher <> - set environment variable: ENABLE_JITPROFILING = 1
265 [139951404727424] INFO perfrun.launcher <> - set environment variable: CL_CONFIG_USE_VTUNE = True
266 [139951404727424] INFO perfrun.launcher <> - set environment variable: LD_PRELOAD = libittnotify_collector.so:
266 [139951404727424] INFO perfrun.launcher <> - set environment variable: KMP_FORKJOIN_FRAMES = 0
266 [139951404727424] INFO perfrun.launcher <> - set environment variable: KMP_FORKJOIN_FRAMES_MODE = 0
266 [139951404727424] INFO perfrun.launcher <> - set environment variable: INTEL_MRTE_DATA_DIR = /tmp/amplxe-tmp-azfar/amplxe-res-3397-21108037407881/data.0
267 [139951404727424] INFO perfrun.launcher <> - set environment variable: INTEL_MRTE_HOST_NAME = DESKTOP-GRRJ2VV
267 [139951404727424] INFO perfrun.launcher <> - set environment variable: JAVA_TOOL_OPTIONS = -agentlib:amplxe_samplingmrte_javaprof_1.0 -Dsun.boot.library.path=/opt/intel/oneapi/vtune/2025.3/lib32/runtime:/opt/intel/oneapi/vtune/2025.3/lib64/runtime
267 [139951404727424] INFO perfrun.launcher <> - set environment variable: LD_LIBRARY_PATH = /opt/intel/oneapi/vtune/2025.3/lib32/runtime:/opt/intel/oneapi/vtune/2025.3/lib64/runtime:/opt/intel/oneapi/tcm/1.3/lib:/opt/intel/oneapi/umf/0.10/lib:/opt/intel/oneapi/tbb/2022.1/env/../lib/intel64/gcc4.8:/opt/intel/oneapi/pti/0.12/lib:/opt/intel/oneapi/mkl/2025.1/lib:/opt/intel/oneapi/ipp/2022.1/lib:/opt/intel/oneapi/compiler/2025.1/opt/compiler/lib:/opt/intel/oneapi/compiler/2025.1/lib
267 [139951404727424] INFO perfrun.launcher <> - set environment variable: CORECLR_ENABLE_PROFILING = 1
268 [139951404727424] INFO perfrun.launcher <> - set environment variable: CORECLR_PROFILER = {AA5E4821-E3B1-479c-B7FF-5AD047D22CED}
268 [139951404727424] INFO perfrun.launcher <> - set environment variable: CORECLR_PROFILER_PATH = /opt/intel/oneapi/vtune/2025.3/lib64/libamplxe_samplingmrte_clrprof_1.0.so
268 [139951404727424] INFO perfrun.launcher <> - set environment variable: INTEL_MRTE_PROFILER_MODE = mixed
268 [139951404727424] INFO perfrun.launcher <> - RpcServer: run RPC server to handle requests
273 [139951404727424] INFO perfrun.launcher <> - Launcher: command line to start before modification = ./test1 changes.txt 0
273 [139951404727424] INFO perfrun.launcher <> - Launcher: command line to start after modification = /opt/intel/oneapi/vtune/2025.3/bin64/pin -error_file /tmp/amplxe-tmp-azfar/amplxe-res-3397-21108037407881/data.0/pinerr.tpsslog -detach_reattach -follow_execv -tool_load_option deepbind -t64 /opt/intel/oneapi/vtune/2025.3/lib64/libtpsstool.so -t /opt/intel/oneapi/vtune/2025.3/lib32/libtpsstool.so -server_name tpss_ipc.3397 -prd_dir /opt/intel/oneapi/vtune/2025.3 -- ./test1 changes.txt 0
273 [139951404727424] INFO perfrun.launcher <> - ProcessCreator object was created
274 [139951404727424] INFO perfrun.launcher <> - Launcher: the process was started in suspend mode
275 [139951249286848] WARN perfrun.system <> - Could not do anything with /sys/kernel/debug/kvm: boost::filesystem::status: Permission denied [system:13]: "/sys/kernel/debug/kvm", at file: vcs/perfrun1/plugins/system/src/trace_writer.cpp:787
276 [139951249286848] WARN perfrun.system <> - Folder "/var/run/libvirt/qemu/"doesn't exist, at file: vcs/perfrun1/plugins/system/src/trace_writer.cpp:800
276 [139951249286848] WARN perfrun.sdk <> - Failed to find xl binary on any of the system paths: /bin, /sbin, /usr/bin, /usr/sbin., at file: vcs/perfrun1/sdk/src/utils.cpp:205
276 [139951249286848] WARN perfrun.system <> - Could not start ContainerMapping collector, at file: vcs/perfrun1/plugins/system/src/controller.cpp:450
280 [139951249286848] INFO perfrun.vdso <> - Helper runtool '/opt/intel/oneapi/vtune/2025.3/bin32/amplxe-runss -dump-vdso -r /tmp/amplxe-tmp-azfar/amplxe-res-3397-21108037407881 --tmp-dir /tmp/amplxe-tmp-azfar' returned 1
371 [139951249286848] INFO perfrun.vdso <> - Helper runtool '/opt/intel/oneapi/vtune/2025.3/bin64/amplxe-runss -dump-vdso -r /tmp/amplxe-tmp-azfar/amplxe-res-3397-21108037407881 --tmp-dir /tmp/amplxe-tmp-azfar' returned 0
371 [139951249286848] INFO perfrun.itt <> - start itt controller for pid #3417
372 [139951249286848] INFO perfrun.perfcollector <> - attaching to pid: 3417, m_mode: 10, mode: 11
372 [139951215716032] INFO perfrun.perfcollector <> - Perf stat trace pipe capacity: read = 1048576, write = 1048576
381 [139951240894144] INFO perfrun.sdk <> - Reading value (0-7) from file: /sys/devices/system/cpu/cpu0/topology/core_siblings_list
381 [139951240894144] INFO perfrun.sdk <> - Reading value (0-1) from file: /sys/devices/system/cpu/cpu0/topology/thread_siblings_list
381 [139951240894144] INFO perfrun.sdk <> - Reading value (0-7) from file: /sys/devices/system/cpu/cpu1/topology/core_siblings_list
382 [139951240894144] INFO perfrun.sdk <> - Reading value (0-1) from file: /sys/devices/system/cpu/cpu1/topology/thread_siblings_list
382 [139951240894144] INFO perfrun.sdk <> - Reading value (0-7) from file: /sys/devices/system/cpu/cpu2/topology/core_siblings_list
382 [139951240894144] INFO perfrun.sdk <> - Reading value (2-3) from file: /sys/devices/system/cpu/cpu2/topology/thread_siblings_list
382 [139951240894144] INFO perfrun.sdk <> - Reading value (0-7) from file: /sys/devices/system/cpu/cpu3/topology/core_siblings_list
382 [139951240894144] INFO perfrun.sdk <> - Reading value (2-3) from file: /sys/devices/system/cpu/cpu3/topology/thread_siblings_list
383 [139951240894144] INFO perfrun.sdk <> - Reading value (0-7) from file: /sys/devices/system/cpu/cpu4/topology/core_siblings_list
383 [139951240894144] INFO perfrun.sdk <> - Reading value (4-5) from file: /sys/devices/system/cpu/cpu4/topology/thread_siblings_list
383 [139951240894144] INFO perfrun.sdk <> - Reading value (0-7) from file: /sys/devices/system/cpu/cpu5/topology/core_siblings_list
383 [139951240894144] INFO perfrun.sdk <> - Reading value (4-5) from file: /sys/devices/system/cpu/cpu5/topology/thread_siblings_list
384 [139951240894144] INFO perfrun.sdk <> - Reading value (0-7) from file: /sys/devices/system/cpu/cpu6/topology/core_siblings_list
384 [139951240894144] INFO perfrun.sdk <> - Reading value (6-7) from file: /sys/devices/system/cpu/cpu6/topology/thread_siblings_list
384 [139951240894144] INFO perfrun.sdk <> - Reading value (0-7) from file: /sys/devices/system/cpu/cpu7/topology/core_siblings_list
384 [139951240894144] INFO perfrun.sdk <> - Reading value (6-7) from file: /sys/devices/system/cpu/cpu7/topology/thread_siblings_list
384 [139951240894144] ERROR perfrun.sdk <> - boost::filesystem::exists(filename) 'gh2::error::IsNot.Valid.File(filename):/sys/bus/event_source/devices/cpu_core/cpus'
_sdks/release_posix-x86_64_icx_2023.0.0_gnutools_9.2_binutils_2.28/perfrun_1.36.3/include/perfrun1/sdk/utils.hpp(777): gh2::error_code_t runtool::sdk::loadFileValue(RetType &, const cpil2::uchar_t *) [RetType = std::basic_string<char>]
, at file: _sdks/release_posix-x86_64_icx_2023.0.0_gnutools_9.2_binutils_2.28/perfrun_1.36.3/include/perfrun1/sdk/utils.hpp:777
384 [139951240894144] ERROR perfrun.sdk <> - boost::filesystem::exists(filename) 'gh2::error::IsNot.Valid.File(filename):/sys/bus/event_source/devices/cpu_atom/cpus'
_sdks/release_posix-x86_64_icx_2023.0.0_gnutools_9.2_binutils_2.28/perfrun_1.36.3/include/perfrun1/sdk/utils.hpp(777): gh2::error_code_t runtool::sdk::loadFileValue(RetType &, const cpil2::uchar_t *) [RetType = std::basic_string<char>]
, at file: _sdks/release_posix-x86_64_icx_2023.0.0_gnutools_9.2_binutils_2.28/perfrun_1.36.3/include/perfrun1/sdk/utils.hpp:777
384 [139951215716032] INFO perfrun.sdk <> - runCmd: /opt/intel/oneapi/vtune/2025.3/bin64/amplxe-perf stat -v --log-fd 22 --control=fd:23,26 --scale -x ; -p 3417 -e cpu/event=0x3c,name='CPU_CLK_UNHALTED.THREAD'/Du,cpu/umask=0x3,name='CPU_CLK_UNHALTED.REF_TSC'/Du,cpu/event=0xc0,name='INST_RETIRED.ANY'/Du,cpu/event=0x3c,umask=0x1,name='CPU_CLK_UNHALTED.REF_XCLK'/u,cpu/event=0x3c,umask=0x2,name='CPU_CLK_UNHALTED.ONE_THREAD_ACTIVE'/u,cpu/event=0xc7,umask=0x2,name='FP_ARITH_INST_RETIRED.SCALAR_SINGLE'/u,cpu/event=0xc7,umask=0x8,name='FP_ARITH_INST_RETIRED.128B_PACKED_SINGLE'/u,cpu/event=0xc7,umask=0x20,name='FP_ARITH_INST_RETIRED.256B_PACKED_SINGLE'/u,cpu/event=0xc7,umask=0x1,name='FP_ARITH_INST_RETIRED.SCALAR_DOUBLE'/u,cpu/event=0xc7,umask=0x4,name='FP_ARITH_INST_RETIRED.128B_PACKED_DOUBLE'/u,cpu/event=0xc7,umask=0x10,name='FP_ARITH_INST_RETIRED.256B_PACKED_DOUBLE'/u,cpu/event=0xb1,umask=0x10,name='UOPS_EXECUTED.X87'/u,cpu/event=0xc2,umask=0x2,name='UOPS_RETIRED.RETIRE_SLOTS'/u,cpu/event=0xb1,umask=0x1,name='UOPS_EXECUTED.THREAD'/u /opt/intel/oneapi/vtune/2025.3/bin64/amplxe-perf-sync sync tsc
385 [139951215716032] INFO perfrun.sdk <> - runCmd started PID 3425
397 [139951249286848] INFO perfrun.tpss <> - start tpss controller for pid #3417
449 [139951404727424] INFO perfrun.launcher <> - Launcher: all plugins were started
450 [139951404727424] INFO perfrun.launcher <> - DirectoryMonitor object was created
450 [139951404727424] INFO perfrun.launcher <> - DirectoryMonitor: a callback was added
450 [139951404727424] INFO perfrun.launcher <> - DirectoryMonitor was started with pingTime = 1000
451 [139951404727424] INFO perfrun.launcher <> - DeadlineTimer is going to be constructed
451 [139951404727424] INFO perfrun.launcher <> - DeadlineTimer: a callback was added
460 [139951404727424] INFO perfrun.launcher <> - Launcher: resume the profiled application and  wait its termination or stop command
10229 [139951404727424] INFO perfrun.launcher <> - Launcher: the profiled application was terminated  with exit code = 0
10280 [139951404727424] WARN perfrun.sdk <> - Exception (filesystem::recursive_directory_iterator increment error: No such file or directory [system:2]) while iterating directory: /mnt/d/Semester 6/pdc/pdc_project/i221033_i220950_A_PDC_Project/vtune_hotspots8.DESKTOP-GRRJ2VV, at file: vcs/perfrun1/sdk/src/utils.cpp:295
10285 [139951249286848] INFO perfrun.itt <> - detach itt controller
10285 [139951249286848] INFO perfrun.itt <> - detach itt controller done
10287 [139951215716032] INFO perfrun.perfcollector <> - Monitor: runCmd RC = true
10287 [139951249286848] INFO perfrun.perfcollector <> - Monitor: state = 3, error = 1
10287 [139951249286848] INFO perfrun.tpss <> - stop tpss controller
10288 [139951249286848] INFO perfrun.sdk <> - De-allocating TMU: /tmp/amplxe-tmp-azfar/amplxe-res-3397-21108037407881/data.0/systemcollector-3397-DESKTOP-GRRJ2VV.sc
10288 [139951249286848] INFO perfrun.system <> - closed the system trace file: /tmp/amplxe-tmp-azfar/amplxe-res-3397-21108037407881/data.0/systemcollector-3397-DESKTOP-GRRJ2VV.sc
10289 [139951404727424] INFO perfrun.launcher <> - Launcher: all plugins were stopped.
10289 [139951404727424] INFO perfrun.launcher <> - DeadlineTimer is going to be destroyed
10289 [139951404727424] INFO perfrun.launcher <> - DeadlineTimer was destroyed
10289 [139951404727424] INFO perfrun.launcher <> - DirectoryMonitor object was destroyed
10290 [139951404727424] WARN perfrun.launcher <> - Stop command is ignored because it is received when collection is already stopped, at file: vcs/perfrun1/launcher/src/command_handler.cpp:226
10592 [139951404727424] INFO perfrun.launcher <> - Application exit code: 0
10592 [139951404727424] INFO perfrun.launcher <> - Exit code: 0
