5 [140287696468288] INFO perfrun.launcher <> - Launcher main begin
6 [140287696468288] INFO perfrun.launcher <> - MessageCatalogInit finished
7 [140287696468288] INFO perfrun.launcher <> - Launcher instance created
7 [140287696468288] INFO perfrun.launcher <> - argc = 6; cmdline = /opt/intel/oneapi/vtune/2025.3/bin64/amplxe-runss -dump-vdso -r /tmp/amplxe-tmp-azfar/amplxe-res-3397-21108037407881 --tmp-dir /tmp/amplxe-tmp-azfar 
43 [140287696468288] INFO perfrun.perfcollector <> - SEP tool path: /opt/intel/oneapi/vtune/2025.3/bin64/sep
61 [140287696468288] INFO perfrun.launcher <> - create msngr2::ICliToolContext
62 [140287696468288] INFO perfrun.launcher <> - create file finder object
63 [140287535998656] INFO perfrun.launcher <> - plugin [remoteplug] was disabled because it doesn't support the given collection type.
63 [140287535998656] INFO perfrun.launcher <> - plugin [system] was disabled because it doesn't support the given collection type.
64 [140287535998656] INFO perfrun.vdso <> - dumping [vdso] pseudomodule
65 [140287535998656] INFO perfrun.launcher <> - plugin [itt] was disabled because it doesn't support the given collection type.
65 [140287535998656] INFO perfrun.launcher <> - plugin [ptracecollector] was disabled because it doesn't support the given collection type.
65 [140287535998656] INFO perfrun.launcher <> - plugin [gpu] was disabled because it doesn't support the given collection type.
65 [140287535998656] INFO perfrun.launcher <> - plugin [] was disabled because it doesn't support the given collection type.
65 [140287535998656] INFO perfrun.launcher <> - plugin [] was disabled because it doesn't support the given collection type.
66 [140287535998656] INFO perfrun.launcher <> - plugin [] was disabled because it doesn't support the given collection type.
66 [140287535998656] INFO perfrun.launcher <> - plugin [mrte] was disabled because it doesn't support the given collection type.
66 [140287535998656] INFO perfrun.launcher <> - plugin [emon] was disabled because it doesn't support the given collection type.
66 [140287535998656] INFO perfrun.launcher <> - plugin [cuscol] was disabled because it doesn't support the given collection type.
66 [140287535998656] INFO perfrun.launcher <> - plugin [stdsrc] was disabled because it doesn't support the given collection type.
66 [140287535998656] INFO perfrun.launcher <> - plugin [sep] was disabled because it doesn't support the given collection type.
66 [140287535998656] INFO perfrun.launcher <> - plugin [vtsspp] was disabled because it doesn't support the given collection type.
67 [140287535998656] INFO perfrun.launcher <> - plugin [perf] was disabled because it doesn't support the given collection type.
67 [140287535998656] INFO perfrun.launcher <> - plugin [aoclprofile] was disabled because it doesn't support the given collection type.
67 [140287535998656] INFO perfrun.launcher <> - plugin [tpss] was disabled because it doesn't support the given collection type.
67 [140287535998656] INFO perfrun.launcher <> - plugin [media] was disabled because it doesn't support the given collection type.
67 [140287535998656] INFO perfrun.launcher <> - plugin [] was disabled because it doesn't support the given collection type.
67 [140287535998656] INFO perfrun.launcher <> - plugin [] was disabled because it doesn't support the given collection type.
67 [140287535998656] INFO perfrun.launcher <> - plugin [parallelfs] was disabled because it doesn't support the given collection type.
67 [140287535998656] INFO perfrun.launcher <> - plugin [power] was disabled because it doesn't support the given collection type.
68 [140287535998656] INFO perfrun.launcher <> - plugin [] was disabled because it doesn't support the given collection type.
68 [140287535998656] INFO perfrun.launcher <> - plugin [] was disabled because it doesn't support the given collection type.
68 [140287535998656] INFO perfrun.launcher <> - plugin [] was disabled because it doesn't support the given collection type.
68 [140287535998656] INFO perfrun.launcher <> - plugin [l0_metrics] was disabled because it doesn't support the given collection type.
68 [140287535998656] INFO perfrun.launcher <> - plugin [stall_reasons] was disabled because it doesn't support the given collection type.
68 [140287696468288] INFO perfrun.launcher <> - Application exit code: 0
68 [140287696468288] INFO perfrun.launcher <> - Exit code: 0
