
7202 : 0x16b05330792f : 3 : logger_init :  LOG FILE OPENED (by collectunits.logger), level: 4
7202 : 0x16b05902ee9f : 4 : pytrace_try_probe_python_functions :  Python version is detected as == 0x0
7202 : 0x16b0594f8273 : 4 : pytrace_try_probe_python_functions :  Python version is detected as == 0x0
7202 : 0x16b05b42d515 : 4 : pytrace_try_probe_python_functions :  Python version is detected as == 0x0
7202 : 0x16b05b843d4b : 4 : pytrace_try_probe_python_functions :  Python version is detected as == 0x0
7202 : 0x16b05cbacca1 : 4 : pytrace_try_probe_python_functions :  Python version is detected as == 0x0
7202 : 0x16b07e6afc07 : 4 : pytrace_try_probe_python_functions :  Python version is detected as == 0x0
7202 : 0x16b07efe2b5f : 4 : pytrace_try_probe_python_functions :  Python version is detected as == 0x0
7202 : 0x16b0809799d1 : 4 : pytrace_try_probe_python_functions :  Python version is detected as == 0x0
7202 : 0x16b08ac998bf : 4 : pytrace_try_probe_python_functions :  Python version is detected as == 0x0
7202 : 0x16b08b053ab9 : 4 : pytrace_try_probe_python_functions :  Python version is detected as == 0x0
7202 : 0x16b08b1c07bf : 4 : pytrace_try_probe_python_functions :  Python version is detected as == 0x0
7202 : 0x16b08bb82457 : 4 : pytrace_try_probe_python_functions :  Python version is detected as == 0x0
7202 : 0x16b08c669561 : 4 : pytrace_try_probe_python_functions :  Python version is detected as == 0x0
7202 : 0x16b08cca59bf : 4 : pytrace_try_probe_python_functions :  Python version is detected as == 0x0
7202 : 0x16b091193289 : 4 : pytrace_try_probe_python_functions :  Python version is detected as == 0x0
7202 : 0x16b0914a62f7 : 4 : pytrace_try_probe_python_functions :  Python version is detected as == 0x0
7202 : 0x16b091574039 : 4 : pytrace_try_probe_python_functions :  Python version is detected as == 0x0
7202 : 0x16b0916d04f3 : 4 : pytrace_try_probe_python_functions :  Python version is detected as == 0x0
7202 : 0x16b091b31f60 : 4 : pytrace_start_profiling :  [CALLED]
7202 : 0x16b0922e4695 : 4 : pytrace_try_probe_python_functions :  Python version is detected as == 0x0
7202 : 0x16b092464085 : 4 : pytrace_try_probe_python_functions :  Python version is detected as == 0x0
7202 : 0x16b0925e2aa5 : 4 : pytrace_try_probe_python_functions :  Python version is detected as == 0x0
7202 : 0x16b092893d49 : 4 : pytrace_try_probe_python_functions :  Python version is detected as == 0x0
7202 : 0x16b092c66d19 : 4 : pytrace_try_probe_python_functions :  Python version is detected as == 0x0
7202 : 0x16b092e3400f : 4 : pytrace_try_probe_python_functions :  Python version is detected as == 0x0
7202 : 0x16b09315ad1d : 4 : pytrace_try_probe_python_functions :  Python version is detected as == 0x0
7202 : 0x16b0932f5a19 : 4 : pytrace_try_probe_python_functions :  Python version is detected as == 0x0
7202 : 0x16b0934c3dd9 : 4 : pytrace_try_probe_python_functions :  Python version is detected as == 0x0
7202 : 0x16b093675d01 : 4 : pytrace_try_probe_python_functions :  Python version is detected as == 0x0
7202 : 0x16b093784a17 : 4 : pytrace_try_probe_python_functions :  Python version is detected as == 0x0
7202 : 0x16b0938bea15 : 4 : pytrace_try_probe_python_functions :  Python version is detected as == 0x0
7202 : 0x16b093b1c36f : 4 : pytrace_try_probe_python_functions :  Python version is detected as == 0x0
7202 : 0x16b093dbbac3 : 4 : pytrace_try_probe_python_functions :  Python version is detected as == 0x0
7202 : 0x16b094abb53f : 4 : pytrace_try_probe_python_functions :  Python version is detected as == 0x0
7202 : 0x16b094f2e93d : 4 : pytrace_try_probe_python_functions :  Python version is detected as == 0x0
7202 : 0x16b09536e77f : 4 : pytrace_try_probe_python_functions :  Python version is detected as == 0x0
7202 : 0x16b0981474cb : 4 : pytrace_try_probe_python_functions :  Python version is detected as == 0x0
7202 : 0x16b09823d45f : 4 : pytrace_try_probe_python_functions :  Python version is detected as == 0x0
7202 : 0x16b0983203e5 : 4 : pytrace_try_probe_python_functions :  Python version is detected as == 0x0
7202 : 0x16b09842a23f : 4 : pytrace_try_probe_python_functions :  Python version is detected as == 0x0
7202 : 0x16b09855150d : 4 : pytrace_try_probe_python_functions :  Python version is detected as == 0x0
7202 : 0x16b0987744f3 : 4 : pytrace_try_probe_python_functions :  Python version is detected as == 0x0
7202 : 0x16b098862fd7 : 4 : pytrace_try_probe_python_functions :  Python version is detected as == 0x0
7202 : 0x16b098985567 : 4 : pytrace_try_probe_python_functions :  Python version is detected as == 0x0
7202 : 0x16b098a7ff29 : 4 : pytrace_try_probe_python_functions :  Python version is detected as == 0x0
7202 : 0x16b09915eda7 : 4 : pytrace_try_probe_python_functions :  Python version is detected as == 0x0
7202 : 0x16b0992fa517 : 4 : pytrace_try_probe_python_functions :  Python version is detected as == 0x0
7202 : 0x16b099497743 : 4 : pytrace_try_probe_python_functions :  Python version is detected as == 0x0
7202 : 0x16b0996179a3 : 4 : pytrace_try_probe_python_functions :  Python version is detected as == 0x0
7202 : 0x16b0997f50b1 : 4 : pytrace_try_probe_python_functions :  Python version is detected as == 0x0
7202 : 0x16b099a1142b : 4 : pytrace_try_probe_python_functions :  Python version is detected as == 0x0
7202 : 0x16b099b2a283 : 4 : pytrace_try_probe_python_functions :  Python version is detected as == 0x0
7202 : 0x16b099cbccbd : 4 : pytrace_try_probe_python_functions :  Python version is detected as == 0x0
7202 : 0x16b099dbb7b7 : 4 : pytrace_try_probe_python_functions :  Python version is detected as == 0x0
7202 : 0x16b099f993cb : 4 : pytrace_try_probe_python_functions :  Python version is detected as == 0x0
7202 : 0x16b09a37ad2f : 4 : pytrace_try_probe_python_functions :  Python version is detected as == 0x0
7202 : 0x16b09a52dae1 : 4 : pytrace_try_probe_python_functions :  Python version is detected as == 0x0
7202 : 0x16b09a683cc3 : 4 : pytrace_try_probe_python_functions :  Python version is detected as == 0x0
7202 : 0x16b09a8b3af3 : 4 : pytrace_try_probe_python_functions :  Python version is detected as == 0x0
7202 : 0x16b09aaea3b5 : 4 : pytrace_try_probe_python_functions :  Python version is detected as == 0x0
7202 : 0x16b09ad780ef : 4 : pytrace_try_probe_python_functions :  Python version is detected as == 0x0
7202 : 0x16b09b4cdf65 : 4 : pytrace_try_probe_python_functions :  Python version is detected as == 0x0
7202 : 0x16b09b69155f : 4 : pytrace_try_probe_python_functions :  Python version is detected as == 0x0
7202 : 0x16b09b7af609 : 4 : pytrace_try_probe_python_functions :  Python version is detected as == 0x0
7202 : 0x16b0a945ab28 : 4 : pytrace_try_probe_python_functions :  Python version is detected as == 0x0
7202 : 0x16b0a99937fc : 4 : pytrace_try_probe_python_functions :  Python version is detected as == 0x0
7202 : 0x16b0a9dae09a : 4 : pytrace_try_probe_python_functions :  Python version is detected as == 0x0
7202 : 0x16b0b7b80b49 : 4 : pytrace_try_probe_python_functions :  Python version is detected as == 0x0
7202 : 0x16b0b7ce0295 : 4 : pytrace_try_probe_python_functions :  Python version is detected as == 0x0
7202 : 0x16b0b7ea8f7d : 4 : pytrace_try_probe_python_functions :  Python version is detected as == 0x0
7202 : 0x16b0b8040c17 : 4 : pytrace_try_probe_python_functions :  Python version is detected as == 0x0
7202 : 0x16b0b818b55d : 4 : pytrace_try_probe_python_functions :  Python version is detected as == 0x0
7202 : 0x16b0b82fab27 : 4 : pytrace_try_probe_python_functions :  Python version is detected as == 0x0
7202 : 0x16b0b84b416d : 4 : pytrace_try_probe_python_functions :  Python version is detected as == 0x0
7202 : 0x16b0b857de49 : 4 : pytrace_try_probe_python_functions :  Python version is detected as == 0x0
7202 : 0x16b0b87605bb : 4 : pytrace_try_probe_python_functions :  Python version is detected as == 0x0
7202 : 0x16b0b88e0b9d : 4 : pytrace_try_probe_python_functions :  Python version is detected as == 0x0
7202 : 0x16b0b8a132fb : 4 : pytrace_try_probe_python_functions :  Python version is detected as == 0x0
7202 : 0x16b0b8cbd151 : 4 : pytrace_try_probe_python_functions :  Python version is detected as == 0x0
7202 : 0x16b0b8e52867 : 4 : pytrace_try_probe_python_functions :  Python version is detected as == 0x0
7202 : 0x16b0b8fc64d1 : 4 : pytrace_try_probe_python_functions :  Python version is detected as == 0x0
7202 : 0x16b3460c435f : 4 : pytrace_stop_profiling :  [CALLED]
7202 : 0x16b3460d3703 : 3 : logger_fini :  LOG FILE CLOSED (by collectunits.logger)