
7451 : 0x16c8aa2ef668 : 3 : logger_init :  LOG FILE OPENED (by collectunits.logger), level: 4
7451 : 0x16c8b05899ca : 4 : pytrace_try_probe_python_functions :  Python version is detected as == 0x0
7451 : 0x16c8b0d69962 : 4 : pytrace_try_probe_python_functions :  Python version is detected as == 0x0
7451 : 0x16c8b251d680 : 4 : pytrace_try_probe_python_functions :  Python version is detected as == 0x0
7451 : 0x16c8b291c222 : 4 : pytrace_try_probe_python_functions :  Python version is detected as == 0x0
7451 : 0x16c8b35bd280 : 4 : pytrace_try_probe_python_functions :  Python version is detected as == 0x0
7451 : 0x16c8cb525508 : 4 : pytrace_try_probe_python_functions :  Python version is detected as == 0x0
7451 : 0x16c8cba343f0 : 4 : pytrace_try_probe_python_functions :  Python version is detected as == 0x0
7451 : 0x16c8cbc986b0 : 4 : pytrace_try_probe_python_functions :  Python version is detected as == 0x0
7451 : 0x16c8d0f690eb : 4 : pytrace_try_probe_python_functions :  Python version is detected as == 0x0
7451 : 0x16c8d121d0a7 : 4 : pytrace_try_probe_python_functions :  Python version is detected as == 0x0
7451 : 0x16c8d12c9427 : 4 : pytrace_try_probe_python_functions :  Python version is detected as == 0x0
7451 : 0x16c8d1b360b7 : 4 : pytrace_try_probe_python_functions :  Python version is detected as == 0x0
7451 : 0x16c8d2543353 : 4 : pytrace_try_probe_python_functions :  Python version is detected as == 0x0
7451 : 0x16c8d2d41c43 : 4 : pytrace_try_probe_python_functions :  Python version is detected as == 0x0
7451 : 0x16c8d5cb3f33 : 4 : pytrace_try_probe_python_functions :  Python version is detected as == 0x0
7451 : 0x16c8d5f87861 : 4 : pytrace_try_probe_python_functions :  Python version is detected as == 0x0
7451 : 0x16c8d6041b31 : 4 : pytrace_try_probe_python_functions :  Python version is detected as == 0x0
7451 : 0x16c8d61a0547 : 4 : pytrace_try_probe_python_functions :  Python version is detected as == 0x0
7451 : 0x16c8d64f47e8 : 4 : pytrace_start_profiling :  [CALLED]
7451 : 0x16c8d6ac1c26 : 4 : pytrace_try_probe_python_functions :  Python version is detected as == 0x0
7451 : 0x16c8d6b8b9a8 : 4 : pytrace_try_probe_python_functions :  Python version is detected as == 0x0
7451 : 0x16c8d6c9d9e0 : 4 : pytrace_try_probe_python_functions :  Python version is detected as == 0x0
7451 : 0x16c8d6e6cea2 : 4 : pytrace_try_probe_python_functions :  Python version is detected as == 0x0
7451 : 0x16c8d70c57f8 : 4 : pytrace_try_probe_python_functions :  Python version is detected as == 0x0
7451 : 0x16c8d71b8a34 : 4 : pytrace_try_probe_python_functions :  Python version is detected as == 0x0
7451 : 0x16c8d735d054 : 4 : pytrace_try_probe_python_functions :  Python version is detected as == 0x0
7451 : 0x16c8d7421874 : 4 : pytrace_try_probe_python_functions :  Python version is detected as == 0x0
7451 : 0x16c8d74f2338 : 4 : pytrace_try_probe_python_functions :  Python version is detected as == 0x0
7451 : 0x16c8d75e2d88 : 4 : pytrace_try_probe_python_functions :  Python version is detected as == 0x0
7451 : 0x16c8d76b9126 : 4 : pytrace_try_probe_python_functions :  Python version is detected as == 0x0
7451 : 0x16c8d77b69d0 : 4 : pytrace_try_probe_python_functions :  Python version is detected as == 0x0
7451 : 0x16c8d798e288 : 4 : pytrace_try_probe_python_functions :  Python version is detected as == 0x0
7451 : 0x16c8d7baa0e8 : 4 : pytrace_try_probe_python_functions :  Python version is detected as == 0x0
7451 : 0x16c8d85f928e : 4 : pytrace_try_probe_python_functions :  Python version is detected as == 0x0
7451 : 0x16c8d8722884 : 4 : pytrace_try_probe_python_functions :  Python version is detected as == 0x0
7451 : 0x16c8d8ad54b4 : 4 : pytrace_try_probe_python_functions :  Python version is detected as == 0x0
7451 : 0x16c8db865269 : 4 : pytrace_try_probe_python_functions :  Python version is detected as == 0x0
7451 : 0x16c8db9495c7 : 4 : pytrace_try_probe_python_functions :  Python version is detected as == 0x0
7451 : 0x16c8dba4980f : 4 : pytrace_try_probe_python_functions :  Python version is detected as == 0x0
7451 : 0x16c8dbb29c73 : 4 : pytrace_try_probe_python_functions :  Python version is detected as == 0x0
7451 : 0x16c8dbbfe0eb : 4 : pytrace_try_probe_python_functions :  Python version is detected as == 0x0
7451 : 0x16c8dbdb41d1 : 4 : pytrace_try_probe_python_functions :  Python version is detected as == 0x0
7451 : 0x16c8dbe8eb37 : 4 : pytrace_try_probe_python_functions :  Python version is detected as == 0x0
7451 : 0x16c8dbf5cab5 : 4 : pytrace_try_probe_python_functions :  Python version is detected as == 0x0
7451 : 0x16c8dc07ab57 : 4 : pytrace_try_probe_python_functions :  Python version is detected as == 0x0
7451 : 0x16c8dc5c1df0 : 4 : pytrace_try_probe_python_functions :  Python version is detected as == 0x0
7451 : 0x16c8dc7a9d10 : 4 : pytrace_try_probe_python_functions :  Python version is detected as == 0x0
7451 : 0x16c8dc96bd2a : 4 : pytrace_try_probe_python_functions :  Python version is detected as == 0x0
7451 : 0x16c8dcb1610c : 4 : pytrace_try_probe_python_functions :  Python version is detected as == 0x0
7451 : 0x16c8dccd5878 : 4 : pytrace_try_probe_python_functions :  Python version is detected as == 0x0
7451 : 0x16c8dceec42c : 4 : pytrace_try_probe_python_functions :  Python version is detected as == 0x0
7451 : 0x16c8dd0292fa : 4 : pytrace_try_probe_python_functions :  Python version is detected as == 0x0
7451 : 0x16c8dd18482c : 4 : pytrace_try_probe_python_functions :  Python version is detected as == 0x0
7451 : 0x16c8dd2946d6 : 4 : pytrace_try_probe_python_functions :  Python version is detected as == 0x0
7451 : 0x16c8dd3df415 : 4 : pytrace_try_probe_python_functions :  Python version is detected as == 0x0
7451 : 0x16c8dd7999e8 : 4 : pytrace_try_probe_python_functions :  Python version is detected as == 0x0
7451 : 0x16c8dd9ca202 : 4 : pytrace_try_probe_python_functions :  Python version is detected as == 0x0
7451 : 0x16c8ddb8c4b6 : 4 : pytrace_try_probe_python_functions :  Python version is detected as == 0x0
7451 : 0x16c8dde2ac2e : 4 : pytrace_try_probe_python_functions :  Python version is detected as == 0x0
7451 : 0x16c8de1191e0 : 4 : pytrace_try_probe_python_functions :  Python version is detected as == 0x0
7451 : 0x16c8de409b00 : 4 : pytrace_try_probe_python_functions :  Python version is detected as == 0x0
7451 : 0x16c8dea48458 : 4 : pytrace_try_probe_python_functions :  Python version is detected as == 0x0
7451 : 0x16c8dec40504 : 4 : pytrace_try_probe_python_functions :  Python version is detected as == 0x0
7451 : 0x16c8ded496ba : 4 : pytrace_try_probe_python_functions :  Python version is detected as == 0x0
7451 : 0x16c8ec8e2eae : 4 : pytrace_try_probe_python_functions :  Python version is detected as == 0x0
7451 : 0x16c8ecc9d48c : 4 : pytrace_try_probe_python_functions :  Python version is detected as == 0x0
7451 : 0x16c8ecf397f6 : 4 : pytrace_try_probe_python_functions :  Python version is detected as == 0x0
7451 : 0x16c8fac41895 : 4 : pytrace_try_probe_python_functions :  Python version is detected as == 0x0
7451 : 0x16c8fad61c59 : 4 : pytrace_try_probe_python_functions :  Python version is detected as == 0x0
7451 : 0x16c8faefb6f7 : 4 : pytrace_try_probe_python_functions :  Python version is detected as == 0x0
7451 : 0x16c8fb065d21 : 4 : pytrace_try_probe_python_functions :  Python version is detected as == 0x0
7451 : 0x16c8fb18b39d : 4 : pytrace_try_probe_python_functions :  Python version is detected as == 0x0
7451 : 0x16c8fb2e1669 : 4 : pytrace_try_probe_python_functions :  Python version is detected as == 0x0
7451 : 0x16c8fb42e7e3 : 4 : pytrace_try_probe_python_functions :  Python version is detected as == 0x0
7451 : 0x16c8fb4ee1df : 4 : pytrace_try_probe_python_functions :  Python version is detected as == 0x0
7451 : 0x16c8fb6a494f : 4 : pytrace_try_probe_python_functions :  Python version is detected as == 0x0
7451 : 0x16c8fb7c355d : 4 : pytrace_try_probe_python_functions :  Python version is detected as == 0x0
7451 : 0x16c8fb8ebcef : 4 : pytrace_try_probe_python_functions :  Python version is detected as == 0x0
7451 : 0x16c8fbb2b70b : 4 : pytrace_try_probe_python_functions :  Python version is detected as == 0x0
7451 : 0x16c8fbc73ad9 : 4 : pytrace_try_probe_python_functions :  Python version is detected as == 0x0
7451 : 0x16c8fbddaa5f : 4 : pytrace_try_probe_python_functions :  Python version is detected as == 0x0
7451 : 0x16cbd3b8ba09 : 4 : pytrace_stop_profiling :  [CALLED]
7451 : 0x16cbd3b90a33 : 3 : logger_fini :  LOG FILE CLOSED (by collectunits.logger)