
8143 : 0x170e150b3c54 : 3 : logger_init :  LOG FILE OPENED (by collectunits.logger), level: 4
8143 : 0x170e1b79b311 : 4 : pytrace_try_probe_python_functions :  Python version is detected as == 0x0
8143 : 0x170e1be2943d : 4 : pytrace_try_probe_python_functions :  Python version is detected as == 0x0
8143 : 0x170e1db56af7 : 4 : pytrace_try_probe_python_functions :  Python version is detected as == 0x0
8143 : 0x170e1ddfb317 : 4 : pytrace_try_probe_python_functions :  Python version is detected as == 0x0
8143 : 0x170e1ee61bef : 4 : pytrace_try_probe_python_functions :  Python version is detected as == 0x0
8143 : 0x170e381a621d : 4 : pytrace_try_probe_python_functions :  Python version is detected as == 0x0
8143 : 0x170e3877e5bd : 4 : pytrace_try_probe_python_functions :  Python version is detected as == 0x0
8143 : 0x170e38a81c4b : 4 : pytrace_try_probe_python_functions :  Python version is detected as == 0x0
8143 : 0x170e402496d3 : 4 : pytrace_try_probe_python_functions :  Python version is detected as == 0x0
8143 : 0x170e405fcd6c : 4 : pytrace_try_probe_python_functions :  Python version is detected as == 0x0
8143 : 0x170e406c538a : 4 : pytrace_try_probe_python_functions :  Python version is detected as == 0x0
8143 : 0x170e40d712ea : 4 : pytrace_try_probe_python_functions :  Python version is detected as == 0x0
8143 : 0x170e415705ba : 4 : pytrace_try_probe_python_functions :  Python version is detected as == 0x0
8143 : 0x170e41b15d29 : 4 : pytrace_try_probe_python_functions :  Python version is detected as == 0x0
8143 : 0x170e45c924ab : 4 : pytrace_try_probe_python_functions :  Python version is detected as == 0x0
8143 : 0x170e46019985 : 4 : pytrace_try_probe_python_functions :  Python version is detected as == 0x0
8143 : 0x170e4610c085 : 4 : pytrace_try_probe_python_functions :  Python version is detected as == 0x0
8143 : 0x170e46287937 : 4 : pytrace_try_probe_python_functions :  Python version is detected as == 0x0
8143 : 0x170e46697314 : 4 : pytrace_start_profiling :  [CALLED]
8143 : 0x170e46d45604 : 4 : pytrace_try_probe_python_functions :  Python version is detected as == 0x0
8143 : 0x170e46e38ee0 : 4 : pytrace_try_probe_python_functions :  Python version is detected as == 0x0
8143 : 0x170e46f77022 : 4 : pytrace_try_probe_python_functions :  Python version is detected as == 0x0
8143 : 0x170e47161fd2 : 4 : pytrace_try_probe_python_functions :  Python version is detected as == 0x0
8143 : 0x170e473df752 : 4 : pytrace_try_probe_python_functions :  Python version is detected as == 0x0
8143 : 0x170e47508a78 : 4 : pytrace_try_probe_python_functions :  Python version is detected as == 0x0
8143 : 0x170e476e4882 : 4 : pytrace_try_probe_python_functions :  Python version is detected as == 0x0
8143 : 0x170e477c3222 : 4 : pytrace_try_probe_python_functions :  Python version is detected as == 0x0
8143 : 0x170e478a99b2 : 4 : pytrace_try_probe_python_functions :  Python version is detected as == 0x0
8143 : 0x170e479a4b0c : 4 : pytrace_try_probe_python_functions :  Python version is detected as == 0x0
8143 : 0x170e47a8aaea : 4 : pytrace_try_probe_python_functions :  Python version is detected as == 0x0
8143 : 0x170e47bceec8 : 4 : pytrace_try_probe_python_functions :  Python version is detected as == 0x0
8143 : 0x170e47f30141 : 4 : pytrace_try_probe_python_functions :  Python version is detected as == 0x0
8143 : 0x170e482aeaa7 : 4 : pytrace_try_probe_python_functions :  Python version is detected as == 0x0
8143 : 0x170e4941357a : 4 : pytrace_try_probe_python_functions :  Python version is detected as == 0x0
8143 : 0x170e495ee2a2 : 4 : pytrace_try_probe_python_functions :  Python version is detected as == 0x0
8143 : 0x170e49b87bfc : 4 : pytrace_try_probe_python_functions :  Python version is detected as == 0x0
8143 : 0x170e4ce06ace : 4 : pytrace_try_probe_python_functions :  Python version is detected as == 0x0
8143 : 0x170e4cfb30d2 : 4 : pytrace_try_probe_python_functions :  Python version is detected as == 0x0
8143 : 0x170e4d11ecc0 : 4 : pytrace_try_probe_python_functions :  Python version is detected as == 0x0
8143 : 0x170e4d2d8968 : 4 : pytrace_try_probe_python_functions :  Python version is detected as == 0x0
8143 : 0x170e4d4cc1dc : 4 : pytrace_try_probe_python_functions :  Python version is detected as == 0x0
8143 : 0x170e4d7cfcaa : 4 : pytrace_try_probe_python_functions :  Python version is detected as == 0x0
8143 : 0x170e4d93cd38 : 4 : pytrace_try_probe_python_functions :  Python version is detected as == 0x0
8143 : 0x170e4dacb66e : 4 : pytrace_try_probe_python_functions :  Python version is detected as == 0x0
8143 : 0x170e4dc286bc : 4 : pytrace_try_probe_python_functions :  Python version is detected as == 0x0
8143 : 0x170e4e466640 : 4 : pytrace_try_probe_python_functions :  Python version is detected as == 0x0
8143 : 0x170e4e67cdc6 : 4 : pytrace_try_probe_python_functions :  Python version is detected as == 0x0
8143 : 0x170e4e81c60c : 4 : pytrace_try_probe_python_functions :  Python version is detected as == 0x0
8143 : 0x170e4eab9e9a : 4 : pytrace_try_probe_python_functions :  Python version is detected as == 0x0
8143 : 0x170e4ecdf8e4 : 4 : pytrace_try_probe_python_functions :  Python version is detected as == 0x0
8143 : 0x170e4efa1451 : 4 : pytrace_try_probe_python_functions :  Python version is detected as == 0x0
8143 : 0x170e4f1459ed : 4 : pytrace_try_probe_python_functions :  Python version is detected as == 0x0
8143 : 0x170e4f39f20b : 4 : pytrace_try_probe_python_functions :  Python version is detected as == 0x0
8143 : 0x170e4f4ffcb1 : 4 : pytrace_try_probe_python_functions :  Python version is detected as == 0x0
8143 : 0x170e4f6bd56f : 4 : pytrace_try_probe_python_functions :  Python version is detected as == 0x0
8143 : 0x170e4fad8917 : 4 : pytrace_try_probe_python_functions :  Python version is detected as == 0x0
8143 : 0x170e4fcc0a15 : 4 : pytrace_try_probe_python_functions :  Python version is detected as == 0x0
8143 : 0x170e4fe2f9e3 : 4 : pytrace_try_probe_python_functions :  Python version is detected as == 0x0
8143 : 0x170e500d0421 : 4 : pytrace_try_probe_python_functions :  Python version is detected as == 0x0
8143 : 0x170e503628dd : 4 : pytrace_try_probe_python_functions :  Python version is detected as == 0x0
8143 : 0x170e505ec761 : 4 : pytrace_try_probe_python_functions :  Python version is detected as == 0x0
8143 : 0x170e50d0c726 : 4 : pytrace_try_probe_python_functions :  Python version is detected as == 0x0
8143 : 0x170e50f45486 : 4 : pytrace_try_probe_python_functions :  Python version is detected as == 0x0
8143 : 0x170e510f1e24 : 4 : pytrace_try_probe_python_functions :  Python version is detected as == 0x0
8143 : 0x170e5ecb0464 : 4 : pytrace_try_probe_python_functions :  Python version is detected as == 0x0
8143 : 0x170e5efc3118 : 4 : pytrace_try_probe_python_functions :  Python version is detected as == 0x0
8143 : 0x170e5f206704 : 4 : pytrace_try_probe_python_functions :  Python version is detected as == 0x0
8143 : 0x170e6cf0e049 : 4 : pytrace_try_probe_python_functions :  Python version is detected as == 0x0
8143 : 0x170e6d04b1d7 : 4 : pytrace_try_probe_python_functions :  Python version is detected as == 0x0
8143 : 0x170e6d1a4a61 : 4 : pytrace_try_probe_python_functions :  Python version is detected as == 0x0
8143 : 0x170e6d2fffab : 4 : pytrace_try_probe_python_functions :  Python version is detected as == 0x0
8143 : 0x170e6d432c1b : 4 : pytrace_try_probe_python_functions :  Python version is detected as == 0x0
8143 : 0x170e6d57f897 : 4 : pytrace_try_probe_python_functions :  Python version is detected as == 0x0
8143 : 0x170e6d6daeab : 4 : pytrace_try_probe_python_functions :  Python version is detected as == 0x0
8143 : 0x170e6d79128d : 4 : pytrace_try_probe_python_functions :  Python version is detected as == 0x0
8143 : 0x170e6db5d071 : 4 : pytrace_try_probe_python_functions :  Python version is detected as == 0x0
8143 : 0x170e6dcd4d3f : 4 : pytrace_try_probe_python_functions :  Python version is detected as == 0x0
8143 : 0x170e6ddfb46f : 4 : pytrace_try_probe_python_functions :  Python version is detected as == 0x0
8143 : 0x170e6e0708d1 : 4 : pytrace_try_probe_python_functions :  Python version is detected as == 0x0
8143 : 0x170e6e211833 : 4 : pytrace_try_probe_python_functions :  Python version is detected as == 0x0
8143 : 0x170e6e3a98b5 : 4 : pytrace_try_probe_python_functions :  Python version is detected as == 0x0
8143 : 0x171244047617 : 4 : pytrace_stop_profiling :  [CALLED]
8143 : 0x17124404febb : 3 : logger_fini :  LOG FILE CLOSED (by collectunits.logger)