
8611 : 0x176f613c6920 : 3 : logger_init :  LOG FILE OPENED (by collectunits.logger), level: 4
8611 : 0x176f6794a621 : 4 : pytrace_try_probe_python_functions :  Python version is detected as == 0x0
8611 : 0x176f67f46e24 : 4 : pytrace_try_probe_python_functions :  Python version is detected as == 0x0
8611 : 0x176f6970960c : 4 : pytrace_try_probe_python_functions :  Python version is detected as == 0x0
8611 : 0x176f699fa49c : 4 : pytrace_try_probe_python_functions :  Python version is detected as == 0x0
8611 : 0x176f6a5f3144 : 4 : pytrace_try_probe_python_functions :  Python version is detected as == 0x0
8611 : 0x176f831fdb31 : 4 : pytrace_try_probe_python_functions :  Python version is detected as == 0x0
8611 : 0x176f836e1ee7 : 4 : pytrace_try_probe_python_functions :  Python version is detected as == 0x0
8611 : 0x176f8393f755 : 4 : pytrace_try_probe_python_functions :  Python version is detected as == 0x0
8611 : 0x176f8878649f : 4 : pytrace_try_probe_python_functions :  Python version is detected as == 0x0
8611 : 0x176f889d83fd : 4 : pytrace_try_probe_python_functions :  Python version is detected as == 0x0
8611 : 0x176f88a811c5 : 4 : pytrace_try_probe_python_functions :  Python version is detected as == 0x0
8611 : 0x176f89026659 : 4 : pytrace_try_probe_python_functions :  Python version is detected as == 0x0
8611 : 0x176f896492a7 : 4 : pytrace_try_probe_python_functions :  Python version is detected as == 0x0
8611 : 0x176f89b15323 : 4 : pytrace_try_probe_python_functions :  Python version is detected as == 0x0
8611 : 0x176f8ca105bd : 4 : pytrace_try_probe_python_functions :  Python version is detected as == 0x0
8611 : 0x176f8cd58875 : 4 : pytrace_try_probe_python_functions :  Python version is detected as == 0x0
8611 : 0x176f8ce00cc5 : 4 : pytrace_try_probe_python_functions :  Python version is detected as == 0x0
8611 : 0x176f8cf51891 : 4 : pytrace_try_probe_python_functions :  Python version is detected as == 0x0
8611 : 0x176f8d30f67f : 4 : pytrace_start_profiling :  [CALLED]
8611 : 0x176f8d84a86b : 4 : pytrace_try_probe_python_functions :  Python version is detected as == 0x0
8611 : 0x176f8d90f355 : 4 : pytrace_try_probe_python_functions :  Python version is detected as == 0x0
8611 : 0x176f8da08df5 : 4 : pytrace_try_probe_python_functions :  Python version is detected as == 0x0
8611 : 0x176f8dc08e6b : 4 : pytrace_try_probe_python_functions :  Python version is detected as == 0x0
8611 : 0x176f8de302fb : 4 : pytrace_try_probe_python_functions :  Python version is detected as == 0x0
8611 : 0x176f8df0975f : 4 : pytrace_try_probe_python_functions :  Python version is detected as == 0x0
8611 : 0x176f8e0ab683 : 4 : pytrace_try_probe_python_functions :  Python version is detected as == 0x0
8611 : 0x176f8e16b601 : 4 : pytrace_try_probe_python_functions :  Python version is detected as == 0x0
8611 : 0x176f8e238e15 : 4 : pytrace_try_probe_python_functions :  Python version is detected as == 0x0
8611 : 0x176f8e3051cd : 4 : pytrace_try_probe_python_functions :  Python version is detected as == 0x0
8611 : 0x176f8e3cf3a9 : 4 : pytrace_try_probe_python_functions :  Python version is detected as == 0x0
8611 : 0x176f8e4e8a2b : 4 : pytrace_try_probe_python_functions :  Python version is detected as == 0x0
8611 : 0x176f8e6b7825 : 4 : pytrace_try_probe_python_functions :  Python version is detected as == 0x0
8611 : 0x176f8e8963bf : 4 : pytrace_try_probe_python_functions :  Python version is detected as == 0x0
8611 : 0x176f8f2fd0f3 : 4 : pytrace_try_probe_python_functions :  Python version is detected as == 0x0
8611 : 0x176f8f41d5f9 : 4 : pytrace_try_probe_python_functions :  Python version is detected as == 0x0
8611 : 0x176f8f8b5a64 : 4 : pytrace_try_probe_python_functions :  Python version is detected as == 0x0
8611 : 0x176f9122ab7e : 4 : pytrace_try_probe_python_functions :  Python version is detected as == 0x0
8611 : 0x176f91314954 : 4 : pytrace_try_probe_python_functions :  Python version is detected as == 0x0
8611 : 0x176f913f51c8 : 4 : pytrace_try_probe_python_functions :  Python version is detected as == 0x0
8611 : 0x176f914efa4e : 4 : pytrace_try_probe_python_functions :  Python version is detected as == 0x0
8611 : 0x176f915ded68 : 4 : pytrace_try_probe_python_functions :  Python version is detected as == 0x0
8611 : 0x176f917c6f98 : 4 : pytrace_try_probe_python_functions :  Python version is detected as == 0x0
8611 : 0x176f91899c4e : 4 : pytrace_try_probe_python_functions :  Python version is detected as == 0x0
8611 : 0x176f919c1cf9 : 4 : pytrace_try_probe_python_functions :  Python version is detected as == 0x0
8611 : 0x176f91ab8f97 : 4 : pytrace_try_probe_python_functions :  Python version is detected as == 0x0
8611 : 0x176f920087ed : 4 : pytrace_try_probe_python_functions :  Python version is detected as == 0x0
8611 : 0x176f9215476b : 4 : pytrace_try_probe_python_functions :  Python version is detected as == 0x0
8611 : 0x176f9227e5b9 : 4 : pytrace_try_probe_python_functions :  Python version is detected as == 0x0
8611 : 0x176f923af525 : 4 : pytrace_try_probe_python_functions :  Python version is detected as == 0x0
8611 : 0x176f924dde6f : 4 : pytrace_try_probe_python_functions :  Python version is detected as == 0x0
8611 : 0x176f92664993 : 4 : pytrace_try_probe_python_functions :  Python version is detected as == 0x0
8611 : 0x176f92764557 : 4 : pytrace_try_probe_python_functions :  Python version is detected as == 0x0
8611 : 0x176f928d5deb : 4 : pytrace_try_probe_python_functions :  Python version is detected as == 0x0
8611 : 0x176f929bde8b : 4 : pytrace_try_probe_python_functions :  Python version is detected as == 0x0
8611 : 0x176f92b2870b : 4 : pytrace_try_probe_python_functions :  Python version is detected as == 0x0
8611 : 0x176f92e0eb39 : 4 : pytrace_try_probe_python_functions :  Python version is detected as == 0x0
8611 : 0x176f92f6b3cf : 4 : pytrace_try_probe_python_functions :  Python version is detected as == 0x0
8611 : 0x176f930c25bf : 4 : pytrace_try_probe_python_functions :  Python version is detected as == 0x0
8611 : 0x176f9327dfa3 : 4 : pytrace_try_probe_python_functions :  Python version is detected as == 0x0
8611 : 0x176f93471be5 : 4 : pytrace_try_probe_python_functions :  Python version is detected as == 0x0
8611 : 0x176f9369d401 : 4 : pytrace_try_probe_python_functions :  Python version is detected as == 0x0
8611 : 0x176f93ce8599 : 4 : pytrace_try_probe_python_functions :  Python version is detected as == 0x0
8611 : 0x176f93ed1fb3 : 4 : pytrace_try_probe_python_functions :  Python version is detected as == 0x0
8611 : 0x176f94019cb9 : 4 : pytrace_try_probe_python_functions :  Python version is detected as == 0x0
8611 : 0x176fa1a04ede : 4 : pytrace_try_probe_python_functions :  Python version is detected as == 0x0
8611 : 0x176fa1c15b20 : 4 : pytrace_try_probe_python_functions :  Python version is detected as == 0x0
8611 : 0x176fa1dc34e4 : 4 : pytrace_try_probe_python_functions :  Python version is detected as == 0x0
8611 : 0x176fb09f95dc : 4 : pytrace_try_probe_python_functions :  Python version is detected as == 0x0
8611 : 0x176fb0b143a8 : 4 : pytrace_try_probe_python_functions :  Python version is detected as == 0x0
8611 : 0x176fb0c79fb0 : 4 : pytrace_try_probe_python_functions :  Python version is detected as == 0x0
8611 : 0x176fb0dda2b6 : 4 : pytrace_try_probe_python_functions :  Python version is detected as == 0x0
8611 : 0x176fb0f00c30 : 4 : pytrace_try_probe_python_functions :  Python version is detected as == 0x0
8611 : 0x176fb104c340 : 4 : pytrace_try_probe_python_functions :  Python version is detected as == 0x0
8611 : 0x176fb11ba356 : 4 : pytrace_try_probe_python_functions :  Python version is detected as == 0x0
8611 : 0x176fb126d7dc : 4 : pytrace_try_probe_python_functions :  Python version is detected as == 0x0
8611 : 0x176fb142673e : 4 : pytrace_try_probe_python_functions :  Python version is detected as == 0x0
8611 : 0x176fb155406a : 4 : pytrace_try_probe_python_functions :  Python version is detected as == 0x0
8611 : 0x176fb1674f6a : 4 : pytrace_try_probe_python_functions :  Python version is detected as == 0x0
8611 : 0x176fb1888fc8 : 4 : pytrace_try_probe_python_functions :  Python version is detected as == 0x0
8611 : 0x176fb19dd30c : 4 : pytrace_try_probe_python_functions :  Python version is detected as == 0x0
8611 : 0x176fb1b32ce2 : 4 : pytrace_try_probe_python_functions :  Python version is detected as == 0x0
8611 : 0x1773cdfafeb1 : 4 : pytrace_stop_profiling :  [CALLED]
8611 : 0x1773cdfc0d25 : 3 : logger_fini :  LOG FILE CLOSED (by collectunits.logger)