2 [140159065422144] INFO perfrun.launcher <> - Launcher main begin
3 [140159065422144] INFO perfrun.launcher <> - MessageCatalogInit finished
3 [140159065422144] INFO perfrun.launcher <> - Launcher instance created
3 [140159065422144] INFO perfrun.launcher <> - argc = 6; cmdline = /opt/intel/oneapi/vtune/2025.3/bin64/amplxe-runss -dump-vdso -r /tmp/amplxe-tmp-azfar/amplxe-res-7826-25249572798051 --tmp-dir /tmp/amplxe-tmp-azfar 
33 [140159065422144] INFO perfrun.perfcollector <> - SEP tool path: /opt/intel/oneapi/vtune/2025.3/bin64/sep
47 [140159065422144] INFO perfrun.launcher <> - create msngr2::ICliToolContext
48 [140159065422144] INFO perfrun.launcher <> - create file finder object
49 [140158905083584] INFO perfrun.launcher <> - plugin [remoteplug] was disabled because it doesn't support the given collection type.
49 [140158905083584] INFO perfrun.launcher <> - plugin [system] was disabled because it doesn't support the given collection type.
49 [140158905083584] INFO perfrun.vdso <> - dumping [vdso] pseudomodule
50 [140158905083584] INFO perfrun.launcher <> - plugin [itt] was disabled because it doesn't support the given collection type.
50 [140158905083584] INFO perfrun.launcher <> - plugin [ptracecollector] was disabled because it doesn't support the given collection type.
50 [140158905083584] INFO perfrun.launcher <> - plugin [gpu] was disabled because it doesn't support the given collection type.
51 [140158905083584] INFO perfrun.launcher <> - plugin [] was disabled because it doesn't support the given collection type.
51 [140158905083584] INFO perfrun.launcher <> - plugin [] was disabled because it doesn't support the given collection type.
51 [140158905083584] INFO perfrun.launcher <> - plugin [] was disabled because it doesn't support the given collection type.
51 [140158905083584] INFO perfrun.launcher <> - plugin [mrte] was disabled because it doesn't support the given collection type.
51 [140158905083584] INFO perfrun.launcher <> - plugin [emon] was disabled because it doesn't support the given collection type.
51 [140158905083584] INFO perfrun.launcher <> - plugin [cuscol] was disabled because it doesn't support the given collection type.
52 [140158905083584] INFO perfrun.launcher <> - plugin [stdsrc] was disabled because it doesn't support the given collection type.
52 [140158905083584] INFO perfrun.launcher <> - plugin [sep] was disabled because it doesn't support the given collection type.
52 [140158905083584] INFO perfrun.launcher <> - plugin [vtsspp] was disabled because it doesn't support the given collection type.
52 [140158905083584] INFO perfrun.launcher <> - plugin [perf] was disabled because it doesn't support the given collection type.
52 [140158905083584] INFO perfrun.launcher <> - plugin [aoclprofile] was disabled because it doesn't support the given collection type.
52 [140158905083584] INFO perfrun.launcher <> - plugin [tpss] was disabled because it doesn't support the given collection type.
53 [140158905083584] INFO perfrun.launcher <> - plugin [media] was disabled because it doesn't support the given collection type.
53 [140158905083584] INFO perfrun.launcher <> - plugin [] was disabled because it doesn't support the given collection type.
53 [140158905083584] INFO perfrun.launcher <> - plugin [] was disabled because it doesn't support the given collection type.
53 [140158905083584] INFO perfrun.launcher <> - plugin [parallelfs] was disabled because it doesn't support the given collection type.
53 [140158905083584] INFO perfrun.launcher <> - plugin [power] was disabled because it doesn't support the given collection type.
53 [140158905083584] INFO perfrun.launcher <> - plugin [] was disabled because it doesn't support the given collection type.
54 [140158905083584] INFO perfrun.launcher <> - plugin [] was disabled because it doesn't support the given collection type.
54 [140158905083584] INFO perfrun.launcher <> - plugin [] was disabled because it doesn't support the given collection type.
54 [140158905083584] INFO perfrun.launcher <> - plugin [l0_metrics] was disabled because it doesn't support the given collection type.
54 [140158905083584] INFO perfrun.launcher <> - plugin [stall_reasons] was disabled because it doesn't support the given collection type.
54 [140159065422144] INFO perfrun.launcher <> - Application exit code: 0
54 [140159065422144] INFO perfrun.launcher <> - Exit code: 0
