3 [140231588387968] INFO perfrun.launcher <> - Launcher main begin
4 [140231588387968] INFO perfrun.launcher <> - MessageCatalogInit finished
4 [140231588387968] INFO perfrun.launcher <> - Launcher instance created
4 [140231588387968] INFO perfrun.launcher <> - argc = 7; cmdline = /opt/intel/oneapi/vtune/2025.3/bin64/amplxe-runss --ui-output-format xml --ui-output-fd 5 --option-file /mnt/d/Semester 6/pdc/pdc_project/i221033_i220950_A_PDC_Project/vtune_hotspots412.DESKTOP-GRRJ2VV/config/runss.options.2 
39 [140231588387968] INFO perfrun.perfcollector <> - SEP tool path: /opt/intel/oneapi/vtune/2025.3/bin64/sep
59 [140231588387968] INFO perfrun.launcher <> - create msngr2::ICliToolContext
60 [140231588387968] INFO perfrun.launcher <> - create file finder object
60 [140231588387968] INFO perfrun.launcher <> - create a result directory: pattern = /mnt/d/Semester 6/pdc/pdc_project/i221033_i220950_A_PDC_Project/vtune_hotspots412.DESKTOP-GRRJ2VV pid = 4294967295
70 [140231588387968] INFO perfrun.sdk <> - checked that the directory /mnt/d/Semester 6/pdc/pdc_project/i221033_i220950_A_PDC_Project/vtune_hotspots412.DESKTOP-GRRJ2VV is a local directory
71 [140231588387968] INFO perfrun.sdk <> - the directory /mnt/d/Semester 6/pdc/pdc_project/i221033_i220950_A_PDC_Project/vtune_hotspots412.DESKTOP-GRRJ2VV is located on a share or its FS ID is unknown 16914839
71 [140231588387968] INFO perfrun.sdk <> - checked that the directory /tmp/amplxe-tmp-azfar is a local directory
71 [140231588387968] INFO perfrun.sdk <> - the directory /tmp/amplxe-tmp-azfar is a local directory with FS type ID 61267
73 [140231588387968] INFO perfrun.launcher <> - Create a local result directory /tmp/amplxe-tmp-azfar/amplxe-res-7826-25249572798051 due to the user result path /mnt/d/Semester 6/pdc/pdc_project/i221033_i220950_A_PDC_Project/vtune_hotspots412.DESKTOP-GRRJ2VV is located on a share
73 [140231588387968] INFO perfrun.launcher <> - create data directory = /tmp/amplxe-tmp-azfar/amplxe-res-7826-25249572798051/data.0
75 [140231588387968] INFO perfrun.launcher <> - create data directory = /mnt/d/Semester 6/pdc/pdc_project/i221033_i220950_A_PDC_Project/vtune_hotspots412.DESKTOP-GRRJ2VV/data.0
78 [140231588387968] INFO perfrun.launcher <> - Creating the master collection flag
81 [140231588387968] INFO perfrun.launcher <> - Done creating the master collection flag
83 [140231432988352] INFO perfrun.launcher <> - plugin [remoteplug] was disabled because it doesn't support the given collection type.
85 [140231432988352] INFO perfrun.sdk <> - Allocating TMU :/tmp/amplxe-tmp-azfar/amplxe-res-7826-25249572798051/data.0/systemcollector-7826-DESKTOP-GRRJ2VV.sc
86 [140231432988352] INFO perfrun.system <> - Tpss based collection
88 [140231432988352] INFO perfrun.launcher <> - plugin [ptracecollector] was disabled because it doesn't support the given collection type.
89 [140231432988352] INFO perfrun.launcher <> - plugin [gpu] was disabled because it doesn't support the given collection type.
89 [140231432988352] INFO perfrun.launcher <> - plugin [] was disabled because it doesn't support the given collection type.
89 [140231432988352] INFO perfrun.launcher <> - plugin [] was disabled because it doesn't support the given collection type.
89 [140231432988352] INFO perfrun.launcher <> - plugin [] was disabled because it doesn't support the given collection type.
90 [140231432988352] INFO perfrun.mrte <> - system-wide mode is 0
90 [140231432988352] INFO perfrun.mrte <> - Getting  mrte profiling environment ...
103 [140231432988352] INFO perfrun.mrte <> - INTEL_MRTE_DATA_DIR=/tmp/amplxe-tmp-azfar/amplxe-res-7826-25249572798051/data.0
103 [140231432988352] INFO perfrun.mrte <> - INTEL_MRTE_HOST_NAME=DESKTOP-GRRJ2VV
103 [140231432988352] INFO perfrun.mrte <> - JAVA_TOOL_OPTIONS=-agentlib:amplxe_samplingmrte_javaprof_1.0 -Dsun.boot.library.path=/opt/intel/oneapi/vtune/2025.3/lib32/runtime:/opt/intel/oneapi/vtune/2025.3/lib64/runtime
104 [140231432988352] INFO perfrun.mrte <> - LD_LIBRARY_PATH=/opt/intel/oneapi/vtune/2025.3/lib32/runtime:/opt/intel/oneapi/vtune/2025.3/lib64/runtime:/opt/intel/oneapi/tcm/1.3/lib:/opt/intel/oneapi/umf/0.10/lib:/opt/intel/oneapi/tbb/2022.1/env/../lib/intel64/gcc4.8:/opt/intel/oneapi/pti/0.12/lib:/opt/intel/oneapi/mkl/2025.1/lib:/opt/intel/oneapi/ipp/2022.1/lib:/opt/intel/oneapi/compiler/2025.1/opt/compiler/lib:/opt/intel/oneapi/compiler/2025.1/lib
104 [140231432988352] INFO perfrun.mrte <> - CORECLR_ENABLE_PROFILING=1
104 [140231432988352] INFO perfrun.mrte <> - CORECLR_PROFILER={AA5E4821-E3B1-479c-B7FF-5AD047D22CED}
104 [140231432988352] INFO perfrun.mrte <> - CORECLR_PROFILER_PATH=/opt/intel/oneapi/vtune/2025.3/lib64/libamplxe_samplingmrte_clrprof_1.0.so
104 [140231432988352] INFO perfrun.mrte <> - INTEL_MRTE_PROFILER_MODE=mixed
105 [140231432988352] INFO perfrun.mrte <> - Data directory: /tmp/amplxe-tmp-azfar/amplxe-res-7826-25249572798051/data.0
105 [140231432988352] INFO perfrun.mrte <> - Mrte plugin is initialized
105 [140231432988352] INFO perfrun.launcher <> - plugin [emon] was disabled because it doesn't support the given collection type.
105 [140231432988352] INFO perfrun.launcher <> - plugin [cuscol] was disabled because it doesn't support the given collection type.
106 [140231432988352] INFO perfrun.launcher <> - plugin [stdsrc] was disabled because it doesn't support the given collection type.
106 [140231432988352] INFO perfrun.launcher <> - plugin [sep] was disabled because it doesn't support the given collection type.
106 [140231432988352] INFO perfrun.launcher <> - plugin [vtsspp] was disabled because it doesn't support the given collection type.
106 [140231432988352] INFO perfrun.perfcollector <> - Platform type: 150
106 [140231432988352] INFO perfrun.sdk <> - Reading value (0) from file: /proc/sys/kernel/perf_event_paranoid
107 [140231432988352] INFO perfrun.perfcollector <> - checking access to: /opt/intel/oneapi/vtune/2025.3/bin64/amplxe-perf-priv
107 [140231432988352] INFO perfrun.perfcollector <> - dir found: /sys/bus/event_source/devices/software
107 [140231432988352] INFO perfrun.perfcollector <> - format: pmu format subdir doesn't exist
107 [140231432988352] INFO perfrun.perfcollector <> - hwInfo: not set, pmuFam: software
107 [140231432988352] INFO perfrun.perfcollector <> - pmu added: software, idx: 0
107 [140231432988352] INFO perfrun.perfcollector <> - dir found: /sys/bus/event_source/devices/uprobe
108 [140231432988352] INFO perfrun.perfcollector <> - format: ref_ctr_offset: config:32-63, mask:32-63
108 [140231432988352] INFO perfrun.perfcollector <> - format: retprobe: config:0, mask:0
108 [140231432988352] INFO perfrun.perfcollector <> - hwInfo: not set, pmuFam: uprobe
108 [140231432988352] INFO perfrun.perfcollector <> - pmu caps: raw,format
108 [140231432988352] INFO perfrun.perfcollector <> - pmu added: uprobe, idx: 0
108 [140231432988352] INFO perfrun.perfcollector <> - dir found: /sys/bus/event_source/devices/cpu
109 [140231432988352] INFO perfrun.perfcollector <> - format: event: config:0-7, mask:0-7
109 [140231432988352] INFO perfrun.perfcollector <> - format: pc: config:19, mask:19
109 [140231432988352] INFO perfrun.perfcollector <> - format: edge: config:18, mask:18
109 [140231432988352] INFO perfrun.perfcollector <> - format: any: config:21, mask:21
109 [140231432988352] INFO perfrun.perfcollector <> - format: offcore_rsp: config1:0-63, mask:0-63
110 [140231432988352] INFO perfrun.perfcollector <> - format: ldlat: config1:0-15, mask:0-15
110 [140231432988352] INFO perfrun.perfcollector <> - format: inv: config:23, mask:23
110 [140231432988352] INFO perfrun.perfcollector <> - format: umask: config:8-15, mask:8-15
110 [140231432988352] INFO perfrun.perfcollector <> - format: frontend: config1:0-23, mask:0-23
110 [140231432988352] INFO perfrun.perfcollector <> - format: cmask: config:24-31, mask:24-31
110 [140231432988352] INFO perfrun.perfcollector <> - hwInfo: PERF_CPU_PMU_DETAILS
111 [140231432988352] INFO perfrun.perfcollector <> - pmu caps: raw,format,events,ldlat,frontend,offcore_rsp
111 [140231432988352] INFO perfrun.perfcollector <> - pmu added: cpu, idx: 0
111 [140231432988352] INFO perfrun.perfcollector <> - dir found: /sys/bus/event_source/devices/breakpoint
111 [140231432988352] INFO perfrun.perfcollector <> - format: pmu format subdir doesn't exist
111 [140231432988352] INFO perfrun.perfcollector <> - hwInfo: not set, pmuFam: breakpoint
112 [140231432988352] INFO perfrun.perfcollector <> - pmu added: breakpoint, idx: 0
112 [140231432988352] INFO perfrun.perfcollector <> - dir found: /sys/bus/event_source/devices/tracepoint
112 [140231432988352] INFO perfrun.perfcollector <> - format: pmu format subdir doesn't exist
112 [140231432988352] INFO perfrun.perfcollector <> - hwInfo: not set, pmuFam: tracepoint
112 [140231432988352] INFO perfrun.perfcollector <> - pmu added: tracepoint, idx: 0
112 [140231432988352] INFO perfrun.perfcollector <> - dir found: /sys/bus/event_source/devices/kprobe
113 [140231432988352] INFO perfrun.perfcollector <> - format: retprobe: config:0, mask:0
113 [140231432988352] INFO perfrun.perfcollector <> - hwInfo: not set, pmuFam: kprobe
113 [140231432988352] INFO perfrun.perfcollector <> - pmu caps: raw,format
113 [140231432988352] INFO perfrun.perfcollector <> - pmu added: kprobe, idx: 0
113 [140231432988352] INFO perfrun.perfcollector <> - dir found: /sys/bus/event_source/devices/msr
114 [140231432988352] INFO perfrun.perfcollector <> - format: event: config:0-63, mask:0-63
114 [140231432988352] INFO perfrun.perfcollector <> - hwInfo: not set, pmuFam: msr
115 [140231432988352] INFO perfrun.perfcollector <> - pmu caps: raw,format,events
115 [140231432988352] INFO perfrun.perfcollector <> - pmu added: msr, idx: 0
115 [140231432988352] INFO perfrun.perfcollector <> - Perf tool path: /opt/intel/oneapi/vtune/2025.3/bin64/amplxe-perf
115 [140231432988352] INFO perfrun.perfcollector <> - Data directory: /tmp/amplxe-tmp-azfar/amplxe-res-7826-25249572798051/data.0
116 [140231432988352] INFO perfrun.perfcollector <> - Temp directory: /tmp/amplxe-tmp-azfar
116 [140231432988352] INFO perfrun.perfcollector <> - Perf sync path: /opt/intel/oneapi/vtune/2025.3/bin64/amplxe-perf-sync
116 [140231432988352] INFO perfrun.perfcollector <> - Hypervisor = Microsoft Hv
116 [140231432988352] INFO perfrun.perfcollector <> - Counting mode is requested
116 [140231432988352] INFO perfrun.perfcollector <> - Sample after multiplier: 1
117 [140231432988352] INFO perfrun.sdk <> - runCmd: /opt/intel/oneapi/vtune/2025.3/bin64/sep -dry-run -sam 1 -ec CPU_CLK_UNHALTED.THREAD,CPU_CLK_UNHALTED.REF_TSC:sample:sa=1800000,INST_RETIRED.ANY:sample:sa=1800000,CPU_CLK_UNHALTED.REF_XCLK,CPU_CLK_UNHALTED.ONE_THREAD_ACTIVE,FP_ARITH_INST_RETIRED.SCALAR_SINGLE,FP_ARITH_INST_RETIRED.128B_PACKED_SINGLE,FP_ARITH_INST_RETIRED.256B_PACKED_SINGLE,FP_ARITH_INST_RETIRED.SCALAR_DOUBLE,FP_ARITH_INST_RETIRED.128B_PACKED_DOUBLE,FP_ARITH_INST_RETIRED.256B_PACKED_DOUBLE,UOPS_EXECUTED.X87,UOPS_RETIRED.RETIRE_SLOTS:sample:sa=2000003,UOPS_EXECUTED.THREAD -experimental
117 [140231432988352] INFO perfrun.sdk <> - runCmd started PID 7843
128 [140231432988352] INFO perfrun.perfcollector <> - SepDryRun RC = true
128 [140231432988352] INFO perfrun.perfcollector <> - Loading SEP event configuration
128 [140231432988352] INFO perfrun.perfcollector <> - pmu: cpu
128 [140231432988352] INFO perfrun.perfcollector <> - group_id: 0
129 [140231432988352] INFO perfrun.perfcollector <> - event_id: 2: INST_RETIRED.ANY
129 [140231432988352] INFO perfrun.perfcollector <> - event_id: 0: CPU_CLK_UNHALTED.THREAD
129 [140231432988352] INFO perfrun.perfcollector <> - event_id: 1: CPU_CLK_UNHALTED.REF_TSC
129 [140231432988352] INFO perfrun.perfcollector <> - event_id: 3: CPU_CLK_UNHALTED.REF_XCLK
129 [140231432988352] INFO perfrun.perfcollector <> - event_id: 4: CPU_CLK_UNHALTED.ONE_THREAD_ACTIVE
129 [140231432988352] INFO perfrun.perfcollector <> - event_id: 5: FP_ARITH_INST_RETIRED.SCALAR_SINGLE
130 [140231432988352] INFO perfrun.perfcollector <> - event_id: 6: FP_ARITH_INST_RETIRED.128B_PACKED_SINGLE
130 [140231432988352] INFO perfrun.perfcollector <> - event_id: 3: cccr: addr: 186, value: 53013c
130 [140231432988352] INFO perfrun.perfcollector <> - event_id: 4: cccr: addr: 187, value: 53023c
130 [140231432988352] INFO perfrun.perfcollector <> - event_id: 5: cccr: addr: 188, value: 5302c7
130 [140231432988352] INFO perfrun.perfcollector <> - event_id: 6: cccr: addr: 189, value: 5308c7
131 [140231432988352] INFO perfrun.perfcollector <> - event_id: 2: data: addr: 309, value: ffffffffffe488c0
131 [140231432988352] INFO perfrun.perfcollector <> - event_id: 0: data: addr: 30a, value: ffffffffffe17b7d
131 [140231432988352] INFO perfrun.perfcollector <> - event_id: 1: data: addr: 30b, value: ffffffffffe488c0
131 [140231432988352] INFO perfrun.perfcollector <> - event_id: 3: data: addr: c1, value: ffffffffffff9e55
132 [140231432988352] INFO perfrun.perfcollector <> - event_id: 4: data: addr: c2, value: ffffffffffff9e55
132 [140231432988352] INFO perfrun.perfcollector <> - event_id: 5: data: addr: c3, value: ffffffffffe17b7d
132 [140231432988352] INFO perfrun.perfcollector <> - event_id: 6: data: addr: c4, value: ffffffffffe17b7d
132 [140231432988352] INFO perfrun.perfcollector <> - group_id: 1
133 [140231432988352] INFO perfrun.perfcollector <> - event_id: 2: INST_RETIRED.ANY
133 [140231432988352] INFO perfrun.perfcollector <> - event_id: 0: CPU_CLK_UNHALTED.THREAD
133 [140231432988352] INFO perfrun.perfcollector <> - event_id: 1: CPU_CLK_UNHALTED.REF_TSC
133 [140231432988352] INFO perfrun.perfcollector <> - event_id: 7: FP_ARITH_INST_RETIRED.256B_PACKED_SINGLE
133 [140231432988352] INFO perfrun.perfcollector <> - event_id: 8: FP_ARITH_INST_RETIRED.SCALAR_DOUBLE
133 [140231432988352] INFO perfrun.perfcollector <> - event_id: 9: FP_ARITH_INST_RETIRED.128B_PACKED_DOUBLE
134 [140231432988352] INFO perfrun.perfcollector <> - event_id: 10: FP_ARITH_INST_RETIRED.256B_PACKED_DOUBLE
134 [140231432988352] INFO perfrun.perfcollector <> - event_id: 7: cccr: addr: 186, value: 5320c7
134 [140231432988352] INFO perfrun.perfcollector <> - event_id: 8: cccr: addr: 187, value: 5301c7
134 [140231432988352] INFO perfrun.perfcollector <> - event_id: 9: cccr: addr: 188, value: 5304c7
135 [140231432988352] INFO perfrun.perfcollector <> - event_id: 10: cccr: addr: 189, value: 5310c7
135 [140231432988352] INFO perfrun.perfcollector <> - event_id: 2: data: addr: 309, value: ffffffffffe488c0
135 [140231432988352] INFO perfrun.perfcollector <> - event_id: 0: data: addr: 30a, value: ffffffffffe17b7d
135 [140231432988352] INFO perfrun.perfcollector <> - event_id: 1: data: addr: 30b, value: ffffffffffe488c0
135 [140231432988352] INFO perfrun.perfcollector <> - event_id: 7: data: addr: c1, value: ffffffffffe17b7d
136 [140231432988352] INFO perfrun.perfcollector <> - event_id: 8: data: addr: c2, value: ffffffffffe17b7d
136 [140231432988352] INFO perfrun.perfcollector <> - event_id: 9: data: addr: c3, value: ffffffffffe17b7d
136 [140231432988352] INFO perfrun.perfcollector <> - event_id: 10: data: addr: c4, value: ffffffffffe17b7d
136 [140231432988352] INFO perfrun.perfcollector <> - group_id: 2
136 [140231432988352] INFO perfrun.perfcollector <> - event_id: 2: INST_RETIRED.ANY
136 [140231432988352] INFO perfrun.perfcollector <> - event_id: 0: CPU_CLK_UNHALTED.THREAD
137 [140231432988352] INFO perfrun.perfcollector <> - event_id: 1: CPU_CLK_UNHALTED.REF_TSC
137 [140231432988352] INFO perfrun.perfcollector <> - event_id: 11: UOPS_EXECUTED.X87
137 [140231432988352] INFO perfrun.perfcollector <> - event_id: 12: UOPS_RETIRED.RETIRE_SLOTS
137 [140231432988352] INFO perfrun.perfcollector <> - event_id: 13: UOPS_EXECUTED.THREAD
137 [140231432988352] INFO perfrun.perfcollector <> - event_id: 11: cccr: addr: 186, value: 5310b1
138 [140231432988352] INFO perfrun.perfcollector <> - event_id: 12: cccr: addr: 187, value: 5302c2
138 [140231432988352] INFO perfrun.perfcollector <> - event_id: 13: cccr: addr: 188, value: 5301b1
138 [140231432988352] INFO perfrun.perfcollector <> - event_id: 2: data: addr: 309, value: ffffffffffe488c0
138 [140231432988352] INFO perfrun.perfcollector <> - event_id: 0: data: addr: 30a, value: ffffffffffe17b7d
138 [140231432988352] INFO perfrun.perfcollector <> - event_id: 1: data: addr: 30b, value: ffffffffffe488c0
138 [140231432988352] INFO perfrun.perfcollector <> - event_id: 11: data: addr: c1, value: ffffffffffe17b7d
139 [140231432988352] INFO perfrun.perfcollector <> - event_id: 12: data: addr: c2, value: ffffffffffe17b7d
139 [140231432988352] INFO perfrun.perfcollector <> - event_id: 13: data: addr: c3, value: ffffffffffe17b7d
139 [140231432988352] INFO perfrun.perfcollector <> - Converting events to Perf format
139 [140231432988352] INFO perfrun.perfcollector <> - event: 0: CPU_CLK_UNHALTED.THREAD
139 [140231432988352] INFO perfrun.perfcollector <> - cccr: addr: ffffffff, value: 0
140 [140231432988352] INFO perfrun.perfcollector <> - data: addr: 30a, value: ffffffffffe17b7d
140 [140231432988352] INFO perfrun.perfcollector <> - pmu config: cpu
140 [140231432988352] INFO perfrun.perfcollector <> - config: any: 0
140 [140231432988352] INFO perfrun.perfcollector <> - config: cmask: 0
140 [140231432988352] INFO perfrun.perfcollector <> - config: edge: 0
140 [140231432988352] INFO perfrun.perfcollector <> - config: event: 3c
141 [140231432988352] INFO perfrun.perfcollector <> - config1: frontend: 0
141 [140231432988352] INFO perfrun.perfcollector <> - config: inv: 0
141 [140231432988352] INFO perfrun.perfcollector <> - config1: ldlat: 0
141 [140231432988352] INFO perfrun.perfcollector <> - config1: offcore_rsp: 0
142 [140231432988352] INFO perfrun.perfcollector <> - config: pc: 0
142 [140231432988352] INFO perfrun.perfcollector <> - config: umask: 0
142 [140231432988352] INFO perfrun.perfcollector <> - format: cpu/event=0x3c,name='CPU_CLK_UNHALTED.THREAD'/D
142 [140231432988352] INFO perfrun.perfcollector <> - event: 1: CPU_CLK_UNHALTED.REF_TSC
142 [140231432988352] INFO perfrun.perfcollector <> - cccr: addr: ffffffff, value: 0
142 [140231432988352] INFO perfrun.perfcollector <> - data: addr: 30b, value: ffffffffffe488c0
143 [140231432988352] INFO perfrun.perfcollector <> - pmu config: cpu
143 [140231432988352] INFO perfrun.perfcollector <> - config: any: 0
143 [140231432988352] INFO perfrun.perfcollector <> - config: cmask: 0
143 [140231432988352] INFO perfrun.perfcollector <> - config: edge: 0
143 [140231432988352] INFO perfrun.perfcollector <> - config: event: 0
144 [140231432988352] INFO perfrun.perfcollector <> - config1: frontend: 0
144 [140231432988352] INFO perfrun.perfcollector <> - config: inv: 0
144 [140231432988352] INFO perfrun.perfcollector <> - config1: ldlat: 0
144 [140231432988352] INFO perfrun.perfcollector <> - config1: offcore_rsp: 0
144 [140231432988352] INFO perfrun.perfcollector <> - config: pc: 0
145 [140231432988352] INFO perfrun.perfcollector <> - config: umask: 3
145 [140231432988352] INFO perfrun.perfcollector <> - format: cpu/umask=0x3,name='CPU_CLK_UNHALTED.REF_TSC'/D
145 [140231432988352] INFO perfrun.perfcollector <> - event: 2: INST_RETIRED.ANY
145 [140231432988352] INFO perfrun.perfcollector <> - cccr: addr: ffffffff, value: 0
146 [140231432988352] INFO perfrun.perfcollector <> - data: addr: 309, value: ffffffffffe488c0
146 [140231432988352] INFO perfrun.perfcollector <> - pmu config: cpu
146 [140231432988352] INFO perfrun.perfcollector <> - config: any: 0
146 [140231432988352] INFO perfrun.perfcollector <> - config: cmask: 0
147 [140231432988352] INFO perfrun.perfcollector <> - config: edge: 0
147 [140231432988352] INFO perfrun.perfcollector <> - config: event: c0
147 [140231432988352] INFO perfrun.perfcollector <> - config1: frontend: 0
147 [140231432988352] INFO perfrun.perfcollector <> - config: inv: 0
148 [140231432988352] INFO perfrun.perfcollector <> - config1: ldlat: 0
148 [140231432988352] INFO perfrun.perfcollector <> - config1: offcore_rsp: 0
148 [140231432988352] INFO perfrun.perfcollector <> - config: pc: 0
148 [140231432988352] INFO perfrun.perfcollector <> - config: umask: 0
148 [140231432988352] INFO perfrun.perfcollector <> - format: cpu/event=0xc0,name='INST_RETIRED.ANY'/D
149 [140231432988352] INFO perfrun.perfcollector <> - event: 3: CPU_CLK_UNHALTED.REF_XCLK
149 [140231432988352] INFO perfrun.perfcollector <> - cccr: addr: 186, value: 53013c
149 [140231432988352] INFO perfrun.perfcollector <> - data: addr: c1, value: ffffffffffff9e55
149 [140231432988352] INFO perfrun.perfcollector <> - pmu config: cpu
149 [140231432988352] INFO perfrun.perfcollector <> - config: any: 0
149 [140231432988352] INFO perfrun.perfcollector <> - config: cmask: 0
150 [140231432988352] INFO perfrun.perfcollector <> - config: edge: 0
150 [140231432988352] INFO perfrun.perfcollector <> - config: event: 3c
150 [140231432988352] INFO perfrun.perfcollector <> - config1: frontend: 0
150 [140231432988352] INFO perfrun.perfcollector <> - config: inv: 0
150 [140231432988352] INFO perfrun.perfcollector <> - config1: ldlat: 0
150 [140231432988352] INFO perfrun.perfcollector <> - config1: offcore_rsp: 0
151 [140231432988352] INFO perfrun.perfcollector <> - config: pc: 0
151 [140231432988352] INFO perfrun.perfcollector <> - config: umask: 1
151 [140231432988352] INFO perfrun.perfcollector <> - format: cpu/event=0x3c,umask=0x1,name='CPU_CLK_UNHALTED.REF_XCLK'/
151 [140231432988352] INFO perfrun.perfcollector <> - event: 4: CPU_CLK_UNHALTED.ONE_THREAD_ACTIVE
151 [140231432988352] INFO perfrun.perfcollector <> - cccr: addr: 187, value: 53023c
152 [140231432988352] INFO perfrun.perfcollector <> - data: addr: c2, value: ffffffffffff9e55
152 [140231432988352] INFO perfrun.perfcollector <> - pmu config: cpu
152 [140231432988352] INFO perfrun.perfcollector <> - config: any: 0
152 [140231432988352] INFO perfrun.perfcollector <> - config: cmask: 0
152 [140231432988352] INFO perfrun.perfcollector <> - config: edge: 0
152 [140231432988352] INFO perfrun.perfcollector <> - config: event: 3c
152 [140231432988352] INFO perfrun.perfcollector <> - config1: frontend: 0
153 [140231432988352] INFO perfrun.perfcollector <> - config: inv: 0
153 [140231432988352] INFO perfrun.perfcollector <> - config1: ldlat: 0
153 [140231432988352] INFO perfrun.perfcollector <> - config1: offcore_rsp: 0
153 [140231432988352] INFO perfrun.perfcollector <> - config: pc: 0
153 [140231432988352] INFO perfrun.perfcollector <> - config: umask: 2
153 [140231432988352] INFO perfrun.perfcollector <> - format: cpu/event=0x3c,umask=0x2,name='CPU_CLK_UNHALTED.ONE_THREAD_ACTIVE'/
154 [140231432988352] INFO perfrun.perfcollector <> - event: 5: FP_ARITH_INST_RETIRED.SCALAR_SINGLE
154 [140231432988352] INFO perfrun.perfcollector <> - cccr: addr: 188, value: 5302c7
154 [140231432988352] INFO perfrun.perfcollector <> - data: addr: c3, value: ffffffffffe17b7d
154 [140231432988352] INFO perfrun.perfcollector <> - pmu config: cpu
154 [140231432988352] INFO perfrun.perfcollector <> - config: any: 0
154 [140231432988352] INFO perfrun.perfcollector <> - config: cmask: 0
155 [140231432988352] INFO perfrun.perfcollector <> - config: edge: 0
155 [140231432988352] INFO perfrun.perfcollector <> - config: event: c7
155 [140231432988352] INFO perfrun.perfcollector <> - config1: frontend: 0
155 [140231432988352] INFO perfrun.perfcollector <> - config: inv: 0
155 [140231432988352] INFO perfrun.perfcollector <> - config1: ldlat: 0
155 [140231432988352] INFO perfrun.perfcollector <> - config1: offcore_rsp: 0
156 [140231432988352] INFO perfrun.perfcollector <> - config: pc: 0
156 [140231432988352] INFO perfrun.perfcollector <> - config: umask: 2
156 [140231432988352] INFO perfrun.perfcollector <> - format: cpu/event=0xc7,umask=0x2,name='FP_ARITH_INST_RETIRED.SCALAR_SINGLE'/
156 [140231432988352] INFO perfrun.perfcollector <> - event: 6: FP_ARITH_INST_RETIRED.128B_PACKED_SINGLE
156 [140231432988352] INFO perfrun.perfcollector <> - cccr: addr: 189, value: 5308c7
157 [140231432988352] INFO perfrun.perfcollector <> - data: addr: c4, value: ffffffffffe17b7d
157 [140231432988352] INFO perfrun.perfcollector <> - pmu config: cpu
157 [140231432988352] INFO perfrun.perfcollector <> - config: any: 0
157 [140231432988352] INFO perfrun.perfcollector <> - config: cmask: 0
157 [140231432988352] INFO perfrun.perfcollector <> - config: edge: 0
157 [140231432988352] INFO perfrun.perfcollector <> - config: event: c7
157 [140231432988352] INFO perfrun.perfcollector <> - config1: frontend: 0
158 [140231432988352] INFO perfrun.perfcollector <> - config: inv: 0
158 [140231432988352] INFO perfrun.perfcollector <> - config1: ldlat: 0
158 [140231432988352] INFO perfrun.perfcollector <> - config1: offcore_rsp: 0
158 [140231432988352] INFO perfrun.perfcollector <> - config: pc: 0
158 [140231432988352] INFO perfrun.perfcollector <> - config: umask: 8
159 [140231432988352] INFO perfrun.perfcollector <> - format: cpu/event=0xc7,umask=0x8,name='FP_ARITH_INST_RETIRED.128B_PACKED_SINGLE'/
159 [140231432988352] INFO perfrun.perfcollector <> - event: 7: FP_ARITH_INST_RETIRED.256B_PACKED_SINGLE
159 [140231432988352] INFO perfrun.perfcollector <> - cccr: addr: 186, value: 5320c7
159 [140231432988352] INFO perfrun.perfcollector <> - data: addr: c1, value: ffffffffffe17b7d
159 [140231432988352] INFO perfrun.perfcollector <> - pmu config: cpu
159 [140231432988352] INFO perfrun.perfcollector <> - config: any: 0
160 [140231432988352] INFO perfrun.perfcollector <> - config: cmask: 0
160 [140231432988352] INFO perfrun.perfcollector <> - config: edge: 0
160 [140231432988352] INFO perfrun.perfcollector <> - config: event: c7
160 [140231432988352] INFO perfrun.perfcollector <> - config1: frontend: 0
160 [140231432988352] INFO perfrun.perfcollector <> - config: inv: 0
161 [140231432988352] INFO perfrun.perfcollector <> - config1: ldlat: 0
161 [140231432988352] INFO perfrun.perfcollector <> - config1: offcore_rsp: 0
161 [140231432988352] INFO perfrun.perfcollector <> - config: pc: 0
161 [140231432988352] INFO perfrun.perfcollector <> - config: umask: 20
161 [140231432988352] INFO perfrun.perfcollector <> - format: cpu/event=0xc7,umask=0x20,name='FP_ARITH_INST_RETIRED.256B_PACKED_SINGLE'/
162 [140231432988352] INFO perfrun.perfcollector <> - event: 8: FP_ARITH_INST_RETIRED.SCALAR_DOUBLE
162 [140231432988352] INFO perfrun.perfcollector <> - cccr: addr: 187, value: 5301c7
162 [140231432988352] INFO perfrun.perfcollector <> - data: addr: c2, value: ffffffffffe17b7d
162 [140231432988352] INFO perfrun.perfcollector <> - pmu config: cpu
162 [140231432988352] INFO perfrun.perfcollector <> - config: any: 0
163 [140231432988352] INFO perfrun.perfcollector <> - config: cmask: 0
163 [140231432988352] INFO perfrun.perfcollector <> - config: edge: 0
163 [140231432988352] INFO perfrun.perfcollector <> - config: event: c7
163 [140231432988352] INFO perfrun.perfcollector <> - config1: frontend: 0
164 [140231432988352] INFO perfrun.perfcollector <> - config: inv: 0
164 [140231432988352] INFO perfrun.perfcollector <> - config1: ldlat: 0
164 [140231432988352] INFO perfrun.perfcollector <> - config1: offcore_rsp: 0
164 [140231432988352] INFO perfrun.perfcollector <> - config: pc: 0
164 [140231432988352] INFO perfrun.perfcollector <> - config: umask: 1
164 [140231432988352] INFO perfrun.perfcollector <> - format: cpu/event=0xc7,umask=0x1,name='FP_ARITH_INST_RETIRED.SCALAR_DOUBLE'/
165 [140231432988352] INFO perfrun.perfcollector <> - event: 9: FP_ARITH_INST_RETIRED.128B_PACKED_DOUBLE
165 [140231432988352] INFO perfrun.perfcollector <> - cccr: addr: 188, value: 5304c7
165 [140231432988352] INFO perfrun.perfcollector <> - data: addr: c3, value: ffffffffffe17b7d
165 [140231432988352] INFO perfrun.perfcollector <> - pmu config: cpu
165 [140231432988352] INFO perfrun.perfcollector <> - config: any: 0
166 [140231432988352] INFO perfrun.perfcollector <> - config: cmask: 0
166 [140231432988352] INFO perfrun.perfcollector <> - config: edge: 0
166 [140231432988352] INFO perfrun.perfcollector <> - config: event: c7
166 [140231432988352] INFO perfrun.perfcollector <> - config1: frontend: 0
167 [140231432988352] INFO perfrun.perfcollector <> - config: inv: 0
167 [140231432988352] INFO perfrun.perfcollector <> - config1: ldlat: 0
167 [140231432988352] INFO perfrun.perfcollector <> - config1: offcore_rsp: 0
167 [140231432988352] INFO perfrun.perfcollector <> - config: pc: 0
167 [140231432988352] INFO perfrun.perfcollector <> - config: umask: 4
168 [140231432988352] INFO perfrun.perfcollector <> - format: cpu/event=0xc7,umask=0x4,name='FP_ARITH_INST_RETIRED.128B_PACKED_DOUBLE'/
168 [140231432988352] INFO perfrun.perfcollector <> - event: 10: FP_ARITH_INST_RETIRED.256B_PACKED_DOUBLE
168 [140231432988352] INFO perfrun.perfcollector <> - cccr: addr: 189, value: 5310c7
168 [140231432988352] INFO perfrun.perfcollector <> - data: addr: c4, value: ffffffffffe17b7d
168 [140231432988352] INFO perfrun.perfcollector <> - pmu config: cpu
168 [140231432988352] INFO perfrun.perfcollector <> - config: any: 0
169 [140231432988352] INFO perfrun.perfcollector <> - config: cmask: 0
169 [140231432988352] INFO perfrun.perfcollector <> - config: edge: 0
169 [140231432988352] INFO perfrun.perfcollector <> - config: event: c7
169 [140231432988352] INFO perfrun.perfcollector <> - config1: frontend: 0
170 [140231432988352] INFO perfrun.perfcollector <> - config: inv: 0
170 [140231432988352] INFO perfrun.perfcollector <> - config1: ldlat: 0
170 [140231432988352] INFO perfrun.perfcollector <> - config1: offcore_rsp: 0
170 [140231432988352] INFO perfrun.perfcollector <> - config: pc: 0
170 [140231432988352] INFO perfrun.perfcollector <> - config: umask: 10
170 [140231432988352] INFO perfrun.perfcollector <> - format: cpu/event=0xc7,umask=0x10,name='FP_ARITH_INST_RETIRED.256B_PACKED_DOUBLE'/
171 [140231432988352] INFO perfrun.perfcollector <> - event: 11: UOPS_EXECUTED.X87
171 [140231432988352] INFO perfrun.perfcollector <> - cccr: addr: 186, value: 5310b1
171 [140231432988352] INFO perfrun.perfcollector <> - data: addr: c1, value: ffffffffffe17b7d
171 [140231432988352] INFO perfrun.perfcollector <> - pmu config: cpu
171 [140231432988352] INFO perfrun.perfcollector <> - config: any: 0
172 [140231432988352] INFO perfrun.perfcollector <> - config: cmask: 0
172 [140231432988352] INFO perfrun.perfcollector <> - config: edge: 0
172 [140231432988352] INFO perfrun.perfcollector <> - config: event: b1
172 [140231432988352] INFO perfrun.perfcollector <> - config1: frontend: 0
172 [140231432988352] INFO perfrun.perfcollector <> - config: inv: 0
172 [140231432988352] INFO perfrun.perfcollector <> - config1: ldlat: 0
173 [140231432988352] INFO perfrun.perfcollector <> - config1: offcore_rsp: 0
173 [140231432988352] INFO perfrun.perfcollector <> - config: pc: 0
173 [140231432988352] INFO perfrun.perfcollector <> - config: umask: 10
173 [140231432988352] INFO perfrun.perfcollector <> - format: cpu/event=0xb1,umask=0x10,name='UOPS_EXECUTED.X87'/
173 [140231432988352] INFO perfrun.perfcollector <> - event: 12: UOPS_RETIRED.RETIRE_SLOTS
174 [140231432988352] INFO perfrun.perfcollector <> - cccr: addr: 187, value: 5302c2
174 [140231432988352] INFO perfrun.perfcollector <> - data: addr: c2, value: ffffffffffe17b7d
174 [140231432988352] INFO perfrun.perfcollector <> - pmu config: cpu
174 [140231432988352] INFO perfrun.perfcollector <> - config: any: 0
174 [140231432988352] INFO perfrun.perfcollector <> - config: cmask: 0
175 [140231432988352] INFO perfrun.perfcollector <> - config: edge: 0
175 [140231432988352] INFO perfrun.perfcollector <> - config: event: c2
175 [140231432988352] INFO perfrun.perfcollector <> - config1: frontend: 0
175 [140231432988352] INFO perfrun.perfcollector <> - config: inv: 0
175 [140231432988352] INFO perfrun.perfcollector <> - config1: ldlat: 0
175 [140231432988352] INFO perfrun.perfcollector <> - config1: offcore_rsp: 0
176 [140231432988352] INFO perfrun.perfcollector <> - config: pc: 0
176 [140231432988352] INFO perfrun.perfcollector <> - config: umask: 2
176 [140231432988352] INFO perfrun.perfcollector <> - format: cpu/event=0xc2,umask=0x2,name='UOPS_RETIRED.RETIRE_SLOTS'/
176 [140231432988352] INFO perfrun.perfcollector <> - event: 13: UOPS_EXECUTED.THREAD
176 [140231432988352] INFO perfrun.perfcollector <> - cccr: addr: 188, value: 5301b1
177 [140231432988352] INFO perfrun.perfcollector <> - data: addr: c3, value: ffffffffffe17b7d
177 [140231432988352] INFO perfrun.perfcollector <> - pmu config: cpu
177 [140231432988352] INFO perfrun.perfcollector <> - config: any: 0
177 [140231432988352] INFO perfrun.perfcollector <> - config: cmask: 0
177 [140231432988352] INFO perfrun.perfcollector <> - config: edge: 0
177 [140231432988352] INFO perfrun.perfcollector <> - config: event: b1
178 [140231432988352] INFO perfrun.perfcollector <> - config1: frontend: 0
178 [140231432988352] INFO perfrun.perfcollector <> - config: inv: 0
178 [140231432988352] INFO perfrun.perfcollector <> - config1: ldlat: 0
178 [140231432988352] INFO perfrun.perfcollector <> - config1: offcore_rsp: 0
179 [140231432988352] INFO perfrun.perfcollector <> - config: pc: 0
179 [140231432988352] INFO perfrun.perfcollector <> - config: umask: 1
179 [140231432988352] INFO perfrun.perfcollector <> - format: cpu/event=0xb1,umask=0x1,name='UOPS_EXECUTED.THREAD'/
179 [140231432988352] INFO perfrun.perfcollector <> - event: cpu/event=0x3c,name='CPU_CLK_UNHALTED.THREAD'/Duk, added for counting
179 [140231432988352] INFO perfrun.perfcollector <> - event: cpu/umask=0x3,name='CPU_CLK_UNHALTED.REF_TSC'/Duk, added for counting
180 [140231432988352] INFO perfrun.perfcollector <> - event: cpu/event=0xc0,name='INST_RETIRED.ANY'/Duk, added for counting
180 [140231432988352] INFO perfrun.perfcollector <> - event: cpu/event=0x3c,umask=0x1,name='CPU_CLK_UNHALTED.REF_XCLK'/uk, added for counting
180 [140231432988352] INFO perfrun.perfcollector <> - event: cpu/event=0x3c,umask=0x2,name='CPU_CLK_UNHALTED.ONE_THREAD_ACTIVE'/uk, added for counting
180 [140231432988352] INFO perfrun.perfcollector <> - event: cpu/event=0xc7,umask=0x2,name='FP_ARITH_INST_RETIRED.SCALAR_SINGLE'/uk, added for counting
180 [140231432988352] INFO perfrun.perfcollector <> - event: cpu/event=0xc7,umask=0x8,name='FP_ARITH_INST_RETIRED.128B_PACKED_SINGLE'/uk, added for counting
180 [140231432988352] INFO perfrun.perfcollector <> - event: cpu/event=0xc7,umask=0x20,name='FP_ARITH_INST_RETIRED.256B_PACKED_SINGLE'/uk, added for counting
181 [140231432988352] INFO perfrun.perfcollector <> - event: cpu/event=0xc7,umask=0x1,name='FP_ARITH_INST_RETIRED.SCALAR_DOUBLE'/uk, added for counting
181 [140231432988352] INFO perfrun.perfcollector <> - event: cpu/event=0xc7,umask=0x4,name='FP_ARITH_INST_RETIRED.128B_PACKED_DOUBLE'/uk, added for counting
181 [140231432988352] INFO perfrun.perfcollector <> - event: cpu/event=0xc7,umask=0x10,name='FP_ARITH_INST_RETIRED.256B_PACKED_DOUBLE'/uk, added for counting
181 [140231432988352] INFO perfrun.perfcollector <> - event: cpu/event=0xb1,umask=0x10,name='UOPS_EXECUTED.X87'/uk, added for counting
181 [140231432988352] INFO perfrun.perfcollector <> - event: cpu/event=0xc2,umask=0x2,name='UOPS_RETIRED.RETIRE_SLOTS'/uk, added for counting
182 [140231432988352] INFO perfrun.perfcollector <> - event: cpu/event=0xb1,umask=0x1,name='UOPS_EXECUTED.THREAD'/uk, added for counting
182 [140231432988352] INFO perfrun.perfcollector <> - attaching to pid: 4294967295, m_mode: 10, mode: 3
182 [140231353300672] INFO perfrun.perfcollector <> - Perf stat trace pipe capacity: read = 1048576, write = 1048576
183 [140231344907968] INFO perfrun.sdk <> - Reading value (0-7) from file: /sys/devices/system/cpu/cpu0/topology/core_siblings_list
183 [140231344907968] INFO perfrun.sdk <> - Reading value (0-1) from file: /sys/devices/system/cpu/cpu0/topology/thread_siblings_list
184 [140231344907968] INFO perfrun.sdk <> - Reading value (0-7) from file: /sys/devices/system/cpu/cpu1/topology/core_siblings_list
184 [140231344907968] INFO perfrun.sdk <> - Reading value (0-1) from file: /sys/devices/system/cpu/cpu1/topology/thread_siblings_list
184 [140231344907968] INFO perfrun.sdk <> - Reading value (0-7) from file: /sys/devices/system/cpu/cpu2/topology/core_siblings_list
184 [140231344907968] INFO perfrun.sdk <> - Reading value (2-3) from file: /sys/devices/system/cpu/cpu2/topology/thread_siblings_list
185 [140231344907968] INFO perfrun.sdk <> - Reading value (0-7) from file: /sys/devices/system/cpu/cpu3/topology/core_siblings_list
185 [140231344907968] INFO perfrun.sdk <> - Reading value (2-3) from file: /sys/devices/system/cpu/cpu3/topology/thread_siblings_list
185 [140231344907968] INFO perfrun.sdk <> - Reading value (0-7) from file: /sys/devices/system/cpu/cpu4/topology/core_siblings_list
185 [140231344907968] INFO perfrun.sdk <> - Reading value (4-5) from file: /sys/devices/system/cpu/cpu4/topology/thread_siblings_list
186 [140231344907968] INFO perfrun.sdk <> - Reading value (0-7) from file: /sys/devices/system/cpu/cpu5/topology/core_siblings_list
186 [140231344907968] INFO perfrun.sdk <> - Reading value (4-5) from file: /sys/devices/system/cpu/cpu5/topology/thread_siblings_list
186 [140231344907968] INFO perfrun.sdk <> - Reading value (0-7) from file: /sys/devices/system/cpu/cpu6/topology/core_siblings_list
186 [140231344907968] INFO perfrun.sdk <> - Reading value (6-7) from file: /sys/devices/system/cpu/cpu6/topology/thread_siblings_list
186 [140231344907968] INFO perfrun.sdk <> - Reading value (0-7) from file: /sys/devices/system/cpu/cpu7/topology/core_siblings_list
187 [140231344907968] INFO perfrun.sdk <> - Reading value (6-7) from file: /sys/devices/system/cpu/cpu7/topology/thread_siblings_list
187 [140231344907968] ERROR perfrun.sdk <> - boost::filesystem::exists(filename) 'gh2::error::IsNot.Valid.File(filename):/sys/bus/event_source/devices/cpu_core/cpus'
_sdks/release_posix-x86_64_icx_2023.0.0_gnutools_9.2_binutils_2.28/perfrun_1.36.3/include/perfrun1/sdk/utils.hpp(777): gh2::error_code_t runtool::sdk::loadFileValue(RetType &, const cpil2::uchar_t *) [RetType = std::basic_string<char>]
, at file: _sdks/release_posix-x86_64_icx_2023.0.0_gnutools_9.2_binutils_2.28/perfrun_1.36.3/include/perfrun1/sdk/utils.hpp:777
187 [140231344907968] ERROR perfrun.sdk <> - boost::filesystem::exists(filename) 'gh2::error::IsNot.Valid.File(filename):/sys/bus/event_source/devices/cpu_atom/cpus'
_sdks/release_posix-x86_64_icx_2023.0.0_gnutools_9.2_binutils_2.28/perfrun_1.36.3/include/perfrun1/sdk/utils.hpp(777): gh2::error_code_t runtool::sdk::loadFileValue(RetType &, const cpil2::uchar_t *) [RetType = std::basic_string<char>]
, at file: _sdks/release_posix-x86_64_icx_2023.0.0_gnutools_9.2_binutils_2.28/perfrun_1.36.3/include/perfrun1/sdk/utils.hpp:777
187 [140231353300672] INFO perfrun.sdk <> - runCmd: /opt/intel/oneapi/vtune/2025.3/bin64/amplxe-perf stat -v --log-fd 11 --scale -x ; -e cpu/event=0x3c,name='CPU_CLK_UNHALTED.THREAD'/Duk,cpu/umask=0x3,name='CPU_CLK_UNHALTED.REF_TSC'/Duk,cpu/event=0xc0,name='INST_RETIRED.ANY'/Duk,cpu/event=0x3c,umask=0x1,name='CPU_CLK_UNHALTED.REF_XCLK'/uk,cpu/event=0x3c,umask=0x2,name='CPU_CLK_UNHALTED.ONE_THREAD_ACTIVE'/uk,cpu/event=0xc7,umask=0x2,name='FP_ARITH_INST_RETIRED.SCALAR_SINGLE'/uk,cpu/event=0xc7,umask=0x8,name='FP_ARITH_INST_RETIRED.128B_PACKED_SINGLE'/uk,cpu/event=0xc7,umask=0x20,name='FP_ARITH_INST_RETIRED.256B_PACKED_SINGLE'/uk,cpu/event=0xc7,umask=0x1,name='FP_ARITH_INST_RETIRED.SCALAR_DOUBLE'/uk,cpu/event=0xc7,umask=0x4,name='FP_ARITH_INST_RETIRED.128B_PACKED_DOUBLE'/uk,cpu/event=0xc7,umask=0x10,name='FP_ARITH_INST_RETIRED.256B_PACKED_DOUBLE'/uk,cpu/event=0xb1,umask=0x10,name='UOPS_EXECUTED.X87'/uk,cpu/event=0xc2,umask=0x2,name='UOPS_RETIRED.RETIRE_SLOTS'/uk,cpu/event=0xb1,umask=0x1,name='UOPS_EXECUTED.THREAD'/uk /opt/intel/oneapi/vtune/2025.3/bin64/amplxe-perf-sync dryrun tsc
188 [140231353300672] INFO perfrun.sdk <> - runCmd started PID 7852
204 [140231353300672] INFO perfrun.perfcollector <> - Monitor: runCmd RC = true
205 [140231432988352] INFO perfrun.launcher <> - plugin [aoclprofile] was disabled because it doesn't support the given collection type.
205 [140231432988352] INFO perfrun.tpss <> - initialize tpss controller
205 [140231432988352] INFO perfrun.tpss <> - configure collection mode: value = cpu:counters:nostack
205 [140231432988352] INFO perfrun.tpss <> - configure collection mode: value = cpu:stack
205 [140231432988352] INFO perfrun.tpss <> - default obj-size-min=1024
206 [140231432988352] INFO perfrun.tpss <> - default hash-table-size=0
206 [140231432988352] INFO perfrun.launcher <> - plugin [media] was disabled because it doesn't support the given collection type.
206 [140231432988352] INFO perfrun.launcher <> - plugin [] was disabled because it doesn't support the given collection type.
206 [140231432988352] INFO perfrun.launcher <> - plugin [] was disabled because it doesn't support the given collection type.
206 [140231432988352] INFO perfrun.launcher <> - plugin [parallelfs] was disabled because it doesn't support the given collection type.
206 [140231432988352] INFO perfrun.launcher <> - plugin [power] was disabled because it doesn't support the given collection type.
207 [140231432988352] INFO perfrun.launcher <> - plugin [] was disabled because it doesn't support the given collection type.
207 [140231432988352] INFO perfrun.launcher <> - plugin [] was disabled because it doesn't support the given collection type.
207 [140231432988352] INFO perfrun.launcher <> - plugin [] was disabled because it doesn't support the given collection type.
207 [140231432988352] INFO perfrun.launcher <> - plugin [l0_metrics] was disabled because it doesn't support the given collection type.
207 [140231432988352] INFO perfrun.launcher <> - plugin [stall_reasons] was disabled because it doesn't support the given collection type.
208 [140231588387968] INFO perfrun.launcher <> - set environment variable: LD_LIBRARY_PATH = /opt/intel/oneapi/vtune/2025.3/lib32/runtime:/opt/intel/oneapi/vtune/2025.3/lib64/runtime:/opt/intel/oneapi/tcm/1.3/lib:/opt/intel/oneapi/umf/0.10/lib:/opt/intel/oneapi/tbb/2022.1/env/../lib/intel64/gcc4.8:/opt/intel/oneapi/pti/0.12/lib:/opt/intel/oneapi/mkl/2025.1/lib:/opt/intel/oneapi/ipp/2022.1/lib:/opt/intel/oneapi/compiler/2025.1/opt/compiler/lib:/opt/intel/oneapi/compiler/2025.1/lib
208 [140231588387968] INFO perfrun.launcher <> - set environment variable: INTEL_LIBITTNOTIFY32 = /opt/intel/oneapi/vtune/2025.3/lib32/runtime/libittnotify_collector.so
208 [140231588387968] INFO perfrun.launcher <> - set environment variable: INTEL_LIBITTNOTIFY64 = /opt/intel/oneapi/vtune/2025.3/lib64/runtime/libittnotify_collector.so
208 [140231588387968] INFO perfrun.launcher <> - set environment variable: INTEL_ITTNOTIFY_GROUPS = 
209 [140231588387968] INFO perfrun.launcher <> - set environment variable: INTEL_JIT_PROFILER32 = /opt/intel/oneapi/vtune/2025.3/lib32/runtime/libittnotify_collector.so
209 [140231588387968] INFO perfrun.launcher <> - set environment variable: INTEL_JIT_PROFILER64 = /opt/intel/oneapi/vtune/2025.3/lib64/runtime/libittnotify_collector.so
209 [140231588387968] INFO perfrun.launcher <> - set environment variable: CCL_ITT_LEVEL = 1
209 [140231588387968] INFO perfrun.launcher <> - set environment variable: ENABLE_JITPROFILING = 1
210 [140231588387968] INFO perfrun.launcher <> - set environment variable: CL_CONFIG_USE_VTUNE = True
210 [140231588387968] INFO perfrun.launcher <> - set environment variable: LD_PRELOAD = libittnotify_collector.so:
210 [140231588387968] INFO perfrun.launcher <> - set environment variable: KMP_FORKJOIN_FRAMES = 0
210 [140231588387968] INFO perfrun.launcher <> - set environment variable: KMP_FORKJOIN_FRAMES_MODE = 0
211 [140231588387968] INFO perfrun.launcher <> - set environment variable: INTEL_MRTE_DATA_DIR = /tmp/amplxe-tmp-azfar/amplxe-res-7826-25249572798051/data.0
211 [140231588387968] INFO perfrun.launcher <> - set environment variable: INTEL_MRTE_HOST_NAME = DESKTOP-GRRJ2VV
211 [140231588387968] INFO perfrun.launcher <> - set environment variable: JAVA_TOOL_OPTIONS = -agentlib:amplxe_samplingmrte_javaprof_1.0 -Dsun.boot.library.path=/opt/intel/oneapi/vtune/2025.3/lib32/runtime:/opt/intel/oneapi/vtune/2025.3/lib64/runtime
212 [140231588387968] INFO perfrun.launcher <> - set environment variable: LD_LIBRARY_PATH = /opt/intel/oneapi/vtune/2025.3/lib32/runtime:/opt/intel/oneapi/vtune/2025.3/lib64/runtime:/opt/intel/oneapi/tcm/1.3/lib:/opt/intel/oneapi/umf/0.10/lib:/opt/intel/oneapi/tbb/2022.1/env/../lib/intel64/gcc4.8:/opt/intel/oneapi/pti/0.12/lib:/opt/intel/oneapi/mkl/2025.1/lib:/opt/intel/oneapi/ipp/2022.1/lib:/opt/intel/oneapi/compiler/2025.1/opt/compiler/lib:/opt/intel/oneapi/compiler/2025.1/lib
212 [140231588387968] INFO perfrun.launcher <> - set environment variable: CORECLR_ENABLE_PROFILING = 1
212 [140231588387968] INFO perfrun.launcher <> - set environment variable: CORECLR_PROFILER = {AA5E4821-E3B1-479c-B7FF-5AD047D22CED}
212 [140231588387968] INFO perfrun.launcher <> - set environment variable: CORECLR_PROFILER_PATH = /opt/intel/oneapi/vtune/2025.3/lib64/libamplxe_samplingmrte_clrprof_1.0.so
213 [140231588387968] INFO perfrun.launcher <> - set environment variable: INTEL_MRTE_PROFILER_MODE = mixed
213 [140231588387968] INFO perfrun.launcher <> - RpcServer: run RPC server to handle requests
217 [140231588387968] INFO perfrun.launcher <> - Launcher: command line to start before modification = ./test1 changes.txt 0
217 [140231588387968] INFO perfrun.launcher <> - Launcher: command line to start after modification = /opt/intel/oneapi/vtune/2025.3/bin64/pin -error_file /tmp/amplxe-tmp-azfar/amplxe-res-7826-25249572798051/data.0/pinerr.tpsslog -detach_reattach -follow_execv -tool_load_option deepbind -t64 /opt/intel/oneapi/vtune/2025.3/lib64/libtpsstool.so -t /opt/intel/oneapi/vtune/2025.3/lib32/libtpsstool.so -server_name tpss_ipc.7826 -prd_dir /opt/intel/oneapi/vtune/2025.3 -- ./test1 changes.txt 0
217 [140231588387968] INFO perfrun.launcher <> - ProcessCreator object was created
218 [140231588387968] INFO perfrun.launcher <> - Launcher: the process was started in suspend mode
219 [140231432988352] WARN perfrun.system <> - Could not do anything with /sys/kernel/debug/kvm: boost::filesystem::status: Permission denied [system:13]: "/sys/kernel/debug/kvm", at file: vcs/perfrun1/plugins/system/src/trace_writer.cpp:787
220 [140231432988352] WARN perfrun.system <> - Folder "/var/run/libvirt/qemu/"doesn't exist, at file: vcs/perfrun1/plugins/system/src/trace_writer.cpp:800
220 [140231432988352] WARN perfrun.sdk <> - Failed to find xl binary on any of the system paths: /bin, /sbin, /usr/bin, /usr/sbin., at file: vcs/perfrun1/sdk/src/utils.cpp:205
221 [140231432988352] WARN perfrun.system <> - Could not start ContainerMapping collector, at file: vcs/perfrun1/plugins/system/src/controller.cpp:450
225 [140231432988352] INFO perfrun.vdso <> - Helper runtool '/opt/intel/oneapi/vtune/2025.3/bin32/amplxe-runss -dump-vdso -r /tmp/amplxe-tmp-azfar/amplxe-res-7826-25249572798051 --tmp-dir /tmp/amplxe-tmp-azfar' returned 1
300 [140231432988352] INFO perfrun.vdso <> - Helper runtool '/opt/intel/oneapi/vtune/2025.3/bin64/amplxe-runss -dump-vdso -r /tmp/amplxe-tmp-azfar/amplxe-res-7826-25249572798051 --tmp-dir /tmp/amplxe-tmp-azfar' returned 0
300 [140231432988352] INFO perfrun.itt <> - start itt controller for pid #7864
300 [140231432988352] INFO perfrun.perfcollector <> - attaching to pid: 7864, m_mode: 10, mode: 11
301 [140231328122560] INFO perfrun.perfcollector <> - Perf stat trace pipe capacity: read = 1048576, write = 1048576
301 [140231353300672] INFO perfrun.sdk <> - Reading value (0-7) from file: /sys/devices/system/cpu/cpu0/topology/core_siblings_list
301 [140231353300672] INFO perfrun.sdk <> - Reading value (0-1) from file: /sys/devices/system/cpu/cpu0/topology/thread_siblings_list
302 [140231353300672] INFO perfrun.sdk <> - Reading value (0-7) from file: /sys/devices/system/cpu/cpu1/topology/core_siblings_list
302 [140231353300672] INFO perfrun.sdk <> - Reading value (0-1) from file: /sys/devices/system/cpu/cpu1/topology/thread_siblings_list
302 [140231353300672] INFO perfrun.sdk <> - Reading value (0-7) from file: /sys/devices/system/cpu/cpu2/topology/core_siblings_list
302 [140231353300672] INFO perfrun.sdk <> - Reading value (2-3) from file: /sys/devices/system/cpu/cpu2/topology/thread_siblings_list
302 [140231353300672] INFO perfrun.sdk <> - Reading value (0-7) from file: /sys/devices/system/cpu/cpu3/topology/core_siblings_list
302 [140231353300672] INFO perfrun.sdk <> - Reading value (2-3) from file: /sys/devices/system/cpu/cpu3/topology/thread_siblings_list
303 [140231353300672] INFO perfrun.sdk <> - Reading value (0-7) from file: /sys/devices/system/cpu/cpu4/topology/core_siblings_list
303 [140231353300672] INFO perfrun.sdk <> - Reading value (4-5) from file: /sys/devices/system/cpu/cpu4/topology/thread_siblings_list
303 [140231353300672] INFO perfrun.sdk <> - Reading value (0-7) from file: /sys/devices/system/cpu/cpu5/topology/core_siblings_list
303 [140231353300672] INFO perfrun.sdk <> - Reading value (4-5) from file: /sys/devices/system/cpu/cpu5/topology/thread_siblings_list
303 [140231353300672] INFO perfrun.sdk <> - Reading value (0-7) from file: /sys/devices/system/cpu/cpu6/topology/core_siblings_list
303 [140231353300672] INFO perfrun.sdk <> - Reading value (6-7) from file: /sys/devices/system/cpu/cpu6/topology/thread_siblings_list
304 [140231353300672] INFO perfrun.sdk <> - Reading value (0-7) from file: /sys/devices/system/cpu/cpu7/topology/core_siblings_list
304 [140231353300672] INFO perfrun.sdk <> - Reading value (6-7) from file: /sys/devices/system/cpu/cpu7/topology/thread_siblings_list
304 [140231353300672] ERROR perfrun.sdk <> - boost::filesystem::exists(filename) 'gh2::error::IsNot.Valid.File(filename):/sys/bus/event_source/devices/cpu_core/cpus'
_sdks/release_posix-x86_64_icx_2023.0.0_gnutools_9.2_binutils_2.28/perfrun_1.36.3/include/perfrun1/sdk/utils.hpp(777): gh2::error_code_t runtool::sdk::loadFileValue(RetType &, const cpil2::uchar_t *) [RetType = std::basic_string<char>]
, at file: _sdks/release_posix-x86_64_icx_2023.0.0_gnutools_9.2_binutils_2.28/perfrun_1.36.3/include/perfrun1/sdk/utils.hpp:777
304 [140231353300672] ERROR perfrun.sdk <> - boost::filesystem::exists(filename) 'gh2::error::IsNot.Valid.File(filename):/sys/bus/event_source/devices/cpu_atom/cpus'
_sdks/release_posix-x86_64_icx_2023.0.0_gnutools_9.2_binutils_2.28/perfrun_1.36.3/include/perfrun1/sdk/utils.hpp(777): gh2::error_code_t runtool::sdk::loadFileValue(RetType &, const cpil2::uchar_t *) [RetType = std::basic_string<char>]
, at file: _sdks/release_posix-x86_64_icx_2023.0.0_gnutools_9.2_binutils_2.28/perfrun_1.36.3/include/perfrun1/sdk/utils.hpp:777
304 [140231328122560] INFO perfrun.sdk <> - runCmd: /opt/intel/oneapi/vtune/2025.3/bin64/amplxe-perf stat -v --log-fd 22 --control=fd:23,26 --scale -x ; -p 7864 -e cpu/event=0x3c,name='CPU_CLK_UNHALTED.THREAD'/Duk,cpu/umask=0x3,name='CPU_CLK_UNHALTED.REF_TSC'/Duk,cpu/event=0xc0,name='INST_RETIRED.ANY'/Duk,cpu/event=0x3c,umask=0x1,name='CPU_CLK_UNHALTED.REF_XCLK'/uk,cpu/event=0x3c,umask=0x2,name='CPU_CLK_UNHALTED.ONE_THREAD_ACTIVE'/uk,cpu/event=0xc7,umask=0x2,name='FP_ARITH_INST_RETIRED.SCALAR_SINGLE'/uk,cpu/event=0xc7,umask=0x8,name='FP_ARITH_INST_RETIRED.128B_PACKED_SINGLE'/uk,cpu/event=0xc7,umask=0x20,name='FP_ARITH_INST_RETIRED.256B_PACKED_SINGLE'/uk,cpu/event=0xc7,umask=0x1,name='FP_ARITH_INST_RETIRED.SCALAR_DOUBLE'/uk,cpu/event=0xc7,umask=0x4,name='FP_ARITH_INST_RETIRED.128B_PACKED_DOUBLE'/uk,cpu/event=0xc7,umask=0x10,name='FP_ARITH_INST_RETIRED.256B_PACKED_DOUBLE'/uk,cpu/event=0xb1,umask=0x10,name='UOPS_EXECUTED.X87'/uk,cpu/event=0xc2,umask=0x2,name='UOPS_RETIRED.RETIRE_SLOTS'/uk,cpu/event=0xb1,umask=0x1,name='UOPS_EXECUTED.THREAD'/uk /opt/intel/oneapi/vtune/2025.3/bin64/amplxe-perf-sync sync tsc
305 [140231328122560] INFO perfrun.sdk <> - runCmd started PID 7875
317 [140231432988352] INFO perfrun.tpss <> - start tpss controller for pid #7864
368 [140231588387968] INFO perfrun.launcher <> - Launcher: all plugins were started
369 [140231588387968] INFO perfrun.launcher <> - DirectoryMonitor object was created
370 [140231588387968] INFO perfrun.launcher <> - DirectoryMonitor: a callback was added
370 [140231588387968] INFO perfrun.launcher <> - DirectoryMonitor was started with pingTime = 1000
371 [140231588387968] INFO perfrun.launcher <> - DeadlineTimer is going to be constructed
372 [140231588387968] INFO perfrun.launcher <> - DeadlineTimer: a callback was added
382 [140231588387968] INFO perfrun.launcher <> - Launcher: resume the profiled application and  wait its termination or stop command
7734 [140231588387968] INFO perfrun.launcher <> - Launcher: the profiled application was terminated  with exit code = 0
8328 [140231588387968] WARN perfrun.sdk <> - Exception (filesystem::recursive_directory_iterator increment error: No such file or directory [system:2]) while iterating directory: /mnt/d/Semester 6/pdc/pdc_project/i221033_i220950_A_PDC_Project/vtune_hotspots412.DESKTOP-GRRJ2VV, at file: vcs/perfrun1/sdk/src/utils.cpp:295
8340 [140231432988352] INFO perfrun.itt <> - detach itt controller
8340 [140231432988352] INFO perfrun.itt <> - detach itt controller done
8342 [140231328122560] INFO perfrun.perfcollector <> - Monitor: runCmd RC = true
8343 [140231432988352] INFO perfrun.perfcollector <> - Monitor: state = 3, error = 1
8343 [140231432988352] INFO perfrun.tpss <> - stop tpss controller
8344 [140231432988352] INFO perfrun.sdk <> - De-allocating TMU: /tmp/amplxe-tmp-azfar/amplxe-res-7826-25249572798051/data.0/systemcollector-7826-DESKTOP-GRRJ2VV.sc
8344 [140231432988352] INFO perfrun.system <> - closed the system trace file: /tmp/amplxe-tmp-azfar/amplxe-res-7826-25249572798051/data.0/systemcollector-7826-DESKTOP-GRRJ2VV.sc
8345 [140231588387968] INFO perfrun.launcher <> - Launcher: all plugins were stopped.
8345 [140231588387968] INFO perfrun.launcher <> - DeadlineTimer is going to be destroyed
8346 [140231588387968] INFO perfrun.launcher <> - DeadlineTimer was destroyed
8346 [140231588387968] INFO perfrun.launcher <> - DirectoryMonitor object was destroyed
8347 [140231588387968] WARN perfrun.launcher <> - Stop command is ignored because it is received when collection is already stopped, at file: vcs/perfrun1/launcher/src/command_handler.cpp:226
8969 [140231588387968] INFO perfrun.launcher <> - Application exit code: 0
8969 [140231588387968] INFO perfrun.launcher <> - Exit code: 0
