4 [140571933199488] INFO perfrun.launcher <> - Launcher main begin
4 [140571933199488] INFO perfrun.launcher <> - MessageCatalogInit finished
5 [140571933199488] INFO perfrun.launcher <> - Launcher instance created
5 [140571933199488] INFO perfrun.launcher <> - argc = 7; cmdline = /opt/intel/oneapi/vtune/2025.3/bin64/amplxe-runss --ui-output-format xml --ui-output-fd 5 --option-file /mnt/d/Semester 6/pdc/pdc_project/i221033_i220950_A_PDC_Project/vtune_hotspots412.DESKTOP-GRRJ2VV/config/runss.options 
39 [140571933199488] INFO perfrun.perfcollector <> - SEP tool path: /opt/intel/oneapi/vtune/2025.3/bin64/sep
58 [140571933199488] INFO perfrun.launcher <> - create msngr2::ICliToolContext
59 [140571933199488] INFO perfrun.launcher <> - create file finder object
59 [140571933199488] INFO perfrun.launcher <> - create a result directory: pattern = /mnt/d/Semester 6/pdc/pdc_project/i221033_i220950_A_PDC_Project/vtune_hotspots412.DESKTOP-GRRJ2VV pid = 4294967295
69 [140571933199488] INFO perfrun.sdk <> - checked that the directory /mnt/d/Semester 6/pdc/pdc_project/i221033_i220950_A_PDC_Project/vtune_hotspots412.DESKTOP-GRRJ2VV is a local directory
69 [140571933199488] INFO perfrun.sdk <> - the directory /mnt/d/Semester 6/pdc/pdc_project/i221033_i220950_A_PDC_Project/vtune_hotspots412.DESKTOP-GRRJ2VV is located on a share or its FS ID is unknown 16914839
70 [140571933199488] INFO perfrun.sdk <> - checked that the directory /tmp/amplxe-tmp-azfar is a local directory
70 [140571933199488] INFO perfrun.sdk <> - the directory /tmp/amplxe-tmp-azfar is a local directory with FS type ID 61267
71 [140571933199488] INFO perfrun.launcher <> - Create a local result directory /tmp/amplxe-tmp-azfar/amplxe-res-7825-25249573321601 due to the user result path /mnt/d/Semester 6/pdc/pdc_project/i221033_i220950_A_PDC_Project/vtune_hotspots412.DESKTOP-GRRJ2VV is located on a share
72 [140571933199488] INFO perfrun.launcher <> - create data directory = /tmp/amplxe-tmp-azfar/amplxe-res-7825-25249573321601/data.0
80 [140571933199488] INFO perfrun.launcher <> - create data directory = /mnt/d/Semester 6/pdc/pdc_project/i221033_i220950_A_PDC_Project/vtune_hotspots412.DESKTOP-GRRJ2VV/data.1
86 [140571933199488] INFO perfrun.launcher <> - Creating the master collection flag
86 [140571933199488] INFO perfrun.launcher <> - Done creating the master collection flag
88 [140571777689280] INFO perfrun.launcher <> - plugin [remoteplug] was disabled because it doesn't support the given collection type.
88 [140571777689280] INFO perfrun.sdk <> - Allocating TMU :/tmp/amplxe-tmp-azfar/amplxe-res-7825-25249573321601/data.0/systemcollector-7825-DESKTOP-GRRJ2VV.sc
88 [140571777689280] INFO perfrun.launcher <> - plugin [vdso] was disabled because it doesn't support the given collection type.
89 [140571777689280] INFO perfrun.launcher <> - plugin [ptracecollector] was disabled because it doesn't support the given collection type.
89 [140571777689280] INFO perfrun.launcher <> - plugin [gpu] was disabled because it doesn't support the given collection type.
89 [140571777689280] INFO perfrun.launcher <> - plugin [] was disabled because it doesn't support the given collection type.
90 [140571777689280] INFO perfrun.launcher <> - plugin [] was disabled because it doesn't support the given collection type.
90 [140571777689280] INFO perfrun.launcher <> - plugin [] was disabled because it doesn't support the given collection type.
90 [140571777689280] INFO perfrun.mrte <> - system-wide mode is 0
90 [140571777689280] INFO perfrun.mrte <> - Getting  mrte profiling environment ...
102 [140571777689280] INFO perfrun.mrte <> - INTEL_MRTE_DATA_DIR=/tmp/amplxe-tmp-azfar/amplxe-res-7825-25249573321601/data.0
102 [140571777689280] INFO perfrun.mrte <> - INTEL_MRTE_HOST_NAME=DESKTOP-GRRJ2VV
103 [140571777689280] INFO perfrun.mrte <> - JAVA_TOOL_OPTIONS=-agentlib:amplxe_samplingmrte_javaprof_1.0 -Dsun.boot.library.path=/opt/intel/oneapi/vtune/2025.3/lib32/runtime:/opt/intel/oneapi/vtune/2025.3/lib64/runtime
103 [140571777689280] INFO perfrun.mrte <> - LD_LIBRARY_PATH=/opt/intel/oneapi/vtune/2025.3/lib32/runtime:/opt/intel/oneapi/vtune/2025.3/lib64/runtime:/opt/intel/oneapi/tcm/1.3/lib:/opt/intel/oneapi/umf/0.10/lib:/opt/intel/oneapi/tbb/2022.1/env/../lib/intel64/gcc4.8:/opt/intel/oneapi/pti/0.12/lib:/opt/intel/oneapi/mkl/2025.1/lib:/opt/intel/oneapi/ipp/2022.1/lib:/opt/intel/oneapi/compiler/2025.1/opt/compiler/lib:/opt/intel/oneapi/compiler/2025.1/lib
103 [140571777689280] INFO perfrun.mrte <> - CORECLR_ENABLE_PROFILING=1
103 [140571777689280] INFO perfrun.mrte <> - CORECLR_PROFILER={AA5E4821-E3B1-479c-B7FF-5AD047D22CED}
104 [140571777689280] INFO perfrun.mrte <> - CORECLR_PROFILER_PATH=/opt/intel/oneapi/vtune/2025.3/lib64/libamplxe_samplingmrte_clrprof_1.0.so
104 [140571777689280] INFO perfrun.mrte <> - INTEL_MRTE_PROFILER_MODE=mixed
104 [140571777689280] INFO perfrun.mrte <> - Data directory: /tmp/amplxe-tmp-azfar/amplxe-res-7825-25249573321601/data.0
104 [140571777689280] INFO perfrun.mrte <> - Mrte plugin is initialized
104 [140571777689280] INFO perfrun.launcher <> - plugin [emon] was disabled because it doesn't support the given collection type.
105 [140571777689280] INFO perfrun.launcher <> - plugin [cuscol] was disabled because it doesn't support the given collection type.
105 [140571777689280] INFO perfrun.launcher <> - plugin [stdsrc] was disabled because it doesn't support the given collection type.
105 [140571777689280] INFO perfrun.launcher <> - plugin [sep] was disabled because it doesn't support the given collection type.
105 [140571777689280] INFO perfrun.launcher <> - plugin [vtsspp] was disabled because it doesn't support the given collection type.
105 [140571777689280] INFO perfrun.perfcollector <> - Platform type: 150
105 [140571777689280] INFO perfrun.sdk <> - Reading value (0) from file: /proc/sys/kernel/perf_event_paranoid
106 [140571777689280] INFO perfrun.perfcollector <> - checking access to: /opt/intel/oneapi/vtune/2025.3/bin64/amplxe-perf-priv
106 [140571777689280] INFO perfrun.perfcollector <> - dir found: /sys/bus/event_source/devices/software
106 [140571777689280] INFO perfrun.perfcollector <> - format: pmu format subdir doesn't exist
106 [140571777689280] INFO perfrun.perfcollector <> - hwInfo: not set, pmuFam: software
106 [140571777689280] INFO perfrun.perfcollector <> - pmu added: software, idx: 0
106 [140571777689280] INFO perfrun.perfcollector <> - dir found: /sys/bus/event_source/devices/uprobe
107 [140571777689280] INFO perfrun.perfcollector <> - format: ref_ctr_offset: config:32-63, mask:32-63
107 [140571777689280] INFO perfrun.perfcollector <> - format: retprobe: config:0, mask:0
107 [140571777689280] INFO perfrun.perfcollector <> - hwInfo: not set, pmuFam: uprobe
107 [140571777689280] INFO perfrun.perfcollector <> - pmu caps: raw,format
107 [140571777689280] INFO perfrun.perfcollector <> - pmu added: uprobe, idx: 0
108 [140571777689280] INFO perfrun.perfcollector <> - dir found: /sys/bus/event_source/devices/cpu
108 [140571777689280] INFO perfrun.perfcollector <> - format: event: config:0-7, mask:0-7
108 [140571777689280] INFO perfrun.perfcollector <> - format: pc: config:19, mask:19
108 [140571777689280] INFO perfrun.perfcollector <> - format: edge: config:18, mask:18
108 [140571777689280] INFO perfrun.perfcollector <> - format: any: config:21, mask:21
108 [140571777689280] INFO perfrun.perfcollector <> - format: offcore_rsp: config1:0-63, mask:0-63
109 [140571777689280] INFO perfrun.perfcollector <> - format: ldlat: config1:0-15, mask:0-15
109 [140571777689280] INFO perfrun.perfcollector <> - format: inv: config:23, mask:23
109 [140571777689280] INFO perfrun.perfcollector <> - format: umask: config:8-15, mask:8-15
109 [140571777689280] INFO perfrun.perfcollector <> - format: frontend: config1:0-23, mask:0-23
109 [140571777689280] INFO perfrun.perfcollector <> - format: cmask: config:24-31, mask:24-31
110 [140571777689280] INFO perfrun.perfcollector <> - hwInfo: PERF_CPU_PMU_DETAILS
110 [140571777689280] INFO perfrun.perfcollector <> - pmu caps: raw,format,events,ldlat,frontend,offcore_rsp
110 [140571777689280] INFO perfrun.perfcollector <> - pmu added: cpu, idx: 0
110 [140571777689280] INFO perfrun.perfcollector <> - dir found: /sys/bus/event_source/devices/breakpoint
110 [140571777689280] INFO perfrun.perfcollector <> - format: pmu format subdir doesn't exist
111 [140571777689280] INFO perfrun.perfcollector <> - hwInfo: not set, pmuFam: breakpoint
111 [140571777689280] INFO perfrun.perfcollector <> - pmu added: breakpoint, idx: 0
111 [140571777689280] INFO perfrun.perfcollector <> - dir found: /sys/bus/event_source/devices/tracepoint
111 [140571777689280] INFO perfrun.perfcollector <> - format: pmu format subdir doesn't exist
111 [140571777689280] INFO perfrun.perfcollector <> - hwInfo: not set, pmuFam: tracepoint
111 [140571777689280] INFO perfrun.perfcollector <> - pmu added: tracepoint, idx: 0
112 [140571777689280] INFO perfrun.perfcollector <> - dir found: /sys/bus/event_source/devices/kprobe
112 [140571777689280] INFO perfrun.perfcollector <> - format: retprobe: config:0, mask:0
113 [140571777689280] INFO perfrun.perfcollector <> - hwInfo: not set, pmuFam: kprobe
113 [140571777689280] INFO perfrun.perfcollector <> - pmu caps: raw,format
113 [140571777689280] INFO perfrun.perfcollector <> - pmu added: kprobe, idx: 0
114 [140571777689280] INFO perfrun.perfcollector <> - dir found: /sys/bus/event_source/devices/msr
114 [140571777689280] INFO perfrun.perfcollector <> - format: event: config:0-63, mask:0-63
114 [140571777689280] INFO perfrun.perfcollector <> - hwInfo: not set, pmuFam: msr
114 [140571777689280] INFO perfrun.perfcollector <> - pmu caps: raw,format,events
114 [140571777689280] INFO perfrun.perfcollector <> - pmu added: msr, idx: 0
114 [140571777689280] INFO perfrun.perfcollector <> - Perf tool path: /opt/intel/oneapi/vtune/2025.3/bin64/amplxe-perf
115 [140571777689280] INFO perfrun.perfcollector <> - Data directory: /tmp/amplxe-tmp-azfar/amplxe-res-7825-25249573321601/data.0
115 [140571777689280] INFO perfrun.perfcollector <> - Temp directory: /tmp/amplxe-tmp-azfar
115 [140571777689280] INFO perfrun.perfcollector <> - Perf sync path: /opt/intel/oneapi/vtune/2025.3/bin64/amplxe-perf-sync
115 [140571777689280] INFO perfrun.perfcollector <> - Hypervisor = Microsoft Hv
115 [140571777689280] INFO perfrun.perfcollector <> - Counting mode is requested
116 [140571777689280] INFO perfrun.perfcollector <> - Sample after multiplier: 1
116 [140571777689280] INFO perfrun.sdk <> - runCmd: /opt/intel/oneapi/vtune/2025.3/bin64/sep -dry-run -sam 1 -ec CPU_CLK_UNHALTED.THREAD,CPU_CLK_UNHALTED.REF_TSC:sample:sa=1800000,INST_RETIRED.ANY:sample:sa=1800000,CPU_CLK_UNHALTED.REF_XCLK,CPU_CLK_UNHALTED.ONE_THREAD_ACTIVE,FP_ARITH_INST_RETIRED.SCALAR_SINGLE,FP_ARITH_INST_RETIRED.128B_PACKED_SINGLE,FP_ARITH_INST_RETIRED.256B_PACKED_SINGLE,FP_ARITH_INST_RETIRED.SCALAR_DOUBLE,FP_ARITH_INST_RETIRED.128B_PACKED_DOUBLE,FP_ARITH_INST_RETIRED.256B_PACKED_DOUBLE,UOPS_EXECUTED.X87,UOPS_RETIRED.RETIRE_SLOTS:sample:sa=2000003,UOPS_EXECUTED.THREAD -experimental
116 [140571777689280] INFO perfrun.sdk <> - runCmd started PID 7844
124 [140571777689280] INFO perfrun.perfcollector <> - SepDryRun RC = true
125 [140571777689280] INFO perfrun.perfcollector <> - Loading SEP event configuration
125 [140571777689280] INFO perfrun.perfcollector <> - pmu: cpu
125 [140571777689280] INFO perfrun.perfcollector <> - group_id: 0
125 [140571777689280] INFO perfrun.perfcollector <> - event_id: 2: INST_RETIRED.ANY
126 [140571777689280] INFO perfrun.perfcollector <> - event_id: 0: CPU_CLK_UNHALTED.THREAD
126 [140571777689280] INFO perfrun.perfcollector <> - event_id: 1: CPU_CLK_UNHALTED.REF_TSC
126 [140571777689280] INFO perfrun.perfcollector <> - event_id: 3: CPU_CLK_UNHALTED.REF_XCLK
126 [140571777689280] INFO perfrun.perfcollector <> - event_id: 4: CPU_CLK_UNHALTED.ONE_THREAD_ACTIVE
126 [140571777689280] INFO perfrun.perfcollector <> - event_id: 5: FP_ARITH_INST_RETIRED.SCALAR_SINGLE
126 [140571777689280] INFO perfrun.perfcollector <> - event_id: 6: FP_ARITH_INST_RETIRED.128B_PACKED_SINGLE
127 [140571777689280] INFO perfrun.perfcollector <> - event_id: 3: cccr: addr: 186, value: 53013c
127 [140571777689280] INFO perfrun.perfcollector <> - event_id: 4: cccr: addr: 187, value: 53023c
127 [140571777689280] INFO perfrun.perfcollector <> - event_id: 5: cccr: addr: 188, value: 5302c7
127 [140571777689280] INFO perfrun.perfcollector <> - event_id: 6: cccr: addr: 189, value: 5308c7
127 [140571777689280] INFO perfrun.perfcollector <> - event_id: 2: data: addr: 309, value: ffffffffffe488c0
127 [140571777689280] INFO perfrun.perfcollector <> - event_id: 0: data: addr: 30a, value: ffffffffffe17b7d
128 [140571777689280] INFO perfrun.perfcollector <> - event_id: 1: data: addr: 30b, value: ffffffffffe488c0
128 [140571777689280] INFO perfrun.perfcollector <> - event_id: 3: data: addr: c1, value: ffffffffffff9e55
128 [140571777689280] INFO perfrun.perfcollector <> - event_id: 4: data: addr: c2, value: ffffffffffff9e55
128 [140571777689280] INFO perfrun.perfcollector <> - event_id: 5: data: addr: c3, value: ffffffffffe17b7d
128 [140571777689280] INFO perfrun.perfcollector <> - event_id: 6: data: addr: c4, value: ffffffffffe17b7d
129 [140571777689280] INFO perfrun.perfcollector <> - group_id: 1
129 [140571777689280] INFO perfrun.perfcollector <> - event_id: 2: INST_RETIRED.ANY
129 [140571777689280] INFO perfrun.perfcollector <> - event_id: 0: CPU_CLK_UNHALTED.THREAD
130 [140571777689280] INFO perfrun.perfcollector <> - event_id: 1: CPU_CLK_UNHALTED.REF_TSC
130 [140571777689280] INFO perfrun.perfcollector <> - event_id: 7: FP_ARITH_INST_RETIRED.256B_PACKED_SINGLE
130 [140571777689280] INFO perfrun.perfcollector <> - event_id: 8: FP_ARITH_INST_RETIRED.SCALAR_DOUBLE
130 [140571777689280] INFO perfrun.perfcollector <> - event_id: 9: FP_ARITH_INST_RETIRED.128B_PACKED_DOUBLE
131 [140571777689280] INFO perfrun.perfcollector <> - event_id: 10: FP_ARITH_INST_RETIRED.256B_PACKED_DOUBLE
131 [140571777689280] INFO perfrun.perfcollector <> - event_id: 7: cccr: addr: 186, value: 5320c7
131 [140571777689280] INFO perfrun.perfcollector <> - event_id: 8: cccr: addr: 187, value: 5301c7
131 [140571777689280] INFO perfrun.perfcollector <> - event_id: 9: cccr: addr: 188, value: 5304c7
131 [140571777689280] INFO perfrun.perfcollector <> - event_id: 10: cccr: addr: 189, value: 5310c7
131 [140571777689280] INFO perfrun.perfcollector <> - event_id: 2: data: addr: 309, value: ffffffffffe488c0
132 [140571777689280] INFO perfrun.perfcollector <> - event_id: 0: data: addr: 30a, value: ffffffffffe17b7d
132 [140571777689280] INFO perfrun.perfcollector <> - event_id: 1: data: addr: 30b, value: ffffffffffe488c0
132 [140571777689280] INFO perfrun.perfcollector <> - event_id: 7: data: addr: c1, value: ffffffffffe17b7d
132 [140571777689280] INFO perfrun.perfcollector <> - event_id: 8: data: addr: c2, value: ffffffffffe17b7d
132 [140571777689280] INFO perfrun.perfcollector <> - event_id: 9: data: addr: c3, value: ffffffffffe17b7d
133 [140571777689280] INFO perfrun.perfcollector <> - event_id: 10: data: addr: c4, value: ffffffffffe17b7d
133 [140571777689280] INFO perfrun.perfcollector <> - group_id: 2
133 [140571777689280] INFO perfrun.perfcollector <> - event_id: 2: INST_RETIRED.ANY
133 [140571777689280] INFO perfrun.perfcollector <> - event_id: 0: CPU_CLK_UNHALTED.THREAD
134 [140571777689280] INFO perfrun.perfcollector <> - event_id: 1: CPU_CLK_UNHALTED.REF_TSC
134 [140571777689280] INFO perfrun.perfcollector <> - event_id: 11: UOPS_EXECUTED.X87
134 [140571777689280] INFO perfrun.perfcollector <> - event_id: 12: UOPS_RETIRED.RETIRE_SLOTS
134 [140571777689280] INFO perfrun.perfcollector <> - event_id: 13: UOPS_EXECUTED.THREAD
134 [140571777689280] INFO perfrun.perfcollector <> - event_id: 11: cccr: addr: 186, value: 5310b1
135 [140571777689280] INFO perfrun.perfcollector <> - event_id: 12: cccr: addr: 187, value: 5302c2
135 [140571777689280] INFO perfrun.perfcollector <> - event_id: 13: cccr: addr: 188, value: 5301b1
135 [140571777689280] INFO perfrun.perfcollector <> - event_id: 2: data: addr: 309, value: ffffffffffe488c0
135 [140571777689280] INFO perfrun.perfcollector <> - event_id: 0: data: addr: 30a, value: ffffffffffe17b7d
135 [140571777689280] INFO perfrun.perfcollector <> - event_id: 1: data: addr: 30b, value: ffffffffffe488c0
135 [140571777689280] INFO perfrun.perfcollector <> - event_id: 11: data: addr: c1, value: ffffffffffe17b7d
136 [140571777689280] INFO perfrun.perfcollector <> - event_id: 12: data: addr: c2, value: ffffffffffe17b7d
136 [140571777689280] INFO perfrun.perfcollector <> - event_id: 13: data: addr: c3, value: ffffffffffe17b7d
136 [140571777689280] INFO perfrun.perfcollector <> - Converting events to Perf format
136 [140571777689280] INFO perfrun.perfcollector <> - event: 0: CPU_CLK_UNHALTED.THREAD
136 [140571777689280] INFO perfrun.perfcollector <> - cccr: addr: ffffffff, value: 0
136 [140571777689280] INFO perfrun.perfcollector <> - data: addr: 30a, value: ffffffffffe17b7d
137 [140571777689280] INFO perfrun.perfcollector <> - pmu config: cpu
137 [140571777689280] INFO perfrun.perfcollector <> - config: any: 0
137 [140571777689280] INFO perfrun.perfcollector <> - config: cmask: 0
137 [140571777689280] INFO perfrun.perfcollector <> - config: edge: 0
137 [140571777689280] INFO perfrun.perfcollector <> - config: event: 3c
138 [140571777689280] INFO perfrun.perfcollector <> - config1: frontend: 0
138 [140571777689280] INFO perfrun.perfcollector <> - config: inv: 0
138 [140571777689280] INFO perfrun.perfcollector <> - config1: ldlat: 0
138 [140571777689280] INFO perfrun.perfcollector <> - config1: offcore_rsp: 0
138 [140571777689280] INFO perfrun.perfcollector <> - config: pc: 0
139 [140571777689280] INFO perfrun.perfcollector <> - config: umask: 0
139 [140571777689280] INFO perfrun.perfcollector <> - format: cpu/event=0x3c,name='CPU_CLK_UNHALTED.THREAD'/D
139 [140571777689280] INFO perfrun.perfcollector <> - event: 1: CPU_CLK_UNHALTED.REF_TSC
139 [140571777689280] INFO perfrun.perfcollector <> - cccr: addr: ffffffff, value: 0
139 [140571777689280] INFO perfrun.perfcollector <> - data: addr: 30b, value: ffffffffffe488c0
139 [140571777689280] INFO perfrun.perfcollector <> - pmu config: cpu
140 [140571777689280] INFO perfrun.perfcollector <> - config: any: 0
140 [140571777689280] INFO perfrun.perfcollector <> - config: cmask: 0
140 [140571777689280] INFO perfrun.perfcollector <> - config: edge: 0
140 [140571777689280] INFO perfrun.perfcollector <> - config: event: 0
140 [140571777689280] INFO perfrun.perfcollector <> - config1: frontend: 0
140 [140571777689280] INFO perfrun.perfcollector <> - config: inv: 0
141 [140571777689280] INFO perfrun.perfcollector <> - config1: ldlat: 0
141 [140571777689280] INFO perfrun.perfcollector <> - config1: offcore_rsp: 0
141 [140571777689280] INFO perfrun.perfcollector <> - config: pc: 0
141 [140571777689280] INFO perfrun.perfcollector <> - config: umask: 3
141 [140571777689280] INFO perfrun.perfcollector <> - format: cpu/umask=0x3,name='CPU_CLK_UNHALTED.REF_TSC'/D
142 [140571777689280] INFO perfrun.perfcollector <> - event: 2: INST_RETIRED.ANY
142 [140571777689280] INFO perfrun.perfcollector <> - cccr: addr: ffffffff, value: 0
142 [140571777689280] INFO perfrun.perfcollector <> - data: addr: 309, value: ffffffffffe488c0
142 [140571777689280] INFO perfrun.perfcollector <> - pmu config: cpu
142 [140571777689280] INFO perfrun.perfcollector <> - config: any: 0
143 [140571777689280] INFO perfrun.perfcollector <> - config: cmask: 0
143 [140571777689280] INFO perfrun.perfcollector <> - config: edge: 0
143 [140571777689280] INFO perfrun.perfcollector <> - config: event: c0
143 [140571777689280] INFO perfrun.perfcollector <> - config1: frontend: 0
144 [140571777689280] INFO perfrun.perfcollector <> - config: inv: 0
144 [140571777689280] INFO perfrun.perfcollector <> - config1: ldlat: 0
144 [140571777689280] INFO perfrun.perfcollector <> - config1: offcore_rsp: 0
144 [140571777689280] INFO perfrun.perfcollector <> - config: pc: 0
145 [140571777689280] INFO perfrun.perfcollector <> - config: umask: 0
145 [140571777689280] INFO perfrun.perfcollector <> - format: cpu/event=0xc0,name='INST_RETIRED.ANY'/D
145 [140571777689280] INFO perfrun.perfcollector <> - event: 3: CPU_CLK_UNHALTED.REF_XCLK
145 [140571777689280] INFO perfrun.perfcollector <> - cccr: addr: 186, value: 53013c
145 [140571777689280] INFO perfrun.perfcollector <> - data: addr: c1, value: ffffffffffff9e55
146 [140571777689280] INFO perfrun.perfcollector <> - pmu config: cpu
146 [140571777689280] INFO perfrun.perfcollector <> - config: any: 0
146 [140571777689280] INFO perfrun.perfcollector <> - config: cmask: 0
146 [140571777689280] INFO perfrun.perfcollector <> - config: edge: 0
147 [140571777689280] INFO perfrun.perfcollector <> - config: event: 3c
147 [140571777689280] INFO perfrun.perfcollector <> - config1: frontend: 0
147 [140571777689280] INFO perfrun.perfcollector <> - config: inv: 0
147 [140571777689280] INFO perfrun.perfcollector <> - config1: ldlat: 0
147 [140571777689280] INFO perfrun.perfcollector <> - config1: offcore_rsp: 0
147 [140571777689280] INFO perfrun.perfcollector <> - config: pc: 0
148 [140571777689280] INFO perfrun.perfcollector <> - config: umask: 1
148 [140571777689280] INFO perfrun.perfcollector <> - format: cpu/event=0x3c,umask=0x1,name='CPU_CLK_UNHALTED.REF_XCLK'/
148 [140571777689280] INFO perfrun.perfcollector <> - event: 4: CPU_CLK_UNHALTED.ONE_THREAD_ACTIVE
148 [140571777689280] INFO perfrun.perfcollector <> - cccr: addr: 187, value: 53023c
148 [140571777689280] INFO perfrun.perfcollector <> - data: addr: c2, value: ffffffffffff9e55
148 [140571777689280] INFO perfrun.perfcollector <> - pmu config: cpu
149 [140571777689280] INFO perfrun.perfcollector <> - config: any: 0
149 [140571777689280] INFO perfrun.perfcollector <> - config: cmask: 0
149 [140571777689280] INFO perfrun.perfcollector <> - config: edge: 0
149 [140571777689280] INFO perfrun.perfcollector <> - config: event: 3c
149 [140571777689280] INFO perfrun.perfcollector <> - config1: frontend: 0
149 [140571777689280] INFO perfrun.perfcollector <> - config: inv: 0
150 [140571777689280] INFO perfrun.perfcollector <> - config1: ldlat: 0
150 [140571777689280] INFO perfrun.perfcollector <> - config1: offcore_rsp: 0
150 [140571777689280] INFO perfrun.perfcollector <> - config: pc: 0
150 [140571777689280] INFO perfrun.perfcollector <> - config: umask: 2
150 [140571777689280] INFO perfrun.perfcollector <> - format: cpu/event=0x3c,umask=0x2,name='CPU_CLK_UNHALTED.ONE_THREAD_ACTIVE'/
150 [140571777689280] INFO perfrun.perfcollector <> - event: 5: FP_ARITH_INST_RETIRED.SCALAR_SINGLE
151 [140571777689280] INFO perfrun.perfcollector <> - cccr: addr: 188, value: 5302c7
151 [140571777689280] INFO perfrun.perfcollector <> - data: addr: c3, value: ffffffffffe17b7d
151 [140571777689280] INFO perfrun.perfcollector <> - pmu config: cpu
151 [140571777689280] INFO perfrun.perfcollector <> - config: any: 0
151 [140571777689280] INFO perfrun.perfcollector <> - config: cmask: 0
152 [140571777689280] INFO perfrun.perfcollector <> - config: edge: 0
152 [140571777689280] INFO perfrun.perfcollector <> - config: event: c7
152 [140571777689280] INFO perfrun.perfcollector <> - config1: frontend: 0
152 [140571777689280] INFO perfrun.perfcollector <> - config: inv: 0
152 [140571777689280] INFO perfrun.perfcollector <> - config1: ldlat: 0
152 [140571777689280] INFO perfrun.perfcollector <> - config1: offcore_rsp: 0
153 [140571777689280] INFO perfrun.perfcollector <> - config: pc: 0
153 [140571777689280] INFO perfrun.perfcollector <> - config: umask: 2
153 [140571777689280] INFO perfrun.perfcollector <> - format: cpu/event=0xc7,umask=0x2,name='FP_ARITH_INST_RETIRED.SCALAR_SINGLE'/
153 [140571777689280] INFO perfrun.perfcollector <> - event: 6: FP_ARITH_INST_RETIRED.128B_PACKED_SINGLE
153 [140571777689280] INFO perfrun.perfcollector <> - cccr: addr: 189, value: 5308c7
153 [140571777689280] INFO perfrun.perfcollector <> - data: addr: c4, value: ffffffffffe17b7d
154 [140571777689280] INFO perfrun.perfcollector <> - pmu config: cpu
154 [140571777689280] INFO perfrun.perfcollector <> - config: any: 0
154 [140571777689280] INFO perfrun.perfcollector <> - config: cmask: 0
154 [140571777689280] INFO perfrun.perfcollector <> - config: edge: 0
154 [140571777689280] INFO perfrun.perfcollector <> - config: event: c7
154 [140571777689280] INFO perfrun.perfcollector <> - config1: frontend: 0
155 [140571777689280] INFO perfrun.perfcollector <> - config: inv: 0
155 [140571777689280] INFO perfrun.perfcollector <> - config1: ldlat: 0
155 [140571777689280] INFO perfrun.perfcollector <> - config1: offcore_rsp: 0
155 [140571777689280] INFO perfrun.perfcollector <> - config: pc: 0
155 [140571777689280] INFO perfrun.perfcollector <> - config: umask: 8
155 [140571777689280] INFO perfrun.perfcollector <> - format: cpu/event=0xc7,umask=0x8,name='FP_ARITH_INST_RETIRED.128B_PACKED_SINGLE'/
156 [140571777689280] INFO perfrun.perfcollector <> - event: 7: FP_ARITH_INST_RETIRED.256B_PACKED_SINGLE
156 [140571777689280] INFO perfrun.perfcollector <> - cccr: addr: 186, value: 5320c7
156 [140571777689280] INFO perfrun.perfcollector <> - data: addr: c1, value: ffffffffffe17b7d
156 [140571777689280] INFO perfrun.perfcollector <> - pmu config: cpu
156 [140571777689280] INFO perfrun.perfcollector <> - config: any: 0
156 [140571777689280] INFO perfrun.perfcollector <> - config: cmask: 0
156 [140571777689280] INFO perfrun.perfcollector <> - config: edge: 0
157 [140571777689280] INFO perfrun.perfcollector <> - config: event: c7
157 [140571777689280] INFO perfrun.perfcollector <> - config1: frontend: 0
157 [140571777689280] INFO perfrun.perfcollector <> - config: inv: 0
157 [140571777689280] INFO perfrun.perfcollector <> - config1: ldlat: 0
157 [140571777689280] INFO perfrun.perfcollector <> - config1: offcore_rsp: 0
158 [140571777689280] INFO perfrun.perfcollector <> - config: pc: 0
158 [140571777689280] INFO perfrun.perfcollector <> - config: umask: 20
158 [140571777689280] INFO perfrun.perfcollector <> - format: cpu/event=0xc7,umask=0x20,name='FP_ARITH_INST_RETIRED.256B_PACKED_SINGLE'/
158 [140571777689280] INFO perfrun.perfcollector <> - event: 8: FP_ARITH_INST_RETIRED.SCALAR_DOUBLE
158 [140571777689280] INFO perfrun.perfcollector <> - cccr: addr: 187, value: 5301c7
159 [140571777689280] INFO perfrun.perfcollector <> - data: addr: c2, value: ffffffffffe17b7d
159 [140571777689280] INFO perfrun.perfcollector <> - pmu config: cpu
159 [140571777689280] INFO perfrun.perfcollector <> - config: any: 0
159 [140571777689280] INFO perfrun.perfcollector <> - config: cmask: 0
159 [140571777689280] INFO perfrun.perfcollector <> - config: edge: 0
160 [140571777689280] INFO perfrun.perfcollector <> - config: event: c7
160 [140571777689280] INFO perfrun.perfcollector <> - config1: frontend: 0
160 [140571777689280] INFO perfrun.perfcollector <> - config: inv: 0
160 [140571777689280] INFO perfrun.perfcollector <> - config1: ldlat: 0
160 [140571777689280] INFO perfrun.perfcollector <> - config1: offcore_rsp: 0
161 [140571777689280] INFO perfrun.perfcollector <> - config: pc: 0
161 [140571777689280] INFO perfrun.perfcollector <> - config: umask: 1
161 [140571777689280] INFO perfrun.perfcollector <> - format: cpu/event=0xc7,umask=0x1,name='FP_ARITH_INST_RETIRED.SCALAR_DOUBLE'/
161 [140571777689280] INFO perfrun.perfcollector <> - event: 9: FP_ARITH_INST_RETIRED.128B_PACKED_DOUBLE
161 [140571777689280] INFO perfrun.perfcollector <> - cccr: addr: 188, value: 5304c7
162 [140571777689280] INFO perfrun.perfcollector <> - data: addr: c3, value: ffffffffffe17b7d
162 [140571777689280] INFO perfrun.perfcollector <> - pmu config: cpu
162 [140571777689280] INFO perfrun.perfcollector <> - config: any: 0
162 [140571777689280] INFO perfrun.perfcollector <> - config: cmask: 0
162 [140571777689280] INFO perfrun.perfcollector <> - config: edge: 0
163 [140571777689280] INFO perfrun.perfcollector <> - config: event: c7
163 [140571777689280] INFO perfrun.perfcollector <> - config1: frontend: 0
163 [140571777689280] INFO perfrun.perfcollector <> - config: inv: 0
163 [140571777689280] INFO perfrun.perfcollector <> - config1: ldlat: 0
163 [140571777689280] INFO perfrun.perfcollector <> - config1: offcore_rsp: 0
164 [140571777689280] INFO perfrun.perfcollector <> - config: pc: 0
164 [140571777689280] INFO perfrun.perfcollector <> - config: umask: 4
164 [140571777689280] INFO perfrun.perfcollector <> - format: cpu/event=0xc7,umask=0x4,name='FP_ARITH_INST_RETIRED.128B_PACKED_DOUBLE'/
164 [140571777689280] INFO perfrun.perfcollector <> - event: 10: FP_ARITH_INST_RETIRED.256B_PACKED_DOUBLE
164 [140571777689280] INFO perfrun.perfcollector <> - cccr: addr: 189, value: 5310c7
165 [140571777689280] INFO perfrun.perfcollector <> - data: addr: c4, value: ffffffffffe17b7d
165 [140571777689280] INFO perfrun.perfcollector <> - pmu config: cpu
165 [140571777689280] INFO perfrun.perfcollector <> - config: any: 0
165 [140571777689280] INFO perfrun.perfcollector <> - config: cmask: 0
165 [140571777689280] INFO perfrun.perfcollector <> - config: edge: 0
166 [140571777689280] INFO perfrun.perfcollector <> - config: event: c7
166 [140571777689280] INFO perfrun.perfcollector <> - config1: frontend: 0
166 [140571777689280] INFO perfrun.perfcollector <> - config: inv: 0
166 [140571777689280] INFO perfrun.perfcollector <> - config1: ldlat: 0
166 [140571777689280] INFO perfrun.perfcollector <> - config1: offcore_rsp: 0
167 [140571777689280] INFO perfrun.perfcollector <> - config: pc: 0
167 [140571777689280] INFO perfrun.perfcollector <> - config: umask: 10
167 [140571777689280] INFO perfrun.perfcollector <> - format: cpu/event=0xc7,umask=0x10,name='FP_ARITH_INST_RETIRED.256B_PACKED_DOUBLE'/
167 [140571777689280] INFO perfrun.perfcollector <> - event: 11: UOPS_EXECUTED.X87
168 [140571777689280] INFO perfrun.perfcollector <> - cccr: addr: 186, value: 5310b1
168 [140571777689280] INFO perfrun.perfcollector <> - data: addr: c1, value: ffffffffffe17b7d
168 [140571777689280] INFO perfrun.perfcollector <> - pmu config: cpu
168 [140571777689280] INFO perfrun.perfcollector <> - config: any: 0
168 [140571777689280] INFO perfrun.perfcollector <> - config: cmask: 0
168 [140571777689280] INFO perfrun.perfcollector <> - config: edge: 0
169 [140571777689280] INFO perfrun.perfcollector <> - config: event: b1
169 [140571777689280] INFO perfrun.perfcollector <> - config1: frontend: 0
169 [140571777689280] INFO perfrun.perfcollector <> - config: inv: 0
169 [140571777689280] INFO perfrun.perfcollector <> - config1: ldlat: 0
169 [140571777689280] INFO perfrun.perfcollector <> - config1: offcore_rsp: 0
170 [140571777689280] INFO perfrun.perfcollector <> - config: pc: 0
170 [140571777689280] INFO perfrun.perfcollector <> - config: umask: 10
170 [140571777689280] INFO perfrun.perfcollector <> - format: cpu/event=0xb1,umask=0x10,name='UOPS_EXECUTED.X87'/
170 [140571777689280] INFO perfrun.perfcollector <> - event: 12: UOPS_RETIRED.RETIRE_SLOTS
170 [140571777689280] INFO perfrun.perfcollector <> - cccr: addr: 187, value: 5302c2
171 [140571777689280] INFO perfrun.perfcollector <> - data: addr: c2, value: ffffffffffe17b7d
171 [140571777689280] INFO perfrun.perfcollector <> - pmu config: cpu
171 [140571777689280] INFO perfrun.perfcollector <> - config: any: 0
171 [140571777689280] INFO perfrun.perfcollector <> - config: cmask: 0
171 [140571777689280] INFO perfrun.perfcollector <> - config: edge: 0
171 [140571777689280] INFO perfrun.perfcollector <> - config: event: c2
172 [140571777689280] INFO perfrun.perfcollector <> - config1: frontend: 0
172 [140571777689280] INFO perfrun.perfcollector <> - config: inv: 0
172 [140571777689280] INFO perfrun.perfcollector <> - config1: ldlat: 0
172 [140571777689280] INFO perfrun.perfcollector <> - config1: offcore_rsp: 0
172 [140571777689280] INFO perfrun.perfcollector <> - config: pc: 0
172 [140571777689280] INFO perfrun.perfcollector <> - config: umask: 2
173 [140571777689280] INFO perfrun.perfcollector <> - format: cpu/event=0xc2,umask=0x2,name='UOPS_RETIRED.RETIRE_SLOTS'/
173 [140571777689280] INFO perfrun.perfcollector <> - event: 13: UOPS_EXECUTED.THREAD
173 [140571777689280] INFO perfrun.perfcollector <> - cccr: addr: 188, value: 5301b1
173 [140571777689280] INFO perfrun.perfcollector <> - data: addr: c3, value: ffffffffffe17b7d
173 [140571777689280] INFO perfrun.perfcollector <> - pmu config: cpu
174 [140571777689280] INFO perfrun.perfcollector <> - config: any: 0
174 [140571777689280] INFO perfrun.perfcollector <> - config: cmask: 0
174 [140571777689280] INFO perfrun.perfcollector <> - config: edge: 0
174 [140571777689280] INFO perfrun.perfcollector <> - config: event: b1
174 [140571777689280] INFO perfrun.perfcollector <> - config1: frontend: 0
175 [140571777689280] INFO perfrun.perfcollector <> - config: inv: 0
175 [140571777689280] INFO perfrun.perfcollector <> - config1: ldlat: 0
175 [140571777689280] INFO perfrun.perfcollector <> - config1: offcore_rsp: 0
175 [140571777689280] INFO perfrun.perfcollector <> - config: pc: 0
175 [140571777689280] INFO perfrun.perfcollector <> - config: umask: 1
176 [140571777689280] INFO perfrun.perfcollector <> - format: cpu/event=0xb1,umask=0x1,name='UOPS_EXECUTED.THREAD'/
176 [140571777689280] INFO perfrun.perfcollector <> - event: cpu/event=0x3c,name='CPU_CLK_UNHALTED.THREAD'/Duk, added for counting
176 [140571777689280] INFO perfrun.perfcollector <> - event: cpu/umask=0x3,name='CPU_CLK_UNHALTED.REF_TSC'/Duk, added for counting
176 [140571777689280] INFO perfrun.perfcollector <> - event: cpu/event=0xc0,name='INST_RETIRED.ANY'/Duk, added for counting
176 [140571777689280] INFO perfrun.perfcollector <> - event: cpu/event=0x3c,umask=0x1,name='CPU_CLK_UNHALTED.REF_XCLK'/uk, added for counting
177 [140571777689280] INFO perfrun.perfcollector <> - event: cpu/event=0x3c,umask=0x2,name='CPU_CLK_UNHALTED.ONE_THREAD_ACTIVE'/uk, added for counting
177 [140571777689280] INFO perfrun.perfcollector <> - event: cpu/event=0xc7,umask=0x2,name='FP_ARITH_INST_RETIRED.SCALAR_SINGLE'/uk, added for counting
177 [140571777689280] INFO perfrun.perfcollector <> - event: cpu/event=0xc7,umask=0x8,name='FP_ARITH_INST_RETIRED.128B_PACKED_SINGLE'/uk, added for counting
177 [140571777689280] INFO perfrun.perfcollector <> - event: cpu/event=0xc7,umask=0x20,name='FP_ARITH_INST_RETIRED.256B_PACKED_SINGLE'/uk, added for counting
177 [140571777689280] INFO perfrun.perfcollector <> - event: cpu/event=0xc7,umask=0x1,name='FP_ARITH_INST_RETIRED.SCALAR_DOUBLE'/uk, added for counting
178 [140571777689280] INFO perfrun.perfcollector <> - event: cpu/event=0xc7,umask=0x4,name='FP_ARITH_INST_RETIRED.128B_PACKED_DOUBLE'/uk, added for counting
178 [140571777689280] INFO perfrun.perfcollector <> - event: cpu/event=0xc7,umask=0x10,name='FP_ARITH_INST_RETIRED.256B_PACKED_DOUBLE'/uk, added for counting
178 [140571777689280] INFO perfrun.perfcollector <> - event: cpu/event=0xb1,umask=0x10,name='UOPS_EXECUTED.X87'/uk, added for counting
178 [140571777689280] INFO perfrun.perfcollector <> - event: cpu/event=0xc2,umask=0x2,name='UOPS_RETIRED.RETIRE_SLOTS'/uk, added for counting
178 [140571777689280] INFO perfrun.perfcollector <> - event: cpu/event=0xb1,umask=0x1,name='UOPS_EXECUTED.THREAD'/uk, added for counting
179 [140571777689280] INFO perfrun.perfcollector <> - attaching to pid: 4294967295, m_mode: 10, mode: 3
179 [140571769296576] INFO perfrun.perfcollector <> - Perf stat trace pipe capacity: read = 1048576, write = 1048576
180 [140571760903872] INFO perfrun.sdk <> - Reading value (0-7) from file: /sys/devices/system/cpu/cpu0/topology/core_siblings_list
180 [140571760903872] INFO perfrun.sdk <> - Reading value (0-1) from file: /sys/devices/system/cpu/cpu0/topology/thread_siblings_list
180 [140571760903872] INFO perfrun.sdk <> - Reading value (0-7) from file: /sys/devices/system/cpu/cpu1/topology/core_siblings_list
180 [140571760903872] INFO perfrun.sdk <> - Reading value (0-1) from file: /sys/devices/system/cpu/cpu1/topology/thread_siblings_list
180 [140571760903872] INFO perfrun.sdk <> - Reading value (0-7) from file: /sys/devices/system/cpu/cpu2/topology/core_siblings_list
181 [140571760903872] INFO perfrun.sdk <> - Reading value (2-3) from file: /sys/devices/system/cpu/cpu2/topology/thread_siblings_list
181 [140571760903872] INFO perfrun.sdk <> - Reading value (0-7) from file: /sys/devices/system/cpu/cpu3/topology/core_siblings_list
182 [140571760903872] INFO perfrun.sdk <> - Reading value (2-3) from file: /sys/devices/system/cpu/cpu3/topology/thread_siblings_list
182 [140571760903872] INFO perfrun.sdk <> - Reading value (0-7) from file: /sys/devices/system/cpu/cpu4/topology/core_siblings_list
182 [140571760903872] INFO perfrun.sdk <> - Reading value (4-5) from file: /sys/devices/system/cpu/cpu4/topology/thread_siblings_list
182 [140571760903872] INFO perfrun.sdk <> - Reading value (0-7) from file: /sys/devices/system/cpu/cpu5/topology/core_siblings_list
183 [140571760903872] INFO perfrun.sdk <> - Reading value (4-5) from file: /sys/devices/system/cpu/cpu5/topology/thread_siblings_list
183 [140571760903872] INFO perfrun.sdk <> - Reading value (0-7) from file: /sys/devices/system/cpu/cpu6/topology/core_siblings_list
183 [140571760903872] INFO perfrun.sdk <> - Reading value (6-7) from file: /sys/devices/system/cpu/cpu6/topology/thread_siblings_list
183 [140571760903872] INFO perfrun.sdk <> - Reading value (0-7) from file: /sys/devices/system/cpu/cpu7/topology/core_siblings_list
184 [140571760903872] INFO perfrun.sdk <> - Reading value (6-7) from file: /sys/devices/system/cpu/cpu7/topology/thread_siblings_list
184 [140571760903872] ERROR perfrun.sdk <> - boost::filesystem::exists(filename) 'gh2::error::IsNot.Valid.File(filename):/sys/bus/event_source/devices/cpu_core/cpus'
_sdks/release_posix-x86_64_icx_2023.0.0_gnutools_9.2_binutils_2.28/perfrun_1.36.3/include/perfrun1/sdk/utils.hpp(777): gh2::error_code_t runtool::sdk::loadFileValue(RetType &, const cpil2::uchar_t *) [RetType = std::basic_string<char>]
, at file: _sdks/release_posix-x86_64_icx_2023.0.0_gnutools_9.2_binutils_2.28/perfrun_1.36.3/include/perfrun1/sdk/utils.hpp:777
184 [140571760903872] ERROR perfrun.sdk <> - boost::filesystem::exists(filename) 'gh2::error::IsNot.Valid.File(filename):/sys/bus/event_source/devices/cpu_atom/cpus'
_sdks/release_posix-x86_64_icx_2023.0.0_gnutools_9.2_binutils_2.28/perfrun_1.36.3/include/perfrun1/sdk/utils.hpp(777): gh2::error_code_t runtool::sdk::loadFileValue(RetType &, const cpil2::uchar_t *) [RetType = std::basic_string<char>]
, at file: _sdks/release_posix-x86_64_icx_2023.0.0_gnutools_9.2_binutils_2.28/perfrun_1.36.3/include/perfrun1/sdk/utils.hpp:777
184 [140571769296576] INFO perfrun.sdk <> - runCmd: /opt/intel/oneapi/vtune/2025.3/bin64/amplxe-perf stat -v --log-fd 10 --scale -x ; -e cpu/event=0x3c,name='CPU_CLK_UNHALTED.THREAD'/Duk,cpu/umask=0x3,name='CPU_CLK_UNHALTED.REF_TSC'/Duk,cpu/event=0xc0,name='INST_RETIRED.ANY'/Duk,cpu/event=0x3c,umask=0x1,name='CPU_CLK_UNHALTED.REF_XCLK'/uk,cpu/event=0x3c,umask=0x2,name='CPU_CLK_UNHALTED.ONE_THREAD_ACTIVE'/uk,cpu/event=0xc7,umask=0x2,name='FP_ARITH_INST_RETIRED.SCALAR_SINGLE'/uk,cpu/event=0xc7,umask=0x8,name='FP_ARITH_INST_RETIRED.128B_PACKED_SINGLE'/uk,cpu/event=0xc7,umask=0x20,name='FP_ARITH_INST_RETIRED.256B_PACKED_SINGLE'/uk,cpu/event=0xc7,umask=0x1,name='FP_ARITH_INST_RETIRED.SCALAR_DOUBLE'/uk,cpu/event=0xc7,umask=0x4,name='FP_ARITH_INST_RETIRED.128B_PACKED_DOUBLE'/uk,cpu/event=0xc7,umask=0x10,name='FP_ARITH_INST_RETIRED.256B_PACKED_DOUBLE'/uk,cpu/event=0xb1,umask=0x10,name='UOPS_EXECUTED.X87'/uk,cpu/event=0xc2,umask=0x2,name='UOPS_RETIRED.RETIRE_SLOTS'/uk,cpu/event=0xb1,umask=0x1,name='UOPS_EXECUTED.THREAD'/uk /opt/intel/oneapi/vtune/2025.3/bin64/amplxe-perf-sync dryrun tsc
185 [140571769296576] INFO perfrun.sdk <> - runCmd started PID 7851
201 [140571769296576] INFO perfrun.perfcollector <> - Monitor: runCmd RC = true
202 [140571777689280] INFO perfrun.launcher <> - plugin [aoclprofile] was disabled because it doesn't support the given collection type.
202 [140571777689280] INFO perfrun.tpss <> - initialize tpss controller
202 [140571777689280] INFO perfrun.tpss <> - configure collection mode: value = cpu:counters:nostack
203 [140571777689280] INFO perfrun.tpss <> - configure collection mode: value = cpu:stack
203 [140571777689280] INFO perfrun.tpss <> - default obj-size-min=1024
203 [140571777689280] INFO perfrun.tpss <> - default hash-table-size=0
203 [140571777689280] INFO perfrun.launcher <> - plugin [media] was disabled because it doesn't support the given collection type.
203 [140571777689280] INFO perfrun.launcher <> - plugin [] was disabled because it doesn't support the given collection type.
203 [140571777689280] INFO perfrun.launcher <> - plugin [] was disabled because it doesn't support the given collection type.
204 [140571777689280] INFO perfrun.launcher <> - plugin [parallelfs] was disabled because it doesn't support the given collection type.
204 [140571777689280] INFO perfrun.launcher <> - plugin [power] was disabled because it doesn't support the given collection type.
204 [140571777689280] INFO perfrun.launcher <> - plugin [] was disabled because it doesn't support the given collection type.
204 [140571777689280] INFO perfrun.launcher <> - plugin [] was disabled because it doesn't support the given collection type.
204 [140571777689280] INFO perfrun.launcher <> - plugin [] was disabled because it doesn't support the given collection type.
205 [140571777689280] INFO perfrun.launcher <> - plugin [l0_metrics] was disabled because it doesn't support the given collection type.
205 [140571777689280] INFO perfrun.launcher <> - plugin [stall_reasons] was disabled because it doesn't support the given collection type.
205 [140571933199488] INFO perfrun.launcher <> - set environment variable: LD_LIBRARY_PATH = /opt/intel/oneapi/vtune/2025.3/lib32/runtime:/opt/intel/oneapi/vtune/2025.3/lib64/runtime:/opt/intel/oneapi/tcm/1.3/lib:/opt/intel/oneapi/umf/0.10/lib:/opt/intel/oneapi/tbb/2022.1/env/../lib/intel64/gcc4.8:/opt/intel/oneapi/pti/0.12/lib:/opt/intel/oneapi/mkl/2025.1/lib:/opt/intel/oneapi/ipp/2022.1/lib:/opt/intel/oneapi/compiler/2025.1/opt/compiler/lib:/opt/intel/oneapi/compiler/2025.1/lib
205 [140571933199488] INFO perfrun.launcher <> - set environment variable: INTEL_LIBITTNOTIFY32 = /opt/intel/oneapi/vtune/2025.3/lib32/runtime/libittnotify_collector.so
206 [140571933199488] INFO perfrun.launcher <> - set environment variable: INTEL_LIBITTNOTIFY64 = /opt/intel/oneapi/vtune/2025.3/lib64/runtime/libittnotify_collector.so
206 [140571933199488] INFO perfrun.launcher <> - set environment variable: INTEL_ITTNOTIFY_GROUPS = 
206 [140571933199488] INFO perfrun.launcher <> - set environment variable: INTEL_JIT_PROFILER32 = /opt/intel/oneapi/vtune/2025.3/lib32/runtime/libittnotify_collector.so
206 [140571933199488] INFO perfrun.launcher <> - set environment variable: INTEL_JIT_PROFILER64 = /opt/intel/oneapi/vtune/2025.3/lib64/runtime/libittnotify_collector.so
207 [140571933199488] INFO perfrun.launcher <> - set environment variable: CCL_ITT_LEVEL = 1
207 [140571933199488] INFO perfrun.launcher <> - set environment variable: ENABLE_JITPROFILING = 1
207 [140571933199488] INFO perfrun.launcher <> - set environment variable: CL_CONFIG_USE_VTUNE = True
207 [140571933199488] INFO perfrun.launcher <> - set environment variable: LD_PRELOAD = libittnotify_collector.so:
208 [140571933199488] INFO perfrun.launcher <> - set environment variable: KMP_FORKJOIN_FRAMES = 0
208 [140571933199488] INFO perfrun.launcher <> - set environment variable: KMP_FORKJOIN_FRAMES_MODE = 0
208 [140571933199488] INFO perfrun.launcher <> - set environment variable: INTEL_MRTE_DATA_DIR = /tmp/amplxe-tmp-azfar/amplxe-res-7825-25249573321601/data.0
209 [140571933199488] INFO perfrun.launcher <> - set environment variable: INTEL_MRTE_HOST_NAME = DESKTOP-GRRJ2VV
209 [140571933199488] INFO perfrun.launcher <> - set environment variable: JAVA_TOOL_OPTIONS = -agentlib:amplxe_samplingmrte_javaprof_1.0 -Dsun.boot.library.path=/opt/intel/oneapi/vtune/2025.3/lib32/runtime:/opt/intel/oneapi/vtune/2025.3/lib64/runtime
209 [140571933199488] INFO perfrun.launcher <> - set environment variable: LD_LIBRARY_PATH = /opt/intel/oneapi/vtune/2025.3/lib32/runtime:/opt/intel/oneapi/vtune/2025.3/lib64/runtime:/opt/intel/oneapi/tcm/1.3/lib:/opt/intel/oneapi/umf/0.10/lib:/opt/intel/oneapi/tbb/2022.1/env/../lib/intel64/gcc4.8:/opt/intel/oneapi/pti/0.12/lib:/opt/intel/oneapi/mkl/2025.1/lib:/opt/intel/oneapi/ipp/2022.1/lib:/opt/intel/oneapi/compiler/2025.1/opt/compiler/lib:/opt/intel/oneapi/compiler/2025.1/lib
209 [140571933199488] INFO perfrun.launcher <> - set environment variable: CORECLR_ENABLE_PROFILING = 1
210 [140571933199488] INFO perfrun.launcher <> - set environment variable: CORECLR_PROFILER = {AA5E4821-E3B1-479c-B7FF-5AD047D22CED}
210 [140571933199488] INFO perfrun.launcher <> - set environment variable: CORECLR_PROFILER_PATH = /opt/intel/oneapi/vtune/2025.3/lib64/libamplxe_samplingmrte_clrprof_1.0.so
210 [140571933199488] INFO perfrun.launcher <> - set environment variable: INTEL_MRTE_PROFILER_MODE = mixed
211 [140571933199488] INFO perfrun.launcher <> - RpcServer: run RPC server to handle requests
213 [140571933199488] INFO perfrun.launcher <> - Launcher: command line to start before modification = ./test1 changes.txt 0
214 [140571933199488] INFO perfrun.launcher <> - Launcher: command line to start after modification = /opt/intel/oneapi/vtune/2025.3/bin64/pin -error_file /tmp/amplxe-tmp-azfar/amplxe-res-7825-25249573321601/data.0/pinerr.tpsslog -detach_reattach -follow_execv -tool_load_option deepbind -t64 /opt/intel/oneapi/vtune/2025.3/lib64/libtpsstool.so -t /opt/intel/oneapi/vtune/2025.3/lib32/libtpsstool.so -server_name tpss_ipc.7825 -prd_dir /opt/intel/oneapi/vtune/2025.3 -- ./test1 changes.txt 0
417 [140571933199488] INFO perfrun.launcher <> - ProcessCreator object was created
418 [140571933199488] INFO perfrun.launcher <> - Launcher: the process was started in suspend mode
419 [140571777689280] WARN perfrun.system <> - Could not do anything with /sys/kernel/debug/kvm: boost::filesystem::status: Permission denied [system:13]: "/sys/kernel/debug/kvm", at file: vcs/perfrun1/plugins/system/src/trace_writer.cpp:787
420 [140571777689280] WARN perfrun.system <> - Folder "/var/run/libvirt/qemu/"doesn't exist, at file: vcs/perfrun1/plugins/system/src/trace_writer.cpp:800
420 [140571777689280] INFO perfrun.itt <> - start itt controller for pid #7881
421 [140571777689280] INFO perfrun.perfcollector <> - attaching to pid: 7881, m_mode: 10, mode: 11
422 [140571744118464] INFO perfrun.perfcollector <> - Perf stat trace pipe capacity: read = 1048576, write = 1048576
422 [140571769296576] INFO perfrun.sdk <> - Reading value (0-7) from file: /sys/devices/system/cpu/cpu0/topology/core_siblings_list
423 [140571769296576] INFO perfrun.sdk <> - Reading value (0-1) from file: /sys/devices/system/cpu/cpu0/topology/thread_siblings_list
423 [140571769296576] INFO perfrun.sdk <> - Reading value (0-7) from file: /sys/devices/system/cpu/cpu1/topology/core_siblings_list
423 [140571769296576] INFO perfrun.sdk <> - Reading value (0-1) from file: /sys/devices/system/cpu/cpu1/topology/thread_siblings_list
424 [140571769296576] INFO perfrun.sdk <> - Reading value (0-7) from file: /sys/devices/system/cpu/cpu2/topology/core_siblings_list
424 [140571769296576] INFO perfrun.sdk <> - Reading value (2-3) from file: /sys/devices/system/cpu/cpu2/topology/thread_siblings_list
424 [140571769296576] INFO perfrun.sdk <> - Reading value (0-7) from file: /sys/devices/system/cpu/cpu3/topology/core_siblings_list
424 [140571769296576] INFO perfrun.sdk <> - Reading value (2-3) from file: /sys/devices/system/cpu/cpu3/topology/thread_siblings_list
425 [140571769296576] INFO perfrun.sdk <> - Reading value (0-7) from file: /sys/devices/system/cpu/cpu4/topology/core_siblings_list
425 [140571769296576] INFO perfrun.sdk <> - Reading value (4-5) from file: /sys/devices/system/cpu/cpu4/topology/thread_siblings_list
425 [140571769296576] INFO perfrun.sdk <> - Reading value (0-7) from file: /sys/devices/system/cpu/cpu5/topology/core_siblings_list
425 [140571769296576] INFO perfrun.sdk <> - Reading value (4-5) from file: /sys/devices/system/cpu/cpu5/topology/thread_siblings_list
426 [140571769296576] INFO perfrun.sdk <> - Reading value (0-7) from file: /sys/devices/system/cpu/cpu6/topology/core_siblings_list
426 [140571769296576] INFO perfrun.sdk <> - Reading value (6-7) from file: /sys/devices/system/cpu/cpu6/topology/thread_siblings_list
426 [140571769296576] INFO perfrun.sdk <> - Reading value (0-7) from file: /sys/devices/system/cpu/cpu7/topology/core_siblings_list
426 [140571769296576] INFO perfrun.sdk <> - Reading value (6-7) from file: /sys/devices/system/cpu/cpu7/topology/thread_siblings_list
427 [140571769296576] ERROR perfrun.sdk <> - boost::filesystem::exists(filename) 'gh2::error::IsNot.Valid.File(filename):/sys/bus/event_source/devices/cpu_core/cpus'
_sdks/release_posix-x86_64_icx_2023.0.0_gnutools_9.2_binutils_2.28/perfrun_1.36.3/include/perfrun1/sdk/utils.hpp(777): gh2::error_code_t runtool::sdk::loadFileValue(RetType &, const cpil2::uchar_t *) [RetType = std::basic_string<char>]
, at file: _sdks/release_posix-x86_64_icx_2023.0.0_gnutools_9.2_binutils_2.28/perfrun_1.36.3/include/perfrun1/sdk/utils.hpp:777
427 [140571769296576] ERROR perfrun.sdk <> - boost::filesystem::exists(filename) 'gh2::error::IsNot.Valid.File(filename):/sys/bus/event_source/devices/cpu_atom/cpus'
_sdks/release_posix-x86_64_icx_2023.0.0_gnutools_9.2_binutils_2.28/perfrun_1.36.3/include/perfrun1/sdk/utils.hpp(777): gh2::error_code_t runtool::sdk::loadFileValue(RetType &, const cpil2::uchar_t *) [RetType = std::basic_string<char>]
, at file: _sdks/release_posix-x86_64_icx_2023.0.0_gnutools_9.2_binutils_2.28/perfrun_1.36.3/include/perfrun1/sdk/utils.hpp:777
427 [140571744118464] INFO perfrun.sdk <> - runCmd: /opt/intel/oneapi/vtune/2025.3/bin64/amplxe-perf stat -v --log-fd 21 --control=fd:22,25 --scale -x ; -p 7881 -e cpu/event=0x3c,name='CPU_CLK_UNHALTED.THREAD'/Duk,cpu/umask=0x3,name='CPU_CLK_UNHALTED.REF_TSC'/Duk,cpu/event=0xc0,name='INST_RETIRED.ANY'/Duk,cpu/event=0x3c,umask=0x1,name='CPU_CLK_UNHALTED.REF_XCLK'/uk,cpu/event=0x3c,umask=0x2,name='CPU_CLK_UNHALTED.ONE_THREAD_ACTIVE'/uk,cpu/event=0xc7,umask=0x2,name='FP_ARITH_INST_RETIRED.SCALAR_SINGLE'/uk,cpu/event=0xc7,umask=0x8,name='FP_ARITH_INST_RETIRED.128B_PACKED_SINGLE'/uk,cpu/event=0xc7,umask=0x20,name='FP_ARITH_INST_RETIRED.256B_PACKED_SINGLE'/uk,cpu/event=0xc7,umask=0x1,name='FP_ARITH_INST_RETIRED.SCALAR_DOUBLE'/uk,cpu/event=0xc7,umask=0x4,name='FP_ARITH_INST_RETIRED.128B_PACKED_DOUBLE'/uk,cpu/event=0xc7,umask=0x10,name='FP_ARITH_INST_RETIRED.256B_PACKED_DOUBLE'/uk,cpu/event=0xb1,umask=0x10,name='UOPS_EXECUTED.X87'/uk,cpu/event=0xc2,umask=0x2,name='UOPS_RETIRED.RETIRE_SLOTS'/uk,cpu/event=0xb1,umask=0x1,name='UOPS_EXECUTED.THREAD'/uk /opt/intel/oneapi/vtune/2025.3/bin64/amplxe-perf-sync sync tsc
428 [140571744118464] INFO perfrun.sdk <> - runCmd started PID 7887
440 [140571777689280] INFO perfrun.tpss <> - start tpss controller for pid #7881
492 [140571933199488] INFO perfrun.launcher <> - Launcher: all plugins were started
493 [140571933199488] INFO perfrun.launcher <> - DirectoryMonitor object was created
493 [140571933199488] INFO perfrun.launcher <> - DirectoryMonitor: a callback was added
493 [140571933199488] INFO perfrun.launcher <> - DirectoryMonitor was started with pingTime = 1000
493 [140571933199488] INFO perfrun.launcher <> - DeadlineTimer is going to be constructed
494 [140571933199488] INFO perfrun.launcher <> - DeadlineTimer: a callback was added
496 [140571933199488] INFO perfrun.launcher <> - Launcher: resume the profiled application and  wait its termination or stop command
7732 [140571933199488] INFO perfrun.launcher <> - Launcher: the profiled application was terminated  with exit code = 0
7737 [140571777689280] INFO perfrun.itt <> - detach itt controller
7737 [140571777689280] INFO perfrun.itt <> - detach itt controller done
7739 [140571744118464] INFO perfrun.perfcollector <> - Monitor: runCmd RC = true
7739 [140571777689280] INFO perfrun.perfcollector <> - Monitor: state = 3, error = 1
7740 [140571777689280] INFO perfrun.tpss <> - stop tpss controller
7740 [140571777689280] INFO perfrun.sdk <> - De-allocating TMU: /tmp/amplxe-tmp-azfar/amplxe-res-7825-25249573321601/data.0/systemcollector-7825-DESKTOP-GRRJ2VV.sc
7741 [140571777689280] INFO perfrun.system <> - closed the system trace file: /tmp/amplxe-tmp-azfar/amplxe-res-7825-25249573321601/data.0/systemcollector-7825-DESKTOP-GRRJ2VV.sc
7741 [140571933199488] INFO perfrun.launcher <> - Launcher: all plugins were stopped.
7741 [140571933199488] INFO perfrun.launcher <> - DeadlineTimer is going to be destroyed
7742 [140571933199488] INFO perfrun.launcher <> - DeadlineTimer was destroyed
7742 [140571933199488] INFO perfrun.launcher <> - DirectoryMonitor object was destroyed
7743 [140571933199488] WARN perfrun.launcher <> - Stop command is ignored because it is received when collection is already stopped, at file: vcs/perfrun1/launcher/src/command_handler.cpp:226
8213 [140571933199488] INFO perfrun.launcher <> - Application exit code: 0
8213 [140571933199488] INFO perfrun.launcher <> - Exit code: 0
