4 [140641387494528] INFO perfrun.launcher <> - Launcher main begin
5 [140641387494528] INFO perfrun.launcher <> - MessageCatalogInit finished
5 [140641387494528] INFO perfrun.launcher <> - Launcher instance created
5 [140641387494528] INFO perfrun.launcher <> - argc = 7; cmdline = /opt/intel/oneapi/vtune/2025.3/bin64/amplxe-runss --ui-output-format xml --ui-output-fd 5 --option-file /mnt/d/Semester 6/pdc/pdc_project/i221033_i220950_A_PDC_Project/vtune_hotspots38.DESKTOP-GRRJ2VV/config/runss.options.2 
33 [140641387494528] INFO perfrun.perfcollector <> - SEP tool path: /opt/intel/oneapi/vtune/2025.3/bin64/sep
56 [140641387494528] INFO perfrun.launcher <> - create msngr2::ICliToolContext
57 [140641387494528] INFO perfrun.launcher <> - create file finder object
57 [140641387494528] INFO perfrun.launcher <> - create a result directory: pattern = /mnt/d/Semester 6/pdc/pdc_project/i221033_i220950_A_PDC_Project/vtune_hotspots38.DESKTOP-GRRJ2VV pid = 4294967295
69 [140641387494528] INFO perfrun.sdk <> - checked that the directory /mnt/d/Semester 6/pdc/pdc_project/i221033_i220950_A_PDC_Project/vtune_hotspots38.DESKTOP-GRRJ2VV is a local directory
69 [140641387494528] INFO perfrun.sdk <> - the directory /mnt/d/Semester 6/pdc/pdc_project/i221033_i220950_A_PDC_Project/vtune_hotspots38.DESKTOP-GRRJ2VV is located on a share or its FS ID is unknown 16914839
70 [140641387494528] INFO perfrun.sdk <> - checked that the directory /tmp/amplxe-tmp-azfar is a local directory
70 [140641387494528] INFO perfrun.sdk <> - the directory /tmp/amplxe-tmp-azfar is a local directory with FS type ID 61267
71 [140641387494528] INFO perfrun.launcher <> - Create a local result directory /tmp/amplxe-tmp-azfar/amplxe-res-8567-25766000485155 due to the user result path /mnt/d/Semester 6/pdc/pdc_project/i221033_i220950_A_PDC_Project/vtune_hotspots38.DESKTOP-GRRJ2VV is located on a share
72 [140641387494528] INFO perfrun.launcher <> - create data directory = /tmp/amplxe-tmp-azfar/amplxe-res-8567-25766000485155/data.0
73 [140641387494528] INFO perfrun.launcher <> - create data directory = /mnt/d/Semester 6/pdc/pdc_project/i221033_i220950_A_PDC_Project/vtune_hotspots38.DESKTOP-GRRJ2VV/data.0
76 [140641387494528] INFO perfrun.launcher <> - Creating the master collection flag
81 [140641387494528] INFO perfrun.launcher <> - Done creating the master collection flag
82 [140641239557824] INFO perfrun.launcher <> - plugin [remoteplug] was disabled because it doesn't support the given collection type.
82 [140641239557824] INFO perfrun.sdk <> - Allocating TMU :/tmp/amplxe-tmp-azfar/amplxe-res-8567-25766000485155/data.0/systemcollector-8567-DESKTOP-GRRJ2VV.sc
82 [140641239557824] INFO perfrun.system <> - Tpss based collection
84 [140641239557824] INFO perfrun.launcher <> - plugin [ptracecollector] was disabled because it doesn't support the given collection type.
85 [140641239557824] INFO perfrun.launcher <> - plugin [gpu] was disabled because it doesn't support the given collection type.
86 [140641239557824] INFO perfrun.launcher <> - plugin [] was disabled because it doesn't support the given collection type.
87 [140641239557824] INFO perfrun.launcher <> - plugin [] was disabled because it doesn't support the given collection type.
87 [140641239557824] INFO perfrun.launcher <> - plugin [] was disabled because it doesn't support the given collection type.
88 [140641239557824] INFO perfrun.mrte <> - system-wide mode is 0
88 [140641239557824] INFO perfrun.mrte <> - Getting  mrte profiling environment ...
98 [140641239557824] INFO perfrun.mrte <> - INTEL_MRTE_DATA_DIR=/tmp/amplxe-tmp-azfar/amplxe-res-8567-25766000485155/data.0
98 [140641239557824] INFO perfrun.mrte <> - INTEL_MRTE_HOST_NAME=DESKTOP-GRRJ2VV
99 [140641239557824] INFO perfrun.mrte <> - JAVA_TOOL_OPTIONS=-agentlib:amplxe_samplingmrte_javaprof_1.0 -Dsun.boot.library.path=/opt/intel/oneapi/vtune/2025.3/lib32/runtime:/opt/intel/oneapi/vtune/2025.3/lib64/runtime
100 [140641239557824] INFO perfrun.mrte <> - LD_LIBRARY_PATH=/opt/intel/oneapi/vtune/2025.3/lib32/runtime:/opt/intel/oneapi/vtune/2025.3/lib64/runtime:/opt/intel/oneapi/tcm/1.3/lib:/opt/intel/oneapi/umf/0.10/lib:/opt/intel/oneapi/tbb/2022.1/env/../lib/intel64/gcc4.8:/opt/intel/oneapi/pti/0.12/lib:/opt/intel/oneapi/mkl/2025.1/lib:/opt/intel/oneapi/ipp/2022.1/lib:/opt/intel/oneapi/compiler/2025.1/opt/compiler/lib:/opt/intel/oneapi/compiler/2025.1/lib
101 [140641239557824] INFO perfrun.mrte <> - CORECLR_ENABLE_PROFILING=1
101 [140641239557824] INFO perfrun.mrte <> - CORECLR_PROFILER={AA5E4821-E3B1-479c-B7FF-5AD047D22CED}
101 [140641239557824] INFO perfrun.mrte <> - CORECLR_PROFILER_PATH=/opt/intel/oneapi/vtune/2025.3/lib64/libamplxe_samplingmrte_clrprof_1.0.so
102 [140641239557824] INFO perfrun.mrte <> - INTEL_MRTE_PROFILER_MODE=mixed
102 [140641239557824] INFO perfrun.mrte <> - Data directory: /tmp/amplxe-tmp-azfar/amplxe-res-8567-25766000485155/data.0
102 [140641239557824] INFO perfrun.mrte <> - Mrte plugin is initialized
102 [140641239557824] INFO perfrun.launcher <> - plugin [emon] was disabled because it doesn't support the given collection type.
102 [140641239557824] INFO perfrun.launcher <> - plugin [cuscol] was disabled because it doesn't support the given collection type.
103 [140641239557824] INFO perfrun.launcher <> - plugin [stdsrc] was disabled because it doesn't support the given collection type.
103 [140641239557824] INFO perfrun.launcher <> - plugin [sep] was disabled because it doesn't support the given collection type.
103 [140641239557824] INFO perfrun.launcher <> - plugin [vtsspp] was disabled because it doesn't support the given collection type.
104 [140641239557824] INFO perfrun.perfcollector <> - Platform type: 150
104 [140641239557824] INFO perfrun.sdk <> - Reading value (0) from file: /proc/sys/kernel/perf_event_paranoid
104 [140641239557824] INFO perfrun.perfcollector <> - checking access to: /opt/intel/oneapi/vtune/2025.3/bin64/amplxe-perf-priv
104 [140641239557824] INFO perfrun.perfcollector <> - dir found: /sys/bus/event_source/devices/software
104 [140641239557824] INFO perfrun.perfcollector <> - format: pmu format subdir doesn't exist
105 [140641239557824] INFO perfrun.perfcollector <> - hwInfo: not set, pmuFam: software
105 [140641239557824] INFO perfrun.perfcollector <> - pmu added: software, idx: 0
105 [140641239557824] INFO perfrun.perfcollector <> - dir found: /sys/bus/event_source/devices/uprobe
105 [140641239557824] INFO perfrun.perfcollector <> - format: ref_ctr_offset: config:32-63, mask:32-63
106 [140641239557824] INFO perfrun.perfcollector <> - format: retprobe: config:0, mask:0
106 [140641239557824] INFO perfrun.perfcollector <> - hwInfo: not set, pmuFam: uprobe
106 [140641239557824] INFO perfrun.perfcollector <> - pmu caps: raw,format
106 [140641239557824] INFO perfrun.perfcollector <> - pmu added: uprobe, idx: 0
107 [140641239557824] INFO perfrun.perfcollector <> - dir found: /sys/bus/event_source/devices/cpu
107 [140641239557824] INFO perfrun.perfcollector <> - format: event: config:0-7, mask:0-7
107 [140641239557824] INFO perfrun.perfcollector <> - format: pc: config:19, mask:19
107 [140641239557824] INFO perfrun.perfcollector <> - format: edge: config:18, mask:18
108 [140641239557824] INFO perfrun.perfcollector <> - format: any: config:21, mask:21
108 [140641239557824] INFO perfrun.perfcollector <> - format: offcore_rsp: config1:0-63, mask:0-63
108 [140641239557824] INFO perfrun.perfcollector <> - format: ldlat: config1:0-15, mask:0-15
108 [140641239557824] INFO perfrun.perfcollector <> - format: inv: config:23, mask:23
109 [140641239557824] INFO perfrun.perfcollector <> - format: umask: config:8-15, mask:8-15
109 [140641239557824] INFO perfrun.perfcollector <> - format: frontend: config1:0-23, mask:0-23
109 [140641239557824] INFO perfrun.perfcollector <> - format: cmask: config:24-31, mask:24-31
110 [140641239557824] INFO perfrun.perfcollector <> - hwInfo: PERF_CPU_PMU_DETAILS
110 [140641239557824] INFO perfrun.perfcollector <> - pmu caps: raw,format,events,ldlat,frontend,offcore_rsp
110 [140641239557824] INFO perfrun.perfcollector <> - pmu added: cpu, idx: 0
110 [140641239557824] INFO perfrun.perfcollector <> - dir found: /sys/bus/event_source/devices/breakpoint
111 [140641239557824] INFO perfrun.perfcollector <> - format: pmu format subdir doesn't exist
111 [140641239557824] INFO perfrun.perfcollector <> - hwInfo: not set, pmuFam: breakpoint
111 [140641239557824] INFO perfrun.perfcollector <> - pmu added: breakpoint, idx: 0
111 [140641239557824] INFO perfrun.perfcollector <> - dir found: /sys/bus/event_source/devices/tracepoint
111 [140641239557824] INFO perfrun.perfcollector <> - format: pmu format subdir doesn't exist
112 [140641239557824] INFO perfrun.perfcollector <> - hwInfo: not set, pmuFam: tracepoint
112 [140641239557824] INFO perfrun.perfcollector <> - pmu added: tracepoint, idx: 0
112 [140641239557824] INFO perfrun.perfcollector <> - dir found: /sys/bus/event_source/devices/kprobe
112 [140641239557824] INFO perfrun.perfcollector <> - format: retprobe: config:0, mask:0
113 [140641239557824] INFO perfrun.perfcollector <> - hwInfo: not set, pmuFam: kprobe
113 [140641239557824] INFO perfrun.perfcollector <> - pmu caps: raw,format
113 [140641239557824] INFO perfrun.perfcollector <> - pmu added: kprobe, idx: 0
113 [140641239557824] INFO perfrun.perfcollector <> - dir found: /sys/bus/event_source/devices/msr
113 [140641239557824] INFO perfrun.perfcollector <> - format: event: config:0-63, mask:0-63
114 [140641239557824] INFO perfrun.perfcollector <> - hwInfo: not set, pmuFam: msr
114 [140641239557824] INFO perfrun.perfcollector <> - pmu caps: raw,format,events
114 [140641239557824] INFO perfrun.perfcollector <> - pmu added: msr, idx: 0
114 [140641239557824] INFO perfrun.perfcollector <> - Perf tool path: /opt/intel/oneapi/vtune/2025.3/bin64/amplxe-perf
115 [140641239557824] INFO perfrun.perfcollector <> - Data directory: /tmp/amplxe-tmp-azfar/amplxe-res-8567-25766000485155/data.0
115 [140641239557824] INFO perfrun.perfcollector <> - Temp directory: /tmp/amplxe-tmp-azfar
115 [140641239557824] INFO perfrun.perfcollector <> - Perf sync path: /opt/intel/oneapi/vtune/2025.3/bin64/amplxe-perf-sync
115 [140641239557824] INFO perfrun.perfcollector <> - Hypervisor = Microsoft Hv
116 [140641239557824] INFO perfrun.perfcollector <> - Counting mode is requested
116 [140641239557824] INFO perfrun.perfcollector <> - Sample after multiplier: 1
117 [140641239557824] INFO perfrun.sdk <> - runCmd: /opt/intel/oneapi/vtune/2025.3/bin64/sep -dry-run -sam 1 -ec CPU_CLK_UNHALTED.THREAD,CPU_CLK_UNHALTED.REF_TSC:sample:sa=1800000,INST_RETIRED.ANY:sample:sa=1800000,CPU_CLK_UNHALTED.REF_XCLK,CPU_CLK_UNHALTED.ONE_THREAD_ACTIVE,FP_ARITH_INST_RETIRED.SCALAR_SINGLE,FP_ARITH_INST_RETIRED.128B_PACKED_SINGLE,FP_ARITH_INST_RETIRED.256B_PACKED_SINGLE,FP_ARITH_INST_RETIRED.SCALAR_DOUBLE,FP_ARITH_INST_RETIRED.128B_PACKED_DOUBLE,FP_ARITH_INST_RETIRED.256B_PACKED_DOUBLE,UOPS_EXECUTED.X87,UOPS_RETIRED.RETIRE_SLOTS:sample:sa=2000003,UOPS_EXECUTED.THREAD -experimental
118 [140641239557824] INFO perfrun.sdk <> - runCmd started PID 8579
126 [140641239557824] INFO perfrun.perfcollector <> - SepDryRun RC = true
127 [140641239557824] INFO perfrun.perfcollector <> - Loading SEP event configuration
127 [140641239557824] INFO perfrun.perfcollector <> - pmu: cpu
127 [140641239557824] INFO perfrun.perfcollector <> - group_id: 0
127 [140641239557824] INFO perfrun.perfcollector <> - event_id: 2: INST_RETIRED.ANY
128 [140641239557824] INFO perfrun.perfcollector <> - event_id: 0: CPU_CLK_UNHALTED.THREAD
128 [140641239557824] INFO perfrun.perfcollector <> - event_id: 1: CPU_CLK_UNHALTED.REF_TSC
128 [140641239557824] INFO perfrun.perfcollector <> - event_id: 3: CPU_CLK_UNHALTED.REF_XCLK
128 [140641239557824] INFO perfrun.perfcollector <> - event_id: 4: CPU_CLK_UNHALTED.ONE_THREAD_ACTIVE
128 [140641239557824] INFO perfrun.perfcollector <> - event_id: 5: FP_ARITH_INST_RETIRED.SCALAR_SINGLE
128 [140641239557824] INFO perfrun.perfcollector <> - event_id: 6: FP_ARITH_INST_RETIRED.128B_PACKED_SINGLE
129 [140641239557824] INFO perfrun.perfcollector <> - event_id: 3: cccr: addr: 186, value: 53013c
129 [140641239557824] INFO perfrun.perfcollector <> - event_id: 4: cccr: addr: 187, value: 53023c
129 [140641239557824] INFO perfrun.perfcollector <> - event_id: 5: cccr: addr: 188, value: 5302c7
129 [140641239557824] INFO perfrun.perfcollector <> - event_id: 6: cccr: addr: 189, value: 5308c7
130 [140641239557824] INFO perfrun.perfcollector <> - event_id: 2: data: addr: 309, value: ffffffffffe488c0
130 [140641239557824] INFO perfrun.perfcollector <> - event_id: 0: data: addr: 30a, value: ffffffffffe17b7d
130 [140641239557824] INFO perfrun.perfcollector <> - event_id: 1: data: addr: 30b, value: ffffffffffe488c0
130 [140641239557824] INFO perfrun.perfcollector <> - event_id: 3: data: addr: c1, value: ffffffffffff9e55
131 [140641239557824] INFO perfrun.perfcollector <> - event_id: 4: data: addr: c2, value: ffffffffffff9e55
131 [140641239557824] INFO perfrun.perfcollector <> - event_id: 5: data: addr: c3, value: ffffffffffe17b7d
131 [140641239557824] INFO perfrun.perfcollector <> - event_id: 6: data: addr: c4, value: ffffffffffe17b7d
131 [140641239557824] INFO perfrun.perfcollector <> - group_id: 1
132 [140641239557824] INFO perfrun.perfcollector <> - event_id: 2: INST_RETIRED.ANY
132 [140641239557824] INFO perfrun.perfcollector <> - event_id: 0: CPU_CLK_UNHALTED.THREAD
132 [140641239557824] INFO perfrun.perfcollector <> - event_id: 1: CPU_CLK_UNHALTED.REF_TSC
132 [140641239557824] INFO perfrun.perfcollector <> - event_id: 7: FP_ARITH_INST_RETIRED.256B_PACKED_SINGLE
133 [140641239557824] INFO perfrun.perfcollector <> - event_id: 8: FP_ARITH_INST_RETIRED.SCALAR_DOUBLE
133 [140641239557824] INFO perfrun.perfcollector <> - event_id: 9: FP_ARITH_INST_RETIRED.128B_PACKED_DOUBLE
133 [140641239557824] INFO perfrun.perfcollector <> - event_id: 10: FP_ARITH_INST_RETIRED.256B_PACKED_DOUBLE
133 [140641239557824] INFO perfrun.perfcollector <> - event_id: 7: cccr: addr: 186, value: 5320c7
133 [140641239557824] INFO perfrun.perfcollector <> - event_id: 8: cccr: addr: 187, value: 5301c7
134 [140641239557824] INFO perfrun.perfcollector <> - event_id: 9: cccr: addr: 188, value: 5304c7
134 [140641239557824] INFO perfrun.perfcollector <> - event_id: 10: cccr: addr: 189, value: 5310c7
134 [140641239557824] INFO perfrun.perfcollector <> - event_id: 2: data: addr: 309, value: ffffffffffe488c0
135 [140641239557824] INFO perfrun.perfcollector <> - event_id: 0: data: addr: 30a, value: ffffffffffe17b7d
135 [140641239557824] INFO perfrun.perfcollector <> - event_id: 1: data: addr: 30b, value: ffffffffffe488c0
135 [140641239557824] INFO perfrun.perfcollector <> - event_id: 7: data: addr: c1, value: ffffffffffe17b7d
135 [140641239557824] INFO perfrun.perfcollector <> - event_id: 8: data: addr: c2, value: ffffffffffe17b7d
135 [140641239557824] INFO perfrun.perfcollector <> - event_id: 9: data: addr: c3, value: ffffffffffe17b7d
136 [140641239557824] INFO perfrun.perfcollector <> - event_id: 10: data: addr: c4, value: ffffffffffe17b7d
136 [140641239557824] INFO perfrun.perfcollector <> - group_id: 2
136 [140641239557824] INFO perfrun.perfcollector <> - event_id: 2: INST_RETIRED.ANY
136 [140641239557824] INFO perfrun.perfcollector <> - event_id: 0: CPU_CLK_UNHALTED.THREAD
136 [140641239557824] INFO perfrun.perfcollector <> - event_id: 1: CPU_CLK_UNHALTED.REF_TSC
137 [140641239557824] INFO perfrun.perfcollector <> - event_id: 11: UOPS_EXECUTED.X87
137 [140641239557824] INFO perfrun.perfcollector <> - event_id: 12: UOPS_RETIRED.RETIRE_SLOTS
137 [140641239557824] INFO perfrun.perfcollector <> - event_id: 13: UOPS_EXECUTED.THREAD
137 [140641239557824] INFO perfrun.perfcollector <> - event_id: 11: cccr: addr: 186, value: 5310b1
137 [140641239557824] INFO perfrun.perfcollector <> - event_id: 12: cccr: addr: 187, value: 5302c2
138 [140641239557824] INFO perfrun.perfcollector <> - event_id: 13: cccr: addr: 188, value: 5301b1
138 [140641239557824] INFO perfrun.perfcollector <> - event_id: 2: data: addr: 309, value: ffffffffffe488c0
138 [140641239557824] INFO perfrun.perfcollector <> - event_id: 0: data: addr: 30a, value: ffffffffffe17b7d
138 [140641239557824] INFO perfrun.perfcollector <> - event_id: 1: data: addr: 30b, value: ffffffffffe488c0
139 [140641239557824] INFO perfrun.perfcollector <> - event_id: 11: data: addr: c1, value: ffffffffffe17b7d
139 [140641239557824] INFO perfrun.perfcollector <> - event_id: 12: data: addr: c2, value: ffffffffffe17b7d
139 [140641239557824] INFO perfrun.perfcollector <> - event_id: 13: data: addr: c3, value: ffffffffffe17b7d
139 [140641239557824] INFO perfrun.perfcollector <> - Converting events to Perf format
140 [140641239557824] INFO perfrun.perfcollector <> - event: 0: CPU_CLK_UNHALTED.THREAD
140 [140641239557824] INFO perfrun.perfcollector <> - cccr: addr: ffffffff, value: 0
140 [140641239557824] INFO perfrun.perfcollector <> - data: addr: 30a, value: ffffffffffe17b7d
140 [140641239557824] INFO perfrun.perfcollector <> - pmu config: cpu
140 [140641239557824] INFO perfrun.perfcollector <> - config: any: 0
140 [140641239557824] INFO perfrun.perfcollector <> - config: cmask: 0
141 [140641239557824] INFO perfrun.perfcollector <> - config: edge: 0
141 [140641239557824] INFO perfrun.perfcollector <> - config: event: 3c
141 [140641239557824] INFO perfrun.perfcollector <> - config1: frontend: 0
141 [140641239557824] INFO perfrun.perfcollector <> - config: inv: 0
142 [140641239557824] INFO perfrun.perfcollector <> - config1: ldlat: 0
142 [140641239557824] INFO perfrun.perfcollector <> - config1: offcore_rsp: 0
142 [140641239557824] INFO perfrun.perfcollector <> - config: pc: 0
142 [140641239557824] INFO perfrun.perfcollector <> - config: umask: 0
143 [140641239557824] INFO perfrun.perfcollector <> - format: cpu/event=0x3c,name='CPU_CLK_UNHALTED.THREAD'/D
143 [140641239557824] INFO perfrun.perfcollector <> - event: 1: CPU_CLK_UNHALTED.REF_TSC
143 [140641239557824] INFO perfrun.perfcollector <> - cccr: addr: ffffffff, value: 0
144 [140641239557824] INFO perfrun.perfcollector <> - data: addr: 30b, value: ffffffffffe488c0
144 [140641239557824] INFO perfrun.perfcollector <> - pmu config: cpu
144 [140641239557824] INFO perfrun.perfcollector <> - config: any: 0
144 [140641239557824] INFO perfrun.perfcollector <> - config: cmask: 0
145 [140641239557824] INFO perfrun.perfcollector <> - config: edge: 0
145 [140641239557824] INFO perfrun.perfcollector <> - config: event: 0
145 [140641239557824] INFO perfrun.perfcollector <> - config1: frontend: 0
145 [140641239557824] INFO perfrun.perfcollector <> - config: inv: 0
145 [140641239557824] INFO perfrun.perfcollector <> - config1: ldlat: 0
146 [140641239557824] INFO perfrun.perfcollector <> - config1: offcore_rsp: 0
146 [140641239557824] INFO perfrun.perfcollector <> - config: pc: 0
146 [140641239557824] INFO perfrun.perfcollector <> - config: umask: 3
146 [140641239557824] INFO perfrun.perfcollector <> - format: cpu/umask=0x3,name='CPU_CLK_UNHALTED.REF_TSC'/D
146 [140641239557824] INFO perfrun.perfcollector <> - event: 2: INST_RETIRED.ANY
147 [140641239557824] INFO perfrun.perfcollector <> - cccr: addr: ffffffff, value: 0
147 [140641239557824] INFO perfrun.perfcollector <> - data: addr: 309, value: ffffffffffe488c0
147 [140641239557824] INFO perfrun.perfcollector <> - pmu config: cpu
147 [140641239557824] INFO perfrun.perfcollector <> - config: any: 0
148 [140641239557824] INFO perfrun.perfcollector <> - config: cmask: 0
148 [140641239557824] INFO perfrun.perfcollector <> - config: edge: 0
148 [140641239557824] INFO perfrun.perfcollector <> - config: event: c0
148 [140641239557824] INFO perfrun.perfcollector <> - config1: frontend: 0
149 [140641239557824] INFO perfrun.perfcollector <> - config: inv: 0
149 [140641239557824] INFO perfrun.perfcollector <> - config1: ldlat: 0
149 [140641239557824] INFO perfrun.perfcollector <> - config1: offcore_rsp: 0
149 [140641239557824] INFO perfrun.perfcollector <> - config: pc: 0
150 [140641239557824] INFO perfrun.perfcollector <> - config: umask: 0
150 [140641239557824] INFO perfrun.perfcollector <> - format: cpu/event=0xc0,name='INST_RETIRED.ANY'/D
150 [140641239557824] INFO perfrun.perfcollector <> - event: 3: CPU_CLK_UNHALTED.REF_XCLK
150 [140641239557824] INFO perfrun.perfcollector <> - cccr: addr: 186, value: 53013c
151 [140641239557824] INFO perfrun.perfcollector <> - data: addr: c1, value: ffffffffffff9e55
151 [140641239557824] INFO perfrun.perfcollector <> - pmu config: cpu
151 [140641239557824] INFO perfrun.perfcollector <> - config: any: 0
151 [140641239557824] INFO perfrun.perfcollector <> - config: cmask: 0
152 [140641239557824] INFO perfrun.perfcollector <> - config: edge: 0
152 [140641239557824] INFO perfrun.perfcollector <> - config: event: 3c
152 [140641239557824] INFO perfrun.perfcollector <> - config1: frontend: 0
152 [140641239557824] INFO perfrun.perfcollector <> - config: inv: 0
153 [140641239557824] INFO perfrun.perfcollector <> - config1: ldlat: 0
153 [140641239557824] INFO perfrun.perfcollector <> - config1: offcore_rsp: 0
153 [140641239557824] INFO perfrun.perfcollector <> - config: pc: 0
153 [140641239557824] INFO perfrun.perfcollector <> - config: umask: 1
154 [140641239557824] INFO perfrun.perfcollector <> - format: cpu/event=0x3c,umask=0x1,name='CPU_CLK_UNHALTED.REF_XCLK'/
154 [140641239557824] INFO perfrun.perfcollector <> - event: 4: CPU_CLK_UNHALTED.ONE_THREAD_ACTIVE
154 [140641239557824] INFO perfrun.perfcollector <> - cccr: addr: 187, value: 53023c
154 [140641239557824] INFO perfrun.perfcollector <> - data: addr: c2, value: ffffffffffff9e55
154 [140641239557824] INFO perfrun.perfcollector <> - pmu config: cpu
155 [140641239557824] INFO perfrun.perfcollector <> - config: any: 0
155 [140641239557824] INFO perfrun.perfcollector <> - config: cmask: 0
155 [140641239557824] INFO perfrun.perfcollector <> - config: edge: 0
155 [140641239557824] INFO perfrun.perfcollector <> - config: event: 3c
156 [140641239557824] INFO perfrun.perfcollector <> - config1: frontend: 0
156 [140641239557824] INFO perfrun.perfcollector <> - config: inv: 0
156 [140641239557824] INFO perfrun.perfcollector <> - config1: ldlat: 0
156 [140641239557824] INFO perfrun.perfcollector <> - config1: offcore_rsp: 0
157 [140641239557824] INFO perfrun.perfcollector <> - config: pc: 0
157 [140641239557824] INFO perfrun.perfcollector <> - config: umask: 2
157 [140641239557824] INFO perfrun.perfcollector <> - format: cpu/event=0x3c,umask=0x2,name='CPU_CLK_UNHALTED.ONE_THREAD_ACTIVE'/
157 [140641239557824] INFO perfrun.perfcollector <> - event: 5: FP_ARITH_INST_RETIRED.SCALAR_SINGLE
157 [140641239557824] INFO perfrun.perfcollector <> - cccr: addr: 188, value: 5302c7
158 [140641239557824] INFO perfrun.perfcollector <> - data: addr: c3, value: ffffffffffe17b7d
158 [140641239557824] INFO perfrun.perfcollector <> - pmu config: cpu
158 [140641239557824] INFO perfrun.perfcollector <> - config: any: 0
159 [140641239557824] INFO perfrun.perfcollector <> - config: cmask: 0
159 [140641239557824] INFO perfrun.perfcollector <> - config: edge: 0
159 [140641239557824] INFO perfrun.perfcollector <> - config: event: c7
159 [140641239557824] INFO perfrun.perfcollector <> - config1: frontend: 0
159 [140641239557824] INFO perfrun.perfcollector <> - config: inv: 0
160 [140641239557824] INFO perfrun.perfcollector <> - config1: ldlat: 0
160 [140641239557824] INFO perfrun.perfcollector <> - config1: offcore_rsp: 0
160 [140641239557824] INFO perfrun.perfcollector <> - config: pc: 0
160 [140641239557824] INFO perfrun.perfcollector <> - config: umask: 2
161 [140641239557824] INFO perfrun.perfcollector <> - format: cpu/event=0xc7,umask=0x2,name='FP_ARITH_INST_RETIRED.SCALAR_SINGLE'/
161 [140641239557824] INFO perfrun.perfcollector <> - event: 6: FP_ARITH_INST_RETIRED.128B_PACKED_SINGLE
161 [140641239557824] INFO perfrun.perfcollector <> - cccr: addr: 189, value: 5308c7
161 [140641239557824] INFO perfrun.perfcollector <> - data: addr: c4, value: ffffffffffe17b7d
162 [140641239557824] INFO perfrun.perfcollector <> - pmu config: cpu
162 [140641239557824] INFO perfrun.perfcollector <> - config: any: 0
162 [140641239557824] INFO perfrun.perfcollector <> - config: cmask: 0
162 [140641239557824] INFO perfrun.perfcollector <> - config: edge: 0
163 [140641239557824] INFO perfrun.perfcollector <> - config: event: c7
163 [140641239557824] INFO perfrun.perfcollector <> - config1: frontend: 0
163 [140641239557824] INFO perfrun.perfcollector <> - config: inv: 0
163 [140641239557824] INFO perfrun.perfcollector <> - config1: ldlat: 0
164 [140641239557824] INFO perfrun.perfcollector <> - config1: offcore_rsp: 0
164 [140641239557824] INFO perfrun.perfcollector <> - config: pc: 0
164 [140641239557824] INFO perfrun.perfcollector <> - config: umask: 8
164 [140641239557824] INFO perfrun.perfcollector <> - format: cpu/event=0xc7,umask=0x8,name='FP_ARITH_INST_RETIRED.128B_PACKED_SINGLE'/
165 [140641239557824] INFO perfrun.perfcollector <> - event: 7: FP_ARITH_INST_RETIRED.256B_PACKED_SINGLE
165 [140641239557824] INFO perfrun.perfcollector <> - cccr: addr: 186, value: 5320c7
165 [140641239557824] INFO perfrun.perfcollector <> - data: addr: c1, value: ffffffffffe17b7d
165 [140641239557824] INFO perfrun.perfcollector <> - pmu config: cpu
166 [140641239557824] INFO perfrun.perfcollector <> - config: any: 0
166 [140641239557824] INFO perfrun.perfcollector <> - config: cmask: 0
166 [140641239557824] INFO perfrun.perfcollector <> - config: edge: 0
166 [140641239557824] INFO perfrun.perfcollector <> - config: event: c7
167 [140641239557824] INFO perfrun.perfcollector <> - config1: frontend: 0
167 [140641239557824] INFO perfrun.perfcollector <> - config: inv: 0
167 [140641239557824] INFO perfrun.perfcollector <> - config1: ldlat: 0
167 [140641239557824] INFO perfrun.perfcollector <> - config1: offcore_rsp: 0
168 [140641239557824] INFO perfrun.perfcollector <> - config: pc: 0
168 [140641239557824] INFO perfrun.perfcollector <> - config: umask: 20
168 [140641239557824] INFO perfrun.perfcollector <> - format: cpu/event=0xc7,umask=0x20,name='FP_ARITH_INST_RETIRED.256B_PACKED_SINGLE'/
168 [140641239557824] INFO perfrun.perfcollector <> - event: 8: FP_ARITH_INST_RETIRED.SCALAR_DOUBLE
169 [140641239557824] INFO perfrun.perfcollector <> - cccr: addr: 187, value: 5301c7
169 [140641239557824] INFO perfrun.perfcollector <> - data: addr: c2, value: ffffffffffe17b7d
169 [140641239557824] INFO perfrun.perfcollector <> - pmu config: cpu
169 [140641239557824] INFO perfrun.perfcollector <> - config: any: 0
170 [140641239557824] INFO perfrun.perfcollector <> - config: cmask: 0
170 [140641239557824] INFO perfrun.perfcollector <> - config: edge: 0
170 [140641239557824] INFO perfrun.perfcollector <> - config: event: c7
170 [140641239557824] INFO perfrun.perfcollector <> - config1: frontend: 0
170 [140641239557824] INFO perfrun.perfcollector <> - config: inv: 0
171 [140641239557824] INFO perfrun.perfcollector <> - config1: ldlat: 0
171 [140641239557824] INFO perfrun.perfcollector <> - config1: offcore_rsp: 0
171 [140641239557824] INFO perfrun.perfcollector <> - config: pc: 0
171 [140641239557824] INFO perfrun.perfcollector <> - config: umask: 1
172 [140641239557824] INFO perfrun.perfcollector <> - format: cpu/event=0xc7,umask=0x1,name='FP_ARITH_INST_RETIRED.SCALAR_DOUBLE'/
172 [140641239557824] INFO perfrun.perfcollector <> - event: 9: FP_ARITH_INST_RETIRED.128B_PACKED_DOUBLE
172 [140641239557824] INFO perfrun.perfcollector <> - cccr: addr: 188, value: 5304c7
172 [140641239557824] INFO perfrun.perfcollector <> - data: addr: c3, value: ffffffffffe17b7d
173 [140641239557824] INFO perfrun.perfcollector <> - pmu config: cpu
173 [140641239557824] INFO perfrun.perfcollector <> - config: any: 0
173 [140641239557824] INFO perfrun.perfcollector <> - config: cmask: 0
173 [140641239557824] INFO perfrun.perfcollector <> - config: edge: 0
174 [140641239557824] INFO perfrun.perfcollector <> - config: event: c7
174 [140641239557824] INFO perfrun.perfcollector <> - config1: frontend: 0
174 [140641239557824] INFO perfrun.perfcollector <> - config: inv: 0
174 [140641239557824] INFO perfrun.perfcollector <> - config1: ldlat: 0
175 [140641239557824] INFO perfrun.perfcollector <> - config1: offcore_rsp: 0
175 [140641239557824] INFO perfrun.perfcollector <> - config: pc: 0
175 [140641239557824] INFO perfrun.perfcollector <> - config: umask: 4
175 [140641239557824] INFO perfrun.perfcollector <> - format: cpu/event=0xc7,umask=0x4,name='FP_ARITH_INST_RETIRED.128B_PACKED_DOUBLE'/
176 [140641239557824] INFO perfrun.perfcollector <> - event: 10: FP_ARITH_INST_RETIRED.256B_PACKED_DOUBLE
176 [140641239557824] INFO perfrun.perfcollector <> - cccr: addr: 189, value: 5310c7
176 [140641239557824] INFO perfrun.perfcollector <> - data: addr: c4, value: ffffffffffe17b7d
176 [140641239557824] INFO perfrun.perfcollector <> - pmu config: cpu
177 [140641239557824] INFO perfrun.perfcollector <> - config: any: 0
177 [140641239557824] INFO perfrun.perfcollector <> - config: cmask: 0
177 [140641239557824] INFO perfrun.perfcollector <> - config: edge: 0
177 [140641239557824] INFO perfrun.perfcollector <> - config: event: c7
178 [140641239557824] INFO perfrun.perfcollector <> - config1: frontend: 0
178 [140641239557824] INFO perfrun.perfcollector <> - config: inv: 0
178 [140641239557824] INFO perfrun.perfcollector <> - config1: ldlat: 0
178 [140641239557824] INFO perfrun.perfcollector <> - config1: offcore_rsp: 0
179 [140641239557824] INFO perfrun.perfcollector <> - config: pc: 0
179 [140641239557824] INFO perfrun.perfcollector <> - config: umask: 10
179 [140641239557824] INFO perfrun.perfcollector <> - format: cpu/event=0xc7,umask=0x10,name='FP_ARITH_INST_RETIRED.256B_PACKED_DOUBLE'/
179 [140641239557824] INFO perfrun.perfcollector <> - event: 11: UOPS_EXECUTED.X87
180 [140641239557824] INFO perfrun.perfcollector <> - cccr: addr: 186, value: 5310b1
180 [140641239557824] INFO perfrun.perfcollector <> - data: addr: c1, value: ffffffffffe17b7d
180 [140641239557824] INFO perfrun.perfcollector <> - pmu config: cpu
180 [140641239557824] INFO perfrun.perfcollector <> - config: any: 0
180 [140641239557824] INFO perfrun.perfcollector <> - config: cmask: 0
181 [140641239557824] INFO perfrun.perfcollector <> - config: edge: 0
181 [140641239557824] INFO perfrun.perfcollector <> - config: event: b1
181 [140641239557824] INFO perfrun.perfcollector <> - config1: frontend: 0
181 [140641239557824] INFO perfrun.perfcollector <> - config: inv: 0
182 [140641239557824] INFO perfrun.perfcollector <> - config1: ldlat: 0
182 [140641239557824] INFO perfrun.perfcollector <> - config1: offcore_rsp: 0
182 [140641239557824] INFO perfrun.perfcollector <> - config: pc: 0
182 [140641239557824] INFO perfrun.perfcollector <> - config: umask: 10
183 [140641239557824] INFO perfrun.perfcollector <> - format: cpu/event=0xb1,umask=0x10,name='UOPS_EXECUTED.X87'/
183 [140641239557824] INFO perfrun.perfcollector <> - event: 12: UOPS_RETIRED.RETIRE_SLOTS
183 [140641239557824] INFO perfrun.perfcollector <> - cccr: addr: 187, value: 5302c2
183 [140641239557824] INFO perfrun.perfcollector <> - data: addr: c2, value: ffffffffffe17b7d
184 [140641239557824] INFO perfrun.perfcollector <> - pmu config: cpu
184 [140641239557824] INFO perfrun.perfcollector <> - config: any: 0
184 [140641239557824] INFO perfrun.perfcollector <> - config: cmask: 0
184 [140641239557824] INFO perfrun.perfcollector <> - config: edge: 0
185 [140641239557824] INFO perfrun.perfcollector <> - config: event: c2
185 [140641239557824] INFO perfrun.perfcollector <> - config1: frontend: 0
185 [140641239557824] INFO perfrun.perfcollector <> - config: inv: 0
185 [140641239557824] INFO perfrun.perfcollector <> - config1: ldlat: 0
186 [140641239557824] INFO perfrun.perfcollector <> - config1: offcore_rsp: 0
186 [140641239557824] INFO perfrun.perfcollector <> - config: pc: 0
186 [140641239557824] INFO perfrun.perfcollector <> - config: umask: 2
186 [140641239557824] INFO perfrun.perfcollector <> - format: cpu/event=0xc2,umask=0x2,name='UOPS_RETIRED.RETIRE_SLOTS'/
186 [140641239557824] INFO perfrun.perfcollector <> - event: 13: UOPS_EXECUTED.THREAD
187 [140641239557824] INFO perfrun.perfcollector <> - cccr: addr: 188, value: 5301b1
187 [140641239557824] INFO perfrun.perfcollector <> - data: addr: c3, value: ffffffffffe17b7d
187 [140641239557824] INFO perfrun.perfcollector <> - pmu config: cpu
188 [140641239557824] INFO perfrun.perfcollector <> - config: any: 0
188 [140641239557824] INFO perfrun.perfcollector <> - config: cmask: 0
188 [140641239557824] INFO perfrun.perfcollector <> - config: edge: 0
188 [140641239557824] INFO perfrun.perfcollector <> - config: event: b1
188 [140641239557824] INFO perfrun.perfcollector <> - config1: frontend: 0
188 [140641239557824] INFO perfrun.perfcollector <> - config: inv: 0
189 [140641239557824] INFO perfrun.perfcollector <> - config1: ldlat: 0
189 [140641239557824] INFO perfrun.perfcollector <> - config1: offcore_rsp: 0
189 [140641239557824] INFO perfrun.perfcollector <> - config: pc: 0
189 [140641239557824] INFO perfrun.perfcollector <> - config: umask: 1
190 [140641239557824] INFO perfrun.perfcollector <> - format: cpu/event=0xb1,umask=0x1,name='UOPS_EXECUTED.THREAD'/
190 [140641239557824] INFO perfrun.perfcollector <> - event: cpu/event=0x3c,name='CPU_CLK_UNHALTED.THREAD'/Duk, added for counting
190 [140641239557824] INFO perfrun.perfcollector <> - event: cpu/umask=0x3,name='CPU_CLK_UNHALTED.REF_TSC'/Duk, added for counting
190 [140641239557824] INFO perfrun.perfcollector <> - event: cpu/event=0xc0,name='INST_RETIRED.ANY'/Duk, added for counting
191 [140641239557824] INFO perfrun.perfcollector <> - event: cpu/event=0x3c,umask=0x1,name='CPU_CLK_UNHALTED.REF_XCLK'/uk, added for counting
191 [140641239557824] INFO perfrun.perfcollector <> - event: cpu/event=0x3c,umask=0x2,name='CPU_CLK_UNHALTED.ONE_THREAD_ACTIVE'/uk, added for counting
191 [140641239557824] INFO perfrun.perfcollector <> - event: cpu/event=0xc7,umask=0x2,name='FP_ARITH_INST_RETIRED.SCALAR_SINGLE'/uk, added for counting
192 [140641239557824] INFO perfrun.perfcollector <> - event: cpu/event=0xc7,umask=0x8,name='FP_ARITH_INST_RETIRED.128B_PACKED_SINGLE'/uk, added for counting
192 [140641239557824] INFO perfrun.perfcollector <> - event: cpu/event=0xc7,umask=0x20,name='FP_ARITH_INST_RETIRED.256B_PACKED_SINGLE'/uk, added for counting
192 [140641239557824] INFO perfrun.perfcollector <> - event: cpu/event=0xc7,umask=0x1,name='FP_ARITH_INST_RETIRED.SCALAR_DOUBLE'/uk, added for counting
192 [140641239557824] INFO perfrun.perfcollector <> - event: cpu/event=0xc7,umask=0x4,name='FP_ARITH_INST_RETIRED.128B_PACKED_DOUBLE'/uk, added for counting
193 [140641239557824] INFO perfrun.perfcollector <> - event: cpu/event=0xc7,umask=0x10,name='FP_ARITH_INST_RETIRED.256B_PACKED_DOUBLE'/uk, added for counting
193 [140641239557824] INFO perfrun.perfcollector <> - event: cpu/event=0xb1,umask=0x10,name='UOPS_EXECUTED.X87'/uk, added for counting
193 [140641239557824] INFO perfrun.perfcollector <> - event: cpu/event=0xc2,umask=0x2,name='UOPS_RETIRED.RETIRE_SLOTS'/uk, added for counting
193 [140641239557824] INFO perfrun.perfcollector <> - event: cpu/event=0xb1,umask=0x1,name='UOPS_EXECUTED.THREAD'/uk, added for counting
194 [140641239557824] INFO perfrun.perfcollector <> - attaching to pid: 4294967295, m_mode: 10, mode: 3
194 [140641231165120] INFO perfrun.perfcollector <> - Perf stat trace pipe capacity: read = 1048576, write = 1048576
194 [140641222772416] INFO perfrun.sdk <> - Reading value (0-7) from file: /sys/devices/system/cpu/cpu0/topology/core_siblings_list
195 [140641222772416] INFO perfrun.sdk <> - Reading value (0-1) from file: /sys/devices/system/cpu/cpu0/topology/thread_siblings_list
195 [140641222772416] INFO perfrun.sdk <> - Reading value (0-7) from file: /sys/devices/system/cpu/cpu1/topology/core_siblings_list
195 [140641222772416] INFO perfrun.sdk <> - Reading value (0-1) from file: /sys/devices/system/cpu/cpu1/topology/thread_siblings_list
195 [140641222772416] INFO perfrun.sdk <> - Reading value (0-7) from file: /sys/devices/system/cpu/cpu2/topology/core_siblings_list
196 [140641222772416] INFO perfrun.sdk <> - Reading value (2-3) from file: /sys/devices/system/cpu/cpu2/topology/thread_siblings_list
196 [140641222772416] INFO perfrun.sdk <> - Reading value (0-7) from file: /sys/devices/system/cpu/cpu3/topology/core_siblings_list
196 [140641222772416] INFO perfrun.sdk <> - Reading value (2-3) from file: /sys/devices/system/cpu/cpu3/topology/thread_siblings_list
196 [140641222772416] INFO perfrun.sdk <> - Reading value (0-7) from file: /sys/devices/system/cpu/cpu4/topology/core_siblings_list
197 [140641222772416] INFO perfrun.sdk <> - Reading value (4-5) from file: /sys/devices/system/cpu/cpu4/topology/thread_siblings_list
197 [140641222772416] INFO perfrun.sdk <> - Reading value (0-7) from file: /sys/devices/system/cpu/cpu5/topology/core_siblings_list
197 [140641222772416] INFO perfrun.sdk <> - Reading value (4-5) from file: /sys/devices/system/cpu/cpu5/topology/thread_siblings_list
198 [140641222772416] INFO perfrun.sdk <> - Reading value (0-7) from file: /sys/devices/system/cpu/cpu6/topology/core_siblings_list
198 [140641222772416] INFO perfrun.sdk <> - Reading value (6-7) from file: /sys/devices/system/cpu/cpu6/topology/thread_siblings_list
198 [140641222772416] INFO perfrun.sdk <> - Reading value (0-7) from file: /sys/devices/system/cpu/cpu7/topology/core_siblings_list
198 [140641222772416] INFO perfrun.sdk <> - Reading value (6-7) from file: /sys/devices/system/cpu/cpu7/topology/thread_siblings_list
199 [140641222772416] ERROR perfrun.sdk <> - boost::filesystem::exists(filename) 'gh2::error::IsNot.Valid.File(filename):/sys/bus/event_source/devices/cpu_core/cpus'
_sdks/release_posix-x86_64_icx_2023.0.0_gnutools_9.2_binutils_2.28/perfrun_1.36.3/include/perfrun1/sdk/utils.hpp(777): gh2::error_code_t runtool::sdk::loadFileValue(RetType &, const cpil2::uchar_t *) [RetType = std::basic_string<char>]
, at file: _sdks/release_posix-x86_64_icx_2023.0.0_gnutools_9.2_binutils_2.28/perfrun_1.36.3/include/perfrun1/sdk/utils.hpp:777
199 [140641222772416] ERROR perfrun.sdk <> - boost::filesystem::exists(filename) 'gh2::error::IsNot.Valid.File(filename):/sys/bus/event_source/devices/cpu_atom/cpus'
_sdks/release_posix-x86_64_icx_2023.0.0_gnutools_9.2_binutils_2.28/perfrun_1.36.3/include/perfrun1/sdk/utils.hpp(777): gh2::error_code_t runtool::sdk::loadFileValue(RetType &, const cpil2::uchar_t *) [RetType = std::basic_string<char>]
, at file: _sdks/release_posix-x86_64_icx_2023.0.0_gnutools_9.2_binutils_2.28/perfrun_1.36.3/include/perfrun1/sdk/utils.hpp:777
199 [140641231165120] INFO perfrun.sdk <> - runCmd: /opt/intel/oneapi/vtune/2025.3/bin64/amplxe-perf stat -v --log-fd 11 --scale -x ; -e cpu/event=0x3c,name='CPU_CLK_UNHALTED.THREAD'/Duk,cpu/umask=0x3,name='CPU_CLK_UNHALTED.REF_TSC'/Duk,cpu/event=0xc0,name='INST_RETIRED.ANY'/Duk,cpu/event=0x3c,umask=0x1,name='CPU_CLK_UNHALTED.REF_XCLK'/uk,cpu/event=0x3c,umask=0x2,name='CPU_CLK_UNHALTED.ONE_THREAD_ACTIVE'/uk,cpu/event=0xc7,umask=0x2,name='FP_ARITH_INST_RETIRED.SCALAR_SINGLE'/uk,cpu/event=0xc7,umask=0x8,name='FP_ARITH_INST_RETIRED.128B_PACKED_SINGLE'/uk,cpu/event=0xc7,umask=0x20,name='FP_ARITH_INST_RETIRED.256B_PACKED_SINGLE'/uk,cpu/event=0xc7,umask=0x1,name='FP_ARITH_INST_RETIRED.SCALAR_DOUBLE'/uk,cpu/event=0xc7,umask=0x4,name='FP_ARITH_INST_RETIRED.128B_PACKED_DOUBLE'/uk,cpu/event=0xc7,umask=0x10,name='FP_ARITH_INST_RETIRED.256B_PACKED_DOUBLE'/uk,cpu/event=0xb1,umask=0x10,name='UOPS_EXECUTED.X87'/uk,cpu/event=0xc2,umask=0x2,name='UOPS_RETIRED.RETIRE_SLOTS'/uk,cpu/event=0xb1,umask=0x1,name='UOPS_EXECUTED.THREAD'/uk /opt/intel/oneapi/vtune/2025.3/bin64/amplxe-perf-sync dryrun tsc
200 [140641231165120] INFO perfrun.sdk <> - runCmd started PID 8586
221 [140641231165120] INFO perfrun.perfcollector <> - Monitor: runCmd RC = true
222 [140641239557824] INFO perfrun.launcher <> - plugin [aoclprofile] was disabled because it doesn't support the given collection type.
222 [140641239557824] INFO perfrun.tpss <> - initialize tpss controller
222 [140641239557824] INFO perfrun.tpss <> - configure collection mode: value = cpu:counters:nostack
223 [140641239557824] INFO perfrun.tpss <> - configure collection mode: value = cpu:stack
223 [140641239557824] INFO perfrun.tpss <> - default obj-size-min=1024
223 [140641239557824] INFO perfrun.tpss <> - default hash-table-size=0
223 [140641239557824] INFO perfrun.launcher <> - plugin [media] was disabled because it doesn't support the given collection type.
223 [140641239557824] INFO perfrun.launcher <> - plugin [] was disabled because it doesn't support the given collection type.
224 [140641239557824] INFO perfrun.launcher <> - plugin [] was disabled because it doesn't support the given collection type.
224 [140641239557824] INFO perfrun.launcher <> - plugin [parallelfs] was disabled because it doesn't support the given collection type.
224 [140641239557824] INFO perfrun.launcher <> - plugin [power] was disabled because it doesn't support the given collection type.
224 [140641239557824] INFO perfrun.launcher <> - plugin [] was disabled because it doesn't support the given collection type.
225 [140641239557824] INFO perfrun.launcher <> - plugin [] was disabled because it doesn't support the given collection type.
225 [140641239557824] INFO perfrun.launcher <> - plugin [] was disabled because it doesn't support the given collection type.
225 [140641239557824] INFO perfrun.launcher <> - plugin [l0_metrics] was disabled because it doesn't support the given collection type.
225 [140641239557824] INFO perfrun.launcher <> - plugin [stall_reasons] was disabled because it doesn't support the given collection type.
226 [140641387494528] INFO perfrun.launcher <> - set environment variable: LD_LIBRARY_PATH = /opt/intel/oneapi/vtune/2025.3/lib32/runtime:/opt/intel/oneapi/vtune/2025.3/lib64/runtime:/opt/intel/oneapi/tcm/1.3/lib:/opt/intel/oneapi/umf/0.10/lib:/opt/intel/oneapi/tbb/2022.1/env/../lib/intel64/gcc4.8:/opt/intel/oneapi/pti/0.12/lib:/opt/intel/oneapi/mkl/2025.1/lib:/opt/intel/oneapi/ipp/2022.1/lib:/opt/intel/oneapi/compiler/2025.1/opt/compiler/lib:/opt/intel/oneapi/compiler/2025.1/lib
226 [140641387494528] INFO perfrun.launcher <> - set environment variable: INTEL_LIBITTNOTIFY32 = /opt/intel/oneapi/vtune/2025.3/lib32/runtime/libittnotify_collector.so
227 [140641387494528] INFO perfrun.launcher <> - set environment variable: INTEL_LIBITTNOTIFY64 = /opt/intel/oneapi/vtune/2025.3/lib64/runtime/libittnotify_collector.so
227 [140641387494528] INFO perfrun.launcher <> - set environment variable: INTEL_ITTNOTIFY_GROUPS = 
227 [140641387494528] INFO perfrun.launcher <> - set environment variable: INTEL_JIT_PROFILER32 = /opt/intel/oneapi/vtune/2025.3/lib32/runtime/libittnotify_collector.so
228 [140641387494528] INFO perfrun.launcher <> - set environment variable: INTEL_JIT_PROFILER64 = /opt/intel/oneapi/vtune/2025.3/lib64/runtime/libittnotify_collector.so
228 [140641387494528] INFO perfrun.launcher <> - set environment variable: CCL_ITT_LEVEL = 1
228 [140641387494528] INFO perfrun.launcher <> - set environment variable: ENABLE_JITPROFILING = 1
229 [140641387494528] INFO perfrun.launcher <> - set environment variable: CL_CONFIG_USE_VTUNE = True
229 [140641387494528] INFO perfrun.launcher <> - set environment variable: LD_PRELOAD = libittnotify_collector.so:
229 [140641387494528] INFO perfrun.launcher <> - set environment variable: KMP_FORKJOIN_FRAMES = 0
230 [140641387494528] INFO perfrun.launcher <> - set environment variable: KMP_FORKJOIN_FRAMES_MODE = 0
230 [140641387494528] INFO perfrun.launcher <> - set environment variable: INTEL_MRTE_DATA_DIR = /tmp/amplxe-tmp-azfar/amplxe-res-8567-25766000485155/data.0
231 [140641387494528] INFO perfrun.launcher <> - set environment variable: INTEL_MRTE_HOST_NAME = DESKTOP-GRRJ2VV
231 [140641387494528] INFO perfrun.launcher <> - set environment variable: JAVA_TOOL_OPTIONS = -agentlib:amplxe_samplingmrte_javaprof_1.0 -Dsun.boot.library.path=/opt/intel/oneapi/vtune/2025.3/lib32/runtime:/opt/intel/oneapi/vtune/2025.3/lib64/runtime
231 [140641387494528] INFO perfrun.launcher <> - set environment variable: LD_LIBRARY_PATH = /opt/intel/oneapi/vtune/2025.3/lib32/runtime:/opt/intel/oneapi/vtune/2025.3/lib64/runtime:/opt/intel/oneapi/tcm/1.3/lib:/opt/intel/oneapi/umf/0.10/lib:/opt/intel/oneapi/tbb/2022.1/env/../lib/intel64/gcc4.8:/opt/intel/oneapi/pti/0.12/lib:/opt/intel/oneapi/mkl/2025.1/lib:/opt/intel/oneapi/ipp/2022.1/lib:/opt/intel/oneapi/compiler/2025.1/opt/compiler/lib:/opt/intel/oneapi/compiler/2025.1/lib
232 [140641387494528] INFO perfrun.launcher <> - set environment variable: CORECLR_ENABLE_PROFILING = 1
232 [140641387494528] INFO perfrun.launcher <> - set environment variable: CORECLR_PROFILER = {AA5E4821-E3B1-479c-B7FF-5AD047D22CED}
232 [140641387494528] INFO perfrun.launcher <> - set environment variable: CORECLR_PROFILER_PATH = /opt/intel/oneapi/vtune/2025.3/lib64/libamplxe_samplingmrte_clrprof_1.0.so
233 [140641387494528] INFO perfrun.launcher <> - set environment variable: INTEL_MRTE_PROFILER_MODE = mixed
233 [140641387494528] INFO perfrun.launcher <> - RpcServer: run RPC server to handle requests
236 [140641387494528] INFO perfrun.launcher <> - Launcher: command line to start before modification = ./test1 changes.txt 0
237 [140641387494528] INFO perfrun.launcher <> - Launcher: command line to start after modification = /opt/intel/oneapi/vtune/2025.3/bin64/pin -error_file /tmp/amplxe-tmp-azfar/amplxe-res-8567-25766000485155/data.0/pinerr.tpsslog -detach_reattach -follow_execv -tool_load_option deepbind -t64 /opt/intel/oneapi/vtune/2025.3/lib64/libtpsstool.so -t /opt/intel/oneapi/vtune/2025.3/lib32/libtpsstool.so -server_name tpss_ipc.8567 -prd_dir /opt/intel/oneapi/vtune/2025.3 -- ./test1 changes.txt 0
237 [140641387494528] INFO perfrun.launcher <> - ProcessCreator object was created
238 [140641387494528] INFO perfrun.launcher <> - Launcher: the process was started in suspend mode
240 [140641239557824] WARN perfrun.system <> - Could not do anything with /sys/kernel/debug/kvm: boost::filesystem::status: Permission denied [system:13]: "/sys/kernel/debug/kvm", at file: vcs/perfrun1/plugins/system/src/trace_writer.cpp:787
240 [140641239557824] WARN perfrun.system <> - Folder "/var/run/libvirt/qemu/"doesn't exist, at file: vcs/perfrun1/plugins/system/src/trace_writer.cpp:800
241 [140641239557824] WARN perfrun.sdk <> - Failed to find xl binary on any of the system paths: /bin, /sbin, /usr/bin, /usr/sbin., at file: vcs/perfrun1/sdk/src/utils.cpp:205
241 [140641239557824] WARN perfrun.system <> - Could not start ContainerMapping collector, at file: vcs/perfrun1/plugins/system/src/controller.cpp:450
246 [140641239557824] INFO perfrun.vdso <> - Helper runtool '/opt/intel/oneapi/vtune/2025.3/bin32/amplxe-runss -dump-vdso -r /tmp/amplxe-tmp-azfar/amplxe-res-8567-25766000485155 --tmp-dir /tmp/amplxe-tmp-azfar' returned 1
333 [140641239557824] INFO perfrun.vdso <> - Helper runtool '/opt/intel/oneapi/vtune/2025.3/bin64/amplxe-runss -dump-vdso -r /tmp/amplxe-tmp-azfar/amplxe-res-8567-25766000485155 --tmp-dir /tmp/amplxe-tmp-azfar' returned 0
333 [140641239557824] INFO perfrun.itt <> - start itt controller for pid #8596
334 [140641239557824] INFO perfrun.perfcollector <> - attaching to pid: 8596, m_mode: 10, mode: 11
334 [140641205987008] INFO perfrun.perfcollector <> - Perf stat trace pipe capacity: read = 1048576, write = 1048576
335 [140641231165120] INFO perfrun.sdk <> - Reading value (0-7) from file: /sys/devices/system/cpu/cpu0/topology/core_siblings_list
335 [140641231165120] INFO perfrun.sdk <> - Reading value (0-1) from file: /sys/devices/system/cpu/cpu0/topology/thread_siblings_list
335 [140641231165120] INFO perfrun.sdk <> - Reading value (0-7) from file: /sys/devices/system/cpu/cpu1/topology/core_siblings_list
335 [140641231165120] INFO perfrun.sdk <> - Reading value (0-1) from file: /sys/devices/system/cpu/cpu1/topology/thread_siblings_list
335 [140641231165120] INFO perfrun.sdk <> - Reading value (0-7) from file: /sys/devices/system/cpu/cpu2/topology/core_siblings_list
336 [140641231165120] INFO perfrun.sdk <> - Reading value (2-3) from file: /sys/devices/system/cpu/cpu2/topology/thread_siblings_list
336 [140641231165120] INFO perfrun.sdk <> - Reading value (0-7) from file: /sys/devices/system/cpu/cpu3/topology/core_siblings_list
336 [140641231165120] INFO perfrun.sdk <> - Reading value (2-3) from file: /sys/devices/system/cpu/cpu3/topology/thread_siblings_list
336 [140641231165120] INFO perfrun.sdk <> - Reading value (0-7) from file: /sys/devices/system/cpu/cpu4/topology/core_siblings_list
336 [140641231165120] INFO perfrun.sdk <> - Reading value (4-5) from file: /sys/devices/system/cpu/cpu4/topology/thread_siblings_list
337 [140641231165120] INFO perfrun.sdk <> - Reading value (0-7) from file: /sys/devices/system/cpu/cpu5/topology/core_siblings_list
337 [140641231165120] INFO perfrun.sdk <> - Reading value (4-5) from file: /sys/devices/system/cpu/cpu5/topology/thread_siblings_list
337 [140641231165120] INFO perfrun.sdk <> - Reading value (0-7) from file: /sys/devices/system/cpu/cpu6/topology/core_siblings_list
337 [140641231165120] INFO perfrun.sdk <> - Reading value (6-7) from file: /sys/devices/system/cpu/cpu6/topology/thread_siblings_list
337 [140641231165120] INFO perfrun.sdk <> - Reading value (0-7) from file: /sys/devices/system/cpu/cpu7/topology/core_siblings_list
337 [140641231165120] INFO perfrun.sdk <> - Reading value (6-7) from file: /sys/devices/system/cpu/cpu7/topology/thread_siblings_list
338 [140641231165120] ERROR perfrun.sdk <> - boost::filesystem::exists(filename) 'gh2::error::IsNot.Valid.File(filename):/sys/bus/event_source/devices/cpu_core/cpus'
_sdks/release_posix-x86_64_icx_2023.0.0_gnutools_9.2_binutils_2.28/perfrun_1.36.3/include/perfrun1/sdk/utils.hpp(777): gh2::error_code_t runtool::sdk::loadFileValue(RetType &, const cpil2::uchar_t *) [RetType = std::basic_string<char>]
, at file: _sdks/release_posix-x86_64_icx_2023.0.0_gnutools_9.2_binutils_2.28/perfrun_1.36.3/include/perfrun1/sdk/utils.hpp:777
338 [140641231165120] ERROR perfrun.sdk <> - boost::filesystem::exists(filename) 'gh2::error::IsNot.Valid.File(filename):/sys/bus/event_source/devices/cpu_atom/cpus'
_sdks/release_posix-x86_64_icx_2023.0.0_gnutools_9.2_binutils_2.28/perfrun_1.36.3/include/perfrun1/sdk/utils.hpp(777): gh2::error_code_t runtool::sdk::loadFileValue(RetType &, const cpil2::uchar_t *) [RetType = std::basic_string<char>]
, at file: _sdks/release_posix-x86_64_icx_2023.0.0_gnutools_9.2_binutils_2.28/perfrun_1.36.3/include/perfrun1/sdk/utils.hpp:777
338 [140641205987008] INFO perfrun.sdk <> - runCmd: /opt/intel/oneapi/vtune/2025.3/bin64/amplxe-perf stat -v --log-fd 22 --control=fd:23,26 --scale -x ; -p 8596 -e cpu/event=0x3c,name='CPU_CLK_UNHALTED.THREAD'/Duk,cpu/umask=0x3,name='CPU_CLK_UNHALTED.REF_TSC'/Duk,cpu/event=0xc0,name='INST_RETIRED.ANY'/Duk,cpu/event=0x3c,umask=0x1,name='CPU_CLK_UNHALTED.REF_XCLK'/uk,cpu/event=0x3c,umask=0x2,name='CPU_CLK_UNHALTED.ONE_THREAD_ACTIVE'/uk,cpu/event=0xc7,umask=0x2,name='FP_ARITH_INST_RETIRED.SCALAR_SINGLE'/uk,cpu/event=0xc7,umask=0x8,name='FP_ARITH_INST_RETIRED.128B_PACKED_SINGLE'/uk,cpu/event=0xc7,umask=0x20,name='FP_ARITH_INST_RETIRED.256B_PACKED_SINGLE'/uk,cpu/event=0xc7,umask=0x1,name='FP_ARITH_INST_RETIRED.SCALAR_DOUBLE'/uk,cpu/event=0xc7,umask=0x4,name='FP_ARITH_INST_RETIRED.128B_PACKED_DOUBLE'/uk,cpu/event=0xc7,umask=0x10,name='FP_ARITH_INST_RETIRED.256B_PACKED_DOUBLE'/uk,cpu/event=0xb1,umask=0x10,name='UOPS_EXECUTED.X87'/uk,cpu/event=0xc2,umask=0x2,name='UOPS_RETIRED.RETIRE_SLOTS'/uk,cpu/event=0xb1,umask=0x1,name='UOPS_EXECUTED.THREAD'/uk /opt/intel/oneapi/vtune/2025.3/bin64/amplxe-perf-sync sync tsc
339 [140641205987008] INFO perfrun.sdk <> - runCmd started PID 8605
351 [140641239557824] INFO perfrun.tpss <> - start tpss controller for pid #8596
401 [140641387494528] INFO perfrun.launcher <> - Launcher: all plugins were started
401 [140641387494528] INFO perfrun.launcher <> - DirectoryMonitor object was created
402 [140641387494528] INFO perfrun.launcher <> - DirectoryMonitor: a callback was added
402 [140641387494528] INFO perfrun.launcher <> - DirectoryMonitor was started with pingTime = 1000
402 [140641387494528] INFO perfrun.launcher <> - DeadlineTimer is going to be constructed
403 [140641387494528] INFO perfrun.launcher <> - DeadlineTimer: a callback was added
411 [140641387494528] INFO perfrun.launcher <> - Launcher: resume the profiled application and  wait its termination or stop command
9039 [140641387494528] INFO perfrun.launcher <> - Launcher: the profiled application was terminated  with exit code = 0
9122 [140640851588800] WARN perfrun.sdk <> - Exception (filesystem::recursive_directory_iterator increment error: No such file or directory [system:2]) while iterating directory: /mnt/d/Semester 6/pdc/pdc_project/i221033_i220950_A_PDC_Project/vtune_hotspots38.DESKTOP-GRRJ2VV, at file: vcs/perfrun1/sdk/src/utils.cpp:295
9161 [140641387494528] WARN perfrun.sdk <> - Exception (filesystem::recursive_directory_iterator increment error: No such file or directory [system:2]) while iterating directory: /mnt/d/Semester 6/pdc/pdc_project/i221033_i220950_A_PDC_Project/vtune_hotspots38.DESKTOP-GRRJ2VV, at file: vcs/perfrun1/sdk/src/utils.cpp:295
9169 [140641239557824] INFO perfrun.itt <> - detach itt controller
9170 [140641239557824] INFO perfrun.itt <> - detach itt controller done
9172 [140641205987008] INFO perfrun.perfcollector <> - Monitor: runCmd RC = true
9172 [140641239557824] INFO perfrun.perfcollector <> - Monitor: state = 3, error = 1
9173 [140641239557824] INFO perfrun.tpss <> - stop tpss controller
9174 [140641239557824] INFO perfrun.sdk <> - De-allocating TMU: /tmp/amplxe-tmp-azfar/amplxe-res-8567-25766000485155/data.0/systemcollector-8567-DESKTOP-GRRJ2VV.sc
9174 [140641239557824] INFO perfrun.system <> - closed the system trace file: /tmp/amplxe-tmp-azfar/amplxe-res-8567-25766000485155/data.0/systemcollector-8567-DESKTOP-GRRJ2VV.sc
9175 [140641387494528] INFO perfrun.launcher <> - Launcher: all plugins were stopped.
9448 [140641387494528] INFO perfrun.launcher <> - DeadlineTimer is going to be destroyed
9448 [140641387494528] INFO perfrun.launcher <> - DeadlineTimer was destroyed
9449 [140641387494528] INFO perfrun.launcher <> - DirectoryMonitor object was destroyed
9449 [140641387494528] WARN perfrun.launcher <> - Stop command is ignored because it is received when collection is already stopped, at file: vcs/perfrun1/launcher/src/command_handler.cpp:226
9981 [140641387494528] INFO perfrun.launcher <> - Application exit code: 0
9981 [140641387494528] INFO perfrun.launcher <> - Exit code: 0
