
8816 : 0x1784fa01d122 : 3 : logger_init :  LOG FILE OPENED (by collectunits.logger), level: 4
8816 : 0x1785009708f3 : 4 : pytrace_try_probe_python_functions :  Python version is detected as == 0x0
8816 : 0x178500e897bf : 4 : pytrace_try_probe_python_functions :  Python version is detected as == 0x0
8816 : 0x17850259e899 : 4 : pytrace_try_probe_python_functions :  Python version is detected as == 0x0
8816 : 0x17850285cfd5 : 4 : pytrace_try_probe_python_functions :  Python version is detected as == 0x0
8816 : 0x17850349e237 : 4 : pytrace_try_probe_python_functions :  Python version is detected as == 0x0
8816 : 0x17851ce343c4 : 4 : pytrace_try_probe_python_functions :  Python version is detected as == 0x0
8816 : 0x17851d35e84c : 4 : pytrace_try_probe_python_functions :  Python version is detected as == 0x0
8816 : 0x17851d703622 : 4 : pytrace_try_probe_python_functions :  Python version is detected as == 0x0
8816 : 0x178522a14739 : 4 : pytrace_try_probe_python_functions :  Python version is detected as == 0x0
8816 : 0x178522bed8ef : 4 : pytrace_try_probe_python_functions :  Python version is detected as == 0x0
8816 : 0x178522c94453 : 4 : pytrace_try_probe_python_functions :  Python version is detected as == 0x0
8816 : 0x178523216859 : 4 : pytrace_try_probe_python_functions :  Python version is detected as == 0x0
8816 : 0x17852392a8dd : 4 : pytrace_try_probe_python_functions :  Python version is detected as == 0x0
8816 : 0x178523e56d8f : 4 : pytrace_try_probe_python_functions :  Python version is detected as == 0x0
8816 : 0x178526f2a6d1 : 4 : pytrace_try_probe_python_functions :  Python version is detected as == 0x0
8816 : 0x178527211439 : 4 : pytrace_try_probe_python_functions :  Python version is detected as == 0x0
8816 : 0x1785272d756b : 4 : pytrace_try_probe_python_functions :  Python version is detected as == 0x0
8816 : 0x17852742ad35 : 4 : pytrace_try_probe_python_functions :  Python version is detected as == 0x0
8816 : 0x178527840d3f : 4 : pytrace_start_profiling :  [CALLED]
8816 : 0x178527f0d37d : 4 : pytrace_try_probe_python_functions :  Python version is detected as == 0x0
8816 : 0x178527fd3cf1 : 4 : pytrace_try_probe_python_functions :  Python version is detected as == 0x0
8816 : 0x1785280d377f : 4 : pytrace_try_probe_python_functions :  Python version is detected as == 0x0
8816 : 0x1785282a487d : 4 : pytrace_try_probe_python_functions :  Python version is detected as == 0x0
8816 : 0x17852860ba8f : 4 : pytrace_try_probe_python_functions :  Python version is detected as == 0x0
8816 : 0x178528741fcf : 4 : pytrace_try_probe_python_functions :  Python version is detected as == 0x0
8816 : 0x17852896208b : 4 : pytrace_try_probe_python_functions :  Python version is detected as == 0x0
8816 : 0x178528a57997 : 4 : pytrace_try_probe_python_functions :  Python version is detected as == 0x0
8816 : 0x178528b517ad : 4 : pytrace_try_probe_python_functions :  Python version is detected as == 0x0
8816 : 0x178528c4f0f3 : 4 : pytrace_try_probe_python_functions :  Python version is detected as == 0x0
8816 : 0x178528d669f1 : 4 : pytrace_try_probe_python_functions :  Python version is detected as == 0x0
8816 : 0x178528eaada3 : 4 : pytrace_try_probe_python_functions :  Python version is detected as == 0x0
8816 : 0x1785290f7205 : 4 : pytrace_try_probe_python_functions :  Python version is detected as == 0x0
8816 : 0x1785293691b1 : 4 : pytrace_try_probe_python_functions :  Python version is detected as == 0x0
8816 : 0x17852a3d2383 : 4 : pytrace_try_probe_python_functions :  Python version is detected as == 0x0
8816 : 0x17852a5a522f : 4 : pytrace_try_probe_python_functions :  Python version is detected as == 0x0
8816 : 0x17852ab9b495 : 4 : pytrace_try_probe_python_functions :  Python version is detected as == 0x0
8816 : 0x17852c8cc4cb : 4 : pytrace_try_probe_python_functions :  Python version is detected as == 0x0
8816 : 0x17852ca544e3 : 4 : pytrace_try_probe_python_functions :  Python version is detected as == 0x0
8816 : 0x17852cbb915f : 4 : pytrace_try_probe_python_functions :  Python version is detected as == 0x0
8816 : 0x17852cd21601 : 4 : pytrace_try_probe_python_functions :  Python version is detected as == 0x0
8816 : 0x17852ce9e791 : 4 : pytrace_try_probe_python_functions :  Python version is detected as == 0x0
8816 : 0x17852d0ce013 : 4 : pytrace_try_probe_python_functions :  Python version is detected as == 0x0
8816 : 0x17852d19effd : 4 : pytrace_try_probe_python_functions :  Python version is detected as == 0x0
8816 : 0x17852d272b9d : 4 : pytrace_try_probe_python_functions :  Python version is detected as == 0x0
8816 : 0x17852d358207 : 4 : pytrace_try_probe_python_functions :  Python version is detected as == 0x0
8816 : 0x17852d826c99 : 4 : pytrace_try_probe_python_functions :  Python version is detected as == 0x0
8816 : 0x17852d98ba15 : 4 : pytrace_try_probe_python_functions :  Python version is detected as == 0x0
8816 : 0x17852dacb2d7 : 4 : pytrace_try_probe_python_functions :  Python version is detected as == 0x0
8816 : 0x17852dc1a7b7 : 4 : pytrace_try_probe_python_functions :  Python version is detected as == 0x0
8816 : 0x17852dd54beb : 4 : pytrace_try_probe_python_functions :  Python version is detected as == 0x0
8816 : 0x17852dec3acb : 4 : pytrace_try_probe_python_functions :  Python version is detected as == 0x0
8816 : 0x17852dfcdb25 : 4 : pytrace_try_probe_python_functions :  Python version is detected as == 0x0
8816 : 0x17852e13b995 : 4 : pytrace_try_probe_python_functions :  Python version is detected as == 0x0
8816 : 0x17852e22c489 : 4 : pytrace_try_probe_python_functions :  Python version is detected as == 0x0
8816 : 0x17852e390bfb : 4 : pytrace_try_probe_python_functions :  Python version is detected as == 0x0
8816 : 0x17852e6d43d3 : 4 : pytrace_try_probe_python_functions :  Python version is detected as == 0x0
8816 : 0x17852e83c979 : 4 : pytrace_try_probe_python_functions :  Python version is detected as == 0x0
8816 : 0x17852e95a535 : 4 : pytrace_try_probe_python_functions :  Python version is detected as == 0x0
8816 : 0x17852eb0a1b9 : 4 : pytrace_try_probe_python_functions :  Python version is detected as == 0x0
8816 : 0x17852ed2d0c3 : 4 : pytrace_try_probe_python_functions :  Python version is detected as == 0x0
8816 : 0x17852ef322d9 : 4 : pytrace_try_probe_python_functions :  Python version is detected as == 0x0
8816 : 0x17852f5522e9 : 4 : pytrace_try_probe_python_functions :  Python version is detected as == 0x0
8816 : 0x17852f6c40f7 : 4 : pytrace_try_probe_python_functions :  Python version is detected as == 0x0
8816 : 0x17852f7dc453 : 4 : pytrace_try_probe_python_functions :  Python version is detected as == 0x0
8816 : 0x17853df41ee3 : 4 : pytrace_try_probe_python_functions :  Python version is detected as == 0x0
8816 : 0x17853e146ed7 : 4 : pytrace_try_probe_python_functions :  Python version is detected as == 0x0
8816 : 0x17853e2b1c33 : 4 : pytrace_try_probe_python_functions :  Python version is detected as == 0x0
8816 : 0x17854ce87967 : 4 : pytrace_try_probe_python_functions :  Python version is detected as == 0x0
8816 : 0x17854cfaadaf : 4 : pytrace_try_probe_python_functions :  Python version is detected as == 0x0
8816 : 0x17854d165b9a : 4 : pytrace_try_probe_python_functions :  Python version is detected as == 0x0
8816 : 0x17854d2c95e4 : 4 : pytrace_try_probe_python_functions :  Python version is detected as == 0x0
8816 : 0x17854d3f677c : 4 : pytrace_try_probe_python_functions :  Python version is detected as == 0x0
8816 : 0x17854d54ae58 : 4 : pytrace_try_probe_python_functions :  Python version is detected as == 0x0
8816 : 0x17854d6abe74 : 4 : pytrace_try_probe_python_functions :  Python version is detected as == 0x0
8816 : 0x17854d75ff60 : 4 : pytrace_try_probe_python_functions :  Python version is detected as == 0x0
8816 : 0x17854d92d094 : 4 : pytrace_try_probe_python_functions :  Python version is detected as == 0x0
8816 : 0x17854da5d606 : 4 : pytrace_try_probe_python_functions :  Python version is detected as == 0x0
8816 : 0x17854db8d9d2 : 4 : pytrace_try_probe_python_functions :  Python version is detected as == 0x0
8816 : 0x17854dd91d6c : 4 : pytrace_try_probe_python_functions :  Python version is detected as == 0x0
8816 : 0x17854deeba50 : 4 : pytrace_try_probe_python_functions :  Python version is detected as == 0x0
8816 : 0x17854e1127d6 : 4 : pytrace_try_probe_python_functions :  Python version is detected as == 0x0
8816 : 0x178910b4f02d : 4 : pytrace_stop_profiling :  [CALLED]
8816 : 0x178910b59197 : 3 : logger_fini :  LOG FILE CLOSED (by collectunits.logger)