4 [140054270246016] INFO perfrun.launcher <> - Launcher main begin
5 [140054270246016] INFO perfrun.launcher <> - MessageCatalogInit finished
5 [140054270246016] INFO perfrun.launcher <> - Launcher instance created
5 [140054270246016] INFO perfrun.launcher <> - argc = 7; cmdline = /opt/intel/oneapi/vtune/2025.3/bin64/amplxe-runss --ui-output-format xml --ui-output-fd 5 --option-file /mnt/d/Semester 6/pdc/pdc_project/i221033_i220950_A_PDC_Project/vtune_hotspots44.DESKTOP-GRRJ2VV/config/runss.options.1 
34 [140054270246016] INFO perfrun.perfcollector <> - SEP tool path: /opt/intel/oneapi/vtune/2025.3/bin64/sep
55 [140054270246016] INFO perfrun.launcher <> - create msngr2::ICliToolContext
56 [140054270246016] INFO perfrun.launcher <> - create file finder object
56 [140054270246016] INFO perfrun.launcher <> - create a result directory: pattern = /mnt/d/Semester 6/pdc/pdc_project/i221033_i220950_A_PDC_Project/vtune_hotspots44.DESKTOP-GRRJ2VV pid = 4294967295
67 [140054270246016] INFO perfrun.sdk <> - checked that the directory /mnt/d/Semester 6/pdc/pdc_project/i221033_i220950_A_PDC_Project/vtune_hotspots44.DESKTOP-GRRJ2VV is a local directory
68 [140054270246016] INFO perfrun.sdk <> - the directory /mnt/d/Semester 6/pdc/pdc_project/i221033_i220950_A_PDC_Project/vtune_hotspots44.DESKTOP-GRRJ2VV is located on a share or its FS ID is unknown 16914839
68 [140054270246016] INFO perfrun.sdk <> - checked that the directory /tmp/amplxe-tmp-azfar is a local directory
68 [140054270246016] INFO perfrun.sdk <> - the directory /tmp/amplxe-tmp-azfar is a local directory with FS type ID 61267
70 [140054270246016] INFO perfrun.launcher <> - Create a local result directory /tmp/amplxe-tmp-azfar/amplxe-res-7142-24944864975380 due to the user result path /mnt/d/Semester 6/pdc/pdc_project/i221033_i220950_A_PDC_Project/vtune_hotspots44.DESKTOP-GRRJ2VV is located on a share
71 [140054270246016] INFO perfrun.launcher <> - create data directory = /tmp/amplxe-tmp-azfar/amplxe-res-7142-24944864975380/data.0
72 [140054270246016] INFO perfrun.launcher <> - create data directory = /mnt/d/Semester 6/pdc/pdc_project/i221033_i220950_A_PDC_Project/vtune_hotspots44.DESKTOP-GRRJ2VV/data.0
75 [140054270246016] INFO perfrun.launcher <> - Creating the master collection flag
81 [140054270246016] INFO perfrun.launcher <> - Done creating the master collection flag
82 [140054114592448] INFO perfrun.launcher <> - plugin [remoteplug] was disabled because it doesn't support the given collection type.
82 [140054114592448] INFO perfrun.sdk <> - Allocating TMU :/tmp/amplxe-tmp-azfar/amplxe-res-7142-24944864975380/data.0/systemcollector-7142-DESKTOP-GRRJ2VV.sc
83 [140054114592448] INFO perfrun.system <> - Tpss based collection
84 [140054114592448] INFO perfrun.launcher <> - plugin [ptracecollector] was disabled because it doesn't support the given collection type.
85 [140054114592448] INFO perfrun.launcher <> - plugin [gpu] was disabled because it doesn't support the given collection type.
85 [140054114592448] INFO perfrun.launcher <> - plugin [] was disabled because it doesn't support the given collection type.
86 [140054114592448] INFO perfrun.launcher <> - plugin [] was disabled because it doesn't support the given collection type.
86 [140054114592448] INFO perfrun.launcher <> - plugin [] was disabled because it doesn't support the given collection type.
86 [140054114592448] INFO perfrun.mrte <> - system-wide mode is 0
86 [140054114592448] INFO perfrun.mrte <> - Getting  mrte profiling environment ...
103 [140054114592448] INFO perfrun.mrte <> - INTEL_MRTE_DATA_DIR=/tmp/amplxe-tmp-azfar/amplxe-res-7142-24944864975380/data.0
103 [140054114592448] INFO perfrun.mrte <> - INTEL_MRTE_HOST_NAME=DESKTOP-GRRJ2VV
104 [140054114592448] INFO perfrun.mrte <> - JAVA_TOOL_OPTIONS=-agentlib:amplxe_samplingmrte_javaprof_1.0 -Dsun.boot.library.path=/opt/intel/oneapi/vtune/2025.3/lib32/runtime:/opt/intel/oneapi/vtune/2025.3/lib64/runtime
104 [140054114592448] INFO perfrun.mrte <> - LD_LIBRARY_PATH=/opt/intel/oneapi/vtune/2025.3/lib32/runtime:/opt/intel/oneapi/vtune/2025.3/lib64/runtime:/opt/intel/oneapi/tcm/1.3/lib:/opt/intel/oneapi/umf/0.10/lib:/opt/intel/oneapi/tbb/2022.1/env/../lib/intel64/gcc4.8:/opt/intel/oneapi/pti/0.12/lib:/opt/intel/oneapi/mkl/2025.1/lib:/opt/intel/oneapi/ipp/2022.1/lib:/opt/intel/oneapi/compiler/2025.1/opt/compiler/lib:/opt/intel/oneapi/compiler/2025.1/lib
104 [140054114592448] INFO perfrun.mrte <> - CORECLR_ENABLE_PROFILING=1
104 [140054114592448] INFO perfrun.mrte <> - CORECLR_PROFILER={AA5E4821-E3B1-479c-B7FF-5AD047D22CED}
104 [140054114592448] INFO perfrun.mrte <> - CORECLR_PROFILER_PATH=/opt/intel/oneapi/vtune/2025.3/lib64/libamplxe_samplingmrte_clrprof_1.0.so
105 [140054114592448] INFO perfrun.mrte <> - INTEL_MRTE_PROFILER_MODE=mixed
105 [140054114592448] INFO perfrun.mrte <> - Data directory: /tmp/amplxe-tmp-azfar/amplxe-res-7142-24944864975380/data.0
105 [140054114592448] INFO perfrun.mrte <> - Mrte plugin is initialized
105 [140054114592448] INFO perfrun.launcher <> - plugin [emon] was disabled because it doesn't support the given collection type.
105 [140054114592448] INFO perfrun.launcher <> - plugin [cuscol] was disabled because it doesn't support the given collection type.
106 [140054114592448] INFO perfrun.launcher <> - plugin [stdsrc] was disabled because it doesn't support the given collection type.
106 [140054114592448] INFO perfrun.launcher <> - plugin [sep] was disabled because it doesn't support the given collection type.
106 [140054114592448] INFO perfrun.launcher <> - plugin [vtsspp] was disabled because it doesn't support the given collection type.
106 [140054114592448] INFO perfrun.perfcollector <> - Platform type: 150
107 [140054114592448] INFO perfrun.sdk <> - Reading value (0) from file: /proc/sys/kernel/perf_event_paranoid
107 [140054114592448] INFO perfrun.perfcollector <> - checking access to: /opt/intel/oneapi/vtune/2025.3/bin64/amplxe-perf-priv
107 [140054114592448] INFO perfrun.perfcollector <> - dir found: /sys/bus/event_source/devices/software
107 [140054114592448] INFO perfrun.perfcollector <> - format: pmu format subdir doesn't exist
107 [140054114592448] INFO perfrun.perfcollector <> - hwInfo: not set, pmuFam: software
108 [140054114592448] INFO perfrun.perfcollector <> - pmu added: software, idx: 0
108 [140054114592448] INFO perfrun.perfcollector <> - dir found: /sys/bus/event_source/devices/uprobe
108 [140054114592448] INFO perfrun.perfcollector <> - format: ref_ctr_offset: config:32-63, mask:32-63
108 [140054114592448] INFO perfrun.perfcollector <> - format: retprobe: config:0, mask:0
108 [140054114592448] INFO perfrun.perfcollector <> - hwInfo: not set, pmuFam: uprobe
109 [140054114592448] INFO perfrun.perfcollector <> - pmu caps: raw,format
109 [140054114592448] INFO perfrun.perfcollector <> - pmu added: uprobe, idx: 0
109 [140054114592448] INFO perfrun.perfcollector <> - dir found: /sys/bus/event_source/devices/cpu
109 [140054114592448] INFO perfrun.perfcollector <> - format: event: config:0-7, mask:0-7
110 [140054114592448] INFO perfrun.perfcollector <> - format: pc: config:19, mask:19
110 [140054114592448] INFO perfrun.perfcollector <> - format: edge: config:18, mask:18
110 [140054114592448] INFO perfrun.perfcollector <> - format: any: config:21, mask:21
110 [140054114592448] INFO perfrun.perfcollector <> - format: offcore_rsp: config1:0-63, mask:0-63
110 [140054114592448] INFO perfrun.perfcollector <> - format: ldlat: config1:0-15, mask:0-15
111 [140054114592448] INFO perfrun.perfcollector <> - format: inv: config:23, mask:23
111 [140054114592448] INFO perfrun.perfcollector <> - format: umask: config:8-15, mask:8-15
111 [140054114592448] INFO perfrun.perfcollector <> - format: frontend: config1:0-23, mask:0-23
111 [140054114592448] INFO perfrun.perfcollector <> - format: cmask: config:24-31, mask:24-31
112 [140054114592448] INFO perfrun.perfcollector <> - hwInfo: PERF_CPU_PMU_DETAILS
112 [140054114592448] INFO perfrun.perfcollector <> - pmu caps: raw,format,events,ldlat,frontend,offcore_rsp
112 [140054114592448] INFO perfrun.perfcollector <> - pmu added: cpu, idx: 0
112 [140054114592448] INFO perfrun.perfcollector <> - dir found: /sys/bus/event_source/devices/breakpoint
112 [140054114592448] INFO perfrun.perfcollector <> - format: pmu format subdir doesn't exist
113 [140054114592448] INFO perfrun.perfcollector <> - hwInfo: not set, pmuFam: breakpoint
113 [140054114592448] INFO perfrun.perfcollector <> - pmu added: breakpoint, idx: 0
113 [140054114592448] INFO perfrun.perfcollector <> - dir found: /sys/bus/event_source/devices/tracepoint
113 [140054114592448] INFO perfrun.perfcollector <> - format: pmu format subdir doesn't exist
113 [140054114592448] INFO perfrun.perfcollector <> - hwInfo: not set, pmuFam: tracepoint
114 [140054114592448] INFO perfrun.perfcollector <> - pmu added: tracepoint, idx: 0
114 [140054114592448] INFO perfrun.perfcollector <> - dir found: /sys/bus/event_source/devices/kprobe
114 [140054114592448] INFO perfrun.perfcollector <> - format: retprobe: config:0, mask:0
114 [140054114592448] INFO perfrun.perfcollector <> - hwInfo: not set, pmuFam: kprobe
114 [140054114592448] INFO perfrun.perfcollector <> - pmu caps: raw,format
115 [140054114592448] INFO perfrun.perfcollector <> - pmu added: kprobe, idx: 0
115 [140054114592448] INFO perfrun.perfcollector <> - dir found: /sys/bus/event_source/devices/msr
115 [140054114592448] INFO perfrun.perfcollector <> - format: event: config:0-63, mask:0-63
115 [140054114592448] INFO perfrun.perfcollector <> - hwInfo: not set, pmuFam: msr
115 [140054114592448] INFO perfrun.perfcollector <> - pmu caps: raw,format,events
116 [140054114592448] INFO perfrun.perfcollector <> - pmu added: msr, idx: 0
116 [140054114592448] INFO perfrun.perfcollector <> - Perf tool path: /opt/intel/oneapi/vtune/2025.3/bin64/amplxe-perf
116 [140054114592448] INFO perfrun.perfcollector <> - Data directory: /tmp/amplxe-tmp-azfar/amplxe-res-7142-24944864975380/data.0
116 [140054114592448] INFO perfrun.perfcollector <> - Temp directory: /tmp/amplxe-tmp-azfar
116 [140054114592448] INFO perfrun.perfcollector <> - Perf sync path: /opt/intel/oneapi/vtune/2025.3/bin64/amplxe-perf-sync
117 [140054114592448] INFO perfrun.perfcollector <> - Hypervisor = Microsoft Hv
117 [140054114592448] INFO perfrun.perfcollector <> - Counting mode is requested
117 [140054114592448] INFO perfrun.perfcollector <> - Sample after multiplier: 1
117 [140054114592448] INFO perfrun.sdk <> - runCmd: /opt/intel/oneapi/vtune/2025.3/bin64/sep -dry-run -sam 1 -ec CPU_CLK_UNHALTED.THREAD,CPU_CLK_UNHALTED.REF_TSC:sample:sa=1800000,INST_RETIRED.ANY:sample:sa=1800000,CPU_CLK_UNHALTED.REF_XCLK,CPU_CLK_UNHALTED.ONE_THREAD_ACTIVE,FP_ARITH_INST_RETIRED.SCALAR_SINGLE,FP_ARITH_INST_RETIRED.128B_PACKED_SINGLE,FP_ARITH_INST_RETIRED.256B_PACKED_SINGLE,FP_ARITH_INST_RETIRED.SCALAR_DOUBLE,FP_ARITH_INST_RETIRED.128B_PACKED_DOUBLE,FP_ARITH_INST_RETIRED.256B_PACKED_DOUBLE,UOPS_EXECUTED.X87,UOPS_RETIRED.RETIRE_SLOTS:sample:sa=2000003,UOPS_EXECUTED.THREAD -experimental
118 [140054114592448] INFO perfrun.sdk <> - runCmd started PID 7159
131 [140054114592448] INFO perfrun.perfcollector <> - SepDryRun RC = true
132 [140054114592448] INFO perfrun.perfcollector <> - Loading SEP event configuration
132 [140054114592448] INFO perfrun.perfcollector <> - pmu: cpu
132 [140054114592448] INFO perfrun.perfcollector <> - group_id: 0
132 [140054114592448] INFO perfrun.perfcollector <> - event_id: 2: INST_RETIRED.ANY
132 [140054114592448] INFO perfrun.perfcollector <> - event_id: 0: CPU_CLK_UNHALTED.THREAD
133 [140054114592448] INFO perfrun.perfcollector <> - event_id: 1: CPU_CLK_UNHALTED.REF_TSC
133 [140054114592448] INFO perfrun.perfcollector <> - event_id: 3: CPU_CLK_UNHALTED.REF_XCLK
133 [140054114592448] INFO perfrun.perfcollector <> - event_id: 4: CPU_CLK_UNHALTED.ONE_THREAD_ACTIVE
133 [140054114592448] INFO perfrun.perfcollector <> - event_id: 5: FP_ARITH_INST_RETIRED.SCALAR_SINGLE
133 [140054114592448] INFO perfrun.perfcollector <> - event_id: 6: FP_ARITH_INST_RETIRED.128B_PACKED_SINGLE
134 [140054114592448] INFO perfrun.perfcollector <> - event_id: 3: cccr: addr: 186, value: 53013c
134 [140054114592448] INFO perfrun.perfcollector <> - event_id: 4: cccr: addr: 187, value: 53023c
134 [140054114592448] INFO perfrun.perfcollector <> - event_id: 5: cccr: addr: 188, value: 5302c7
134 [140054114592448] INFO perfrun.perfcollector <> - event_id: 6: cccr: addr: 189, value: 5308c7
134 [140054114592448] INFO perfrun.perfcollector <> - event_id: 2: data: addr: 309, value: ffffffffffe488c0
135 [140054114592448] INFO perfrun.perfcollector <> - event_id: 0: data: addr: 30a, value: ffffffffffe17b7d
135 [140054114592448] INFO perfrun.perfcollector <> - event_id: 1: data: addr: 30b, value: ffffffffffe488c0
135 [140054114592448] INFO perfrun.perfcollector <> - event_id: 3: data: addr: c1, value: ffffffffffff9e55
135 [140054114592448] INFO perfrun.perfcollector <> - event_id: 4: data: addr: c2, value: ffffffffffff9e55
135 [140054114592448] INFO perfrun.perfcollector <> - event_id: 5: data: addr: c3, value: ffffffffffe17b7d
135 [140054114592448] INFO perfrun.perfcollector <> - event_id: 6: data: addr: c4, value: ffffffffffe17b7d
136 [140054114592448] INFO perfrun.perfcollector <> - group_id: 1
136 [140054114592448] INFO perfrun.perfcollector <> - event_id: 2: INST_RETIRED.ANY
136 [140054114592448] INFO perfrun.perfcollector <> - event_id: 0: CPU_CLK_UNHALTED.THREAD
136 [140054114592448] INFO perfrun.perfcollector <> - event_id: 1: CPU_CLK_UNHALTED.REF_TSC
136 [140054114592448] INFO perfrun.perfcollector <> - event_id: 7: FP_ARITH_INST_RETIRED.256B_PACKED_SINGLE
137 [140054114592448] INFO perfrun.perfcollector <> - event_id: 8: FP_ARITH_INST_RETIRED.SCALAR_DOUBLE
137 [140054114592448] INFO perfrun.perfcollector <> - event_id: 9: FP_ARITH_INST_RETIRED.128B_PACKED_DOUBLE
137 [140054114592448] INFO perfrun.perfcollector <> - event_id: 10: FP_ARITH_INST_RETIRED.256B_PACKED_DOUBLE
137 [140054114592448] INFO perfrun.perfcollector <> - event_id: 7: cccr: addr: 186, value: 5320c7
137 [140054114592448] INFO perfrun.perfcollector <> - event_id: 8: cccr: addr: 187, value: 5301c7
138 [140054114592448] INFO perfrun.perfcollector <> - event_id: 9: cccr: addr: 188, value: 5304c7
138 [140054114592448] INFO perfrun.perfcollector <> - event_id: 10: cccr: addr: 189, value: 5310c7
138 [140054114592448] INFO perfrun.perfcollector <> - event_id: 2: data: addr: 309, value: ffffffffffe488c0
138 [140054114592448] INFO perfrun.perfcollector <> - event_id: 0: data: addr: 30a, value: ffffffffffe17b7d
138 [140054114592448] INFO perfrun.perfcollector <> - event_id: 1: data: addr: 30b, value: ffffffffffe488c0
138 [140054114592448] INFO perfrun.perfcollector <> - event_id: 7: data: addr: c1, value: ffffffffffe17b7d
139 [140054114592448] INFO perfrun.perfcollector <> - event_id: 8: data: addr: c2, value: ffffffffffe17b7d
139 [140054114592448] INFO perfrun.perfcollector <> - event_id: 9: data: addr: c3, value: ffffffffffe17b7d
139 [140054114592448] INFO perfrun.perfcollector <> - event_id: 10: data: addr: c4, value: ffffffffffe17b7d
139 [140054114592448] INFO perfrun.perfcollector <> - group_id: 2
139 [140054114592448] INFO perfrun.perfcollector <> - event_id: 2: INST_RETIRED.ANY
140 [140054114592448] INFO perfrun.perfcollector <> - event_id: 0: CPU_CLK_UNHALTED.THREAD
140 [140054114592448] INFO perfrun.perfcollector <> - event_id: 1: CPU_CLK_UNHALTED.REF_TSC
140 [140054114592448] INFO perfrun.perfcollector <> - event_id: 11: UOPS_EXECUTED.X87
140 [140054114592448] INFO perfrun.perfcollector <> - event_id: 12: UOPS_RETIRED.RETIRE_SLOTS
140 [140054114592448] INFO perfrun.perfcollector <> - event_id: 13: UOPS_EXECUTED.THREAD
141 [140054114592448] INFO perfrun.perfcollector <> - event_id: 11: cccr: addr: 186, value: 5310b1
141 [140054114592448] INFO perfrun.perfcollector <> - event_id: 12: cccr: addr: 187, value: 5302c2
141 [140054114592448] INFO perfrun.perfcollector <> - event_id: 13: cccr: addr: 188, value: 5301b1
141 [140054114592448] INFO perfrun.perfcollector <> - event_id: 2: data: addr: 309, value: ffffffffffe488c0
141 [140054114592448] INFO perfrun.perfcollector <> - event_id: 0: data: addr: 30a, value: ffffffffffe17b7d
142 [140054114592448] INFO perfrun.perfcollector <> - event_id: 1: data: addr: 30b, value: ffffffffffe488c0
142 [140054114592448] INFO perfrun.perfcollector <> - event_id: 11: data: addr: c1, value: ffffffffffe17b7d
142 [140054114592448] INFO perfrun.perfcollector <> - event_id: 12: data: addr: c2, value: ffffffffffe17b7d
143 [140054114592448] INFO perfrun.perfcollector <> - event_id: 13: data: addr: c3, value: ffffffffffe17b7d
143 [140054114592448] INFO perfrun.perfcollector <> - Converting events to Perf format
143 [140054114592448] INFO perfrun.perfcollector <> - event: 0: CPU_CLK_UNHALTED.THREAD
144 [140054114592448] INFO perfrun.perfcollector <> - cccr: addr: ffffffff, value: 0
144 [140054114592448] INFO perfrun.perfcollector <> - data: addr: 30a, value: ffffffffffe17b7d
144 [140054114592448] INFO perfrun.perfcollector <> - pmu config: cpu
144 [140054114592448] INFO perfrun.perfcollector <> - config: any: 0
145 [140054114592448] INFO perfrun.perfcollector <> - config: cmask: 0
145 [140054114592448] INFO perfrun.perfcollector <> - config: edge: 0
145 [140054114592448] INFO perfrun.perfcollector <> - config: event: 3c
145 [140054114592448] INFO perfrun.perfcollector <> - config1: frontend: 0
145 [140054114592448] INFO perfrun.perfcollector <> - config: inv: 0
146 [140054114592448] INFO perfrun.perfcollector <> - config1: ldlat: 0
146 [140054114592448] INFO perfrun.perfcollector <> - config1: offcore_rsp: 0
146 [140054114592448] INFO perfrun.perfcollector <> - config: pc: 0
147 [140054114592448] INFO perfrun.perfcollector <> - config: umask: 0
147 [140054114592448] INFO perfrun.perfcollector <> - format: cpu/event=0x3c,name='CPU_CLK_UNHALTED.THREAD'/D
147 [140054114592448] INFO perfrun.perfcollector <> - event: 1: CPU_CLK_UNHALTED.REF_TSC
147 [140054114592448] INFO perfrun.perfcollector <> - cccr: addr: ffffffff, value: 0
148 [140054114592448] INFO perfrun.perfcollector <> - data: addr: 30b, value: ffffffffffe488c0
148 [140054114592448] INFO perfrun.perfcollector <> - pmu config: cpu
148 [140054114592448] INFO perfrun.perfcollector <> - config: any: 0
148 [140054114592448] INFO perfrun.perfcollector <> - config: cmask: 0
148 [140054114592448] INFO perfrun.perfcollector <> - config: edge: 0
149 [140054114592448] INFO perfrun.perfcollector <> - config: event: 0
149 [140054114592448] INFO perfrun.perfcollector <> - config1: frontend: 0
149 [140054114592448] INFO perfrun.perfcollector <> - config: inv: 0
149 [140054114592448] INFO perfrun.perfcollector <> - config1: ldlat: 0
150 [140054114592448] INFO perfrun.perfcollector <> - config1: offcore_rsp: 0
150 [140054114592448] INFO perfrun.perfcollector <> - config: pc: 0
150 [140054114592448] INFO perfrun.perfcollector <> - config: umask: 3
150 [140054114592448] INFO perfrun.perfcollector <> - format: cpu/umask=0x3,name='CPU_CLK_UNHALTED.REF_TSC'/D
150 [140054114592448] INFO perfrun.perfcollector <> - event: 2: INST_RETIRED.ANY
151 [140054114592448] INFO perfrun.perfcollector <> - cccr: addr: ffffffff, value: 0
151 [140054114592448] INFO perfrun.perfcollector <> - data: addr: 309, value: ffffffffffe488c0
151 [140054114592448] INFO perfrun.perfcollector <> - pmu config: cpu
151 [140054114592448] INFO perfrun.perfcollector <> - config: any: 0
152 [140054114592448] INFO perfrun.perfcollector <> - config: cmask: 0
152 [140054114592448] INFO perfrun.perfcollector <> - config: edge: 0
152 [140054114592448] INFO perfrun.perfcollector <> - config: event: c0
152 [140054114592448] INFO perfrun.perfcollector <> - config1: frontend: 0
152 [140054114592448] INFO perfrun.perfcollector <> - config: inv: 0
153 [140054114592448] INFO perfrun.perfcollector <> - config1: ldlat: 0
153 [140054114592448] INFO perfrun.perfcollector <> - config1: offcore_rsp: 0
153 [140054114592448] INFO perfrun.perfcollector <> - config: pc: 0
153 [140054114592448] INFO perfrun.perfcollector <> - config: umask: 0
154 [140054114592448] INFO perfrun.perfcollector <> - format: cpu/event=0xc0,name='INST_RETIRED.ANY'/D
154 [140054114592448] INFO perfrun.perfcollector <> - event: 3: CPU_CLK_UNHALTED.REF_XCLK
154 [140054114592448] INFO perfrun.perfcollector <> - cccr: addr: 186, value: 53013c
154 [140054114592448] INFO perfrun.perfcollector <> - data: addr: c1, value: ffffffffffff9e55
155 [140054114592448] INFO perfrun.perfcollector <> - pmu config: cpu
155 [140054114592448] INFO perfrun.perfcollector <> - config: any: 0
155 [140054114592448] INFO perfrun.perfcollector <> - config: cmask: 0
155 [140054114592448] INFO perfrun.perfcollector <> - config: edge: 0
156 [140054114592448] INFO perfrun.perfcollector <> - config: event: 3c
156 [140054114592448] INFO perfrun.perfcollector <> - config1: frontend: 0
156 [140054114592448] INFO perfrun.perfcollector <> - config: inv: 0
156 [140054114592448] INFO perfrun.perfcollector <> - config1: ldlat: 0
157 [140054114592448] INFO perfrun.perfcollector <> - config1: offcore_rsp: 0
157 [140054114592448] INFO perfrun.perfcollector <> - config: pc: 0
157 [140054114592448] INFO perfrun.perfcollector <> - config: umask: 1
157 [140054114592448] INFO perfrun.perfcollector <> - format: cpu/event=0x3c,umask=0x1,name='CPU_CLK_UNHALTED.REF_XCLK'/
157 [140054114592448] INFO perfrun.perfcollector <> - event: 4: CPU_CLK_UNHALTED.ONE_THREAD_ACTIVE
158 [140054114592448] INFO perfrun.perfcollector <> - cccr: addr: 187, value: 53023c
158 [140054114592448] INFO perfrun.perfcollector <> - data: addr: c2, value: ffffffffffff9e55
158 [140054114592448] INFO perfrun.perfcollector <> - pmu config: cpu
158 [140054114592448] INFO perfrun.perfcollector <> - config: any: 0
158 [140054114592448] INFO perfrun.perfcollector <> - config: cmask: 0
159 [140054114592448] INFO perfrun.perfcollector <> - config: edge: 0
159 [140054114592448] INFO perfrun.perfcollector <> - config: event: 3c
159 [140054114592448] INFO perfrun.perfcollector <> - config1: frontend: 0
159 [140054114592448] INFO perfrun.perfcollector <> - config: inv: 0
159 [140054114592448] INFO perfrun.perfcollector <> - config1: ldlat: 0
160 [140054114592448] INFO perfrun.perfcollector <> - config1: offcore_rsp: 0
160 [140054114592448] INFO perfrun.perfcollector <> - config: pc: 0
160 [140054114592448] INFO perfrun.perfcollector <> - config: umask: 2
160 [140054114592448] INFO perfrun.perfcollector <> - format: cpu/event=0x3c,umask=0x2,name='CPU_CLK_UNHALTED.ONE_THREAD_ACTIVE'/
160 [140054114592448] INFO perfrun.perfcollector <> - event: 5: FP_ARITH_INST_RETIRED.SCALAR_SINGLE
161 [140054114592448] INFO perfrun.perfcollector <> - cccr: addr: 188, value: 5302c7
161 [140054114592448] INFO perfrun.perfcollector <> - data: addr: c3, value: ffffffffffe17b7d
161 [140054114592448] INFO perfrun.perfcollector <> - pmu config: cpu
161 [140054114592448] INFO perfrun.perfcollector <> - config: any: 0
161 [140054114592448] INFO perfrun.perfcollector <> - config: cmask: 0
162 [140054114592448] INFO perfrun.perfcollector <> - config: edge: 0
162 [140054114592448] INFO perfrun.perfcollector <> - config: event: c7
162 [140054114592448] INFO perfrun.perfcollector <> - config1: frontend: 0
162 [140054114592448] INFO perfrun.perfcollector <> - config: inv: 0
163 [140054114592448] INFO perfrun.perfcollector <> - config1: ldlat: 0
163 [140054114592448] INFO perfrun.perfcollector <> - config1: offcore_rsp: 0
163 [140054114592448] INFO perfrun.perfcollector <> - config: pc: 0
163 [140054114592448] INFO perfrun.perfcollector <> - config: umask: 2
163 [140054114592448] INFO perfrun.perfcollector <> - format: cpu/event=0xc7,umask=0x2,name='FP_ARITH_INST_RETIRED.SCALAR_SINGLE'/
164 [140054114592448] INFO perfrun.perfcollector <> - event: 6: FP_ARITH_INST_RETIRED.128B_PACKED_SINGLE
164 [140054114592448] INFO perfrun.perfcollector <> - cccr: addr: 189, value: 5308c7
164 [140054114592448] INFO perfrun.perfcollector <> - data: addr: c4, value: ffffffffffe17b7d
164 [140054114592448] INFO perfrun.perfcollector <> - pmu config: cpu
164 [140054114592448] INFO perfrun.perfcollector <> - config: any: 0
164 [140054114592448] INFO perfrun.perfcollector <> - config: cmask: 0
165 [140054114592448] INFO perfrun.perfcollector <> - config: edge: 0
165 [140054114592448] INFO perfrun.perfcollector <> - config: event: c7
165 [140054114592448] INFO perfrun.perfcollector <> - config1: frontend: 0
165 [140054114592448] INFO perfrun.perfcollector <> - config: inv: 0
165 [140054114592448] INFO perfrun.perfcollector <> - config1: ldlat: 0
166 [140054114592448] INFO perfrun.perfcollector <> - config1: offcore_rsp: 0
166 [140054114592448] INFO perfrun.perfcollector <> - config: pc: 0
166 [140054114592448] INFO perfrun.perfcollector <> - config: umask: 8
166 [140054114592448] INFO perfrun.perfcollector <> - format: cpu/event=0xc7,umask=0x8,name='FP_ARITH_INST_RETIRED.128B_PACKED_SINGLE'/
166 [140054114592448] INFO perfrun.perfcollector <> - event: 7: FP_ARITH_INST_RETIRED.256B_PACKED_SINGLE
167 [140054114592448] INFO perfrun.perfcollector <> - cccr: addr: 186, value: 5320c7
167 [140054114592448] INFO perfrun.perfcollector <> - data: addr: c1, value: ffffffffffe17b7d
167 [140054114592448] INFO perfrun.perfcollector <> - pmu config: cpu
167 [140054114592448] INFO perfrun.perfcollector <> - config: any: 0
167 [140054114592448] INFO perfrun.perfcollector <> - config: cmask: 0
168 [140054114592448] INFO perfrun.perfcollector <> - config: edge: 0
168 [140054114592448] INFO perfrun.perfcollector <> - config: event: c7
168 [140054114592448] INFO perfrun.perfcollector <> - config1: frontend: 0
168 [140054114592448] INFO perfrun.perfcollector <> - config: inv: 0
169 [140054114592448] INFO perfrun.perfcollector <> - config1: ldlat: 0
169 [140054114592448] INFO perfrun.perfcollector <> - config1: offcore_rsp: 0
169 [140054114592448] INFO perfrun.perfcollector <> - config: pc: 0
170 [140054114592448] INFO perfrun.perfcollector <> - config: umask: 20
170 [140054114592448] INFO perfrun.perfcollector <> - format: cpu/event=0xc7,umask=0x20,name='FP_ARITH_INST_RETIRED.256B_PACKED_SINGLE'/
170 [140054114592448] INFO perfrun.perfcollector <> - event: 8: FP_ARITH_INST_RETIRED.SCALAR_DOUBLE
170 [140054114592448] INFO perfrun.perfcollector <> - cccr: addr: 187, value: 5301c7
171 [140054114592448] INFO perfrun.perfcollector <> - data: addr: c2, value: ffffffffffe17b7d
171 [140054114592448] INFO perfrun.perfcollector <> - pmu config: cpu
171 [140054114592448] INFO perfrun.perfcollector <> - config: any: 0
171 [140054114592448] INFO perfrun.perfcollector <> - config: cmask: 0
172 [140054114592448] INFO perfrun.perfcollector <> - config: edge: 0
172 [140054114592448] INFO perfrun.perfcollector <> - config: event: c7
172 [140054114592448] INFO perfrun.perfcollector <> - config1: frontend: 0
172 [140054114592448] INFO perfrun.perfcollector <> - config: inv: 0
173 [140054114592448] INFO perfrun.perfcollector <> - config1: ldlat: 0
173 [140054114592448] INFO perfrun.perfcollector <> - config1: offcore_rsp: 0
173 [140054114592448] INFO perfrun.perfcollector <> - config: pc: 0
174 [140054114592448] INFO perfrun.perfcollector <> - config: umask: 1
174 [140054114592448] INFO perfrun.perfcollector <> - format: cpu/event=0xc7,umask=0x1,name='FP_ARITH_INST_RETIRED.SCALAR_DOUBLE'/
174 [140054114592448] INFO perfrun.perfcollector <> - event: 9: FP_ARITH_INST_RETIRED.128B_PACKED_DOUBLE
174 [140054114592448] INFO perfrun.perfcollector <> - cccr: addr: 188, value: 5304c7
175 [140054114592448] INFO perfrun.perfcollector <> - data: addr: c3, value: ffffffffffe17b7d
175 [140054114592448] INFO perfrun.perfcollector <> - pmu config: cpu
175 [140054114592448] INFO perfrun.perfcollector <> - config: any: 0
175 [140054114592448] INFO perfrun.perfcollector <> - config: cmask: 0
175 [140054114592448] INFO perfrun.perfcollector <> - config: edge: 0
176 [140054114592448] INFO perfrun.perfcollector <> - config: event: c7
176 [140054114592448] INFO perfrun.perfcollector <> - config1: frontend: 0
176 [140054114592448] INFO perfrun.perfcollector <> - config: inv: 0
176 [140054114592448] INFO perfrun.perfcollector <> - config1: ldlat: 0
176 [140054114592448] INFO perfrun.perfcollector <> - config1: offcore_rsp: 0
177 [140054114592448] INFO perfrun.perfcollector <> - config: pc: 0
177 [140054114592448] INFO perfrun.perfcollector <> - config: umask: 4
177 [140054114592448] INFO perfrun.perfcollector <> - format: cpu/event=0xc7,umask=0x4,name='FP_ARITH_INST_RETIRED.128B_PACKED_DOUBLE'/
177 [140054114592448] INFO perfrun.perfcollector <> - event: 10: FP_ARITH_INST_RETIRED.256B_PACKED_DOUBLE
177 [140054114592448] INFO perfrun.perfcollector <> - cccr: addr: 189, value: 5310c7
178 [140054114592448] INFO perfrun.perfcollector <> - data: addr: c4, value: ffffffffffe17b7d
178 [140054114592448] INFO perfrun.perfcollector <> - pmu config: cpu
178 [140054114592448] INFO perfrun.perfcollector <> - config: any: 0
178 [140054114592448] INFO perfrun.perfcollector <> - config: cmask: 0
178 [140054114592448] INFO perfrun.perfcollector <> - config: edge: 0
179 [140054114592448] INFO perfrun.perfcollector <> - config: event: c7
179 [140054114592448] INFO perfrun.perfcollector <> - config1: frontend: 0
179 [140054114592448] INFO perfrun.perfcollector <> - config: inv: 0
179 [140054114592448] INFO perfrun.perfcollector <> - config1: ldlat: 0
179 [140054114592448] INFO perfrun.perfcollector <> - config1: offcore_rsp: 0
180 [140054114592448] INFO perfrun.perfcollector <> - config: pc: 0
180 [140054114592448] INFO perfrun.perfcollector <> - config: umask: 10
180 [140054114592448] INFO perfrun.perfcollector <> - format: cpu/event=0xc7,umask=0x10,name='FP_ARITH_INST_RETIRED.256B_PACKED_DOUBLE'/
180 [140054114592448] INFO perfrun.perfcollector <> - event: 11: UOPS_EXECUTED.X87
180 [140054114592448] INFO perfrun.perfcollector <> - cccr: addr: 186, value: 5310b1
181 [140054114592448] INFO perfrun.perfcollector <> - data: addr: c1, value: ffffffffffe17b7d
181 [140054114592448] INFO perfrun.perfcollector <> - pmu config: cpu
181 [140054114592448] INFO perfrun.perfcollector <> - config: any: 0
181 [140054114592448] INFO perfrun.perfcollector <> - config: cmask: 0
182 [140054114592448] INFO perfrun.perfcollector <> - config: edge: 0
182 [140054114592448] INFO perfrun.perfcollector <> - config: event: b1
182 [140054114592448] INFO perfrun.perfcollector <> - config1: frontend: 0
182 [140054114592448] INFO perfrun.perfcollector <> - config: inv: 0
182 [140054114592448] INFO perfrun.perfcollector <> - config1: ldlat: 0
183 [140054114592448] INFO perfrun.perfcollector <> - config1: offcore_rsp: 0
183 [140054114592448] INFO perfrun.perfcollector <> - config: pc: 0
183 [140054114592448] INFO perfrun.perfcollector <> - config: umask: 10
183 [140054114592448] INFO perfrun.perfcollector <> - format: cpu/event=0xb1,umask=0x10,name='UOPS_EXECUTED.X87'/
183 [140054114592448] INFO perfrun.perfcollector <> - event: 12: UOPS_RETIRED.RETIRE_SLOTS
184 [140054114592448] INFO perfrun.perfcollector <> - cccr: addr: 187, value: 5302c2
184 [140054114592448] INFO perfrun.perfcollector <> - data: addr: c2, value: ffffffffffe17b7d
184 [140054114592448] INFO perfrun.perfcollector <> - pmu config: cpu
184 [140054114592448] INFO perfrun.perfcollector <> - config: any: 0
185 [140054114592448] INFO perfrun.perfcollector <> - config: cmask: 0
185 [140054114592448] INFO perfrun.perfcollector <> - config: edge: 0
185 [140054114592448] INFO perfrun.perfcollector <> - config: event: c2
185 [140054114592448] INFO perfrun.perfcollector <> - config1: frontend: 0
185 [140054114592448] INFO perfrun.perfcollector <> - config: inv: 0
186 [140054114592448] INFO perfrun.perfcollector <> - config1: ldlat: 0
186 [140054114592448] INFO perfrun.perfcollector <> - config1: offcore_rsp: 0
186 [140054114592448] INFO perfrun.perfcollector <> - config: pc: 0
186 [140054114592448] INFO perfrun.perfcollector <> - config: umask: 2
186 [140054114592448] INFO perfrun.perfcollector <> - format: cpu/event=0xc2,umask=0x2,name='UOPS_RETIRED.RETIRE_SLOTS'/
186 [140054114592448] INFO perfrun.perfcollector <> - event: 13: UOPS_EXECUTED.THREAD
187 [140054114592448] INFO perfrun.perfcollector <> - cccr: addr: 188, value: 5301b1
187 [140054114592448] INFO perfrun.perfcollector <> - data: addr: c3, value: ffffffffffe17b7d
187 [140054114592448] INFO perfrun.perfcollector <> - pmu config: cpu
187 [140054114592448] INFO perfrun.perfcollector <> - config: any: 0
187 [140054114592448] INFO perfrun.perfcollector <> - config: cmask: 0
188 [140054114592448] INFO perfrun.perfcollector <> - config: edge: 0
188 [140054114592448] INFO perfrun.perfcollector <> - config: event: b1
188 [140054114592448] INFO perfrun.perfcollector <> - config1: frontend: 0
188 [140054114592448] INFO perfrun.perfcollector <> - config: inv: 0
189 [140054114592448] INFO perfrun.perfcollector <> - config1: ldlat: 0
189 [140054114592448] INFO perfrun.perfcollector <> - config1: offcore_rsp: 0
189 [140054114592448] INFO perfrun.perfcollector <> - config: pc: 0
189 [140054114592448] INFO perfrun.perfcollector <> - config: umask: 1
189 [140054114592448] INFO perfrun.perfcollector <> - format: cpu/event=0xb1,umask=0x1,name='UOPS_EXECUTED.THREAD'/
190 [140054114592448] INFO perfrun.perfcollector <> - event: cpu/event=0x3c,name='CPU_CLK_UNHALTED.THREAD'/Duk, added for counting
190 [140054114592448] INFO perfrun.perfcollector <> - event: cpu/umask=0x3,name='CPU_CLK_UNHALTED.REF_TSC'/Duk, added for counting
190 [140054114592448] INFO perfrun.perfcollector <> - event: cpu/event=0xc0,name='INST_RETIRED.ANY'/Duk, added for counting
190 [140054114592448] INFO perfrun.perfcollector <> - event: cpu/event=0x3c,umask=0x1,name='CPU_CLK_UNHALTED.REF_XCLK'/uk, added for counting
190 [140054114592448] INFO perfrun.perfcollector <> - event: cpu/event=0x3c,umask=0x2,name='CPU_CLK_UNHALTED.ONE_THREAD_ACTIVE'/uk, added for counting
191 [140054114592448] INFO perfrun.perfcollector <> - event: cpu/event=0xc7,umask=0x2,name='FP_ARITH_INST_RETIRED.SCALAR_SINGLE'/uk, added for counting
191 [140054114592448] INFO perfrun.perfcollector <> - event: cpu/event=0xc7,umask=0x8,name='FP_ARITH_INST_RETIRED.128B_PACKED_SINGLE'/uk, added for counting
191 [140054114592448] INFO perfrun.perfcollector <> - event: cpu/event=0xc7,umask=0x20,name='FP_ARITH_INST_RETIRED.256B_PACKED_SINGLE'/uk, added for counting
192 [140054114592448] INFO perfrun.perfcollector <> - event: cpu/event=0xc7,umask=0x1,name='FP_ARITH_INST_RETIRED.SCALAR_DOUBLE'/uk, added for counting
192 [140054114592448] INFO perfrun.perfcollector <> - event: cpu/event=0xc7,umask=0x4,name='FP_ARITH_INST_RETIRED.128B_PACKED_DOUBLE'/uk, added for counting
192 [140054114592448] INFO perfrun.perfcollector <> - event: cpu/event=0xc7,umask=0x10,name='FP_ARITH_INST_RETIRED.256B_PACKED_DOUBLE'/uk, added for counting
192 [140054114592448] INFO perfrun.perfcollector <> - event: cpu/event=0xb1,umask=0x10,name='UOPS_EXECUTED.X87'/uk, added for counting
193 [140054114592448] INFO perfrun.perfcollector <> - event: cpu/event=0xc2,umask=0x2,name='UOPS_RETIRED.RETIRE_SLOTS'/uk, added for counting
193 [140054114592448] INFO perfrun.perfcollector <> - event: cpu/event=0xb1,umask=0x1,name='UOPS_EXECUTED.THREAD'/uk, added for counting
193 [140054114592448] INFO perfrun.perfcollector <> - attaching to pid: 4294967295, m_mode: 10, mode: 3
194 [140054106199744] INFO perfrun.perfcollector <> - Perf stat trace pipe capacity: read = 1048576, write = 1048576
197 [140054097807040] INFO perfrun.sdk <> - Reading value (0-7) from file: /sys/devices/system/cpu/cpu0/topology/core_siblings_list
200 [140054097807040] INFO perfrun.sdk <> - Reading value (0-1) from file: /sys/devices/system/cpu/cpu0/topology/thread_siblings_list
202 [140054097807040] INFO perfrun.sdk <> - Reading value (0-7) from file: /sys/devices/system/cpu/cpu1/topology/core_siblings_list
202 [140054097807040] INFO perfrun.sdk <> - Reading value (0-1) from file: /sys/devices/system/cpu/cpu1/topology/thread_siblings_list
203 [140054097807040] INFO perfrun.sdk <> - Reading value (0-7) from file: /sys/devices/system/cpu/cpu2/topology/core_siblings_list
203 [140054097807040] INFO perfrun.sdk <> - Reading value (2-3) from file: /sys/devices/system/cpu/cpu2/topology/thread_siblings_list
204 [140054097807040] INFO perfrun.sdk <> - Reading value (0-7) from file: /sys/devices/system/cpu/cpu3/topology/core_siblings_list
204 [140054097807040] INFO perfrun.sdk <> - Reading value (2-3) from file: /sys/devices/system/cpu/cpu3/topology/thread_siblings_list
204 [140054097807040] INFO perfrun.sdk <> - Reading value (0-7) from file: /sys/devices/system/cpu/cpu4/topology/core_siblings_list
204 [140054097807040] INFO perfrun.sdk <> - Reading value (4-5) from file: /sys/devices/system/cpu/cpu4/topology/thread_siblings_list
204 [140054097807040] INFO perfrun.sdk <> - Reading value (0-7) from file: /sys/devices/system/cpu/cpu5/topology/core_siblings_list
205 [140054097807040] INFO perfrun.sdk <> - Reading value (4-5) from file: /sys/devices/system/cpu/cpu5/topology/thread_siblings_list
205 [140054097807040] INFO perfrun.sdk <> - Reading value (0-7) from file: /sys/devices/system/cpu/cpu6/topology/core_siblings_list
205 [140054097807040] INFO perfrun.sdk <> - Reading value (6-7) from file: /sys/devices/system/cpu/cpu6/topology/thread_siblings_list
205 [140054097807040] INFO perfrun.sdk <> - Reading value (0-7) from file: /sys/devices/system/cpu/cpu7/topology/core_siblings_list
205 [140054097807040] INFO perfrun.sdk <> - Reading value (6-7) from file: /sys/devices/system/cpu/cpu7/topology/thread_siblings_list
206 [140054097807040] ERROR perfrun.sdk <> - boost::filesystem::exists(filename) 'gh2::error::IsNot.Valid.File(filename):/sys/bus/event_source/devices/cpu_core/cpus'
_sdks/release_posix-x86_64_icx_2023.0.0_gnutools_9.2_binutils_2.28/perfrun_1.36.3/include/perfrun1/sdk/utils.hpp(777): gh2::error_code_t runtool::sdk::loadFileValue(RetType &, const cpil2::uchar_t *) [RetType = std::basic_string<char>]
, at file: _sdks/release_posix-x86_64_icx_2023.0.0_gnutools_9.2_binutils_2.28/perfrun_1.36.3/include/perfrun1/sdk/utils.hpp:777
206 [140054097807040] ERROR perfrun.sdk <> - boost::filesystem::exists(filename) 'gh2::error::IsNot.Valid.File(filename):/sys/bus/event_source/devices/cpu_atom/cpus'
_sdks/release_posix-x86_64_icx_2023.0.0_gnutools_9.2_binutils_2.28/perfrun_1.36.3/include/perfrun1/sdk/utils.hpp(777): gh2::error_code_t runtool::sdk::loadFileValue(RetType &, const cpil2::uchar_t *) [RetType = std::basic_string<char>]
, at file: _sdks/release_posix-x86_64_icx_2023.0.0_gnutools_9.2_binutils_2.28/perfrun_1.36.3/include/perfrun1/sdk/utils.hpp:777
207 [140054106199744] INFO perfrun.sdk <> - runCmd: /opt/intel/oneapi/vtune/2025.3/bin64/amplxe-perf stat -v --log-fd 11 --scale -x ; -e cpu/event=0x3c,name='CPU_CLK_UNHALTED.THREAD'/Duk,cpu/umask=0x3,name='CPU_CLK_UNHALTED.REF_TSC'/Duk,cpu/event=0xc0,name='INST_RETIRED.ANY'/Duk,cpu/event=0x3c,umask=0x1,name='CPU_CLK_UNHALTED.REF_XCLK'/uk,cpu/event=0x3c,umask=0x2,name='CPU_CLK_UNHALTED.ONE_THREAD_ACTIVE'/uk,cpu/event=0xc7,umask=0x2,name='FP_ARITH_INST_RETIRED.SCALAR_SINGLE'/uk,cpu/event=0xc7,umask=0x8,name='FP_ARITH_INST_RETIRED.128B_PACKED_SINGLE'/uk,cpu/event=0xc7,umask=0x20,name='FP_ARITH_INST_RETIRED.256B_PACKED_SINGLE'/uk,cpu/event=0xc7,umask=0x1,name='FP_ARITH_INST_RETIRED.SCALAR_DOUBLE'/uk,cpu/event=0xc7,umask=0x4,name='FP_ARITH_INST_RETIRED.128B_PACKED_DOUBLE'/uk,cpu/event=0xc7,umask=0x10,name='FP_ARITH_INST_RETIRED.256B_PACKED_DOUBLE'/uk,cpu/event=0xb1,umask=0x10,name='UOPS_EXECUTED.X87'/uk,cpu/event=0xc2,umask=0x2,name='UOPS_RETIRED.RETIRE_SLOTS'/uk,cpu/event=0xb1,umask=0x1,name='UOPS_EXECUTED.THREAD'/uk /opt/intel/oneapi/vtune/2025.3/bin64/amplxe-perf-sync dryrun tsc
213 [140054106199744] INFO perfrun.sdk <> - runCmd started PID 7169
258 [140054106199744] INFO perfrun.perfcollector <> - Monitor: runCmd RC = true
264 [140054114592448] INFO perfrun.launcher <> - plugin [aoclprofile] was disabled because it doesn't support the given collection type.
264 [140054114592448] INFO perfrun.tpss <> - initialize tpss controller
264 [140054114592448] INFO perfrun.tpss <> - configure collection mode: value = cpu:counters:nostack
290 [140054114592448] INFO perfrun.tpss <> - configure collection mode: value = cpu:stack
295 [140054114592448] INFO perfrun.tpss <> - default obj-size-min=1024
306 [140054114592448] INFO perfrun.tpss <> - default hash-table-size=0
307 [140054114592448] INFO perfrun.launcher <> - plugin [media] was disabled because it doesn't support the given collection type.
307 [140054114592448] INFO perfrun.launcher <> - plugin [] was disabled because it doesn't support the given collection type.
307 [140054114592448] INFO perfrun.launcher <> - plugin [] was disabled because it doesn't support the given collection type.
307 [140054114592448] INFO perfrun.launcher <> - plugin [parallelfs] was disabled because it doesn't support the given collection type.
307 [140054114592448] INFO perfrun.launcher <> - plugin [power] was disabled because it doesn't support the given collection type.
307 [140054114592448] INFO perfrun.launcher <> - plugin [] was disabled because it doesn't support the given collection type.
308 [140054114592448] INFO perfrun.launcher <> - plugin [] was disabled because it doesn't support the given collection type.
308 [140054114592448] INFO perfrun.launcher <> - plugin [] was disabled because it doesn't support the given collection type.
309 [140054114592448] INFO perfrun.launcher <> - plugin [l0_metrics] was disabled because it doesn't support the given collection type.
311 [140054114592448] INFO perfrun.launcher <> - plugin [stall_reasons] was disabled because it doesn't support the given collection type.
313 [140054270246016] INFO perfrun.launcher <> - set environment variable: LD_LIBRARY_PATH = /opt/intel/oneapi/vtune/2025.3/lib32/runtime:/opt/intel/oneapi/vtune/2025.3/lib64/runtime:/opt/intel/oneapi/tcm/1.3/lib:/opt/intel/oneapi/umf/0.10/lib:/opt/intel/oneapi/tbb/2022.1/env/../lib/intel64/gcc4.8:/opt/intel/oneapi/pti/0.12/lib:/opt/intel/oneapi/mkl/2025.1/lib:/opt/intel/oneapi/ipp/2022.1/lib:/opt/intel/oneapi/compiler/2025.1/opt/compiler/lib:/opt/intel/oneapi/compiler/2025.1/lib
314 [140054270246016] INFO perfrun.launcher <> - set environment variable: INTEL_LIBITTNOTIFY32 = /opt/intel/oneapi/vtune/2025.3/lib32/runtime/libittnotify_collector.so
314 [140054270246016] INFO perfrun.launcher <> - set environment variable: INTEL_LIBITTNOTIFY64 = /opt/intel/oneapi/vtune/2025.3/lib64/runtime/libittnotify_collector.so
315 [140054270246016] INFO perfrun.launcher <> - set environment variable: INTEL_ITTNOTIFY_GROUPS = 
315 [140054270246016] INFO perfrun.launcher <> - set environment variable: INTEL_JIT_PROFILER32 = /opt/intel/oneapi/vtune/2025.3/lib32/runtime/libittnotify_collector.so
316 [140054270246016] INFO perfrun.launcher <> - set environment variable: INTEL_JIT_PROFILER64 = /opt/intel/oneapi/vtune/2025.3/lib64/runtime/libittnotify_collector.so
326 [140054270246016] INFO perfrun.launcher <> - set environment variable: CCL_ITT_LEVEL = 1
344 [140054270246016] INFO perfrun.launcher <> - set environment variable: ENABLE_JITPROFILING = 1
364 [140054270246016] INFO perfrun.launcher <> - set environment variable: CL_CONFIG_USE_VTUNE = True
370 [140054270246016] INFO perfrun.launcher <> - set environment variable: LD_PRELOAD = libittnotify_collector.so:
371 [140054270246016] INFO perfrun.launcher <> - set environment variable: KMP_FORKJOIN_FRAMES = 0
372 [140054270246016] INFO perfrun.launcher <> - set environment variable: KMP_FORKJOIN_FRAMES_MODE = 0
374 [140054270246016] INFO perfrun.launcher <> - set environment variable: INTEL_MRTE_DATA_DIR = /tmp/amplxe-tmp-azfar/amplxe-res-7142-24944864975380/data.0
375 [140054270246016] INFO perfrun.launcher <> - set environment variable: INTEL_MRTE_HOST_NAME = DESKTOP-GRRJ2VV
376 [140054270246016] INFO perfrun.launcher <> - set environment variable: JAVA_TOOL_OPTIONS = -agentlib:amplxe_samplingmrte_javaprof_1.0 -Dsun.boot.library.path=/opt/intel/oneapi/vtune/2025.3/lib32/runtime:/opt/intel/oneapi/vtune/2025.3/lib64/runtime
380 [140054270246016] INFO perfrun.launcher <> - set environment variable: LD_LIBRARY_PATH = /opt/intel/oneapi/vtune/2025.3/lib32/runtime:/opt/intel/oneapi/vtune/2025.3/lib64/runtime:/opt/intel/oneapi/tcm/1.3/lib:/opt/intel/oneapi/umf/0.10/lib:/opt/intel/oneapi/tbb/2022.1/env/../lib/intel64/gcc4.8:/opt/intel/oneapi/pti/0.12/lib:/opt/intel/oneapi/mkl/2025.1/lib:/opt/intel/oneapi/ipp/2022.1/lib:/opt/intel/oneapi/compiler/2025.1/opt/compiler/lib:/opt/intel/oneapi/compiler/2025.1/lib
381 [140054270246016] INFO perfrun.launcher <> - set environment variable: CORECLR_ENABLE_PROFILING = 1
388 [140054270246016] INFO perfrun.launcher <> - set environment variable: CORECLR_PROFILER = {AA5E4821-E3B1-479c-B7FF-5AD047D22CED}
394 [140054270246016] INFO perfrun.launcher <> - set environment variable: CORECLR_PROFILER_PATH = /opt/intel/oneapi/vtune/2025.3/lib64/libamplxe_samplingmrte_clrprof_1.0.so
397 [140054270246016] INFO perfrun.launcher <> - set environment variable: INTEL_MRTE_PROFILER_MODE = mixed
402 [140054270246016] INFO perfrun.launcher <> - RpcServer: run RPC server to handle requests
426 [140054270246016] INFO perfrun.launcher <> - Launcher: command line to start before modification = ./test1 changes.txt 0
427 [140054270246016] INFO perfrun.launcher <> - Launcher: command line to start after modification = /opt/intel/oneapi/vtune/2025.3/bin64/pin -error_file /tmp/amplxe-tmp-azfar/amplxe-res-7142-24944864975380/data.0/pinerr.tpsslog -detach_reattach -follow_execv -tool_load_option deepbind -t64 /opt/intel/oneapi/vtune/2025.3/lib64/libtpsstool.so -t /opt/intel/oneapi/vtune/2025.3/lib32/libtpsstool.so -server_name tpss_ipc.7142 -prd_dir /opt/intel/oneapi/vtune/2025.3 -- ./test1 changes.txt 0
427 [140054270246016] INFO perfrun.launcher <> - ProcessCreator object was created
428 [140054270246016] INFO perfrun.launcher <> - Launcher: the process was started in suspend mode
430 [140054114592448] WARN perfrun.system <> - Could not do anything with /sys/kernel/debug/kvm: boost::filesystem::status: Permission denied [system:13]: "/sys/kernel/debug/kvm", at file: vcs/perfrun1/plugins/system/src/trace_writer.cpp:787
430 [140054114592448] WARN perfrun.system <> - Folder "/var/run/libvirt/qemu/"doesn't exist, at file: vcs/perfrun1/plugins/system/src/trace_writer.cpp:800
431 [140054114592448] WARN perfrun.sdk <> - Failed to find xl binary on any of the system paths: /bin, /sbin, /usr/bin, /usr/sbin., at file: vcs/perfrun1/sdk/src/utils.cpp:205
432 [140054114592448] WARN perfrun.system <> - Could not start ContainerMapping collector, at file: vcs/perfrun1/plugins/system/src/controller.cpp:450
437 [140054114592448] INFO perfrun.vdso <> - Helper runtool '/opt/intel/oneapi/vtune/2025.3/bin32/amplxe-runss -dump-vdso -r /tmp/amplxe-tmp-azfar/amplxe-res-7142-24944864975380 --tmp-dir /tmp/amplxe-tmp-azfar' returned 1
533 [140054114592448] INFO perfrun.vdso <> - Helper runtool '/opt/intel/oneapi/vtune/2025.3/bin64/amplxe-runss -dump-vdso -r /tmp/amplxe-tmp-azfar/amplxe-res-7142-24944864975380 --tmp-dir /tmp/amplxe-tmp-azfar' returned 0
533 [140054114592448] INFO perfrun.itt <> - start itt controller for pid #7183
534 [140054114592448] INFO perfrun.perfcollector <> - attaching to pid: 7183, m_mode: 10, mode: 11
534 [140054081021632] INFO perfrun.perfcollector <> - Perf stat trace pipe capacity: read = 1048576, write = 1048576
535 [140054106199744] INFO perfrun.sdk <> - Reading value (0-7) from file: /sys/devices/system/cpu/cpu0/topology/core_siblings_list
535 [140054106199744] INFO perfrun.sdk <> - Reading value (0-1) from file: /sys/devices/system/cpu/cpu0/topology/thread_siblings_list
535 [140054106199744] INFO perfrun.sdk <> - Reading value (0-7) from file: /sys/devices/system/cpu/cpu1/topology/core_siblings_list
535 [140054106199744] INFO perfrun.sdk <> - Reading value (0-1) from file: /sys/devices/system/cpu/cpu1/topology/thread_siblings_list
535 [140054106199744] INFO perfrun.sdk <> - Reading value (0-7) from file: /sys/devices/system/cpu/cpu2/topology/core_siblings_list
536 [140054106199744] INFO perfrun.sdk <> - Reading value (2-3) from file: /sys/devices/system/cpu/cpu2/topology/thread_siblings_list
536 [140054106199744] INFO perfrun.sdk <> - Reading value (0-7) from file: /sys/devices/system/cpu/cpu3/topology/core_siblings_list
536 [140054106199744] INFO perfrun.sdk <> - Reading value (2-3) from file: /sys/devices/system/cpu/cpu3/topology/thread_siblings_list
536 [140054106199744] INFO perfrun.sdk <> - Reading value (0-7) from file: /sys/devices/system/cpu/cpu4/topology/core_siblings_list
537 [140054106199744] INFO perfrun.sdk <> - Reading value (4-5) from file: /sys/devices/system/cpu/cpu4/topology/thread_siblings_list
537 [140054106199744] INFO perfrun.sdk <> - Reading value (0-7) from file: /sys/devices/system/cpu/cpu5/topology/core_siblings_list
537 [140054106199744] INFO perfrun.sdk <> - Reading value (4-5) from file: /sys/devices/system/cpu/cpu5/topology/thread_siblings_list
537 [140054106199744] INFO perfrun.sdk <> - Reading value (0-7) from file: /sys/devices/system/cpu/cpu6/topology/core_siblings_list
537 [140054106199744] INFO perfrun.sdk <> - Reading value (6-7) from file: /sys/devices/system/cpu/cpu6/topology/thread_siblings_list
538 [140054106199744] INFO perfrun.sdk <> - Reading value (0-7) from file: /sys/devices/system/cpu/cpu7/topology/core_siblings_list
538 [140054106199744] INFO perfrun.sdk <> - Reading value (6-7) from file: /sys/devices/system/cpu/cpu7/topology/thread_siblings_list
538 [140054106199744] ERROR perfrun.sdk <> - boost::filesystem::exists(filename) 'gh2::error::IsNot.Valid.File(filename):/sys/bus/event_source/devices/cpu_core/cpus'
_sdks/release_posix-x86_64_icx_2023.0.0_gnutools_9.2_binutils_2.28/perfrun_1.36.3/include/perfrun1/sdk/utils.hpp(777): gh2::error_code_t runtool::sdk::loadFileValue(RetType &, const cpil2::uchar_t *) [RetType = std::basic_string<char>]
, at file: _sdks/release_posix-x86_64_icx_2023.0.0_gnutools_9.2_binutils_2.28/perfrun_1.36.3/include/perfrun1/sdk/utils.hpp:777
538 [140054106199744] ERROR perfrun.sdk <> - boost::filesystem::exists(filename) 'gh2::error::IsNot.Valid.File(filename):/sys/bus/event_source/devices/cpu_atom/cpus'
_sdks/release_posix-x86_64_icx_2023.0.0_gnutools_9.2_binutils_2.28/perfrun_1.36.3/include/perfrun1/sdk/utils.hpp(777): gh2::error_code_t runtool::sdk::loadFileValue(RetType &, const cpil2::uchar_t *) [RetType = std::basic_string<char>]
, at file: _sdks/release_posix-x86_64_icx_2023.0.0_gnutools_9.2_binutils_2.28/perfrun_1.36.3/include/perfrun1/sdk/utils.hpp:777
539 [140054081021632] INFO perfrun.sdk <> - runCmd: /opt/intel/oneapi/vtune/2025.3/bin64/amplxe-perf stat -v --log-fd 22 --control=fd:23,26 --scale -x ; -p 7183 -e cpu/event=0x3c,name='CPU_CLK_UNHALTED.THREAD'/Duk,cpu/umask=0x3,name='CPU_CLK_UNHALTED.REF_TSC'/Duk,cpu/event=0xc0,name='INST_RETIRED.ANY'/Duk,cpu/event=0x3c,umask=0x1,name='CPU_CLK_UNHALTED.REF_XCLK'/uk,cpu/event=0x3c,umask=0x2,name='CPU_CLK_UNHALTED.ONE_THREAD_ACTIVE'/uk,cpu/event=0xc7,umask=0x2,name='FP_ARITH_INST_RETIRED.SCALAR_SINGLE'/uk,cpu/event=0xc7,umask=0x8,name='FP_ARITH_INST_RETIRED.128B_PACKED_SINGLE'/uk,cpu/event=0xc7,umask=0x20,name='FP_ARITH_INST_RETIRED.256B_PACKED_SINGLE'/uk,cpu/event=0xc7,umask=0x1,name='FP_ARITH_INST_RETIRED.SCALAR_DOUBLE'/uk,cpu/event=0xc7,umask=0x4,name='FP_ARITH_INST_RETIRED.128B_PACKED_DOUBLE'/uk,cpu/event=0xc7,umask=0x10,name='FP_ARITH_INST_RETIRED.256B_PACKED_DOUBLE'/uk,cpu/event=0xb1,umask=0x10,name='UOPS_EXECUTED.X87'/uk,cpu/event=0xc2,umask=0x2,name='UOPS_RETIRED.RETIRE_SLOTS'/uk,cpu/event=0xb1,umask=0x1,name='UOPS_EXECUTED.THREAD'/uk /opt/intel/oneapi/vtune/2025.3/bin64/amplxe-perf-sync sync tsc
539 [140054081021632] INFO perfrun.sdk <> - runCmd started PID 7191
552 [140054114592448] INFO perfrun.tpss <> - start tpss controller for pid #7183
605 [140054270246016] INFO perfrun.launcher <> - Launcher: all plugins were started
607 [140054270246016] INFO perfrun.launcher <> - DirectoryMonitor object was created
608 [140054270246016] INFO perfrun.launcher <> - DirectoryMonitor: a callback was added
609 [140054270246016] INFO perfrun.launcher <> - DirectoryMonitor was started with pingTime = 1000
610 [140054270246016] INFO perfrun.launcher <> - DeadlineTimer is going to be constructed
612 [140054270246016] INFO perfrun.launcher <> - DeadlineTimer: a callback was added
636 [140054270246016] INFO perfrun.launcher <> - Launcher: resume the profiled application and  wait its termination or stop command
6457 [140054270246016] INFO perfrun.launcher <> - Launcher: the profiled application was terminated  with exit code = 0
6743 [140054270246016] WARN perfrun.sdk <> - Exception (filesystem::recursive_directory_iterator increment error: No such file or directory [system:2]) while iterating directory: /mnt/d/Semester 6/pdc/pdc_project/i221033_i220950_A_PDC_Project/vtune_hotspots44.DESKTOP-GRRJ2VV, at file: vcs/perfrun1/sdk/src/utils.cpp:295
6747 [140054114592448] INFO perfrun.itt <> - detach itt controller
6747 [140054114592448] INFO perfrun.itt <> - detach itt controller done
6748 [140054081021632] INFO perfrun.perfcollector <> - Monitor: runCmd RC = true
6749 [140054114592448] INFO perfrun.perfcollector <> - Monitor: state = 3, error = 1
6749 [140054114592448] INFO perfrun.tpss <> - stop tpss controller
6749 [140054114592448] INFO perfrun.sdk <> - De-allocating TMU: /tmp/amplxe-tmp-azfar/amplxe-res-7142-24944864975380/data.0/systemcollector-7142-DESKTOP-GRRJ2VV.sc
6750 [140054114592448] INFO perfrun.system <> - closed the system trace file: /tmp/amplxe-tmp-azfar/amplxe-res-7142-24944864975380/data.0/systemcollector-7142-DESKTOP-GRRJ2VV.sc
6750 [140054270246016] INFO perfrun.launcher <> - Launcher: all plugins were stopped.
6750 [140054270246016] INFO perfrun.launcher <> - DeadlineTimer is going to be destroyed
6750 [140054270246016] INFO perfrun.launcher <> - DeadlineTimer was destroyed
6751 [140054270246016] INFO perfrun.launcher <> - DirectoryMonitor object was destroyed
6751 [140054270246016] WARN perfrun.launcher <> - Stop command is ignored because it is received when collection is already stopped, at file: vcs/perfrun1/launcher/src/command_handler.cpp:226
7070 [140054270246016] INFO perfrun.launcher <> - Application exit code: 0
7070 [140054270246016] INFO perfrun.launcher <> - Exit code: 0
