4 [140493514366080] INFO perfrun.launcher <> - Launcher main begin
5 [140493514366080] INFO perfrun.launcher <> - MessageCatalogInit finished
5 [140493514366080] INFO perfrun.launcher <> - Launcher instance created
5 [140493514366080] INFO perfrun.launcher <> - argc = 7; cmdline = /opt/intel/oneapi/vtune/2025.3/bin64/amplxe-runss --ui-output-format xml --ui-output-fd 5 --option-file /mnt/d/Semester 6/pdc/pdc_project/i221033_i220950_A_PDC_Project/vtune_hotspots44.DESKTOP-GRRJ2VV/config/runss.options 
34 [140493514366080] INFO perfrun.perfcollector <> - SEP tool path: /opt/intel/oneapi/vtune/2025.3/bin64/sep
55 [140493514366080] INFO perfrun.launcher <> - create msngr2::ICliToolContext
55 [140493514366080] INFO perfrun.launcher <> - create file finder object
55 [140493514366080] INFO perfrun.launcher <> - create a result directory: pattern = /mnt/d/Semester 6/pdc/pdc_project/i221033_i220950_A_PDC_Project/vtune_hotspots44.DESKTOP-GRRJ2VV pid = 4294967295
66 [140493514366080] INFO perfrun.sdk <> - checked that the directory /mnt/d/Semester 6/pdc/pdc_project/i221033_i220950_A_PDC_Project/vtune_hotspots44.DESKTOP-GRRJ2VV is a local directory
66 [140493514366080] INFO perfrun.sdk <> - the directory /mnt/d/Semester 6/pdc/pdc_project/i221033_i220950_A_PDC_Project/vtune_hotspots44.DESKTOP-GRRJ2VV is located on a share or its FS ID is unknown 16914839
67 [140493514366080] INFO perfrun.sdk <> - checked that the directory /tmp/amplxe-tmp-azfar is a local directory
67 [140493514366080] INFO perfrun.sdk <> - the directory /tmp/amplxe-tmp-azfar is a local directory with FS type ID 61267
69 [140493514366080] INFO perfrun.launcher <> - Create a local result directory /tmp/amplxe-tmp-azfar/amplxe-res-7146-24944865250148 due to the user result path /mnt/d/Semester 6/pdc/pdc_project/i221033_i220950_A_PDC_Project/vtune_hotspots44.DESKTOP-GRRJ2VV is located on a share
69 [140493514366080] INFO perfrun.launcher <> - create data directory = /tmp/amplxe-tmp-azfar/amplxe-res-7146-24944865250148/data.0
74 [140493514366080] INFO perfrun.launcher <> - create data directory = /mnt/d/Semester 6/pdc/pdc_project/i221033_i220950_A_PDC_Project/vtune_hotspots44.DESKTOP-GRRJ2VV/data.1
78 [140493514366080] INFO perfrun.launcher <> - Creating the master collection flag
79 [140493514366080] INFO perfrun.launcher <> - Done creating the master collection flag
80 [140493358884544] INFO perfrun.launcher <> - plugin [remoteplug] was disabled because it doesn't support the given collection type.
81 [140493358884544] INFO perfrun.sdk <> - Allocating TMU :/tmp/amplxe-tmp-azfar/amplxe-res-7146-24944865250148/data.0/systemcollector-7146-DESKTOP-GRRJ2VV.sc
81 [140493358884544] INFO perfrun.launcher <> - plugin [vdso] was disabled because it doesn't support the given collection type.
82 [140493358884544] INFO perfrun.launcher <> - plugin [ptracecollector] was disabled because it doesn't support the given collection type.
83 [140493358884544] INFO perfrun.launcher <> - plugin [gpu] was disabled because it doesn't support the given collection type.
84 [140493358884544] INFO perfrun.launcher <> - plugin [] was disabled because it doesn't support the given collection type.
84 [140493358884544] INFO perfrun.launcher <> - plugin [] was disabled because it doesn't support the given collection type.
84 [140493358884544] INFO perfrun.launcher <> - plugin [] was disabled because it doesn't support the given collection type.
85 [140493358884544] INFO perfrun.mrte <> - system-wide mode is 0
85 [140493358884544] INFO perfrun.mrte <> - Getting  mrte profiling environment ...
102 [140493358884544] INFO perfrun.mrte <> - INTEL_MRTE_DATA_DIR=/tmp/amplxe-tmp-azfar/amplxe-res-7146-24944865250148/data.0
102 [140493358884544] INFO perfrun.mrte <> - INTEL_MRTE_HOST_NAME=DESKTOP-GRRJ2VV
102 [140493358884544] INFO perfrun.mrte <> - JAVA_TOOL_OPTIONS=-agentlib:amplxe_samplingmrte_javaprof_1.0 -Dsun.boot.library.path=/opt/intel/oneapi/vtune/2025.3/lib32/runtime:/opt/intel/oneapi/vtune/2025.3/lib64/runtime
102 [140493358884544] INFO perfrun.mrte <> - LD_LIBRARY_PATH=/opt/intel/oneapi/vtune/2025.3/lib32/runtime:/opt/intel/oneapi/vtune/2025.3/lib64/runtime:/opt/intel/oneapi/tcm/1.3/lib:/opt/intel/oneapi/umf/0.10/lib:/opt/intel/oneapi/tbb/2022.1/env/../lib/intel64/gcc4.8:/opt/intel/oneapi/pti/0.12/lib:/opt/intel/oneapi/mkl/2025.1/lib:/opt/intel/oneapi/ipp/2022.1/lib:/opt/intel/oneapi/compiler/2025.1/opt/compiler/lib:/opt/intel/oneapi/compiler/2025.1/lib
102 [140493358884544] INFO perfrun.mrte <> - CORECLR_ENABLE_PROFILING=1
103 [140493358884544] INFO perfrun.mrte <> - CORECLR_PROFILER={AA5E4821-E3B1-479c-B7FF-5AD047D22CED}
103 [140493358884544] INFO perfrun.mrte <> - CORECLR_PROFILER_PATH=/opt/intel/oneapi/vtune/2025.3/lib64/libamplxe_samplingmrte_clrprof_1.0.so
103 [140493358884544] INFO perfrun.mrte <> - INTEL_MRTE_PROFILER_MODE=mixed
103 [140493358884544] INFO perfrun.mrte <> - Data directory: /tmp/amplxe-tmp-azfar/amplxe-res-7146-24944865250148/data.0
103 [140493358884544] INFO perfrun.mrte <> - Mrte plugin is initialized
104 [140493358884544] INFO perfrun.launcher <> - plugin [emon] was disabled because it doesn't support the given collection type.
104 [140493358884544] INFO perfrun.launcher <> - plugin [cuscol] was disabled because it doesn't support the given collection type.
104 [140493358884544] INFO perfrun.launcher <> - plugin [stdsrc] was disabled because it doesn't support the given collection type.
104 [140493358884544] INFO perfrun.launcher <> - plugin [sep] was disabled because it doesn't support the given collection type.
104 [140493358884544] INFO perfrun.launcher <> - plugin [vtsspp] was disabled because it doesn't support the given collection type.
105 [140493358884544] INFO perfrun.perfcollector <> - Platform type: 150
105 [140493358884544] INFO perfrun.sdk <> - Reading value (0) from file: /proc/sys/kernel/perf_event_paranoid
105 [140493358884544] INFO perfrun.perfcollector <> - checking access to: /opt/intel/oneapi/vtune/2025.3/bin64/amplxe-perf-priv
105 [140493358884544] INFO perfrun.perfcollector <> - dir found: /sys/bus/event_source/devices/software
106 [140493358884544] INFO perfrun.perfcollector <> - format: pmu format subdir doesn't exist
106 [140493358884544] INFO perfrun.perfcollector <> - hwInfo: not set, pmuFam: software
106 [140493358884544] INFO perfrun.perfcollector <> - pmu added: software, idx: 0
106 [140493358884544] INFO perfrun.perfcollector <> - dir found: /sys/bus/event_source/devices/uprobe
106 [140493358884544] INFO perfrun.perfcollector <> - format: ref_ctr_offset: config:32-63, mask:32-63
107 [140493358884544] INFO perfrun.perfcollector <> - format: retprobe: config:0, mask:0
107 [140493358884544] INFO perfrun.perfcollector <> - hwInfo: not set, pmuFam: uprobe
107 [140493358884544] INFO perfrun.perfcollector <> - pmu caps: raw,format
107 [140493358884544] INFO perfrun.perfcollector <> - pmu added: uprobe, idx: 0
107 [140493358884544] INFO perfrun.perfcollector <> - dir found: /sys/bus/event_source/devices/cpu
108 [140493358884544] INFO perfrun.perfcollector <> - format: event: config:0-7, mask:0-7
108 [140493358884544] INFO perfrun.perfcollector <> - format: pc: config:19, mask:19
108 [140493358884544] INFO perfrun.perfcollector <> - format: edge: config:18, mask:18
108 [140493358884544] INFO perfrun.perfcollector <> - format: any: config:21, mask:21
109 [140493358884544] INFO perfrun.perfcollector <> - format: offcore_rsp: config1:0-63, mask:0-63
109 [140493358884544] INFO perfrun.perfcollector <> - format: ldlat: config1:0-15, mask:0-15
109 [140493358884544] INFO perfrun.perfcollector <> - format: inv: config:23, mask:23
109 [140493358884544] INFO perfrun.perfcollector <> - format: umask: config:8-15, mask:8-15
109 [140493358884544] INFO perfrun.perfcollector <> - format: frontend: config1:0-23, mask:0-23
110 [140493358884544] INFO perfrun.perfcollector <> - format: cmask: config:24-31, mask:24-31
110 [140493358884544] INFO perfrun.perfcollector <> - hwInfo: PERF_CPU_PMU_DETAILS
110 [140493358884544] INFO perfrun.perfcollector <> - pmu caps: raw,format,events,ldlat,frontend,offcore_rsp
110 [140493358884544] INFO perfrun.perfcollector <> - pmu added: cpu, idx: 0
110 [140493358884544] INFO perfrun.perfcollector <> - dir found: /sys/bus/event_source/devices/breakpoint
111 [140493358884544] INFO perfrun.perfcollector <> - format: pmu format subdir doesn't exist
111 [140493358884544] INFO perfrun.perfcollector <> - hwInfo: not set, pmuFam: breakpoint
111 [140493358884544] INFO perfrun.perfcollector <> - pmu added: breakpoint, idx: 0
111 [140493358884544] INFO perfrun.perfcollector <> - dir found: /sys/bus/event_source/devices/tracepoint
111 [140493358884544] INFO perfrun.perfcollector <> - format: pmu format subdir doesn't exist
112 [140493358884544] INFO perfrun.perfcollector <> - hwInfo: not set, pmuFam: tracepoint
112 [140493358884544] INFO perfrun.perfcollector <> - pmu added: tracepoint, idx: 0
112 [140493358884544] INFO perfrun.perfcollector <> - dir found: /sys/bus/event_source/devices/kprobe
112 [140493358884544] INFO perfrun.perfcollector <> - format: retprobe: config:0, mask:0
113 [140493358884544] INFO perfrun.perfcollector <> - hwInfo: not set, pmuFam: kprobe
113 [140493358884544] INFO perfrun.perfcollector <> - pmu caps: raw,format
113 [140493358884544] INFO perfrun.perfcollector <> - pmu added: kprobe, idx: 0
113 [140493358884544] INFO perfrun.perfcollector <> - dir found: /sys/bus/event_source/devices/msr
113 [140493358884544] INFO perfrun.perfcollector <> - format: event: config:0-63, mask:0-63
113 [140493358884544] INFO perfrun.perfcollector <> - hwInfo: not set, pmuFam: msr
114 [140493358884544] INFO perfrun.perfcollector <> - pmu caps: raw,format,events
114 [140493358884544] INFO perfrun.perfcollector <> - pmu added: msr, idx: 0
114 [140493358884544] INFO perfrun.perfcollector <> - Perf tool path: /opt/intel/oneapi/vtune/2025.3/bin64/amplxe-perf
114 [140493358884544] INFO perfrun.perfcollector <> - Data directory: /tmp/amplxe-tmp-azfar/amplxe-res-7146-24944865250148/data.0
114 [140493358884544] INFO perfrun.perfcollector <> - Temp directory: /tmp/amplxe-tmp-azfar
115 [140493358884544] INFO perfrun.perfcollector <> - Perf sync path: /opt/intel/oneapi/vtune/2025.3/bin64/amplxe-perf-sync
115 [140493358884544] INFO perfrun.perfcollector <> - Hypervisor = Microsoft Hv
115 [140493358884544] INFO perfrun.perfcollector <> - Counting mode is requested
115 [140493358884544] INFO perfrun.perfcollector <> - Sample after multiplier: 1
116 [140493358884544] INFO perfrun.sdk <> - runCmd: /opt/intel/oneapi/vtune/2025.3/bin64/sep -dry-run -sam 1 -ec CPU_CLK_UNHALTED.THREAD,CPU_CLK_UNHALTED.REF_TSC:sample:sa=1800000,INST_RETIRED.ANY:sample:sa=1800000,CPU_CLK_UNHALTED.REF_XCLK,CPU_CLK_UNHALTED.ONE_THREAD_ACTIVE,FP_ARITH_INST_RETIRED.SCALAR_SINGLE,FP_ARITH_INST_RETIRED.128B_PACKED_SINGLE,FP_ARITH_INST_RETIRED.256B_PACKED_SINGLE,FP_ARITH_INST_RETIRED.SCALAR_DOUBLE,FP_ARITH_INST_RETIRED.128B_PACKED_DOUBLE,FP_ARITH_INST_RETIRED.256B_PACKED_DOUBLE,UOPS_EXECUTED.X87,UOPS_RETIRED.RETIRE_SLOTS:sample:sa=2000003,UOPS_EXECUTED.THREAD -experimental
116 [140493358884544] INFO perfrun.sdk <> - runCmd started PID 7160
130 [140493358884544] INFO perfrun.perfcollector <> - SepDryRun RC = true
130 [140493358884544] INFO perfrun.perfcollector <> - Loading SEP event configuration
130 [140493358884544] INFO perfrun.perfcollector <> - pmu: cpu
130 [140493358884544] INFO perfrun.perfcollector <> - group_id: 0
131 [140493358884544] INFO perfrun.perfcollector <> - event_id: 2: INST_RETIRED.ANY
131 [140493358884544] INFO perfrun.perfcollector <> - event_id: 0: CPU_CLK_UNHALTED.THREAD
131 [140493358884544] INFO perfrun.perfcollector <> - event_id: 1: CPU_CLK_UNHALTED.REF_TSC
131 [140493358884544] INFO perfrun.perfcollector <> - event_id: 3: CPU_CLK_UNHALTED.REF_XCLK
131 [140493358884544] INFO perfrun.perfcollector <> - event_id: 4: CPU_CLK_UNHALTED.ONE_THREAD_ACTIVE
132 [140493358884544] INFO perfrun.perfcollector <> - event_id: 5: FP_ARITH_INST_RETIRED.SCALAR_SINGLE
132 [140493358884544] INFO perfrun.perfcollector <> - event_id: 6: FP_ARITH_INST_RETIRED.128B_PACKED_SINGLE
132 [140493358884544] INFO perfrun.perfcollector <> - event_id: 3: cccr: addr: 186, value: 53013c
132 [140493358884544] INFO perfrun.perfcollector <> - event_id: 4: cccr: addr: 187, value: 53023c
132 [140493358884544] INFO perfrun.perfcollector <> - event_id: 5: cccr: addr: 188, value: 5302c7
133 [140493358884544] INFO perfrun.perfcollector <> - event_id: 6: cccr: addr: 189, value: 5308c7
133 [140493358884544] INFO perfrun.perfcollector <> - event_id: 2: data: addr: 309, value: ffffffffffe488c0
133 [140493358884544] INFO perfrun.perfcollector <> - event_id: 0: data: addr: 30a, value: ffffffffffe17b7d
133 [140493358884544] INFO perfrun.perfcollector <> - event_id: 1: data: addr: 30b, value: ffffffffffe488c0
133 [140493358884544] INFO perfrun.perfcollector <> - event_id: 3: data: addr: c1, value: ffffffffffff9e55
133 [140493358884544] INFO perfrun.perfcollector <> - event_id: 4: data: addr: c2, value: ffffffffffff9e55
134 [140493358884544] INFO perfrun.perfcollector <> - event_id: 5: data: addr: c3, value: ffffffffffe17b7d
134 [140493358884544] INFO perfrun.perfcollector <> - event_id: 6: data: addr: c4, value: ffffffffffe17b7d
134 [140493358884544] INFO perfrun.perfcollector <> - group_id: 1
134 [140493358884544] INFO perfrun.perfcollector <> - event_id: 2: INST_RETIRED.ANY
134 [140493358884544] INFO perfrun.perfcollector <> - event_id: 0: CPU_CLK_UNHALTED.THREAD
135 [140493358884544] INFO perfrun.perfcollector <> - event_id: 1: CPU_CLK_UNHALTED.REF_TSC
135 [140493358884544] INFO perfrun.perfcollector <> - event_id: 7: FP_ARITH_INST_RETIRED.256B_PACKED_SINGLE
135 [140493358884544] INFO perfrun.perfcollector <> - event_id: 8: FP_ARITH_INST_RETIRED.SCALAR_DOUBLE
135 [140493358884544] INFO perfrun.perfcollector <> - event_id: 9: FP_ARITH_INST_RETIRED.128B_PACKED_DOUBLE
135 [140493358884544] INFO perfrun.perfcollector <> - event_id: 10: FP_ARITH_INST_RETIRED.256B_PACKED_DOUBLE
135 [140493358884544] INFO perfrun.perfcollector <> - event_id: 7: cccr: addr: 186, value: 5320c7
136 [140493358884544] INFO perfrun.perfcollector <> - event_id: 8: cccr: addr: 187, value: 5301c7
136 [140493358884544] INFO perfrun.perfcollector <> - event_id: 9: cccr: addr: 188, value: 5304c7
136 [140493358884544] INFO perfrun.perfcollector <> - event_id: 10: cccr: addr: 189, value: 5310c7
136 [140493358884544] INFO perfrun.perfcollector <> - event_id: 2: data: addr: 309, value: ffffffffffe488c0
136 [140493358884544] INFO perfrun.perfcollector <> - event_id: 0: data: addr: 30a, value: ffffffffffe17b7d
136 [140493358884544] INFO perfrun.perfcollector <> - event_id: 1: data: addr: 30b, value: ffffffffffe488c0
137 [140493358884544] INFO perfrun.perfcollector <> - event_id: 7: data: addr: c1, value: ffffffffffe17b7d
137 [140493358884544] INFO perfrun.perfcollector <> - event_id: 8: data: addr: c2, value: ffffffffffe17b7d
137 [140493358884544] INFO perfrun.perfcollector <> - event_id: 9: data: addr: c3, value: ffffffffffe17b7d
137 [140493358884544] INFO perfrun.perfcollector <> - event_id: 10: data: addr: c4, value: ffffffffffe17b7d
137 [140493358884544] INFO perfrun.perfcollector <> - group_id: 2
138 [140493358884544] INFO perfrun.perfcollector <> - event_id: 2: INST_RETIRED.ANY
138 [140493358884544] INFO perfrun.perfcollector <> - event_id: 0: CPU_CLK_UNHALTED.THREAD
138 [140493358884544] INFO perfrun.perfcollector <> - event_id: 1: CPU_CLK_UNHALTED.REF_TSC
138 [140493358884544] INFO perfrun.perfcollector <> - event_id: 11: UOPS_EXECUTED.X87
138 [140493358884544] INFO perfrun.perfcollector <> - event_id: 12: UOPS_RETIRED.RETIRE_SLOTS
139 [140493358884544] INFO perfrun.perfcollector <> - event_id: 13: UOPS_EXECUTED.THREAD
139 [140493358884544] INFO perfrun.perfcollector <> - event_id: 11: cccr: addr: 186, value: 5310b1
139 [140493358884544] INFO perfrun.perfcollector <> - event_id: 12: cccr: addr: 187, value: 5302c2
139 [140493358884544] INFO perfrun.perfcollector <> - event_id: 13: cccr: addr: 188, value: 5301b1
139 [140493358884544] INFO perfrun.perfcollector <> - event_id: 2: data: addr: 309, value: ffffffffffe488c0
140 [140493358884544] INFO perfrun.perfcollector <> - event_id: 0: data: addr: 30a, value: ffffffffffe17b7d
140 [140493358884544] INFO perfrun.perfcollector <> - event_id: 1: data: addr: 30b, value: ffffffffffe488c0
140 [140493358884544] INFO perfrun.perfcollector <> - event_id: 11: data: addr: c1, value: ffffffffffe17b7d
141 [140493358884544] INFO perfrun.perfcollector <> - event_id: 12: data: addr: c2, value: ffffffffffe17b7d
141 [140493358884544] INFO perfrun.perfcollector <> - event_id: 13: data: addr: c3, value: ffffffffffe17b7d
141 [140493358884544] INFO perfrun.perfcollector <> - Converting events to Perf format
141 [140493358884544] INFO perfrun.perfcollector <> - event: 0: CPU_CLK_UNHALTED.THREAD
142 [140493358884544] INFO perfrun.perfcollector <> - cccr: addr: ffffffff, value: 0
142 [140493358884544] INFO perfrun.perfcollector <> - data: addr: 30a, value: ffffffffffe17b7d
142 [140493358884544] INFO perfrun.perfcollector <> - pmu config: cpu
142 [140493358884544] INFO perfrun.perfcollector <> - config: any: 0
143 [140493358884544] INFO perfrun.perfcollector <> - config: cmask: 0
143 [140493358884544] INFO perfrun.perfcollector <> - config: edge: 0
143 [140493358884544] INFO perfrun.perfcollector <> - config: event: 3c
143 [140493358884544] INFO perfrun.perfcollector <> - config1: frontend: 0
144 [140493358884544] INFO perfrun.perfcollector <> - config: inv: 0
144 [140493358884544] INFO perfrun.perfcollector <> - config1: ldlat: 0
144 [140493358884544] INFO perfrun.perfcollector <> - config1: offcore_rsp: 0
144 [140493358884544] INFO perfrun.perfcollector <> - config: pc: 0
145 [140493358884544] INFO perfrun.perfcollector <> - config: umask: 0
145 [140493358884544] INFO perfrun.perfcollector <> - format: cpu/event=0x3c,name='CPU_CLK_UNHALTED.THREAD'/D
145 [140493358884544] INFO perfrun.perfcollector <> - event: 1: CPU_CLK_UNHALTED.REF_TSC
145 [140493358884544] INFO perfrun.perfcollector <> - cccr: addr: ffffffff, value: 0
145 [140493358884544] INFO perfrun.perfcollector <> - data: addr: 30b, value: ffffffffffe488c0
146 [140493358884544] INFO perfrun.perfcollector <> - pmu config: cpu
146 [140493358884544] INFO perfrun.perfcollector <> - config: any: 0
146 [140493358884544] INFO perfrun.perfcollector <> - config: cmask: 0
146 [140493358884544] INFO perfrun.perfcollector <> - config: edge: 0
147 [140493358884544] INFO perfrun.perfcollector <> - config: event: 0
147 [140493358884544] INFO perfrun.perfcollector <> - config1: frontend: 0
147 [140493358884544] INFO perfrun.perfcollector <> - config: inv: 0
147 [140493358884544] INFO perfrun.perfcollector <> - config1: ldlat: 0
148 [140493358884544] INFO perfrun.perfcollector <> - config1: offcore_rsp: 0
148 [140493358884544] INFO perfrun.perfcollector <> - config: pc: 0
148 [140493358884544] INFO perfrun.perfcollector <> - config: umask: 3
148 [140493358884544] INFO perfrun.perfcollector <> - format: cpu/umask=0x3,name='CPU_CLK_UNHALTED.REF_TSC'/D
148 [140493358884544] INFO perfrun.perfcollector <> - event: 2: INST_RETIRED.ANY
149 [140493358884544] INFO perfrun.perfcollector <> - cccr: addr: ffffffff, value: 0
149 [140493358884544] INFO perfrun.perfcollector <> - data: addr: 309, value: ffffffffffe488c0
149 [140493358884544] INFO perfrun.perfcollector <> - pmu config: cpu
149 [140493358884544] INFO perfrun.perfcollector <> - config: any: 0
150 [140493358884544] INFO perfrun.perfcollector <> - config: cmask: 0
150 [140493358884544] INFO perfrun.perfcollector <> - config: edge: 0
150 [140493358884544] INFO perfrun.perfcollector <> - config: event: c0
150 [140493358884544] INFO perfrun.perfcollector <> - config1: frontend: 0
150 [140493358884544] INFO perfrun.perfcollector <> - config: inv: 0
151 [140493358884544] INFO perfrun.perfcollector <> - config1: ldlat: 0
151 [140493358884544] INFO perfrun.perfcollector <> - config1: offcore_rsp: 0
151 [140493358884544] INFO perfrun.perfcollector <> - config: pc: 0
151 [140493358884544] INFO perfrun.perfcollector <> - config: umask: 0
152 [140493358884544] INFO perfrun.perfcollector <> - format: cpu/event=0xc0,name='INST_RETIRED.ANY'/D
152 [140493358884544] INFO perfrun.perfcollector <> - event: 3: CPU_CLK_UNHALTED.REF_XCLK
152 [140493358884544] INFO perfrun.perfcollector <> - cccr: addr: 186, value: 53013c
152 [140493358884544] INFO perfrun.perfcollector <> - data: addr: c1, value: ffffffffffff9e55
153 [140493358884544] INFO perfrun.perfcollector <> - pmu config: cpu
153 [140493358884544] INFO perfrun.perfcollector <> - config: any: 0
153 [140493358884544] INFO perfrun.perfcollector <> - config: cmask: 0
153 [140493358884544] INFO perfrun.perfcollector <> - config: edge: 0
154 [140493358884544] INFO perfrun.perfcollector <> - config: event: 3c
154 [140493358884544] INFO perfrun.perfcollector <> - config1: frontend: 0
154 [140493358884544] INFO perfrun.perfcollector <> - config: inv: 0
154 [140493358884544] INFO perfrun.perfcollector <> - config1: ldlat: 0
154 [140493358884544] INFO perfrun.perfcollector <> - config1: offcore_rsp: 0
155 [140493358884544] INFO perfrun.perfcollector <> - config: pc: 0
155 [140493358884544] INFO perfrun.perfcollector <> - config: umask: 1
155 [140493358884544] INFO perfrun.perfcollector <> - format: cpu/event=0x3c,umask=0x1,name='CPU_CLK_UNHALTED.REF_XCLK'/
155 [140493358884544] INFO perfrun.perfcollector <> - event: 4: CPU_CLK_UNHALTED.ONE_THREAD_ACTIVE
156 [140493358884544] INFO perfrun.perfcollector <> - cccr: addr: 187, value: 53023c
156 [140493358884544] INFO perfrun.perfcollector <> - data: addr: c2, value: ffffffffffff9e55
156 [140493358884544] INFO perfrun.perfcollector <> - pmu config: cpu
156 [140493358884544] INFO perfrun.perfcollector <> - config: any: 0
156 [140493358884544] INFO perfrun.perfcollector <> - config: cmask: 0
157 [140493358884544] INFO perfrun.perfcollector <> - config: edge: 0
157 [140493358884544] INFO perfrun.perfcollector <> - config: event: 3c
157 [140493358884544] INFO perfrun.perfcollector <> - config1: frontend: 0
157 [140493358884544] INFO perfrun.perfcollector <> - config: inv: 0
157 [140493358884544] INFO perfrun.perfcollector <> - config1: ldlat: 0
158 [140493358884544] INFO perfrun.perfcollector <> - config1: offcore_rsp: 0
158 [140493358884544] INFO perfrun.perfcollector <> - config: pc: 0
158 [140493358884544] INFO perfrun.perfcollector <> - config: umask: 2
158 [140493358884544] INFO perfrun.perfcollector <> - format: cpu/event=0x3c,umask=0x2,name='CPU_CLK_UNHALTED.ONE_THREAD_ACTIVE'/
158 [140493358884544] INFO perfrun.perfcollector <> - event: 5: FP_ARITH_INST_RETIRED.SCALAR_SINGLE
159 [140493358884544] INFO perfrun.perfcollector <> - cccr: addr: 188, value: 5302c7
159 [140493358884544] INFO perfrun.perfcollector <> - data: addr: c3, value: ffffffffffe17b7d
159 [140493358884544] INFO perfrun.perfcollector <> - pmu config: cpu
159 [140493358884544] INFO perfrun.perfcollector <> - config: any: 0
159 [140493358884544] INFO perfrun.perfcollector <> - config: cmask: 0
160 [140493358884544] INFO perfrun.perfcollector <> - config: edge: 0
160 [140493358884544] INFO perfrun.perfcollector <> - config: event: c7
160 [140493358884544] INFO perfrun.perfcollector <> - config1: frontend: 0
160 [140493358884544] INFO perfrun.perfcollector <> - config: inv: 0
161 [140493358884544] INFO perfrun.perfcollector <> - config1: ldlat: 0
161 [140493358884544] INFO perfrun.perfcollector <> - config1: offcore_rsp: 0
161 [140493358884544] INFO perfrun.perfcollector <> - config: pc: 0
161 [140493358884544] INFO perfrun.perfcollector <> - config: umask: 2
161 [140493358884544] INFO perfrun.perfcollector <> - format: cpu/event=0xc7,umask=0x2,name='FP_ARITH_INST_RETIRED.SCALAR_SINGLE'/
161 [140493358884544] INFO perfrun.perfcollector <> - event: 6: FP_ARITH_INST_RETIRED.128B_PACKED_SINGLE
162 [140493358884544] INFO perfrun.perfcollector <> - cccr: addr: 189, value: 5308c7
162 [140493358884544] INFO perfrun.perfcollector <> - data: addr: c4, value: ffffffffffe17b7d
162 [140493358884544] INFO perfrun.perfcollector <> - pmu config: cpu
162 [140493358884544] INFO perfrun.perfcollector <> - config: any: 0
162 [140493358884544] INFO perfrun.perfcollector <> - config: cmask: 0
163 [140493358884544] INFO perfrun.perfcollector <> - config: edge: 0
163 [140493358884544] INFO perfrun.perfcollector <> - config: event: c7
163 [140493358884544] INFO perfrun.perfcollector <> - config1: frontend: 0
163 [140493358884544] INFO perfrun.perfcollector <> - config: inv: 0
163 [140493358884544] INFO perfrun.perfcollector <> - config1: ldlat: 0
164 [140493358884544] INFO perfrun.perfcollector <> - config1: offcore_rsp: 0
164 [140493358884544] INFO perfrun.perfcollector <> - config: pc: 0
164 [140493358884544] INFO perfrun.perfcollector <> - config: umask: 8
164 [140493358884544] INFO perfrun.perfcollector <> - format: cpu/event=0xc7,umask=0x8,name='FP_ARITH_INST_RETIRED.128B_PACKED_SINGLE'/
164 [140493358884544] INFO perfrun.perfcollector <> - event: 7: FP_ARITH_INST_RETIRED.256B_PACKED_SINGLE
165 [140493358884544] INFO perfrun.perfcollector <> - cccr: addr: 186, value: 5320c7
165 [140493358884544] INFO perfrun.perfcollector <> - data: addr: c1, value: ffffffffffe17b7d
165 [140493358884544] INFO perfrun.perfcollector <> - pmu config: cpu
165 [140493358884544] INFO perfrun.perfcollector <> - config: any: 0
165 [140493358884544] INFO perfrun.perfcollector <> - config: cmask: 0
166 [140493358884544] INFO perfrun.perfcollector <> - config: edge: 0
166 [140493358884544] INFO perfrun.perfcollector <> - config: event: c7
166 [140493358884544] INFO perfrun.perfcollector <> - config1: frontend: 0
166 [140493358884544] INFO perfrun.perfcollector <> - config: inv: 0
167 [140493358884544] INFO perfrun.perfcollector <> - config1: ldlat: 0
167 [140493358884544] INFO perfrun.perfcollector <> - config1: offcore_rsp: 0
167 [140493358884544] INFO perfrun.perfcollector <> - config: pc: 0
167 [140493358884544] INFO perfrun.perfcollector <> - config: umask: 20
168 [140493358884544] INFO perfrun.perfcollector <> - format: cpu/event=0xc7,umask=0x20,name='FP_ARITH_INST_RETIRED.256B_PACKED_SINGLE'/
168 [140493358884544] INFO perfrun.perfcollector <> - event: 8: FP_ARITH_INST_RETIRED.SCALAR_DOUBLE
168 [140493358884544] INFO perfrun.perfcollector <> - cccr: addr: 187, value: 5301c7
168 [140493358884544] INFO perfrun.perfcollector <> - data: addr: c2, value: ffffffffffe17b7d
169 [140493358884544] INFO perfrun.perfcollector <> - pmu config: cpu
169 [140493358884544] INFO perfrun.perfcollector <> - config: any: 0
169 [140493358884544] INFO perfrun.perfcollector <> - config: cmask: 0
169 [140493358884544] INFO perfrun.perfcollector <> - config: edge: 0
170 [140493358884544] INFO perfrun.perfcollector <> - config: event: c7
170 [140493358884544] INFO perfrun.perfcollector <> - config1: frontend: 0
171 [140493358884544] INFO perfrun.perfcollector <> - config: inv: 0
171 [140493358884544] INFO perfrun.perfcollector <> - config1: ldlat: 0
171 [140493358884544] INFO perfrun.perfcollector <> - config1: offcore_rsp: 0
171 [140493358884544] INFO perfrun.perfcollector <> - config: pc: 0
172 [140493358884544] INFO perfrun.perfcollector <> - config: umask: 1
172 [140493358884544] INFO perfrun.perfcollector <> - format: cpu/event=0xc7,umask=0x1,name='FP_ARITH_INST_RETIRED.SCALAR_DOUBLE'/
172 [140493358884544] INFO perfrun.perfcollector <> - event: 9: FP_ARITH_INST_RETIRED.128B_PACKED_DOUBLE
172 [140493358884544] INFO perfrun.perfcollector <> - cccr: addr: 188, value: 5304c7
173 [140493358884544] INFO perfrun.perfcollector <> - data: addr: c3, value: ffffffffffe17b7d
173 [140493358884544] INFO perfrun.perfcollector <> - pmu config: cpu
173 [140493358884544] INFO perfrun.perfcollector <> - config: any: 0
173 [140493358884544] INFO perfrun.perfcollector <> - config: cmask: 0
174 [140493358884544] INFO perfrun.perfcollector <> - config: edge: 0
174 [140493358884544] INFO perfrun.perfcollector <> - config: event: c7
174 [140493358884544] INFO perfrun.perfcollector <> - config1: frontend: 0
174 [140493358884544] INFO perfrun.perfcollector <> - config: inv: 0
174 [140493358884544] INFO perfrun.perfcollector <> - config1: ldlat: 0
175 [140493358884544] INFO perfrun.perfcollector <> - config1: offcore_rsp: 0
175 [140493358884544] INFO perfrun.perfcollector <> - config: pc: 0
175 [140493358884544] INFO perfrun.perfcollector <> - config: umask: 4
175 [140493358884544] INFO perfrun.perfcollector <> - format: cpu/event=0xc7,umask=0x4,name='FP_ARITH_INST_RETIRED.128B_PACKED_DOUBLE'/
175 [140493358884544] INFO perfrun.perfcollector <> - event: 10: FP_ARITH_INST_RETIRED.256B_PACKED_DOUBLE
176 [140493358884544] INFO perfrun.perfcollector <> - cccr: addr: 189, value: 5310c7
176 [140493358884544] INFO perfrun.perfcollector <> - data: addr: c4, value: ffffffffffe17b7d
176 [140493358884544] INFO perfrun.perfcollector <> - pmu config: cpu
176 [140493358884544] INFO perfrun.perfcollector <> - config: any: 0
176 [140493358884544] INFO perfrun.perfcollector <> - config: cmask: 0
177 [140493358884544] INFO perfrun.perfcollector <> - config: edge: 0
177 [140493358884544] INFO perfrun.perfcollector <> - config: event: c7
177 [140493358884544] INFO perfrun.perfcollector <> - config1: frontend: 0
177 [140493358884544] INFO perfrun.perfcollector <> - config: inv: 0
178 [140493358884544] INFO perfrun.perfcollector <> - config1: ldlat: 0
178 [140493358884544] INFO perfrun.perfcollector <> - config1: offcore_rsp: 0
178 [140493358884544] INFO perfrun.perfcollector <> - config: pc: 0
178 [140493358884544] INFO perfrun.perfcollector <> - config: umask: 10
178 [140493358884544] INFO perfrun.perfcollector <> - format: cpu/event=0xc7,umask=0x10,name='FP_ARITH_INST_RETIRED.256B_PACKED_DOUBLE'/
179 [140493358884544] INFO perfrun.perfcollector <> - event: 11: UOPS_EXECUTED.X87
179 [140493358884544] INFO perfrun.perfcollector <> - cccr: addr: 186, value: 5310b1
179 [140493358884544] INFO perfrun.perfcollector <> - data: addr: c1, value: ffffffffffe17b7d
179 [140493358884544] INFO perfrun.perfcollector <> - pmu config: cpu
180 [140493358884544] INFO perfrun.perfcollector <> - config: any: 0
180 [140493358884544] INFO perfrun.perfcollector <> - config: cmask: 0
180 [140493358884544] INFO perfrun.perfcollector <> - config: edge: 0
180 [140493358884544] INFO perfrun.perfcollector <> - config: event: b1
180 [140493358884544] INFO perfrun.perfcollector <> - config1: frontend: 0
181 [140493358884544] INFO perfrun.perfcollector <> - config: inv: 0
181 [140493358884544] INFO perfrun.perfcollector <> - config1: ldlat: 0
181 [140493358884544] INFO perfrun.perfcollector <> - config1: offcore_rsp: 0
181 [140493358884544] INFO perfrun.perfcollector <> - config: pc: 0
181 [140493358884544] INFO perfrun.perfcollector <> - config: umask: 10
182 [140493358884544] INFO perfrun.perfcollector <> - format: cpu/event=0xb1,umask=0x10,name='UOPS_EXECUTED.X87'/
182 [140493358884544] INFO perfrun.perfcollector <> - event: 12: UOPS_RETIRED.RETIRE_SLOTS
182 [140493358884544] INFO perfrun.perfcollector <> - cccr: addr: 187, value: 5302c2
182 [140493358884544] INFO perfrun.perfcollector <> - data: addr: c2, value: ffffffffffe17b7d
182 [140493358884544] INFO perfrun.perfcollector <> - pmu config: cpu
183 [140493358884544] INFO perfrun.perfcollector <> - config: any: 0
183 [140493358884544] INFO perfrun.perfcollector <> - config: cmask: 0
183 [140493358884544] INFO perfrun.perfcollector <> - config: edge: 0
183 [140493358884544] INFO perfrun.perfcollector <> - config: event: c2
184 [140493358884544] INFO perfrun.perfcollector <> - config1: frontend: 0
184 [140493358884544] INFO perfrun.perfcollector <> - config: inv: 0
184 [140493358884544] INFO perfrun.perfcollector <> - config1: ldlat: 0
184 [140493358884544] INFO perfrun.perfcollector <> - config1: offcore_rsp: 0
184 [140493358884544] INFO perfrun.perfcollector <> - config: pc: 0
184 [140493358884544] INFO perfrun.perfcollector <> - config: umask: 2
185 [140493358884544] INFO perfrun.perfcollector <> - format: cpu/event=0xc2,umask=0x2,name='UOPS_RETIRED.RETIRE_SLOTS'/
185 [140493358884544] INFO perfrun.perfcollector <> - event: 13: UOPS_EXECUTED.THREAD
185 [140493358884544] INFO perfrun.perfcollector <> - cccr: addr: 188, value: 5301b1
185 [140493358884544] INFO perfrun.perfcollector <> - data: addr: c3, value: ffffffffffe17b7d
185 [140493358884544] INFO perfrun.perfcollector <> - pmu config: cpu
186 [140493358884544] INFO perfrun.perfcollector <> - config: any: 0
186 [140493358884544] INFO perfrun.perfcollector <> - config: cmask: 0
186 [140493358884544] INFO perfrun.perfcollector <> - config: edge: 0
186 [140493358884544] INFO perfrun.perfcollector <> - config: event: b1
187 [140493358884544] INFO perfrun.perfcollector <> - config1: frontend: 0
187 [140493358884544] INFO perfrun.perfcollector <> - config: inv: 0
187 [140493358884544] INFO perfrun.perfcollector <> - config1: ldlat: 0
187 [140493358884544] INFO perfrun.perfcollector <> - config1: offcore_rsp: 0
187 [140493358884544] INFO perfrun.perfcollector <> - config: pc: 0
188 [140493358884544] INFO perfrun.perfcollector <> - config: umask: 1
188 [140493358884544] INFO perfrun.perfcollector <> - format: cpu/event=0xb1,umask=0x1,name='UOPS_EXECUTED.THREAD'/
188 [140493358884544] INFO perfrun.perfcollector <> - event: cpu/event=0x3c,name='CPU_CLK_UNHALTED.THREAD'/Duk, added for counting
188 [140493358884544] INFO perfrun.perfcollector <> - event: cpu/umask=0x3,name='CPU_CLK_UNHALTED.REF_TSC'/Duk, added for counting
188 [140493358884544] INFO perfrun.perfcollector <> - event: cpu/event=0xc0,name='INST_RETIRED.ANY'/Duk, added for counting
189 [140493358884544] INFO perfrun.perfcollector <> - event: cpu/event=0x3c,umask=0x1,name='CPU_CLK_UNHALTED.REF_XCLK'/uk, added for counting
189 [140493358884544] INFO perfrun.perfcollector <> - event: cpu/event=0x3c,umask=0x2,name='CPU_CLK_UNHALTED.ONE_THREAD_ACTIVE'/uk, added for counting
189 [140493358884544] INFO perfrun.perfcollector <> - event: cpu/event=0xc7,umask=0x2,name='FP_ARITH_INST_RETIRED.SCALAR_SINGLE'/uk, added for counting
189 [140493358884544] INFO perfrun.perfcollector <> - event: cpu/event=0xc7,umask=0x8,name='FP_ARITH_INST_RETIRED.128B_PACKED_SINGLE'/uk, added for counting
190 [140493358884544] INFO perfrun.perfcollector <> - event: cpu/event=0xc7,umask=0x20,name='FP_ARITH_INST_RETIRED.256B_PACKED_SINGLE'/uk, added for counting
190 [140493358884544] INFO perfrun.perfcollector <> - event: cpu/event=0xc7,umask=0x1,name='FP_ARITH_INST_RETIRED.SCALAR_DOUBLE'/uk, added for counting
190 [140493358884544] INFO perfrun.perfcollector <> - event: cpu/event=0xc7,umask=0x4,name='FP_ARITH_INST_RETIRED.128B_PACKED_DOUBLE'/uk, added for counting
191 [140493358884544] INFO perfrun.perfcollector <> - event: cpu/event=0xc7,umask=0x10,name='FP_ARITH_INST_RETIRED.256B_PACKED_DOUBLE'/uk, added for counting
191 [140493358884544] INFO perfrun.perfcollector <> - event: cpu/event=0xb1,umask=0x10,name='UOPS_EXECUTED.X87'/uk, added for counting
191 [140493358884544] INFO perfrun.perfcollector <> - event: cpu/event=0xc2,umask=0x2,name='UOPS_RETIRED.RETIRE_SLOTS'/uk, added for counting
191 [140493358884544] INFO perfrun.perfcollector <> - event: cpu/event=0xb1,umask=0x1,name='UOPS_EXECUTED.THREAD'/uk, added for counting
192 [140493358884544] INFO perfrun.perfcollector <> - attaching to pid: 4294967295, m_mode: 10, mode: 3
193 [140493279196864] INFO perfrun.perfcollector <> - Perf stat trace pipe capacity: read = 1048576, write = 1048576
194 [140493270804160] INFO perfrun.sdk <> - Reading value (0-7) from file: /sys/devices/system/cpu/cpu0/topology/core_siblings_list
198 [140493270804160] INFO perfrun.sdk <> - Reading value (0-1) from file: /sys/devices/system/cpu/cpu0/topology/thread_siblings_list
199 [140493270804160] INFO perfrun.sdk <> - Reading value (0-7) from file: /sys/devices/system/cpu/cpu1/topology/core_siblings_list
199 [140493270804160] INFO perfrun.sdk <> - Reading value (0-1) from file: /sys/devices/system/cpu/cpu1/topology/thread_siblings_list
199 [140493270804160] INFO perfrun.sdk <> - Reading value (0-7) from file: /sys/devices/system/cpu/cpu2/topology/core_siblings_list
200 [140493270804160] INFO perfrun.sdk <> - Reading value (2-3) from file: /sys/devices/system/cpu/cpu2/topology/thread_siblings_list
200 [140493270804160] INFO perfrun.sdk <> - Reading value (0-7) from file: /sys/devices/system/cpu/cpu3/topology/core_siblings_list
200 [140493270804160] INFO perfrun.sdk <> - Reading value (2-3) from file: /sys/devices/system/cpu/cpu3/topology/thread_siblings_list
201 [140493270804160] INFO perfrun.sdk <> - Reading value (0-7) from file: /sys/devices/system/cpu/cpu4/topology/core_siblings_list
201 [140493270804160] INFO perfrun.sdk <> - Reading value (4-5) from file: /sys/devices/system/cpu/cpu4/topology/thread_siblings_list
201 [140493270804160] INFO perfrun.sdk <> - Reading value (0-7) from file: /sys/devices/system/cpu/cpu5/topology/core_siblings_list
202 [140493270804160] INFO perfrun.sdk <> - Reading value (4-5) from file: /sys/devices/system/cpu/cpu5/topology/thread_siblings_list
202 [140493270804160] INFO perfrun.sdk <> - Reading value (0-7) from file: /sys/devices/system/cpu/cpu6/topology/core_siblings_list
203 [140493270804160] INFO perfrun.sdk <> - Reading value (6-7) from file: /sys/devices/system/cpu/cpu6/topology/thread_siblings_list
203 [140493270804160] INFO perfrun.sdk <> - Reading value (0-7) from file: /sys/devices/system/cpu/cpu7/topology/core_siblings_list
203 [140493270804160] INFO perfrun.sdk <> - Reading value (6-7) from file: /sys/devices/system/cpu/cpu7/topology/thread_siblings_list
203 [140493270804160] ERROR perfrun.sdk <> - boost::filesystem::exists(filename) 'gh2::error::IsNot.Valid.File(filename):/sys/bus/event_source/devices/cpu_core/cpus'
_sdks/release_posix-x86_64_icx_2023.0.0_gnutools_9.2_binutils_2.28/perfrun_1.36.3/include/perfrun1/sdk/utils.hpp(777): gh2::error_code_t runtool::sdk::loadFileValue(RetType &, const cpil2::uchar_t *) [RetType = std::basic_string<char>]
, at file: _sdks/release_posix-x86_64_icx_2023.0.0_gnutools_9.2_binutils_2.28/perfrun_1.36.3/include/perfrun1/sdk/utils.hpp:777
203 [140493270804160] ERROR perfrun.sdk <> - boost::filesystem::exists(filename) 'gh2::error::IsNot.Valid.File(filename):/sys/bus/event_source/devices/cpu_atom/cpus'
_sdks/release_posix-x86_64_icx_2023.0.0_gnutools_9.2_binutils_2.28/perfrun_1.36.3/include/perfrun1/sdk/utils.hpp(777): gh2::error_code_t runtool::sdk::loadFileValue(RetType &, const cpil2::uchar_t *) [RetType = std::basic_string<char>]
, at file: _sdks/release_posix-x86_64_icx_2023.0.0_gnutools_9.2_binutils_2.28/perfrun_1.36.3/include/perfrun1/sdk/utils.hpp:777
204 [140493279196864] INFO perfrun.sdk <> - runCmd: /opt/intel/oneapi/vtune/2025.3/bin64/amplxe-perf stat -v --log-fd 10 --scale -x ; -e cpu/event=0x3c,name='CPU_CLK_UNHALTED.THREAD'/Duk,cpu/umask=0x3,name='CPU_CLK_UNHALTED.REF_TSC'/Duk,cpu/event=0xc0,name='INST_RETIRED.ANY'/Duk,cpu/event=0x3c,umask=0x1,name='CPU_CLK_UNHALTED.REF_XCLK'/uk,cpu/event=0x3c,umask=0x2,name='CPU_CLK_UNHALTED.ONE_THREAD_ACTIVE'/uk,cpu/event=0xc7,umask=0x2,name='FP_ARITH_INST_RETIRED.SCALAR_SINGLE'/uk,cpu/event=0xc7,umask=0x8,name='FP_ARITH_INST_RETIRED.128B_PACKED_SINGLE'/uk,cpu/event=0xc7,umask=0x20,name='FP_ARITH_INST_RETIRED.256B_PACKED_SINGLE'/uk,cpu/event=0xc7,umask=0x1,name='FP_ARITH_INST_RETIRED.SCALAR_DOUBLE'/uk,cpu/event=0xc7,umask=0x4,name='FP_ARITH_INST_RETIRED.128B_PACKED_DOUBLE'/uk,cpu/event=0xc7,umask=0x10,name='FP_ARITH_INST_RETIRED.256B_PACKED_DOUBLE'/uk,cpu/event=0xb1,umask=0x10,name='UOPS_EXECUTED.X87'/uk,cpu/event=0xc2,umask=0x2,name='UOPS_RETIRED.RETIRE_SLOTS'/uk,cpu/event=0xb1,umask=0x1,name='UOPS_EXECUTED.THREAD'/uk /opt/intel/oneapi/vtune/2025.3/bin64/amplxe-perf-sync dryrun tsc
212 [140493279196864] INFO perfrun.sdk <> - runCmd started PID 7170
246 [140493279196864] INFO perfrun.perfcollector <> - Monitor: runCmd RC = true
261 [140493358884544] INFO perfrun.launcher <> - plugin [aoclprofile] was disabled because it doesn't support the given collection type.
262 [140493358884544] INFO perfrun.tpss <> - initialize tpss controller
288 [140493358884544] INFO perfrun.tpss <> - configure collection mode: value = cpu:counters:nostack
290 [140493358884544] INFO perfrun.tpss <> - configure collection mode: value = cpu:stack
301 [140493358884544] INFO perfrun.tpss <> - default obj-size-min=1024
301 [140493358884544] INFO perfrun.tpss <> - default hash-table-size=0
302 [140493358884544] INFO perfrun.launcher <> - plugin [media] was disabled because it doesn't support the given collection type.
302 [140493358884544] INFO perfrun.launcher <> - plugin [] was disabled because it doesn't support the given collection type.
302 [140493358884544] INFO perfrun.launcher <> - plugin [] was disabled because it doesn't support the given collection type.
302 [140493358884544] INFO perfrun.launcher <> - plugin [parallelfs] was disabled because it doesn't support the given collection type.
304 [140493358884544] INFO perfrun.launcher <> - plugin [power] was disabled because it doesn't support the given collection type.
306 [140493358884544] INFO perfrun.launcher <> - plugin [] was disabled because it doesn't support the given collection type.
308 [140493358884544] INFO perfrun.launcher <> - plugin [] was disabled because it doesn't support the given collection type.
309 [140493358884544] INFO perfrun.launcher <> - plugin [] was disabled because it doesn't support the given collection type.
313 [140493358884544] INFO perfrun.launcher <> - plugin [l0_metrics] was disabled because it doesn't support the given collection type.
313 [140493358884544] INFO perfrun.launcher <> - plugin [stall_reasons] was disabled because it doesn't support the given collection type.
314 [140493514366080] INFO perfrun.launcher <> - set environment variable: LD_LIBRARY_PATH = /opt/intel/oneapi/vtune/2025.3/lib32/runtime:/opt/intel/oneapi/vtune/2025.3/lib64/runtime:/opt/intel/oneapi/tcm/1.3/lib:/opt/intel/oneapi/umf/0.10/lib:/opt/intel/oneapi/tbb/2022.1/env/../lib/intel64/gcc4.8:/opt/intel/oneapi/pti/0.12/lib:/opt/intel/oneapi/mkl/2025.1/lib:/opt/intel/oneapi/ipp/2022.1/lib:/opt/intel/oneapi/compiler/2025.1/opt/compiler/lib:/opt/intel/oneapi/compiler/2025.1/lib
315 [140493514366080] INFO perfrun.launcher <> - set environment variable: INTEL_LIBITTNOTIFY32 = /opt/intel/oneapi/vtune/2025.3/lib32/runtime/libittnotify_collector.so
318 [140493514366080] INFO perfrun.launcher <> - set environment variable: INTEL_LIBITTNOTIFY64 = /opt/intel/oneapi/vtune/2025.3/lib64/runtime/libittnotify_collector.so
338 [140493514366080] INFO perfrun.launcher <> - set environment variable: INTEL_ITTNOTIFY_GROUPS = 
362 [140493514366080] INFO perfrun.launcher <> - set environment variable: INTEL_JIT_PROFILER32 = /opt/intel/oneapi/vtune/2025.3/lib32/runtime/libittnotify_collector.so
366 [140493514366080] INFO perfrun.launcher <> - set environment variable: INTEL_JIT_PROFILER64 = /opt/intel/oneapi/vtune/2025.3/lib64/runtime/libittnotify_collector.so
368 [140493514366080] INFO perfrun.launcher <> - set environment variable: CCL_ITT_LEVEL = 1
369 [140493514366080] INFO perfrun.launcher <> - set environment variable: ENABLE_JITPROFILING = 1
369 [140493514366080] INFO perfrun.launcher <> - set environment variable: CL_CONFIG_USE_VTUNE = True
370 [140493514366080] INFO perfrun.launcher <> - set environment variable: LD_PRELOAD = libittnotify_collector.so:
371 [140493514366080] INFO perfrun.launcher <> - set environment variable: KMP_FORKJOIN_FRAMES = 0
373 [140493514366080] INFO perfrun.launcher <> - set environment variable: KMP_FORKJOIN_FRAMES_MODE = 0
374 [140493514366080] INFO perfrun.launcher <> - set environment variable: INTEL_MRTE_DATA_DIR = /tmp/amplxe-tmp-azfar/amplxe-res-7146-24944865250148/data.0
374 [140493514366080] INFO perfrun.launcher <> - set environment variable: INTEL_MRTE_HOST_NAME = DESKTOP-GRRJ2VV
377 [140493514366080] INFO perfrun.launcher <> - set environment variable: JAVA_TOOL_OPTIONS = -agentlib:amplxe_samplingmrte_javaprof_1.0 -Dsun.boot.library.path=/opt/intel/oneapi/vtune/2025.3/lib32/runtime:/opt/intel/oneapi/vtune/2025.3/lib64/runtime
378 [140493514366080] INFO perfrun.launcher <> - set environment variable: LD_LIBRARY_PATH = /opt/intel/oneapi/vtune/2025.3/lib32/runtime:/opt/intel/oneapi/vtune/2025.3/lib64/runtime:/opt/intel/oneapi/tcm/1.3/lib:/opt/intel/oneapi/umf/0.10/lib:/opt/intel/oneapi/tbb/2022.1/env/../lib/intel64/gcc4.8:/opt/intel/oneapi/pti/0.12/lib:/opt/intel/oneapi/mkl/2025.1/lib:/opt/intel/oneapi/ipp/2022.1/lib:/opt/intel/oneapi/compiler/2025.1/opt/compiler/lib:/opt/intel/oneapi/compiler/2025.1/lib
379 [140493514366080] INFO perfrun.launcher <> - set environment variable: CORECLR_ENABLE_PROFILING = 1
379 [140493514366080] INFO perfrun.launcher <> - set environment variable: CORECLR_PROFILER = {AA5E4821-E3B1-479c-B7FF-5AD047D22CED}
380 [140493514366080] INFO perfrun.launcher <> - set environment variable: CORECLR_PROFILER_PATH = /opt/intel/oneapi/vtune/2025.3/lib64/libamplxe_samplingmrte_clrprof_1.0.so
381 [140493514366080] INFO perfrun.launcher <> - set environment variable: INTEL_MRTE_PROFILER_MODE = mixed
382 [140493514366080] INFO perfrun.launcher <> - RpcServer: run RPC server to handle requests
390 [140493514366080] INFO perfrun.launcher <> - Launcher: command line to start before modification = ./test1 changes.txt 0
393 [140493514366080] INFO perfrun.launcher <> - Launcher: command line to start after modification = /opt/intel/oneapi/vtune/2025.3/bin64/pin -error_file /tmp/amplxe-tmp-azfar/amplxe-res-7146-24944865250148/data.0/pinerr.tpsslog -detach_reattach -follow_execv -tool_load_option deepbind -t64 /opt/intel/oneapi/vtune/2025.3/lib64/libtpsstool.so -t /opt/intel/oneapi/vtune/2025.3/lib32/libtpsstool.so -server_name tpss_ipc.7146 -prd_dir /opt/intel/oneapi/vtune/2025.3 -- ./test1 changes.txt 0
710 [140493514366080] INFO perfrun.launcher <> - ProcessCreator object was created
711 [140493514366080] INFO perfrun.launcher <> - Launcher: the process was started in suspend mode
712 [140493358884544] WARN perfrun.system <> - Could not do anything with /sys/kernel/debug/kvm: boost::filesystem::status: Permission denied [system:13]: "/sys/kernel/debug/kvm", at file: vcs/perfrun1/plugins/system/src/trace_writer.cpp:787
713 [140493358884544] WARN perfrun.system <> - Folder "/var/run/libvirt/qemu/"doesn't exist, at file: vcs/perfrun1/plugins/system/src/trace_writer.cpp:800
713 [140493358884544] INFO perfrun.itt <> - start itt controller for pid #7209
713 [140493358884544] INFO perfrun.perfcollector <> - attaching to pid: 7209, m_mode: 10, mode: 11
714 [140493254018752] INFO perfrun.perfcollector <> - Perf stat trace pipe capacity: read = 1048576, write = 1048576
714 [140493279196864] INFO perfrun.sdk <> - Reading value (0-7) from file: /sys/devices/system/cpu/cpu0/topology/core_siblings_list
714 [140493279196864] INFO perfrun.sdk <> - Reading value (0-1) from file: /sys/devices/system/cpu/cpu0/topology/thread_siblings_list
714 [140493279196864] INFO perfrun.sdk <> - Reading value (0-7) from file: /sys/devices/system/cpu/cpu1/topology/core_siblings_list
715 [140493279196864] INFO perfrun.sdk <> - Reading value (0-1) from file: /sys/devices/system/cpu/cpu1/topology/thread_siblings_list
715 [140493279196864] INFO perfrun.sdk <> - Reading value (0-7) from file: /sys/devices/system/cpu/cpu2/topology/core_siblings_list
715 [140493279196864] INFO perfrun.sdk <> - Reading value (2-3) from file: /sys/devices/system/cpu/cpu2/topology/thread_siblings_list
715 [140493279196864] INFO perfrun.sdk <> - Reading value (0-7) from file: /sys/devices/system/cpu/cpu3/topology/core_siblings_list
715 [140493279196864] INFO perfrun.sdk <> - Reading value (2-3) from file: /sys/devices/system/cpu/cpu3/topology/thread_siblings_list
716 [140493279196864] INFO perfrun.sdk <> - Reading value (0-7) from file: /sys/devices/system/cpu/cpu4/topology/core_siblings_list
716 [140493279196864] INFO perfrun.sdk <> - Reading value (4-5) from file: /sys/devices/system/cpu/cpu4/topology/thread_siblings_list
716 [140493279196864] INFO perfrun.sdk <> - Reading value (0-7) from file: /sys/devices/system/cpu/cpu5/topology/core_siblings_list
716 [140493279196864] INFO perfrun.sdk <> - Reading value (4-5) from file: /sys/devices/system/cpu/cpu5/topology/thread_siblings_list
716 [140493279196864] INFO perfrun.sdk <> - Reading value (0-7) from file: /sys/devices/system/cpu/cpu6/topology/core_siblings_list
716 [140493279196864] INFO perfrun.sdk <> - Reading value (6-7) from file: /sys/devices/system/cpu/cpu6/topology/thread_siblings_list
716 [140493279196864] INFO perfrun.sdk <> - Reading value (0-7) from file: /sys/devices/system/cpu/cpu7/topology/core_siblings_list
717 [140493279196864] INFO perfrun.sdk <> - Reading value (6-7) from file: /sys/devices/system/cpu/cpu7/topology/thread_siblings_list
717 [140493279196864] ERROR perfrun.sdk <> - boost::filesystem::exists(filename) 'gh2::error::IsNot.Valid.File(filename):/sys/bus/event_source/devices/cpu_core/cpus'
_sdks/release_posix-x86_64_icx_2023.0.0_gnutools_9.2_binutils_2.28/perfrun_1.36.3/include/perfrun1/sdk/utils.hpp(777): gh2::error_code_t runtool::sdk::loadFileValue(RetType &, const cpil2::uchar_t *) [RetType = std::basic_string<char>]
, at file: _sdks/release_posix-x86_64_icx_2023.0.0_gnutools_9.2_binutils_2.28/perfrun_1.36.3/include/perfrun1/sdk/utils.hpp:777
717 [140493279196864] ERROR perfrun.sdk <> - boost::filesystem::exists(filename) 'gh2::error::IsNot.Valid.File(filename):/sys/bus/event_source/devices/cpu_atom/cpus'
_sdks/release_posix-x86_64_icx_2023.0.0_gnutools_9.2_binutils_2.28/perfrun_1.36.3/include/perfrun1/sdk/utils.hpp(777): gh2::error_code_t runtool::sdk::loadFileValue(RetType &, const cpil2::uchar_t *) [RetType = std::basic_string<char>]
, at file: _sdks/release_posix-x86_64_icx_2023.0.0_gnutools_9.2_binutils_2.28/perfrun_1.36.3/include/perfrun1/sdk/utils.hpp:777
717 [140493254018752] INFO perfrun.sdk <> - runCmd: /opt/intel/oneapi/vtune/2025.3/bin64/amplxe-perf stat -v --log-fd 21 --control=fd:22,25 --scale -x ; -p 7209 -e cpu/event=0x3c,name='CPU_CLK_UNHALTED.THREAD'/Duk,cpu/umask=0x3,name='CPU_CLK_UNHALTED.REF_TSC'/Duk,cpu/event=0xc0,name='INST_RETIRED.ANY'/Duk,cpu/event=0x3c,umask=0x1,name='CPU_CLK_UNHALTED.REF_XCLK'/uk,cpu/event=0x3c,umask=0x2,name='CPU_CLK_UNHALTED.ONE_THREAD_ACTIVE'/uk,cpu/event=0xc7,umask=0x2,name='FP_ARITH_INST_RETIRED.SCALAR_SINGLE'/uk,cpu/event=0xc7,umask=0x8,name='FP_ARITH_INST_RETIRED.128B_PACKED_SINGLE'/uk,cpu/event=0xc7,umask=0x20,name='FP_ARITH_INST_RETIRED.256B_PACKED_SINGLE'/uk,cpu/event=0xc7,umask=0x1,name='FP_ARITH_INST_RETIRED.SCALAR_DOUBLE'/uk,cpu/event=0xc7,umask=0x4,name='FP_ARITH_INST_RETIRED.128B_PACKED_DOUBLE'/uk,cpu/event=0xc7,umask=0x10,name='FP_ARITH_INST_RETIRED.256B_PACKED_DOUBLE'/uk,cpu/event=0xb1,umask=0x10,name='UOPS_EXECUTED.X87'/uk,cpu/event=0xc2,umask=0x2,name='UOPS_RETIRED.RETIRE_SLOTS'/uk,cpu/event=0xb1,umask=0x1,name='UOPS_EXECUTED.THREAD'/uk /opt/intel/oneapi/vtune/2025.3/bin64/amplxe-perf-sync sync tsc
718 [140493254018752] INFO perfrun.sdk <> - runCmd started PID 7215
731 [140493358884544] INFO perfrun.tpss <> - start tpss controller for pid #7209
782 [140493514366080] INFO perfrun.launcher <> - Launcher: all plugins were started
783 [140493514366080] INFO perfrun.launcher <> - DirectoryMonitor object was created
783 [140493514366080] INFO perfrun.launcher <> - DirectoryMonitor: a callback was added
783 [140493514366080] INFO perfrun.launcher <> - DirectoryMonitor was started with pingTime = 1000
783 [140493514366080] INFO perfrun.launcher <> - DeadlineTimer is going to be constructed
784 [140493514366080] INFO perfrun.launcher <> - DeadlineTimer: a callback was added
786 [140493514366080] INFO perfrun.launcher <> - Launcher: resume the profiled application and  wait its termination or stop command
6454 [140493514366080] INFO perfrun.launcher <> - Launcher: the profiled application was terminated  with exit code = 0
6458 [140493358884544] INFO perfrun.itt <> - detach itt controller
6458 [140493358884544] INFO perfrun.itt <> - detach itt controller done
6459 [140493254018752] INFO perfrun.perfcollector <> - Monitor: runCmd RC = true
6460 [140493358884544] INFO perfrun.perfcollector <> - Monitor: state = 3, error = 1
6460 [140493358884544] INFO perfrun.tpss <> - stop tpss controller
6462 [140493358884544] INFO perfrun.sdk <> - De-allocating TMU: /tmp/amplxe-tmp-azfar/amplxe-res-7146-24944865250148/data.0/systemcollector-7146-DESKTOP-GRRJ2VV.sc
6463 [140493358884544] INFO perfrun.system <> - closed the system trace file: /tmp/amplxe-tmp-azfar/amplxe-res-7146-24944865250148/data.0/systemcollector-7146-DESKTOP-GRRJ2VV.sc
6463 [140493514366080] INFO perfrun.launcher <> - Launcher: all plugins were stopped.
6463 [140493514366080] INFO perfrun.launcher <> - DeadlineTimer is going to be destroyed
6463 [140493514366080] INFO perfrun.launcher <> - DeadlineTimer was destroyed
6463 [140493514366080] INFO perfrun.launcher <> - DirectoryMonitor object was destroyed
6464 [140493514366080] WARN perfrun.launcher <> - Stop command is ignored because it is received when collection is already stopped, at file: vcs/perfrun1/launcher/src/command_handler.cpp:226
6668 [140493514366080] INFO perfrun.launcher <> - Application exit code: 0
6668 [140493514366080] INFO perfrun.launcher <> - Exit code: 0
