4 [139800336649344] INFO perfrun.launcher <> - Launcher main begin
5 [139800336649344] INFO perfrun.launcher <> - MessageCatalogInit finished
5 [139800336649344] INFO perfrun.launcher <> - Launcher instance created
5 [139800336649344] INFO perfrun.launcher <> - argc = 7; cmdline = /opt/intel/oneapi/vtune/2025.3/bin64/amplxe-runss --ui-output-format xml --ui-output-fd 5 --option-file /mnt/d/Semester 6/pdc/pdc_project/i221033_i220950_A_PDC_Project/vtune_hotspots416.DESKTOP-GRRJ2VV/config/runss.options 
46 [139800336649344] INFO perfrun.perfcollector <> - SEP tool path: /opt/intel/oneapi/vtune/2025.3/bin64/sep
66 [139800336649344] INFO perfrun.launcher <> - create msngr2::ICliToolContext
67 [139800336649344] INFO perfrun.launcher <> - create file finder object
67 [139800336649344] INFO perfrun.launcher <> - create a result directory: pattern = /mnt/d/Semester 6/pdc/pdc_project/i221033_i220950_A_PDC_Project/vtune_hotspots416.DESKTOP-GRRJ2VV pid = 4294967295
82 [139800336649344] INFO perfrun.sdk <> - checked that the directory /mnt/d/Semester 6/pdc/pdc_project/i221033_i220950_A_PDC_Project/vtune_hotspots416.DESKTOP-GRRJ2VV is a local directory
82 [139800336649344] INFO perfrun.sdk <> - the directory /mnt/d/Semester 6/pdc/pdc_project/i221033_i220950_A_PDC_Project/vtune_hotspots416.DESKTOP-GRRJ2VV is located on a share or its FS ID is unknown 16914839
83 [139800336649344] INFO perfrun.sdk <> - checked that the directory /tmp/amplxe-tmp-azfar is a local directory
83 [139800336649344] INFO perfrun.sdk <> - the directory /tmp/amplxe-tmp-azfar is a local directory with FS type ID 61267
88 [139800336649344] INFO perfrun.launcher <> - Create a local result directory /tmp/amplxe-tmp-azfar/amplxe-res-8108-25348329570197 due to the user result path /mnt/d/Semester 6/pdc/pdc_project/i221033_i220950_A_PDC_Project/vtune_hotspots416.DESKTOP-GRRJ2VV is located on a share
89 [139800336649344] INFO perfrun.launcher <> - create data directory = /tmp/amplxe-tmp-azfar/amplxe-res-8108-25348329570197/data.0
97 [139800336649344] INFO perfrun.launcher <> - create data directory = /mnt/d/Semester 6/pdc/pdc_project/i221033_i220950_A_PDC_Project/vtune_hotspots416.DESKTOP-GRRJ2VV/data.2
99 [139800336649344] INFO perfrun.launcher <> - Creating the master collection flag
99 [139800336649344] INFO perfrun.launcher <> - Done creating the master collection flag
100 [139800180942528] INFO perfrun.launcher <> - plugin [remoteplug] was disabled because it doesn't support the given collection type.
100 [139800180942528] INFO perfrun.sdk <> - Allocating TMU :/tmp/amplxe-tmp-azfar/amplxe-res-8108-25348329570197/data.0/systemcollector-8108-DESKTOP-GRRJ2VV.sc
100 [139800180942528] INFO perfrun.launcher <> - plugin [vdso] was disabled because it doesn't support the given collection type.
101 [139800180942528] INFO perfrun.launcher <> - plugin [ptracecollector] was disabled because it doesn't support the given collection type.
101 [139800180942528] INFO perfrun.launcher <> - plugin [gpu] was disabled because it doesn't support the given collection type.
101 [139800180942528] INFO perfrun.launcher <> - plugin [] was disabled because it doesn't support the given collection type.
101 [139800180942528] INFO perfrun.launcher <> - plugin [] was disabled because it doesn't support the given collection type.
101 [139800180942528] INFO perfrun.launcher <> - plugin [] was disabled because it doesn't support the given collection type.
102 [139800180942528] INFO perfrun.mrte <> - system-wide mode is 0
102 [139800180942528] INFO perfrun.mrte <> - Getting  mrte profiling environment ...
110 [139800180942528] INFO perfrun.mrte <> - INTEL_MRTE_DATA_DIR=/tmp/amplxe-tmp-azfar/amplxe-res-8108-25348329570197/data.0
111 [139800180942528] INFO perfrun.mrte <> - INTEL_MRTE_HOST_NAME=DESKTOP-GRRJ2VV
111 [139800180942528] INFO perfrun.mrte <> - JAVA_TOOL_OPTIONS=-agentlib:amplxe_samplingmrte_javaprof_1.0 -Dsun.boot.library.path=/opt/intel/oneapi/vtune/2025.3/lib32/runtime:/opt/intel/oneapi/vtune/2025.3/lib64/runtime
111 [139800180942528] INFO perfrun.mrte <> - LD_LIBRARY_PATH=/opt/intel/oneapi/vtune/2025.3/lib32/runtime:/opt/intel/oneapi/vtune/2025.3/lib64/runtime:/opt/intel/oneapi/tcm/1.3/lib:/opt/intel/oneapi/umf/0.10/lib:/opt/intel/oneapi/tbb/2022.1/env/../lib/intel64/gcc4.8:/opt/intel/oneapi/pti/0.12/lib:/opt/intel/oneapi/mkl/2025.1/lib:/opt/intel/oneapi/ipp/2022.1/lib:/opt/intel/oneapi/compiler/2025.1/opt/compiler/lib:/opt/intel/oneapi/compiler/2025.1/lib
111 [139800180942528] INFO perfrun.mrte <> - CORECLR_ENABLE_PROFILING=1
111 [139800180942528] INFO perfrun.mrte <> - CORECLR_PROFILER={AA5E4821-E3B1-479c-B7FF-5AD047D22CED}
112 [139800180942528] INFO perfrun.mrte <> - CORECLR_PROFILER_PATH=/opt/intel/oneapi/vtune/2025.3/lib64/libamplxe_samplingmrte_clrprof_1.0.so
112 [139800180942528] INFO perfrun.mrte <> - INTEL_MRTE_PROFILER_MODE=mixed
112 [139800180942528] INFO perfrun.mrte <> - Data directory: /tmp/amplxe-tmp-azfar/amplxe-res-8108-25348329570197/data.0
112 [139800180942528] INFO perfrun.mrte <> - Mrte plugin is initialized
112 [139800180942528] INFO perfrun.launcher <> - plugin [emon] was disabled because it doesn't support the given collection type.
113 [139800180942528] INFO perfrun.launcher <> - plugin [cuscol] was disabled because it doesn't support the given collection type.
113 [139800180942528] INFO perfrun.launcher <> - plugin [stdsrc] was disabled because it doesn't support the given collection type.
113 [139800180942528] INFO perfrun.launcher <> - plugin [sep] was disabled because it doesn't support the given collection type.
113 [139800180942528] INFO perfrun.launcher <> - plugin [vtsspp] was disabled because it doesn't support the given collection type.
113 [139800180942528] INFO perfrun.perfcollector <> - Platform type: 150
113 [139800180942528] INFO perfrun.sdk <> - Reading value (0) from file: /proc/sys/kernel/perf_event_paranoid
114 [139800180942528] INFO perfrun.perfcollector <> - checking access to: /opt/intel/oneapi/vtune/2025.3/bin64/amplxe-perf-priv
114 [139800180942528] INFO perfrun.perfcollector <> - dir found: /sys/bus/event_source/devices/software
114 [139800180942528] INFO perfrun.perfcollector <> - format: pmu format subdir doesn't exist
114 [139800180942528] INFO perfrun.perfcollector <> - hwInfo: not set, pmuFam: software
114 [139800180942528] INFO perfrun.perfcollector <> - pmu added: software, idx: 0
115 [139800180942528] INFO perfrun.perfcollector <> - dir found: /sys/bus/event_source/devices/uprobe
115 [139800180942528] INFO perfrun.perfcollector <> - format: ref_ctr_offset: config:32-63, mask:32-63
115 [139800180942528] INFO perfrun.perfcollector <> - format: retprobe: config:0, mask:0
115 [139800180942528] INFO perfrun.perfcollector <> - hwInfo: not set, pmuFam: uprobe
115 [139800180942528] INFO perfrun.perfcollector <> - pmu caps: raw,format
116 [139800180942528] INFO perfrun.perfcollector <> - pmu added: uprobe, idx: 0
116 [139800180942528] INFO perfrun.perfcollector <> - dir found: /sys/bus/event_source/devices/cpu
116 [139800180942528] INFO perfrun.perfcollector <> - format: event: config:0-7, mask:0-7
116 [139800180942528] INFO perfrun.perfcollector <> - format: pc: config:19, mask:19
116 [139800180942528] INFO perfrun.perfcollector <> - format: edge: config:18, mask:18
116 [139800180942528] INFO perfrun.perfcollector <> - format: any: config:21, mask:21
117 [139800180942528] INFO perfrun.perfcollector <> - format: offcore_rsp: config1:0-63, mask:0-63
117 [139800180942528] INFO perfrun.perfcollector <> - format: ldlat: config1:0-15, mask:0-15
117 [139800180942528] INFO perfrun.perfcollector <> - format: inv: config:23, mask:23
117 [139800180942528] INFO perfrun.perfcollector <> - format: umask: config:8-15, mask:8-15
117 [139800180942528] INFO perfrun.perfcollector <> - format: frontend: config1:0-23, mask:0-23
117 [139800180942528] INFO perfrun.perfcollector <> - format: cmask: config:24-31, mask:24-31
117 [139800180942528] INFO perfrun.perfcollector <> - hwInfo: PERF_CPU_PMU_DETAILS
118 [139800180942528] INFO perfrun.perfcollector <> - pmu caps: raw,format,events,ldlat,frontend,offcore_rsp
118 [139800180942528] INFO perfrun.perfcollector <> - pmu added: cpu, idx: 0
118 [139800180942528] INFO perfrun.perfcollector <> - dir found: /sys/bus/event_source/devices/breakpoint
118 [139800180942528] INFO perfrun.perfcollector <> - format: pmu format subdir doesn't exist
118 [139800180942528] INFO perfrun.perfcollector <> - hwInfo: not set, pmuFam: breakpoint
119 [139800180942528] INFO perfrun.perfcollector <> - pmu added: breakpoint, idx: 0
119 [139800180942528] INFO perfrun.perfcollector <> - dir found: /sys/bus/event_source/devices/tracepoint
119 [139800180942528] INFO perfrun.perfcollector <> - format: pmu format subdir doesn't exist
119 [139800180942528] INFO perfrun.perfcollector <> - hwInfo: not set, pmuFam: tracepoint
119 [139800180942528] INFO perfrun.perfcollector <> - pmu added: tracepoint, idx: 0
119 [139800180942528] INFO perfrun.perfcollector <> - dir found: /sys/bus/event_source/devices/kprobe
120 [139800180942528] INFO perfrun.perfcollector <> - format: retprobe: config:0, mask:0
120 [139800180942528] INFO perfrun.perfcollector <> - hwInfo: not set, pmuFam: kprobe
120 [139800180942528] INFO perfrun.perfcollector <> - pmu caps: raw,format
120 [139800180942528] INFO perfrun.perfcollector <> - pmu added: kprobe, idx: 0
120 [139800180942528] INFO perfrun.perfcollector <> - dir found: /sys/bus/event_source/devices/msr
120 [139800180942528] INFO perfrun.perfcollector <> - format: event: config:0-63, mask:0-63
121 [139800180942528] INFO perfrun.perfcollector <> - hwInfo: not set, pmuFam: msr
121 [139800180942528] INFO perfrun.perfcollector <> - pmu caps: raw,format,events
121 [139800180942528] INFO perfrun.perfcollector <> - pmu added: msr, idx: 0
121 [139800180942528] INFO perfrun.perfcollector <> - Perf tool path: /opt/intel/oneapi/vtune/2025.3/bin64/amplxe-perf
121 [139800180942528] INFO perfrun.perfcollector <> - Data directory: /tmp/amplxe-tmp-azfar/amplxe-res-8108-25348329570197/data.0
122 [139800180942528] INFO perfrun.perfcollector <> - Temp directory: /tmp/amplxe-tmp-azfar
122 [139800180942528] INFO perfrun.perfcollector <> - Perf sync path: /opt/intel/oneapi/vtune/2025.3/bin64/amplxe-perf-sync
122 [139800180942528] INFO perfrun.perfcollector <> - Hypervisor = Microsoft Hv
122 [139800180942528] INFO perfrun.perfcollector <> - Counting mode is requested
122 [139800180942528] INFO perfrun.perfcollector <> - Sample after multiplier: 1
122 [139800180942528] INFO perfrun.sdk <> - runCmd: /opt/intel/oneapi/vtune/2025.3/bin64/sep -dry-run -sam 1 -ec CPU_CLK_UNHALTED.THREAD,CPU_CLK_UNHALTED.REF_TSC:sample:sa=1800000,INST_RETIRED.ANY:sample:sa=1800000,CPU_CLK_UNHALTED.REF_XCLK,CPU_CLK_UNHALTED.ONE_THREAD_ACTIVE,FP_ARITH_INST_RETIRED.SCALAR_SINGLE,FP_ARITH_INST_RETIRED.128B_PACKED_SINGLE,FP_ARITH_INST_RETIRED.256B_PACKED_SINGLE,FP_ARITH_INST_RETIRED.SCALAR_DOUBLE,FP_ARITH_INST_RETIRED.128B_PACKED_DOUBLE,FP_ARITH_INST_RETIRED.256B_PACKED_DOUBLE,UOPS_EXECUTED.X87,UOPS_RETIRED.RETIRE_SLOTS:sample:sa=2000003,UOPS_EXECUTED.THREAD -experimental
123 [139800180942528] INFO perfrun.sdk <> - runCmd started PID 8123
132 [139800180942528] INFO perfrun.perfcollector <> - SepDryRun RC = true
132 [139800180942528] INFO perfrun.perfcollector <> - Loading SEP event configuration
132 [139800180942528] INFO perfrun.perfcollector <> - pmu: cpu
133 [139800180942528] INFO perfrun.perfcollector <> - group_id: 0
133 [139800180942528] INFO perfrun.perfcollector <> - event_id: 2: INST_RETIRED.ANY
133 [139800180942528] INFO perfrun.perfcollector <> - event_id: 0: CPU_CLK_UNHALTED.THREAD
133 [139800180942528] INFO perfrun.perfcollector <> - event_id: 1: CPU_CLK_UNHALTED.REF_TSC
133 [139800180942528] INFO perfrun.perfcollector <> - event_id: 3: CPU_CLK_UNHALTED.REF_XCLK
134 [139800180942528] INFO perfrun.perfcollector <> - event_id: 4: CPU_CLK_UNHALTED.ONE_THREAD_ACTIVE
134 [139800180942528] INFO perfrun.perfcollector <> - event_id: 5: FP_ARITH_INST_RETIRED.SCALAR_SINGLE
134 [139800180942528] INFO perfrun.perfcollector <> - event_id: 6: FP_ARITH_INST_RETIRED.128B_PACKED_SINGLE
134 [139800180942528] INFO perfrun.perfcollector <> - event_id: 3: cccr: addr: 186, value: 53013c
134 [139800180942528] INFO perfrun.perfcollector <> - event_id: 4: cccr: addr: 187, value: 53023c
134 [139800180942528] INFO perfrun.perfcollector <> - event_id: 5: cccr: addr: 188, value: 5302c7
135 [139800180942528] INFO perfrun.perfcollector <> - event_id: 6: cccr: addr: 189, value: 5308c7
135 [139800180942528] INFO perfrun.perfcollector <> - event_id: 2: data: addr: 309, value: ffffffffffe488c0
135 [139800180942528] INFO perfrun.perfcollector <> - event_id: 0: data: addr: 30a, value: ffffffffffe17b7d
135 [139800180942528] INFO perfrun.perfcollector <> - event_id: 1: data: addr: 30b, value: ffffffffffe488c0
135 [139800180942528] INFO perfrun.perfcollector <> - event_id: 3: data: addr: c1, value: ffffffffffff9e55
136 [139800180942528] INFO perfrun.perfcollector <> - event_id: 4: data: addr: c2, value: ffffffffffff9e55
136 [139800180942528] INFO perfrun.perfcollector <> - event_id: 5: data: addr: c3, value: ffffffffffe17b7d
136 [139800180942528] INFO perfrun.perfcollector <> - event_id: 6: data: addr: c4, value: ffffffffffe17b7d
136 [139800180942528] INFO perfrun.perfcollector <> - group_id: 1
136 [139800180942528] INFO perfrun.perfcollector <> - event_id: 2: INST_RETIRED.ANY
137 [139800180942528] INFO perfrun.perfcollector <> - event_id: 0: CPU_CLK_UNHALTED.THREAD
137 [139800180942528] INFO perfrun.perfcollector <> - event_id: 1: CPU_CLK_UNHALTED.REF_TSC
137 [139800180942528] INFO perfrun.perfcollector <> - event_id: 7: FP_ARITH_INST_RETIRED.256B_PACKED_SINGLE
137 [139800180942528] INFO perfrun.perfcollector <> - event_id: 8: FP_ARITH_INST_RETIRED.SCALAR_DOUBLE
137 [139800180942528] INFO perfrun.perfcollector <> - event_id: 9: FP_ARITH_INST_RETIRED.128B_PACKED_DOUBLE
137 [139800180942528] INFO perfrun.perfcollector <> - event_id: 10: FP_ARITH_INST_RETIRED.256B_PACKED_DOUBLE
138 [139800180942528] INFO perfrun.perfcollector <> - event_id: 7: cccr: addr: 186, value: 5320c7
138 [139800180942528] INFO perfrun.perfcollector <> - event_id: 8: cccr: addr: 187, value: 5301c7
138 [139800180942528] INFO perfrun.perfcollector <> - event_id: 9: cccr: addr: 188, value: 5304c7
138 [139800180942528] INFO perfrun.perfcollector <> - event_id: 10: cccr: addr: 189, value: 5310c7
139 [139800180942528] INFO perfrun.perfcollector <> - event_id: 2: data: addr: 309, value: ffffffffffe488c0
139 [139800180942528] INFO perfrun.perfcollector <> - event_id: 0: data: addr: 30a, value: ffffffffffe17b7d
139 [139800180942528] INFO perfrun.perfcollector <> - event_id: 1: data: addr: 30b, value: ffffffffffe488c0
139 [139800180942528] INFO perfrun.perfcollector <> - event_id: 7: data: addr: c1, value: ffffffffffe17b7d
139 [139800180942528] INFO perfrun.perfcollector <> - event_id: 8: data: addr: c2, value: ffffffffffe17b7d
140 [139800180942528] INFO perfrun.perfcollector <> - event_id: 9: data: addr: c3, value: ffffffffffe17b7d
140 [139800180942528] INFO perfrun.perfcollector <> - event_id: 10: data: addr: c4, value: ffffffffffe17b7d
140 [139800180942528] INFO perfrun.perfcollector <> - group_id: 2
140 [139800180942528] INFO perfrun.perfcollector <> - event_id: 2: INST_RETIRED.ANY
140 [139800180942528] INFO perfrun.perfcollector <> - event_id: 0: CPU_CLK_UNHALTED.THREAD
141 [139800180942528] INFO perfrun.perfcollector <> - event_id: 1: CPU_CLK_UNHALTED.REF_TSC
141 [139800180942528] INFO perfrun.perfcollector <> - event_id: 11: UOPS_EXECUTED.X87
141 [139800180942528] INFO perfrun.perfcollector <> - event_id: 12: UOPS_RETIRED.RETIRE_SLOTS
141 [139800180942528] INFO perfrun.perfcollector <> - event_id: 13: UOPS_EXECUTED.THREAD
141 [139800180942528] INFO perfrun.perfcollector <> - event_id: 11: cccr: addr: 186, value: 5310b1
141 [139800180942528] INFO perfrun.perfcollector <> - event_id: 12: cccr: addr: 187, value: 5302c2
142 [139800180942528] INFO perfrun.perfcollector <> - event_id: 13: cccr: addr: 188, value: 5301b1
142 [139800180942528] INFO perfrun.perfcollector <> - event_id: 2: data: addr: 309, value: ffffffffffe488c0
142 [139800180942528] INFO perfrun.perfcollector <> - event_id: 0: data: addr: 30a, value: ffffffffffe17b7d
142 [139800180942528] INFO perfrun.perfcollector <> - event_id: 1: data: addr: 30b, value: ffffffffffe488c0
143 [139800180942528] INFO perfrun.perfcollector <> - event_id: 11: data: addr: c1, value: ffffffffffe17b7d
143 [139800180942528] INFO perfrun.perfcollector <> - event_id: 12: data: addr: c2, value: ffffffffffe17b7d
143 [139800180942528] INFO perfrun.perfcollector <> - event_id: 13: data: addr: c3, value: ffffffffffe17b7d
143 [139800180942528] INFO perfrun.perfcollector <> - Converting events to Perf format
143 [139800180942528] INFO perfrun.perfcollector <> - event: 0: CPU_CLK_UNHALTED.THREAD
143 [139800180942528] INFO perfrun.perfcollector <> - cccr: addr: ffffffff, value: 0
144 [139800180942528] INFO perfrun.perfcollector <> - data: addr: 30a, value: ffffffffffe17b7d
144 [139800180942528] INFO perfrun.perfcollector <> - pmu config: cpu
144 [139800180942528] INFO perfrun.perfcollector <> - config: any: 0
144 [139800180942528] INFO perfrun.perfcollector <> - config: cmask: 0
144 [139800180942528] INFO perfrun.perfcollector <> - config: edge: 0
145 [139800180942528] INFO perfrun.perfcollector <> - config: event: 3c
145 [139800180942528] INFO perfrun.perfcollector <> - config1: frontend: 0
145 [139800180942528] INFO perfrun.perfcollector <> - config: inv: 0
145 [139800180942528] INFO perfrun.perfcollector <> - config1: ldlat: 0
145 [139800180942528] INFO perfrun.perfcollector <> - config1: offcore_rsp: 0
146 [139800180942528] INFO perfrun.perfcollector <> - config: pc: 0
146 [139800180942528] INFO perfrun.perfcollector <> - config: umask: 0
146 [139800180942528] INFO perfrun.perfcollector <> - format: cpu/event=0x3c,name='CPU_CLK_UNHALTED.THREAD'/D
146 [139800180942528] INFO perfrun.perfcollector <> - event: 1: CPU_CLK_UNHALTED.REF_TSC
146 [139800180942528] INFO perfrun.perfcollector <> - cccr: addr: ffffffff, value: 0
146 [139800180942528] INFO perfrun.perfcollector <> - data: addr: 30b, value: ffffffffffe488c0
146 [139800180942528] INFO perfrun.perfcollector <> - pmu config: cpu
147 [139800180942528] INFO perfrun.perfcollector <> - config: any: 0
147 [139800180942528] INFO perfrun.perfcollector <> - config: cmask: 0
147 [139800180942528] INFO perfrun.perfcollector <> - config: edge: 0
147 [139800180942528] INFO perfrun.perfcollector <> - config: event: 0
147 [139800180942528] INFO perfrun.perfcollector <> - config1: frontend: 0
147 [139800180942528] INFO perfrun.perfcollector <> - config: inv: 0
148 [139800180942528] INFO perfrun.perfcollector <> - config1: ldlat: 0
148 [139800180942528] INFO perfrun.perfcollector <> - config1: offcore_rsp: 0
148 [139800180942528] INFO perfrun.perfcollector <> - config: pc: 0
148 [139800180942528] INFO perfrun.perfcollector <> - config: umask: 3
148 [139800180942528] INFO perfrun.perfcollector <> - format: cpu/umask=0x3,name='CPU_CLK_UNHALTED.REF_TSC'/D
148 [139800180942528] INFO perfrun.perfcollector <> - event: 2: INST_RETIRED.ANY
148 [139800180942528] INFO perfrun.perfcollector <> - cccr: addr: ffffffff, value: 0
149 [139800180942528] INFO perfrun.perfcollector <> - data: addr: 309, value: ffffffffffe488c0
149 [139800180942528] INFO perfrun.perfcollector <> - pmu config: cpu
149 [139800180942528] INFO perfrun.perfcollector <> - config: any: 0
149 [139800180942528] INFO perfrun.perfcollector <> - config: cmask: 0
149 [139800180942528] INFO perfrun.perfcollector <> - config: edge: 0
150 [139800180942528] INFO perfrun.perfcollector <> - config: event: c0
150 [139800180942528] INFO perfrun.perfcollector <> - config1: frontend: 0
150 [139800180942528] INFO perfrun.perfcollector <> - config: inv: 0
150 [139800180942528] INFO perfrun.perfcollector <> - config1: ldlat: 0
150 [139800180942528] INFO perfrun.perfcollector <> - config1: offcore_rsp: 0
150 [139800180942528] INFO perfrun.perfcollector <> - config: pc: 0
150 [139800180942528] INFO perfrun.perfcollector <> - config: umask: 0
151 [139800180942528] INFO perfrun.perfcollector <> - format: cpu/event=0xc0,name='INST_RETIRED.ANY'/D
151 [139800180942528] INFO perfrun.perfcollector <> - event: 3: CPU_CLK_UNHALTED.REF_XCLK
151 [139800180942528] INFO perfrun.perfcollector <> - cccr: addr: 186, value: 53013c
151 [139800180942528] INFO perfrun.perfcollector <> - data: addr: c1, value: ffffffffffff9e55
151 [139800180942528] INFO perfrun.perfcollector <> - pmu config: cpu
151 [139800180942528] INFO perfrun.perfcollector <> - config: any: 0
152 [139800180942528] INFO perfrun.perfcollector <> - config: cmask: 0
152 [139800180942528] INFO perfrun.perfcollector <> - config: edge: 0
152 [139800180942528] INFO perfrun.perfcollector <> - config: event: 3c
152 [139800180942528] INFO perfrun.perfcollector <> - config1: frontend: 0
152 [139800180942528] INFO perfrun.perfcollector <> - config: inv: 0
152 [139800180942528] INFO perfrun.perfcollector <> - config1: ldlat: 0
153 [139800180942528] INFO perfrun.perfcollector <> - config1: offcore_rsp: 0
153 [139800180942528] INFO perfrun.perfcollector <> - config: pc: 0
153 [139800180942528] INFO perfrun.perfcollector <> - config: umask: 1
153 [139800180942528] INFO perfrun.perfcollector <> - format: cpu/event=0x3c,umask=0x1,name='CPU_CLK_UNHALTED.REF_XCLK'/
153 [139800180942528] INFO perfrun.perfcollector <> - event: 4: CPU_CLK_UNHALTED.ONE_THREAD_ACTIVE
153 [139800180942528] INFO perfrun.perfcollector <> - cccr: addr: 187, value: 53023c
153 [139800180942528] INFO perfrun.perfcollector <> - data: addr: c2, value: ffffffffffff9e55
154 [139800180942528] INFO perfrun.perfcollector <> - pmu config: cpu
154 [139800180942528] INFO perfrun.perfcollector <> - config: any: 0
154 [139800180942528] INFO perfrun.perfcollector <> - config: cmask: 0
154 [139800180942528] INFO perfrun.perfcollector <> - config: edge: 0
154 [139800180942528] INFO perfrun.perfcollector <> - config: event: 3c
154 [139800180942528] INFO perfrun.perfcollector <> - config1: frontend: 0
155 [139800180942528] INFO perfrun.perfcollector <> - config: inv: 0
155 [139800180942528] INFO perfrun.perfcollector <> - config1: ldlat: 0
155 [139800180942528] INFO perfrun.perfcollector <> - config1: offcore_rsp: 0
155 [139800180942528] INFO perfrun.perfcollector <> - config: pc: 0
155 [139800180942528] INFO perfrun.perfcollector <> - config: umask: 2
155 [139800180942528] INFO perfrun.perfcollector <> - format: cpu/event=0x3c,umask=0x2,name='CPU_CLK_UNHALTED.ONE_THREAD_ACTIVE'/
156 [139800180942528] INFO perfrun.perfcollector <> - event: 5: FP_ARITH_INST_RETIRED.SCALAR_SINGLE
156 [139800180942528] INFO perfrun.perfcollector <> - cccr: addr: 188, value: 5302c7
156 [139800180942528] INFO perfrun.perfcollector <> - data: addr: c3, value: ffffffffffe17b7d
156 [139800180942528] INFO perfrun.perfcollector <> - pmu config: cpu
156 [139800180942528] INFO perfrun.perfcollector <> - config: any: 0
157 [139800180942528] INFO perfrun.perfcollector <> - config: cmask: 0
157 [139800180942528] INFO perfrun.perfcollector <> - config: edge: 0
157 [139800180942528] INFO perfrun.perfcollector <> - config: event: c7
157 [139800180942528] INFO perfrun.perfcollector <> - config1: frontend: 0
157 [139800180942528] INFO perfrun.perfcollector <> - config: inv: 0
158 [139800180942528] INFO perfrun.perfcollector <> - config1: ldlat: 0
158 [139800180942528] INFO perfrun.perfcollector <> - config1: offcore_rsp: 0
158 [139800180942528] INFO perfrun.perfcollector <> - config: pc: 0
158 [139800180942528] INFO perfrun.perfcollector <> - config: umask: 2
158 [139800180942528] INFO perfrun.perfcollector <> - format: cpu/event=0xc7,umask=0x2,name='FP_ARITH_INST_RETIRED.SCALAR_SINGLE'/
158 [139800180942528] INFO perfrun.perfcollector <> - event: 6: FP_ARITH_INST_RETIRED.128B_PACKED_SINGLE
159 [139800180942528] INFO perfrun.perfcollector <> - cccr: addr: 189, value: 5308c7
159 [139800180942528] INFO perfrun.perfcollector <> - data: addr: c4, value: ffffffffffe17b7d
159 [139800180942528] INFO perfrun.perfcollector <> - pmu config: cpu
159 [139800180942528] INFO perfrun.perfcollector <> - config: any: 0
159 [139800180942528] INFO perfrun.perfcollector <> - config: cmask: 0
160 [139800180942528] INFO perfrun.perfcollector <> - config: edge: 0
160 [139800180942528] INFO perfrun.perfcollector <> - config: event: c7
160 [139800180942528] INFO perfrun.perfcollector <> - config1: frontend: 0
160 [139800180942528] INFO perfrun.perfcollector <> - config: inv: 0
160 [139800180942528] INFO perfrun.perfcollector <> - config1: ldlat: 0
161 [139800180942528] INFO perfrun.perfcollector <> - config1: offcore_rsp: 0
161 [139800180942528] INFO perfrun.perfcollector <> - config: pc: 0
161 [139800180942528] INFO perfrun.perfcollector <> - config: umask: 8
161 [139800180942528] INFO perfrun.perfcollector <> - format: cpu/event=0xc7,umask=0x8,name='FP_ARITH_INST_RETIRED.128B_PACKED_SINGLE'/
161 [139800180942528] INFO perfrun.perfcollector <> - event: 7: FP_ARITH_INST_RETIRED.256B_PACKED_SINGLE
161 [139800180942528] INFO perfrun.perfcollector <> - cccr: addr: 186, value: 5320c7
162 [139800180942528] INFO perfrun.perfcollector <> - data: addr: c1, value: ffffffffffe17b7d
162 [139800180942528] INFO perfrun.perfcollector <> - pmu config: cpu
162 [139800180942528] INFO perfrun.perfcollector <> - config: any: 0
162 [139800180942528] INFO perfrun.perfcollector <> - config: cmask: 0
162 [139800180942528] INFO perfrun.perfcollector <> - config: edge: 0
163 [139800180942528] INFO perfrun.perfcollector <> - config: event: c7
163 [139800180942528] INFO perfrun.perfcollector <> - config1: frontend: 0
163 [139800180942528] INFO perfrun.perfcollector <> - config: inv: 0
163 [139800180942528] INFO perfrun.perfcollector <> - config1: ldlat: 0
163 [139800180942528] INFO perfrun.perfcollector <> - config1: offcore_rsp: 0
164 [139800180942528] INFO perfrun.perfcollector <> - config: pc: 0
164 [139800180942528] INFO perfrun.perfcollector <> - config: umask: 20
164 [139800180942528] INFO perfrun.perfcollector <> - format: cpu/event=0xc7,umask=0x20,name='FP_ARITH_INST_RETIRED.256B_PACKED_SINGLE'/
164 [139800180942528] INFO perfrun.perfcollector <> - event: 8: FP_ARITH_INST_RETIRED.SCALAR_DOUBLE
164 [139800180942528] INFO perfrun.perfcollector <> - cccr: addr: 187, value: 5301c7
165 [139800180942528] INFO perfrun.perfcollector <> - data: addr: c2, value: ffffffffffe17b7d
165 [139800180942528] INFO perfrun.perfcollector <> - pmu config: cpu
165 [139800180942528] INFO perfrun.perfcollector <> - config: any: 0
165 [139800180942528] INFO perfrun.perfcollector <> - config: cmask: 0
165 [139800180942528] INFO perfrun.perfcollector <> - config: edge: 0
166 [139800180942528] INFO perfrun.perfcollector <> - config: event: c7
166 [139800180942528] INFO perfrun.perfcollector <> - config1: frontend: 0
166 [139800180942528] INFO perfrun.perfcollector <> - config: inv: 0
166 [139800180942528] INFO perfrun.perfcollector <> - config1: ldlat: 0
166 [139800180942528] INFO perfrun.perfcollector <> - config1: offcore_rsp: 0
166 [139800180942528] INFO perfrun.perfcollector <> - config: pc: 0
167 [139800180942528] INFO perfrun.perfcollector <> - config: umask: 1
167 [139800180942528] INFO perfrun.perfcollector <> - format: cpu/event=0xc7,umask=0x1,name='FP_ARITH_INST_RETIRED.SCALAR_DOUBLE'/
167 [139800180942528] INFO perfrun.perfcollector <> - event: 9: FP_ARITH_INST_RETIRED.128B_PACKED_DOUBLE
167 [139800180942528] INFO perfrun.perfcollector <> - cccr: addr: 188, value: 5304c7
167 [139800180942528] INFO perfrun.perfcollector <> - data: addr: c3, value: ffffffffffe17b7d
168 [139800180942528] INFO perfrun.perfcollector <> - pmu config: cpu
168 [139800180942528] INFO perfrun.perfcollector <> - config: any: 0
168 [139800180942528] INFO perfrun.perfcollector <> - config: cmask: 0
168 [139800180942528] INFO perfrun.perfcollector <> - config: edge: 0
168 [139800180942528] INFO perfrun.perfcollector <> - config: event: c7
169 [139800180942528] INFO perfrun.perfcollector <> - config1: frontend: 0
169 [139800180942528] INFO perfrun.perfcollector <> - config: inv: 0
169 [139800180942528] INFO perfrun.perfcollector <> - config1: ldlat: 0
169 [139800180942528] INFO perfrun.perfcollector <> - config1: offcore_rsp: 0
169 [139800180942528] INFO perfrun.perfcollector <> - config: pc: 0
169 [139800180942528] INFO perfrun.perfcollector <> - config: umask: 4
170 [139800180942528] INFO perfrun.perfcollector <> - format: cpu/event=0xc7,umask=0x4,name='FP_ARITH_INST_RETIRED.128B_PACKED_DOUBLE'/
170 [139800180942528] INFO perfrun.perfcollector <> - event: 10: FP_ARITH_INST_RETIRED.256B_PACKED_DOUBLE
170 [139800180942528] INFO perfrun.perfcollector <> - cccr: addr: 189, value: 5310c7
170 [139800180942528] INFO perfrun.perfcollector <> - data: addr: c4, value: ffffffffffe17b7d
170 [139800180942528] INFO perfrun.perfcollector <> - pmu config: cpu
170 [139800180942528] INFO perfrun.perfcollector <> - config: any: 0
171 [139800180942528] INFO perfrun.perfcollector <> - config: cmask: 0
171 [139800180942528] INFO perfrun.perfcollector <> - config: edge: 0
171 [139800180942528] INFO perfrun.perfcollector <> - config: event: c7
171 [139800180942528] INFO perfrun.perfcollector <> - config1: frontend: 0
171 [139800180942528] INFO perfrun.perfcollector <> - config: inv: 0
172 [139800180942528] INFO perfrun.perfcollector <> - config1: ldlat: 0
172 [139800180942528] INFO perfrun.perfcollector <> - config1: offcore_rsp: 0
172 [139800180942528] INFO perfrun.perfcollector <> - config: pc: 0
172 [139800180942528] INFO perfrun.perfcollector <> - config: umask: 10
172 [139800180942528] INFO perfrun.perfcollector <> - format: cpu/event=0xc7,umask=0x10,name='FP_ARITH_INST_RETIRED.256B_PACKED_DOUBLE'/
173 [139800180942528] INFO perfrun.perfcollector <> - event: 11: UOPS_EXECUTED.X87
173 [139800180942528] INFO perfrun.perfcollector <> - cccr: addr: 186, value: 5310b1
173 [139800180942528] INFO perfrun.perfcollector <> - data: addr: c1, value: ffffffffffe17b7d
173 [139800180942528] INFO perfrun.perfcollector <> - pmu config: cpu
173 [139800180942528] INFO perfrun.perfcollector <> - config: any: 0
174 [139800180942528] INFO perfrun.perfcollector <> - config: cmask: 0
174 [139800180942528] INFO perfrun.perfcollector <> - config: edge: 0
174 [139800180942528] INFO perfrun.perfcollector <> - config: event: b1
174 [139800180942528] INFO perfrun.perfcollector <> - config1: frontend: 0
174 [139800180942528] INFO perfrun.perfcollector <> - config: inv: 0
175 [139800180942528] INFO perfrun.perfcollector <> - config1: ldlat: 0
175 [139800180942528] INFO perfrun.perfcollector <> - config1: offcore_rsp: 0
175 [139800180942528] INFO perfrun.perfcollector <> - config: pc: 0
175 [139800180942528] INFO perfrun.perfcollector <> - config: umask: 10
175 [139800180942528] INFO perfrun.perfcollector <> - format: cpu/event=0xb1,umask=0x10,name='UOPS_EXECUTED.X87'/
175 [139800180942528] INFO perfrun.perfcollector <> - event: 12: UOPS_RETIRED.RETIRE_SLOTS
176 [139800180942528] INFO perfrun.perfcollector <> - cccr: addr: 187, value: 5302c2
176 [139800180942528] INFO perfrun.perfcollector <> - data: addr: c2, value: ffffffffffe17b7d
176 [139800180942528] INFO perfrun.perfcollector <> - pmu config: cpu
176 [139800180942528] INFO perfrun.perfcollector <> - config: any: 0
176 [139800180942528] INFO perfrun.perfcollector <> - config: cmask: 0
177 [139800180942528] INFO perfrun.perfcollector <> - config: edge: 0
177 [139800180942528] INFO perfrun.perfcollector <> - config: event: c2
177 [139800180942528] INFO perfrun.perfcollector <> - config1: frontend: 0
177 [139800180942528] INFO perfrun.perfcollector <> - config: inv: 0
177 [139800180942528] INFO perfrun.perfcollector <> - config1: ldlat: 0
178 [139800180942528] INFO perfrun.perfcollector <> - config1: offcore_rsp: 0
178 [139800180942528] INFO perfrun.perfcollector <> - config: pc: 0
178 [139800180942528] INFO perfrun.perfcollector <> - config: umask: 2
178 [139800180942528] INFO perfrun.perfcollector <> - format: cpu/event=0xc2,umask=0x2,name='UOPS_RETIRED.RETIRE_SLOTS'/
178 [139800180942528] INFO perfrun.perfcollector <> - event: 13: UOPS_EXECUTED.THREAD
178 [139800180942528] INFO perfrun.perfcollector <> - cccr: addr: 188, value: 5301b1
179 [139800180942528] INFO perfrun.perfcollector <> - data: addr: c3, value: ffffffffffe17b7d
179 [139800180942528] INFO perfrun.perfcollector <> - pmu config: cpu
179 [139800180942528] INFO perfrun.perfcollector <> - config: any: 0
179 [139800180942528] INFO perfrun.perfcollector <> - config: cmask: 0
179 [139800180942528] INFO perfrun.perfcollector <> - config: edge: 0
180 [139800180942528] INFO perfrun.perfcollector <> - config: event: b1
180 [139800180942528] INFO perfrun.perfcollector <> - config1: frontend: 0
180 [139800180942528] INFO perfrun.perfcollector <> - config: inv: 0
180 [139800180942528] INFO perfrun.perfcollector <> - config1: ldlat: 0
181 [139800180942528] INFO perfrun.perfcollector <> - config1: offcore_rsp: 0
181 [139800180942528] INFO perfrun.perfcollector <> - config: pc: 0
181 [139800180942528] INFO perfrun.perfcollector <> - config: umask: 1
181 [139800180942528] INFO perfrun.perfcollector <> - format: cpu/event=0xb1,umask=0x1,name='UOPS_EXECUTED.THREAD'/
181 [139800180942528] INFO perfrun.perfcollector <> - event: cpu/event=0x3c,name='CPU_CLK_UNHALTED.THREAD'/Duk, added for counting
182 [139800180942528] INFO perfrun.perfcollector <> - event: cpu/umask=0x3,name='CPU_CLK_UNHALTED.REF_TSC'/Duk, added for counting
182 [139800180942528] INFO perfrun.perfcollector <> - event: cpu/event=0xc0,name='INST_RETIRED.ANY'/Duk, added for counting
182 [139800180942528] INFO perfrun.perfcollector <> - event: cpu/event=0x3c,umask=0x1,name='CPU_CLK_UNHALTED.REF_XCLK'/uk, added for counting
182 [139800180942528] INFO perfrun.perfcollector <> - event: cpu/event=0x3c,umask=0x2,name='CPU_CLK_UNHALTED.ONE_THREAD_ACTIVE'/uk, added for counting
183 [139800180942528] INFO perfrun.perfcollector <> - event: cpu/event=0xc7,umask=0x2,name='FP_ARITH_INST_RETIRED.SCALAR_SINGLE'/uk, added for counting
183 [139800180942528] INFO perfrun.perfcollector <> - event: cpu/event=0xc7,umask=0x8,name='FP_ARITH_INST_RETIRED.128B_PACKED_SINGLE'/uk, added for counting
183 [139800180942528] INFO perfrun.perfcollector <> - event: cpu/event=0xc7,umask=0x20,name='FP_ARITH_INST_RETIRED.256B_PACKED_SINGLE'/uk, added for counting
183 [139800180942528] INFO perfrun.perfcollector <> - event: cpu/event=0xc7,umask=0x1,name='FP_ARITH_INST_RETIRED.SCALAR_DOUBLE'/uk, added for counting
183 [139800180942528] INFO perfrun.perfcollector <> - event: cpu/event=0xc7,umask=0x4,name='FP_ARITH_INST_RETIRED.128B_PACKED_DOUBLE'/uk, added for counting
184 [139800180942528] INFO perfrun.perfcollector <> - event: cpu/event=0xc7,umask=0x10,name='FP_ARITH_INST_RETIRED.256B_PACKED_DOUBLE'/uk, added for counting
184 [139800180942528] INFO perfrun.perfcollector <> - event: cpu/event=0xb1,umask=0x10,name='UOPS_EXECUTED.X87'/uk, added for counting
184 [139800180942528] INFO perfrun.perfcollector <> - event: cpu/event=0xc2,umask=0x2,name='UOPS_RETIRED.RETIRE_SLOTS'/uk, added for counting
184 [139800180942528] INFO perfrun.perfcollector <> - event: cpu/event=0xb1,umask=0x1,name='UOPS_EXECUTED.THREAD'/uk, added for counting
184 [139800180942528] INFO perfrun.perfcollector <> - attaching to pid: 4294967295, m_mode: 10, mode: 3
185 [139800172549824] INFO perfrun.perfcollector <> - Perf stat trace pipe capacity: read = 1048576, write = 1048576
185 [139800164157120] INFO perfrun.sdk <> - Reading value (0-7) from file: /sys/devices/system/cpu/cpu0/topology/core_siblings_list
186 [139800164157120] INFO perfrun.sdk <> - Reading value (0-1) from file: /sys/devices/system/cpu/cpu0/topology/thread_siblings_list
186 [139800164157120] INFO perfrun.sdk <> - Reading value (0-7) from file: /sys/devices/system/cpu/cpu1/topology/core_siblings_list
186 [139800164157120] INFO perfrun.sdk <> - Reading value (0-1) from file: /sys/devices/system/cpu/cpu1/topology/thread_siblings_list
186 [139800164157120] INFO perfrun.sdk <> - Reading value (0-7) from file: /sys/devices/system/cpu/cpu2/topology/core_siblings_list
186 [139800164157120] INFO perfrun.sdk <> - Reading value (2-3) from file: /sys/devices/system/cpu/cpu2/topology/thread_siblings_list
187 [139800164157120] INFO perfrun.sdk <> - Reading value (0-7) from file: /sys/devices/system/cpu/cpu3/topology/core_siblings_list
187 [139800164157120] INFO perfrun.sdk <> - Reading value (2-3) from file: /sys/devices/system/cpu/cpu3/topology/thread_siblings_list
187 [139800164157120] INFO perfrun.sdk <> - Reading value (0-7) from file: /sys/devices/system/cpu/cpu4/topology/core_siblings_list
187 [139800164157120] INFO perfrun.sdk <> - Reading value (4-5) from file: /sys/devices/system/cpu/cpu4/topology/thread_siblings_list
187 [139800164157120] INFO perfrun.sdk <> - Reading value (0-7) from file: /sys/devices/system/cpu/cpu5/topology/core_siblings_list
188 [139800164157120] INFO perfrun.sdk <> - Reading value (4-5) from file: /sys/devices/system/cpu/cpu5/topology/thread_siblings_list
188 [139800164157120] INFO perfrun.sdk <> - Reading value (0-7) from file: /sys/devices/system/cpu/cpu6/topology/core_siblings_list
188 [139800164157120] INFO perfrun.sdk <> - Reading value (6-7) from file: /sys/devices/system/cpu/cpu6/topology/thread_siblings_list
188 [139800164157120] INFO perfrun.sdk <> - Reading value (0-7) from file: /sys/devices/system/cpu/cpu7/topology/core_siblings_list
188 [139800164157120] INFO perfrun.sdk <> - Reading value (6-7) from file: /sys/devices/system/cpu/cpu7/topology/thread_siblings_list
189 [139800164157120] ERROR perfrun.sdk <> - boost::filesystem::exists(filename) 'gh2::error::IsNot.Valid.File(filename):/sys/bus/event_source/devices/cpu_core/cpus'
_sdks/release_posix-x86_64_icx_2023.0.0_gnutools_9.2_binutils_2.28/perfrun_1.36.3/include/perfrun1/sdk/utils.hpp(777): gh2::error_code_t runtool::sdk::loadFileValue(RetType &, const cpil2::uchar_t *) [RetType = std::basic_string<char>]
, at file: _sdks/release_posix-x86_64_icx_2023.0.0_gnutools_9.2_binutils_2.28/perfrun_1.36.3/include/perfrun1/sdk/utils.hpp:777
189 [139800164157120] ERROR perfrun.sdk <> - boost::filesystem::exists(filename) 'gh2::error::IsNot.Valid.File(filename):/sys/bus/event_source/devices/cpu_atom/cpus'
_sdks/release_posix-x86_64_icx_2023.0.0_gnutools_9.2_binutils_2.28/perfrun_1.36.3/include/perfrun1/sdk/utils.hpp(777): gh2::error_code_t runtool::sdk::loadFileValue(RetType &, const cpil2::uchar_t *) [RetType = std::basic_string<char>]
, at file: _sdks/release_posix-x86_64_icx_2023.0.0_gnutools_9.2_binutils_2.28/perfrun_1.36.3/include/perfrun1/sdk/utils.hpp:777
189 [139800172549824] INFO perfrun.sdk <> - runCmd: /opt/intel/oneapi/vtune/2025.3/bin64/amplxe-perf stat -v --log-fd 10 --scale -x ; -e cpu/event=0x3c,name='CPU_CLK_UNHALTED.THREAD'/Duk,cpu/umask=0x3,name='CPU_CLK_UNHALTED.REF_TSC'/Duk,cpu/event=0xc0,name='INST_RETIRED.ANY'/Duk,cpu/event=0x3c,umask=0x1,name='CPU_CLK_UNHALTED.REF_XCLK'/uk,cpu/event=0x3c,umask=0x2,name='CPU_CLK_UNHALTED.ONE_THREAD_ACTIVE'/uk,cpu/event=0xc7,umask=0x2,name='FP_ARITH_INST_RETIRED.SCALAR_SINGLE'/uk,cpu/event=0xc7,umask=0x8,name='FP_ARITH_INST_RETIRED.128B_PACKED_SINGLE'/uk,cpu/event=0xc7,umask=0x20,name='FP_ARITH_INST_RETIRED.256B_PACKED_SINGLE'/uk,cpu/event=0xc7,umask=0x1,name='FP_ARITH_INST_RETIRED.SCALAR_DOUBLE'/uk,cpu/event=0xc7,umask=0x4,name='FP_ARITH_INST_RETIRED.128B_PACKED_DOUBLE'/uk,cpu/event=0xc7,umask=0x10,name='FP_ARITH_INST_RETIRED.256B_PACKED_DOUBLE'/uk,cpu/event=0xb1,umask=0x10,name='UOPS_EXECUTED.X87'/uk,cpu/event=0xc2,umask=0x2,name='UOPS_RETIRED.RETIRE_SLOTS'/uk,cpu/event=0xb1,umask=0x1,name='UOPS_EXECUTED.THREAD'/uk /opt/intel/oneapi/vtune/2025.3/bin64/amplxe-perf-sync dryrun tsc
190 [139800172549824] INFO perfrun.sdk <> - runCmd started PID 8133
205 [139800172549824] INFO perfrun.perfcollector <> - Monitor: runCmd RC = true
205 [139800180942528] INFO perfrun.launcher <> - plugin [aoclprofile] was disabled because it doesn't support the given collection type.
205 [139800180942528] INFO perfrun.tpss <> - initialize tpss controller
205 [139800180942528] INFO perfrun.tpss <> - configure collection mode: value = cpu:counters:nostack
206 [139800180942528] INFO perfrun.tpss <> - configure collection mode: value = cpu:stack
206 [139800180942528] INFO perfrun.tpss <> - default obj-size-min=1024
206 [139800180942528] INFO perfrun.tpss <> - default hash-table-size=0
206 [139800180942528] INFO perfrun.launcher <> - plugin [media] was disabled because it doesn't support the given collection type.
206 [139800180942528] INFO perfrun.launcher <> - plugin [] was disabled because it doesn't support the given collection type.
207 [139800180942528] INFO perfrun.launcher <> - plugin [] was disabled because it doesn't support the given collection type.
207 [139800180942528] INFO perfrun.launcher <> - plugin [parallelfs] was disabled because it doesn't support the given collection type.
207 [139800180942528] INFO perfrun.launcher <> - plugin [power] was disabled because it doesn't support the given collection type.
207 [139800180942528] INFO perfrun.launcher <> - plugin [] was disabled because it doesn't support the given collection type.
207 [139800180942528] INFO perfrun.launcher <> - plugin [] was disabled because it doesn't support the given collection type.
208 [139800180942528] INFO perfrun.launcher <> - plugin [] was disabled because it doesn't support the given collection type.
208 [139800180942528] INFO perfrun.launcher <> - plugin [l0_metrics] was disabled because it doesn't support the given collection type.
208 [139800180942528] INFO perfrun.launcher <> - plugin [stall_reasons] was disabled because it doesn't support the given collection type.
208 [139800336649344] INFO perfrun.launcher <> - set environment variable: LD_LIBRARY_PATH = /opt/intel/oneapi/vtune/2025.3/lib32/runtime:/opt/intel/oneapi/vtune/2025.3/lib64/runtime:/opt/intel/oneapi/tcm/1.3/lib:/opt/intel/oneapi/umf/0.10/lib:/opt/intel/oneapi/tbb/2022.1/env/../lib/intel64/gcc4.8:/opt/intel/oneapi/pti/0.12/lib:/opt/intel/oneapi/mkl/2025.1/lib:/opt/intel/oneapi/ipp/2022.1/lib:/opt/intel/oneapi/compiler/2025.1/opt/compiler/lib:/opt/intel/oneapi/compiler/2025.1/lib
209 [139800336649344] INFO perfrun.launcher <> - set environment variable: INTEL_LIBITTNOTIFY32 = /opt/intel/oneapi/vtune/2025.3/lib32/runtime/libittnotify_collector.so
209 [139800336649344] INFO perfrun.launcher <> - set environment variable: INTEL_LIBITTNOTIFY64 = /opt/intel/oneapi/vtune/2025.3/lib64/runtime/libittnotify_collector.so
209 [139800336649344] INFO perfrun.launcher <> - set environment variable: INTEL_ITTNOTIFY_GROUPS = 
209 [139800336649344] INFO perfrun.launcher <> - set environment variable: INTEL_JIT_PROFILER32 = /opt/intel/oneapi/vtune/2025.3/lib32/runtime/libittnotify_collector.so
210 [139800336649344] INFO perfrun.launcher <> - set environment variable: INTEL_JIT_PROFILER64 = /opt/intel/oneapi/vtune/2025.3/lib64/runtime/libittnotify_collector.so
210 [139800336649344] INFO perfrun.launcher <> - set environment variable: CCL_ITT_LEVEL = 1
210 [139800336649344] INFO perfrun.launcher <> - set environment variable: ENABLE_JITPROFILING = 1
211 [139800336649344] INFO perfrun.launcher <> - set environment variable: CL_CONFIG_USE_VTUNE = True
211 [139800336649344] INFO perfrun.launcher <> - set environment variable: LD_PRELOAD = libittnotify_collector.so:
211 [139800336649344] INFO perfrun.launcher <> - set environment variable: KMP_FORKJOIN_FRAMES = 0
212 [139800336649344] INFO perfrun.launcher <> - set environment variable: KMP_FORKJOIN_FRAMES_MODE = 0
212 [139800336649344] INFO perfrun.launcher <> - set environment variable: INTEL_MRTE_DATA_DIR = /tmp/amplxe-tmp-azfar/amplxe-res-8108-25348329570197/data.0
212 [139800336649344] INFO perfrun.launcher <> - set environment variable: INTEL_MRTE_HOST_NAME = DESKTOP-GRRJ2VV
213 [139800336649344] INFO perfrun.launcher <> - set environment variable: JAVA_TOOL_OPTIONS = -agentlib:amplxe_samplingmrte_javaprof_1.0 -Dsun.boot.library.path=/opt/intel/oneapi/vtune/2025.3/lib32/runtime:/opt/intel/oneapi/vtune/2025.3/lib64/runtime
213 [139800336649344] INFO perfrun.launcher <> - set environment variable: LD_LIBRARY_PATH = /opt/intel/oneapi/vtune/2025.3/lib32/runtime:/opt/intel/oneapi/vtune/2025.3/lib64/runtime:/opt/intel/oneapi/tcm/1.3/lib:/opt/intel/oneapi/umf/0.10/lib:/opt/intel/oneapi/tbb/2022.1/env/../lib/intel64/gcc4.8:/opt/intel/oneapi/pti/0.12/lib:/opt/intel/oneapi/mkl/2025.1/lib:/opt/intel/oneapi/ipp/2022.1/lib:/opt/intel/oneapi/compiler/2025.1/opt/compiler/lib:/opt/intel/oneapi/compiler/2025.1/lib
213 [139800336649344] INFO perfrun.launcher <> - set environment variable: CORECLR_ENABLE_PROFILING = 1
214 [139800336649344] INFO perfrun.launcher <> - set environment variable: CORECLR_PROFILER = {AA5E4821-E3B1-479c-B7FF-5AD047D22CED}
214 [139800336649344] INFO perfrun.launcher <> - set environment variable: CORECLR_PROFILER_PATH = /opt/intel/oneapi/vtune/2025.3/lib64/libamplxe_samplingmrte_clrprof_1.0.so
214 [139800336649344] INFO perfrun.launcher <> - set environment variable: INTEL_MRTE_PROFILER_MODE = mixed
215 [139800336649344] INFO perfrun.launcher <> - RpcServer: run RPC server to handle requests
217 [139800336649344] INFO perfrun.launcher <> - Launcher: command line to start before modification = ./test1 changes.txt 0
218 [139800336649344] INFO perfrun.launcher <> - Launcher: command line to start after modification = /opt/intel/oneapi/vtune/2025.3/bin64/pin -error_file /tmp/amplxe-tmp-azfar/amplxe-res-8108-25348329570197/data.0/pinerr.tpsslog -detach_reattach -follow_execv -tool_load_option deepbind -t64 /opt/intel/oneapi/vtune/2025.3/lib64/libtpsstool.so -t /opt/intel/oneapi/vtune/2025.3/lib32/libtpsstool.so -server_name tpss_ipc.8108 -prd_dir /opt/intel/oneapi/vtune/2025.3 -- ./test1 changes.txt 0
425 [139800336649344] INFO perfrun.launcher <> - ProcessCreator object was created
426 [139800336649344] INFO perfrun.launcher <> - Launcher: the process was started in suspend mode
429 [139800180942528] WARN perfrun.system <> - Could not do anything with /sys/kernel/debug/kvm: boost::filesystem::status: Permission denied [system:13]: "/sys/kernel/debug/kvm", at file: vcs/perfrun1/plugins/system/src/trace_writer.cpp:787
429 [139800180942528] WARN perfrun.system <> - Folder "/var/run/libvirt/qemu/"doesn't exist, at file: vcs/perfrun1/plugins/system/src/trace_writer.cpp:800
430 [139800180942528] INFO perfrun.itt <> - start itt controller for pid #8157
431 [139800180942528] INFO perfrun.perfcollector <> - attaching to pid: 8157, m_mode: 10, mode: 11
431 [139800147371712] INFO perfrun.perfcollector <> - Perf stat trace pipe capacity: read = 1048576, write = 1048576
432 [139800172549824] INFO perfrun.sdk <> - Reading value (0-7) from file: /sys/devices/system/cpu/cpu0/topology/core_siblings_list
433 [139800172549824] INFO perfrun.sdk <> - Reading value (0-1) from file: /sys/devices/system/cpu/cpu0/topology/thread_siblings_list
433 [139800172549824] INFO perfrun.sdk <> - Reading value (0-7) from file: /sys/devices/system/cpu/cpu1/topology/core_siblings_list
434 [139800172549824] INFO perfrun.sdk <> - Reading value (0-1) from file: /sys/devices/system/cpu/cpu1/topology/thread_siblings_list
434 [139800172549824] INFO perfrun.sdk <> - Reading value (0-7) from file: /sys/devices/system/cpu/cpu2/topology/core_siblings_list
434 [139800172549824] INFO perfrun.sdk <> - Reading value (2-3) from file: /sys/devices/system/cpu/cpu2/topology/thread_siblings_list
435 [139800172549824] INFO perfrun.sdk <> - Reading value (0-7) from file: /sys/devices/system/cpu/cpu3/topology/core_siblings_list
435 [139800172549824] INFO perfrun.sdk <> - Reading value (2-3) from file: /sys/devices/system/cpu/cpu3/topology/thread_siblings_list
435 [139800172549824] INFO perfrun.sdk <> - Reading value (0-7) from file: /sys/devices/system/cpu/cpu4/topology/core_siblings_list
436 [139800172549824] INFO perfrun.sdk <> - Reading value (4-5) from file: /sys/devices/system/cpu/cpu4/topology/thread_siblings_list
436 [139800172549824] INFO perfrun.sdk <> - Reading value (0-7) from file: /sys/devices/system/cpu/cpu5/topology/core_siblings_list
437 [139800172549824] INFO perfrun.sdk <> - Reading value (4-5) from file: /sys/devices/system/cpu/cpu5/topology/thread_siblings_list
437 [139800172549824] INFO perfrun.sdk <> - Reading value (0-7) from file: /sys/devices/system/cpu/cpu6/topology/core_siblings_list
437 [139800172549824] INFO perfrun.sdk <> - Reading value (6-7) from file: /sys/devices/system/cpu/cpu6/topology/thread_siblings_list
438 [139800172549824] INFO perfrun.sdk <> - Reading value (0-7) from file: /sys/devices/system/cpu/cpu7/topology/core_siblings_list
438 [139800172549824] INFO perfrun.sdk <> - Reading value (6-7) from file: /sys/devices/system/cpu/cpu7/topology/thread_siblings_list
438 [139800172549824] ERROR perfrun.sdk <> - boost::filesystem::exists(filename) 'gh2::error::IsNot.Valid.File(filename):/sys/bus/event_source/devices/cpu_core/cpus'
_sdks/release_posix-x86_64_icx_2023.0.0_gnutools_9.2_binutils_2.28/perfrun_1.36.3/include/perfrun1/sdk/utils.hpp(777): gh2::error_code_t runtool::sdk::loadFileValue(RetType &, const cpil2::uchar_t *) [RetType = std::basic_string<char>]
, at file: _sdks/release_posix-x86_64_icx_2023.0.0_gnutools_9.2_binutils_2.28/perfrun_1.36.3/include/perfrun1/sdk/utils.hpp:777
439 [139800172549824] ERROR perfrun.sdk <> - boost::filesystem::exists(filename) 'gh2::error::IsNot.Valid.File(filename):/sys/bus/event_source/devices/cpu_atom/cpus'
_sdks/release_posix-x86_64_icx_2023.0.0_gnutools_9.2_binutils_2.28/perfrun_1.36.3/include/perfrun1/sdk/utils.hpp(777): gh2::error_code_t runtool::sdk::loadFileValue(RetType &, const cpil2::uchar_t *) [RetType = std::basic_string<char>]
, at file: _sdks/release_posix-x86_64_icx_2023.0.0_gnutools_9.2_binutils_2.28/perfrun_1.36.3/include/perfrun1/sdk/utils.hpp:777
440 [139800147371712] INFO perfrun.sdk <> - runCmd: /opt/intel/oneapi/vtune/2025.3/bin64/amplxe-perf stat -v --log-fd 21 --control=fd:22,25 --scale -x ; -p 8157 -e cpu/event=0x3c,name='CPU_CLK_UNHALTED.THREAD'/Duk,cpu/umask=0x3,name='CPU_CLK_UNHALTED.REF_TSC'/Duk,cpu/event=0xc0,name='INST_RETIRED.ANY'/Duk,cpu/event=0x3c,umask=0x1,name='CPU_CLK_UNHALTED.REF_XCLK'/uk,cpu/event=0x3c,umask=0x2,name='CPU_CLK_UNHALTED.ONE_THREAD_ACTIVE'/uk,cpu/event=0xc7,umask=0x2,name='FP_ARITH_INST_RETIRED.SCALAR_SINGLE'/uk,cpu/event=0xc7,umask=0x8,name='FP_ARITH_INST_RETIRED.128B_PACKED_SINGLE'/uk,cpu/event=0xc7,umask=0x20,name='FP_ARITH_INST_RETIRED.256B_PACKED_SINGLE'/uk,cpu/event=0xc7,umask=0x1,name='FP_ARITH_INST_RETIRED.SCALAR_DOUBLE'/uk,cpu/event=0xc7,umask=0x4,name='FP_ARITH_INST_RETIRED.128B_PACKED_DOUBLE'/uk,cpu/event=0xc7,umask=0x10,name='FP_ARITH_INST_RETIRED.256B_PACKED_DOUBLE'/uk,cpu/event=0xb1,umask=0x10,name='UOPS_EXECUTED.X87'/uk,cpu/event=0xc2,umask=0x2,name='UOPS_RETIRED.RETIRE_SLOTS'/uk,cpu/event=0xb1,umask=0x1,name='UOPS_EXECUTED.THREAD'/uk /opt/intel/oneapi/vtune/2025.3/bin64/amplxe-perf-sync sync tsc
441 [139800147371712] INFO perfrun.sdk <> - runCmd started PID 8167
464 [139800180942528] INFO perfrun.tpss <> - start tpss controller for pid #8157
515 [139800336649344] INFO perfrun.launcher <> - Launcher: all plugins were started
515 [139800336649344] INFO perfrun.launcher <> - DirectoryMonitor object was created
515 [139800336649344] INFO perfrun.launcher <> - DirectoryMonitor: a callback was added
516 [139800336649344] INFO perfrun.launcher <> - DirectoryMonitor was started with pingTime = 1000
516 [139800336649344] INFO perfrun.launcher <> - DeadlineTimer is going to be constructed
516 [139800336649344] INFO perfrun.launcher <> - DeadlineTimer: a callback was added
519 [139800336649344] INFO perfrun.launcher <> - Launcher: resume the profiled application and  wait its termination or stop command
7542 [139800336649344] INFO perfrun.launcher <> - Launcher: the profiled application was terminated  with exit code = 0
7548 [139800180942528] INFO perfrun.itt <> - detach itt controller
7549 [139800180942528] INFO perfrun.itt <> - detach itt controller done
7550 [139800147371712] INFO perfrun.perfcollector <> - Monitor: runCmd RC = true
7551 [139800180942528] INFO perfrun.perfcollector <> - Monitor: state = 3, error = 1
7551 [139800180942528] INFO perfrun.tpss <> - stop tpss controller
7552 [139800180942528] INFO perfrun.sdk <> - De-allocating TMU: /tmp/amplxe-tmp-azfar/amplxe-res-8108-25348329570197/data.0/systemcollector-8108-DESKTOP-GRRJ2VV.sc
7552 [139800180942528] INFO perfrun.system <> - closed the system trace file: /tmp/amplxe-tmp-azfar/amplxe-res-8108-25348329570197/data.0/systemcollector-8108-DESKTOP-GRRJ2VV.sc
7553 [139800336649344] INFO perfrun.launcher <> - Launcher: all plugins were stopped.
7641 [139800130586304] WARN perfrun.sdk <> - Exception (filesystem::recursive_directory_iterator increment error: No such file or directory [system:2]) while iterating directory: /mnt/d/Semester 6/pdc/pdc_project/i221033_i220950_A_PDC_Project/vtune_hotspots416.DESKTOP-GRRJ2VV, at file: vcs/perfrun1/sdk/src/utils.cpp:295
8004 [139800336649344] INFO perfrun.launcher <> - DeadlineTimer is going to be destroyed
8005 [139800336649344] INFO perfrun.launcher <> - DeadlineTimer was destroyed
8005 [139800336649344] INFO perfrun.launcher <> - DirectoryMonitor object was destroyed
8006 [139800336649344] WARN perfrun.launcher <> - Stop command is ignored because it is received when collection is already stopped, at file: vcs/perfrun1/launcher/src/command_handler.cpp:226
8707 [139800336649344] INFO perfrun.launcher <> - Application exit code: 0
8707 [139800336649344] INFO perfrun.launcher <> - Exit code: 0
