
7888 : 0x16f7223785c8 : 3 : logger_init :  LOG FILE OPENED (by collectunits.logger), level: 4
7888 : 0x16f72b0bb4ab : 4 : pytrace_try_probe_python_functions :  Python version is detected as == 0x0
7888 : 0x16f72b814204 : 4 : pytrace_try_probe_python_functions :  Python version is detected as == 0x0
7888 : 0x16f72cf05418 : 4 : pytrace_try_probe_python_functions :  Python version is detected as == 0x0
7888 : 0x16f72d1f35ae : 4 : pytrace_try_probe_python_functions :  Python version is detected as == 0x0
7888 : 0x16f72ddcc100 : 4 : pytrace_try_probe_python_functions :  Python version is detected as == 0x0
7888 : 0x16f74f69924b : 4 : pytrace_try_probe_python_functions :  Python version is detected as == 0x0
7888 : 0x16f74fc65491 : 4 : pytrace_try_probe_python_functions :  Python version is detected as == 0x0
7888 : 0x16f74ffdd0f1 : 4 : pytrace_try_probe_python_functions :  Python version is detected as == 0x0
7888 : 0x16f758223da1 : 4 : pytrace_try_probe_python_functions :  Python version is detected as == 0x0
7888 : 0x16f7585f6ce1 : 4 : pytrace_try_probe_python_functions :  Python version is detected as == 0x0
7888 : 0x16f758718af3 : 4 : pytrace_try_probe_python_functions :  Python version is detected as == 0x0
7888 : 0x16f758f9c111 : 4 : pytrace_try_probe_python_functions :  Python version is detected as == 0x0
7888 : 0x16f75989477f : 4 : pytrace_try_probe_python_functions :  Python version is detected as == 0x0
7888 : 0x16f759eac25f : 4 : pytrace_try_probe_python_functions :  Python version is detected as == 0x0
7888 : 0x16f75daf3588 : 4 : pytrace_try_probe_python_functions :  Python version is detected as == 0x0
7888 : 0x16f75de91cbe : 4 : pytrace_try_probe_python_functions :  Python version is detected as == 0x0
7888 : 0x16f75df90358 : 4 : pytrace_try_probe_python_functions :  Python version is detected as == 0x0
7888 : 0x16f75e17259e : 4 : pytrace_try_probe_python_functions :  Python version is detected as == 0x0
7888 : 0x16f75e6dbc73 : 4 : pytrace_start_profiling :  [CALLED]
7888 : 0x16f75efb7feb : 4 : pytrace_try_probe_python_functions :  Python version is detected as == 0x0
7888 : 0x16f75f1262bd : 4 : pytrace_try_probe_python_functions :  Python version is detected as == 0x0
7888 : 0x16f75f30d313 : 4 : pytrace_try_probe_python_functions :  Python version is detected as == 0x0
7888 : 0x16f75f62f202 : 4 : pytrace_try_probe_python_functions :  Python version is detected as == 0x0
7888 : 0x16f75f9922ee : 4 : pytrace_try_probe_python_functions :  Python version is detected as == 0x0
7888 : 0x16f75fb0f588 : 4 : pytrace_try_probe_python_functions :  Python version is detected as == 0x0
7888 : 0x16f75fd7af24 : 4 : pytrace_try_probe_python_functions :  Python version is detected as == 0x0
7888 : 0x16f75fec0a3d : 4 : pytrace_try_probe_python_functions :  Python version is detected as == 0x0
7888 : 0x16f75ffb56ad : 4 : pytrace_try_probe_python_functions :  Python version is detected as == 0x0
7888 : 0x16f7600b2c8f : 4 : pytrace_try_probe_python_functions :  Python version is detected as == 0x0
7888 : 0x16f7601e2b7d : 4 : pytrace_try_probe_python_functions :  Python version is detected as == 0x0
7888 : 0x16f7603e1471 : 4 : pytrace_try_probe_python_functions :  Python version is detected as == 0x0
7888 : 0x16f760602842 : 4 : pytrace_try_probe_python_functions :  Python version is detected as == 0x0
7888 : 0x16f76099a4b1 : 4 : pytrace_try_probe_python_functions :  Python version is detected as == 0x0
7888 : 0x16f7612fac9f : 4 : pytrace_try_probe_python_functions :  Python version is detected as == 0x0
7888 : 0x16f76143808f : 4 : pytrace_try_probe_python_functions :  Python version is detected as == 0x0
7888 : 0x16f761842431 : 4 : pytrace_try_probe_python_functions :  Python version is detected as == 0x0
7888 : 0x16f762c2c616 : 4 : pytrace_try_probe_python_functions :  Python version is detected as == 0x0
7888 : 0x16f762d29a62 : 4 : pytrace_try_probe_python_functions :  Python version is detected as == 0x0
7888 : 0x16f762e5c842 : 4 : pytrace_try_probe_python_functions :  Python version is detected as == 0x0
7888 : 0x16f762f6d64c : 4 : pytrace_try_probe_python_functions :  Python version is detected as == 0x0
7888 : 0x16f7630712d6 : 4 : pytrace_try_probe_python_functions :  Python version is detected as == 0x0
7888 : 0x16f76327807c : 4 : pytrace_try_probe_python_functions :  Python version is detected as == 0x0
7888 : 0x16f76337eb10 : 4 : pytrace_try_probe_python_functions :  Python version is detected as == 0x0
7888 : 0x16f763466eec : 4 : pytrace_try_probe_python_functions :  Python version is detected as == 0x0
7888 : 0x16f763566f3e : 4 : pytrace_try_probe_python_functions :  Python version is detected as == 0x0
7888 : 0x16f763a96ccc : 4 : pytrace_try_probe_python_functions :  Python version is detected as == 0x0
7888 : 0x16f763c2553e : 4 : pytrace_try_probe_python_functions :  Python version is detected as == 0x0
7888 : 0x16f763d6a044 : 4 : pytrace_try_probe_python_functions :  Python version is detected as == 0x0
7888 : 0x16f763ebb5bc : 4 : pytrace_try_probe_python_functions :  Python version is detected as == 0x0
7888 : 0x16f76402899e : 4 : pytrace_try_probe_python_functions :  Python version is detected as == 0x0
7888 : 0x16f76420021c : 4 : pytrace_try_probe_python_functions :  Python version is detected as == 0x0
7888 : 0x16f76431974c : 4 : pytrace_try_probe_python_functions :  Python version is detected as == 0x0
7888 : 0x16f7644ed378 : 4 : pytrace_try_probe_python_functions :  Python version is detected as == 0x0
7888 : 0x16f76460084c : 4 : pytrace_try_probe_python_functions :  Python version is detected as == 0x0
7888 : 0x16f76479f636 : 4 : pytrace_try_probe_python_functions :  Python version is detected as == 0x0
7888 : 0x16f764b376de : 4 : pytrace_try_probe_python_functions :  Python version is detected as == 0x0
7888 : 0x16f764ccbb96 : 4 : pytrace_try_probe_python_functions :  Python version is detected as == 0x0
7888 : 0x16f764df089c : 4 : pytrace_try_probe_python_functions :  Python version is detected as == 0x0
7888 : 0x16f764fd642c : 4 : pytrace_try_probe_python_functions :  Python version is detected as == 0x0
7888 : 0x16f7651efe00 : 4 : pytrace_try_probe_python_functions :  Python version is detected as == 0x0
7888 : 0x16f76540d2fc : 4 : pytrace_try_probe_python_functions :  Python version is detected as == 0x0
7888 : 0x16f7659af668 : 4 : pytrace_try_probe_python_functions :  Python version is detected as == 0x0
7888 : 0x16f765b234c0 : 4 : pytrace_try_probe_python_functions :  Python version is detected as == 0x0
7888 : 0x16f765c57eca : 4 : pytrace_try_probe_python_functions :  Python version is detected as == 0x0
7888 : 0x16f7738481b4 : 4 : pytrace_try_probe_python_functions :  Python version is detected as == 0x0
7888 : 0x16f773b6eeac : 4 : pytrace_try_probe_python_functions :  Python version is detected as == 0x0
7888 : 0x16f773cefc0c : 4 : pytrace_try_probe_python_functions :  Python version is detected as == 0x0
7888 : 0x16f781e0954f : 4 : pytrace_try_probe_python_functions :  Python version is detected as == 0x0
7888 : 0x16f781ff1965 : 4 : pytrace_try_probe_python_functions :  Python version is detected as == 0x0
7888 : 0x16f78225f4e5 : 4 : pytrace_try_probe_python_functions :  Python version is detected as == 0x0
7888 : 0x16f782413e6d : 4 : pytrace_try_probe_python_functions :  Python version is detected as == 0x0
7888 : 0x16f7825812dd : 4 : pytrace_try_probe_python_functions :  Python version is detected as == 0x0
7888 : 0x16f78272f42f : 4 : pytrace_try_probe_python_functions :  Python version is detected as == 0x0
7888 : 0x16f7828b05cf : 4 : pytrace_try_probe_python_functions :  Python version is detected as == 0x0
7888 : 0x16f782995b6f : 4 : pytrace_try_probe_python_functions :  Python version is detected as == 0x0
7888 : 0x16f782c07afb : 4 : pytrace_try_probe_python_functions :  Python version is detected as == 0x0
7888 : 0x16f782d64c1f : 4 : pytrace_try_probe_python_functions :  Python version is detected as == 0x0
7888 : 0x16f782efa231 : 4 : pytrace_try_probe_python_functions :  Python version is detected as == 0x0
7888 : 0x16f7831b10d7 : 4 : pytrace_try_probe_python_functions :  Python version is detected as == 0x0
7888 : 0x16f7833b4329 : 4 : pytrace_try_probe_python_functions :  Python version is detected as == 0x0
7888 : 0x16f78353ddc7 : 4 : pytrace_try_probe_python_functions :  Python version is detected as == 0x0
7888 : 0x16fb3bfd7f92 : 4 : pytrace_stop_profiling :  [CALLED]
7888 : 0x16fb3bfe283e : 3 : logger_fini :  LOG FILE CLOSED (by collectunits.logger)