
3690 : 0x1379ae2afd7d : 3 : logger_init :  LOG FILE OPENED (by collectunits.logger), level: 4
3690 : 0x1379b290f417 : 4 : pytrace_try_probe_python_functions :  Python version is detected as == 0x0
3690 : 0x1379b2f6a8d7 : 4 : pytrace_try_probe_python_functions :  Python version is detected as == 0x0
3690 : 0x1379b4691d8c : 4 : pytrace_try_probe_python_functions :  Python version is detected as == 0x0
3690 : 0x1379b49ff5be : 4 : pytrace_try_probe_python_functions :  Python version is detected as == 0x0
3690 : 0x1379b5880e02 : 4 : pytrace_try_probe_python_functions :  Python version is detected as == 0x0
3690 : 0x1379cb257a1f : 4 : pytrace_try_probe_python_functions :  Python version is detected as == 0x0
3690 : 0x1379cb789e67 : 4 : pytrace_try_probe_python_functions :  Python version is detected as == 0x0
3690 : 0x1379cba0b97b : 4 : pytrace_try_probe_python_functions :  Python version is detected as == 0x0
3690 : 0x1379d06ccf79 : 4 : pytrace_try_probe_python_functions :  Python version is detected as == 0x0
3690 : 0x1379d09e25c9 : 4 : pytrace_try_probe_python_functions :  Python version is detected as == 0x0
3690 : 0x1379d0a9a283 : 4 : pytrace_try_probe_python_functions :  Python version is detected as == 0x0
3690 : 0x1379d106f43d : 4 : pytrace_try_probe_python_functions :  Python version is detected as == 0x0
3690 : 0x1379d1744427 : 4 : pytrace_try_probe_python_functions :  Python version is detected as == 0x0
3690 : 0x1379d1c875a1 : 4 : pytrace_try_probe_python_functions :  Python version is detected as == 0x0
3690 : 0x1379d5483403 : 4 : pytrace_try_probe_python_functions :  Python version is detected as == 0x0
3690 : 0x1379d5933ae9 : 4 : pytrace_try_probe_python_functions :  Python version is detected as == 0x0
3690 : 0x1379d5a69a7b : 4 : pytrace_try_probe_python_functions :  Python version is detected as == 0x0
3690 : 0x1379d5c94871 : 4 : pytrace_try_probe_python_functions :  Python version is detected as == 0x0
3690 : 0x1379d613e673 : 4 : pytrace_start_profiling :  [CALLED]
3690 : 0x1379d687a0ff : 4 : pytrace_try_probe_python_functions :  Python version is detected as == 0x0
3690 : 0x1379d693c7c1 : 4 : pytrace_try_probe_python_functions :  Python version is detected as == 0x0
3690 : 0x1379d6a5ff43 : 4 : pytrace_try_probe_python_functions :  Python version is detected as == 0x0
3690 : 0x1379d6c2ccc1 : 4 : pytrace_try_probe_python_functions :  Python version is detected as == 0x0
3690 : 0x1379d6ea738f : 4 : pytrace_try_probe_python_functions :  Python version is detected as == 0x0
3690 : 0x1379d6faf547 : 4 : pytrace_try_probe_python_functions :  Python version is detected as == 0x0
3690 : 0x1379d71546e1 : 4 : pytrace_try_probe_python_functions :  Python version is detected as == 0x0
3690 : 0x1379d722e7a1 : 4 : pytrace_try_probe_python_functions :  Python version is detected as == 0x0
3690 : 0x1379d72fa651 : 4 : pytrace_try_probe_python_functions :  Python version is detected as == 0x0
3690 : 0x1379d73fa445 : 4 : pytrace_try_probe_python_functions :  Python version is detected as == 0x0
3690 : 0x1379d74d2d0b : 4 : pytrace_try_probe_python_functions :  Python version is detected as == 0x0
3690 : 0x1379d75e34ad : 4 : pytrace_try_probe_python_functions :  Python version is detected as == 0x0
3690 : 0x1379d77ba717 : 4 : pytrace_try_probe_python_functions :  Python version is detected as == 0x0
3690 : 0x1379d79d83d5 : 4 : pytrace_try_probe_python_functions :  Python version is detected as == 0x0
3690 : 0x1379d84af6fd : 4 : pytrace_try_probe_python_functions :  Python version is detected as == 0x0
3690 : 0x1379d85d3d3f : 4 : pytrace_try_probe_python_functions :  Python version is detected as == 0x0
3690 : 0x1379d89c0b31 : 4 : pytrace_try_probe_python_functions :  Python version is detected as == 0x0
3690 : 0x1379da2494c8 : 4 : pytrace_try_probe_python_functions :  Python version is detected as == 0x0
3690 : 0x1379da35d8f2 : 4 : pytrace_try_probe_python_functions :  Python version is detected as == 0x0
3690 : 0x1379da4383fe : 4 : pytrace_try_probe_python_functions :  Python version is detected as == 0x0
3690 : 0x1379da519204 : 4 : pytrace_try_probe_python_functions :  Python version is detected as == 0x0
3690 : 0x1379da6061ae : 4 : pytrace_try_probe_python_functions :  Python version is detected as == 0x0
3690 : 0x1379da822ac8 : 4 : pytrace_try_probe_python_functions :  Python version is detected as == 0x0
3690 : 0x1379da8f819c : 4 : pytrace_try_probe_python_functions :  Python version is detected as == 0x0
3690 : 0x1379da9cdad2 : 4 : pytrace_try_probe_python_functions :  Python version is detected as == 0x0
3690 : 0x1379daab00ae : 4 : pytrace_try_probe_python_functions :  Python version is detected as == 0x0
3690 : 0x1379db0e7827 : 4 : pytrace_try_probe_python_functions :  Python version is detected as == 0x0
3690 : 0x1379db2cf833 : 4 : pytrace_try_probe_python_functions :  Python version is detected as == 0x0
3690 : 0x1379db3fa26b : 4 : pytrace_try_probe_python_functions :  Python version is detected as == 0x0
3690 : 0x1379db5632b7 : 4 : pytrace_try_probe_python_functions :  Python version is detected as == 0x0
3690 : 0x1379db680965 : 4 : pytrace_try_probe_python_functions :  Python version is detected as == 0x0
3690 : 0x1379db84e047 : 4 : pytrace_try_probe_python_functions :  Python version is detected as == 0x0
3690 : 0x1379db943c59 : 4 : pytrace_try_probe_python_functions :  Python version is detected as == 0x0
3690 : 0x1379dbabc013 : 4 : pytrace_try_probe_python_functions :  Python version is detected as == 0x0
3690 : 0x1379dbbb507f : 4 : pytrace_try_probe_python_functions :  Python version is detected as == 0x0
3690 : 0x1379dbd74573 : 4 : pytrace_try_probe_python_functions :  Python version is detected as == 0x0
3690 : 0x1379dc1b3f91 : 4 : pytrace_try_probe_python_functions :  Python version is detected as == 0x0
3690 : 0x1379dc3488d7 : 4 : pytrace_try_probe_python_functions :  Python version is detected as == 0x0
3690 : 0x1379dc45246d : 4 : pytrace_try_probe_python_functions :  Python version is detected as == 0x0
3690 : 0x1379dc604c41 : 4 : pytrace_try_probe_python_functions :  Python version is detected as == 0x0
3690 : 0x1379dc82e73b : 4 : pytrace_try_probe_python_functions :  Python version is detected as == 0x0
3690 : 0x1379dca08e6b : 4 : pytrace_try_probe_python_functions :  Python version is detected as == 0x0
3690 : 0x1379dd04b203 : 4 : pytrace_try_probe_python_functions :  Python version is detected as == 0x0
3690 : 0x1379dd1e6b0f : 4 : pytrace_try_probe_python_functions :  Python version is detected as == 0x0
3690 : 0x1379dd367b7b : 4 : pytrace_try_probe_python_functions :  Python version is detected as == 0x0
3690 : 0x1379eada1e18 : 4 : pytrace_try_probe_python_functions :  Python version is detected as == 0x0
3690 : 0x1379eaffcf1e : 4 : pytrace_try_probe_python_functions :  Python version is detected as == 0x0
3690 : 0x1379eb1a0cce : 4 : pytrace_try_probe_python_functions :  Python version is detected as == 0x0
3690 : 0x1379f900a2c8 : 4 : pytrace_try_probe_python_functions :  Python version is detected as == 0x0
3690 : 0x1379f9173a3a : 4 : pytrace_try_probe_python_functions :  Python version is detected as == 0x0
3690 : 0x1379f932e6b6 : 4 : pytrace_try_probe_python_functions :  Python version is detected as == 0x0
3690 : 0x1379f94f4632 : 4 : pytrace_try_probe_python_functions :  Python version is detected as == 0x0
3690 : 0x1379f965a4e0 : 4 : pytrace_try_probe_python_functions :  Python version is detected as == 0x0
3690 : 0x1379f984c73e : 4 : pytrace_try_probe_python_functions :  Python version is detected as == 0x0
3690 : 0x1379f9a2d652 : 4 : pytrace_try_probe_python_functions :  Python version is detected as == 0x0
3690 : 0x1379f9b075a6 : 4 : pytrace_try_probe_python_functions :  Python version is detected as == 0x0
3690 : 0x1379f9d36c4a : 4 : pytrace_try_probe_python_functions :  Python version is detected as == 0x0
3690 : 0x1379f9e99ec6 : 4 : pytrace_try_probe_python_functions :  Python version is detected as == 0x0
3690 : 0x1379f9fed41c : 4 : pytrace_try_probe_python_functions :  Python version is detected as == 0x0
3690 : 0x1379fa25ddb2 : 4 : pytrace_try_probe_python_functions :  Python version is detected as == 0x0
3690 : 0x1379fa3e5b98 : 4 : pytrace_try_probe_python_functions :  Python version is detected as == 0x0
3690 : 0x1379fa5b6df0 : 4 : pytrace_try_probe_python_functions :  Python version is detected as == 0x0
3690 : 0x137eea4a7990 : 4 : pytrace_stop_profiling :  [CALLED]
3690 : 0x137eea4b28c4 : 3 : logger_fini :  LOG FILE CLOSED (by collectunits.logger)