
7442 : 0x16c8aa208279 : 3 : logger_init :  LOG FILE OPENED (by collectunits.logger), level: 4
7442 : 0x16c8b1e93f9f : 4 : pytrace_try_probe_python_functions :  Python version is detected as == 0x0
7442 : 0x16c8b257f7b9 : 4 : pytrace_try_probe_python_functions :  Python version is detected as == 0x0
7442 : 0x16c8b3f1a526 : 4 : pytrace_try_probe_python_functions :  Python version is detected as == 0x0
7442 : 0x16c8b41b7e00 : 4 : pytrace_try_probe_python_functions :  Python version is detected as == 0x0
7442 : 0x16c8b4df358e : 4 : pytrace_try_probe_python_functions :  Python version is detected as == 0x0
7442 : 0x16c8d04344f5 : 4 : pytrace_try_probe_python_functions :  Python version is detected as == 0x0
7442 : 0x16c8d0c241e9 : 4 : pytrace_try_probe_python_functions :  Python version is detected as == 0x0
7442 : 0x16c8d10020a7 : 4 : pytrace_try_probe_python_functions :  Python version is detected as == 0x0
7442 : 0x16c8d67e545e : 4 : pytrace_try_probe_python_functions :  Python version is detected as == 0x0
7442 : 0x16c8d6a3464c : 4 : pytrace_try_probe_python_functions :  Python version is detected as == 0x0
7442 : 0x16c8d6adb782 : 4 : pytrace_try_probe_python_functions :  Python version is detected as == 0x0
7442 : 0x16c8d70b9b3e : 4 : pytrace_try_probe_python_functions :  Python version is detected as == 0x0
7442 : 0x16c8d770d8a4 : 4 : pytrace_try_probe_python_functions :  Python version is detected as == 0x0
7442 : 0x16c8d7bb44b2 : 4 : pytrace_try_probe_python_functions :  Python version is detected as == 0x0
7442 : 0x16c8daa989ba : 4 : pytrace_try_probe_python_functions :  Python version is detected as == 0x0
7442 : 0x16c8daebf748 : 4 : pytrace_try_probe_python_functions :  Python version is detected as == 0x0
7442 : 0x16c8dafd2128 : 4 : pytrace_try_probe_python_functions :  Python version is detected as == 0x0
7442 : 0x16c8db1b2572 : 4 : pytrace_try_probe_python_functions :  Python version is detected as == 0x0
7442 : 0x16c8db5a8fe9 : 4 : pytrace_start_profiling :  [CALLED]
7442 : 0x16c8dbc94341 : 4 : pytrace_try_probe_python_functions :  Python version is detected as == 0x0
7442 : 0x16c8dbd80a37 : 4 : pytrace_try_probe_python_functions :  Python version is detected as == 0x0
7442 : 0x16c8dbeaadc7 : 4 : pytrace_try_probe_python_functions :  Python version is detected as == 0x0
7442 : 0x16c8dc0f707f : 4 : pytrace_try_probe_python_functions :  Python version is detected as == 0x0
7442 : 0x16c8dc36ffd3 : 4 : pytrace_try_probe_python_functions :  Python version is detected as == 0x0
7442 : 0x16c8dc4c0a5d : 4 : pytrace_try_probe_python_functions :  Python version is detected as == 0x0
7442 : 0x16c8dc74e7a7 : 4 : pytrace_try_probe_python_functions :  Python version is detected as == 0x0
7442 : 0x16c8dc881b5f : 4 : pytrace_try_probe_python_functions :  Python version is detected as == 0x0
7442 : 0x16c8dc9c7035 : 4 : pytrace_try_probe_python_functions :  Python version is detected as == 0x0
7442 : 0x16c8dcb07d7f : 4 : pytrace_try_probe_python_functions :  Python version is detected as == 0x0
7442 : 0x16c8dcc50835 : 4 : pytrace_try_probe_python_functions :  Python version is detected as == 0x0
7442 : 0x16c8dcdfe39d : 4 : pytrace_try_probe_python_functions :  Python version is detected as == 0x0
7442 : 0x16c8dd075639 : 4 : pytrace_try_probe_python_functions :  Python version is detected as == 0x0
7442 : 0x16c8dd28aa3f : 4 : pytrace_try_probe_python_functions :  Python version is detected as == 0x0
7442 : 0x16c8de03eb13 : 4 : pytrace_try_probe_python_functions :  Python version is detected as == 0x0
7442 : 0x16c8de1df9fb : 4 : pytrace_try_probe_python_functions :  Python version is detected as == 0x0
7442 : 0x16c8de69d6eb : 4 : pytrace_try_probe_python_functions :  Python version is detected as == 0x0
7442 : 0x16c8e051eb42 : 4 : pytrace_try_probe_python_functions :  Python version is detected as == 0x0
7442 : 0x16c8e06112e2 : 4 : pytrace_try_probe_python_functions :  Python version is detected as == 0x0
7442 : 0x16c8e06ec1cc : 4 : pytrace_try_probe_python_functions :  Python version is detected as == 0x0
7442 : 0x16c8e07cfa00 : 4 : pytrace_try_probe_python_functions :  Python version is detected as == 0x0
7442 : 0x16c8e08b311e : 4 : pytrace_try_probe_python_functions :  Python version is detected as == 0x0
7442 : 0x16c8e0aa849c : 4 : pytrace_try_probe_python_functions :  Python version is detected as == 0x0
7442 : 0x16c8e0b7b7f8 : 4 : pytrace_try_probe_python_functions :  Python version is detected as == 0x0
7442 : 0x16c8e0c4e9b6 : 4 : pytrace_try_probe_python_functions :  Python version is detected as == 0x0
7442 : 0x16c8e0d26954 : 4 : pytrace_try_probe_python_functions :  Python version is detected as == 0x0
7442 : 0x16c8e12323aa : 4 : pytrace_try_probe_python_functions :  Python version is detected as == 0x0
7442 : 0x16c8e13bd664 : 4 : pytrace_try_probe_python_functions :  Python version is detected as == 0x0
7442 : 0x16c8e14d72e0 : 4 : pytrace_try_probe_python_functions :  Python version is detected as == 0x0
7442 : 0x16c8e16583b2 : 4 : pytrace_try_probe_python_functions :  Python version is detected as == 0x0
7442 : 0x16c8e17956ac : 4 : pytrace_try_probe_python_functions :  Python version is detected as == 0x0
7442 : 0x16c8e1945130 : 4 : pytrace_try_probe_python_functions :  Python version is detected as == 0x0
7442 : 0x16c8e1a32092 : 4 : pytrace_try_probe_python_functions :  Python version is detected as == 0x0
7442 : 0x16c8e1ba4830 : 4 : pytrace_try_probe_python_functions :  Python version is detected as == 0x0
7442 : 0x16c8e1cab726 : 4 : pytrace_try_probe_python_functions :  Python version is detected as == 0x0
7442 : 0x16c8e1e05fbc : 4 : pytrace_try_probe_python_functions :  Python version is detected as == 0x0
7442 : 0x16c8e20ffe61 : 4 : pytrace_try_probe_python_functions :  Python version is detected as == 0x0
7442 : 0x16c8e2274e93 : 4 : pytrace_try_probe_python_functions :  Python version is detected as == 0x0
7442 : 0x16c8e2379609 : 4 : pytrace_try_probe_python_functions :  Python version is detected as == 0x0
7442 : 0x16c8e252a8cf : 4 : pytrace_try_probe_python_functions :  Python version is detected as == 0x0
7442 : 0x16c8e270116b : 4 : pytrace_try_probe_python_functions :  Python version is detected as == 0x0
7442 : 0x16c8e28dc9af : 4 : pytrace_try_probe_python_functions :  Python version is detected as == 0x0
7442 : 0x16c8e2de5415 : 4 : pytrace_try_probe_python_functions :  Python version is detected as == 0x0
7442 : 0x16c8e2f53a59 : 4 : pytrace_try_probe_python_functions :  Python version is detected as == 0x0
7442 : 0x16c8e306ab03 : 4 : pytrace_try_probe_python_functions :  Python version is detected as == 0x0
7442 : 0x16c8f0aacf36 : 4 : pytrace_try_probe_python_functions :  Python version is detected as == 0x0
7442 : 0x16c8f0cb1166 : 4 : pytrace_try_probe_python_functions :  Python version is detected as == 0x0
7442 : 0x16c8f0e31af4 : 4 : pytrace_try_probe_python_functions :  Python version is detected as == 0x0
7442 : 0x16c8ff2c527a : 4 : pytrace_try_probe_python_functions :  Python version is detected as == 0x0
7442 : 0x16c8ff3dd76e : 4 : pytrace_try_probe_python_functions :  Python version is detected as == 0x0
7442 : 0x16c8ff538620 : 4 : pytrace_try_probe_python_functions :  Python version is detected as == 0x0
7442 : 0x16c8ff694d8c : 4 : pytrace_try_probe_python_functions :  Python version is detected as == 0x0
7442 : 0x16c8ff7b901c : 4 : pytrace_try_probe_python_functions :  Python version is detected as == 0x0
7442 : 0x16c8ff900c4e : 4 : pytrace_try_probe_python_functions :  Python version is detected as == 0x0
7442 : 0x16c8ffa5213a : 4 : pytrace_try_probe_python_functions :  Python version is detected as == 0x0
7442 : 0x16c8ffb12b0e : 4 : pytrace_try_probe_python_functions :  Python version is detected as == 0x0
7442 : 0x16c8ffcc51f0 : 4 : pytrace_try_probe_python_functions :  Python version is detected as == 0x0
7442 : 0x16c8ffddf350 : 4 : pytrace_try_probe_python_functions :  Python version is detected as == 0x0
7442 : 0x16c8ffefb3c4 : 4 : pytrace_try_probe_python_functions :  Python version is detected as == 0x0
7442 : 0x16c90014a28d : 4 : pytrace_try_probe_python_functions :  Python version is detected as == 0x0
7442 : 0x16c9002a9b5d : 4 : pytrace_try_probe_python_functions :  Python version is detected as == 0x0
7442 : 0x16c9004059df : 4 : pytrace_try_probe_python_functions :  Python version is detected as == 0x0
7442 : 0x16cbd3b97c2b : 4 : pytrace_stop_profiling :  [CALLED]
7442 : 0x16cbd3b9f2f1 : 3 : logger_fini :  LOG FILE CLOSED (by collectunits.logger)