
7195 : 0x16b0509f1364 : 3 : logger_init :  LOG FILE OPENED (by collectunits.logger), level: 4
7195 : 0x16b057662923 : 4 : pytrace_try_probe_python_functions :  Python version is detected as == 0x0
7195 : 0x16b057ba7bfe : 4 : pytrace_try_probe_python_functions :  Python version is detected as == 0x0
7195 : 0x16b0591a3566 : 4 : pytrace_try_probe_python_functions :  Python version is detected as == 0x0
7195 : 0x16b05946286e : 4 : pytrace_try_probe_python_functions :  Python version is detected as == 0x0
7195 : 0x16b05a54ea2b : 4 : pytrace_try_probe_python_functions :  Python version is detected as == 0x0
7195 : 0x16b0784e1149 : 4 : pytrace_try_probe_python_functions :  Python version is detected as == 0x0
7195 : 0x16b078f52117 : 4 : pytrace_try_probe_python_functions :  Python version is detected as == 0x0
7195 : 0x16b0793c2941 : 4 : pytrace_try_probe_python_functions :  Python version is detected as == 0x0
7195 : 0x16b0883fdf55 : 4 : pytrace_try_probe_python_functions :  Python version is detected as == 0x0
7195 : 0x16b0887bb353 : 4 : pytrace_try_probe_python_functions :  Python version is detected as == 0x0
7195 : 0x16b0889428d9 : 4 : pytrace_try_probe_python_functions :  Python version is detected as == 0x0
7195 : 0x16b0893bdeb5 : 4 : pytrace_try_probe_python_functions :  Python version is detected as == 0x0
7195 : 0x16b089e6b2e0 : 4 : pytrace_try_probe_python_functions :  Python version is detected as == 0x0
7195 : 0x16b08a42e844 : 4 : pytrace_try_probe_python_functions :  Python version is detected as == 0x0
7195 : 0x16b08df28879 : 4 : pytrace_try_probe_python_functions :  Python version is detected as == 0x0
7195 : 0x16b08e3f08c7 : 4 : pytrace_try_probe_python_functions :  Python version is detected as == 0x0
7195 : 0x16b08e54c51b : 4 : pytrace_try_probe_python_functions :  Python version is detected as == 0x0
7195 : 0x16b08e7743ad : 4 : pytrace_try_probe_python_functions :  Python version is detected as == 0x0
7195 : 0x16b08ed3d41e : 4 : pytrace_start_profiling :  [CALLED]
7195 : 0x16b08f629d96 : 4 : pytrace_try_probe_python_functions :  Python version is detected as == 0x0
7195 : 0x16b08f77db7a : 4 : pytrace_try_probe_python_functions :  Python version is detected as == 0x0
7195 : 0x16b08f91ce76 : 4 : pytrace_try_probe_python_functions :  Python version is detected as == 0x0
7195 : 0x16b08fcd9318 : 4 : pytrace_try_probe_python_functions :  Python version is detected as == 0x0
7195 : 0x16b0900cd174 : 4 : pytrace_try_probe_python_functions :  Python version is detected as == 0x0
7195 : 0x16b090272ca3 : 4 : pytrace_try_probe_python_functions :  Python version is detected as == 0x0
7195 : 0x16b09053f8ea : 4 : pytrace_try_probe_python_functions :  Python version is detected as == 0x0
7195 : 0x16b0906138dc : 4 : pytrace_try_probe_python_functions :  Python version is detected as == 0x0
7195 : 0x16b09072d936 : 4 : pytrace_try_probe_python_functions :  Python version is detected as == 0x0
7195 : 0x16b090873b0a : 4 : pytrace_try_probe_python_functions :  Python version is detected as == 0x0
7195 : 0x16b0909c5d50 : 4 : pytrace_try_probe_python_functions :  Python version is detected as == 0x0
7195 : 0x16b090af92ba : 4 : pytrace_try_probe_python_functions :  Python version is detected as == 0x0
7195 : 0x16b090df36e1 : 4 : pytrace_try_probe_python_functions :  Python version is detected as == 0x0
7195 : 0x16b09115fd79 : 4 : pytrace_try_probe_python_functions :  Python version is detected as == 0x0
7195 : 0x16b091fb2caf : 4 : pytrace_try_probe_python_functions :  Python version is detected as == 0x0
7195 : 0x16b0920f8cad : 4 : pytrace_try_probe_python_functions :  Python version is detected as == 0x0
7195 : 0x16b0924ffdc7 : 4 : pytrace_try_probe_python_functions :  Python version is detected as == 0x0
7195 : 0x16b094ded609 : 4 : pytrace_try_probe_python_functions :  Python version is detected as == 0x0
7195 : 0x16b094efca1d : 4 : pytrace_try_probe_python_functions :  Python version is detected as == 0x0
7195 : 0x16b094fe9ad1 : 4 : pytrace_try_probe_python_functions :  Python version is detected as == 0x0
7195 : 0x16b0950f3efb : 4 : pytrace_try_probe_python_functions :  Python version is detected as == 0x0
7195 : 0x16b0951dc365 : 4 : pytrace_try_probe_python_functions :  Python version is detected as == 0x0
7195 : 0x16b095400117 : 4 : pytrace_try_probe_python_functions :  Python version is detected as == 0x0
7195 : 0x16b0954f9b77 : 4 : pytrace_try_probe_python_functions :  Python version is detected as == 0x0
7195 : 0x16b09563c29b : 4 : pytrace_try_probe_python_functions :  Python version is detected as == 0x0
7195 : 0x16b09574c0e1 : 4 : pytrace_try_probe_python_functions :  Python version is detected as == 0x0
7195 : 0x16b095cf586b : 4 : pytrace_try_probe_python_functions :  Python version is detected as == 0x0
7195 : 0x16b095ebe99f : 4 : pytrace_try_probe_python_functions :  Python version is detected as == 0x0
7195 : 0x16b096015f79 : 4 : pytrace_try_probe_python_functions :  Python version is detected as == 0x0
7195 : 0x16b09618f899 : 4 : pytrace_try_probe_python_functions :  Python version is detected as == 0x0
7195 : 0x16b0962e91a3 : 4 : pytrace_try_probe_python_functions :  Python version is detected as == 0x0
7195 : 0x16b0964b43f5 : 4 : pytrace_try_probe_python_functions :  Python version is detected as == 0x0
7195 : 0x16b09660f221 : 4 : pytrace_try_probe_python_functions :  Python version is detected as == 0x0
7195 : 0x16b09679eb95 : 4 : pytrace_try_probe_python_functions :  Python version is detected as == 0x0
7195 : 0x16b0968c0651 : 4 : pytrace_try_probe_python_functions :  Python version is detected as == 0x0
7195 : 0x16b096a7595d : 4 : pytrace_try_probe_python_functions :  Python version is detected as == 0x0
7195 : 0x16b096e2ec7c : 4 : pytrace_try_probe_python_functions :  Python version is detected as == 0x0
7195 : 0x16b096fb56e6 : 4 : pytrace_try_probe_python_functions :  Python version is detected as == 0x0
7195 : 0x16b097112126 : 4 : pytrace_try_probe_python_functions :  Python version is detected as == 0x0
7195 : 0x16b097320e7a : 4 : pytrace_try_probe_python_functions :  Python version is detected as == 0x0
7195 : 0x16b09773f391 : 4 : pytrace_try_probe_python_functions :  Python version is detected as == 0x0
7195 : 0x16b09799bad1 : 4 : pytrace_try_probe_python_functions :  Python version is detected as == 0x0
7195 : 0x16b0980925c3 : 4 : pytrace_try_probe_python_functions :  Python version is detected as == 0x0
7195 : 0x16b09820f68f : 4 : pytrace_try_probe_python_functions :  Python version is detected as == 0x0
7195 : 0x16b098301a17 : 4 : pytrace_try_probe_python_functions :  Python version is detected as == 0x0
7195 : 0x16b0a626f6c2 : 4 : pytrace_try_probe_python_functions :  Python version is detected as == 0x0
7195 : 0x16b0a69b99f5 : 4 : pytrace_try_probe_python_functions :  Python version is detected as == 0x0
7195 : 0x16b0a6d64283 : 4 : pytrace_try_probe_python_functions :  Python version is detected as == 0x0
7195 : 0x16b0b4b8b65e : 4 : pytrace_try_probe_python_functions :  Python version is detected as == 0x0
7195 : 0x16b0b4cafa02 : 4 : pytrace_try_probe_python_functions :  Python version is detected as == 0x0
7195 : 0x16b0b4e23f74 : 4 : pytrace_try_probe_python_functions :  Python version is detected as == 0x0
7195 : 0x16b0b4fabcda : 4 : pytrace_try_probe_python_functions :  Python version is detected as == 0x0
7195 : 0x16b0b5110d00 : 4 : pytrace_try_probe_python_functions :  Python version is detected as == 0x0
7195 : 0x16b0b52dc0de : 4 : pytrace_try_probe_python_functions :  Python version is detected as == 0x0
7195 : 0x16b0b5447dc6 : 4 : pytrace_try_probe_python_functions :  Python version is detected as == 0x0
7195 : 0x16b0b550e302 : 4 : pytrace_try_probe_python_functions :  Python version is detected as == 0x0
7195 : 0x16b0b570f79e : 4 : pytrace_try_probe_python_functions :  Python version is detected as == 0x0
7195 : 0x16b0b586372c : 4 : pytrace_try_probe_python_functions :  Python version is detected as == 0x0
7195 : 0x16b0b59b66aa : 4 : pytrace_try_probe_python_functions :  Python version is detected as == 0x0
7195 : 0x16b0b5bf3e02 : 4 : pytrace_try_probe_python_functions :  Python version is detected as == 0x0
7195 : 0x16b0b5d70a7e : 4 : pytrace_try_probe_python_functions :  Python version is detected as == 0x0
7195 : 0x16b0b5f6362a : 4 : pytrace_try_probe_python_functions :  Python version is detected as == 0x0
7195 : 0x16b34634ba4a : 4 : pytrace_stop_profiling :  [CALLED]
7195 : 0x16b346359fd4 : 3 : logger_fini :  LOG FILE CLOSED (by collectunits.logger)