6 [140215278976128] INFO perfrun.launcher <> - Launcher main begin
6 [140215278976128] INFO perfrun.launcher <> - MessageCatalogInit finished
6 [140215278976128] INFO perfrun.launcher <> - Launcher instance created
7 [140215278976128] INFO perfrun.launcher <> - argc = 7; cmdline = /opt/intel/oneapi/vtune/2025.3/bin64/amplxe-runss --ui-output-format xml --ui-output-fd 6 --option-file /mnt/d/Semester 6/pdc/pdc_project/i221033_i220950_A_PDC_Project/vtune_hotspots4.DESKTOP-GRRJ2VV/config/runss.options.1 
33 [140215278976128] INFO perfrun.perfcollector <> - SEP tool path: /opt/intel/oneapi/vtune/2025.3/bin64/sep
51 [140215278976128] INFO perfrun.launcher <> - create msngr2::ICliToolContext
51 [140215278976128] INFO perfrun.launcher <> - create file finder object
52 [140215278976128] INFO perfrun.launcher <> - create a result directory: pattern = /mnt/d/Semester 6/pdc/pdc_project/i221033_i220950_A_PDC_Project/vtune_hotspots4.DESKTOP-GRRJ2VV pid = 4294967295
60 [140215278976128] INFO perfrun.sdk <> - checked that the directory /mnt/d/Semester 6/pdc/pdc_project/i221033_i220950_A_PDC_Project/vtune_hotspots4.DESKTOP-GRRJ2VV is a local directory
61 [140215278976128] INFO perfrun.sdk <> - the directory /mnt/d/Semester 6/pdc/pdc_project/i221033_i220950_A_PDC_Project/vtune_hotspots4.DESKTOP-GRRJ2VV is located on a share or its FS ID is unknown 16914839
61 [140215278976128] INFO perfrun.sdk <> - checked that the directory /tmp/amplxe-tmp-azfar is a local directory
61 [140215278976128] INFO perfrun.sdk <> - the directory /tmp/amplxe-tmp-azfar is a local directory with FS type ID 61267
62 [140215278976128] INFO perfrun.launcher <> - Create a local result directory /tmp/amplxe-tmp-azfar/amplxe-res-3042-20581377662479 due to the user result path /mnt/d/Semester 6/pdc/pdc_project/i221033_i220950_A_PDC_Project/vtune_hotspots4.DESKTOP-GRRJ2VV is located on a share
62 [140215278976128] INFO perfrun.launcher <> - create data directory = /tmp/amplxe-tmp-azfar/amplxe-res-3042-20581377662479/data.0
63 [140215278976128] INFO perfrun.launcher <> - create data directory = /mnt/d/Semester 6/pdc/pdc_project/i221033_i220950_A_PDC_Project/vtune_hotspots4.DESKTOP-GRRJ2VV/data.0
66 [140215278976128] INFO perfrun.launcher <> - Creating the master collection flag
70 [140215278976128] INFO perfrun.launcher <> - Done creating the master collection flag
71 [140215123437248] INFO perfrun.launcher <> - plugin [remoteplug] was disabled because it doesn't support the given collection type.
72 [140215123437248] INFO perfrun.sdk <> - Allocating TMU :/tmp/amplxe-tmp-azfar/amplxe-res-3042-20581377662479/data.0/systemcollector-3042-DESKTOP-GRRJ2VV.sc
72 [140215123437248] INFO perfrun.system <> - Tpss based collection
73 [140215123437248] INFO perfrun.launcher <> - plugin [ptracecollector] was disabled because it doesn't support the given collection type.
73 [140215123437248] INFO perfrun.launcher <> - plugin [gpu] was disabled because it doesn't support the given collection type.
74 [140215123437248] INFO perfrun.launcher <> - plugin [] was disabled because it doesn't support the given collection type.
74 [140215123437248] INFO perfrun.launcher <> - plugin [] was disabled because it doesn't support the given collection type.
74 [140215123437248] INFO perfrun.launcher <> - plugin [] was disabled because it doesn't support the given collection type.
74 [140215123437248] INFO perfrun.mrte <> - system-wide mode is 0
74 [140215123437248] INFO perfrun.mrte <> - Getting  mrte profiling environment ...
107 [140215123437248] INFO perfrun.mrte <> - INTEL_MRTE_DATA_DIR=/tmp/amplxe-tmp-azfar/amplxe-res-3042-20581377662479/data.0
107 [140215123437248] INFO perfrun.mrte <> - INTEL_MRTE_HOST_NAME=DESKTOP-GRRJ2VV
107 [140215123437248] INFO perfrun.mrte <> - JAVA_TOOL_OPTIONS=-agentlib:amplxe_samplingmrte_javaprof_1.0 -Dsun.boot.library.path=/opt/intel/oneapi/vtune/2025.3/lib32/runtime:/opt/intel/oneapi/vtune/2025.3/lib64/runtime
108 [140215123437248] INFO perfrun.mrte <> - LD_LIBRARY_PATH=/opt/intel/oneapi/vtune/2025.3/lib32/runtime:/opt/intel/oneapi/vtune/2025.3/lib64/runtime:/opt/intel/oneapi/tcm/1.3/lib:/opt/intel/oneapi/umf/0.10/lib:/opt/intel/oneapi/tbb/2022.1/env/../lib/intel64/gcc4.8:/opt/intel/oneapi/pti/0.12/lib:/opt/intel/oneapi/mkl/2025.1/lib:/opt/intel/oneapi/ipp/2022.1/lib:/opt/intel/oneapi/compiler/2025.1/opt/compiler/lib:/opt/intel/oneapi/compiler/2025.1/lib
108 [140215123437248] INFO perfrun.mrte <> - CORECLR_ENABLE_PROFILING=1
108 [140215123437248] INFO perfrun.mrte <> - CORECLR_PROFILER={AA5E4821-E3B1-479c-B7FF-5AD047D22CED}
108 [140215123437248] INFO perfrun.mrte <> - CORECLR_PROFILER_PATH=/opt/intel/oneapi/vtune/2025.3/lib64/libamplxe_samplingmrte_clrprof_1.0.so
108 [140215123437248] INFO perfrun.mrte <> - INTEL_MRTE_PROFILER_MODE=mixed
108 [140215123437248] INFO perfrun.mrte <> - Data directory: /tmp/amplxe-tmp-azfar/amplxe-res-3042-20581377662479/data.0
109 [140215123437248] INFO perfrun.mrte <> - Mrte plugin is initialized
109 [140215123437248] INFO perfrun.launcher <> - plugin [emon] was disabled because it doesn't support the given collection type.
109 [140215123437248] INFO perfrun.launcher <> - plugin [cuscol] was disabled because it doesn't support the given collection type.
109 [140215123437248] INFO perfrun.launcher <> - plugin [stdsrc] was disabled because it doesn't support the given collection type.
109 [140215123437248] INFO perfrun.launcher <> - plugin [sep] was disabled because it doesn't support the given collection type.
109 [140215123437248] INFO perfrun.launcher <> - plugin [vtsspp] was disabled because it doesn't support the given collection type.
110 [140215123437248] INFO perfrun.perfcollector <> - Platform type: 150
110 [140215123437248] INFO perfrun.sdk <> - Reading value (2) from file: /proc/sys/kernel/perf_event_paranoid
110 [140215123437248] INFO perfrun.perfcollector <> - checking access to: /opt/intel/oneapi/vtune/2025.3/bin64/amplxe-perf-priv
110 [140215123437248] INFO perfrun.perfcollector <> - dir found: /sys/bus/event_source/devices/software
110 [140215123437248] INFO perfrun.perfcollector <> - format: pmu format subdir doesn't exist
110 [140215123437248] INFO perfrun.perfcollector <> - hwInfo: not set, pmuFam: software
111 [140215123437248] INFO perfrun.perfcollector <> - pmu added: software, idx: 0
111 [140215123437248] INFO perfrun.perfcollector <> - dir found: /sys/bus/event_source/devices/uprobe
111 [140215123437248] INFO perfrun.perfcollector <> - format: ref_ctr_offset: config:32-63, mask:32-63
111 [140215123437248] INFO perfrun.perfcollector <> - format: retprobe: config:0, mask:0
111 [140215123437248] INFO perfrun.perfcollector <> - hwInfo: not set, pmuFam: uprobe
111 [140215123437248] INFO perfrun.perfcollector <> - pmu caps: raw,format
112 [140215123437248] INFO perfrun.perfcollector <> - pmu added: uprobe, idx: 0
112 [140215123437248] INFO perfrun.perfcollector <> - dir found: /sys/bus/event_source/devices/cpu
112 [140215123437248] INFO perfrun.perfcollector <> - format: event: config:0-7, mask:0-7
113 [140215123437248] INFO perfrun.perfcollector <> - format: pc: config:19, mask:19
113 [140215123437248] INFO perfrun.perfcollector <> - format: edge: config:18, mask:18
113 [140215123437248] INFO perfrun.perfcollector <> - format: any: config:21, mask:21
114 [140215123437248] INFO perfrun.perfcollector <> - format: offcore_rsp: config1:0-63, mask:0-63
114 [140215123437248] INFO perfrun.perfcollector <> - format: ldlat: config1:0-15, mask:0-15
114 [140215123437248] INFO perfrun.perfcollector <> - format: inv: config:23, mask:23
114 [140215123437248] INFO perfrun.perfcollector <> - format: umask: config:8-15, mask:8-15
114 [140215123437248] INFO perfrun.perfcollector <> - format: frontend: config1:0-23, mask:0-23
114 [140215123437248] INFO perfrun.perfcollector <> - format: cmask: config:24-31, mask:24-31
114 [140215123437248] INFO perfrun.perfcollector <> - hwInfo: PERF_CPU_PMU_DETAILS
115 [140215123437248] INFO perfrun.perfcollector <> - pmu caps: raw,format,events,ldlat,frontend,offcore_rsp
115 [140215123437248] INFO perfrun.perfcollector <> - pmu added: cpu, idx: 0
115 [140215123437248] INFO perfrun.perfcollector <> - dir found: /sys/bus/event_source/devices/breakpoint
115 [140215123437248] INFO perfrun.perfcollector <> - format: pmu format subdir doesn't exist
115 [140215123437248] INFO perfrun.perfcollector <> - hwInfo: not set, pmuFam: breakpoint
115 [140215123437248] INFO perfrun.perfcollector <> - pmu added: breakpoint, idx: 0
115 [140215123437248] INFO perfrun.perfcollector <> - dir found: /sys/bus/event_source/devices/tracepoint
116 [140215123437248] INFO perfrun.perfcollector <> - format: pmu format subdir doesn't exist
116 [140215123437248] INFO perfrun.perfcollector <> - hwInfo: not set, pmuFam: tracepoint
116 [140215123437248] INFO perfrun.perfcollector <> - pmu added: tracepoint, idx: 0
116 [140215123437248] INFO perfrun.perfcollector <> - dir found: /sys/bus/event_source/devices/kprobe
116 [140215123437248] INFO perfrun.perfcollector <> - format: retprobe: config:0, mask:0
116 [140215123437248] INFO perfrun.perfcollector <> - hwInfo: not set, pmuFam: kprobe
117 [140215123437248] INFO perfrun.perfcollector <> - pmu caps: raw,format
117 [140215123437248] INFO perfrun.perfcollector <> - pmu added: kprobe, idx: 0
117 [140215123437248] INFO perfrun.perfcollector <> - dir found: /sys/bus/event_source/devices/msr
117 [140215123437248] INFO perfrun.perfcollector <> - format: event: config:0-63, mask:0-63
117 [140215123437248] INFO perfrun.perfcollector <> - hwInfo: not set, pmuFam: msr
117 [140215123437248] INFO perfrun.perfcollector <> - pmu caps: raw,format,events
117 [140215123437248] INFO perfrun.perfcollector <> - pmu added: msr, idx: 0
118 [140215123437248] INFO perfrun.perfcollector <> - Perf tool path: /opt/intel/oneapi/vtune/2025.3/bin64/amplxe-perf
118 [140215123437248] INFO perfrun.perfcollector <> - Data directory: /tmp/amplxe-tmp-azfar/amplxe-res-3042-20581377662479/data.0
118 [140215123437248] INFO perfrun.perfcollector <> - Temp directory: /tmp/amplxe-tmp-azfar
118 [140215123437248] INFO perfrun.perfcollector <> - Perf sync path: /opt/intel/oneapi/vtune/2025.3/bin64/amplxe-perf-sync
118 [140215123437248] INFO perfrun.perfcollector <> - Hypervisor = Microsoft Hv
118 [140215123437248] INFO perfrun.perfcollector <> - Counting mode is requested
118 [140215123437248] WARN perfrun.launcher <> - Messenger::say: Only user space will be profiled due to credentials lack. Consider changing /proc/sys/kernel/perf_event_paranoid file for enabling kernel space profiling.
119 [140215123437248] INFO perfrun.perfcollector <> - Sample after multiplier: 1
119 [140215123437248] INFO perfrun.sdk <> - runCmd: /opt/intel/oneapi/vtune/2025.3/bin64/sep -dry-run -sam 1 -ec CPU_CLK_UNHALTED.THREAD,CPU_CLK_UNHALTED.REF_TSC:sample:sa=1800000,INST_RETIRED.ANY:sample:sa=1800000,CPU_CLK_UNHALTED.REF_XCLK,CPU_CLK_UNHALTED.ONE_THREAD_ACTIVE,FP_ARITH_INST_RETIRED.SCALAR_SINGLE,FP_ARITH_INST_RETIRED.128B_PACKED_SINGLE,FP_ARITH_INST_RETIRED.256B_PACKED_SINGLE,FP_ARITH_INST_RETIRED.SCALAR_DOUBLE,FP_ARITH_INST_RETIRED.128B_PACKED_DOUBLE,FP_ARITH_INST_RETIRED.256B_PACKED_DOUBLE,UOPS_EXECUTED.X87,UOPS_RETIRED.RETIRE_SLOTS:sample:sa=2000003,UOPS_EXECUTED.THREAD -experimental
119 [140215123437248] INFO perfrun.sdk <> - runCmd started PID 3048
135 [140215123437248] INFO perfrun.perfcollector <> - SepDryRun RC = true
136 [140215123437248] INFO perfrun.perfcollector <> - Loading SEP event configuration
136 [140215123437248] INFO perfrun.perfcollector <> - pmu: cpu
136 [140215123437248] INFO perfrun.perfcollector <> - group_id: 0
136 [140215123437248] INFO perfrun.perfcollector <> - event_id: 2: INST_RETIRED.ANY
136 [140215123437248] INFO perfrun.perfcollector <> - event_id: 0: CPU_CLK_UNHALTED.THREAD
136 [140215123437248] INFO perfrun.perfcollector <> - event_id: 1: CPU_CLK_UNHALTED.REF_TSC
136 [140215123437248] INFO perfrun.perfcollector <> - event_id: 3: CPU_CLK_UNHALTED.REF_XCLK
137 [140215123437248] INFO perfrun.perfcollector <> - event_id: 4: CPU_CLK_UNHALTED.ONE_THREAD_ACTIVE
137 [140215123437248] INFO perfrun.perfcollector <> - event_id: 5: FP_ARITH_INST_RETIRED.SCALAR_SINGLE
137 [140215123437248] INFO perfrun.perfcollector <> - event_id: 6: FP_ARITH_INST_RETIRED.128B_PACKED_SINGLE
137 [140215123437248] INFO perfrun.perfcollector <> - event_id: 3: cccr: addr: 186, value: 53013c
137 [140215123437248] INFO perfrun.perfcollector <> - event_id: 4: cccr: addr: 187, value: 53023c
137 [140215123437248] INFO perfrun.perfcollector <> - event_id: 5: cccr: addr: 188, value: 5302c7
137 [140215123437248] INFO perfrun.perfcollector <> - event_id: 6: cccr: addr: 189, value: 5308c7
137 [140215123437248] INFO perfrun.perfcollector <> - event_id: 2: data: addr: 309, value: ffffffffffe488c0
138 [140215123437248] INFO perfrun.perfcollector <> - event_id: 0: data: addr: 30a, value: ffffffffffe17b7d
138 [140215123437248] INFO perfrun.perfcollector <> - event_id: 1: data: addr: 30b, value: ffffffffffe488c0
138 [140215123437248] INFO perfrun.perfcollector <> - event_id: 3: data: addr: c1, value: ffffffffffff9e55
138 [140215123437248] INFO perfrun.perfcollector <> - event_id: 4: data: addr: c2, value: ffffffffffff9e55
138 [140215123437248] INFO perfrun.perfcollector <> - event_id: 5: data: addr: c3, value: ffffffffffe17b7d
138 [140215123437248] INFO perfrun.perfcollector <> - event_id: 6: data: addr: c4, value: ffffffffffe17b7d
138 [140215123437248] INFO perfrun.perfcollector <> - group_id: 1
139 [140215123437248] INFO perfrun.perfcollector <> - event_id: 2: INST_RETIRED.ANY
139 [140215123437248] INFO perfrun.perfcollector <> - event_id: 0: CPU_CLK_UNHALTED.THREAD
139 [140215123437248] INFO perfrun.perfcollector <> - event_id: 1: CPU_CLK_UNHALTED.REF_TSC
139 [140215123437248] INFO perfrun.perfcollector <> - event_id: 7: FP_ARITH_INST_RETIRED.256B_PACKED_SINGLE
139 [140215123437248] INFO perfrun.perfcollector <> - event_id: 8: FP_ARITH_INST_RETIRED.SCALAR_DOUBLE
139 [140215123437248] INFO perfrun.perfcollector <> - event_id: 9: FP_ARITH_INST_RETIRED.128B_PACKED_DOUBLE
139 [140215123437248] INFO perfrun.perfcollector <> - event_id: 10: FP_ARITH_INST_RETIRED.256B_PACKED_DOUBLE
140 [140215123437248] INFO perfrun.perfcollector <> - event_id: 7: cccr: addr: 186, value: 5320c7
140 [140215123437248] INFO perfrun.perfcollector <> - event_id: 8: cccr: addr: 187, value: 5301c7
140 [140215123437248] INFO perfrun.perfcollector <> - event_id: 9: cccr: addr: 188, value: 5304c7
140 [140215123437248] INFO perfrun.perfcollector <> - event_id: 10: cccr: addr: 189, value: 5310c7
140 [140215123437248] INFO perfrun.perfcollector <> - event_id: 2: data: addr: 309, value: ffffffffffe488c0
140 [140215123437248] INFO perfrun.perfcollector <> - event_id: 0: data: addr: 30a, value: ffffffffffe17b7d
140 [140215123437248] INFO perfrun.perfcollector <> - event_id: 1: data: addr: 30b, value: ffffffffffe488c0
140 [140215123437248] INFO perfrun.perfcollector <> - event_id: 7: data: addr: c1, value: ffffffffffe17b7d
141 [140215123437248] INFO perfrun.perfcollector <> - event_id: 8: data: addr: c2, value: ffffffffffe17b7d
141 [140215123437248] INFO perfrun.perfcollector <> - event_id: 9: data: addr: c3, value: ffffffffffe17b7d
141 [140215123437248] INFO perfrun.perfcollector <> - event_id: 10: data: addr: c4, value: ffffffffffe17b7d
141 [140215123437248] INFO perfrun.perfcollector <> - group_id: 2
141 [140215123437248] INFO perfrun.perfcollector <> - event_id: 2: INST_RETIRED.ANY
141 [140215123437248] INFO perfrun.perfcollector <> - event_id: 0: CPU_CLK_UNHALTED.THREAD
141 [140215123437248] INFO perfrun.perfcollector <> - event_id: 1: CPU_CLK_UNHALTED.REF_TSC
142 [140215123437248] INFO perfrun.perfcollector <> - event_id: 11: UOPS_EXECUTED.X87
142 [140215123437248] INFO perfrun.perfcollector <> - event_id: 12: UOPS_RETIRED.RETIRE_SLOTS
142 [140215123437248] INFO perfrun.perfcollector <> - event_id: 13: UOPS_EXECUTED.THREAD
142 [140215123437248] INFO perfrun.perfcollector <> - event_id: 11: cccr: addr: 186, value: 5310b1
142 [140215123437248] INFO perfrun.perfcollector <> - event_id: 12: cccr: addr: 187, value: 5302c2
142 [140215123437248] INFO perfrun.perfcollector <> - event_id: 13: cccr: addr: 188, value: 5301b1
142 [140215123437248] INFO perfrun.perfcollector <> - event_id: 2: data: addr: 309, value: ffffffffffe488c0
143 [140215123437248] INFO perfrun.perfcollector <> - event_id: 0: data: addr: 30a, value: ffffffffffe17b7d
143 [140215123437248] INFO perfrun.perfcollector <> - event_id: 1: data: addr: 30b, value: ffffffffffe488c0
143 [140215123437248] INFO perfrun.perfcollector <> - event_id: 11: data: addr: c1, value: ffffffffffe17b7d
143 [140215123437248] INFO perfrun.perfcollector <> - event_id: 12: data: addr: c2, value: ffffffffffe17b7d
143 [140215123437248] INFO perfrun.perfcollector <> - event_id: 13: data: addr: c3, value: ffffffffffe17b7d
143 [140215123437248] INFO perfrun.perfcollector <> - Converting events to Perf format
143 [140215123437248] INFO perfrun.perfcollector <> - event: 0: CPU_CLK_UNHALTED.THREAD
143 [140215123437248] INFO perfrun.perfcollector <> - cccr: addr: ffffffff, value: 0
144 [140215123437248] INFO perfrun.perfcollector <> - data: addr: 30a, value: ffffffffffe17b7d
144 [140215123437248] INFO perfrun.perfcollector <> - pmu config: cpu
144 [140215123437248] INFO perfrun.perfcollector <> - config: any: 0
144 [140215123437248] INFO perfrun.perfcollector <> - config: cmask: 0
144 [140215123437248] INFO perfrun.perfcollector <> - config: edge: 0
144 [140215123437248] INFO perfrun.perfcollector <> - config: event: 3c
144 [140215123437248] INFO perfrun.perfcollector <> - config1: frontend: 0
145 [140215123437248] INFO perfrun.perfcollector <> - config: inv: 0
145 [140215123437248] INFO perfrun.perfcollector <> - config1: ldlat: 0
145 [140215123437248] INFO perfrun.perfcollector <> - config1: offcore_rsp: 0
145 [140215123437248] INFO perfrun.perfcollector <> - config: pc: 0
145 [140215123437248] INFO perfrun.perfcollector <> - config: umask: 0
145 [140215123437248] INFO perfrun.perfcollector <> - format: cpu/event=0x3c,name='CPU_CLK_UNHALTED.THREAD'/D
146 [140215123437248] INFO perfrun.perfcollector <> - event: 1: CPU_CLK_UNHALTED.REF_TSC
146 [140215123437248] INFO perfrun.perfcollector <> - cccr: addr: ffffffff, value: 0
146 [140215123437248] INFO perfrun.perfcollector <> - data: addr: 30b, value: ffffffffffe488c0
146 [140215123437248] INFO perfrun.perfcollector <> - pmu config: cpu
147 [140215123437248] INFO perfrun.perfcollector <> - config: any: 0
147 [140215123437248] INFO perfrun.perfcollector <> - config: cmask: 0
147 [140215123437248] INFO perfrun.perfcollector <> - config: edge: 0
147 [140215123437248] INFO perfrun.perfcollector <> - config: event: 0
147 [140215123437248] INFO perfrun.perfcollector <> - config1: frontend: 0
147 [140215123437248] INFO perfrun.perfcollector <> - config: inv: 0
147 [140215123437248] INFO perfrun.perfcollector <> - config1: ldlat: 0
148 [140215123437248] INFO perfrun.perfcollector <> - config1: offcore_rsp: 0
148 [140215123437248] INFO perfrun.perfcollector <> - config: pc: 0
148 [140215123437248] INFO perfrun.perfcollector <> - config: umask: 3
148 [140215123437248] INFO perfrun.perfcollector <> - format: cpu/umask=0x3,name='CPU_CLK_UNHALTED.REF_TSC'/D
148 [140215123437248] INFO perfrun.perfcollector <> - event: 2: INST_RETIRED.ANY
148 [140215123437248] INFO perfrun.perfcollector <> - cccr: addr: ffffffff, value: 0
148 [140215123437248] INFO perfrun.perfcollector <> - data: addr: 309, value: ffffffffffe488c0
149 [140215123437248] INFO perfrun.perfcollector <> - pmu config: cpu
149 [140215123437248] INFO perfrun.perfcollector <> - config: any: 0
149 [140215123437248] INFO perfrun.perfcollector <> - config: cmask: 0
149 [140215123437248] INFO perfrun.perfcollector <> - config: edge: 0
149 [140215123437248] INFO perfrun.perfcollector <> - config: event: c0
149 [140215123437248] INFO perfrun.perfcollector <> - config1: frontend: 0
149 [140215123437248] INFO perfrun.perfcollector <> - config: inv: 0
150 [140215123437248] INFO perfrun.perfcollector <> - config1: ldlat: 0
150 [140215123437248] INFO perfrun.perfcollector <> - config1: offcore_rsp: 0
150 [140215123437248] INFO perfrun.perfcollector <> - config: pc: 0
150 [140215123437248] INFO perfrun.perfcollector <> - config: umask: 0
150 [140215123437248] INFO perfrun.perfcollector <> - format: cpu/event=0xc0,name='INST_RETIRED.ANY'/D
150 [140215123437248] INFO perfrun.perfcollector <> - event: 3: CPU_CLK_UNHALTED.REF_XCLK
150 [140215123437248] INFO perfrun.perfcollector <> - cccr: addr: 186, value: 53013c
151 [140215123437248] INFO perfrun.perfcollector <> - data: addr: c1, value: ffffffffffff9e55
151 [140215123437248] INFO perfrun.perfcollector <> - pmu config: cpu
151 [140215123437248] INFO perfrun.perfcollector <> - config: any: 0
151 [140215123437248] INFO perfrun.perfcollector <> - config: cmask: 0
151 [140215123437248] INFO perfrun.perfcollector <> - config: edge: 0
151 [140215123437248] INFO perfrun.perfcollector <> - config: event: 3c
151 [140215123437248] INFO perfrun.perfcollector <> - config1: frontend: 0
152 [140215123437248] INFO perfrun.perfcollector <> - config: inv: 0
152 [140215123437248] INFO perfrun.perfcollector <> - config1: ldlat: 0
152 [140215123437248] INFO perfrun.perfcollector <> - config1: offcore_rsp: 0
152 [140215123437248] INFO perfrun.perfcollector <> - config: pc: 0
152 [140215123437248] INFO perfrun.perfcollector <> - config: umask: 1
152 [140215123437248] INFO perfrun.perfcollector <> - format: cpu/event=0x3c,umask=0x1,name='CPU_CLK_UNHALTED.REF_XCLK'/
152 [140215123437248] INFO perfrun.perfcollector <> - event: 4: CPU_CLK_UNHALTED.ONE_THREAD_ACTIVE
153 [140215123437248] INFO perfrun.perfcollector <> - cccr: addr: 187, value: 53023c
153 [140215123437248] INFO perfrun.perfcollector <> - data: addr: c2, value: ffffffffffff9e55
153 [140215123437248] INFO perfrun.perfcollector <> - pmu config: cpu
153 [140215123437248] INFO perfrun.perfcollector <> - config: any: 0
153 [140215123437248] INFO perfrun.perfcollector <> - config: cmask: 0
153 [140215123437248] INFO perfrun.perfcollector <> - config: edge: 0
153 [140215123437248] INFO perfrun.perfcollector <> - config: event: 3c
154 [140215123437248] INFO perfrun.perfcollector <> - config1: frontend: 0
154 [140215123437248] INFO perfrun.perfcollector <> - config: inv: 0
154 [140215123437248] INFO perfrun.perfcollector <> - config1: ldlat: 0
154 [140215123437248] INFO perfrun.perfcollector <> - config1: offcore_rsp: 0
154 [140215123437248] INFO perfrun.perfcollector <> - config: pc: 0
154 [140215123437248] INFO perfrun.perfcollector <> - config: umask: 2
154 [140215123437248] INFO perfrun.perfcollector <> - format: cpu/event=0x3c,umask=0x2,name='CPU_CLK_UNHALTED.ONE_THREAD_ACTIVE'/
155 [140215123437248] INFO perfrun.perfcollector <> - event: 5: FP_ARITH_INST_RETIRED.SCALAR_SINGLE
155 [140215123437248] INFO perfrun.perfcollector <> - cccr: addr: 188, value: 5302c7
155 [140215123437248] INFO perfrun.perfcollector <> - data: addr: c3, value: ffffffffffe17b7d
155 [140215123437248] INFO perfrun.perfcollector <> - pmu config: cpu
155 [140215123437248] INFO perfrun.perfcollector <> - config: any: 0
155 [140215123437248] INFO perfrun.perfcollector <> - config: cmask: 0
155 [140215123437248] INFO perfrun.perfcollector <> - config: edge: 0
156 [140215123437248] INFO perfrun.perfcollector <> - config: event: c7
156 [140215123437248] INFO perfrun.perfcollector <> - config1: frontend: 0
156 [140215123437248] INFO perfrun.perfcollector <> - config: inv: 0
156 [140215123437248] INFO perfrun.perfcollector <> - config1: ldlat: 0
156 [140215123437248] INFO perfrun.perfcollector <> - config1: offcore_rsp: 0
156 [140215123437248] INFO perfrun.perfcollector <> - config: pc: 0
156 [140215123437248] INFO perfrun.perfcollector <> - config: umask: 2
157 [140215123437248] INFO perfrun.perfcollector <> - format: cpu/event=0xc7,umask=0x2,name='FP_ARITH_INST_RETIRED.SCALAR_SINGLE'/
157 [140215123437248] INFO perfrun.perfcollector <> - event: 6: FP_ARITH_INST_RETIRED.128B_PACKED_SINGLE
157 [140215123437248] INFO perfrun.perfcollector <> - cccr: addr: 189, value: 5308c7
157 [140215123437248] INFO perfrun.perfcollector <> - data: addr: c4, value: ffffffffffe17b7d
157 [140215123437248] INFO perfrun.perfcollector <> - pmu config: cpu
157 [140215123437248] INFO perfrun.perfcollector <> - config: any: 0
158 [140215123437248] INFO perfrun.perfcollector <> - config: cmask: 0
158 [140215123437248] INFO perfrun.perfcollector <> - config: edge: 0
158 [140215123437248] INFO perfrun.perfcollector <> - config: event: c7
158 [140215123437248] INFO perfrun.perfcollector <> - config1: frontend: 0
158 [140215123437248] INFO perfrun.perfcollector <> - config: inv: 0
158 [140215123437248] INFO perfrun.perfcollector <> - config1: ldlat: 0
158 [140215123437248] INFO perfrun.perfcollector <> - config1: offcore_rsp: 0
159 [140215123437248] INFO perfrun.perfcollector <> - config: pc: 0
159 [140215123437248] INFO perfrun.perfcollector <> - config: umask: 8
159 [140215123437248] INFO perfrun.perfcollector <> - format: cpu/event=0xc7,umask=0x8,name='FP_ARITH_INST_RETIRED.128B_PACKED_SINGLE'/
159 [140215123437248] INFO perfrun.perfcollector <> - event: 7: FP_ARITH_INST_RETIRED.256B_PACKED_SINGLE
159 [140215123437248] INFO perfrun.perfcollector <> - cccr: addr: 186, value: 5320c7
159 [140215123437248] INFO perfrun.perfcollector <> - data: addr: c1, value: ffffffffffe17b7d
159 [140215123437248] INFO perfrun.perfcollector <> - pmu config: cpu
159 [140215123437248] INFO perfrun.perfcollector <> - config: any: 0
160 [140215123437248] INFO perfrun.perfcollector <> - config: cmask: 0
160 [140215123437248] INFO perfrun.perfcollector <> - config: edge: 0
160 [140215123437248] INFO perfrun.perfcollector <> - config: event: c7
160 [140215123437248] INFO perfrun.perfcollector <> - config1: frontend: 0
160 [140215123437248] INFO perfrun.perfcollector <> - config: inv: 0
160 [140215123437248] INFO perfrun.perfcollector <> - config1: ldlat: 0
160 [140215123437248] INFO perfrun.perfcollector <> - config1: offcore_rsp: 0
160 [140215123437248] INFO perfrun.perfcollector <> - config: pc: 0
161 [140215123437248] INFO perfrun.perfcollector <> - config: umask: 20
161 [140215123437248] INFO perfrun.perfcollector <> - format: cpu/event=0xc7,umask=0x20,name='FP_ARITH_INST_RETIRED.256B_PACKED_SINGLE'/
161 [140215123437248] INFO perfrun.perfcollector <> - event: 8: FP_ARITH_INST_RETIRED.SCALAR_DOUBLE
161 [140215123437248] INFO perfrun.perfcollector <> - cccr: addr: 187, value: 5301c7
161 [140215123437248] INFO perfrun.perfcollector <> - data: addr: c2, value: ffffffffffe17b7d
161 [140215123437248] INFO perfrun.perfcollector <> - pmu config: cpu
161 [140215123437248] INFO perfrun.perfcollector <> - config: any: 0
162 [140215123437248] INFO perfrun.perfcollector <> - config: cmask: 0
162 [140215123437248] INFO perfrun.perfcollector <> - config: edge: 0
162 [140215123437248] INFO perfrun.perfcollector <> - config: event: c7
162 [140215123437248] INFO perfrun.perfcollector <> - config1: frontend: 0
162 [140215123437248] INFO perfrun.perfcollector <> - config: inv: 0
162 [140215123437248] INFO perfrun.perfcollector <> - config1: ldlat: 0
162 [140215123437248] INFO perfrun.perfcollector <> - config1: offcore_rsp: 0
163 [140215123437248] INFO perfrun.perfcollector <> - config: pc: 0
163 [140215123437248] INFO perfrun.perfcollector <> - config: umask: 1
163 [140215123437248] INFO perfrun.perfcollector <> - format: cpu/event=0xc7,umask=0x1,name='FP_ARITH_INST_RETIRED.SCALAR_DOUBLE'/
164 [140215123437248] INFO perfrun.perfcollector <> - event: 9: FP_ARITH_INST_RETIRED.128B_PACKED_DOUBLE
164 [140215123437248] INFO perfrun.perfcollector <> - cccr: addr: 188, value: 5304c7
164 [140215123437248] INFO perfrun.perfcollector <> - data: addr: c3, value: ffffffffffe17b7d
164 [140215123437248] INFO perfrun.perfcollector <> - pmu config: cpu
164 [140215123437248] INFO perfrun.perfcollector <> - config: any: 0
164 [140215123437248] INFO perfrun.perfcollector <> - config: cmask: 0
165 [140215123437248] INFO perfrun.perfcollector <> - config: edge: 0
165 [140215123437248] INFO perfrun.perfcollector <> - config: event: c7
165 [140215123437248] INFO perfrun.perfcollector <> - config1: frontend: 0
165 [140215123437248] INFO perfrun.perfcollector <> - config: inv: 0
165 [140215123437248] INFO perfrun.perfcollector <> - config1: ldlat: 0
165 [140215123437248] INFO perfrun.perfcollector <> - config1: offcore_rsp: 0
165 [140215123437248] INFO perfrun.perfcollector <> - config: pc: 0
166 [140215123437248] INFO perfrun.perfcollector <> - config: umask: 4
166 [140215123437248] INFO perfrun.perfcollector <> - format: cpu/event=0xc7,umask=0x4,name='FP_ARITH_INST_RETIRED.128B_PACKED_DOUBLE'/
166 [140215123437248] INFO perfrun.perfcollector <> - event: 10: FP_ARITH_INST_RETIRED.256B_PACKED_DOUBLE
166 [140215123437248] INFO perfrun.perfcollector <> - cccr: addr: 189, value: 5310c7
166 [140215123437248] INFO perfrun.perfcollector <> - data: addr: c4, value: ffffffffffe17b7d
166 [140215123437248] INFO perfrun.perfcollector <> - pmu config: cpu
166 [140215123437248] INFO perfrun.perfcollector <> - config: any: 0
166 [140215123437248] INFO perfrun.perfcollector <> - config: cmask: 0
167 [140215123437248] INFO perfrun.perfcollector <> - config: edge: 0
167 [140215123437248] INFO perfrun.perfcollector <> - config: event: c7
167 [140215123437248] INFO perfrun.perfcollector <> - config1: frontend: 0
167 [140215123437248] INFO perfrun.perfcollector <> - config: inv: 0
167 [140215123437248] INFO perfrun.perfcollector <> - config1: ldlat: 0
167 [140215123437248] INFO perfrun.perfcollector <> - config1: offcore_rsp: 0
167 [140215123437248] INFO perfrun.perfcollector <> - config: pc: 0
167 [140215123437248] INFO perfrun.perfcollector <> - config: umask: 10
168 [140215123437248] INFO perfrun.perfcollector <> - format: cpu/event=0xc7,umask=0x10,name='FP_ARITH_INST_RETIRED.256B_PACKED_DOUBLE'/
168 [140215123437248] INFO perfrun.perfcollector <> - event: 11: UOPS_EXECUTED.X87
168 [140215123437248] INFO perfrun.perfcollector <> - cccr: addr: 186, value: 5310b1
168 [140215123437248] INFO perfrun.perfcollector <> - data: addr: c1, value: ffffffffffe17b7d
168 [140215123437248] INFO perfrun.perfcollector <> - pmu config: cpu
168 [140215123437248] INFO perfrun.perfcollector <> - config: any: 0
168 [140215123437248] INFO perfrun.perfcollector <> - config: cmask: 0
168 [140215123437248] INFO perfrun.perfcollector <> - config: edge: 0
169 [140215123437248] INFO perfrun.perfcollector <> - config: event: b1
169 [140215123437248] INFO perfrun.perfcollector <> - config1: frontend: 0
169 [140215123437248] INFO perfrun.perfcollector <> - config: inv: 0
169 [140215123437248] INFO perfrun.perfcollector <> - config1: ldlat: 0
169 [140215123437248] INFO perfrun.perfcollector <> - config1: offcore_rsp: 0
169 [140215123437248] INFO perfrun.perfcollector <> - config: pc: 0
169 [140215123437248] INFO perfrun.perfcollector <> - config: umask: 10
169 [140215123437248] INFO perfrun.perfcollector <> - format: cpu/event=0xb1,umask=0x10,name='UOPS_EXECUTED.X87'/
170 [140215123437248] INFO perfrun.perfcollector <> - event: 12: UOPS_RETIRED.RETIRE_SLOTS
170 [140215123437248] INFO perfrun.perfcollector <> - cccr: addr: 187, value: 5302c2
170 [140215123437248] INFO perfrun.perfcollector <> - data: addr: c2, value: ffffffffffe17b7d
170 [140215123437248] INFO perfrun.perfcollector <> - pmu config: cpu
170 [140215123437248] INFO perfrun.perfcollector <> - config: any: 0
170 [140215123437248] INFO perfrun.perfcollector <> - config: cmask: 0
170 [140215123437248] INFO perfrun.perfcollector <> - config: edge: 0
171 [140215123437248] INFO perfrun.perfcollector <> - config: event: c2
171 [140215123437248] INFO perfrun.perfcollector <> - config1: frontend: 0
171 [140215123437248] INFO perfrun.perfcollector <> - config: inv: 0
171 [140215123437248] INFO perfrun.perfcollector <> - config1: ldlat: 0
171 [140215123437248] INFO perfrun.perfcollector <> - config1: offcore_rsp: 0
171 [140215123437248] INFO perfrun.perfcollector <> - config: pc: 0
171 [140215123437248] INFO perfrun.perfcollector <> - config: umask: 2
171 [140215123437248] INFO perfrun.perfcollector <> - format: cpu/event=0xc2,umask=0x2,name='UOPS_RETIRED.RETIRE_SLOTS'/
172 [140215123437248] INFO perfrun.perfcollector <> - event: 13: UOPS_EXECUTED.THREAD
172 [140215123437248] INFO perfrun.perfcollector <> - cccr: addr: 188, value: 5301b1
172 [140215123437248] INFO perfrun.perfcollector <> - data: addr: c3, value: ffffffffffe17b7d
172 [140215123437248] INFO perfrun.perfcollector <> - pmu config: cpu
172 [140215123437248] INFO perfrun.perfcollector <> - config: any: 0
172 [140215123437248] INFO perfrun.perfcollector <> - config: cmask: 0
172 [140215123437248] INFO perfrun.perfcollector <> - config: edge: 0
173 [140215123437248] INFO perfrun.perfcollector <> - config: event: b1
173 [140215123437248] INFO perfrun.perfcollector <> - config1: frontend: 0
173 [140215123437248] INFO perfrun.perfcollector <> - config: inv: 0
173 [140215123437248] INFO perfrun.perfcollector <> - config1: ldlat: 0
173 [140215123437248] INFO perfrun.perfcollector <> - config1: offcore_rsp: 0
173 [140215123437248] INFO perfrun.perfcollector <> - config: pc: 0
173 [140215123437248] INFO perfrun.perfcollector <> - config: umask: 1
173 [140215123437248] INFO perfrun.perfcollector <> - format: cpu/event=0xb1,umask=0x1,name='UOPS_EXECUTED.THREAD'/
174 [140215123437248] INFO perfrun.perfcollector <> - event: cpu/event=0x3c,name='CPU_CLK_UNHALTED.THREAD'/Du, added for counting
174 [140215123437248] INFO perfrun.perfcollector <> - event: cpu/umask=0x3,name='CPU_CLK_UNHALTED.REF_TSC'/Du, added for counting
174 [140215123437248] INFO perfrun.perfcollector <> - event: cpu/event=0xc0,name='INST_RETIRED.ANY'/Du, added for counting
174 [140215123437248] INFO perfrun.perfcollector <> - event: cpu/event=0x3c,umask=0x1,name='CPU_CLK_UNHALTED.REF_XCLK'/u, added for counting
174 [140215123437248] INFO perfrun.perfcollector <> - event: cpu/event=0x3c,umask=0x2,name='CPU_CLK_UNHALTED.ONE_THREAD_ACTIVE'/u, added for counting
174 [140215123437248] INFO perfrun.perfcollector <> - event: cpu/event=0xc7,umask=0x2,name='FP_ARITH_INST_RETIRED.SCALAR_SINGLE'/u, added for counting
174 [140215123437248] INFO perfrun.perfcollector <> - event: cpu/event=0xc7,umask=0x8,name='FP_ARITH_INST_RETIRED.128B_PACKED_SINGLE'/u, added for counting
175 [140215123437248] INFO perfrun.perfcollector <> - event: cpu/event=0xc7,umask=0x20,name='FP_ARITH_INST_RETIRED.256B_PACKED_SINGLE'/u, added for counting
175 [140215123437248] INFO perfrun.perfcollector <> - event: cpu/event=0xc7,umask=0x1,name='FP_ARITH_INST_RETIRED.SCALAR_DOUBLE'/u, added for counting
175 [140215123437248] INFO perfrun.perfcollector <> - event: cpu/event=0xc7,umask=0x4,name='FP_ARITH_INST_RETIRED.128B_PACKED_DOUBLE'/u, added for counting
175 [140215123437248] INFO perfrun.perfcollector <> - event: cpu/event=0xc7,umask=0x10,name='FP_ARITH_INST_RETIRED.256B_PACKED_DOUBLE'/u, added for counting
175 [140215123437248] INFO perfrun.perfcollector <> - event: cpu/event=0xb1,umask=0x10,name='UOPS_EXECUTED.X87'/u, added for counting
175 [140215123437248] INFO perfrun.perfcollector <> - event: cpu/event=0xc2,umask=0x2,name='UOPS_RETIRED.RETIRE_SLOTS'/u, added for counting
175 [140215123437248] INFO perfrun.perfcollector <> - event: cpu/event=0xb1,umask=0x1,name='UOPS_EXECUTED.THREAD'/u, added for counting
175 [140215123437248] INFO perfrun.perfcollector <> - attaching to pid: 4294967295, m_mode: 10, mode: 3
177 [140215045846720] INFO perfrun.perfcollector <> - Perf stat trace pipe capacity: read = 1048576, write = 1048576
185 [140215037454016] INFO perfrun.sdk <> - Reading value (0-7) from file: /sys/devices/system/cpu/cpu0/topology/core_siblings_list
185 [140215037454016] INFO perfrun.sdk <> - Reading value (0-1) from file: /sys/devices/system/cpu/cpu0/topology/thread_siblings_list
186 [140215037454016] INFO perfrun.sdk <> - Reading value (0-7) from file: /sys/devices/system/cpu/cpu1/topology/core_siblings_list
186 [140215037454016] INFO perfrun.sdk <> - Reading value (0-1) from file: /sys/devices/system/cpu/cpu1/topology/thread_siblings_list
186 [140215037454016] INFO perfrun.sdk <> - Reading value (0-7) from file: /sys/devices/system/cpu/cpu2/topology/core_siblings_list
186 [140215037454016] INFO perfrun.sdk <> - Reading value (2-3) from file: /sys/devices/system/cpu/cpu2/topology/thread_siblings_list
186 [140215037454016] INFO perfrun.sdk <> - Reading value (0-7) from file: /sys/devices/system/cpu/cpu3/topology/core_siblings_list
186 [140215037454016] INFO perfrun.sdk <> - Reading value (2-3) from file: /sys/devices/system/cpu/cpu3/topology/thread_siblings_list
186 [140215037454016] INFO perfrun.sdk <> - Reading value (0-7) from file: /sys/devices/system/cpu/cpu4/topology/core_siblings_list
186 [140215037454016] INFO perfrun.sdk <> - Reading value (4-5) from file: /sys/devices/system/cpu/cpu4/topology/thread_siblings_list
186 [140215037454016] INFO perfrun.sdk <> - Reading value (0-7) from file: /sys/devices/system/cpu/cpu5/topology/core_siblings_list
187 [140215037454016] INFO perfrun.sdk <> - Reading value (4-5) from file: /sys/devices/system/cpu/cpu5/topology/thread_siblings_list
187 [140215037454016] INFO perfrun.sdk <> - Reading value (0-7) from file: /sys/devices/system/cpu/cpu6/topology/core_siblings_list
187 [140215037454016] INFO perfrun.sdk <> - Reading value (6-7) from file: /sys/devices/system/cpu/cpu6/topology/thread_siblings_list
187 [140215037454016] INFO perfrun.sdk <> - Reading value (0-7) from file: /sys/devices/system/cpu/cpu7/topology/core_siblings_list
187 [140215037454016] INFO perfrun.sdk <> - Reading value (6-7) from file: /sys/devices/system/cpu/cpu7/topology/thread_siblings_list
187 [140215037454016] ERROR perfrun.sdk <> - boost::filesystem::exists(filename) 'gh2::error::IsNot.Valid.File(filename):/sys/bus/event_source/devices/cpu_core/cpus'
_sdks/release_posix-x86_64_icx_2023.0.0_gnutools_9.2_binutils_2.28/perfrun_1.36.3/include/perfrun1/sdk/utils.hpp(777): gh2::error_code_t runtool::sdk::loadFileValue(RetType &, const cpil2::uchar_t *) [RetType = std::basic_string<char>]
, at file: _sdks/release_posix-x86_64_icx_2023.0.0_gnutools_9.2_binutils_2.28/perfrun_1.36.3/include/perfrun1/sdk/utils.hpp:777
187 [140215037454016] ERROR perfrun.sdk <> - boost::filesystem::exists(filename) 'gh2::error::IsNot.Valid.File(filename):/sys/bus/event_source/devices/cpu_atom/cpus'
_sdks/release_posix-x86_64_icx_2023.0.0_gnutools_9.2_binutils_2.28/perfrun_1.36.3/include/perfrun1/sdk/utils.hpp(777): gh2::error_code_t runtool::sdk::loadFileValue(RetType &, const cpil2::uchar_t *) [RetType = std::basic_string<char>]
, at file: _sdks/release_posix-x86_64_icx_2023.0.0_gnutools_9.2_binutils_2.28/perfrun_1.36.3/include/perfrun1/sdk/utils.hpp:777
188 [140215045846720] INFO perfrun.sdk <> - runCmd: /opt/intel/oneapi/vtune/2025.3/bin64/amplxe-perf stat -v --log-fd 11 --scale -x ; -e cpu/event=0x3c,name='CPU_CLK_UNHALTED.THREAD'/Du,cpu/umask=0x3,name='CPU_CLK_UNHALTED.REF_TSC'/Du,cpu/event=0xc0,name='INST_RETIRED.ANY'/Du,cpu/event=0x3c,umask=0x1,name='CPU_CLK_UNHALTED.REF_XCLK'/u,cpu/event=0x3c,umask=0x2,name='CPU_CLK_UNHALTED.ONE_THREAD_ACTIVE'/u,cpu/event=0xc7,umask=0x2,name='FP_ARITH_INST_RETIRED.SCALAR_SINGLE'/u,cpu/event=0xc7,umask=0x8,name='FP_ARITH_INST_RETIRED.128B_PACKED_SINGLE'/u,cpu/event=0xc7,umask=0x20,name='FP_ARITH_INST_RETIRED.256B_PACKED_SINGLE'/u,cpu/event=0xc7,umask=0x1,name='FP_ARITH_INST_RETIRED.SCALAR_DOUBLE'/u,cpu/event=0xc7,umask=0x4,name='FP_ARITH_INST_RETIRED.128B_PACKED_DOUBLE'/u,cpu/event=0xc7,umask=0x10,name='FP_ARITH_INST_RETIRED.256B_PACKED_DOUBLE'/u,cpu/event=0xb1,umask=0x10,name='UOPS_EXECUTED.X87'/u,cpu/event=0xc2,umask=0x2,name='UOPS_RETIRED.RETIRE_SLOTS'/u,cpu/event=0xb1,umask=0x1,name='UOPS_EXECUTED.THREAD'/u /opt/intel/oneapi/vtune/2025.3/bin64/amplxe-perf-sync dryrun tsc
188 [140215045846720] INFO perfrun.sdk <> - runCmd started PID 3055
264 [140215045846720] INFO perfrun.perfcollector <> - Monitor: runCmd RC = true
265 [140215123437248] INFO perfrun.launcher <> - plugin [aoclprofile] was disabled because it doesn't support the given collection type.
265 [140215123437248] INFO perfrun.tpss <> - initialize tpss controller
265 [140215123437248] INFO perfrun.tpss <> - configure collection mode: value = cpu:counters:nostack
266 [140215123437248] INFO perfrun.tpss <> - configure collection mode: value = cpu:stack
266 [140215123437248] INFO perfrun.tpss <> - default obj-size-min=1024
266 [140215123437248] INFO perfrun.tpss <> - default hash-table-size=0
267 [140215123437248] INFO perfrun.launcher <> - plugin [media] was disabled because it doesn't support the given collection type.
267 [140215123437248] INFO perfrun.launcher <> - plugin [] was disabled because it doesn't support the given collection type.
267 [140215123437248] INFO perfrun.launcher <> - plugin [] was disabled because it doesn't support the given collection type.
267 [140215123437248] INFO perfrun.launcher <> - plugin [parallelfs] was disabled because it doesn't support the given collection type.
268 [140215123437248] INFO perfrun.launcher <> - plugin [power] was disabled because it doesn't support the given collection type.
268 [140215123437248] INFO perfrun.launcher <> - plugin [] was disabled because it doesn't support the given collection type.
268 [140215123437248] INFO perfrun.launcher <> - plugin [] was disabled because it doesn't support the given collection type.
268 [140215123437248] INFO perfrun.launcher <> - plugin [] was disabled because it doesn't support the given collection type.
269 [140215123437248] INFO perfrun.launcher <> - plugin [l0_metrics] was disabled because it doesn't support the given collection type.
269 [140215123437248] INFO perfrun.launcher <> - plugin [stall_reasons] was disabled because it doesn't support the given collection type.
269 [140215278976128] INFO perfrun.launcher <> - set environment variable: LD_LIBRARY_PATH = /opt/intel/oneapi/vtune/2025.3/lib32/runtime:/opt/intel/oneapi/vtune/2025.3/lib64/runtime:/opt/intel/oneapi/tcm/1.3/lib:/opt/intel/oneapi/umf/0.10/lib:/opt/intel/oneapi/tbb/2022.1/env/../lib/intel64/gcc4.8:/opt/intel/oneapi/pti/0.12/lib:/opt/intel/oneapi/mkl/2025.1/lib:/opt/intel/oneapi/ipp/2022.1/lib:/opt/intel/oneapi/compiler/2025.1/opt/compiler/lib:/opt/intel/oneapi/compiler/2025.1/lib
269 [140215278976128] INFO perfrun.launcher <> - set environment variable: INTEL_LIBITTNOTIFY32 = /opt/intel/oneapi/vtune/2025.3/lib32/runtime/libittnotify_collector.so
270 [140215278976128] INFO perfrun.launcher <> - set environment variable: INTEL_LIBITTNOTIFY64 = /opt/intel/oneapi/vtune/2025.3/lib64/runtime/libittnotify_collector.so
270 [140215278976128] INFO perfrun.launcher <> - set environment variable: INTEL_ITTNOTIFY_GROUPS = 
270 [140215278976128] INFO perfrun.launcher <> - set environment variable: INTEL_JIT_PROFILER32 = /opt/intel/oneapi/vtune/2025.3/lib32/runtime/libittnotify_collector.so
270 [140215278976128] INFO perfrun.launcher <> - set environment variable: INTEL_JIT_PROFILER64 = /opt/intel/oneapi/vtune/2025.3/lib64/runtime/libittnotify_collector.so
271 [140215278976128] INFO perfrun.launcher <> - set environment variable: CCL_ITT_LEVEL = 1
271 [140215278976128] INFO perfrun.launcher <> - set environment variable: ENABLE_JITPROFILING = 1
271 [140215278976128] INFO perfrun.launcher <> - set environment variable: CL_CONFIG_USE_VTUNE = True
271 [140215278976128] INFO perfrun.launcher <> - set environment variable: LD_PRELOAD = libittnotify_collector.so:
272 [140215278976128] INFO perfrun.launcher <> - set environment variable: KMP_FORKJOIN_FRAMES = 0
272 [140215278976128] INFO perfrun.launcher <> - set environment variable: KMP_FORKJOIN_FRAMES_MODE = 0
272 [140215278976128] INFO perfrun.launcher <> - set environment variable: INTEL_MRTE_DATA_DIR = /tmp/amplxe-tmp-azfar/amplxe-res-3042-20581377662479/data.0
272 [140215278976128] INFO perfrun.launcher <> - set environment variable: INTEL_MRTE_HOST_NAME = DESKTOP-GRRJ2VV
272 [140215278976128] INFO perfrun.launcher <> - set environment variable: JAVA_TOOL_OPTIONS = -agentlib:amplxe_samplingmrte_javaprof_1.0 -Dsun.boot.library.path=/opt/intel/oneapi/vtune/2025.3/lib32/runtime:/opt/intel/oneapi/vtune/2025.3/lib64/runtime
273 [140215278976128] INFO perfrun.launcher <> - set environment variable: LD_LIBRARY_PATH = /opt/intel/oneapi/vtune/2025.3/lib32/runtime:/opt/intel/oneapi/vtune/2025.3/lib64/runtime:/opt/intel/oneapi/tcm/1.3/lib:/opt/intel/oneapi/umf/0.10/lib:/opt/intel/oneapi/tbb/2022.1/env/../lib/intel64/gcc4.8:/opt/intel/oneapi/pti/0.12/lib:/opt/intel/oneapi/mkl/2025.1/lib:/opt/intel/oneapi/ipp/2022.1/lib:/opt/intel/oneapi/compiler/2025.1/opt/compiler/lib:/opt/intel/oneapi/compiler/2025.1/lib
273 [140215278976128] INFO perfrun.launcher <> - set environment variable: CORECLR_ENABLE_PROFILING = 1
273 [140215278976128] INFO perfrun.launcher <> - set environment variable: CORECLR_PROFILER = {AA5E4821-E3B1-479c-B7FF-5AD047D22CED}
273 [140215278976128] INFO perfrun.launcher <> - set environment variable: CORECLR_PROFILER_PATH = /opt/intel/oneapi/vtune/2025.3/lib64/libamplxe_samplingmrte_clrprof_1.0.so
274 [140215278976128] INFO perfrun.launcher <> - set environment variable: INTEL_MRTE_PROFILER_MODE = mixed
274 [140215278976128] INFO perfrun.launcher <> - RpcServer: run RPC server to handle requests
277 [140215278976128] INFO perfrun.launcher <> - Launcher: command line to start before modification = ./test1 changes.txt 0
278 [140215278976128] INFO perfrun.launcher <> - Launcher: command line to start after modification = /opt/intel/oneapi/vtune/2025.3/bin64/pin -error_file /tmp/amplxe-tmp-azfar/amplxe-res-3042-20581377662479/data.0/pinerr.tpsslog -detach_reattach -follow_execv -tool_load_option deepbind -t64 /opt/intel/oneapi/vtune/2025.3/lib64/libtpsstool.so -t /opt/intel/oneapi/vtune/2025.3/lib32/libtpsstool.so -server_name tpss_ipc.3042 -prd_dir /opt/intel/oneapi/vtune/2025.3 -- ./test1 changes.txt 0
278 [140215278976128] INFO perfrun.launcher <> - ProcessCreator object was created
278 [140215278976128] INFO perfrun.launcher <> - Launcher: the process was started in suspend mode
280 [140215123437248] WARN perfrun.system <> - Could not do anything with /sys/kernel/debug/kvm: boost::filesystem::status: Permission denied [system:13]: "/sys/kernel/debug/kvm", at file: vcs/perfrun1/plugins/system/src/trace_writer.cpp:787
280 [140215123437248] WARN perfrun.system <> - Folder "/var/run/libvirt/qemu/"doesn't exist, at file: vcs/perfrun1/plugins/system/src/trace_writer.cpp:800
281 [140215123437248] WARN perfrun.sdk <> - Failed to find xl binary on any of the system paths: /bin, /sbin, /usr/bin, /usr/sbin., at file: vcs/perfrun1/sdk/src/utils.cpp:205
281 [140215123437248] WARN perfrun.system <> - Could not start ContainerMapping collector, at file: vcs/perfrun1/plugins/system/src/controller.cpp:450
287 [140215123437248] INFO perfrun.vdso <> - Helper runtool '/opt/intel/oneapi/vtune/2025.3/bin32/amplxe-runss -dump-vdso -r /tmp/amplxe-tmp-azfar/amplxe-res-3042-20581377662479 --tmp-dir /tmp/amplxe-tmp-azfar' returned 1
361 [140215123437248] INFO perfrun.vdso <> - Helper runtool '/opt/intel/oneapi/vtune/2025.3/bin64/amplxe-runss -dump-vdso -r /tmp/amplxe-tmp-azfar/amplxe-res-3042-20581377662479 --tmp-dir /tmp/amplxe-tmp-azfar' returned 0
361 [140215123437248] INFO perfrun.itt <> - start itt controller for pid #3060
361 [140215123437248] INFO perfrun.perfcollector <> - attaching to pid: 3060, m_mode: 10, mode: 11
361 [140215020668608] INFO perfrun.perfcollector <> - Perf stat trace pipe capacity: read = 1048576, write = 1048576
370 [140215045846720] INFO perfrun.sdk <> - Reading value (0-7) from file: /sys/devices/system/cpu/cpu0/topology/core_siblings_list
370 [140215045846720] INFO perfrun.sdk <> - Reading value (0-1) from file: /sys/devices/system/cpu/cpu0/topology/thread_siblings_list
371 [140215045846720] INFO perfrun.sdk <> - Reading value (0-7) from file: /sys/devices/system/cpu/cpu1/topology/core_siblings_list
371 [140215045846720] INFO perfrun.sdk <> - Reading value (0-1) from file: /sys/devices/system/cpu/cpu1/topology/thread_siblings_list
371 [140215045846720] INFO perfrun.sdk <> - Reading value (0-7) from file: /sys/devices/system/cpu/cpu2/topology/core_siblings_list
371 [140215045846720] INFO perfrun.sdk <> - Reading value (2-3) from file: /sys/devices/system/cpu/cpu2/topology/thread_siblings_list
371 [140215045846720] INFO perfrun.sdk <> - Reading value (0-7) from file: /sys/devices/system/cpu/cpu3/topology/core_siblings_list
372 [140215045846720] INFO perfrun.sdk <> - Reading value (2-3) from file: /sys/devices/system/cpu/cpu3/topology/thread_siblings_list
372 [140215045846720] INFO perfrun.sdk <> - Reading value (0-7) from file: /sys/devices/system/cpu/cpu4/topology/core_siblings_list
372 [140215045846720] INFO perfrun.sdk <> - Reading value (4-5) from file: /sys/devices/system/cpu/cpu4/topology/thread_siblings_list
372 [140215045846720] INFO perfrun.sdk <> - Reading value (0-7) from file: /sys/devices/system/cpu/cpu5/topology/core_siblings_list
372 [140215045846720] INFO perfrun.sdk <> - Reading value (4-5) from file: /sys/devices/system/cpu/cpu5/topology/thread_siblings_list
372 [140215045846720] INFO perfrun.sdk <> - Reading value (0-7) from file: /sys/devices/system/cpu/cpu6/topology/core_siblings_list
372 [140215045846720] INFO perfrun.sdk <> - Reading value (6-7) from file: /sys/devices/system/cpu/cpu6/topology/thread_siblings_list
373 [140215045846720] INFO perfrun.sdk <> - Reading value (0-7) from file: /sys/devices/system/cpu/cpu7/topology/core_siblings_list
373 [140215045846720] INFO perfrun.sdk <> - Reading value (6-7) from file: /sys/devices/system/cpu/cpu7/topology/thread_siblings_list
373 [140215045846720] ERROR perfrun.sdk <> - boost::filesystem::exists(filename) 'gh2::error::IsNot.Valid.File(filename):/sys/bus/event_source/devices/cpu_core/cpus'
_sdks/release_posix-x86_64_icx_2023.0.0_gnutools_9.2_binutils_2.28/perfrun_1.36.3/include/perfrun1/sdk/utils.hpp(777): gh2::error_code_t runtool::sdk::loadFileValue(RetType &, const cpil2::uchar_t *) [RetType = std::basic_string<char>]
, at file: _sdks/release_posix-x86_64_icx_2023.0.0_gnutools_9.2_binutils_2.28/perfrun_1.36.3/include/perfrun1/sdk/utils.hpp:777
373 [140215045846720] ERROR perfrun.sdk <> - boost::filesystem::exists(filename) 'gh2::error::IsNot.Valid.File(filename):/sys/bus/event_source/devices/cpu_atom/cpus'
_sdks/release_posix-x86_64_icx_2023.0.0_gnutools_9.2_binutils_2.28/perfrun_1.36.3/include/perfrun1/sdk/utils.hpp(777): gh2::error_code_t runtool::sdk::loadFileValue(RetType &, const cpil2::uchar_t *) [RetType = std::basic_string<char>]
, at file: _sdks/release_posix-x86_64_icx_2023.0.0_gnutools_9.2_binutils_2.28/perfrun_1.36.3/include/perfrun1/sdk/utils.hpp:777
373 [140215020668608] INFO perfrun.sdk <> - runCmd: /opt/intel/oneapi/vtune/2025.3/bin64/amplxe-perf stat -v --log-fd 22 --control=fd:23,26 --scale -x ; -p 3060 -e cpu/event=0x3c,name='CPU_CLK_UNHALTED.THREAD'/Du,cpu/umask=0x3,name='CPU_CLK_UNHALTED.REF_TSC'/Du,cpu/event=0xc0,name='INST_RETIRED.ANY'/Du,cpu/event=0x3c,umask=0x1,name='CPU_CLK_UNHALTED.REF_XCLK'/u,cpu/event=0x3c,umask=0x2,name='CPU_CLK_UNHALTED.ONE_THREAD_ACTIVE'/u,cpu/event=0xc7,umask=0x2,name='FP_ARITH_INST_RETIRED.SCALAR_SINGLE'/u,cpu/event=0xc7,umask=0x8,name='FP_ARITH_INST_RETIRED.128B_PACKED_SINGLE'/u,cpu/event=0xc7,umask=0x20,name='FP_ARITH_INST_RETIRED.256B_PACKED_SINGLE'/u,cpu/event=0xc7,umask=0x1,name='FP_ARITH_INST_RETIRED.SCALAR_DOUBLE'/u,cpu/event=0xc7,umask=0x4,name='FP_ARITH_INST_RETIRED.128B_PACKED_DOUBLE'/u,cpu/event=0xc7,umask=0x10,name='FP_ARITH_INST_RETIRED.256B_PACKED_DOUBLE'/u,cpu/event=0xb1,umask=0x10,name='UOPS_EXECUTED.X87'/u,cpu/event=0xc2,umask=0x2,name='UOPS_RETIRED.RETIRE_SLOTS'/u,cpu/event=0xb1,umask=0x1,name='UOPS_EXECUTED.THREAD'/u /opt/intel/oneapi/vtune/2025.3/bin64/amplxe-perf-sync sync tsc
374 [140215020668608] INFO perfrun.sdk <> - runCmd started PID 3068
391 [140215123437248] INFO perfrun.tpss <> - start tpss controller for pid #3060
442 [140215278976128] INFO perfrun.launcher <> - Launcher: all plugins were started
443 [140215278976128] INFO perfrun.launcher <> - DirectoryMonitor object was created
443 [140215278976128] INFO perfrun.launcher <> - DirectoryMonitor: a callback was added
444 [140215278976128] INFO perfrun.launcher <> - DirectoryMonitor was started with pingTime = 1000
444 [140215278976128] INFO perfrun.launcher <> - DeadlineTimer is going to be constructed
445 [140215278976128] INFO perfrun.launcher <> - DeadlineTimer: a callback was added
454 [140215278976128] INFO perfrun.launcher <> - Launcher: resume the profiled application and  wait its termination or stop command
9612 [140215278976128] INFO perfrun.launcher <> - Launcher: the profiled application was terminated  with exit code = 0
10655 [140215123437248] INFO perfrun.itt <> - detach itt controller
10655 [140215123437248] INFO perfrun.itt <> - detach itt controller done
10657 [140215020668608] INFO perfrun.perfcollector <> - Monitor: runCmd RC = true
10657 [140215123437248] INFO perfrun.perfcollector <> - Monitor: state = 3, error = 1
10657 [140215123437248] INFO perfrun.tpss <> - stop tpss controller
10658 [140215123437248] INFO perfrun.sdk <> - De-allocating TMU: /tmp/amplxe-tmp-azfar/amplxe-res-3042-20581377662479/data.0/systemcollector-3042-DESKTOP-GRRJ2VV.sc
10658 [140215123437248] INFO perfrun.system <> - closed the system trace file: /tmp/amplxe-tmp-azfar/amplxe-res-3042-20581377662479/data.0/systemcollector-3042-DESKTOP-GRRJ2VV.sc
10659 [140215278976128] INFO perfrun.launcher <> - Launcher: all plugins were stopped.
10659 [140215278976128] INFO perfrun.launcher <> - DeadlineTimer is going to be destroyed
10660 [140215278976128] INFO perfrun.launcher <> - DeadlineTimer was destroyed
10660 [140215278976128] INFO perfrun.launcher <> - DirectoryMonitor object was destroyed
10660 [140215278976128] WARN perfrun.launcher <> - Stop command is ignored because it is received when collection is already stopped, at file: vcs/perfrun1/launcher/src/command_handler.cpp:226
10916 [140215278976128] INFO perfrun.launcher <> - Application exit code: 0
10916 [140215278976128] INFO perfrun.launcher <> - Exit code: 0
