
8157 : 0x170e2072e287 : 3 : logger_init :  LOG FILE OPENED (by collectunits.logger), level: 4
8157 : 0x170e27060a69 : 4 : pytrace_try_probe_python_functions :  Python version is detected as == 0x0
8157 : 0x170e27676a55 : 4 : pytrace_try_probe_python_functions :  Python version is detected as == 0x0
8157 : 0x170e28e90f51 : 4 : pytrace_try_probe_python_functions :  Python version is detected as == 0x0
8157 : 0x170e291c9f93 : 4 : pytrace_try_probe_python_functions :  Python version is detected as == 0x0
8157 : 0x170e2a3e22ca : 4 : pytrace_try_probe_python_functions :  Python version is detected as == 0x0
8157 : 0x170e476dc864 : 4 : pytrace_try_probe_python_functions :  Python version is detected as == 0x0
8157 : 0x170e47e57778 : 4 : pytrace_try_probe_python_functions :  Python version is detected as == 0x0
8157 : 0x170e482865f0 : 4 : pytrace_try_probe_python_functions :  Python version is detected as == 0x0
8157 : 0x170e50634e13 : 4 : pytrace_try_probe_python_functions :  Python version is detected as == 0x0
8157 : 0x170e50960ef7 : 4 : pytrace_try_probe_python_functions :  Python version is detected as == 0x0
8157 : 0x170e50a4d8f1 : 4 : pytrace_try_probe_python_functions :  Python version is detected as == 0x0
8157 : 0x170e511201d5 : 4 : pytrace_try_probe_python_functions :  Python version is detected as == 0x0
8157 : 0x170e51b6a2e3 : 4 : pytrace_try_probe_python_functions :  Python version is detected as == 0x0
8157 : 0x170e52271597 : 4 : pytrace_try_probe_python_functions :  Python version is detected as == 0x0
8157 : 0x170e566316f1 : 4 : pytrace_try_probe_python_functions :  Python version is detected as == 0x0
8157 : 0x170e56b5041d : 4 : pytrace_try_probe_python_functions :  Python version is detected as == 0x0
8157 : 0x170e56cb18d3 : 4 : pytrace_try_probe_python_functions :  Python version is detected as == 0x0
8157 : 0x170e56ecc613 : 4 : pytrace_try_probe_python_functions :  Python version is detected as == 0x0
8157 : 0x170e57431707 : 4 : pytrace_start_profiling :  [CALLED]
8157 : 0x170e57b16b9f : 4 : pytrace_try_probe_python_functions :  Python version is detected as == 0x0
8157 : 0x170e57c2fc5d : 4 : pytrace_try_probe_python_functions :  Python version is detected as == 0x0
8157 : 0x170e57d8b8a9 : 4 : pytrace_try_probe_python_functions :  Python version is detected as == 0x0
8157 : 0x170e5803558d : 4 : pytrace_try_probe_python_functions :  Python version is detected as == 0x0
8157 : 0x170e58396857 : 4 : pytrace_try_probe_python_functions :  Python version is detected as == 0x0
8157 : 0x170e584f1f23 : 4 : pytrace_try_probe_python_functions :  Python version is detected as == 0x0
8157 : 0x170e587c22bd : 4 : pytrace_try_probe_python_functions :  Python version is detected as == 0x0
8157 : 0x170e58916363 : 4 : pytrace_try_probe_python_functions :  Python version is detected as == 0x0
8157 : 0x170e58a70e9b : 4 : pytrace_try_probe_python_functions :  Python version is detected as == 0x0
8157 : 0x170e58bbea31 : 4 : pytrace_try_probe_python_functions :  Python version is detected as == 0x0
8157 : 0x170e58d36aa1 : 4 : pytrace_try_probe_python_functions :  Python version is detected as == 0x0
8157 : 0x170e58f083ff : 4 : pytrace_try_probe_python_functions :  Python version is detected as == 0x0
8157 : 0x170e59181947 : 4 : pytrace_try_probe_python_functions :  Python version is detected as == 0x0
8157 : 0x170e594743bf : 4 : pytrace_try_probe_python_functions :  Python version is detected as == 0x0
8157 : 0x170e5a0352b9 : 4 : pytrace_try_probe_python_functions :  Python version is detected as == 0x0
8157 : 0x170e5a169027 : 4 : pytrace_try_probe_python_functions :  Python version is detected as == 0x0
8157 : 0x170e5a5673df : 4 : pytrace_try_probe_python_functions :  Python version is detected as == 0x0
8157 : 0x170e5c461d66 : 4 : pytrace_try_probe_python_functions :  Python version is detected as == 0x0
8157 : 0x170e5c5984f0 : 4 : pytrace_try_probe_python_functions :  Python version is detected as == 0x0
8157 : 0x170e5c694f44 : 4 : pytrace_try_probe_python_functions :  Python version is detected as == 0x0
8157 : 0x170e5c7c685a : 4 : pytrace_try_probe_python_functions :  Python version is detected as == 0x0
8157 : 0x170e5c8fd9b5 : 4 : pytrace_try_probe_python_functions :  Python version is detected as == 0x0
8157 : 0x170e5cb54dbb : 4 : pytrace_try_probe_python_functions :  Python version is detected as == 0x0
8157 : 0x170e5cc9fe1d : 4 : pytrace_try_probe_python_functions :  Python version is detected as == 0x0
8157 : 0x170e5cdc3a71 : 4 : pytrace_try_probe_python_functions :  Python version is detected as == 0x0
8157 : 0x170e5cee5481 : 4 : pytrace_try_probe_python_functions :  Python version is detected as == 0x0
8157 : 0x170e5d514c8b : 4 : pytrace_try_probe_python_functions :  Python version is detected as == 0x0
8157 : 0x170e5d6e3969 : 4 : pytrace_try_probe_python_functions :  Python version is detected as == 0x0
8157 : 0x170e5d83240b : 4 : pytrace_try_probe_python_functions :  Python version is detected as == 0x0
8157 : 0x170e5d9c52f1 : 4 : pytrace_try_probe_python_functions :  Python version is detected as == 0x0
8157 : 0x170e5dbc5fd9 : 4 : pytrace_try_probe_python_functions :  Python version is detected as == 0x0
8157 : 0x170e5de0d83a : 4 : pytrace_try_probe_python_functions :  Python version is detected as == 0x0
8157 : 0x170e5df99f20 : 4 : pytrace_try_probe_python_functions :  Python version is detected as == 0x0
8157 : 0x170e5e1ca5ac : 4 : pytrace_try_probe_python_functions :  Python version is detected as == 0x0
8157 : 0x170e5e32efbc : 4 : pytrace_try_probe_python_functions :  Python version is detected as == 0x0
8157 : 0x170e5e56dad7 : 4 : pytrace_try_probe_python_functions :  Python version is detected as == 0x0
8157 : 0x170e5e9d58e0 : 4 : pytrace_try_probe_python_functions :  Python version is detected as == 0x0
8157 : 0x170e5ec43df4 : 4 : pytrace_try_probe_python_functions :  Python version is detected as == 0x0
8157 : 0x170e5ee01c20 : 4 : pytrace_try_probe_python_functions :  Python version is detected as == 0x0
8157 : 0x170e5f0bbd2a : 4 : pytrace_try_probe_python_functions :  Python version is detected as == 0x0
8157 : 0x170e5f3b549a : 4 : pytrace_try_probe_python_functions :  Python version is detected as == 0x0
8157 : 0x170e5f6f4d96 : 4 : pytrace_try_probe_python_functions :  Python version is detected as == 0x0
8157 : 0x170e5fe2d0a0 : 4 : pytrace_try_probe_python_functions :  Python version is detected as == 0x0
8157 : 0x170e60022a72 : 4 : pytrace_try_probe_python_functions :  Python version is detected as == 0x0
8157 : 0x170e6015b56a : 4 : pytrace_try_probe_python_functions :  Python version is detected as == 0x0
8157 : 0x170e6df97b8b : 4 : pytrace_try_probe_python_functions :  Python version is detected as == 0x0
8157 : 0x170e6e1c8511 : 4 : pytrace_try_probe_python_functions :  Python version is detected as == 0x0
8157 : 0x170e6e332a6f : 4 : pytrace_try_probe_python_functions :  Python version is detected as == 0x0
8157 : 0x170e7d19b4be : 4 : pytrace_try_probe_python_functions :  Python version is detected as == 0x0
8157 : 0x170e7d2b62b4 : 4 : pytrace_try_probe_python_functions :  Python version is detected as == 0x0
8157 : 0x170e7d40fc3a : 4 : pytrace_try_probe_python_functions :  Python version is detected as == 0x0
8157 : 0x170e7d560748 : 4 : pytrace_try_probe_python_functions :  Python version is detected as == 0x0
8157 : 0x170e7d68e3b0 : 4 : pytrace_try_probe_python_functions :  Python version is detected as == 0x0
8157 : 0x170e7d7e294e : 4 : pytrace_try_probe_python_functions :  Python version is detected as == 0x0
8157 : 0x170e7d935a5c : 4 : pytrace_try_probe_python_functions :  Python version is detected as == 0x0
8157 : 0x170e7d9e6f72 : 4 : pytrace_try_probe_python_functions :  Python version is detected as == 0x0
8157 : 0x170e7dbc982e : 4 : pytrace_try_probe_python_functions :  Python version is detected as == 0x0
8157 : 0x170e7dcf29a2 : 4 : pytrace_try_probe_python_functions :  Python version is detected as == 0x0
8157 : 0x170e7de2292a : 4 : pytrace_try_probe_python_functions :  Python version is detected as == 0x0
8157 : 0x170e7e019136 : 4 : pytrace_try_probe_python_functions :  Python version is detected as == 0x0
8157 : 0x170e7e15da94 : 4 : pytrace_try_probe_python_functions :  Python version is detected as == 0x0
8157 : 0x170e7e2cb706 : 4 : pytrace_try_probe_python_functions :  Python version is detected as == 0x0
8157 : 0x171243eb063c : 4 : pytrace_stop_profiling :  [CALLED]
8157 : 0x171243eb6ab0 : 3 : logger_fini :  LOG FILE CLOSED (by collectunits.logger)