4 [140654688595072] INFO perfrun.launcher <> - Launcher main begin
5 [140654688595072] INFO perfrun.launcher <> - MessageCatalogInit finished
5 [140654688595072] INFO perfrun.launcher <> - Launcher instance created
5 [140654688595072] INFO perfrun.launcher <> - argc = 7; cmdline = /opt/intel/oneapi/vtune/2025.3/bin64/amplxe-runss --ui-output-format xml --ui-output-fd 5 --option-file /mnt/d/Semester 6/pdc/pdc_project/i221033_i220950_A_PDC_Project/vtune_hotspots316.DESKTOP-GRRJ2VV/config/runss.options 
30 [140654688595072] INFO perfrun.perfcollector <> - SEP tool path: /opt/intel/oneapi/vtune/2025.3/bin64/sep
50 [140654688595072] INFO perfrun.launcher <> - create msngr2::ICliToolContext
51 [140654688595072] INFO perfrun.launcher <> - create file finder object
51 [140654688595072] INFO perfrun.launcher <> - create a result directory: pattern = /mnt/d/Semester 6/pdc/pdc_project/i221033_i220950_A_PDC_Project/vtune_hotspots316.DESKTOP-GRRJ2VV pid = 4294967295
67 [140654688595072] INFO perfrun.sdk <> - checked that the directory /mnt/d/Semester 6/pdc/pdc_project/i221033_i220950_A_PDC_Project/vtune_hotspots316.DESKTOP-GRRJ2VV is a local directory
67 [140654688595072] INFO perfrun.sdk <> - the directory /mnt/d/Semester 6/pdc/pdc_project/i221033_i220950_A_PDC_Project/vtune_hotspots316.DESKTOP-GRRJ2VV is located on a share or its FS ID is unknown 16914839
68 [140654688595072] INFO perfrun.sdk <> - checked that the directory /tmp/amplxe-tmp-azfar is a local directory
68 [140654688595072] INFO perfrun.sdk <> - the directory /tmp/amplxe-tmp-azfar is a local directory with FS type ID 61267
69 [140654688595072] INFO perfrun.launcher <> - Create a local result directory /tmp/amplxe-tmp-azfar/amplxe-res-9212-26136125923160 due to the user result path /mnt/d/Semester 6/pdc/pdc_project/i221033_i220950_A_PDC_Project/vtune_hotspots316.DESKTOP-GRRJ2VV is located on a share
70 [140654688595072] INFO perfrun.launcher <> - create data directory = /tmp/amplxe-tmp-azfar/amplxe-res-9212-26136125923160/data.0
72 [140654688595072] INFO perfrun.launcher <> - create data directory = /mnt/d/Semester 6/pdc/pdc_project/i221033_i220950_A_PDC_Project/vtune_hotspots316.DESKTOP-GRRJ2VV/data.1
74 [140654688595072] INFO perfrun.launcher <> - Creating the master collection flag
75 [140654688595072] INFO perfrun.launcher <> - Done creating the master collection flag
75 [140654539695808] INFO perfrun.launcher <> - plugin [remoteplug] was disabled because it doesn't support the given collection type.
76 [140654539695808] INFO perfrun.sdk <> - Allocating TMU :/tmp/amplxe-tmp-azfar/amplxe-res-9212-26136125923160/data.0/systemcollector-9212-DESKTOP-GRRJ2VV.sc
76 [140654539695808] INFO perfrun.launcher <> - plugin [vdso] was disabled because it doesn't support the given collection type.
77 [140654539695808] INFO perfrun.launcher <> - plugin [ptracecollector] was disabled because it doesn't support the given collection type.
77 [140654539695808] INFO perfrun.launcher <> - plugin [gpu] was disabled because it doesn't support the given collection type.
77 [140654539695808] INFO perfrun.launcher <> - plugin [] was disabled because it doesn't support the given collection type.
77 [140654539695808] INFO perfrun.launcher <> - plugin [] was disabled because it doesn't support the given collection type.
78 [140654539695808] INFO perfrun.launcher <> - plugin [] was disabled because it doesn't support the given collection type.
78 [140654539695808] INFO perfrun.mrte <> - system-wide mode is 0
78 [140654539695808] INFO perfrun.mrte <> - Getting  mrte profiling environment ...
89 [140654539695808] INFO perfrun.mrte <> - INTEL_MRTE_DATA_DIR=/tmp/amplxe-tmp-azfar/amplxe-res-9212-26136125923160/data.0
89 [140654539695808] INFO perfrun.mrte <> - INTEL_MRTE_HOST_NAME=DESKTOP-GRRJ2VV
89 [140654539695808] INFO perfrun.mrte <> - JAVA_TOOL_OPTIONS=-agentlib:amplxe_samplingmrte_javaprof_1.0 -Dsun.boot.library.path=/opt/intel/oneapi/vtune/2025.3/lib32/runtime:/opt/intel/oneapi/vtune/2025.3/lib64/runtime
90 [140654539695808] INFO perfrun.mrte <> - LD_LIBRARY_PATH=/opt/intel/oneapi/vtune/2025.3/lib32/runtime:/opt/intel/oneapi/vtune/2025.3/lib64/runtime:/opt/intel/oneapi/tcm/1.3/lib:/opt/intel/oneapi/umf/0.10/lib:/opt/intel/oneapi/tbb/2022.1/env/../lib/intel64/gcc4.8:/opt/intel/oneapi/pti/0.12/lib:/opt/intel/oneapi/mkl/2025.1/lib:/opt/intel/oneapi/ipp/2022.1/lib:/opt/intel/oneapi/compiler/2025.1/opt/compiler/lib:/opt/intel/oneapi/compiler/2025.1/lib
90 [140654539695808] INFO perfrun.mrte <> - CORECLR_ENABLE_PROFILING=1
90 [140654539695808] INFO perfrun.mrte <> - CORECLR_PROFILER={AA5E4821-E3B1-479c-B7FF-5AD047D22CED}
90 [140654539695808] INFO perfrun.mrte <> - CORECLR_PROFILER_PATH=/opt/intel/oneapi/vtune/2025.3/lib64/libamplxe_samplingmrte_clrprof_1.0.so
90 [140654539695808] INFO perfrun.mrte <> - INTEL_MRTE_PROFILER_MODE=mixed
91 [140654539695808] INFO perfrun.mrte <> - Data directory: /tmp/amplxe-tmp-azfar/amplxe-res-9212-26136125923160/data.0
91 [140654539695808] INFO perfrun.mrte <> - Mrte plugin is initialized
91 [140654539695808] INFO perfrun.launcher <> - plugin [emon] was disabled because it doesn't support the given collection type.
91 [140654539695808] INFO perfrun.launcher <> - plugin [cuscol] was disabled because it doesn't support the given collection type.
92 [140654539695808] INFO perfrun.launcher <> - plugin [stdsrc] was disabled because it doesn't support the given collection type.
92 [140654539695808] INFO perfrun.launcher <> - plugin [sep] was disabled because it doesn't support the given collection type.
92 [140654539695808] INFO perfrun.launcher <> - plugin [vtsspp] was disabled because it doesn't support the given collection type.
92 [140654539695808] INFO perfrun.perfcollector <> - Platform type: 150
92 [140654539695808] INFO perfrun.sdk <> - Reading value (0) from file: /proc/sys/kernel/perf_event_paranoid
93 [140654539695808] INFO perfrun.perfcollector <> - checking access to: /opt/intel/oneapi/vtune/2025.3/bin64/amplxe-perf-priv
93 [140654539695808] INFO perfrun.perfcollector <> - dir found: /sys/bus/event_source/devices/software
93 [140654539695808] INFO perfrun.perfcollector <> - format: pmu format subdir doesn't exist
93 [140654539695808] INFO perfrun.perfcollector <> - hwInfo: not set, pmuFam: software
93 [140654539695808] INFO perfrun.perfcollector <> - pmu added: software, idx: 0
93 [140654539695808] INFO perfrun.perfcollector <> - dir found: /sys/bus/event_source/devices/uprobe
94 [140654539695808] INFO perfrun.perfcollector <> - format: ref_ctr_offset: config:32-63, mask:32-63
94 [140654539695808] INFO perfrun.perfcollector <> - format: retprobe: config:0, mask:0
94 [140654539695808] INFO perfrun.perfcollector <> - hwInfo: not set, pmuFam: uprobe
94 [140654539695808] INFO perfrun.perfcollector <> - pmu caps: raw,format
95 [140654539695808] INFO perfrun.perfcollector <> - pmu added: uprobe, idx: 0
95 [140654539695808] INFO perfrun.perfcollector <> - dir found: /sys/bus/event_source/devices/cpu
95 [140654539695808] INFO perfrun.perfcollector <> - format: event: config:0-7, mask:0-7
95 [140654539695808] INFO perfrun.perfcollector <> - format: pc: config:19, mask:19
95 [140654539695808] INFO perfrun.perfcollector <> - format: edge: config:18, mask:18
96 [140654539695808] INFO perfrun.perfcollector <> - format: any: config:21, mask:21
96 [140654539695808] INFO perfrun.perfcollector <> - format: offcore_rsp: config1:0-63, mask:0-63
96 [140654539695808] INFO perfrun.perfcollector <> - format: ldlat: config1:0-15, mask:0-15
96 [140654539695808] INFO perfrun.perfcollector <> - format: inv: config:23, mask:23
97 [140654539695808] INFO perfrun.perfcollector <> - format: umask: config:8-15, mask:8-15
97 [140654539695808] INFO perfrun.perfcollector <> - format: frontend: config1:0-23, mask:0-23
97 [140654539695808] INFO perfrun.perfcollector <> - format: cmask: config:24-31, mask:24-31
97 [140654539695808] INFO perfrun.perfcollector <> - hwInfo: PERF_CPU_PMU_DETAILS
98 [140654539695808] INFO perfrun.perfcollector <> - pmu caps: raw,format,events,ldlat,frontend,offcore_rsp
98 [140654539695808] INFO perfrun.perfcollector <> - pmu added: cpu, idx: 0
98 [140654539695808] INFO perfrun.perfcollector <> - dir found: /sys/bus/event_source/devices/breakpoint
98 [140654539695808] INFO perfrun.perfcollector <> - format: pmu format subdir doesn't exist
99 [140654539695808] INFO perfrun.perfcollector <> - hwInfo: not set, pmuFam: breakpoint
99 [140654539695808] INFO perfrun.perfcollector <> - pmu added: breakpoint, idx: 0
99 [140654539695808] INFO perfrun.perfcollector <> - dir found: /sys/bus/event_source/devices/tracepoint
99 [140654539695808] INFO perfrun.perfcollector <> - format: pmu format subdir doesn't exist
99 [140654539695808] INFO perfrun.perfcollector <> - hwInfo: not set, pmuFam: tracepoint
100 [140654539695808] INFO perfrun.perfcollector <> - pmu added: tracepoint, idx: 0
100 [140654539695808] INFO perfrun.perfcollector <> - dir found: /sys/bus/event_source/devices/kprobe
100 [140654539695808] INFO perfrun.perfcollector <> - format: retprobe: config:0, mask:0
100 [140654539695808] INFO perfrun.perfcollector <> - hwInfo: not set, pmuFam: kprobe
100 [140654539695808] INFO perfrun.perfcollector <> - pmu caps: raw,format
101 [140654539695808] INFO perfrun.perfcollector <> - pmu added: kprobe, idx: 0
101 [140654539695808] INFO perfrun.perfcollector <> - dir found: /sys/bus/event_source/devices/msr
101 [140654539695808] INFO perfrun.perfcollector <> - format: event: config:0-63, mask:0-63
101 [140654539695808] INFO perfrun.perfcollector <> - hwInfo: not set, pmuFam: msr
102 [140654539695808] INFO perfrun.perfcollector <> - pmu caps: raw,format,events
102 [140654539695808] INFO perfrun.perfcollector <> - pmu added: msr, idx: 0
102 [140654539695808] INFO perfrun.perfcollector <> - Perf tool path: /opt/intel/oneapi/vtune/2025.3/bin64/amplxe-perf
102 [140654539695808] INFO perfrun.perfcollector <> - Data directory: /tmp/amplxe-tmp-azfar/amplxe-res-9212-26136125923160/data.0
103 [140654539695808] INFO perfrun.perfcollector <> - Temp directory: /tmp/amplxe-tmp-azfar
103 [140654539695808] INFO perfrun.perfcollector <> - Perf sync path: /opt/intel/oneapi/vtune/2025.3/bin64/amplxe-perf-sync
103 [140654539695808] INFO perfrun.perfcollector <> - Hypervisor = Microsoft Hv
104 [140654539695808] INFO perfrun.perfcollector <> - Counting mode is requested
104 [140654539695808] INFO perfrun.perfcollector <> - Sample after multiplier: 1
104 [140654539695808] INFO perfrun.sdk <> - runCmd: /opt/intel/oneapi/vtune/2025.3/bin64/sep -dry-run -sam 1 -ec CPU_CLK_UNHALTED.THREAD,CPU_CLK_UNHALTED.REF_TSC:sample:sa=1800000,INST_RETIRED.ANY:sample:sa=1800000,CPU_CLK_UNHALTED.REF_XCLK,CPU_CLK_UNHALTED.ONE_THREAD_ACTIVE,FP_ARITH_INST_RETIRED.SCALAR_SINGLE,FP_ARITH_INST_RETIRED.128B_PACKED_SINGLE,FP_ARITH_INST_RETIRED.256B_PACKED_SINGLE,FP_ARITH_INST_RETIRED.SCALAR_DOUBLE,FP_ARITH_INST_RETIRED.128B_PACKED_DOUBLE,FP_ARITH_INST_RETIRED.256B_PACKED_DOUBLE,UOPS_EXECUTED.X87,UOPS_RETIRED.RETIRE_SLOTS:sample:sa=2000003,UOPS_EXECUTED.THREAD -experimental
105 [140654539695808] INFO perfrun.sdk <> - runCmd started PID 9223
114 [140654539695808] INFO perfrun.perfcollector <> - SepDryRun RC = true
115 [140654539695808] INFO perfrun.perfcollector <> - Loading SEP event configuration
115 [140654539695808] INFO perfrun.perfcollector <> - pmu: cpu
116 [140654539695808] INFO perfrun.perfcollector <> - group_id: 0
116 [140654539695808] INFO perfrun.perfcollector <> - event_id: 2: INST_RETIRED.ANY
116 [140654539695808] INFO perfrun.perfcollector <> - event_id: 0: CPU_CLK_UNHALTED.THREAD
116 [140654539695808] INFO perfrun.perfcollector <> - event_id: 1: CPU_CLK_UNHALTED.REF_TSC
116 [140654539695808] INFO perfrun.perfcollector <> - event_id: 3: CPU_CLK_UNHALTED.REF_XCLK
117 [140654539695808] INFO perfrun.perfcollector <> - event_id: 4: CPU_CLK_UNHALTED.ONE_THREAD_ACTIVE
117 [140654539695808] INFO perfrun.perfcollector <> - event_id: 5: FP_ARITH_INST_RETIRED.SCALAR_SINGLE
117 [140654539695808] INFO perfrun.perfcollector <> - event_id: 6: FP_ARITH_INST_RETIRED.128B_PACKED_SINGLE
117 [140654539695808] INFO perfrun.perfcollector <> - event_id: 3: cccr: addr: 186, value: 53013c
117 [140654539695808] INFO perfrun.perfcollector <> - event_id: 4: cccr: addr: 187, value: 53023c
118 [140654539695808] INFO perfrun.perfcollector <> - event_id: 5: cccr: addr: 188, value: 5302c7
118 [140654539695808] INFO perfrun.perfcollector <> - event_id: 6: cccr: addr: 189, value: 5308c7
118 [140654539695808] INFO perfrun.perfcollector <> - event_id: 2: data: addr: 309, value: ffffffffffe488c0
118 [140654539695808] INFO perfrun.perfcollector <> - event_id: 0: data: addr: 30a, value: ffffffffffe17b7d
118 [140654539695808] INFO perfrun.perfcollector <> - event_id: 1: data: addr: 30b, value: ffffffffffe488c0
119 [140654539695808] INFO perfrun.perfcollector <> - event_id: 3: data: addr: c1, value: ffffffffffff9e55
119 [140654539695808] INFO perfrun.perfcollector <> - event_id: 4: data: addr: c2, value: ffffffffffff9e55
119 [140654539695808] INFO perfrun.perfcollector <> - event_id: 5: data: addr: c3, value: ffffffffffe17b7d
119 [140654539695808] INFO perfrun.perfcollector <> - event_id: 6: data: addr: c4, value: ffffffffffe17b7d
119 [140654539695808] INFO perfrun.perfcollector <> - group_id: 1
119 [140654539695808] INFO perfrun.perfcollector <> - event_id: 2: INST_RETIRED.ANY
120 [140654539695808] INFO perfrun.perfcollector <> - event_id: 0: CPU_CLK_UNHALTED.THREAD
120 [140654539695808] INFO perfrun.perfcollector <> - event_id: 1: CPU_CLK_UNHALTED.REF_TSC
120 [140654539695808] INFO perfrun.perfcollector <> - event_id: 7: FP_ARITH_INST_RETIRED.256B_PACKED_SINGLE
120 [140654539695808] INFO perfrun.perfcollector <> - event_id: 8: FP_ARITH_INST_RETIRED.SCALAR_DOUBLE
121 [140654539695808] INFO perfrun.perfcollector <> - event_id: 9: FP_ARITH_INST_RETIRED.128B_PACKED_DOUBLE
121 [140654539695808] INFO perfrun.perfcollector <> - event_id: 10: FP_ARITH_INST_RETIRED.256B_PACKED_DOUBLE
121 [140654539695808] INFO perfrun.perfcollector <> - event_id: 7: cccr: addr: 186, value: 5320c7
121 [140654539695808] INFO perfrun.perfcollector <> - event_id: 8: cccr: addr: 187, value: 5301c7
122 [140654539695808] INFO perfrun.perfcollector <> - event_id: 9: cccr: addr: 188, value: 5304c7
122 [140654539695808] INFO perfrun.perfcollector <> - event_id: 10: cccr: addr: 189, value: 5310c7
122 [140654539695808] INFO perfrun.perfcollector <> - event_id: 2: data: addr: 309, value: ffffffffffe488c0
122 [140654539695808] INFO perfrun.perfcollector <> - event_id: 0: data: addr: 30a, value: ffffffffffe17b7d
122 [140654539695808] INFO perfrun.perfcollector <> - event_id: 1: data: addr: 30b, value: ffffffffffe488c0
123 [140654539695808] INFO perfrun.perfcollector <> - event_id: 7: data: addr: c1, value: ffffffffffe17b7d
123 [140654539695808] INFO perfrun.perfcollector <> - event_id: 8: data: addr: c2, value: ffffffffffe17b7d
123 [140654539695808] INFO perfrun.perfcollector <> - event_id: 9: data: addr: c3, value: ffffffffffe17b7d
123 [140654539695808] INFO perfrun.perfcollector <> - event_id: 10: data: addr: c4, value: ffffffffffe17b7d
124 [140654539695808] INFO perfrun.perfcollector <> - group_id: 2
124 [140654539695808] INFO perfrun.perfcollector <> - event_id: 2: INST_RETIRED.ANY
124 [140654539695808] INFO perfrun.perfcollector <> - event_id: 0: CPU_CLK_UNHALTED.THREAD
124 [140654539695808] INFO perfrun.perfcollector <> - event_id: 1: CPU_CLK_UNHALTED.REF_TSC
125 [140654539695808] INFO perfrun.perfcollector <> - event_id: 11: UOPS_EXECUTED.X87
125 [140654539695808] INFO perfrun.perfcollector <> - event_id: 12: UOPS_RETIRED.RETIRE_SLOTS
125 [140654539695808] INFO perfrun.perfcollector <> - event_id: 13: UOPS_EXECUTED.THREAD
125 [140654539695808] INFO perfrun.perfcollector <> - event_id: 11: cccr: addr: 186, value: 5310b1
126 [140654539695808] INFO perfrun.perfcollector <> - event_id: 12: cccr: addr: 187, value: 5302c2
126 [140654539695808] INFO perfrun.perfcollector <> - event_id: 13: cccr: addr: 188, value: 5301b1
126 [140654539695808] INFO perfrun.perfcollector <> - event_id: 2: data: addr: 309, value: ffffffffffe488c0
126 [140654539695808] INFO perfrun.perfcollector <> - event_id: 0: data: addr: 30a, value: ffffffffffe17b7d
126 [140654539695808] INFO perfrun.perfcollector <> - event_id: 1: data: addr: 30b, value: ffffffffffe488c0
127 [140654539695808] INFO perfrun.perfcollector <> - event_id: 11: data: addr: c1, value: ffffffffffe17b7d
127 [140654539695808] INFO perfrun.perfcollector <> - event_id: 12: data: addr: c2, value: ffffffffffe17b7d
127 [140654539695808] INFO perfrun.perfcollector <> - event_id: 13: data: addr: c3, value: ffffffffffe17b7d
127 [140654539695808] INFO perfrun.perfcollector <> - Converting events to Perf format
128 [140654539695808] INFO perfrun.perfcollector <> - event: 0: CPU_CLK_UNHALTED.THREAD
128 [140654539695808] INFO perfrun.perfcollector <> - cccr: addr: ffffffff, value: 0
128 [140654539695808] INFO perfrun.perfcollector <> - data: addr: 30a, value: ffffffffffe17b7d
129 [140654539695808] INFO perfrun.perfcollector <> - pmu config: cpu
129 [140654539695808] INFO perfrun.perfcollector <> - config: any: 0
129 [140654539695808] INFO perfrun.perfcollector <> - config: cmask: 0
129 [140654539695808] INFO perfrun.perfcollector <> - config: edge: 0
129 [140654539695808] INFO perfrun.perfcollector <> - config: event: 3c
130 [140654539695808] INFO perfrun.perfcollector <> - config1: frontend: 0
130 [140654539695808] INFO perfrun.perfcollector <> - config: inv: 0
130 [140654539695808] INFO perfrun.perfcollector <> - config1: ldlat: 0
130 [140654539695808] INFO perfrun.perfcollector <> - config1: offcore_rsp: 0
131 [140654539695808] INFO perfrun.perfcollector <> - config: pc: 0
131 [140654539695808] INFO perfrun.perfcollector <> - config: umask: 0
131 [140654539695808] INFO perfrun.perfcollector <> - format: cpu/event=0x3c,name='CPU_CLK_UNHALTED.THREAD'/D
132 [140654539695808] INFO perfrun.perfcollector <> - event: 1: CPU_CLK_UNHALTED.REF_TSC
132 [140654539695808] INFO perfrun.perfcollector <> - cccr: addr: ffffffff, value: 0
132 [140654539695808] INFO perfrun.perfcollector <> - data: addr: 30b, value: ffffffffffe488c0
132 [140654539695808] INFO perfrun.perfcollector <> - pmu config: cpu
133 [140654539695808] INFO perfrun.perfcollector <> - config: any: 0
133 [140654539695808] INFO perfrun.perfcollector <> - config: cmask: 0
133 [140654539695808] INFO perfrun.perfcollector <> - config: edge: 0
133 [140654539695808] INFO perfrun.perfcollector <> - config: event: 0
133 [140654539695808] INFO perfrun.perfcollector <> - config1: frontend: 0
134 [140654539695808] INFO perfrun.perfcollector <> - config: inv: 0
134 [140654539695808] INFO perfrun.perfcollector <> - config1: ldlat: 0
134 [140654539695808] INFO perfrun.perfcollector <> - config1: offcore_rsp: 0
134 [140654539695808] INFO perfrun.perfcollector <> - config: pc: 0
135 [140654539695808] INFO perfrun.perfcollector <> - config: umask: 3
135 [140654539695808] INFO perfrun.perfcollector <> - format: cpu/umask=0x3,name='CPU_CLK_UNHALTED.REF_TSC'/D
135 [140654539695808] INFO perfrun.perfcollector <> - event: 2: INST_RETIRED.ANY
135 [140654539695808] INFO perfrun.perfcollector <> - cccr: addr: ffffffff, value: 0
136 [140654539695808] INFO perfrun.perfcollector <> - data: addr: 309, value: ffffffffffe488c0
136 [140654539695808] INFO perfrun.perfcollector <> - pmu config: cpu
136 [140654539695808] INFO perfrun.perfcollector <> - config: any: 0
136 [140654539695808] INFO perfrun.perfcollector <> - config: cmask: 0
136 [140654539695808] INFO perfrun.perfcollector <> - config: edge: 0
137 [140654539695808] INFO perfrun.perfcollector <> - config: event: c0
137 [140654539695808] INFO perfrun.perfcollector <> - config1: frontend: 0
137 [140654539695808] INFO perfrun.perfcollector <> - config: inv: 0
137 [140654539695808] INFO perfrun.perfcollector <> - config1: ldlat: 0
138 [140654539695808] INFO perfrun.perfcollector <> - config1: offcore_rsp: 0
138 [140654539695808] INFO perfrun.perfcollector <> - config: pc: 0
138 [140654539695808] INFO perfrun.perfcollector <> - config: umask: 0
138 [140654539695808] INFO perfrun.perfcollector <> - format: cpu/event=0xc0,name='INST_RETIRED.ANY'/D
139 [140654539695808] INFO perfrun.perfcollector <> - event: 3: CPU_CLK_UNHALTED.REF_XCLK
139 [140654539695808] INFO perfrun.perfcollector <> - cccr: addr: 186, value: 53013c
139 [140654539695808] INFO perfrun.perfcollector <> - data: addr: c1, value: ffffffffffff9e55
139 [140654539695808] INFO perfrun.perfcollector <> - pmu config: cpu
140 [140654539695808] INFO perfrun.perfcollector <> - config: any: 0
140 [140654539695808] INFO perfrun.perfcollector <> - config: cmask: 0
140 [140654539695808] INFO perfrun.perfcollector <> - config: edge: 0
140 [140654539695808] INFO perfrun.perfcollector <> - config: event: 3c
141 [140654539695808] INFO perfrun.perfcollector <> - config1: frontend: 0
141 [140654539695808] INFO perfrun.perfcollector <> - config: inv: 0
141 [140654539695808] INFO perfrun.perfcollector <> - config1: ldlat: 0
141 [140654539695808] INFO perfrun.perfcollector <> - config1: offcore_rsp: 0
142 [140654539695808] INFO perfrun.perfcollector <> - config: pc: 0
142 [140654539695808] INFO perfrun.perfcollector <> - config: umask: 1
142 [140654539695808] INFO perfrun.perfcollector <> - format: cpu/event=0x3c,umask=0x1,name='CPU_CLK_UNHALTED.REF_XCLK'/
142 [140654539695808] INFO perfrun.perfcollector <> - event: 4: CPU_CLK_UNHALTED.ONE_THREAD_ACTIVE
142 [140654539695808] INFO perfrun.perfcollector <> - cccr: addr: 187, value: 53023c
143 [140654539695808] INFO perfrun.perfcollector <> - data: addr: c2, value: ffffffffffff9e55
143 [140654539695808] INFO perfrun.perfcollector <> - pmu config: cpu
143 [140654539695808] INFO perfrun.perfcollector <> - config: any: 0
144 [140654539695808] INFO perfrun.perfcollector <> - config: cmask: 0
144 [140654539695808] INFO perfrun.perfcollector <> - config: edge: 0
144 [140654539695808] INFO perfrun.perfcollector <> - config: event: 3c
144 [140654539695808] INFO perfrun.perfcollector <> - config1: frontend: 0
144 [140654539695808] INFO perfrun.perfcollector <> - config: inv: 0
145 [140654539695808] INFO perfrun.perfcollector <> - config1: ldlat: 0
145 [140654539695808] INFO perfrun.perfcollector <> - config1: offcore_rsp: 0
145 [140654539695808] INFO perfrun.perfcollector <> - config: pc: 0
145 [140654539695808] INFO perfrun.perfcollector <> - config: umask: 2
146 [140654539695808] INFO perfrun.perfcollector <> - format: cpu/event=0x3c,umask=0x2,name='CPU_CLK_UNHALTED.ONE_THREAD_ACTIVE'/
146 [140654539695808] INFO perfrun.perfcollector <> - event: 5: FP_ARITH_INST_RETIRED.SCALAR_SINGLE
146 [140654539695808] INFO perfrun.perfcollector <> - cccr: addr: 188, value: 5302c7
146 [140654539695808] INFO perfrun.perfcollector <> - data: addr: c3, value: ffffffffffe17b7d
147 [140654539695808] INFO perfrun.perfcollector <> - pmu config: cpu
147 [140654539695808] INFO perfrun.perfcollector <> - config: any: 0
147 [140654539695808] INFO perfrun.perfcollector <> - config: cmask: 0
148 [140654539695808] INFO perfrun.perfcollector <> - config: edge: 0
148 [140654539695808] INFO perfrun.perfcollector <> - config: event: c7
148 [140654539695808] INFO perfrun.perfcollector <> - config1: frontend: 0
148 [140654539695808] INFO perfrun.perfcollector <> - config: inv: 0
148 [140654539695808] INFO perfrun.perfcollector <> - config1: ldlat: 0
149 [140654539695808] INFO perfrun.perfcollector <> - config1: offcore_rsp: 0
149 [140654539695808] INFO perfrun.perfcollector <> - config: pc: 0
149 [140654539695808] INFO perfrun.perfcollector <> - config: umask: 2
149 [140654539695808] INFO perfrun.perfcollector <> - format: cpu/event=0xc7,umask=0x2,name='FP_ARITH_INST_RETIRED.SCALAR_SINGLE'/
150 [140654539695808] INFO perfrun.perfcollector <> - event: 6: FP_ARITH_INST_RETIRED.128B_PACKED_SINGLE
150 [140654539695808] INFO perfrun.perfcollector <> - cccr: addr: 189, value: 5308c7
150 [140654539695808] INFO perfrun.perfcollector <> - data: addr: c4, value: ffffffffffe17b7d
150 [140654539695808] INFO perfrun.perfcollector <> - pmu config: cpu
151 [140654539695808] INFO perfrun.perfcollector <> - config: any: 0
151 [140654539695808] INFO perfrun.perfcollector <> - config: cmask: 0
151 [140654539695808] INFO perfrun.perfcollector <> - config: edge: 0
151 [140654539695808] INFO perfrun.perfcollector <> - config: event: c7
152 [140654539695808] INFO perfrun.perfcollector <> - config1: frontend: 0
152 [140654539695808] INFO perfrun.perfcollector <> - config: inv: 0
152 [140654539695808] INFO perfrun.perfcollector <> - config1: ldlat: 0
152 [140654539695808] INFO perfrun.perfcollector <> - config1: offcore_rsp: 0
152 [140654539695808] INFO perfrun.perfcollector <> - config: pc: 0
153 [140654539695808] INFO perfrun.perfcollector <> - config: umask: 8
153 [140654539695808] INFO perfrun.perfcollector <> - format: cpu/event=0xc7,umask=0x8,name='FP_ARITH_INST_RETIRED.128B_PACKED_SINGLE'/
153 [140654539695808] INFO perfrun.perfcollector <> - event: 7: FP_ARITH_INST_RETIRED.256B_PACKED_SINGLE
153 [140654539695808] INFO perfrun.perfcollector <> - cccr: addr: 186, value: 5320c7
154 [140654539695808] INFO perfrun.perfcollector <> - data: addr: c1, value: ffffffffffe17b7d
154 [140654539695808] INFO perfrun.perfcollector <> - pmu config: cpu
154 [140654539695808] INFO perfrun.perfcollector <> - config: any: 0
154 [140654539695808] INFO perfrun.perfcollector <> - config: cmask: 0
154 [140654539695808] INFO perfrun.perfcollector <> - config: edge: 0
155 [140654539695808] INFO perfrun.perfcollector <> - config: event: c7
155 [140654539695808] INFO perfrun.perfcollector <> - config1: frontend: 0
155 [140654539695808] INFO perfrun.perfcollector <> - config: inv: 0
155 [140654539695808] INFO perfrun.perfcollector <> - config1: ldlat: 0
156 [140654539695808] INFO perfrun.perfcollector <> - config1: offcore_rsp: 0
156 [140654539695808] INFO perfrun.perfcollector <> - config: pc: 0
156 [140654539695808] INFO perfrun.perfcollector <> - config: umask: 20
156 [140654539695808] INFO perfrun.perfcollector <> - format: cpu/event=0xc7,umask=0x20,name='FP_ARITH_INST_RETIRED.256B_PACKED_SINGLE'/
156 [140654539695808] INFO perfrun.perfcollector <> - event: 8: FP_ARITH_INST_RETIRED.SCALAR_DOUBLE
157 [140654539695808] INFO perfrun.perfcollector <> - cccr: addr: 187, value: 5301c7
157 [140654539695808] INFO perfrun.perfcollector <> - data: addr: c2, value: ffffffffffe17b7d
157 [140654539695808] INFO perfrun.perfcollector <> - pmu config: cpu
157 [140654539695808] INFO perfrun.perfcollector <> - config: any: 0
158 [140654539695808] INFO perfrun.perfcollector <> - config: cmask: 0
158 [140654539695808] INFO perfrun.perfcollector <> - config: edge: 0
158 [140654539695808] INFO perfrun.perfcollector <> - config: event: c7
158 [140654539695808] INFO perfrun.perfcollector <> - config1: frontend: 0
158 [140654539695808] INFO perfrun.perfcollector <> - config: inv: 0
159 [140654539695808] INFO perfrun.perfcollector <> - config1: ldlat: 0
159 [140654539695808] INFO perfrun.perfcollector <> - config1: offcore_rsp: 0
159 [140654539695808] INFO perfrun.perfcollector <> - config: pc: 0
159 [140654539695808] INFO perfrun.perfcollector <> - config: umask: 1
159 [140654539695808] INFO perfrun.perfcollector <> - format: cpu/event=0xc7,umask=0x1,name='FP_ARITH_INST_RETIRED.SCALAR_DOUBLE'/
160 [140654539695808] INFO perfrun.perfcollector <> - event: 9: FP_ARITH_INST_RETIRED.128B_PACKED_DOUBLE
160 [140654539695808] INFO perfrun.perfcollector <> - cccr: addr: 188, value: 5304c7
160 [140654539695808] INFO perfrun.perfcollector <> - data: addr: c3, value: ffffffffffe17b7d
160 [140654539695808] INFO perfrun.perfcollector <> - pmu config: cpu
161 [140654539695808] INFO perfrun.perfcollector <> - config: any: 0
161 [140654539695808] INFO perfrun.perfcollector <> - config: cmask: 0
161 [140654539695808] INFO perfrun.perfcollector <> - config: edge: 0
161 [140654539695808] INFO perfrun.perfcollector <> - config: event: c7
162 [140654539695808] INFO perfrun.perfcollector <> - config1: frontend: 0
162 [140654539695808] INFO perfrun.perfcollector <> - config: inv: 0
162 [140654539695808] INFO perfrun.perfcollector <> - config1: ldlat: 0
162 [140654539695808] INFO perfrun.perfcollector <> - config1: offcore_rsp: 0
162 [140654539695808] INFO perfrun.perfcollector <> - config: pc: 0
163 [140654539695808] INFO perfrun.perfcollector <> - config: umask: 4
163 [140654539695808] INFO perfrun.perfcollector <> - format: cpu/event=0xc7,umask=0x4,name='FP_ARITH_INST_RETIRED.128B_PACKED_DOUBLE'/
163 [140654539695808] INFO perfrun.perfcollector <> - event: 10: FP_ARITH_INST_RETIRED.256B_PACKED_DOUBLE
163 [140654539695808] INFO perfrun.perfcollector <> - cccr: addr: 189, value: 5310c7
164 [140654539695808] INFO perfrun.perfcollector <> - data: addr: c4, value: ffffffffffe17b7d
164 [140654539695808] INFO perfrun.perfcollector <> - pmu config: cpu
164 [140654539695808] INFO perfrun.perfcollector <> - config: any: 0
164 [140654539695808] INFO perfrun.perfcollector <> - config: cmask: 0
165 [140654539695808] INFO perfrun.perfcollector <> - config: edge: 0
165 [140654539695808] INFO perfrun.perfcollector <> - config: event: c7
165 [140654539695808] INFO perfrun.perfcollector <> - config1: frontend: 0
165 [140654539695808] INFO perfrun.perfcollector <> - config: inv: 0
166 [140654539695808] INFO perfrun.perfcollector <> - config1: ldlat: 0
166 [140654539695808] INFO perfrun.perfcollector <> - config1: offcore_rsp: 0
166 [140654539695808] INFO perfrun.perfcollector <> - config: pc: 0
167 [140654539695808] INFO perfrun.perfcollector <> - config: umask: 10
167 [140654539695808] INFO perfrun.perfcollector <> - format: cpu/event=0xc7,umask=0x10,name='FP_ARITH_INST_RETIRED.256B_PACKED_DOUBLE'/
167 [140654539695808] INFO perfrun.perfcollector <> - event: 11: UOPS_EXECUTED.X87
168 [140654539695808] INFO perfrun.perfcollector <> - cccr: addr: 186, value: 5310b1
168 [140654539695808] INFO perfrun.perfcollector <> - data: addr: c1, value: ffffffffffe17b7d
168 [140654539695808] INFO perfrun.perfcollector <> - pmu config: cpu
168 [140654539695808] INFO perfrun.perfcollector <> - config: any: 0
168 [140654539695808] INFO perfrun.perfcollector <> - config: cmask: 0
169 [140654539695808] INFO perfrun.perfcollector <> - config: edge: 0
169 [140654539695808] INFO perfrun.perfcollector <> - config: event: b1
169 [140654539695808] INFO perfrun.perfcollector <> - config1: frontend: 0
170 [140654539695808] INFO perfrun.perfcollector <> - config: inv: 0
170 [140654539695808] INFO perfrun.perfcollector <> - config1: ldlat: 0
170 [140654539695808] INFO perfrun.perfcollector <> - config1: offcore_rsp: 0
170 [140654539695808] INFO perfrun.perfcollector <> - config: pc: 0
171 [140654539695808] INFO perfrun.perfcollector <> - config: umask: 10
171 [140654539695808] INFO perfrun.perfcollector <> - format: cpu/event=0xb1,umask=0x10,name='UOPS_EXECUTED.X87'/
171 [140654539695808] INFO perfrun.perfcollector <> - event: 12: UOPS_RETIRED.RETIRE_SLOTS
171 [140654539695808] INFO perfrun.perfcollector <> - cccr: addr: 187, value: 5302c2
172 [140654539695808] INFO perfrun.perfcollector <> - data: addr: c2, value: ffffffffffe17b7d
172 [140654539695808] INFO perfrun.perfcollector <> - pmu config: cpu
172 [140654539695808] INFO perfrun.perfcollector <> - config: any: 0
172 [140654539695808] INFO perfrun.perfcollector <> - config: cmask: 0
173 [140654539695808] INFO perfrun.perfcollector <> - config: edge: 0
173 [140654539695808] INFO perfrun.perfcollector <> - config: event: c2
173 [140654539695808] INFO perfrun.perfcollector <> - config1: frontend: 0
174 [140654539695808] INFO perfrun.perfcollector <> - config: inv: 0
174 [140654539695808] INFO perfrun.perfcollector <> - config1: ldlat: 0
174 [140654539695808] INFO perfrun.perfcollector <> - config1: offcore_rsp: 0
174 [140654539695808] INFO perfrun.perfcollector <> - config: pc: 0
174 [140654539695808] INFO perfrun.perfcollector <> - config: umask: 2
175 [140654539695808] INFO perfrun.perfcollector <> - format: cpu/event=0xc2,umask=0x2,name='UOPS_RETIRED.RETIRE_SLOTS'/
175 [140654539695808] INFO perfrun.perfcollector <> - event: 13: UOPS_EXECUTED.THREAD
175 [140654539695808] INFO perfrun.perfcollector <> - cccr: addr: 188, value: 5301b1
175 [140654539695808] INFO perfrun.perfcollector <> - data: addr: c3, value: ffffffffffe17b7d
176 [140654539695808] INFO perfrun.perfcollector <> - pmu config: cpu
176 [140654539695808] INFO perfrun.perfcollector <> - config: any: 0
176 [140654539695808] INFO perfrun.perfcollector <> - config: cmask: 0
176 [140654539695808] INFO perfrun.perfcollector <> - config: edge: 0
176 [140654539695808] INFO perfrun.perfcollector <> - config: event: b1
177 [140654539695808] INFO perfrun.perfcollector <> - config1: frontend: 0
177 [140654539695808] INFO perfrun.perfcollector <> - config: inv: 0
177 [140654539695808] INFO perfrun.perfcollector <> - config1: ldlat: 0
177 [140654539695808] INFO perfrun.perfcollector <> - config1: offcore_rsp: 0
178 [140654539695808] INFO perfrun.perfcollector <> - config: pc: 0
178 [140654539695808] INFO perfrun.perfcollector <> - config: umask: 1
178 [140654539695808] INFO perfrun.perfcollector <> - format: cpu/event=0xb1,umask=0x1,name='UOPS_EXECUTED.THREAD'/
178 [140654539695808] INFO perfrun.perfcollector <> - event: cpu/event=0x3c,name='CPU_CLK_UNHALTED.THREAD'/Duk, added for counting
178 [140654539695808] INFO perfrun.perfcollector <> - event: cpu/umask=0x3,name='CPU_CLK_UNHALTED.REF_TSC'/Duk, added for counting
179 [140654539695808] INFO perfrun.perfcollector <> - event: cpu/event=0xc0,name='INST_RETIRED.ANY'/Duk, added for counting
179 [140654539695808] INFO perfrun.perfcollector <> - event: cpu/event=0x3c,umask=0x1,name='CPU_CLK_UNHALTED.REF_XCLK'/uk, added for counting
179 [140654539695808] INFO perfrun.perfcollector <> - event: cpu/event=0x3c,umask=0x2,name='CPU_CLK_UNHALTED.ONE_THREAD_ACTIVE'/uk, added for counting
179 [140654539695808] INFO perfrun.perfcollector <> - event: cpu/event=0xc7,umask=0x2,name='FP_ARITH_INST_RETIRED.SCALAR_SINGLE'/uk, added for counting
179 [140654539695808] INFO perfrun.perfcollector <> - event: cpu/event=0xc7,umask=0x8,name='FP_ARITH_INST_RETIRED.128B_PACKED_SINGLE'/uk, added for counting
180 [140654539695808] INFO perfrun.perfcollector <> - event: cpu/event=0xc7,umask=0x20,name='FP_ARITH_INST_RETIRED.256B_PACKED_SINGLE'/uk, added for counting
180 [140654539695808] INFO perfrun.perfcollector <> - event: cpu/event=0xc7,umask=0x1,name='FP_ARITH_INST_RETIRED.SCALAR_DOUBLE'/uk, added for counting
180 [140654539695808] INFO perfrun.perfcollector <> - event: cpu/event=0xc7,umask=0x4,name='FP_ARITH_INST_RETIRED.128B_PACKED_DOUBLE'/uk, added for counting
180 [140654539695808] INFO perfrun.perfcollector <> - event: cpu/event=0xc7,umask=0x10,name='FP_ARITH_INST_RETIRED.256B_PACKED_DOUBLE'/uk, added for counting
181 [140654539695808] INFO perfrun.perfcollector <> - event: cpu/event=0xb1,umask=0x10,name='UOPS_EXECUTED.X87'/uk, added for counting
181 [140654539695808] INFO perfrun.perfcollector <> - event: cpu/event=0xc2,umask=0x2,name='UOPS_RETIRED.RETIRE_SLOTS'/uk, added for counting
181 [140654539695808] INFO perfrun.perfcollector <> - event: cpu/event=0xb1,umask=0x1,name='UOPS_EXECUTED.THREAD'/uk, added for counting
181 [140654539695808] INFO perfrun.perfcollector <> - attaching to pid: 4294967295, m_mode: 10, mode: 3
182 [140654531303104] INFO perfrun.perfcollector <> - Perf stat trace pipe capacity: read = 1048576, write = 1048576
182 [140654522910400] INFO perfrun.sdk <> - Reading value (0-7) from file: /sys/devices/system/cpu/cpu0/topology/core_siblings_list
182 [140654522910400] INFO perfrun.sdk <> - Reading value (0-1) from file: /sys/devices/system/cpu/cpu0/topology/thread_siblings_list
183 [140654522910400] INFO perfrun.sdk <> - Reading value (0-7) from file: /sys/devices/system/cpu/cpu1/topology/core_siblings_list
183 [140654522910400] INFO perfrun.sdk <> - Reading value (0-1) from file: /sys/devices/system/cpu/cpu1/topology/thread_siblings_list
183 [140654522910400] INFO perfrun.sdk <> - Reading value (0-7) from file: /sys/devices/system/cpu/cpu2/topology/core_siblings_list
183 [140654522910400] INFO perfrun.sdk <> - Reading value (2-3) from file: /sys/devices/system/cpu/cpu2/topology/thread_siblings_list
184 [140654522910400] INFO perfrun.sdk <> - Reading value (0-7) from file: /sys/devices/system/cpu/cpu3/topology/core_siblings_list
184 [140654522910400] INFO perfrun.sdk <> - Reading value (2-3) from file: /sys/devices/system/cpu/cpu3/topology/thread_siblings_list
184 [140654522910400] INFO perfrun.sdk <> - Reading value (0-7) from file: /sys/devices/system/cpu/cpu4/topology/core_siblings_list
184 [140654522910400] INFO perfrun.sdk <> - Reading value (4-5) from file: /sys/devices/system/cpu/cpu4/topology/thread_siblings_list
185 [140654522910400] INFO perfrun.sdk <> - Reading value (0-7) from file: /sys/devices/system/cpu/cpu5/topology/core_siblings_list
185 [140654522910400] INFO perfrun.sdk <> - Reading value (4-5) from file: /sys/devices/system/cpu/cpu5/topology/thread_siblings_list
185 [140654522910400] INFO perfrun.sdk <> - Reading value (0-7) from file: /sys/devices/system/cpu/cpu6/topology/core_siblings_list
185 [140654522910400] INFO perfrun.sdk <> - Reading value (6-7) from file: /sys/devices/system/cpu/cpu6/topology/thread_siblings_list
186 [140654522910400] INFO perfrun.sdk <> - Reading value (0-7) from file: /sys/devices/system/cpu/cpu7/topology/core_siblings_list
186 [140654522910400] INFO perfrun.sdk <> - Reading value (6-7) from file: /sys/devices/system/cpu/cpu7/topology/thread_siblings_list
186 [140654522910400] ERROR perfrun.sdk <> - boost::filesystem::exists(filename) 'gh2::error::IsNot.Valid.File(filename):/sys/bus/event_source/devices/cpu_core/cpus'
_sdks/release_posix-x86_64_icx_2023.0.0_gnutools_9.2_binutils_2.28/perfrun_1.36.3/include/perfrun1/sdk/utils.hpp(777): gh2::error_code_t runtool::sdk::loadFileValue(RetType &, const cpil2::uchar_t *) [RetType = std::basic_string<char>]
, at file: _sdks/release_posix-x86_64_icx_2023.0.0_gnutools_9.2_binutils_2.28/perfrun_1.36.3/include/perfrun1/sdk/utils.hpp:777
186 [140654522910400] ERROR perfrun.sdk <> - boost::filesystem::exists(filename) 'gh2::error::IsNot.Valid.File(filename):/sys/bus/event_source/devices/cpu_atom/cpus'
_sdks/release_posix-x86_64_icx_2023.0.0_gnutools_9.2_binutils_2.28/perfrun_1.36.3/include/perfrun1/sdk/utils.hpp(777): gh2::error_code_t runtool::sdk::loadFileValue(RetType &, const cpil2::uchar_t *) [RetType = std::basic_string<char>]
, at file: _sdks/release_posix-x86_64_icx_2023.0.0_gnutools_9.2_binutils_2.28/perfrun_1.36.3/include/perfrun1/sdk/utils.hpp:777
187 [140654531303104] INFO perfrun.sdk <> - runCmd: /opt/intel/oneapi/vtune/2025.3/bin64/amplxe-perf stat -v --log-fd 10 --scale -x ; -e cpu/event=0x3c,name='CPU_CLK_UNHALTED.THREAD'/Duk,cpu/umask=0x3,name='CPU_CLK_UNHALTED.REF_TSC'/Duk,cpu/event=0xc0,name='INST_RETIRED.ANY'/Duk,cpu/event=0x3c,umask=0x1,name='CPU_CLK_UNHALTED.REF_XCLK'/uk,cpu/event=0x3c,umask=0x2,name='CPU_CLK_UNHALTED.ONE_THREAD_ACTIVE'/uk,cpu/event=0xc7,umask=0x2,name='FP_ARITH_INST_RETIRED.SCALAR_SINGLE'/uk,cpu/event=0xc7,umask=0x8,name='FP_ARITH_INST_RETIRED.128B_PACKED_SINGLE'/uk,cpu/event=0xc7,umask=0x20,name='FP_ARITH_INST_RETIRED.256B_PACKED_SINGLE'/uk,cpu/event=0xc7,umask=0x1,name='FP_ARITH_INST_RETIRED.SCALAR_DOUBLE'/uk,cpu/event=0xc7,umask=0x4,name='FP_ARITH_INST_RETIRED.128B_PACKED_DOUBLE'/uk,cpu/event=0xc7,umask=0x10,name='FP_ARITH_INST_RETIRED.256B_PACKED_DOUBLE'/uk,cpu/event=0xb1,umask=0x10,name='UOPS_EXECUTED.X87'/uk,cpu/event=0xc2,umask=0x2,name='UOPS_RETIRED.RETIRE_SLOTS'/uk,cpu/event=0xb1,umask=0x1,name='UOPS_EXECUTED.THREAD'/uk /opt/intel/oneapi/vtune/2025.3/bin64/amplxe-perf-sync dryrun tsc
188 [140654531303104] INFO perfrun.sdk <> - runCmd started PID 9231
205 [140654531303104] INFO perfrun.perfcollector <> - Monitor: runCmd RC = true
206 [140654539695808] INFO perfrun.launcher <> - plugin [aoclprofile] was disabled because it doesn't support the given collection type.
206 [140654539695808] INFO perfrun.tpss <> - initialize tpss controller
206 [140654539695808] INFO perfrun.tpss <> - configure collection mode: value = cpu:counters:nostack
207 [140654539695808] INFO perfrun.tpss <> - configure collection mode: value = cpu:stack
207 [140654539695808] INFO perfrun.tpss <> - default obj-size-min=1024
207 [140654539695808] INFO perfrun.tpss <> - default hash-table-size=0
207 [140654539695808] INFO perfrun.launcher <> - plugin [media] was disabled because it doesn't support the given collection type.
207 [140654539695808] INFO perfrun.launcher <> - plugin [] was disabled because it doesn't support the given collection type.
209 [140654539695808] INFO perfrun.launcher <> - plugin [] was disabled because it doesn't support the given collection type.
209 [140654539695808] INFO perfrun.launcher <> - plugin [parallelfs] was disabled because it doesn't support the given collection type.
209 [140654539695808] INFO perfrun.launcher <> - plugin [power] was disabled because it doesn't support the given collection type.
209 [140654539695808] INFO perfrun.launcher <> - plugin [] was disabled because it doesn't support the given collection type.
209 [140654539695808] INFO perfrun.launcher <> - plugin [] was disabled because it doesn't support the given collection type.
210 [140654539695808] INFO perfrun.launcher <> - plugin [] was disabled because it doesn't support the given collection type.
211 [140654539695808] INFO perfrun.launcher <> - plugin [l0_metrics] was disabled because it doesn't support the given collection type.
211 [140654539695808] INFO perfrun.launcher <> - plugin [stall_reasons] was disabled because it doesn't support the given collection type.
211 [140654688595072] INFO perfrun.launcher <> - set environment variable: LD_LIBRARY_PATH = /opt/intel/oneapi/vtune/2025.3/lib32/runtime:/opt/intel/oneapi/vtune/2025.3/lib64/runtime:/opt/intel/oneapi/tcm/1.3/lib:/opt/intel/oneapi/umf/0.10/lib:/opt/intel/oneapi/tbb/2022.1/env/../lib/intel64/gcc4.8:/opt/intel/oneapi/pti/0.12/lib:/opt/intel/oneapi/mkl/2025.1/lib:/opt/intel/oneapi/ipp/2022.1/lib:/opt/intel/oneapi/compiler/2025.1/opt/compiler/lib:/opt/intel/oneapi/compiler/2025.1/lib
212 [140654688595072] INFO perfrun.launcher <> - set environment variable: INTEL_LIBITTNOTIFY32 = /opt/intel/oneapi/vtune/2025.3/lib32/runtime/libittnotify_collector.so
212 [140654688595072] INFO perfrun.launcher <> - set environment variable: INTEL_LIBITTNOTIFY64 = /opt/intel/oneapi/vtune/2025.3/lib64/runtime/libittnotify_collector.so
213 [140654688595072] INFO perfrun.launcher <> - set environment variable: INTEL_ITTNOTIFY_GROUPS = 
213 [140654688595072] INFO perfrun.launcher <> - set environment variable: INTEL_JIT_PROFILER32 = /opt/intel/oneapi/vtune/2025.3/lib32/runtime/libittnotify_collector.so
214 [140654688595072] INFO perfrun.launcher <> - set environment variable: INTEL_JIT_PROFILER64 = /opt/intel/oneapi/vtune/2025.3/lib64/runtime/libittnotify_collector.so
214 [140654688595072] INFO perfrun.launcher <> - set environment variable: CCL_ITT_LEVEL = 1
214 [140654688595072] INFO perfrun.launcher <> - set environment variable: ENABLE_JITPROFILING = 1
215 [140654688595072] INFO perfrun.launcher <> - set environment variable: CL_CONFIG_USE_VTUNE = True
215 [140654688595072] INFO perfrun.launcher <> - set environment variable: LD_PRELOAD = libittnotify_collector.so:
216 [140654688595072] INFO perfrun.launcher <> - set environment variable: KMP_FORKJOIN_FRAMES = 0
217 [140654688595072] INFO perfrun.launcher <> - set environment variable: KMP_FORKJOIN_FRAMES_MODE = 0
218 [140654688595072] INFO perfrun.launcher <> - set environment variable: INTEL_MRTE_DATA_DIR = /tmp/amplxe-tmp-azfar/amplxe-res-9212-26136125923160/data.0
218 [140654688595072] INFO perfrun.launcher <> - set environment variable: INTEL_MRTE_HOST_NAME = DESKTOP-GRRJ2VV
219 [140654688595072] INFO perfrun.launcher <> - set environment variable: JAVA_TOOL_OPTIONS = -agentlib:amplxe_samplingmrte_javaprof_1.0 -Dsun.boot.library.path=/opt/intel/oneapi/vtune/2025.3/lib32/runtime:/opt/intel/oneapi/vtune/2025.3/lib64/runtime
219 [140654688595072] INFO perfrun.launcher <> - set environment variable: LD_LIBRARY_PATH = /opt/intel/oneapi/vtune/2025.3/lib32/runtime:/opt/intel/oneapi/vtune/2025.3/lib64/runtime:/opt/intel/oneapi/tcm/1.3/lib:/opt/intel/oneapi/umf/0.10/lib:/opt/intel/oneapi/tbb/2022.1/env/../lib/intel64/gcc4.8:/opt/intel/oneapi/pti/0.12/lib:/opt/intel/oneapi/mkl/2025.1/lib:/opt/intel/oneapi/ipp/2022.1/lib:/opt/intel/oneapi/compiler/2025.1/opt/compiler/lib:/opt/intel/oneapi/compiler/2025.1/lib
220 [140654688595072] INFO perfrun.launcher <> - set environment variable: CORECLR_ENABLE_PROFILING = 1
220 [140654688595072] INFO perfrun.launcher <> - set environment variable: CORECLR_PROFILER = {AA5E4821-E3B1-479c-B7FF-5AD047D22CED}
220 [140654688595072] INFO perfrun.launcher <> - set environment variable: CORECLR_PROFILER_PATH = /opt/intel/oneapi/vtune/2025.3/lib64/libamplxe_samplingmrte_clrprof_1.0.so
221 [140654688595072] INFO perfrun.launcher <> - set environment variable: INTEL_MRTE_PROFILER_MODE = mixed
221 [140654688595072] INFO perfrun.launcher <> - RpcServer: run RPC server to handle requests
225 [140654688595072] INFO perfrun.launcher <> - Launcher: command line to start before modification = ./test1 changes.txt 0
226 [140654688595072] INFO perfrun.launcher <> - Launcher: command line to start after modification = /opt/intel/oneapi/vtune/2025.3/bin64/pin -error_file /tmp/amplxe-tmp-azfar/amplxe-res-9212-26136125923160/data.0/pinerr.tpsslog -detach_reattach -follow_execv -tool_load_option deepbind -t64 /opt/intel/oneapi/vtune/2025.3/lib64/libtpsstool.so -t /opt/intel/oneapi/vtune/2025.3/lib32/libtpsstool.so -server_name tpss_ipc.9212 -prd_dir /opt/intel/oneapi/vtune/2025.3 -- ./test1 changes.txt 0
430 [140654688595072] INFO perfrun.launcher <> - ProcessCreator object was created
430 [140654688595072] INFO perfrun.launcher <> - Launcher: the process was started in suspend mode
431 [140654539695808] WARN perfrun.system <> - Could not do anything with /sys/kernel/debug/kvm: boost::filesystem::status: Permission denied [system:13]: "/sys/kernel/debug/kvm", at file: vcs/perfrun1/plugins/system/src/trace_writer.cpp:787
431 [140654539695808] WARN perfrun.system <> - Folder "/var/run/libvirt/qemu/"doesn't exist, at file: vcs/perfrun1/plugins/system/src/trace_writer.cpp:800
432 [140654539695808] INFO perfrun.itt <> - start itt controller for pid #9256
432 [140654539695808] INFO perfrun.perfcollector <> - attaching to pid: 9256, m_mode: 10, mode: 11
432 [140654506124992] INFO perfrun.perfcollector <> - Perf stat trace pipe capacity: read = 1048576, write = 1048576
433 [140654531303104] INFO perfrun.sdk <> - Reading value (0-7) from file: /sys/devices/system/cpu/cpu0/topology/core_siblings_list
433 [140654531303104] INFO perfrun.sdk <> - Reading value (0-1) from file: /sys/devices/system/cpu/cpu0/topology/thread_siblings_list
433 [140654531303104] INFO perfrun.sdk <> - Reading value (0-7) from file: /sys/devices/system/cpu/cpu1/topology/core_siblings_list
433 [140654531303104] INFO perfrun.sdk <> - Reading value (0-1) from file: /sys/devices/system/cpu/cpu1/topology/thread_siblings_list
433 [140654531303104] INFO perfrun.sdk <> - Reading value (0-7) from file: /sys/devices/system/cpu/cpu2/topology/core_siblings_list
434 [140654531303104] INFO perfrun.sdk <> - Reading value (2-3) from file: /sys/devices/system/cpu/cpu2/topology/thread_siblings_list
434 [140654531303104] INFO perfrun.sdk <> - Reading value (0-7) from file: /sys/devices/system/cpu/cpu3/topology/core_siblings_list
434 [140654531303104] INFO perfrun.sdk <> - Reading value (2-3) from file: /sys/devices/system/cpu/cpu3/topology/thread_siblings_list
434 [140654531303104] INFO perfrun.sdk <> - Reading value (0-7) from file: /sys/devices/system/cpu/cpu4/topology/core_siblings_list
434 [140654531303104] INFO perfrun.sdk <> - Reading value (4-5) from file: /sys/devices/system/cpu/cpu4/topology/thread_siblings_list
434 [140654531303104] INFO perfrun.sdk <> - Reading value (0-7) from file: /sys/devices/system/cpu/cpu5/topology/core_siblings_list
434 [140654531303104] INFO perfrun.sdk <> - Reading value (4-5) from file: /sys/devices/system/cpu/cpu5/topology/thread_siblings_list
434 [140654531303104] INFO perfrun.sdk <> - Reading value (0-7) from file: /sys/devices/system/cpu/cpu6/topology/core_siblings_list
435 [140654531303104] INFO perfrun.sdk <> - Reading value (6-7) from file: /sys/devices/system/cpu/cpu6/topology/thread_siblings_list
435 [140654531303104] INFO perfrun.sdk <> - Reading value (0-7) from file: /sys/devices/system/cpu/cpu7/topology/core_siblings_list
435 [140654531303104] INFO perfrun.sdk <> - Reading value (6-7) from file: /sys/devices/system/cpu/cpu7/topology/thread_siblings_list
435 [140654531303104] ERROR perfrun.sdk <> - boost::filesystem::exists(filename) 'gh2::error::IsNot.Valid.File(filename):/sys/bus/event_source/devices/cpu_core/cpus'
_sdks/release_posix-x86_64_icx_2023.0.0_gnutools_9.2_binutils_2.28/perfrun_1.36.3/include/perfrun1/sdk/utils.hpp(777): gh2::error_code_t runtool::sdk::loadFileValue(RetType &, const cpil2::uchar_t *) [RetType = std::basic_string<char>]
, at file: _sdks/release_posix-x86_64_icx_2023.0.0_gnutools_9.2_binutils_2.28/perfrun_1.36.3/include/perfrun1/sdk/utils.hpp:777
435 [140654531303104] ERROR perfrun.sdk <> - boost::filesystem::exists(filename) 'gh2::error::IsNot.Valid.File(filename):/sys/bus/event_source/devices/cpu_atom/cpus'
_sdks/release_posix-x86_64_icx_2023.0.0_gnutools_9.2_binutils_2.28/perfrun_1.36.3/include/perfrun1/sdk/utils.hpp(777): gh2::error_code_t runtool::sdk::loadFileValue(RetType &, const cpil2::uchar_t *) [RetType = std::basic_string<char>]
, at file: _sdks/release_posix-x86_64_icx_2023.0.0_gnutools_9.2_binutils_2.28/perfrun_1.36.3/include/perfrun1/sdk/utils.hpp:777
435 [140654506124992] INFO perfrun.sdk <> - runCmd: /opt/intel/oneapi/vtune/2025.3/bin64/amplxe-perf stat -v --log-fd 21 --control=fd:22,25 --scale -x ; -p 9256 -e cpu/event=0x3c,name='CPU_CLK_UNHALTED.THREAD'/Duk,cpu/umask=0x3,name='CPU_CLK_UNHALTED.REF_TSC'/Duk,cpu/event=0xc0,name='INST_RETIRED.ANY'/Duk,cpu/event=0x3c,umask=0x1,name='CPU_CLK_UNHALTED.REF_XCLK'/uk,cpu/event=0x3c,umask=0x2,name='CPU_CLK_UNHALTED.ONE_THREAD_ACTIVE'/uk,cpu/event=0xc7,umask=0x2,name='FP_ARITH_INST_RETIRED.SCALAR_SINGLE'/uk,cpu/event=0xc7,umask=0x8,name='FP_ARITH_INST_RETIRED.128B_PACKED_SINGLE'/uk,cpu/event=0xc7,umask=0x20,name='FP_ARITH_INST_RETIRED.256B_PACKED_SINGLE'/uk,cpu/event=0xc7,umask=0x1,name='FP_ARITH_INST_RETIRED.SCALAR_DOUBLE'/uk,cpu/event=0xc7,umask=0x4,name='FP_ARITH_INST_RETIRED.128B_PACKED_DOUBLE'/uk,cpu/event=0xc7,umask=0x10,name='FP_ARITH_INST_RETIRED.256B_PACKED_DOUBLE'/uk,cpu/event=0xb1,umask=0x10,name='UOPS_EXECUTED.X87'/uk,cpu/event=0xc2,umask=0x2,name='UOPS_RETIRED.RETIRE_SLOTS'/uk,cpu/event=0xb1,umask=0x1,name='UOPS_EXECUTED.THREAD'/uk /opt/intel/oneapi/vtune/2025.3/bin64/amplxe-perf-sync sync tsc
436 [140654506124992] INFO perfrun.sdk <> - runCmd started PID 9260
447 [140654539695808] INFO perfrun.tpss <> - start tpss controller for pid #9256
498 [140654688595072] INFO perfrun.launcher <> - Launcher: all plugins were started
498 [140654688595072] INFO perfrun.launcher <> - DirectoryMonitor object was created
499 [140654688595072] INFO perfrun.launcher <> - DirectoryMonitor: a callback was added
499 [140654688595072] INFO perfrun.launcher <> - DirectoryMonitor was started with pingTime = 1000
499 [140654688595072] INFO perfrun.launcher <> - DeadlineTimer is going to be constructed
500 [140654688595072] INFO perfrun.launcher <> - DeadlineTimer: a callback was added
503 [140654688595072] INFO perfrun.launcher <> - Launcher: resume the profiled application and  wait its termination or stop command
7422 [140654688595072] INFO perfrun.launcher <> - Launcher: the profiled application was terminated  with exit code = 0
7429 [140654539695808] INFO perfrun.itt <> - detach itt controller
7430 [140654539695808] INFO perfrun.itt <> - detach itt controller done
7431 [140654506124992] INFO perfrun.perfcollector <> - Monitor: runCmd RC = true
7432 [140654539695808] INFO perfrun.perfcollector <> - Monitor: state = 3, error = 1
7432 [140654539695808] INFO perfrun.tpss <> - stop tpss controller
7433 [140654539695808] INFO perfrun.sdk <> - De-allocating TMU: /tmp/amplxe-tmp-azfar/amplxe-res-9212-26136125923160/data.0/systemcollector-9212-DESKTOP-GRRJ2VV.sc
7433 [140654539695808] INFO perfrun.system <> - closed the system trace file: /tmp/amplxe-tmp-azfar/amplxe-res-9212-26136125923160/data.0/systemcollector-9212-DESKTOP-GRRJ2VV.sc
7434 [140654688595072] INFO perfrun.launcher <> - Launcher: all plugins were stopped.
7434 [140654688595072] INFO perfrun.launcher <> - DeadlineTimer is going to be destroyed
7435 [140654688595072] INFO perfrun.launcher <> - DeadlineTimer was destroyed
7435 [140654688595072] INFO perfrun.launcher <> - DirectoryMonitor object was destroyed
7436 [140654688595072] WARN perfrun.launcher <> - Stop command is ignored because it is received when collection is already stopped, at file: vcs/perfrun1/launcher/src/command_handler.cpp:226
7970 [140654688595072] INFO perfrun.launcher <> - Application exit code: 0
7971 [140654688595072] INFO perfrun.launcher <> - Exit code: 0
