4 [140531442432320] INFO perfrun.launcher <> - Launcher main begin
5 [140531442432320] INFO perfrun.launcher <> - MessageCatalogInit finished
6 [140531442432320] INFO perfrun.launcher <> - Launcher instance created
6 [140531442432320] INFO perfrun.launcher <> - argc = 6; cmdline = /opt/intel/oneapi/vtune/2025.3/bin64/amplxe-runss -dump-vdso -r /tmp/amplxe-tmp-azfar/amplxe-res-9208-26136080823331 --tmp-dir /tmp/amplxe-tmp-azfar 
40 [140531442432320] INFO perfrun.perfcollector <> - SEP tool path: /opt/intel/oneapi/vtune/2025.3/bin64/sep
57 [140531442432320] INFO perfrun.launcher <> - create msngr2::ICliToolContext
58 [140531442432320] INFO perfrun.launcher <> - create file finder object
61 [140531281684160] INFO perfrun.launcher <> - plugin [remoteplug] was disabled because it doesn't support the given collection type.
61 [140531281684160] INFO perfrun.launcher <> - plugin [system] was disabled because it doesn't support the given collection type.
61 [140531281684160] INFO perfrun.vdso <> - dumping [vdso] pseudomodule
62 [140531281684160] INFO perfrun.launcher <> - plugin [itt] was disabled because it doesn't support the given collection type.
63 [140531281684160] INFO perfrun.launcher <> - plugin [ptracecollector] was disabled because it doesn't support the given collection type.
63 [140531281684160] INFO perfrun.launcher <> - plugin [gpu] was disabled because it doesn't support the given collection type.
63 [140531281684160] INFO perfrun.launcher <> - plugin [] was disabled because it doesn't support the given collection type.
63 [140531281684160] INFO perfrun.launcher <> - plugin [] was disabled because it doesn't support the given collection type.
63 [140531281684160] INFO perfrun.launcher <> - plugin [] was disabled because it doesn't support the given collection type.
63 [140531281684160] INFO perfrun.launcher <> - plugin [mrte] was disabled because it doesn't support the given collection type.
64 [140531281684160] INFO perfrun.launcher <> - plugin [emon] was disabled because it doesn't support the given collection type.
64 [140531281684160] INFO perfrun.launcher <> - plugin [cuscol] was disabled because it doesn't support the given collection type.
64 [140531281684160] INFO perfrun.launcher <> - plugin [stdsrc] was disabled because it doesn't support the given collection type.
64 [140531281684160] INFO perfrun.launcher <> - plugin [sep] was disabled because it doesn't support the given collection type.
64 [140531281684160] INFO perfrun.launcher <> - plugin [vtsspp] was disabled because it doesn't support the given collection type.
64 [140531281684160] INFO perfrun.launcher <> - plugin [perf] was disabled because it doesn't support the given collection type.
64 [140531281684160] INFO perfrun.launcher <> - plugin [aoclprofile] was disabled because it doesn't support the given collection type.
65 [140531281684160] INFO perfrun.launcher <> - plugin [tpss] was disabled because it doesn't support the given collection type.
65 [140531281684160] INFO perfrun.launcher <> - plugin [media] was disabled because it doesn't support the given collection type.
65 [140531281684160] INFO perfrun.launcher <> - plugin [] was disabled because it doesn't support the given collection type.
65 [140531281684160] INFO perfrun.launcher <> - plugin [] was disabled because it doesn't support the given collection type.
65 [140531281684160] INFO perfrun.launcher <> - plugin [parallelfs] was disabled because it doesn't support the given collection type.
65 [140531281684160] INFO perfrun.launcher <> - plugin [power] was disabled because it doesn't support the given collection type.
66 [140531281684160] INFO perfrun.launcher <> - plugin [] was disabled because it doesn't support the given collection type.
66 [140531281684160] INFO perfrun.launcher <> - plugin [] was disabled because it doesn't support the given collection type.
66 [140531281684160] INFO perfrun.launcher <> - plugin [] was disabled because it doesn't support the given collection type.
66 [140531281684160] INFO perfrun.launcher <> - plugin [l0_metrics] was disabled because it doesn't support the given collection type.
66 [140531281684160] INFO perfrun.launcher <> - plugin [stall_reasons] was disabled because it doesn't support the given collection type.
66 [140531442432320] INFO perfrun.launcher <> - Application exit code: 0
67 [140531442432320] INFO perfrun.launcher <> - Exit code: 0
