
8791 : 0x1784ec1c7c97 : 3 : logger_init :  LOG FILE OPENED (by collectunits.logger), level: 4
8791 : 0x1784f23792a5 : 4 : pytrace_try_probe_python_functions :  Python version is detected as == 0x0
8791 : 0x1784f2d11c2d : 4 : pytrace_try_probe_python_functions :  Python version is detected as == 0x0
8791 : 0x1784f46fd968 : 4 : pytrace_try_probe_python_functions :  Python version is detected as == 0x0
8791 : 0x1784f4a26dac : 4 : pytrace_try_probe_python_functions :  Python version is detected as == 0x0
8791 : 0x1784f572d5ce : 4 : pytrace_try_probe_python_functions :  Python version is detected as == 0x0
8791 : 0x17850f04d710 : 4 : pytrace_try_probe_python_functions :  Python version is detected as == 0x0
8791 : 0x17850f989862 : 4 : pytrace_try_probe_python_functions :  Python version is detected as == 0x0
8791 : 0x17850fd95b60 : 4 : pytrace_try_probe_python_functions :  Python version is detected as == 0x0
8791 : 0x1785155c0cf7 : 4 : pytrace_try_probe_python_functions :  Python version is detected as == 0x0
8791 : 0x17851589742f : 4 : pytrace_try_probe_python_functions :  Python version is detected as == 0x0
8791 : 0x17851594e3db : 4 : pytrace_try_probe_python_functions :  Python version is detected as == 0x0
8791 : 0x178515f68db5 : 4 : pytrace_try_probe_python_functions :  Python version is detected as == 0x0
8791 : 0x178516644819 : 4 : pytrace_try_probe_python_functions :  Python version is detected as == 0x0
8791 : 0x178516bcff3f : 4 : pytrace_try_probe_python_functions :  Python version is detected as == 0x0
8791 : 0x17851a07dbed : 4 : pytrace_try_probe_python_functions :  Python version is detected as == 0x0
8791 : 0x17851a3b8f47 : 4 : pytrace_try_probe_python_functions :  Python version is detected as == 0x0
8791 : 0x17851a47ca81 : 4 : pytrace_try_probe_python_functions :  Python version is detected as == 0x0
8791 : 0x17851a5ce913 : 4 : pytrace_try_probe_python_functions :  Python version is detected as == 0x0
8791 : 0x17851a9f1697 : 4 : pytrace_start_profiling :  [CALLED]
8791 : 0x17851af895a9 : 4 : pytrace_try_probe_python_functions :  Python version is detected as == 0x0
8791 : 0x17851b05669b : 4 : pytrace_try_probe_python_functions :  Python version is detected as == 0x0
8791 : 0x17851b16b5f7 : 4 : pytrace_try_probe_python_functions :  Python version is detected as == 0x0
8791 : 0x17851b30ce71 : 4 : pytrace_try_probe_python_functions :  Python version is detected as == 0x0
8791 : 0x17851b674135 : 4 : pytrace_try_probe_python_functions :  Python version is detected as == 0x0
8791 : 0x17851b7ea74b : 4 : pytrace_try_probe_python_functions :  Python version is detected as == 0x0
8791 : 0x17851b9a7fe7 : 4 : pytrace_try_probe_python_functions :  Python version is detected as == 0x0
8791 : 0x17851ba6c953 : 4 : pytrace_try_probe_python_functions :  Python version is detected as == 0x0
8791 : 0x17851bb2d329 : 4 : pytrace_try_probe_python_functions :  Python version is detected as == 0x0
8791 : 0x17851bbf4deb : 4 : pytrace_try_probe_python_functions :  Python version is detected as == 0x0
8791 : 0x17851bcea603 : 4 : pytrace_try_probe_python_functions :  Python version is detected as == 0x0
8791 : 0x17851bdeeb91 : 4 : pytrace_try_probe_python_functions :  Python version is detected as == 0x0
8791 : 0x17851bfcf8e9 : 4 : pytrace_try_probe_python_functions :  Python version is detected as == 0x0
8791 : 0x17851c1ac31f : 4 : pytrace_try_probe_python_functions :  Python version is detected as == 0x0
8791 : 0x17851cc2020d : 4 : pytrace_try_probe_python_functions :  Python version is detected as == 0x0
8791 : 0x17851cd3ea41 : 4 : pytrace_try_probe_python_functions :  Python version is detected as == 0x0
8791 : 0x17851d135653 : 4 : pytrace_try_probe_python_functions :  Python version is detected as == 0x0
8791 : 0x17852281f78f : 4 : pytrace_try_probe_python_functions :  Python version is detected as == 0x0
8791 : 0x178522986b39 : 4 : pytrace_try_probe_python_functions :  Python version is detected as == 0x0
8791 : 0x178522ad42d3 : 4 : pytrace_try_probe_python_functions :  Python version is detected as == 0x0
8791 : 0x178522c26be1 : 4 : pytrace_try_probe_python_functions :  Python version is detected as == 0x0
8791 : 0x178522d7107d : 4 : pytrace_try_probe_python_functions :  Python version is detected as == 0x0
8791 : 0x17852306db59 : 4 : pytrace_try_probe_python_functions :  Python version is detected as == 0x0
8791 : 0x1785231c9f03 : 4 : pytrace_try_probe_python_functions :  Python version is detected as == 0x0
8791 : 0x1785233204d1 : 4 : pytrace_try_probe_python_functions :  Python version is detected as == 0x0
8791 : 0x17852347101f : 4 : pytrace_try_probe_python_functions :  Python version is detected as == 0x0
8791 : 0x178523b8fd5f : 4 : pytrace_try_probe_python_functions :  Python version is detected as == 0x0
8791 : 0x178523d16869 : 4 : pytrace_try_probe_python_functions :  Python version is detected as == 0x0
8791 : 0x178523e5fa93 : 4 : pytrace_try_probe_python_functions :  Python version is detected as == 0x0
8791 : 0x1785240480b9 : 4 : pytrace_try_probe_python_functions :  Python version is detected as == 0x0
8791 : 0x1785242327ab : 4 : pytrace_try_probe_python_functions :  Python version is detected as == 0x0
8791 : 0x1785244d01d9 : 4 : pytrace_try_probe_python_functions :  Python version is detected as == 0x0
8791 : 0x17852461dd0b : 4 : pytrace_try_probe_python_functions :  Python version is detected as == 0x0
8791 : 0x1785247a4e11 : 4 : pytrace_try_probe_python_functions :  Python version is detected as == 0x0
8791 : 0x1785248ad32b : 4 : pytrace_try_probe_python_functions :  Python version is detected as == 0x0
8791 : 0x1785249fd8f3 : 4 : pytrace_try_probe_python_functions :  Python version is detected as == 0x0
8791 : 0x178524d40473 : 4 : pytrace_try_probe_python_functions :  Python version is detected as == 0x0
8791 : 0x178524ec93e7 : 4 : pytrace_try_probe_python_functions :  Python version is detected as == 0x0
8791 : 0x178524fde6d9 : 4 : pytrace_try_probe_python_functions :  Python version is detected as == 0x0
8791 : 0x1785251a9015 : 4 : pytrace_try_probe_python_functions :  Python version is detected as == 0x0
8791 : 0x17852537d227 : 4 : pytrace_try_probe_python_functions :  Python version is detected as == 0x0
8791 : 0x1785255703f7 : 4 : pytrace_try_probe_python_functions :  Python version is detected as == 0x0
8791 : 0x178525ab7117 : 4 : pytrace_try_probe_python_functions :  Python version is detected as == 0x0
8791 : 0x178525c0a9dd : 4 : pytrace_try_probe_python_functions :  Python version is detected as == 0x0
8791 : 0x178525cfa41b : 4 : pytrace_try_probe_python_functions :  Python version is detected as == 0x0
8791 : 0x17853376f93e : 4 : pytrace_try_probe_python_functions :  Python version is detected as == 0x0
8791 : 0x1785339e3752 : 4 : pytrace_try_probe_python_functions :  Python version is detected as == 0x0
8791 : 0x178533bb334c : 4 : pytrace_try_probe_python_functions :  Python version is detected as == 0x0
8791 : 0x17854184ac14 : 4 : pytrace_try_probe_python_functions :  Python version is detected as == 0x0
8791 : 0x178541969a04 : 4 : pytrace_try_probe_python_functions :  Python version is detected as == 0x0
8791 : 0x178541acacb6 : 4 : pytrace_try_probe_python_functions :  Python version is detected as == 0x0
8791 : 0x178541c2d818 : 4 : pytrace_try_probe_python_functions :  Python version is detected as == 0x0
8791 : 0x178541d7e8ba : 4 : pytrace_try_probe_python_functions :  Python version is detected as == 0x0
8791 : 0x178541ee49f4 : 4 : pytrace_try_probe_python_functions :  Python version is detected as == 0x0
8791 : 0x178542033026 : 4 : pytrace_try_probe_python_functions :  Python version is detected as == 0x0
8791 : 0x1785420e6374 : 4 : pytrace_try_probe_python_functions :  Python version is detected as == 0x0
8791 : 0x17854229e30a : 4 : pytrace_try_probe_python_functions :  Python version is detected as == 0x0
8791 : 0x1785423caa5a : 4 : pytrace_try_probe_python_functions :  Python version is detected as == 0x0
8791 : 0x1785424e7204 : 4 : pytrace_try_probe_python_functions :  Python version is detected as == 0x0
8791 : 0x1785427132fa : 4 : pytrace_try_probe_python_functions :  Python version is detected as == 0x0
8791 : 0x178542866bb4 : 4 : pytrace_try_probe_python_functions :  Python version is detected as == 0x0
8791 : 0x1785429bf2ca : 4 : pytrace_try_probe_python_functions :  Python version is detected as == 0x0
8791 : 0x178910cf32e8 : 4 : pytrace_stop_profiling :  [CALLED]
8791 : 0x178910cfc4e2 : 3 : logger_fini :  LOG FILE CLOSED (by collectunits.logger)