
8421 : 0x175955a06471 : 3 : logger_init :  LOG FILE OPENED (by collectunits.logger), level: 4
8421 : 0x17595b814684 : 4 : pytrace_try_probe_python_functions :  Python version is detected as == 0x0
8421 : 0x17595be7f953 : 4 : pytrace_try_probe_python_functions :  Python version is detected as == 0x0
8421 : 0x17595d3e6c69 : 4 : pytrace_try_probe_python_functions :  Python version is detected as == 0x0
8421 : 0x17595d6b0be5 : 4 : pytrace_try_probe_python_functions :  Python version is detected as == 0x0
8421 : 0x17595e2768a5 : 4 : pytrace_try_probe_python_functions :  Python version is detected as == 0x0
8421 : 0x17597c136b77 : 4 : pytrace_try_probe_python_functions :  Python version is detected as == 0x0
8421 : 0x17597c9b88a3 : 4 : pytrace_try_probe_python_functions :  Python version is detected as == 0x0
8421 : 0x17597cd4e17f : 4 : pytrace_try_probe_python_functions :  Python version is detected as == 0x0
8421 : 0x175986208c40 : 4 : pytrace_try_probe_python_functions :  Python version is detected as == 0x0
8421 : 0x175986883654 : 4 : pytrace_try_probe_python_functions :  Python version is detected as == 0x0
8421 : 0x175986990030 : 4 : pytrace_try_probe_python_functions :  Python version is detected as == 0x0
8421 : 0x175987224d12 : 4 : pytrace_try_probe_python_functions :  Python version is detected as == 0x0
8421 : 0x175987c38584 : 4 : pytrace_try_probe_python_functions :  Python version is detected as == 0x0
8421 : 0x175988527ed2 : 4 : pytrace_try_probe_python_functions :  Python version is detected as == 0x0
8421 : 0x17598d769d5f : 4 : pytrace_try_probe_python_functions :  Python version is detected as == 0x0
8421 : 0x17598db3b513 : 4 : pytrace_try_probe_python_functions :  Python version is detected as == 0x0
8421 : 0x17598dc88913 : 4 : pytrace_try_probe_python_functions :  Python version is detected as == 0x0
8421 : 0x17598de6bdf0 : 4 : pytrace_try_probe_python_functions :  Python version is detected as == 0x0
8421 : 0x17598e275c2f : 4 : pytrace_start_profiling :  [CALLED]
8421 : 0x17598e94425b : 4 : pytrace_try_probe_python_functions :  Python version is detected as == 0x0
8421 : 0x17598eabcb9f : 4 : pytrace_try_probe_python_functions :  Python version is detected as == 0x0
8421 : 0x17598ec5193f : 4 : pytrace_try_probe_python_functions :  Python version is detected as == 0x0
8421 : 0x17598ee97ed5 : 4 : pytrace_try_probe_python_functions :  Python version is detected as == 0x0
8421 : 0x17598f1694f9 : 4 : pytrace_try_probe_python_functions :  Python version is detected as == 0x0
8421 : 0x17598f2dfda5 : 4 : pytrace_try_probe_python_functions :  Python version is detected as == 0x0
8421 : 0x17598f4f7335 : 4 : pytrace_try_probe_python_functions :  Python version is detected as == 0x0
8421 : 0x17598f61f78d : 4 : pytrace_try_probe_python_functions :  Python version is detected as == 0x0
8421 : 0x17598f74288d : 4 : pytrace_try_probe_python_functions :  Python version is detected as == 0x0
8421 : 0x17598f8bbdf7 : 4 : pytrace_try_probe_python_functions :  Python version is detected as == 0x0
8421 : 0x17598f9da085 : 4 : pytrace_try_probe_python_functions :  Python version is detected as == 0x0
8421 : 0x17598fb7d949 : 4 : pytrace_try_probe_python_functions :  Python version is detected as == 0x0
8421 : 0x17598fe1f757 : 4 : pytrace_try_probe_python_functions :  Python version is detected as == 0x0
8421 : 0x1759900d01fb : 4 : pytrace_try_probe_python_functions :  Python version is detected as == 0x0
8421 : 0x1759910a31ef : 4 : pytrace_try_probe_python_functions :  Python version is detected as == 0x0
8421 : 0x175991279a61 : 4 : pytrace_try_probe_python_functions :  Python version is detected as == 0x0
8421 : 0x175991847771 : 4 : pytrace_try_probe_python_functions :  Python version is detected as == 0x0
8421 : 0x1759941afc96 : 4 : pytrace_try_probe_python_functions :  Python version is detected as == 0x0
8421 : 0x17599432108c : 4 : pytrace_try_probe_python_functions :  Python version is detected as == 0x0
8421 : 0x175994484aa0 : 4 : pytrace_try_probe_python_functions :  Python version is detected as == 0x0
8421 : 0x175994616490 : 4 : pytrace_try_probe_python_functions :  Python version is detected as == 0x0
8421 : 0x17599476897a : 4 : pytrace_try_probe_python_functions :  Python version is detected as == 0x0
8421 : 0x175994afb574 : 4 : pytrace_try_probe_python_functions :  Python version is detected as == 0x0
8421 : 0x175994c6a10c : 4 : pytrace_try_probe_python_functions :  Python version is detected as == 0x0
8421 : 0x175994e170c0 : 4 : pytrace_try_probe_python_functions :  Python version is detected as == 0x0
8421 : 0x175994f8e39c : 4 : pytrace_try_probe_python_functions :  Python version is detected as == 0x0
8421 : 0x1759957308e5 : 4 : pytrace_try_probe_python_functions :  Python version is detected as == 0x0
8421 : 0x1759958c58f1 : 4 : pytrace_try_probe_python_functions :  Python version is detected as == 0x0
8421 : 0x175995a87935 : 4 : pytrace_try_probe_python_functions :  Python version is detected as == 0x0
8421 : 0x175995cdad93 : 4 : pytrace_try_probe_python_functions :  Python version is detected as == 0x0
8421 : 0x175995ef6a81 : 4 : pytrace_try_probe_python_functions :  Python version is detected as == 0x0
8421 : 0x17599612d92b : 4 : pytrace_try_probe_python_functions :  Python version is detected as == 0x0
8421 : 0x175996239139 : 4 : pytrace_try_probe_python_functions :  Python version is detected as == 0x0
8421 : 0x1759963a7a3b : 4 : pytrace_try_probe_python_functions :  Python version is detected as == 0x0
8421 : 0x1759964c6a0b : 4 : pytrace_try_probe_python_functions :  Python version is detected as == 0x0
8421 : 0x1759966867c1 : 4 : pytrace_try_probe_python_functions :  Python version is detected as == 0x0
8421 : 0x175996adea17 : 4 : pytrace_try_probe_python_functions :  Python version is detected as == 0x0
8421 : 0x175996cfa009 : 4 : pytrace_try_probe_python_functions :  Python version is detected as == 0x0
8421 : 0x175996ec62df : 4 : pytrace_try_probe_python_functions :  Python version is detected as == 0x0
8421 : 0x175997202a41 : 4 : pytrace_try_probe_python_functions :  Python version is detected as == 0x0
8421 : 0x1759975215e3 : 4 : pytrace_try_probe_python_functions :  Python version is detected as == 0x0
8421 : 0x17599777c817 : 4 : pytrace_try_probe_python_functions :  Python version is detected as == 0x0
8421 : 0x175997ed92dd : 4 : pytrace_try_probe_python_functions :  Python version is detected as == 0x0
8421 : 0x1759980719e9 : 4 : pytrace_try_probe_python_functions :  Python version is detected as == 0x0
8421 : 0x1759981ba6df : 4 : pytrace_try_probe_python_functions :  Python version is detected as == 0x0
8421 : 0x1759a6089ef0 : 4 : pytrace_try_probe_python_functions :  Python version is detected as == 0x0
8421 : 0x1759a63058a4 : 4 : pytrace_try_probe_python_functions :  Python version is detected as == 0x0
8421 : 0x1759a648407e : 4 : pytrace_try_probe_python_functions :  Python version is detected as == 0x0
8421 : 0x1759b414bde0 : 4 : pytrace_try_probe_python_functions :  Python version is detected as == 0x0
8421 : 0x1759b427bd68 : 4 : pytrace_try_probe_python_functions :  Python version is detected as == 0x0
8421 : 0x1759b43e07ee : 4 : pytrace_try_probe_python_functions :  Python version is detected as == 0x0
8421 : 0x1759b453af04 : 4 : pytrace_try_probe_python_functions :  Python version is detected as == 0x0
8421 : 0x1759b46667ee : 4 : pytrace_try_probe_python_functions :  Python version is detected as == 0x0
8421 : 0x1759b47d1a5a : 4 : pytrace_try_probe_python_functions :  Python version is detected as == 0x0
8421 : 0x1759b49257f2 : 4 : pytrace_try_probe_python_functions :  Python version is detected as == 0x0
8421 : 0x1759b49d9cf0 : 4 : pytrace_try_probe_python_functions :  Python version is detected as == 0x0
8421 : 0x1759b4b965cc : 4 : pytrace_try_probe_python_functions :  Python version is detected as == 0x0
8421 : 0x1759b4cc5a44 : 4 : pytrace_try_probe_python_functions :  Python version is detected as == 0x0
8421 : 0x1759b4e3899e : 4 : pytrace_try_probe_python_functions :  Python version is detected as == 0x0
8421 : 0x1759b50499f2 : 4 : pytrace_try_probe_python_functions :  Python version is detected as == 0x0
8421 : 0x1759b5196d40 : 4 : pytrace_try_probe_python_functions :  Python version is detected as == 0x0
8421 : 0x1759b52f4fee : 4 : pytrace_try_probe_python_functions :  Python version is detected as == 0x0
8421 : 0x175cf2c4dd90 : 4 : pytrace_stop_profiling :  [CALLED]
8421 : 0x175cf2c5b2a4 : 3 : logger_fini :  LOG FILE CLOSED (by collectunits.logger)