
3970 : 0x13b346d16cf5 : 3 : logger_init :  LOG FILE OPENED (by collectunits.logger), level: 4
3970 : 0x13b34b2a8ea1 : 4 : pytrace_try_probe_python_functions :  Python version is detected as == 0x0
3970 : 0x13b34ba875ff : 4 : pytrace_try_probe_python_functions :  Python version is detected as == 0x0
3970 : 0x13b34d01f6bb : 4 : pytrace_try_probe_python_functions :  Python version is detected as == 0x0
3970 : 0x13b34d242b59 : 4 : pytrace_try_probe_python_functions :  Python version is detected as == 0x0
3970 : 0x13b34dd25387 : 4 : pytrace_try_probe_python_functions :  Python version is detected as == 0x0
3970 : 0x13b365cc7a6d : 4 : pytrace_try_probe_python_functions :  Python version is detected as == 0x0
3970 : 0x13b36623bfb3 : 4 : pytrace_try_probe_python_functions :  Python version is detected as == 0x0
3970 : 0x13b3664945a7 : 4 : pytrace_try_probe_python_functions :  Python version is detected as == 0x0
3970 : 0x13b36af6e93b : 4 : pytrace_try_probe_python_functions :  Python version is detected as == 0x0
3970 : 0x13b36b186421 : 4 : pytrace_try_probe_python_functions :  Python version is detected as == 0x0
3970 : 0x13b36b227731 : 4 : pytrace_try_probe_python_functions :  Python version is detected as == 0x0
3970 : 0x13b36b7ac4d9 : 4 : pytrace_try_probe_python_functions :  Python version is detected as == 0x0
3970 : 0x13b36bdce203 : 4 : pytrace_try_probe_python_functions :  Python version is detected as == 0x0
3970 : 0x13b36c24a30f : 4 : pytrace_try_probe_python_functions :  Python version is detected as == 0x0
3970 : 0x13b36f02e103 : 4 : pytrace_try_probe_python_functions :  Python version is detected as == 0x0
3970 : 0x13b36f32170d : 4 : pytrace_try_probe_python_functions :  Python version is detected as == 0x0
3970 : 0x13b36f3d3f9d : 4 : pytrace_try_probe_python_functions :  Python version is detected as == 0x0
3970 : 0x13b36f503bcb : 4 : pytrace_try_probe_python_functions :  Python version is detected as == 0x0
3970 : 0x13b36f8bc433 : 4 : pytrace_start_profiling :  [CALLED]
3970 : 0x13b36ff39e5b : 4 : pytrace_try_probe_python_functions :  Python version is detected as == 0x0
3970 : 0x13b37002f45f : 4 : pytrace_try_probe_python_functions :  Python version is detected as == 0x0
3970 : 0x13b370156ae9 : 4 : pytrace_try_probe_python_functions :  Python version is detected as == 0x0
3970 : 0x13b3703018a9 : 4 : pytrace_try_probe_python_functions :  Python version is detected as == 0x0
3970 : 0x13b37052d0c9 : 4 : pytrace_try_probe_python_functions :  Python version is detected as == 0x0
3970 : 0x13b37061a641 : 4 : pytrace_try_probe_python_functions :  Python version is detected as == 0x0
3970 : 0x13b3707c07b3 : 4 : pytrace_try_probe_python_functions :  Python version is detected as == 0x0
3970 : 0x13b37088ecfb : 4 : pytrace_try_probe_python_functions :  Python version is detected as == 0x0
3970 : 0x13b37095488b : 4 : pytrace_try_probe_python_functions :  Python version is detected as == 0x0
3970 : 0x13b370a1a851 : 4 : pytrace_try_probe_python_functions :  Python version is detected as == 0x0
3970 : 0x13b370ae3fb9 : 4 : pytrace_try_probe_python_functions :  Python version is detected as == 0x0
3970 : 0x13b370bf5079 : 4 : pytrace_try_probe_python_functions :  Python version is detected as == 0x0
3970 : 0x13b370dca05f : 4 : pytrace_try_probe_python_functions :  Python version is detected as == 0x0
3970 : 0x13b370fce88d : 4 : pytrace_try_probe_python_functions :  Python version is detected as == 0x0
3970 : 0x13b371999f1f : 4 : pytrace_try_probe_python_functions :  Python version is detected as == 0x0
3970 : 0x13b371ac7edb : 4 : pytrace_try_probe_python_functions :  Python version is detected as == 0x0
3970 : 0x13b371e683c7 : 4 : pytrace_try_probe_python_functions :  Python version is detected as == 0x0
3970 : 0x13b37493caa3 : 4 : pytrace_try_probe_python_functions :  Python version is detected as == 0x0
3970 : 0x13b374a6bca1 : 4 : pytrace_try_probe_python_functions :  Python version is detected as == 0x0
3970 : 0x13b374b6afe7 : 4 : pytrace_try_probe_python_functions :  Python version is detected as == 0x0
3970 : 0x13b374c4f34d : 4 : pytrace_try_probe_python_functions :  Python version is detected as == 0x0
3970 : 0x13b374d3da6d : 4 : pytrace_try_probe_python_functions :  Python version is detected as == 0x0
3970 : 0x13b374f8e9cf : 4 : pytrace_try_probe_python_functions :  Python version is detected as == 0x0
3970 : 0x13b37509ca4d : 4 : pytrace_try_probe_python_functions :  Python version is detected as == 0x0
3970 : 0x13b37518da9f : 4 : pytrace_try_probe_python_functions :  Python version is detected as == 0x0
3970 : 0x13b37526c577 : 4 : pytrace_try_probe_python_functions :  Python version is detected as == 0x0
3970 : 0x13b3759caa83 : 4 : pytrace_try_probe_python_functions :  Python version is detected as == 0x0
3970 : 0x13b375b986a3 : 4 : pytrace_try_probe_python_functions :  Python version is detected as == 0x0
3970 : 0x13b375ccdcad : 4 : pytrace_try_probe_python_functions :  Python version is detected as == 0x0
3970 : 0x13b375e0caf9 : 4 : pytrace_try_probe_python_functions :  Python version is detected as == 0x0
3970 : 0x13b375f81231 : 4 : pytrace_try_probe_python_functions :  Python version is detected as == 0x0
3970 : 0x13b3761202ff : 4 : pytrace_try_probe_python_functions :  Python version is detected as == 0x0
3970 : 0x13b37622ecdb : 4 : pytrace_try_probe_python_functions :  Python version is detected as == 0x0
3970 : 0x13b3763f546d : 4 : pytrace_try_probe_python_functions :  Python version is detected as == 0x0
3970 : 0x13b37650bbdf : 4 : pytrace_try_probe_python_functions :  Python version is detected as == 0x0
3970 : 0x13b3766695e7 : 4 : pytrace_try_probe_python_functions :  Python version is detected as == 0x0
3970 : 0x13b376a73e68 : 4 : pytrace_try_probe_python_functions :  Python version is detected as == 0x0
3970 : 0x13b376bedd8a : 4 : pytrace_try_probe_python_functions :  Python version is detected as == 0x0
3970 : 0x13b376d020ce : 4 : pytrace_try_probe_python_functions :  Python version is detected as == 0x0
3970 : 0x13b376eada4a : 4 : pytrace_try_probe_python_functions :  Python version is detected as == 0x0
3970 : 0x13b377097df6 : 4 : pytrace_try_probe_python_functions :  Python version is detected as == 0x0
3970 : 0x13b377274cf6 : 4 : pytrace_try_probe_python_functions :  Python version is detected as == 0x0
3970 : 0x13b377738514 : 4 : pytrace_try_probe_python_functions :  Python version is detected as == 0x0
3970 : 0x13b377883f80 : 4 : pytrace_try_probe_python_functions :  Python version is detected as == 0x0
3970 : 0x13b377a18fd4 : 4 : pytrace_try_probe_python_functions :  Python version is detected as == 0x0
3970 : 0x13b385460707 : 4 : pytrace_try_probe_python_functions :  Python version is detected as == 0x0
3970 : 0x13b3856737e5 : 4 : pytrace_try_probe_python_functions :  Python version is detected as == 0x0
3970 : 0x13b3857e5dd5 : 4 : pytrace_try_probe_python_functions :  Python version is detected as == 0x0
3970 : 0x13b3934b1d8c : 4 : pytrace_try_probe_python_functions :  Python version is detected as == 0x0
3970 : 0x13b3935d80f2 : 4 : pytrace_try_probe_python_functions :  Python version is detected as == 0x0
3970 : 0x13b39374ae8a : 4 : pytrace_try_probe_python_functions :  Python version is detected as == 0x0
3970 : 0x13b3938ae6e8 : 4 : pytrace_try_probe_python_functions :  Python version is detected as == 0x0
3970 : 0x13b3939d22ce : 4 : pytrace_try_probe_python_functions :  Python version is detected as == 0x0
3970 : 0x13b393b1b958 : 4 : pytrace_try_probe_python_functions :  Python version is detected as == 0x0
3970 : 0x13b393c9f7e2 : 4 : pytrace_try_probe_python_functions :  Python version is detected as == 0x0
3970 : 0x13b393d8118c : 4 : pytrace_try_probe_python_functions :  Python version is detected as == 0x0
3970 : 0x13b393f36de6 : 4 : pytrace_try_probe_python_functions :  Python version is detected as == 0x0
3970 : 0x13b394055760 : 4 : pytrace_try_probe_python_functions :  Python version is detected as == 0x0
3970 : 0x13b3941792b2 : 4 : pytrace_try_probe_python_functions :  Python version is detected as == 0x0
3970 : 0x13b394392f0e : 4 : pytrace_try_probe_python_functions :  Python version is detected as == 0x0
3970 : 0x13b3944e2f1e : 4 : pytrace_try_probe_python_functions :  Python version is detected as == 0x0
3970 : 0x13b39465381a : 4 : pytrace_try_probe_python_functions :  Python version is detected as == 0x0
3970 : 0x13b8a775b143 : 4 : pytrace_stop_profiling :  [CALLED]
3970 : 0x13b8a77620db : 3 : logger_fini :  LOG FILE CLOSED (by collectunits.logger)