
7183 : 0x16b0488ebb66 : 3 : logger_init :  LOG FILE OPENED (by collectunits.logger), level: 4
7183 : 0x16b04e8d8358 : 4 : pytrace_try_probe_python_functions :  Python version is detected as == 0x0
7183 : 0x16b04ee78538 : 4 : pytrace_try_probe_python_functions :  Python version is detected as == 0x0
7183 : 0x16b0510ec763 : 4 : pytrace_try_probe_python_functions :  Python version is detected as == 0x0
7183 : 0x16b051440ae9 : 4 : pytrace_try_probe_python_functions :  Python version is detected as == 0x0
7183 : 0x16b05271c50d : 4 : pytrace_try_probe_python_functions :  Python version is detected as == 0x0
7183 : 0x16b06ebc7f9d : 4 : pytrace_try_probe_python_functions :  Python version is detected as == 0x0
7183 : 0x16b06f21552b : 4 : pytrace_try_probe_python_functions :  Python version is detected as == 0x0
7183 : 0x16b06f569d4f : 4 : pytrace_try_probe_python_functions :  Python version is detected as == 0x0
7183 : 0x16b076912065 : 4 : pytrace_try_probe_python_functions :  Python version is detected as == 0x0
7183 : 0x16b076d3e0c7 : 4 : pytrace_try_probe_python_functions :  Python version is detected as == 0x0
7183 : 0x16b076e6da93 : 4 : pytrace_try_probe_python_functions :  Python version is detected as == 0x0
7183 : 0x16b07783c46b : 4 : pytrace_try_probe_python_functions :  Python version is detected as == 0x0
7183 : 0x16b0783b117f : 4 : pytrace_try_probe_python_functions :  Python version is detected as == 0x0
7183 : 0x16b078e67090 : 4 : pytrace_try_probe_python_functions :  Python version is detected as == 0x0
7183 : 0x16b082887576 : 4 : pytrace_try_probe_python_functions :  Python version is detected as == 0x0
7183 : 0x16b082e1397d : 4 : pytrace_try_probe_python_functions :  Python version is detected as == 0x0
7183 : 0x16b082efc603 : 4 : pytrace_try_probe_python_functions :  Python version is detected as == 0x0
7183 : 0x16b08348c264 : 4 : pytrace_try_probe_python_functions :  Python version is detected as == 0x0
7183 : 0x16b083ea2dfd : 4 : pytrace_start_profiling :  [CALLED]
7183 : 0x16b0850519c7 : 4 : pytrace_try_probe_python_functions :  Python version is detected as == 0x0
7183 : 0x16b0851dd247 : 4 : pytrace_try_probe_python_functions :  Python version is detected as == 0x0
7183 : 0x16b08538f56b : 4 : pytrace_try_probe_python_functions :  Python version is detected as == 0x0
7183 : 0x16b0858281b2 : 4 : pytrace_try_probe_python_functions :  Python version is detected as == 0x0
7183 : 0x16b085beb336 : 4 : pytrace_try_probe_python_functions :  Python version is detected as == 0x0
7183 : 0x16b085e207f0 : 4 : pytrace_try_probe_python_functions :  Python version is detected as == 0x0
7183 : 0x16b086176ae8 : 4 : pytrace_try_probe_python_functions :  Python version is detected as == 0x0
7183 : 0x16b086316058 : 4 : pytrace_try_probe_python_functions :  Python version is detected as == 0x0
7183 : 0x16b0864acb56 : 4 : pytrace_try_probe_python_functions :  Python version is detected as == 0x0
7183 : 0x16b0866eff7e : 4 : pytrace_try_probe_python_functions :  Python version is detected as == 0x0
7183 : 0x16b0868847c4 : 4 : pytrace_try_probe_python_functions :  Python version is detected as == 0x0
7183 : 0x16b086aab4f6 : 4 : pytrace_try_probe_python_functions :  Python version is detected as == 0x0
7183 : 0x16b086d67ed1 : 4 : pytrace_try_probe_python_functions :  Python version is detected as == 0x0
7183 : 0x16b0870e86c3 : 4 : pytrace_try_probe_python_functions :  Python version is detected as == 0x0
7183 : 0x16b087ed4dbd : 4 : pytrace_try_probe_python_functions :  Python version is detected as == 0x0
7183 : 0x16b088024185 : 4 : pytrace_try_probe_python_functions :  Python version is detected as == 0x0
7183 : 0x16b0884e7893 : 4 : pytrace_try_probe_python_functions :  Python version is detected as == 0x0
7183 : 0x16b08c649e48 : 4 : pytrace_try_probe_python_functions :  Python version is detected as == 0x0
7183 : 0x16b08c74ab22 : 4 : pytrace_try_probe_python_functions :  Python version is detected as == 0x0
7183 : 0x16b08c8559aa : 4 : pytrace_try_probe_python_functions :  Python version is detected as == 0x0
7183 : 0x16b08ca72b52 : 4 : pytrace_try_probe_python_functions :  Python version is detected as == 0x0
7183 : 0x16b08cc0a66a : 4 : pytrace_try_probe_python_functions :  Python version is detected as == 0x0
7183 : 0x16b08cf2e11a : 4 : pytrace_try_probe_python_functions :  Python version is detected as == 0x0
7183 : 0x16b08d09cf88 : 4 : pytrace_try_probe_python_functions :  Python version is detected as == 0x0
7183 : 0x16b08d24b914 : 4 : pytrace_try_probe_python_functions :  Python version is detected as == 0x0
7183 : 0x16b08d3ff4f0 : 4 : pytrace_try_probe_python_functions :  Python version is detected as == 0x0
7183 : 0x16b08e1c8296 : 4 : pytrace_try_probe_python_functions :  Python version is detected as == 0x0
7183 : 0x16b08e896afe : 4 : pytrace_try_probe_python_functions :  Python version is detected as == 0x0
7183 : 0x16b08eafdf37 : 4 : pytrace_try_probe_python_functions :  Python version is detected as == 0x0
7183 : 0x16b08edc92a3 : 4 : pytrace_try_probe_python_functions :  Python version is detected as == 0x0
7183 : 0x16b08f1af65d : 4 : pytrace_try_probe_python_functions :  Python version is detected as == 0x0
7183 : 0x16b08f53f706 : 4 : pytrace_try_probe_python_functions :  Python version is detected as == 0x0
7183 : 0x16b08f6ea8d0 : 4 : pytrace_try_probe_python_functions :  Python version is detected as == 0x0
7183 : 0x16b08fb9dfe8 : 4 : pytrace_try_probe_python_functions :  Python version is detected as == 0x0
7183 : 0x16b08feeb2b7 : 4 : pytrace_try_probe_python_functions :  Python version is detected as == 0x0
7183 : 0x16b0904e46bc : 4 : pytrace_try_probe_python_functions :  Python version is detected as == 0x0
7183 : 0x16b090a680f3 : 4 : pytrace_try_probe_python_functions :  Python version is detected as == 0x0
7183 : 0x16b090ee5083 : 4 : pytrace_try_probe_python_functions :  Python version is detected as == 0x0
7183 : 0x16b09102dbd1 : 4 : pytrace_try_probe_python_functions :  Python version is detected as == 0x0
7183 : 0x16b0914bcde3 : 4 : pytrace_try_probe_python_functions :  Python version is detected as == 0x0
7183 : 0x16b091872a83 : 4 : pytrace_try_probe_python_functions :  Python version is detected as == 0x0
7183 : 0x16b09284f666 : 4 : pytrace_try_probe_python_functions :  Python version is detected as == 0x0
7183 : 0x16b0930ac23e : 4 : pytrace_try_probe_python_functions :  Python version is detected as == 0x0
7183 : 0x16b093365ba8 : 4 : pytrace_try_probe_python_functions :  Python version is detected as == 0x0
7183 : 0x16b0935d672a : 4 : pytrace_try_probe_python_functions :  Python version is detected as == 0x0
7183 : 0x16b0a15dab37 : 4 : pytrace_try_probe_python_functions :  Python version is detected as == 0x0
7183 : 0x16b0a1ecca34 : 4 : pytrace_try_probe_python_functions :  Python version is detected as == 0x0
7183 : 0x16b0a2123e57 : 4 : pytrace_try_probe_python_functions :  Python version is detected as == 0x0
7183 : 0x16b0b0820f31 : 4 : pytrace_try_probe_python_functions :  Python version is detected as == 0x0
7183 : 0x16b0b0bdeb4d : 4 : pytrace_try_probe_python_functions :  Python version is detected as == 0x0
7183 : 0x16b0b0f5dcc2 : 4 : pytrace_try_probe_python_functions :  Python version is detected as == 0x0
7183 : 0x16b0b1303fb8 : 4 : pytrace_try_probe_python_functions :  Python version is detected as == 0x0
7183 : 0x16b0b1670c63 : 4 : pytrace_try_probe_python_functions :  Python version is detected as == 0x0
7183 : 0x16b0b1a73c46 : 4 : pytrace_try_probe_python_functions :  Python version is detected as == 0x0
7183 : 0x16b0b1fe2885 : 4 : pytrace_try_probe_python_functions :  Python version is detected as == 0x0
7183 : 0x16b0b2107601 : 4 : pytrace_try_probe_python_functions :  Python version is detected as == 0x0
7183 : 0x16b0b2741ec7 : 4 : pytrace_try_probe_python_functions :  Python version is detected as == 0x0
7183 : 0x16b0b2a7fa8d : 4 : pytrace_try_probe_python_functions :  Python version is detected as == 0x0
7183 : 0x16b0b2cfcf6b : 4 : pytrace_try_probe_python_functions :  Python version is detected as == 0x0
7183 : 0x16b0b32067ab : 4 : pytrace_try_probe_python_functions :  Python version is detected as == 0x0
7183 : 0x16b0b3637551 : 4 : pytrace_try_probe_python_functions :  Python version is detected as == 0x0
7183 : 0x16b0b3a39559 : 4 : pytrace_try_probe_python_functions :  Python version is detected as == 0x0
7183 : 0x16b346b7bb4c : 4 : pytrace_stop_profiling :  [CALLED]
7183 : 0x16b346b86ad4 : 3 : logger_fini :  LOG FILE CLOSED (by collectunits.logger)