
3072 : 0x12b845f34de9 : 3 : logger_init :  LOG FILE OPENED (by collectunits.logger), level: 4
3072 : 0x12b84be04197 : 4 : pytrace_try_probe_python_functions :  Python version is detected as == 0x0
3072 : 0x12b84c51a905 : 4 : pytrace_try_probe_python_functions :  Python version is detected as == 0x0
3072 : 0x12b84dc9c1bb : 4 : pytrace_try_probe_python_functions :  Python version is detected as == 0x0
3072 : 0x12b84df11643 : 4 : pytrace_try_probe_python_functions :  Python version is detected as == 0x0
3072 : 0x12b84eb25417 : 4 : pytrace_try_probe_python_functions :  Python version is detected as == 0x0
3072 : 0x12b864339abf : 4 : pytrace_try_probe_python_functions :  Python version is detected as == 0x0
3072 : 0x12b8648373af : 4 : pytrace_try_probe_python_functions :  Python version is detected as == 0x0
3072 : 0x12b864a90f8f : 4 : pytrace_try_probe_python_functions :  Python version is detected as == 0x0
3072 : 0x12b869a2768b : 4 : pytrace_try_probe_python_functions :  Python version is detected as == 0x0
3072 : 0x12b869c6f121 : 4 : pytrace_try_probe_python_functions :  Python version is detected as == 0x0
3072 : 0x12b869d1b497 : 4 : pytrace_try_probe_python_functions :  Python version is detected as == 0x0
3072 : 0x12b86a28c977 : 4 : pytrace_try_probe_python_functions :  Python version is detected as == 0x0
3072 : 0x12b86a8957a7 : 4 : pytrace_try_probe_python_functions :  Python version is detected as == 0x0
3072 : 0x12b86ad9dc7b : 4 : pytrace_try_probe_python_functions :  Python version is detected as == 0x0
3072 : 0x12b86e30edfd : 4 : pytrace_try_probe_python_functions :  Python version is detected as == 0x0
3072 : 0x12b86e5fb811 : 4 : pytrace_try_probe_python_functions :  Python version is detected as == 0x0
3072 : 0x12b86e6ae89d : 4 : pytrace_try_probe_python_functions :  Python version is detected as == 0x0
3072 : 0x12b86e7e8717 : 4 : pytrace_try_probe_python_functions :  Python version is detected as == 0x0
3072 : 0x12b86ee2d105 : 4 : pytrace_start_profiling :  [CALLED]
3072 : 0x12b870bd2e04 : 4 : pytrace_try_probe_python_functions :  Python version is detected as == 0x0
3072 : 0x12b870cad238 : 4 : pytrace_try_probe_python_functions :  Python version is detected as == 0x0
3072 : 0x12b870da7de4 : 4 : pytrace_try_probe_python_functions :  Python version is detected as == 0x0
3072 : 0x12b870f41c48 : 4 : pytrace_try_probe_python_functions :  Python version is detected as == 0x0
3072 : 0x12b87116109c : 4 : pytrace_try_probe_python_functions :  Python version is detected as == 0x0
3072 : 0x12b871244f84 : 4 : pytrace_try_probe_python_functions :  Python version is detected as == 0x0
3072 : 0x12b8713d9514 : 4 : pytrace_try_probe_python_functions :  Python version is detected as == 0x0
3072 : 0x12b871498596 : 4 : pytrace_try_probe_python_functions :  Python version is detected as == 0x0
3072 : 0x12b8715593a2 : 4 : pytrace_try_probe_python_functions :  Python version is detected as == 0x0
3072 : 0x12b871653bd2 : 4 : pytrace_try_probe_python_functions :  Python version is detected as == 0x0
3072 : 0x12b871725498 : 4 : pytrace_try_probe_python_functions :  Python version is detected as == 0x0
3072 : 0x12b871829454 : 4 : pytrace_try_probe_python_functions :  Python version is detected as == 0x0
3072 : 0x12b871a232b3 : 4 : pytrace_try_probe_python_functions :  Python version is detected as == 0x0
3072 : 0x12b871c2dc51 : 4 : pytrace_try_probe_python_functions :  Python version is detected as == 0x0
3072 : 0x12b872696565 : 4 : pytrace_try_probe_python_functions :  Python version is detected as == 0x0
3072 : 0x12b8727bf97f : 4 : pytrace_try_probe_python_functions :  Python version is detected as == 0x0
3072 : 0x12b872c1e46d : 4 : pytrace_try_probe_python_functions :  Python version is detected as == 0x0
3072 : 0x12b8748d0939 : 4 : pytrace_try_probe_python_functions :  Python version is detected as == 0x0
3072 : 0x12b8749b3803 : 4 : pytrace_try_probe_python_functions :  Python version is detected as == 0x0
3072 : 0x12b874a8316b : 4 : pytrace_try_probe_python_functions :  Python version is detected as == 0x0
3072 : 0x12b874b5d4db : 4 : pytrace_try_probe_python_functions :  Python version is detected as == 0x0
3072 : 0x12b874c2e413 : 4 : pytrace_try_probe_python_functions :  Python version is detected as == 0x0
3072 : 0x12b874df31b5 : 4 : pytrace_try_probe_python_functions :  Python version is detected as == 0x0
3072 : 0x12b874ebee97 : 4 : pytrace_try_probe_python_functions :  Python version is detected as == 0x0
3072 : 0x12b874f9db3d : 4 : pytrace_try_probe_python_functions :  Python version is detected as == 0x0
3072 : 0x12b875089c4f : 4 : pytrace_try_probe_python_functions :  Python version is detected as == 0x0
3072 : 0x12b875aeea4c : 4 : pytrace_try_probe_python_functions :  Python version is detected as == 0x0
3072 : 0x12b875f0db5d : 4 : pytrace_try_probe_python_functions :  Python version is detected as == 0x0
3072 : 0x12b8760ac2f9 : 4 : pytrace_try_probe_python_functions :  Python version is detected as == 0x0
3072 : 0x12b8762f2055 : 4 : pytrace_try_probe_python_functions :  Python version is detected as == 0x0
3072 : 0x12b8765c428b : 4 : pytrace_try_probe_python_functions :  Python version is detected as == 0x0
3072 : 0x12b876c63767 : 4 : pytrace_try_probe_python_functions :  Python version is detected as == 0x0
3072 : 0x12b876e7e5d5 : 4 : pytrace_try_probe_python_functions :  Python version is detected as == 0x0
3072 : 0x12b8771c20f6 : 4 : pytrace_try_probe_python_functions :  Python version is detected as == 0x0
3072 : 0x12b877471a69 : 4 : pytrace_try_probe_python_functions :  Python version is detected as == 0x0
3072 : 0x12b8777d3b10 : 4 : pytrace_try_probe_python_functions :  Python version is detected as == 0x0
3072 : 0x12b877ce8e16 : 4 : pytrace_try_probe_python_functions :  Python version is detected as == 0x0
3072 : 0x12b8781cb1f1 : 4 : pytrace_try_probe_python_functions :  Python version is detected as == 0x0
3072 : 0x12b878335a7f : 4 : pytrace_try_probe_python_functions :  Python version is detected as == 0x0
3072 : 0x12b878815b37 : 4 : pytrace_try_probe_python_functions :  Python version is detected as == 0x0
3072 : 0x12b878bc74c3 : 4 : pytrace_try_probe_python_functions :  Python version is detected as == 0x0
3072 : 0x12b879b29e2f : 4 : pytrace_try_probe_python_functions :  Python version is detected as == 0x0
3072 : 0x12b87a157a47 : 4 : pytrace_try_probe_python_functions :  Python version is detected as == 0x0
3072 : 0x12b87a2d3753 : 4 : pytrace_try_probe_python_functions :  Python version is detected as == 0x0
3072 : 0x12b87a3eb6c1 : 4 : pytrace_try_probe_python_functions :  Python version is detected as == 0x0
3072 : 0x12b88c28cf23 : 4 : pytrace_try_probe_python_functions :  Python version is detected as == 0x0
3072 : 0x12b88d14a932 : 4 : pytrace_try_probe_python_functions :  Python version is detected as == 0x0
3072 : 0x12b88d85ace2 : 4 : pytrace_try_probe_python_functions :  Python version is detected as == 0x0
3072 : 0x12b89ca7ac09 : 4 : pytrace_try_probe_python_functions :  Python version is detected as == 0x0
3072 : 0x12b89ce046d2 : 4 : pytrace_try_probe_python_functions :  Python version is detected as == 0x0
3072 : 0x12b89d20b29f : 4 : pytrace_try_probe_python_functions :  Python version is detected as == 0x0
3072 : 0x12b89d63122d : 4 : pytrace_try_probe_python_functions :  Python version is detected as == 0x0
3072 : 0x12b89d9a6677 : 4 : pytrace_try_probe_python_functions :  Python version is detected as == 0x0
3072 : 0x12b89dd97c23 : 4 : pytrace_try_probe_python_functions :  Python version is detected as == 0x0
3072 : 0x12b89e3df0a0 : 4 : pytrace_try_probe_python_functions :  Python version is detected as == 0x0
3072 : 0x12b89e4be198 : 4 : pytrace_try_probe_python_functions :  Python version is detected as == 0x0
3072 : 0x12b89eb77a58 : 4 : pytrace_try_probe_python_functions :  Python version is detected as == 0x0
3072 : 0x12b89eeabc21 : 4 : pytrace_try_probe_python_functions :  Python version is detected as == 0x0
3072 : 0x12b89f133db2 : 4 : pytrace_try_probe_python_functions :  Python version is detected as == 0x0
3072 : 0x12b89f636836 : 4 : pytrace_try_probe_python_functions :  Python version is detected as == 0x0
3072 : 0x12b89fa1f8b5 : 4 : pytrace_try_probe_python_functions :  Python version is detected as == 0x0
3072 : 0x12b89fe1c5d1 : 4 : pytrace_try_probe_python_functions :  Python version is detected as == 0x0
3072 : 0x12bd5826cbcd : 4 : pytrace_stop_profiling :  [CALLED]
3072 : 0x12bd5827f7ff : 3 : logger_fini :  LOG FILE CLOSED (by collectunits.logger)