
7881 : 0x16f720557079 : 3 : logger_init :  LOG FILE OPENED (by collectunits.logger), level: 4
7881 : 0x16f7277cedff : 4 : pytrace_try_probe_python_functions :  Python version is detected as == 0x0
7881 : 0x16f727e56d9b : 4 : pytrace_try_probe_python_functions :  Python version is detected as == 0x0
7881 : 0x16f72938a171 : 4 : pytrace_try_probe_python_functions :  Python version is detected as == 0x0
7881 : 0x16f7296a5e45 : 4 : pytrace_try_probe_python_functions :  Python version is detected as == 0x0
7881 : 0x16f72a859199 : 4 : pytrace_try_probe_python_functions :  Python version is detected as == 0x0
7881 : 0x16f745558506 : 4 : pytrace_try_probe_python_functions :  Python version is detected as == 0x0
7881 : 0x16f745c358f0 : 4 : pytrace_try_probe_python_functions :  Python version is detected as == 0x0
7881 : 0x16f745f8ebce : 4 : pytrace_try_probe_python_functions :  Python version is detected as == 0x0
7881 : 0x16f74d0d364c : 4 : pytrace_try_probe_python_functions :  Python version is detected as == 0x0
7881 : 0x16f74d4890b5 : 4 : pytrace_try_probe_python_functions :  Python version is detected as == 0x0
7881 : 0x16f74d5de61f : 4 : pytrace_try_probe_python_functions :  Python version is detected as == 0x0
7881 : 0x16f74e1833e9 : 4 : pytrace_try_probe_python_functions :  Python version is detected as == 0x0
7881 : 0x16f74ec74483 : 4 : pytrace_try_probe_python_functions :  Python version is detected as == 0x0
7881 : 0x16f74f2c8f7f : 4 : pytrace_try_probe_python_functions :  Python version is detected as == 0x0
7881 : 0x16f753d599de : 4 : pytrace_try_probe_python_functions :  Python version is detected as == 0x0
7881 : 0x16f7541719aa : 4 : pytrace_try_probe_python_functions :  Python version is detected as == 0x0
7881 : 0x16f7542a0a20 : 4 : pytrace_try_probe_python_functions :  Python version is detected as == 0x0
7881 : 0x16f75449cab2 : 4 : pytrace_try_probe_python_functions :  Python version is detected as == 0x0
7881 : 0x16f7549d97af : 4 : pytrace_start_profiling :  [CALLED]
7881 : 0x16f75530e5ef : 4 : pytrace_try_probe_python_functions :  Python version is detected as == 0x0
7881 : 0x16f755454318 : 4 : pytrace_try_probe_python_functions :  Python version is detected as == 0x0
7881 : 0x16f75561ef4a : 4 : pytrace_try_probe_python_functions :  Python version is detected as == 0x0
7881 : 0x16f75599d489 : 4 : pytrace_try_probe_python_functions :  Python version is detected as == 0x0
7881 : 0x16f755ca906f : 4 : pytrace_try_probe_python_functions :  Python version is detected as == 0x0
7881 : 0x16f755e35bdd : 4 : pytrace_try_probe_python_functions :  Python version is detected as == 0x0
7881 : 0x16f7560b7717 : 4 : pytrace_try_probe_python_functions :  Python version is detected as == 0x0
7881 : 0x16f7561e00c9 : 4 : pytrace_try_probe_python_functions :  Python version is detected as == 0x0
7881 : 0x16f756320df7 : 4 : pytrace_try_probe_python_functions :  Python version is detected as == 0x0
7881 : 0x16f756499ddd : 4 : pytrace_try_probe_python_functions :  Python version is detected as == 0x0
7881 : 0x16f7565c5b45 : 4 : pytrace_try_probe_python_functions :  Python version is detected as == 0x0
7881 : 0x16f75679300b : 4 : pytrace_try_probe_python_functions :  Python version is detected as == 0x0
7881 : 0x16f756ab5e87 : 4 : pytrace_try_probe_python_functions :  Python version is detected as == 0x0
7881 : 0x16f756e9f41b : 4 : pytrace_try_probe_python_functions :  Python version is detected as == 0x0
7881 : 0x16f757d9f9a7 : 4 : pytrace_try_probe_python_functions :  Python version is detected as == 0x0
7881 : 0x16f757f4069f : 4 : pytrace_try_probe_python_functions :  Python version is detected as == 0x0
7881 : 0x16f75842c545 : 4 : pytrace_try_probe_python_functions :  Python version is detected as == 0x0
7881 : 0x16f75be71f47 : 4 : pytrace_try_probe_python_functions :  Python version is detected as == 0x0
7881 : 0x16f75bfea7a5 : 4 : pytrace_try_probe_python_functions :  Python version is detected as == 0x0
7881 : 0x16f75c14f86f : 4 : pytrace_try_probe_python_functions :  Python version is detected as == 0x0
7881 : 0x16f75c30ab2f : 4 : pytrace_try_probe_python_functions :  Python version is detected as == 0x0
7881 : 0x16f75c40d55f : 4 : pytrace_try_probe_python_functions :  Python version is detected as == 0x0
7881 : 0x16f75c61abb1 : 4 : pytrace_try_probe_python_functions :  Python version is detected as == 0x0
7881 : 0x16f75c70c25b : 4 : pytrace_try_probe_python_functions :  Python version is detected as == 0x0
7881 : 0x16f75c7f472b : 4 : pytrace_try_probe_python_functions :  Python version is detected as == 0x0
7881 : 0x16f75c8e4551 : 4 : pytrace_try_probe_python_functions :  Python version is detected as == 0x0
7881 : 0x16f75cecfbea : 4 : pytrace_try_probe_python_functions :  Python version is detected as == 0x0
7881 : 0x16f75d0ebe5c : 4 : pytrace_try_probe_python_functions :  Python version is detected as == 0x0
7881 : 0x16f75d2d96ba : 4 : pytrace_try_probe_python_functions :  Python version is detected as == 0x0
7881 : 0x16f75d530b6c : 4 : pytrace_try_probe_python_functions :  Python version is detected as == 0x0
7881 : 0x16f75d7560ef : 4 : pytrace_try_probe_python_functions :  Python version is detected as == 0x0
7881 : 0x16f75d9dccd7 : 4 : pytrace_try_probe_python_functions :  Python version is detected as == 0x0
7881 : 0x16f75db5443d : 4 : pytrace_try_probe_python_functions :  Python version is detected as == 0x0
7881 : 0x16f75dd47f85 : 4 : pytrace_try_probe_python_functions :  Python version is detected as == 0x0
7881 : 0x16f75debbadd : 4 : pytrace_try_probe_python_functions :  Python version is detected as == 0x0
7881 : 0x16f75e0afcb3 : 4 : pytrace_try_probe_python_functions :  Python version is detected as == 0x0
7881 : 0x16f75e54e7a6 : 4 : pytrace_try_probe_python_functions :  Python version is detected as == 0x0
7881 : 0x16f75e74cb68 : 4 : pytrace_try_probe_python_functions :  Python version is detected as == 0x0
7881 : 0x16f75e8b8f82 : 4 : pytrace_try_probe_python_functions :  Python version is detected as == 0x0
7881 : 0x16f75eb3f1d4 : 4 : pytrace_try_probe_python_functions :  Python version is detected as == 0x0
7881 : 0x16f75ee4f7fc : 4 : pytrace_try_probe_python_functions :  Python version is detected as == 0x0
7881 : 0x16f75f0db824 : 4 : pytrace_try_probe_python_functions :  Python version is detected as == 0x0
7881 : 0x16f75f8ca659 : 4 : pytrace_try_probe_python_functions :  Python version is detected as == 0x0
7881 : 0x16f75fabf713 : 4 : pytrace_try_probe_python_functions :  Python version is detected as == 0x0
7881 : 0x16f75fbd670d : 4 : pytrace_try_probe_python_functions :  Python version is detected as == 0x0
7881 : 0x16f76d6c6d81 : 4 : pytrace_try_probe_python_functions :  Python version is detected as == 0x0
7881 : 0x16f76d9d693d : 4 : pytrace_try_probe_python_functions :  Python version is detected as == 0x0
7881 : 0x16f76dc93e2c : 4 : pytrace_try_probe_python_functions :  Python version is detected as == 0x0
7881 : 0x16f77bba0960 : 4 : pytrace_try_probe_python_functions :  Python version is detected as == 0x0
7881 : 0x16f77bd2823e : 4 : pytrace_try_probe_python_functions :  Python version is detected as == 0x0
7881 : 0x16f77bee5fd6 : 4 : pytrace_try_probe_python_functions :  Python version is detected as == 0x0
7881 : 0x16f77c09a8b6 : 4 : pytrace_try_probe_python_functions :  Python version is detected as == 0x0
7881 : 0x16f77c213722 : 4 : pytrace_try_probe_python_functions :  Python version is detected as == 0x0
7881 : 0x16f77c3e66fc : 4 : pytrace_try_probe_python_functions :  Python version is detected as == 0x0
7881 : 0x16f77c59cd6c : 4 : pytrace_try_probe_python_functions :  Python version is detected as == 0x0
7881 : 0x16f77c6a5e18 : 4 : pytrace_try_probe_python_functions :  Python version is detected as == 0x0
7881 : 0x16f77c9142c6 : 4 : pytrace_try_probe_python_functions :  Python version is detected as == 0x0
7881 : 0x16f77ca70b74 : 4 : pytrace_try_probe_python_functions :  Python version is detected as == 0x0
7881 : 0x16f77cbbec5e : 4 : pytrace_try_probe_python_functions :  Python version is detected as == 0x0
7881 : 0x16f77ce345d6 : 4 : pytrace_try_probe_python_functions :  Python version is detected as == 0x0
7881 : 0x16f77cfbc1e6 : 4 : pytrace_try_probe_python_functions :  Python version is detected as == 0x0
7881 : 0x16f77d178c12 : 4 : pytrace_try_probe_python_functions :  Python version is detected as == 0x0
7881 : 0x16fb3c8d0abd : 4 : pytrace_stop_profiling :  [CALLED]
7881 : 0x16fb3c8d7c79 : 3 : logger_fini :  LOG FILE CLOSED (by collectunits.logger)