
9262 : 0x17c58eedce1e : 3 : logger_init :  LOG FILE OPENED (by collectunits.logger), level: 4
9262 : 0x17c594b69a0a : 4 : pytrace_try_probe_python_functions :  Python version is detected as == 0x0
9262 : 0x17c59512795a : 4 : pytrace_try_probe_python_functions :  Python version is detected as == 0x0
9262 : 0x17c5968310ff : 4 : pytrace_try_probe_python_functions :  Python version is detected as == 0x0
9262 : 0x17c596c3ac1f : 4 : pytrace_try_probe_python_functions :  Python version is detected as == 0x0
9262 : 0x17c597f6d993 : 4 : pytrace_try_probe_python_functions :  Python version is detected as == 0x0
9262 : 0x17c5af173785 : 4 : pytrace_try_probe_python_functions :  Python version is detected as == 0x0
9262 : 0x17c5af6e30f9 : 4 : pytrace_try_probe_python_functions :  Python version is detected as == 0x0
9262 : 0x17c5af96a359 : 4 : pytrace_try_probe_python_functions :  Python version is detected as == 0x0
9262 : 0x17c5b4cafa39 : 4 : pytrace_try_probe_python_functions :  Python version is detected as == 0x0
9262 : 0x17c5b50064ef : 4 : pytrace_try_probe_python_functions :  Python version is detected as == 0x0
9262 : 0x17c5b512b8d9 : 4 : pytrace_try_probe_python_functions :  Python version is detected as == 0x0
9262 : 0x17c5b586223d : 4 : pytrace_try_probe_python_functions :  Python version is detected as == 0x0
9262 : 0x17c5b6332b1a : 4 : pytrace_try_probe_python_functions :  Python version is detected as == 0x0
9262 : 0x17c5b6ac78e6 : 4 : pytrace_try_probe_python_functions :  Python version is detected as == 0x0
9262 : 0x17c5b9e20bd6 : 4 : pytrace_try_probe_python_functions :  Python version is detected as == 0x0
9262 : 0x17c5ba178998 : 4 : pytrace_try_probe_python_functions :  Python version is detected as == 0x0
9262 : 0x17c5ba23beec : 4 : pytrace_try_probe_python_functions :  Python version is detected as == 0x0
9262 : 0x17c5ba3916f2 : 4 : pytrace_try_probe_python_functions :  Python version is detected as == 0x0
9262 : 0x17c5ba6ef9f2 : 4 : pytrace_start_profiling :  [CALLED]
9262 : 0x17c5bac6645a : 4 : pytrace_try_probe_python_functions :  Python version is detected as == 0x0
9262 : 0x17c5bad37334 : 4 : pytrace_try_probe_python_functions :  Python version is detected as == 0x0
9262 : 0x17c5bae42620 : 4 : pytrace_try_probe_python_functions :  Python version is detected as == 0x0
9262 : 0x17c5baff8fa6 : 4 : pytrace_try_probe_python_functions :  Python version is detected as == 0x0
9262 : 0x17c5bb232114 : 4 : pytrace_try_probe_python_functions :  Python version is detected as == 0x0
9262 : 0x17c5bb3695a1 : 4 : pytrace_try_probe_python_functions :  Python version is detected as == 0x0
9262 : 0x17c5bb51dbd9 : 4 : pytrace_try_probe_python_functions :  Python version is detected as == 0x0
9262 : 0x17c5bb5ebb6b : 4 : pytrace_try_probe_python_functions :  Python version is detected as == 0x0
9262 : 0x17c5bb70535f : 4 : pytrace_try_probe_python_functions :  Python version is detected as == 0x0
9262 : 0x17c5bb7fd1ab : 4 : pytrace_try_probe_python_functions :  Python version is detected as == 0x0
9262 : 0x17c5bb8d3635 : 4 : pytrace_try_probe_python_functions :  Python version is detected as == 0x0
9262 : 0x17c5bb9f225d : 4 : pytrace_try_probe_python_functions :  Python version is detected as == 0x0
9262 : 0x17c5bbb9befd : 4 : pytrace_try_probe_python_functions :  Python version is detected as == 0x0
9262 : 0x17c5bbde2f95 : 4 : pytrace_try_probe_python_functions :  Python version is detected as == 0x0
9262 : 0x17c5bc7cc93b : 4 : pytrace_try_probe_python_functions :  Python version is detected as == 0x0
9262 : 0x17c5bc8f8ec5 : 4 : pytrace_try_probe_python_functions :  Python version is detected as == 0x0
9262 : 0x17c5bcd31811 : 4 : pytrace_try_probe_python_functions :  Python version is detected as == 0x0
9262 : 0x17c5be3e4474 : 4 : pytrace_try_probe_python_functions :  Python version is detected as == 0x0
9262 : 0x17c5be4dcaa8 : 4 : pytrace_try_probe_python_functions :  Python version is detected as == 0x0
9262 : 0x17c5be5b95d4 : 4 : pytrace_try_probe_python_functions :  Python version is detected as == 0x0
9262 : 0x17c5be69f8f6 : 4 : pytrace_try_probe_python_functions :  Python version is detected as == 0x0
9262 : 0x17c5be78148e : 4 : pytrace_try_probe_python_functions :  Python version is detected as == 0x0
9262 : 0x17c5be98eea8 : 4 : pytrace_try_probe_python_functions :  Python version is detected as == 0x0
9262 : 0x17c5bea7746a : 4 : pytrace_try_probe_python_functions :  Python version is detected as == 0x0
9262 : 0x17c5beb58cca : 4 : pytrace_try_probe_python_functions :  Python version is detected as == 0x0
9262 : 0x17c5bec372f2 : 4 : pytrace_try_probe_python_functions :  Python version is detected as == 0x0
9262 : 0x17c5bf204dfd : 4 : pytrace_try_probe_python_functions :  Python version is detected as == 0x0
9262 : 0x17c5bf438c71 : 4 : pytrace_try_probe_python_functions :  Python version is detected as == 0x0
9262 : 0x17c5bf605281 : 4 : pytrace_try_probe_python_functions :  Python version is detected as == 0x0
9262 : 0x17c5bf81ee71 : 4 : pytrace_try_probe_python_functions :  Python version is detected as == 0x0
9262 : 0x17c5bfa10b0d : 4 : pytrace_try_probe_python_functions :  Python version is detected as == 0x0
9262 : 0x17c5bfc7e9f7 : 4 : pytrace_try_probe_python_functions :  Python version is detected as == 0x0
9262 : 0x17c5bfdfabe9 : 4 : pytrace_try_probe_python_functions :  Python version is detected as == 0x0
9262 : 0x17c5c0006b41 : 4 : pytrace_try_probe_python_functions :  Python version is detected as == 0x0
9262 : 0x17c5c010fa95 : 4 : pytrace_try_probe_python_functions :  Python version is detected as == 0x0
9262 : 0x17c5c02797c5 : 4 : pytrace_try_probe_python_functions :  Python version is detected as == 0x0
9262 : 0x17c5c0606b81 : 4 : pytrace_try_probe_python_functions :  Python version is detected as == 0x0
9262 : 0x17c5c078d80b : 4 : pytrace_try_probe_python_functions :  Python version is detected as == 0x0
9262 : 0x17c5c08abe6f : 4 : pytrace_try_probe_python_functions :  Python version is detected as == 0x0
9262 : 0x17c5c0a784ed : 4 : pytrace_try_probe_python_functions :  Python version is detected as == 0x0
9262 : 0x17c5c0c6c8ef : 4 : pytrace_try_probe_python_functions :  Python version is detected as == 0x0
9262 : 0x17c5c0ea1e8f : 4 : pytrace_try_probe_python_functions :  Python version is detected as == 0x0
9262 : 0x17c5c139e323 : 4 : pytrace_try_probe_python_functions :  Python version is detected as == 0x0
9262 : 0x17c5c1528059 : 4 : pytrace_try_probe_python_functions :  Python version is detected as == 0x0
9262 : 0x17c5c1658bbb : 4 : pytrace_try_probe_python_functions :  Python version is detected as == 0x0
9262 : 0x17c5cf71443b : 4 : pytrace_try_probe_python_functions :  Python version is detected as == 0x0
9262 : 0x17c5cf9d29ab : 4 : pytrace_try_probe_python_functions :  Python version is detected as == 0x0
9262 : 0x17c5cfb6be19 : 4 : pytrace_try_probe_python_functions :  Python version is detected as == 0x0
9262 : 0x17c5deaa996d : 4 : pytrace_try_probe_python_functions :  Python version is detected as == 0x0
9262 : 0x17c5debd344d : 4 : pytrace_try_probe_python_functions :  Python version is detected as == 0x0
9262 : 0x17c5ded364bb : 4 : pytrace_try_probe_python_functions :  Python version is detected as == 0x0
9262 : 0x17c5dee954cd : 4 : pytrace_try_probe_python_functions :  Python version is detected as == 0x0
9262 : 0x17c5defd03fd : 4 : pytrace_try_probe_python_functions :  Python version is detected as == 0x0
9262 : 0x17c5df1212b1 : 4 : pytrace_try_probe_python_functions :  Python version is detected as == 0x0
9262 : 0x17c5df279109 : 4 : pytrace_try_probe_python_functions :  Python version is detected as == 0x0
9262 : 0x17c5df33c685 : 4 : pytrace_try_probe_python_functions :  Python version is detected as == 0x0
9262 : 0x17c5df503f7d : 4 : pytrace_try_probe_python_functions :  Python version is detected as == 0x0
9262 : 0x17c5df6318ed : 4 : pytrace_try_probe_python_functions :  Python version is detected as == 0x0
9262 : 0x17c5df75a33f : 4 : pytrace_try_probe_python_functions :  Python version is detected as == 0x0
9262 : 0x17c5df98c27b : 4 : pytrace_try_probe_python_functions :  Python version is detected as == 0x0
9262 : 0x17c5dfb2305f : 4 : pytrace_try_probe_python_functions :  Python version is detected as == 0x0
9262 : 0x17c5dfce1d1d : 4 : pytrace_try_probe_python_functions :  Python version is detected as == 0x0
9262 : 0x17c92567db58 : 4 : pytrace_stop_profiling :  [CALLED]
9262 : 0x17c92568b708 : 3 : logger_fini :  LOG FILE CLOSED (by collectunits.logger)