
8618 : 0x176f61cc150a : 3 : logger_init :  LOG FILE OPENED (by collectunits.logger), level: 4
8618 : 0x176f684c1369 : 4 : pytrace_try_probe_python_functions :  Python version is detected as == 0x0
8618 : 0x176f68aa0e07 : 4 : pytrace_try_probe_python_functions :  Python version is detected as == 0x0
8618 : 0x176f6a200d1d : 4 : pytrace_try_probe_python_functions :  Python version is detected as == 0x0
8618 : 0x176f6a516745 : 4 : pytrace_try_probe_python_functions :  Python version is detected as == 0x0
8618 : 0x176f6b2f2dd9 : 4 : pytrace_try_probe_python_functions :  Python version is detected as == 0x0
8618 : 0x176f826d0117 : 4 : pytrace_try_probe_python_functions :  Python version is detected as == 0x0
8618 : 0x176f82f65538 : 4 : pytrace_try_probe_python_functions :  Python version is detected as == 0x0
8618 : 0x176f832211a0 : 4 : pytrace_try_probe_python_functions :  Python version is detected as == 0x0
8618 : 0x176f88352837 : 4 : pytrace_try_probe_python_functions :  Python version is detected as == 0x0
8618 : 0x176f885bb971 : 4 : pytrace_try_probe_python_functions :  Python version is detected as == 0x0
8618 : 0x176f886664f7 : 4 : pytrace_try_probe_python_functions :  Python version is detected as == 0x0
8618 : 0x176f88eb7e13 : 4 : pytrace_try_probe_python_functions :  Python version is detected as == 0x0
8618 : 0x176f8953ac3d : 4 : pytrace_try_probe_python_functions :  Python version is detected as == 0x0
8618 : 0x176f89a26f2b : 4 : pytrace_try_probe_python_functions :  Python version is detected as == 0x0
8618 : 0x176f8ca43d0b : 4 : pytrace_try_probe_python_functions :  Python version is detected as == 0x0
8618 : 0x176f8cda11f1 : 4 : pytrace_try_probe_python_functions :  Python version is detected as == 0x0
8618 : 0x176f8ce586ed : 4 : pytrace_try_probe_python_functions :  Python version is detected as == 0x0
8618 : 0x176f8cf9c4f7 : 4 : pytrace_try_probe_python_functions :  Python version is detected as == 0x0
8618 : 0x176f8d30f6d4 : 4 : pytrace_start_profiling :  [CALLED]
8618 : 0x176f8d85232e : 4 : pytrace_try_probe_python_functions :  Python version is detected as == 0x0
8618 : 0x176f8d91504c : 4 : pytrace_try_probe_python_functions :  Python version is detected as == 0x0
8618 : 0x176f8da2a86e : 4 : pytrace_try_probe_python_functions :  Python version is detected as == 0x0
8618 : 0x176f8dc0969e : 4 : pytrace_try_probe_python_functions :  Python version is detected as == 0x0
8618 : 0x176f8de2ed9e : 4 : pytrace_try_probe_python_functions :  Python version is detected as == 0x0
8618 : 0x176f8df09e0c : 4 : pytrace_try_probe_python_functions :  Python version is detected as == 0x0
8618 : 0x176f8e0a88d4 : 4 : pytrace_try_probe_python_functions :  Python version is detected as == 0x0
8618 : 0x176f8e18f3f4 : 4 : pytrace_try_probe_python_functions :  Python version is detected as == 0x0
8618 : 0x176f8e252798 : 4 : pytrace_try_probe_python_functions :  Python version is detected as == 0x0
8618 : 0x176f8e31634c : 4 : pytrace_try_probe_python_functions :  Python version is detected as == 0x0
8618 : 0x176f8e3dc27c : 4 : pytrace_try_probe_python_functions :  Python version is detected as == 0x0
8618 : 0x176f8e4dff3c : 4 : pytrace_try_probe_python_functions :  Python version is detected as == 0x0
8618 : 0x176f8e6de623 : 4 : pytrace_try_probe_python_functions :  Python version is detected as == 0x0
8618 : 0x176f8e8d2017 : 4 : pytrace_try_probe_python_functions :  Python version is detected as == 0x0
8618 : 0x176f8f346c11 : 4 : pytrace_try_probe_python_functions :  Python version is detected as == 0x0
8618 : 0x176f8f4588a3 : 4 : pytrace_try_probe_python_functions :  Python version is detected as == 0x0
8618 : 0x176f8f8b5a51 : 4 : pytrace_try_probe_python_functions :  Python version is detected as == 0x0
8618 : 0x176f90c05943 : 4 : pytrace_try_probe_python_functions :  Python version is detected as == 0x0
8618 : 0x176f90d015b9 : 4 : pytrace_try_probe_python_functions :  Python version is detected as == 0x0
8618 : 0x176f90dd7b4f : 4 : pytrace_try_probe_python_functions :  Python version is detected as == 0x0
8618 : 0x176f90eb724b : 4 : pytrace_try_probe_python_functions :  Python version is detected as == 0x0
8618 : 0x176f90f8b9eb : 4 : pytrace_try_probe_python_functions :  Python version is detected as == 0x0
8618 : 0x176f91169aa9 : 4 : pytrace_try_probe_python_functions :  Python version is detected as == 0x0
8618 : 0x176f9123cdf7 : 4 : pytrace_try_probe_python_functions :  Python version is detected as == 0x0
8618 : 0x176f9132b8e3 : 4 : pytrace_try_probe_python_functions :  Python version is detected as == 0x0
8618 : 0x176f91404923 : 4 : pytrace_try_probe_python_functions :  Python version is detected as == 0x0
8618 : 0x176f919a75a3 : 4 : pytrace_try_probe_python_functions :  Python version is detected as == 0x0
8618 : 0x176f91b76111 : 4 : pytrace_try_probe_python_functions :  Python version is detected as == 0x0
8618 : 0x176f91ca4231 : 4 : pytrace_try_probe_python_functions :  Python version is detected as == 0x0
8618 : 0x176f91deb47f : 4 : pytrace_try_probe_python_functions :  Python version is detected as == 0x0
8618 : 0x176f91f47a39 : 4 : pytrace_try_probe_python_functions :  Python version is detected as == 0x0
8618 : 0x176f920d20b5 : 4 : pytrace_try_probe_python_functions :  Python version is detected as == 0x0
8618 : 0x176f921c58d3 : 4 : pytrace_try_probe_python_functions :  Python version is detected as == 0x0
8618 : 0x176f92345be5 : 4 : pytrace_try_probe_python_functions :  Python version is detected as == 0x0
8618 : 0x176f9243143f : 4 : pytrace_try_probe_python_functions :  Python version is detected as == 0x0
8618 : 0x176f9258c08f : 4 : pytrace_try_probe_python_functions :  Python version is detected as == 0x0
8618 : 0x176f928b8c7f : 4 : pytrace_try_probe_python_functions :  Python version is detected as == 0x0
8618 : 0x176f92a1bb0d : 4 : pytrace_try_probe_python_functions :  Python version is detected as == 0x0
8618 : 0x176f92b31cf9 : 4 : pytrace_try_probe_python_functions :  Python version is detected as == 0x0
8618 : 0x176f92ce36d7 : 4 : pytrace_try_probe_python_functions :  Python version is detected as == 0x0
8618 : 0x176f92ed6ac5 : 4 : pytrace_try_probe_python_functions :  Python version is detected as == 0x0
8618 : 0x176f930f87f3 : 4 : pytrace_try_probe_python_functions :  Python version is detected as == 0x0
8618 : 0x176f93710333 : 4 : pytrace_try_probe_python_functions :  Python version is detected as == 0x0
8618 : 0x176f9384c919 : 4 : pytrace_try_probe_python_functions :  Python version is detected as == 0x0
8618 : 0x176f93933223 : 4 : pytrace_try_probe_python_functions :  Python version is detected as == 0x0
8618 : 0x176fa1321245 : 4 : pytrace_try_probe_python_functions :  Python version is detected as == 0x0
8618 : 0x176fa14cba7b : 4 : pytrace_try_probe_python_functions :  Python version is detected as == 0x0
8618 : 0x176fa15f25bd : 4 : pytrace_try_probe_python_functions :  Python version is detected as == 0x0
8618 : 0x176faf274d90 : 4 : pytrace_try_probe_python_functions :  Python version is detected as == 0x0
8618 : 0x176faf3eb9a6 : 4 : pytrace_try_probe_python_functions :  Python version is detected as == 0x0
8618 : 0x176faf546410 : 4 : pytrace_try_probe_python_functions :  Python version is detected as == 0x0
8618 : 0x176faf6abc22 : 4 : pytrace_try_probe_python_functions :  Python version is detected as == 0x0
8618 : 0x176faf7d6058 : 4 : pytrace_try_probe_python_functions :  Python version is detected as == 0x0
8618 : 0x176faf936b6a : 4 : pytrace_try_probe_python_functions :  Python version is detected as == 0x0
8618 : 0x176fafa86db2 : 4 : pytrace_try_probe_python_functions :  Python version is detected as == 0x0
8618 : 0x176fafb3a366 : 4 : pytrace_try_probe_python_functions :  Python version is detected as == 0x0
8618 : 0x176fafd0919c : 4 : pytrace_try_probe_python_functions :  Python version is detected as == 0x0
8618 : 0x176fafe3553c : 4 : pytrace_try_probe_python_functions :  Python version is detected as == 0x0
8618 : 0x176faff910d6 : 4 : pytrace_try_probe_python_functions :  Python version is detected as == 0x0
8618 : 0x176fb0199754 : 4 : pytrace_try_probe_python_functions :  Python version is detected as == 0x0
8618 : 0x176fb02e937c : 4 : pytrace_try_probe_python_functions :  Python version is detected as == 0x0
8618 : 0x176fb045395c : 4 : pytrace_try_probe_python_functions :  Python version is detected as == 0x0
8618 : 0x1773cdf52b17 : 4 : pytrace_stop_profiling :  [CALLED]
8618 : 0x1773cdf6476f : 3 : logger_fini :  LOG FILE CLOSED (by collectunits.logger)