
8811 : 0x1784f9561d04 : 3 : logger_init :  LOG FILE OPENED (by collectunits.logger), level: 4
8811 : 0x178500551568 : 4 : pytrace_try_probe_python_functions :  Python version is detected as == 0x0
8811 : 0x178500b02a3e : 4 : pytrace_try_probe_python_functions :  Python version is detected as == 0x0
8811 : 0x17850226c738 : 4 : pytrace_try_probe_python_functions :  Python version is detected as == 0x0
8811 : 0x17850251d564 : 4 : pytrace_try_probe_python_functions :  Python version is detected as == 0x0
8811 : 0x178503123dfa : 4 : pytrace_try_probe_python_functions :  Python version is detected as == 0x0
8811 : 0x17851c9de229 : 4 : pytrace_try_probe_python_functions :  Python version is detected as == 0x0
8811 : 0x17851cf07d71 : 4 : pytrace_try_probe_python_functions :  Python version is detected as == 0x0
8811 : 0x17851d184f75 : 4 : pytrace_try_probe_python_functions :  Python version is detected as == 0x0
8811 : 0x178522d08604 : 4 : pytrace_try_probe_python_functions :  Python version is detected as == 0x0
8811 : 0x178522f68f56 : 4 : pytrace_try_probe_python_functions :  Python version is detected as == 0x0
8811 : 0x1785230143ca : 4 : pytrace_try_probe_python_functions :  Python version is detected as == 0x0
8811 : 0x17852358c50c : 4 : pytrace_try_probe_python_functions :  Python version is detected as == 0x0
8811 : 0x178523cdd9ca : 4 : pytrace_try_probe_python_functions :  Python version is detected as == 0x0
8811 : 0x1785241af569 : 4 : pytrace_try_probe_python_functions :  Python version is detected as == 0x0
8811 : 0x1785272eef13 : 4 : pytrace_try_probe_python_functions :  Python version is detected as == 0x0
8811 : 0x1785275e598b : 4 : pytrace_try_probe_python_functions :  Python version is detected as == 0x0
8811 : 0x1785276b008b : 4 : pytrace_try_probe_python_functions :  Python version is detected as == 0x0
8811 : 0x1785278012e5 : 4 : pytrace_try_probe_python_functions :  Python version is detected as == 0x0
8811 : 0x178527c6f9fb : 4 : pytrace_start_profiling :  [CALLED]
8811 : 0x1785284d6631 : 4 : pytrace_try_probe_python_functions :  Python version is detected as == 0x0
8811 : 0x1785285d736d : 4 : pytrace_try_probe_python_functions :  Python version is detected as == 0x0
8811 : 0x1785286d256b : 4 : pytrace_try_probe_python_functions :  Python version is detected as == 0x0
8811 : 0x1785288ccacd : 4 : pytrace_try_probe_python_functions :  Python version is detected as == 0x0
8811 : 0x178528b346d1 : 4 : pytrace_try_probe_python_functions :  Python version is detected as == 0x0
8811 : 0x178528c26cd9 : 4 : pytrace_try_probe_python_functions :  Python version is detected as == 0x0
8811 : 0x178528dd7887 : 4 : pytrace_try_probe_python_functions :  Python version is detected as == 0x0
8811 : 0x178528ea8981 : 4 : pytrace_try_probe_python_functions :  Python version is detected as == 0x0
8811 : 0x178528f73979 : 4 : pytrace_try_probe_python_functions :  Python version is detected as == 0x0
8811 : 0x178529042353 : 4 : pytrace_try_probe_python_functions :  Python version is detected as == 0x0
8811 : 0x17852912fab1 : 4 : pytrace_try_probe_python_functions :  Python version is detected as == 0x0
8811 : 0x17852925558b : 4 : pytrace_try_probe_python_functions :  Python version is detected as == 0x0
8811 : 0x1785294fa08e : 4 : pytrace_try_probe_python_functions :  Python version is detected as == 0x0
8811 : 0x1785297f1f42 : 4 : pytrace_try_probe_python_functions :  Python version is detected as == 0x0
8811 : 0x17852a80b28e : 4 : pytrace_try_probe_python_functions :  Python version is detected as == 0x0
8811 : 0x17852a9c8f44 : 4 : pytrace_try_probe_python_functions :  Python version is detected as == 0x0
8811 : 0x17852aea4d48 : 4 : pytrace_try_probe_python_functions :  Python version is detected as == 0x0
8811 : 0x17852c2f5614 : 4 : pytrace_try_probe_python_functions :  Python version is detected as == 0x0
8811 : 0x17852c40020c : 4 : pytrace_try_probe_python_functions :  Python version is detected as == 0x0
8811 : 0x17852c535e5a : 4 : pytrace_try_probe_python_functions :  Python version is detected as == 0x0
8811 : 0x17852c6368a6 : 4 : pytrace_try_probe_python_functions :  Python version is detected as == 0x0
8811 : 0x17852c74d1be : 4 : pytrace_try_probe_python_functions :  Python version is detected as == 0x0
8811 : 0x17852ca70f5c : 4 : pytrace_try_probe_python_functions :  Python version is detected as == 0x0
8811 : 0x17852cbc5230 : 4 : pytrace_try_probe_python_functions :  Python version is detected as == 0x0
8811 : 0x17852cd2c68a : 4 : pytrace_try_probe_python_functions :  Python version is detected as == 0x0
8811 : 0x17852ce8f226 : 4 : pytrace_try_probe_python_functions :  Python version is detected as == 0x0
8811 : 0x17852d35d707 : 4 : pytrace_try_probe_python_functions :  Python version is detected as == 0x0
8811 : 0x17852d4c5a5b : 4 : pytrace_try_probe_python_functions :  Python version is detected as == 0x0
8811 : 0x17852d5fdbe5 : 4 : pytrace_try_probe_python_functions :  Python version is detected as == 0x0
8811 : 0x17852d73b07b : 4 : pytrace_try_probe_python_functions :  Python version is detected as == 0x0
8811 : 0x17852d88b0b5 : 4 : pytrace_try_probe_python_functions :  Python version is detected as == 0x0
8811 : 0x17852da1af73 : 4 : pytrace_try_probe_python_functions :  Python version is detected as == 0x0
8811 : 0x17852db698ad : 4 : pytrace_try_probe_python_functions :  Python version is detected as == 0x0
8811 : 0x17852dce2c4f : 4 : pytrace_try_probe_python_functions :  Python version is detected as == 0x0
8811 : 0x17852dde49c9 : 4 : pytrace_try_probe_python_functions :  Python version is detected as == 0x0
8811 : 0x17852df3e55d : 4 : pytrace_try_probe_python_functions :  Python version is detected as == 0x0
8811 : 0x17852e285b76 : 4 : pytrace_try_probe_python_functions :  Python version is detected as == 0x0
8811 : 0x17852e40af90 : 4 : pytrace_try_probe_python_functions :  Python version is detected as == 0x0
8811 : 0x17852e545e9c : 4 : pytrace_try_probe_python_functions :  Python version is detected as == 0x0
8811 : 0x17852e73d484 : 4 : pytrace_try_probe_python_functions :  Python version is detected as == 0x0
8811 : 0x17852e92fc18 : 4 : pytrace_try_probe_python_functions :  Python version is detected as == 0x0
8811 : 0x17852eb1301c : 4 : pytrace_try_probe_python_functions :  Python version is detected as == 0x0
8811 : 0x17852f0d1742 : 4 : pytrace_try_probe_python_functions :  Python version is detected as == 0x0
8811 : 0x17852f251546 : 4 : pytrace_try_probe_python_functions :  Python version is detected as == 0x0
8811 : 0x17852f3843fc : 4 : pytrace_try_probe_python_functions :  Python version is detected as == 0x0
8811 : 0x17853d25327a : 4 : pytrace_try_probe_python_functions :  Python version is detected as == 0x0
8811 : 0x17853d7ba45e : 4 : pytrace_try_probe_python_functions :  Python version is detected as == 0x0
8811 : 0x17853db8ba64 : 4 : pytrace_try_probe_python_functions :  Python version is detected as == 0x0
8811 : 0x17854b954f1b : 4 : pytrace_try_probe_python_functions :  Python version is detected as == 0x0
8811 : 0x17854ba78f99 : 4 : pytrace_try_probe_python_functions :  Python version is detected as == 0x0
8811 : 0x17854bbde351 : 4 : pytrace_try_probe_python_functions :  Python version is detected as == 0x0
8811 : 0x17854bd34f85 : 4 : pytrace_try_probe_python_functions :  Python version is detected as == 0x0
8811 : 0x17854be6e05d : 4 : pytrace_try_probe_python_functions :  Python version is detected as == 0x0
8811 : 0x17854bfbf41b : 4 : pytrace_try_probe_python_functions :  Python version is detected as == 0x0
8811 : 0x17854c111d33 : 4 : pytrace_try_probe_python_functions :  Python version is detected as == 0x0
8811 : 0x17854c1c79e1 : 4 : pytrace_try_probe_python_functions :  Python version is detected as == 0x0
8811 : 0x17854c39f137 : 4 : pytrace_try_probe_python_functions :  Python version is detected as == 0x0
8811 : 0x17854c4cdba5 : 4 : pytrace_try_probe_python_functions :  Python version is detected as == 0x0
8811 : 0x17854c5ee233 : 4 : pytrace_try_probe_python_functions :  Python version is detected as == 0x0
8811 : 0x17854c7ff79d : 4 : pytrace_try_probe_python_functions :  Python version is detected as == 0x0
8811 : 0x17854c94744d : 4 : pytrace_try_probe_python_functions :  Python version is detected as == 0x0
8811 : 0x17854d0de3c3 : 4 : pytrace_try_probe_python_functions :  Python version is detected as == 0x0
8811 : 0x17890e9d96f7 : 4 : pytrace_stop_profiling :  [CALLED]
8811 : 0x17890e9e0dd5 : 3 : logger_fini :  LOG FILE CLOSED (by collectunits.logger)