5 [140434066500736] INFO perfrun.launcher <> - Launcher main begin
6 [140434066500736] INFO perfrun.launcher <> - MessageCatalogInit finished
6 [140434066500736] INFO perfrun.launcher <> - Launcher instance created
6 [140434066500736] INFO perfrun.launcher <> - argc = 7; cmdline = /opt/intel/oneapi/vtune/2025.3/bin64/amplxe-runss --ui-output-format xml --ui-output-fd 5 --option-file /mnt/d/Semester 6/pdc/pdc_project/i221033_i220950_A_PDC_Project/vtune_hotspots34.DESKTOP-GRRJ2VV/config/runss.options 
32 [140434066500736] INFO perfrun.perfcollector <> - SEP tool path: /opt/intel/oneapi/vtune/2025.3/bin64/sep
51 [140434066500736] INFO perfrun.launcher <> - create msngr2::ICliToolContext
51 [140434066500736] INFO perfrun.launcher <> - create file finder object
52 [140434066500736] INFO perfrun.launcher <> - create a result directory: pattern = /mnt/d/Semester 6/pdc/pdc_project/i221033_i220950_A_PDC_Project/vtune_hotspots34.DESKTOP-GRRJ2VV pid = 4294967295
62 [140434066500736] INFO perfrun.sdk <> - checked that the directory /mnt/d/Semester 6/pdc/pdc_project/i221033_i220950_A_PDC_Project/vtune_hotspots34.DESKTOP-GRRJ2VV is a local directory
62 [140434066500736] INFO perfrun.sdk <> - the directory /mnt/d/Semester 6/pdc/pdc_project/i221033_i220950_A_PDC_Project/vtune_hotspots34.DESKTOP-GRRJ2VV is located on a share or its FS ID is unknown 16914839
62 [140434066500736] INFO perfrun.sdk <> - checked that the directory /tmp/amplxe-tmp-azfar is a local directory
62 [140434066500736] INFO perfrun.sdk <> - the directory /tmp/amplxe-tmp-azfar is a local directory with FS type ID 61267
64 [140434066500736] INFO perfrun.launcher <> - Create a local result directory /tmp/amplxe-tmp-azfar/amplxe-res-8379-25671363443212 due to the user result path /mnt/d/Semester 6/pdc/pdc_project/i221033_i220950_A_PDC_Project/vtune_hotspots34.DESKTOP-GRRJ2VV is located on a share
64 [140434066500736] INFO perfrun.launcher <> - create data directory = /tmp/amplxe-tmp-azfar/amplxe-res-8379-25671363443212/data.0
74 [140434066500736] INFO perfrun.launcher <> - create data directory = /mnt/d/Semester 6/pdc/pdc_project/i221033_i220950_A_PDC_Project/vtune_hotspots34.DESKTOP-GRRJ2VV/data.2
80 [140434066500736] INFO perfrun.launcher <> - Creating the master collection flag
80 [140434066500736] INFO perfrun.launcher <> - Done creating the master collection flag
81 [140433910916800] INFO perfrun.launcher <> - plugin [remoteplug] was disabled because it doesn't support the given collection type.
81 [140433910916800] INFO perfrun.sdk <> - Allocating TMU :/tmp/amplxe-tmp-azfar/amplxe-res-8379-25671363443212/data.0/systemcollector-8379-DESKTOP-GRRJ2VV.sc
81 [140433910916800] INFO perfrun.launcher <> - plugin [vdso] was disabled because it doesn't support the given collection type.
82 [140433910916800] INFO perfrun.launcher <> - plugin [ptracecollector] was disabled because it doesn't support the given collection type.
82 [140433910916800] INFO perfrun.launcher <> - plugin [gpu] was disabled because it doesn't support the given collection type.
82 [140433910916800] INFO perfrun.launcher <> - plugin [] was disabled because it doesn't support the given collection type.
82 [140433910916800] INFO perfrun.launcher <> - plugin [] was disabled because it doesn't support the given collection type.
82 [140433910916800] INFO perfrun.launcher <> - plugin [] was disabled because it doesn't support the given collection type.
83 [140433910916800] INFO perfrun.mrte <> - system-wide mode is 0
83 [140433910916800] INFO perfrun.mrte <> - Getting  mrte profiling environment ...
92 [140433910916800] INFO perfrun.mrte <> - INTEL_MRTE_DATA_DIR=/tmp/amplxe-tmp-azfar/amplxe-res-8379-25671363443212/data.0
92 [140433910916800] INFO perfrun.mrte <> - INTEL_MRTE_HOST_NAME=DESKTOP-GRRJ2VV
93 [140433910916800] INFO perfrun.mrte <> - JAVA_TOOL_OPTIONS=-agentlib:amplxe_samplingmrte_javaprof_1.0 -Dsun.boot.library.path=/opt/intel/oneapi/vtune/2025.3/lib32/runtime:/opt/intel/oneapi/vtune/2025.3/lib64/runtime
93 [140433910916800] INFO perfrun.mrte <> - LD_LIBRARY_PATH=/opt/intel/oneapi/vtune/2025.3/lib32/runtime:/opt/intel/oneapi/vtune/2025.3/lib64/runtime:/opt/intel/oneapi/tcm/1.3/lib:/opt/intel/oneapi/umf/0.10/lib:/opt/intel/oneapi/tbb/2022.1/env/../lib/intel64/gcc4.8:/opt/intel/oneapi/pti/0.12/lib:/opt/intel/oneapi/mkl/2025.1/lib:/opt/intel/oneapi/ipp/2022.1/lib:/opt/intel/oneapi/compiler/2025.1/opt/compiler/lib:/opt/intel/oneapi/compiler/2025.1/lib
93 [140433910916800] INFO perfrun.mrte <> - CORECLR_ENABLE_PROFILING=1
93 [140433910916800] INFO perfrun.mrte <> - CORECLR_PROFILER={AA5E4821-E3B1-479c-B7FF-5AD047D22CED}
94 [140433910916800] INFO perfrun.mrte <> - CORECLR_PROFILER_PATH=/opt/intel/oneapi/vtune/2025.3/lib64/libamplxe_samplingmrte_clrprof_1.0.so
94 [140433910916800] INFO perfrun.mrte <> - INTEL_MRTE_PROFILER_MODE=mixed
94 [140433910916800] INFO perfrun.mrte <> - Data directory: /tmp/amplxe-tmp-azfar/amplxe-res-8379-25671363443212/data.0
94 [140433910916800] INFO perfrun.mrte <> - Mrte plugin is initialized
94 [140433910916800] INFO perfrun.launcher <> - plugin [emon] was disabled because it doesn't support the given collection type.
94 [140433910916800] INFO perfrun.launcher <> - plugin [cuscol] was disabled because it doesn't support the given collection type.
95 [140433910916800] INFO perfrun.launcher <> - plugin [stdsrc] was disabled because it doesn't support the given collection type.
95 [140433910916800] INFO perfrun.launcher <> - plugin [sep] was disabled because it doesn't support the given collection type.
95 [140433910916800] INFO perfrun.launcher <> - plugin [vtsspp] was disabled because it doesn't support the given collection type.
95 [140433910916800] INFO perfrun.perfcollector <> - Platform type: 150
95 [140433910916800] INFO perfrun.sdk <> - Reading value (0) from file: /proc/sys/kernel/perf_event_paranoid
95 [140433910916800] INFO perfrun.perfcollector <> - checking access to: /opt/intel/oneapi/vtune/2025.3/bin64/amplxe-perf-priv
96 [140433910916800] INFO perfrun.perfcollector <> - dir found: /sys/bus/event_source/devices/software
96 [140433910916800] INFO perfrun.perfcollector <> - format: pmu format subdir doesn't exist
96 [140433910916800] INFO perfrun.perfcollector <> - hwInfo: not set, pmuFam: software
96 [140433910916800] INFO perfrun.perfcollector <> - pmu added: software, idx: 0
96 [140433910916800] INFO perfrun.perfcollector <> - dir found: /sys/bus/event_source/devices/uprobe
97 [140433910916800] INFO perfrun.perfcollector <> - format: ref_ctr_offset: config:32-63, mask:32-63
97 [140433910916800] INFO perfrun.perfcollector <> - format: retprobe: config:0, mask:0
97 [140433910916800] INFO perfrun.perfcollector <> - hwInfo: not set, pmuFam: uprobe
97 [140433910916800] INFO perfrun.perfcollector <> - pmu caps: raw,format
97 [140433910916800] INFO perfrun.perfcollector <> - pmu added: uprobe, idx: 0
97 [140433910916800] INFO perfrun.perfcollector <> - dir found: /sys/bus/event_source/devices/cpu
98 [140433910916800] INFO perfrun.perfcollector <> - format: event: config:0-7, mask:0-7
98 [140433910916800] INFO perfrun.perfcollector <> - format: pc: config:19, mask:19
98 [140433910916800] INFO perfrun.perfcollector <> - format: edge: config:18, mask:18
98 [140433910916800] INFO perfrun.perfcollector <> - format: any: config:21, mask:21
98 [140433910916800] INFO perfrun.perfcollector <> - format: offcore_rsp: config1:0-63, mask:0-63
98 [140433910916800] INFO perfrun.perfcollector <> - format: ldlat: config1:0-15, mask:0-15
99 [140433910916800] INFO perfrun.perfcollector <> - format: inv: config:23, mask:23
99 [140433910916800] INFO perfrun.perfcollector <> - format: umask: config:8-15, mask:8-15
99 [140433910916800] INFO perfrun.perfcollector <> - format: frontend: config1:0-23, mask:0-23
99 [140433910916800] INFO perfrun.perfcollector <> - format: cmask: config:24-31, mask:24-31
100 [140433910916800] INFO perfrun.perfcollector <> - hwInfo: PERF_CPU_PMU_DETAILS
100 [140433910916800] INFO perfrun.perfcollector <> - pmu caps: raw,format,events,ldlat,frontend,offcore_rsp
100 [140433910916800] INFO perfrun.perfcollector <> - pmu added: cpu, idx: 0
100 [140433910916800] INFO perfrun.perfcollector <> - dir found: /sys/bus/event_source/devices/breakpoint
100 [140433910916800] INFO perfrun.perfcollector <> - format: pmu format subdir doesn't exist
100 [140433910916800] INFO perfrun.perfcollector <> - hwInfo: not set, pmuFam: breakpoint
101 [140433910916800] INFO perfrun.perfcollector <> - pmu added: breakpoint, idx: 0
101 [140433910916800] INFO perfrun.perfcollector <> - dir found: /sys/bus/event_source/devices/tracepoint
101 [140433910916800] INFO perfrun.perfcollector <> - format: pmu format subdir doesn't exist
101 [140433910916800] INFO perfrun.perfcollector <> - hwInfo: not set, pmuFam: tracepoint
101 [140433910916800] INFO perfrun.perfcollector <> - pmu added: tracepoint, idx: 0
101 [140433910916800] INFO perfrun.perfcollector <> - dir found: /sys/bus/event_source/devices/kprobe
102 [140433910916800] INFO perfrun.perfcollector <> - format: retprobe: config:0, mask:0
102 [140433910916800] INFO perfrun.perfcollector <> - hwInfo: not set, pmuFam: kprobe
102 [140433910916800] INFO perfrun.perfcollector <> - pmu caps: raw,format
102 [140433910916800] INFO perfrun.perfcollector <> - pmu added: kprobe, idx: 0
102 [140433910916800] INFO perfrun.perfcollector <> - dir found: /sys/bus/event_source/devices/msr
103 [140433910916800] INFO perfrun.perfcollector <> - format: event: config:0-63, mask:0-63
103 [140433910916800] INFO perfrun.perfcollector <> - hwInfo: not set, pmuFam: msr
103 [140433910916800] INFO perfrun.perfcollector <> - pmu caps: raw,format,events
103 [140433910916800] INFO perfrun.perfcollector <> - pmu added: msr, idx: 0
103 [140433910916800] INFO perfrun.perfcollector <> - Perf tool path: /opt/intel/oneapi/vtune/2025.3/bin64/amplxe-perf
103 [140433910916800] INFO perfrun.perfcollector <> - Data directory: /tmp/amplxe-tmp-azfar/amplxe-res-8379-25671363443212/data.0
104 [140433910916800] INFO perfrun.perfcollector <> - Temp directory: /tmp/amplxe-tmp-azfar
104 [140433910916800] INFO perfrun.perfcollector <> - Perf sync path: /opt/intel/oneapi/vtune/2025.3/bin64/amplxe-perf-sync
104 [140433910916800] INFO perfrun.perfcollector <> - Hypervisor = Microsoft Hv
104 [140433910916800] INFO perfrun.perfcollector <> - Counting mode is requested
104 [140433910916800] INFO perfrun.perfcollector <> - Sample after multiplier: 1
105 [140433910916800] INFO perfrun.sdk <> - runCmd: /opt/intel/oneapi/vtune/2025.3/bin64/sep -dry-run -sam 1 -ec CPU_CLK_UNHALTED.THREAD,CPU_CLK_UNHALTED.REF_TSC:sample:sa=1800000,INST_RETIRED.ANY:sample:sa=1800000,CPU_CLK_UNHALTED.REF_XCLK,CPU_CLK_UNHALTED.ONE_THREAD_ACTIVE,FP_ARITH_INST_RETIRED.SCALAR_SINGLE,FP_ARITH_INST_RETIRED.128B_PACKED_SINGLE,FP_ARITH_INST_RETIRED.256B_PACKED_SINGLE,FP_ARITH_INST_RETIRED.SCALAR_DOUBLE,FP_ARITH_INST_RETIRED.128B_PACKED_DOUBLE,FP_ARITH_INST_RETIRED.256B_PACKED_DOUBLE,UOPS_EXECUTED.X87,UOPS_RETIRED.RETIRE_SLOTS:sample:sa=2000003,UOPS_EXECUTED.THREAD -experimental
105 [140433910916800] INFO perfrun.sdk <> - runCmd started PID 8392
113 [140433910916800] INFO perfrun.perfcollector <> - SepDryRun RC = true
113 [140433910916800] INFO perfrun.perfcollector <> - Loading SEP event configuration
113 [140433910916800] INFO perfrun.perfcollector <> - pmu: cpu
114 [140433910916800] INFO perfrun.perfcollector <> - group_id: 0
114 [140433910916800] INFO perfrun.perfcollector <> - event_id: 2: INST_RETIRED.ANY
114 [140433910916800] INFO perfrun.perfcollector <> - event_id: 0: CPU_CLK_UNHALTED.THREAD
114 [140433910916800] INFO perfrun.perfcollector <> - event_id: 1: CPU_CLK_UNHALTED.REF_TSC
114 [140433910916800] INFO perfrun.perfcollector <> - event_id: 3: CPU_CLK_UNHALTED.REF_XCLK
114 [140433910916800] INFO perfrun.perfcollector <> - event_id: 4: CPU_CLK_UNHALTED.ONE_THREAD_ACTIVE
115 [140433910916800] INFO perfrun.perfcollector <> - event_id: 5: FP_ARITH_INST_RETIRED.SCALAR_SINGLE
115 [140433910916800] INFO perfrun.perfcollector <> - event_id: 6: FP_ARITH_INST_RETIRED.128B_PACKED_SINGLE
115 [140433910916800] INFO perfrun.perfcollector <> - event_id: 3: cccr: addr: 186, value: 53013c
115 [140433910916800] INFO perfrun.perfcollector <> - event_id: 4: cccr: addr: 187, value: 53023c
115 [140433910916800] INFO perfrun.perfcollector <> - event_id: 5: cccr: addr: 188, value: 5302c7
115 [140433910916800] INFO perfrun.perfcollector <> - event_id: 6: cccr: addr: 189, value: 5308c7
116 [140433910916800] INFO perfrun.perfcollector <> - event_id: 2: data: addr: 309, value: ffffffffffe488c0
116 [140433910916800] INFO perfrun.perfcollector <> - event_id: 0: data: addr: 30a, value: ffffffffffe17b7d
116 [140433910916800] INFO perfrun.perfcollector <> - event_id: 1: data: addr: 30b, value: ffffffffffe488c0
116 [140433910916800] INFO perfrun.perfcollector <> - event_id: 3: data: addr: c1, value: ffffffffffff9e55
116 [140433910916800] INFO perfrun.perfcollector <> - event_id: 4: data: addr: c2, value: ffffffffffff9e55
116 [140433910916800] INFO perfrun.perfcollector <> - event_id: 5: data: addr: c3, value: ffffffffffe17b7d
116 [140433910916800] INFO perfrun.perfcollector <> - event_id: 6: data: addr: c4, value: ffffffffffe17b7d
117 [140433910916800] INFO perfrun.perfcollector <> - group_id: 1
117 [140433910916800] INFO perfrun.perfcollector <> - event_id: 2: INST_RETIRED.ANY
117 [140433910916800] INFO perfrun.perfcollector <> - event_id: 0: CPU_CLK_UNHALTED.THREAD
117 [140433910916800] INFO perfrun.perfcollector <> - event_id: 1: CPU_CLK_UNHALTED.REF_TSC
117 [140433910916800] INFO perfrun.perfcollector <> - event_id: 7: FP_ARITH_INST_RETIRED.256B_PACKED_SINGLE
117 [140433910916800] INFO perfrun.perfcollector <> - event_id: 8: FP_ARITH_INST_RETIRED.SCALAR_DOUBLE
118 [140433910916800] INFO perfrun.perfcollector <> - event_id: 9: FP_ARITH_INST_RETIRED.128B_PACKED_DOUBLE
118 [140433910916800] INFO perfrun.perfcollector <> - event_id: 10: FP_ARITH_INST_RETIRED.256B_PACKED_DOUBLE
118 [140433910916800] INFO perfrun.perfcollector <> - event_id: 7: cccr: addr: 186, value: 5320c7
118 [140433910916800] INFO perfrun.perfcollector <> - event_id: 8: cccr: addr: 187, value: 5301c7
118 [140433910916800] INFO perfrun.perfcollector <> - event_id: 9: cccr: addr: 188, value: 5304c7
118 [140433910916800] INFO perfrun.perfcollector <> - event_id: 10: cccr: addr: 189, value: 5310c7
119 [140433910916800] INFO perfrun.perfcollector <> - event_id: 2: data: addr: 309, value: ffffffffffe488c0
119 [140433910916800] INFO perfrun.perfcollector <> - event_id: 0: data: addr: 30a, value: ffffffffffe17b7d
119 [140433910916800] INFO perfrun.perfcollector <> - event_id: 1: data: addr: 30b, value: ffffffffffe488c0
119 [140433910916800] INFO perfrun.perfcollector <> - event_id: 7: data: addr: c1, value: ffffffffffe17b7d
119 [140433910916800] INFO perfrun.perfcollector <> - event_id: 8: data: addr: c2, value: ffffffffffe17b7d
119 [140433910916800] INFO perfrun.perfcollector <> - event_id: 9: data: addr: c3, value: ffffffffffe17b7d
120 [140433910916800] INFO perfrun.perfcollector <> - event_id: 10: data: addr: c4, value: ffffffffffe17b7d
120 [140433910916800] INFO perfrun.perfcollector <> - group_id: 2
120 [140433910916800] INFO perfrun.perfcollector <> - event_id: 2: INST_RETIRED.ANY
120 [140433910916800] INFO perfrun.perfcollector <> - event_id: 0: CPU_CLK_UNHALTED.THREAD
120 [140433910916800] INFO perfrun.perfcollector <> - event_id: 1: CPU_CLK_UNHALTED.REF_TSC
120 [140433910916800] INFO perfrun.perfcollector <> - event_id: 11: UOPS_EXECUTED.X87
120 [140433910916800] INFO perfrun.perfcollector <> - event_id: 12: UOPS_RETIRED.RETIRE_SLOTS
121 [140433910916800] INFO perfrun.perfcollector <> - event_id: 13: UOPS_EXECUTED.THREAD
121 [140433910916800] INFO perfrun.perfcollector <> - event_id: 11: cccr: addr: 186, value: 5310b1
121 [140433910916800] INFO perfrun.perfcollector <> - event_id: 12: cccr: addr: 187, value: 5302c2
121 [140433910916800] INFO perfrun.perfcollector <> - event_id: 13: cccr: addr: 188, value: 5301b1
121 [140433910916800] INFO perfrun.perfcollector <> - event_id: 2: data: addr: 309, value: ffffffffffe488c0
121 [140433910916800] INFO perfrun.perfcollector <> - event_id: 0: data: addr: 30a, value: ffffffffffe17b7d
122 [140433910916800] INFO perfrun.perfcollector <> - event_id: 1: data: addr: 30b, value: ffffffffffe488c0
122 [140433910916800] INFO perfrun.perfcollector <> - event_id: 11: data: addr: c1, value: ffffffffffe17b7d
122 [140433910916800] INFO perfrun.perfcollector <> - event_id: 12: data: addr: c2, value: ffffffffffe17b7d
122 [140433910916800] INFO perfrun.perfcollector <> - event_id: 13: data: addr: c3, value: ffffffffffe17b7d
122 [140433910916800] INFO perfrun.perfcollector <> - Converting events to Perf format
122 [140433910916800] INFO perfrun.perfcollector <> - event: 0: CPU_CLK_UNHALTED.THREAD
122 [140433910916800] INFO perfrun.perfcollector <> - cccr: addr: ffffffff, value: 0
123 [140433910916800] INFO perfrun.perfcollector <> - data: addr: 30a, value: ffffffffffe17b7d
123 [140433910916800] INFO perfrun.perfcollector <> - pmu config: cpu
123 [140433910916800] INFO perfrun.perfcollector <> - config: any: 0
123 [140433910916800] INFO perfrun.perfcollector <> - config: cmask: 0
123 [140433910916800] INFO perfrun.perfcollector <> - config: edge: 0
123 [140433910916800] INFO perfrun.perfcollector <> - config: event: 3c
123 [140433910916800] INFO perfrun.perfcollector <> - config1: frontend: 0
124 [140433910916800] INFO perfrun.perfcollector <> - config: inv: 0
124 [140433910916800] INFO perfrun.perfcollector <> - config1: ldlat: 0
124 [140433910916800] INFO perfrun.perfcollector <> - config1: offcore_rsp: 0
124 [140433910916800] INFO perfrun.perfcollector <> - config: pc: 0
124 [140433910916800] INFO perfrun.perfcollector <> - config: umask: 0
124 [140433910916800] INFO perfrun.perfcollector <> - format: cpu/event=0x3c,name='CPU_CLK_UNHALTED.THREAD'/D
124 [140433910916800] INFO perfrun.perfcollector <> - event: 1: CPU_CLK_UNHALTED.REF_TSC
125 [140433910916800] INFO perfrun.perfcollector <> - cccr: addr: ffffffff, value: 0
125 [140433910916800] INFO perfrun.perfcollector <> - data: addr: 30b, value: ffffffffffe488c0
125 [140433910916800] INFO perfrun.perfcollector <> - pmu config: cpu
125 [140433910916800] INFO perfrun.perfcollector <> - config: any: 0
125 [140433910916800] INFO perfrun.perfcollector <> - config: cmask: 0
125 [140433910916800] INFO perfrun.perfcollector <> - config: edge: 0
125 [140433910916800] INFO perfrun.perfcollector <> - config: event: 0
126 [140433910916800] INFO perfrun.perfcollector <> - config1: frontend: 0
126 [140433910916800] INFO perfrun.perfcollector <> - config: inv: 0
126 [140433910916800] INFO perfrun.perfcollector <> - config1: ldlat: 0
126 [140433910916800] INFO perfrun.perfcollector <> - config1: offcore_rsp: 0
126 [140433910916800] INFO perfrun.perfcollector <> - config: pc: 0
126 [140433910916800] INFO perfrun.perfcollector <> - config: umask: 3
127 [140433910916800] INFO perfrun.perfcollector <> - format: cpu/umask=0x3,name='CPU_CLK_UNHALTED.REF_TSC'/D
127 [140433910916800] INFO perfrun.perfcollector <> - event: 2: INST_RETIRED.ANY
127 [140433910916800] INFO perfrun.perfcollector <> - cccr: addr: ffffffff, value: 0
127 [140433910916800] INFO perfrun.perfcollector <> - data: addr: 309, value: ffffffffffe488c0
127 [140433910916800] INFO perfrun.perfcollector <> - pmu config: cpu
127 [140433910916800] INFO perfrun.perfcollector <> - config: any: 0
127 [140433910916800] INFO perfrun.perfcollector <> - config: cmask: 0
128 [140433910916800] INFO perfrun.perfcollector <> - config: edge: 0
128 [140433910916800] INFO perfrun.perfcollector <> - config: event: c0
128 [140433910916800] INFO perfrun.perfcollector <> - config1: frontend: 0
128 [140433910916800] INFO perfrun.perfcollector <> - config: inv: 0
128 [140433910916800] INFO perfrun.perfcollector <> - config1: ldlat: 0
128 [140433910916800] INFO perfrun.perfcollector <> - config1: offcore_rsp: 0
128 [140433910916800] INFO perfrun.perfcollector <> - config: pc: 0
129 [140433910916800] INFO perfrun.perfcollector <> - config: umask: 0
129 [140433910916800] INFO perfrun.perfcollector <> - format: cpu/event=0xc0,name='INST_RETIRED.ANY'/D
129 [140433910916800] INFO perfrun.perfcollector <> - event: 3: CPU_CLK_UNHALTED.REF_XCLK
129 [140433910916800] INFO perfrun.perfcollector <> - cccr: addr: 186, value: 53013c
129 [140433910916800] INFO perfrun.perfcollector <> - data: addr: c1, value: ffffffffffff9e55
129 [140433910916800] INFO perfrun.perfcollector <> - pmu config: cpu
130 [140433910916800] INFO perfrun.perfcollector <> - config: any: 0
130 [140433910916800] INFO perfrun.perfcollector <> - config: cmask: 0
130 [140433910916800] INFO perfrun.perfcollector <> - config: edge: 0
130 [140433910916800] INFO perfrun.perfcollector <> - config: event: 3c
130 [140433910916800] INFO perfrun.perfcollector <> - config1: frontend: 0
130 [140433910916800] INFO perfrun.perfcollector <> - config: inv: 0
130 [140433910916800] INFO perfrun.perfcollector <> - config1: ldlat: 0
131 [140433910916800] INFO perfrun.perfcollector <> - config1: offcore_rsp: 0
131 [140433910916800] INFO perfrun.perfcollector <> - config: pc: 0
131 [140433910916800] INFO perfrun.perfcollector <> - config: umask: 1
131 [140433910916800] INFO perfrun.perfcollector <> - format: cpu/event=0x3c,umask=0x1,name='CPU_CLK_UNHALTED.REF_XCLK'/
131 [140433910916800] INFO perfrun.perfcollector <> - event: 4: CPU_CLK_UNHALTED.ONE_THREAD_ACTIVE
131 [140433910916800] INFO perfrun.perfcollector <> - cccr: addr: 187, value: 53023c
131 [140433910916800] INFO perfrun.perfcollector <> - data: addr: c2, value: ffffffffffff9e55
132 [140433910916800] INFO perfrun.perfcollector <> - pmu config: cpu
132 [140433910916800] INFO perfrun.perfcollector <> - config: any: 0
132 [140433910916800] INFO perfrun.perfcollector <> - config: cmask: 0
132 [140433910916800] INFO perfrun.perfcollector <> - config: edge: 0
132 [140433910916800] INFO perfrun.perfcollector <> - config: event: 3c
132 [140433910916800] INFO perfrun.perfcollector <> - config1: frontend: 0
133 [140433910916800] INFO perfrun.perfcollector <> - config: inv: 0
133 [140433910916800] INFO perfrun.perfcollector <> - config1: ldlat: 0
133 [140433910916800] INFO perfrun.perfcollector <> - config1: offcore_rsp: 0
133 [140433910916800] INFO perfrun.perfcollector <> - config: pc: 0
133 [140433910916800] INFO perfrun.perfcollector <> - config: umask: 2
134 [140433910916800] INFO perfrun.perfcollector <> - format: cpu/event=0x3c,umask=0x2,name='CPU_CLK_UNHALTED.ONE_THREAD_ACTIVE'/
134 [140433910916800] INFO perfrun.perfcollector <> - event: 5: FP_ARITH_INST_RETIRED.SCALAR_SINGLE
134 [140433910916800] INFO perfrun.perfcollector <> - cccr: addr: 188, value: 5302c7
134 [140433910916800] INFO perfrun.perfcollector <> - data: addr: c3, value: ffffffffffe17b7d
134 [140433910916800] INFO perfrun.perfcollector <> - pmu config: cpu
134 [140433910916800] INFO perfrun.perfcollector <> - config: any: 0
135 [140433910916800] INFO perfrun.perfcollector <> - config: cmask: 0
135 [140433910916800] INFO perfrun.perfcollector <> - config: edge: 0
135 [140433910916800] INFO perfrun.perfcollector <> - config: event: c7
135 [140433910916800] INFO perfrun.perfcollector <> - config1: frontend: 0
135 [140433910916800] INFO perfrun.perfcollector <> - config: inv: 0
135 [140433910916800] INFO perfrun.perfcollector <> - config1: ldlat: 0
136 [140433910916800] INFO perfrun.perfcollector <> - config1: offcore_rsp: 0
136 [140433910916800] INFO perfrun.perfcollector <> - config: pc: 0
136 [140433910916800] INFO perfrun.perfcollector <> - config: umask: 2
136 [140433910916800] INFO perfrun.perfcollector <> - format: cpu/event=0xc7,umask=0x2,name='FP_ARITH_INST_RETIRED.SCALAR_SINGLE'/
136 [140433910916800] INFO perfrun.perfcollector <> - event: 6: FP_ARITH_INST_RETIRED.128B_PACKED_SINGLE
136 [140433910916800] INFO perfrun.perfcollector <> - cccr: addr: 189, value: 5308c7
137 [140433910916800] INFO perfrun.perfcollector <> - data: addr: c4, value: ffffffffffe17b7d
137 [140433910916800] INFO perfrun.perfcollector <> - pmu config: cpu
137 [140433910916800] INFO perfrun.perfcollector <> - config: any: 0
137 [140433910916800] INFO perfrun.perfcollector <> - config: cmask: 0
137 [140433910916800] INFO perfrun.perfcollector <> - config: edge: 0
137 [140433910916800] INFO perfrun.perfcollector <> - config: event: c7
137 [140433910916800] INFO perfrun.perfcollector <> - config1: frontend: 0
138 [140433910916800] INFO perfrun.perfcollector <> - config: inv: 0
138 [140433910916800] INFO perfrun.perfcollector <> - config1: ldlat: 0
138 [140433910916800] INFO perfrun.perfcollector <> - config1: offcore_rsp: 0
138 [140433910916800] INFO perfrun.perfcollector <> - config: pc: 0
138 [140433910916800] INFO perfrun.perfcollector <> - config: umask: 8
138 [140433910916800] INFO perfrun.perfcollector <> - format: cpu/event=0xc7,umask=0x8,name='FP_ARITH_INST_RETIRED.128B_PACKED_SINGLE'/
138 [140433910916800] INFO perfrun.perfcollector <> - event: 7: FP_ARITH_INST_RETIRED.256B_PACKED_SINGLE
139 [140433910916800] INFO perfrun.perfcollector <> - cccr: addr: 186, value: 5320c7
139 [140433910916800] INFO perfrun.perfcollector <> - data: addr: c1, value: ffffffffffe17b7d
139 [140433910916800] INFO perfrun.perfcollector <> - pmu config: cpu
139 [140433910916800] INFO perfrun.perfcollector <> - config: any: 0
139 [140433910916800] INFO perfrun.perfcollector <> - config: cmask: 0
139 [140433910916800] INFO perfrun.perfcollector <> - config: edge: 0
139 [140433910916800] INFO perfrun.perfcollector <> - config: event: c7
140 [140433910916800] INFO perfrun.perfcollector <> - config1: frontend: 0
140 [140433910916800] INFO perfrun.perfcollector <> - config: inv: 0
140 [140433910916800] INFO perfrun.perfcollector <> - config1: ldlat: 0
140 [140433910916800] INFO perfrun.perfcollector <> - config1: offcore_rsp: 0
140 [140433910916800] INFO perfrun.perfcollector <> - config: pc: 0
140 [140433910916800] INFO perfrun.perfcollector <> - config: umask: 20
140 [140433910916800] INFO perfrun.perfcollector <> - format: cpu/event=0xc7,umask=0x20,name='FP_ARITH_INST_RETIRED.256B_PACKED_SINGLE'/
141 [140433910916800] INFO perfrun.perfcollector <> - event: 8: FP_ARITH_INST_RETIRED.SCALAR_DOUBLE
141 [140433910916800] INFO perfrun.perfcollector <> - cccr: addr: 187, value: 5301c7
141 [140433910916800] INFO perfrun.perfcollector <> - data: addr: c2, value: ffffffffffe17b7d
141 [140433910916800] INFO perfrun.perfcollector <> - pmu config: cpu
141 [140433910916800] INFO perfrun.perfcollector <> - config: any: 0
141 [140433910916800] INFO perfrun.perfcollector <> - config: cmask: 0
141 [140433910916800] INFO perfrun.perfcollector <> - config: edge: 0
142 [140433910916800] INFO perfrun.perfcollector <> - config: event: c7
142 [140433910916800] INFO perfrun.perfcollector <> - config1: frontend: 0
142 [140433910916800] INFO perfrun.perfcollector <> - config: inv: 0
142 [140433910916800] INFO perfrun.perfcollector <> - config1: ldlat: 0
142 [140433910916800] INFO perfrun.perfcollector <> - config1: offcore_rsp: 0
142 [140433910916800] INFO perfrun.perfcollector <> - config: pc: 0
142 [140433910916800] INFO perfrun.perfcollector <> - config: umask: 1
143 [140433910916800] INFO perfrun.perfcollector <> - format: cpu/event=0xc7,umask=0x1,name='FP_ARITH_INST_RETIRED.SCALAR_DOUBLE'/
143 [140433910916800] INFO perfrun.perfcollector <> - event: 9: FP_ARITH_INST_RETIRED.128B_PACKED_DOUBLE
143 [140433910916800] INFO perfrun.perfcollector <> - cccr: addr: 188, value: 5304c7
143 [140433910916800] INFO perfrun.perfcollector <> - data: addr: c3, value: ffffffffffe17b7d
143 [140433910916800] INFO perfrun.perfcollector <> - pmu config: cpu
143 [140433910916800] INFO perfrun.perfcollector <> - config: any: 0
144 [140433910916800] INFO perfrun.perfcollector <> - config: cmask: 0
144 [140433910916800] INFO perfrun.perfcollector <> - config: edge: 0
144 [140433910916800] INFO perfrun.perfcollector <> - config: event: c7
144 [140433910916800] INFO perfrun.perfcollector <> - config1: frontend: 0
144 [140433910916800] INFO perfrun.perfcollector <> - config: inv: 0
144 [140433910916800] INFO perfrun.perfcollector <> - config1: ldlat: 0
144 [140433910916800] INFO perfrun.perfcollector <> - config1: offcore_rsp: 0
145 [140433910916800] INFO perfrun.perfcollector <> - config: pc: 0
145 [140433910916800] INFO perfrun.perfcollector <> - config: umask: 4
145 [140433910916800] INFO perfrun.perfcollector <> - format: cpu/event=0xc7,umask=0x4,name='FP_ARITH_INST_RETIRED.128B_PACKED_DOUBLE'/
145 [140433910916800] INFO perfrun.perfcollector <> - event: 10: FP_ARITH_INST_RETIRED.256B_PACKED_DOUBLE
145 [140433910916800] INFO perfrun.perfcollector <> - cccr: addr: 189, value: 5310c7
146 [140433910916800] INFO perfrun.perfcollector <> - data: addr: c4, value: ffffffffffe17b7d
146 [140433910916800] INFO perfrun.perfcollector <> - pmu config: cpu
146 [140433910916800] INFO perfrun.perfcollector <> - config: any: 0
146 [140433910916800] INFO perfrun.perfcollector <> - config: cmask: 0
146 [140433910916800] INFO perfrun.perfcollector <> - config: edge: 0
146 [140433910916800] INFO perfrun.perfcollector <> - config: event: c7
146 [140433910916800] INFO perfrun.perfcollector <> - config1: frontend: 0
147 [140433910916800] INFO perfrun.perfcollector <> - config: inv: 0
147 [140433910916800] INFO perfrun.perfcollector <> - config1: ldlat: 0
147 [140433910916800] INFO perfrun.perfcollector <> - config1: offcore_rsp: 0
147 [140433910916800] INFO perfrun.perfcollector <> - config: pc: 0
147 [140433910916800] INFO perfrun.perfcollector <> - config: umask: 10
147 [140433910916800] INFO perfrun.perfcollector <> - format: cpu/event=0xc7,umask=0x10,name='FP_ARITH_INST_RETIRED.256B_PACKED_DOUBLE'/
148 [140433910916800] INFO perfrun.perfcollector <> - event: 11: UOPS_EXECUTED.X87
148 [140433910916800] INFO perfrun.perfcollector <> - cccr: addr: 186, value: 5310b1
148 [140433910916800] INFO perfrun.perfcollector <> - data: addr: c1, value: ffffffffffe17b7d
148 [140433910916800] INFO perfrun.perfcollector <> - pmu config: cpu
148 [140433910916800] INFO perfrun.perfcollector <> - config: any: 0
148 [140433910916800] INFO perfrun.perfcollector <> - config: cmask: 0
149 [140433910916800] INFO perfrun.perfcollector <> - config: edge: 0
149 [140433910916800] INFO perfrun.perfcollector <> - config: event: b1
149 [140433910916800] INFO perfrun.perfcollector <> - config1: frontend: 0
149 [140433910916800] INFO perfrun.perfcollector <> - config: inv: 0
149 [140433910916800] INFO perfrun.perfcollector <> - config1: ldlat: 0
149 [140433910916800] INFO perfrun.perfcollector <> - config1: offcore_rsp: 0
150 [140433910916800] INFO perfrun.perfcollector <> - config: pc: 0
150 [140433910916800] INFO perfrun.perfcollector <> - config: umask: 10
150 [140433910916800] INFO perfrun.perfcollector <> - format: cpu/event=0xb1,umask=0x10,name='UOPS_EXECUTED.X87'/
150 [140433910916800] INFO perfrun.perfcollector <> - event: 12: UOPS_RETIRED.RETIRE_SLOTS
150 [140433910916800] INFO perfrun.perfcollector <> - cccr: addr: 187, value: 5302c2
150 [140433910916800] INFO perfrun.perfcollector <> - data: addr: c2, value: ffffffffffe17b7d
150 [140433910916800] INFO perfrun.perfcollector <> - pmu config: cpu
151 [140433910916800] INFO perfrun.perfcollector <> - config: any: 0
151 [140433910916800] INFO perfrun.perfcollector <> - config: cmask: 0
151 [140433910916800] INFO perfrun.perfcollector <> - config: edge: 0
151 [140433910916800] INFO perfrun.perfcollector <> - config: event: c2
151 [140433910916800] INFO perfrun.perfcollector <> - config1: frontend: 0
151 [140433910916800] INFO perfrun.perfcollector <> - config: inv: 0
152 [140433910916800] INFO perfrun.perfcollector <> - config1: ldlat: 0
152 [140433910916800] INFO perfrun.perfcollector <> - config1: offcore_rsp: 0
152 [140433910916800] INFO perfrun.perfcollector <> - config: pc: 0
152 [140433910916800] INFO perfrun.perfcollector <> - config: umask: 2
152 [140433910916800] INFO perfrun.perfcollector <> - format: cpu/event=0xc2,umask=0x2,name='UOPS_RETIRED.RETIRE_SLOTS'/
152 [140433910916800] INFO perfrun.perfcollector <> - event: 13: UOPS_EXECUTED.THREAD
152 [140433910916800] INFO perfrun.perfcollector <> - cccr: addr: 188, value: 5301b1
153 [140433910916800] INFO perfrun.perfcollector <> - data: addr: c3, value: ffffffffffe17b7d
153 [140433910916800] INFO perfrun.perfcollector <> - pmu config: cpu
153 [140433910916800] INFO perfrun.perfcollector <> - config: any: 0
153 [140433910916800] INFO perfrun.perfcollector <> - config: cmask: 0
153 [140433910916800] INFO perfrun.perfcollector <> - config: edge: 0
153 [140433910916800] INFO perfrun.perfcollector <> - config: event: b1
154 [140433910916800] INFO perfrun.perfcollector <> - config1: frontend: 0
154 [140433910916800] INFO perfrun.perfcollector <> - config: inv: 0
154 [140433910916800] INFO perfrun.perfcollector <> - config1: ldlat: 0
154 [140433910916800] INFO perfrun.perfcollector <> - config1: offcore_rsp: 0
154 [140433910916800] INFO perfrun.perfcollector <> - config: pc: 0
155 [140433910916800] INFO perfrun.perfcollector <> - config: umask: 1
155 [140433910916800] INFO perfrun.perfcollector <> - format: cpu/event=0xb1,umask=0x1,name='UOPS_EXECUTED.THREAD'/
155 [140433910916800] INFO perfrun.perfcollector <> - event: cpu/event=0x3c,name='CPU_CLK_UNHALTED.THREAD'/Duk, added for counting
155 [140433910916800] INFO perfrun.perfcollector <> - event: cpu/umask=0x3,name='CPU_CLK_UNHALTED.REF_TSC'/Duk, added for counting
155 [140433910916800] INFO perfrun.perfcollector <> - event: cpu/event=0xc0,name='INST_RETIRED.ANY'/Duk, added for counting
155 [140433910916800] INFO perfrun.perfcollector <> - event: cpu/event=0x3c,umask=0x1,name='CPU_CLK_UNHALTED.REF_XCLK'/uk, added for counting
156 [140433910916800] INFO perfrun.perfcollector <> - event: cpu/event=0x3c,umask=0x2,name='CPU_CLK_UNHALTED.ONE_THREAD_ACTIVE'/uk, added for counting
156 [140433910916800] INFO perfrun.perfcollector <> - event: cpu/event=0xc7,umask=0x2,name='FP_ARITH_INST_RETIRED.SCALAR_SINGLE'/uk, added for counting
156 [140433910916800] INFO perfrun.perfcollector <> - event: cpu/event=0xc7,umask=0x8,name='FP_ARITH_INST_RETIRED.128B_PACKED_SINGLE'/uk, added for counting
156 [140433910916800] INFO perfrun.perfcollector <> - event: cpu/event=0xc7,umask=0x20,name='FP_ARITH_INST_RETIRED.256B_PACKED_SINGLE'/uk, added for counting
156 [140433910916800] INFO perfrun.perfcollector <> - event: cpu/event=0xc7,umask=0x1,name='FP_ARITH_INST_RETIRED.SCALAR_DOUBLE'/uk, added for counting
156 [140433910916800] INFO perfrun.perfcollector <> - event: cpu/event=0xc7,umask=0x4,name='FP_ARITH_INST_RETIRED.128B_PACKED_DOUBLE'/uk, added for counting
156 [140433910916800] INFO perfrun.perfcollector <> - event: cpu/event=0xc7,umask=0x10,name='FP_ARITH_INST_RETIRED.256B_PACKED_DOUBLE'/uk, added for counting
157 [140433910916800] INFO perfrun.perfcollector <> - event: cpu/event=0xb1,umask=0x10,name='UOPS_EXECUTED.X87'/uk, added for counting
157 [140433910916800] INFO perfrun.perfcollector <> - event: cpu/event=0xc2,umask=0x2,name='UOPS_RETIRED.RETIRE_SLOTS'/uk, added for counting
157 [140433910916800] INFO perfrun.perfcollector <> - event: cpu/event=0xb1,umask=0x1,name='UOPS_EXECUTED.THREAD'/uk, added for counting
157 [140433910916800] INFO perfrun.perfcollector <> - attaching to pid: 4294967295, m_mode: 10, mode: 3
157 [140433902524096] INFO perfrun.perfcollector <> - Perf stat trace pipe capacity: read = 1048576, write = 1048576
158 [140433820743360] INFO perfrun.sdk <> - Reading value (0-7) from file: /sys/devices/system/cpu/cpu0/topology/core_siblings_list
158 [140433820743360] INFO perfrun.sdk <> - Reading value (0-1) from file: /sys/devices/system/cpu/cpu0/topology/thread_siblings_list
158 [140433820743360] INFO perfrun.sdk <> - Reading value (0-7) from file: /sys/devices/system/cpu/cpu1/topology/core_siblings_list
158 [140433820743360] INFO perfrun.sdk <> - Reading value (0-1) from file: /sys/devices/system/cpu/cpu1/topology/thread_siblings_list
159 [140433820743360] INFO perfrun.sdk <> - Reading value (0-7) from file: /sys/devices/system/cpu/cpu2/topology/core_siblings_list
159 [140433820743360] INFO perfrun.sdk <> - Reading value (2-3) from file: /sys/devices/system/cpu/cpu2/topology/thread_siblings_list
159 [140433820743360] INFO perfrun.sdk <> - Reading value (0-7) from file: /sys/devices/system/cpu/cpu3/topology/core_siblings_list
159 [140433820743360] INFO perfrun.sdk <> - Reading value (2-3) from file: /sys/devices/system/cpu/cpu3/topology/thread_siblings_list
160 [140433820743360] INFO perfrun.sdk <> - Reading value (0-7) from file: /sys/devices/system/cpu/cpu4/topology/core_siblings_list
160 [140433820743360] INFO perfrun.sdk <> - Reading value (4-5) from file: /sys/devices/system/cpu/cpu4/topology/thread_siblings_list
160 [140433820743360] INFO perfrun.sdk <> - Reading value (0-7) from file: /sys/devices/system/cpu/cpu5/topology/core_siblings_list
160 [140433820743360] INFO perfrun.sdk <> - Reading value (4-5) from file: /sys/devices/system/cpu/cpu5/topology/thread_siblings_list
160 [140433820743360] INFO perfrun.sdk <> - Reading value (0-7) from file: /sys/devices/system/cpu/cpu6/topology/core_siblings_list
161 [140433820743360] INFO perfrun.sdk <> - Reading value (6-7) from file: /sys/devices/system/cpu/cpu6/topology/thread_siblings_list
161 [140433820743360] INFO perfrun.sdk <> - Reading value (0-7) from file: /sys/devices/system/cpu/cpu7/topology/core_siblings_list
161 [140433820743360] INFO perfrun.sdk <> - Reading value (6-7) from file: /sys/devices/system/cpu/cpu7/topology/thread_siblings_list
161 [140433820743360] ERROR perfrun.sdk <> - boost::filesystem::exists(filename) 'gh2::error::IsNot.Valid.File(filename):/sys/bus/event_source/devices/cpu_core/cpus'
_sdks/release_posix-x86_64_icx_2023.0.0_gnutools_9.2_binutils_2.28/perfrun_1.36.3/include/perfrun1/sdk/utils.hpp(777): gh2::error_code_t runtool::sdk::loadFileValue(RetType &, const cpil2::uchar_t *) [RetType = std::basic_string<char>]
, at file: _sdks/release_posix-x86_64_icx_2023.0.0_gnutools_9.2_binutils_2.28/perfrun_1.36.3/include/perfrun1/sdk/utils.hpp:777
161 [140433820743360] ERROR perfrun.sdk <> - boost::filesystem::exists(filename) 'gh2::error::IsNot.Valid.File(filename):/sys/bus/event_source/devices/cpu_atom/cpus'
_sdks/release_posix-x86_64_icx_2023.0.0_gnutools_9.2_binutils_2.28/perfrun_1.36.3/include/perfrun1/sdk/utils.hpp(777): gh2::error_code_t runtool::sdk::loadFileValue(RetType &, const cpil2::uchar_t *) [RetType = std::basic_string<char>]
, at file: _sdks/release_posix-x86_64_icx_2023.0.0_gnutools_9.2_binutils_2.28/perfrun_1.36.3/include/perfrun1/sdk/utils.hpp:777
162 [140433902524096] INFO perfrun.sdk <> - runCmd: /opt/intel/oneapi/vtune/2025.3/bin64/amplxe-perf stat -v --log-fd 10 --scale -x ; -e cpu/event=0x3c,name='CPU_CLK_UNHALTED.THREAD'/Duk,cpu/umask=0x3,name='CPU_CLK_UNHALTED.REF_TSC'/Duk,cpu/event=0xc0,name='INST_RETIRED.ANY'/Duk,cpu/event=0x3c,umask=0x1,name='CPU_CLK_UNHALTED.REF_XCLK'/uk,cpu/event=0x3c,umask=0x2,name='CPU_CLK_UNHALTED.ONE_THREAD_ACTIVE'/uk,cpu/event=0xc7,umask=0x2,name='FP_ARITH_INST_RETIRED.SCALAR_SINGLE'/uk,cpu/event=0xc7,umask=0x8,name='FP_ARITH_INST_RETIRED.128B_PACKED_SINGLE'/uk,cpu/event=0xc7,umask=0x20,name='FP_ARITH_INST_RETIRED.256B_PACKED_SINGLE'/uk,cpu/event=0xc7,umask=0x1,name='FP_ARITH_INST_RETIRED.SCALAR_DOUBLE'/uk,cpu/event=0xc7,umask=0x4,name='FP_ARITH_INST_RETIRED.128B_PACKED_DOUBLE'/uk,cpu/event=0xc7,umask=0x10,name='FP_ARITH_INST_RETIRED.256B_PACKED_DOUBLE'/uk,cpu/event=0xb1,umask=0x10,name='UOPS_EXECUTED.X87'/uk,cpu/event=0xc2,umask=0x2,name='UOPS_RETIRED.RETIRE_SLOTS'/uk,cpu/event=0xb1,umask=0x1,name='UOPS_EXECUTED.THREAD'/uk /opt/intel/oneapi/vtune/2025.3/bin64/amplxe-perf-sync dryrun tsc
162 [140433902524096] INFO perfrun.sdk <> - runCmd started PID 8401
177 [140433902524096] INFO perfrun.perfcollector <> - Monitor: runCmd RC = true
178 [140433910916800] INFO perfrun.launcher <> - plugin [aoclprofile] was disabled because it doesn't support the given collection type.
178 [140433910916800] INFO perfrun.tpss <> - initialize tpss controller
178 [140433910916800] INFO perfrun.tpss <> - configure collection mode: value = cpu:counters:nostack
179 [140433910916800] INFO perfrun.tpss <> - configure collection mode: value = cpu:stack
179 [140433910916800] INFO perfrun.tpss <> - default obj-size-min=1024
179 [140433910916800] INFO perfrun.tpss <> - default hash-table-size=0
179 [140433910916800] INFO perfrun.launcher <> - plugin [media] was disabled because it doesn't support the given collection type.
180 [140433910916800] INFO perfrun.launcher <> - plugin [] was disabled because it doesn't support the given collection type.
180 [140433910916800] INFO perfrun.launcher <> - plugin [] was disabled because it doesn't support the given collection type.
180 [140433910916800] INFO perfrun.launcher <> - plugin [parallelfs] was disabled because it doesn't support the given collection type.
180 [140433910916800] INFO perfrun.launcher <> - plugin [power] was disabled because it doesn't support the given collection type.
181 [140433910916800] INFO perfrun.launcher <> - plugin [] was disabled because it doesn't support the given collection type.
181 [140433910916800] INFO perfrun.launcher <> - plugin [] was disabled because it doesn't support the given collection type.
181 [140433910916800] INFO perfrun.launcher <> - plugin [] was disabled because it doesn't support the given collection type.
181 [140433910916800] INFO perfrun.launcher <> - plugin [l0_metrics] was disabled because it doesn't support the given collection type.
181 [140433910916800] INFO perfrun.launcher <> - plugin [stall_reasons] was disabled because it doesn't support the given collection type.
182 [140434066500736] INFO perfrun.launcher <> - set environment variable: LD_LIBRARY_PATH = /opt/intel/oneapi/vtune/2025.3/lib32/runtime:/opt/intel/oneapi/vtune/2025.3/lib64/runtime:/opt/intel/oneapi/tcm/1.3/lib:/opt/intel/oneapi/umf/0.10/lib:/opt/intel/oneapi/tbb/2022.1/env/../lib/intel64/gcc4.8:/opt/intel/oneapi/pti/0.12/lib:/opt/intel/oneapi/mkl/2025.1/lib:/opt/intel/oneapi/ipp/2022.1/lib:/opt/intel/oneapi/compiler/2025.1/opt/compiler/lib:/opt/intel/oneapi/compiler/2025.1/lib
182 [140434066500736] INFO perfrun.launcher <> - set environment variable: INTEL_LIBITTNOTIFY32 = /opt/intel/oneapi/vtune/2025.3/lib32/runtime/libittnotify_collector.so
182 [140434066500736] INFO perfrun.launcher <> - set environment variable: INTEL_LIBITTNOTIFY64 = /opt/intel/oneapi/vtune/2025.3/lib64/runtime/libittnotify_collector.so
183 [140434066500736] INFO perfrun.launcher <> - set environment variable: INTEL_ITTNOTIFY_GROUPS = 
183 [140434066500736] INFO perfrun.launcher <> - set environment variable: INTEL_JIT_PROFILER32 = /opt/intel/oneapi/vtune/2025.3/lib32/runtime/libittnotify_collector.so
183 [140434066500736] INFO perfrun.launcher <> - set environment variable: INTEL_JIT_PROFILER64 = /opt/intel/oneapi/vtune/2025.3/lib64/runtime/libittnotify_collector.so
183 [140434066500736] INFO perfrun.launcher <> - set environment variable: CCL_ITT_LEVEL = 1
184 [140434066500736] INFO perfrun.launcher <> - set environment variable: ENABLE_JITPROFILING = 1
184 [140434066500736] INFO perfrun.launcher <> - set environment variable: CL_CONFIG_USE_VTUNE = True
184 [140434066500736] INFO perfrun.launcher <> - set environment variable: LD_PRELOAD = libittnotify_collector.so:
185 [140434066500736] INFO perfrun.launcher <> - set environment variable: KMP_FORKJOIN_FRAMES = 0
185 [140434066500736] INFO perfrun.launcher <> - set environment variable: KMP_FORKJOIN_FRAMES_MODE = 0
185 [140434066500736] INFO perfrun.launcher <> - set environment variable: INTEL_MRTE_DATA_DIR = /tmp/amplxe-tmp-azfar/amplxe-res-8379-25671363443212/data.0
185 [140434066500736] INFO perfrun.launcher <> - set environment variable: INTEL_MRTE_HOST_NAME = DESKTOP-GRRJ2VV
186 [140434066500736] INFO perfrun.launcher <> - set environment variable: JAVA_TOOL_OPTIONS = -agentlib:amplxe_samplingmrte_javaprof_1.0 -Dsun.boot.library.path=/opt/intel/oneapi/vtune/2025.3/lib32/runtime:/opt/intel/oneapi/vtune/2025.3/lib64/runtime
186 [140434066500736] INFO perfrun.launcher <> - set environment variable: LD_LIBRARY_PATH = /opt/intel/oneapi/vtune/2025.3/lib32/runtime:/opt/intel/oneapi/vtune/2025.3/lib64/runtime:/opt/intel/oneapi/tcm/1.3/lib:/opt/intel/oneapi/umf/0.10/lib:/opt/intel/oneapi/tbb/2022.1/env/../lib/intel64/gcc4.8:/opt/intel/oneapi/pti/0.12/lib:/opt/intel/oneapi/mkl/2025.1/lib:/opt/intel/oneapi/ipp/2022.1/lib:/opt/intel/oneapi/compiler/2025.1/opt/compiler/lib:/opt/intel/oneapi/compiler/2025.1/lib
186 [140434066500736] INFO perfrun.launcher <> - set environment variable: CORECLR_ENABLE_PROFILING = 1
187 [140434066500736] INFO perfrun.launcher <> - set environment variable: CORECLR_PROFILER = {AA5E4821-E3B1-479c-B7FF-5AD047D22CED}
187 [140434066500736] INFO perfrun.launcher <> - set environment variable: CORECLR_PROFILER_PATH = /opt/intel/oneapi/vtune/2025.3/lib64/libamplxe_samplingmrte_clrprof_1.0.so
187 [140434066500736] INFO perfrun.launcher <> - set environment variable: INTEL_MRTE_PROFILER_MODE = mixed
187 [140434066500736] INFO perfrun.launcher <> - RpcServer: run RPC server to handle requests
190 [140434066500736] INFO perfrun.launcher <> - Launcher: command line to start before modification = ./test1 changes.txt 0
191 [140434066500736] INFO perfrun.launcher <> - Launcher: command line to start after modification = /opt/intel/oneapi/vtune/2025.3/bin64/pin -error_file /tmp/amplxe-tmp-azfar/amplxe-res-8379-25671363443212/data.0/pinerr.tpsslog -detach_reattach -follow_execv -tool_load_option deepbind -t64 /opt/intel/oneapi/vtune/2025.3/lib64/libtpsstool.so -t /opt/intel/oneapi/vtune/2025.3/lib32/libtpsstool.so -server_name tpss_ipc.8379 -prd_dir /opt/intel/oneapi/vtune/2025.3 -- ./test1 changes.txt 0
399 [140434066500736] INFO perfrun.launcher <> - ProcessCreator object was created
401 [140434066500736] INFO perfrun.launcher <> - Launcher: the process was started in suspend mode
404 [140433910916800] WARN perfrun.system <> - Could not do anything with /sys/kernel/debug/kvm: boost::filesystem::status: Permission denied [system:13]: "/sys/kernel/debug/kvm", at file: vcs/perfrun1/plugins/system/src/trace_writer.cpp:787
405 [140433910916800] WARN perfrun.system <> - Folder "/var/run/libvirt/qemu/"doesn't exist, at file: vcs/perfrun1/plugins/system/src/trace_writer.cpp:800
405 [140433910916800] INFO perfrun.itt <> - start itt controller for pid #8421
406 [140433910916800] INFO perfrun.perfcollector <> - attaching to pid: 8421, m_mode: 10, mode: 11
407 [140433803957952] INFO perfrun.perfcollector <> - Perf stat trace pipe capacity: read = 1048576, write = 1048576
408 [140433902524096] INFO perfrun.sdk <> - Reading value (0-7) from file: /sys/devices/system/cpu/cpu0/topology/core_siblings_list
409 [140433902524096] INFO perfrun.sdk <> - Reading value (0-1) from file: /sys/devices/system/cpu/cpu0/topology/thread_siblings_list
409 [140433902524096] INFO perfrun.sdk <> - Reading value (0-7) from file: /sys/devices/system/cpu/cpu1/topology/core_siblings_list
409 [140433902524096] INFO perfrun.sdk <> - Reading value (0-1) from file: /sys/devices/system/cpu/cpu1/topology/thread_siblings_list
410 [140433902524096] INFO perfrun.sdk <> - Reading value (0-7) from file: /sys/devices/system/cpu/cpu2/topology/core_siblings_list
410 [140433902524096] INFO perfrun.sdk <> - Reading value (2-3) from file: /sys/devices/system/cpu/cpu2/topology/thread_siblings_list
411 [140433902524096] INFO perfrun.sdk <> - Reading value (0-7) from file: /sys/devices/system/cpu/cpu3/topology/core_siblings_list
412 [140433902524096] INFO perfrun.sdk <> - Reading value (2-3) from file: /sys/devices/system/cpu/cpu3/topology/thread_siblings_list
412 [140433902524096] INFO perfrun.sdk <> - Reading value (0-7) from file: /sys/devices/system/cpu/cpu4/topology/core_siblings_list
413 [140433902524096] INFO perfrun.sdk <> - Reading value (4-5) from file: /sys/devices/system/cpu/cpu4/topology/thread_siblings_list
413 [140433902524096] INFO perfrun.sdk <> - Reading value (0-7) from file: /sys/devices/system/cpu/cpu5/topology/core_siblings_list
414 [140433902524096] INFO perfrun.sdk <> - Reading value (4-5) from file: /sys/devices/system/cpu/cpu5/topology/thread_siblings_list
414 [140433902524096] INFO perfrun.sdk <> - Reading value (0-7) from file: /sys/devices/system/cpu/cpu6/topology/core_siblings_list
415 [140433902524096] INFO perfrun.sdk <> - Reading value (6-7) from file: /sys/devices/system/cpu/cpu6/topology/thread_siblings_list
415 [140433902524096] INFO perfrun.sdk <> - Reading value (0-7) from file: /sys/devices/system/cpu/cpu7/topology/core_siblings_list
415 [140433902524096] INFO perfrun.sdk <> - Reading value (6-7) from file: /sys/devices/system/cpu/cpu7/topology/thread_siblings_list
416 [140433902524096] ERROR perfrun.sdk <> - boost::filesystem::exists(filename) 'gh2::error::IsNot.Valid.File(filename):/sys/bus/event_source/devices/cpu_core/cpus'
_sdks/release_posix-x86_64_icx_2023.0.0_gnutools_9.2_binutils_2.28/perfrun_1.36.3/include/perfrun1/sdk/utils.hpp(777): gh2::error_code_t runtool::sdk::loadFileValue(RetType &, const cpil2::uchar_t *) [RetType = std::basic_string<char>]
, at file: _sdks/release_posix-x86_64_icx_2023.0.0_gnutools_9.2_binutils_2.28/perfrun_1.36.3/include/perfrun1/sdk/utils.hpp:777
416 [140433902524096] ERROR perfrun.sdk <> - boost::filesystem::exists(filename) 'gh2::error::IsNot.Valid.File(filename):/sys/bus/event_source/devices/cpu_atom/cpus'
_sdks/release_posix-x86_64_icx_2023.0.0_gnutools_9.2_binutils_2.28/perfrun_1.36.3/include/perfrun1/sdk/utils.hpp(777): gh2::error_code_t runtool::sdk::loadFileValue(RetType &, const cpil2::uchar_t *) [RetType = std::basic_string<char>]
, at file: _sdks/release_posix-x86_64_icx_2023.0.0_gnutools_9.2_binutils_2.28/perfrun_1.36.3/include/perfrun1/sdk/utils.hpp:777
417 [140433803957952] INFO perfrun.sdk <> - runCmd: /opt/intel/oneapi/vtune/2025.3/bin64/amplxe-perf stat -v --log-fd 21 --control=fd:22,25 --scale -x ; -p 8421 -e cpu/event=0x3c,name='CPU_CLK_UNHALTED.THREAD'/Duk,cpu/umask=0x3,name='CPU_CLK_UNHALTED.REF_TSC'/Duk,cpu/event=0xc0,name='INST_RETIRED.ANY'/Duk,cpu/event=0x3c,umask=0x1,name='CPU_CLK_UNHALTED.REF_XCLK'/uk,cpu/event=0x3c,umask=0x2,name='CPU_CLK_UNHALTED.ONE_THREAD_ACTIVE'/uk,cpu/event=0xc7,umask=0x2,name='FP_ARITH_INST_RETIRED.SCALAR_SINGLE'/uk,cpu/event=0xc7,umask=0x8,name='FP_ARITH_INST_RETIRED.128B_PACKED_SINGLE'/uk,cpu/event=0xc7,umask=0x20,name='FP_ARITH_INST_RETIRED.256B_PACKED_SINGLE'/uk,cpu/event=0xc7,umask=0x1,name='FP_ARITH_INST_RETIRED.SCALAR_DOUBLE'/uk,cpu/event=0xc7,umask=0x4,name='FP_ARITH_INST_RETIRED.128B_PACKED_DOUBLE'/uk,cpu/event=0xc7,umask=0x10,name='FP_ARITH_INST_RETIRED.256B_PACKED_DOUBLE'/uk,cpu/event=0xb1,umask=0x10,name='UOPS_EXECUTED.X87'/uk,cpu/event=0xc2,umask=0x2,name='UOPS_RETIRED.RETIRE_SLOTS'/uk,cpu/event=0xb1,umask=0x1,name='UOPS_EXECUTED.THREAD'/uk /opt/intel/oneapi/vtune/2025.3/bin64/amplxe-perf-sync sync tsc
419 [140433803957952] INFO perfrun.sdk <> - runCmd started PID 8430
440 [140433910916800] INFO perfrun.tpss <> - start tpss controller for pid #8421
491 [140434066500736] INFO perfrun.launcher <> - Launcher: all plugins were started
492 [140434066500736] INFO perfrun.launcher <> - DirectoryMonitor object was created
492 [140434066500736] INFO perfrun.launcher <> - DirectoryMonitor: a callback was added
492 [140434066500736] INFO perfrun.launcher <> - DirectoryMonitor was started with pingTime = 1000
493 [140434066500736] INFO perfrun.launcher <> - DeadlineTimer is going to be constructed
493 [140434066500736] INFO perfrun.launcher <> - DeadlineTimer: a callback was added
497 [140434066500736] INFO perfrun.launcher <> - Launcher: resume the profiled application and  wait its termination or stop command
7448 [140434066500736] INFO perfrun.launcher <> - Launcher: the profiled application was terminated  with exit code = 0
7452 [140433910916800] INFO perfrun.itt <> - detach itt controller
7452 [140433910916800] INFO perfrun.itt <> - detach itt controller done
7453 [140433803957952] INFO perfrun.perfcollector <> - Monitor: runCmd RC = true
7454 [140433910916800] INFO perfrun.perfcollector <> - Monitor: state = 3, error = 1
7454 [140433910916800] INFO perfrun.tpss <> - stop tpss controller
7455 [140433910916800] INFO perfrun.sdk <> - De-allocating TMU: /tmp/amplxe-tmp-azfar/amplxe-res-8379-25671363443212/data.0/systemcollector-8379-DESKTOP-GRRJ2VV.sc
7455 [140433910916800] INFO perfrun.system <> - closed the system trace file: /tmp/amplxe-tmp-azfar/amplxe-res-8379-25671363443212/data.0/systemcollector-8379-DESKTOP-GRRJ2VV.sc
7456 [140434066500736] INFO perfrun.launcher <> - Launcher: all plugins were stopped.
7456 [140434066500736] INFO perfrun.launcher <> - DeadlineTimer is going to be destroyed
7457 [140434066500736] INFO perfrun.launcher <> - DeadlineTimer was destroyed
7457 [140434066500736] INFO perfrun.launcher <> - DirectoryMonitor object was destroyed
7458 [140434066500736] WARN perfrun.launcher <> - Stop command is ignored because it is received when collection is already stopped, at file: vcs/perfrun1/launcher/src/command_handler.cpp:226
7669 [140434066500736] INFO perfrun.launcher <> - Application exit code: 0
7669 [140434066500736] INFO perfrun.launcher <> - Exit code: 0
