6 [139992949529728] INFO perfrun.launcher <> - Launcher main begin
6 [139992949529728] INFO perfrun.launcher <> - MessageCatalogInit finished
6 [139992949529728] INFO perfrun.launcher <> - Launcher instance created
7 [139992949529728] INFO perfrun.launcher <> - argc = 7; cmdline = /opt/intel/oneapi/vtune/2025.3/bin64/amplxe-runss --ui-output-format xml --ui-output-fd 5 --option-file /mnt/d/Semester 6/pdc/pdc_project/i221033_i220950_A_PDC_Project/vtune_hotspots34.DESKTOP-GRRJ2VV/config/runss.options.1 
33 [139992949529728] INFO perfrun.perfcollector <> - SEP tool path: /opt/intel/oneapi/vtune/2025.3/bin64/sep
52 [139992949529728] INFO perfrun.launcher <> - create msngr2::ICliToolContext
53 [139992949529728] INFO perfrun.launcher <> - create file finder object
53 [139992949529728] INFO perfrun.launcher <> - create a result directory: pattern = /mnt/d/Semester 6/pdc/pdc_project/i221033_i220950_A_PDC_Project/vtune_hotspots34.DESKTOP-GRRJ2VV pid = 4294967295
63 [139992949529728] INFO perfrun.sdk <> - checked that the directory /mnt/d/Semester 6/pdc/pdc_project/i221033_i220950_A_PDC_Project/vtune_hotspots34.DESKTOP-GRRJ2VV is a local directory
63 [139992949529728] INFO perfrun.sdk <> - the directory /mnt/d/Semester 6/pdc/pdc_project/i221033_i220950_A_PDC_Project/vtune_hotspots34.DESKTOP-GRRJ2VV is located on a share or its FS ID is unknown 16914839
63 [139992949529728] INFO perfrun.sdk <> - checked that the directory /tmp/amplxe-tmp-azfar is a local directory
64 [139992949529728] INFO perfrun.sdk <> - the directory /tmp/amplxe-tmp-azfar is a local directory with FS type ID 61267
65 [139992949529728] INFO perfrun.launcher <> - Create a local result directory /tmp/amplxe-tmp-azfar/amplxe-res-8378-25671363731961 due to the user result path /mnt/d/Semester 6/pdc/pdc_project/i221033_i220950_A_PDC_Project/vtune_hotspots34.DESKTOP-GRRJ2VV is located on a share
65 [139992949529728] INFO perfrun.launcher <> - create data directory = /tmp/amplxe-tmp-azfar/amplxe-res-8378-25671363731961/data.0
66 [139992949529728] INFO perfrun.launcher <> - create data directory = /mnt/d/Semester 6/pdc/pdc_project/i221033_i220950_A_PDC_Project/vtune_hotspots34.DESKTOP-GRRJ2VV/data.0
68 [139992949529728] INFO perfrun.launcher <> - Creating the master collection flag
73 [139992949529728] INFO perfrun.launcher <> - Done creating the master collection flag
74 [139992793867968] INFO perfrun.launcher <> - plugin [remoteplug] was disabled because it doesn't support the given collection type.
74 [139992793867968] INFO perfrun.sdk <> - Allocating TMU :/tmp/amplxe-tmp-azfar/amplxe-res-8378-25671363731961/data.0/systemcollector-8378-DESKTOP-GRRJ2VV.sc
75 [139992793867968] INFO perfrun.system <> - Tpss based collection
77 [139992793867968] INFO perfrun.launcher <> - plugin [ptracecollector] was disabled because it doesn't support the given collection type.
77 [139992793867968] INFO perfrun.launcher <> - plugin [gpu] was disabled because it doesn't support the given collection type.
78 [139992793867968] INFO perfrun.launcher <> - plugin [] was disabled because it doesn't support the given collection type.
78 [139992793867968] INFO perfrun.launcher <> - plugin [] was disabled because it doesn't support the given collection type.
79 [139992793867968] INFO perfrun.launcher <> - plugin [] was disabled because it doesn't support the given collection type.
79 [139992793867968] INFO perfrun.mrte <> - system-wide mode is 0
80 [139992793867968] INFO perfrun.mrte <> - Getting  mrte profiling environment ...
91 [139992793867968] INFO perfrun.mrte <> - INTEL_MRTE_DATA_DIR=/tmp/amplxe-tmp-azfar/amplxe-res-8378-25671363731961/data.0
91 [139992793867968] INFO perfrun.mrte <> - INTEL_MRTE_HOST_NAME=DESKTOP-GRRJ2VV
91 [139992793867968] INFO perfrun.mrte <> - JAVA_TOOL_OPTIONS=-agentlib:amplxe_samplingmrte_javaprof_1.0 -Dsun.boot.library.path=/opt/intel/oneapi/vtune/2025.3/lib32/runtime:/opt/intel/oneapi/vtune/2025.3/lib64/runtime
91 [139992793867968] INFO perfrun.mrte <> - LD_LIBRARY_PATH=/opt/intel/oneapi/vtune/2025.3/lib32/runtime:/opt/intel/oneapi/vtune/2025.3/lib64/runtime:/opt/intel/oneapi/tcm/1.3/lib:/opt/intel/oneapi/umf/0.10/lib:/opt/intel/oneapi/tbb/2022.1/env/../lib/intel64/gcc4.8:/opt/intel/oneapi/pti/0.12/lib:/opt/intel/oneapi/mkl/2025.1/lib:/opt/intel/oneapi/ipp/2022.1/lib:/opt/intel/oneapi/compiler/2025.1/opt/compiler/lib:/opt/intel/oneapi/compiler/2025.1/lib
92 [139992793867968] INFO perfrun.mrte <> - CORECLR_ENABLE_PROFILING=1
92 [139992793867968] INFO perfrun.mrte <> - CORECLR_PROFILER={AA5E4821-E3B1-479c-B7FF-5AD047D22CED}
92 [139992793867968] INFO perfrun.mrte <> - CORECLR_PROFILER_PATH=/opt/intel/oneapi/vtune/2025.3/lib64/libamplxe_samplingmrte_clrprof_1.0.so
92 [139992793867968] INFO perfrun.mrte <> - INTEL_MRTE_PROFILER_MODE=mixed
92 [139992793867968] INFO perfrun.mrte <> - Data directory: /tmp/amplxe-tmp-azfar/amplxe-res-8378-25671363731961/data.0
93 [139992793867968] INFO perfrun.mrte <> - Mrte plugin is initialized
93 [139992793867968] INFO perfrun.launcher <> - plugin [emon] was disabled because it doesn't support the given collection type.
93 [139992793867968] INFO perfrun.launcher <> - plugin [cuscol] was disabled because it doesn't support the given collection type.
93 [139992793867968] INFO perfrun.launcher <> - plugin [stdsrc] was disabled because it doesn't support the given collection type.
94 [139992793867968] INFO perfrun.launcher <> - plugin [sep] was disabled because it doesn't support the given collection type.
94 [139992793867968] INFO perfrun.launcher <> - plugin [vtsspp] was disabled because it doesn't support the given collection type.
94 [139992793867968] INFO perfrun.perfcollector <> - Platform type: 150
94 [139992793867968] INFO perfrun.sdk <> - Reading value (0) from file: /proc/sys/kernel/perf_event_paranoid
95 [139992793867968] INFO perfrun.perfcollector <> - checking access to: /opt/intel/oneapi/vtune/2025.3/bin64/amplxe-perf-priv
95 [139992793867968] INFO perfrun.perfcollector <> - dir found: /sys/bus/event_source/devices/software
95 [139992793867968] INFO perfrun.perfcollector <> - format: pmu format subdir doesn't exist
95 [139992793867968] INFO perfrun.perfcollector <> - hwInfo: not set, pmuFam: software
95 [139992793867968] INFO perfrun.perfcollector <> - pmu added: software, idx: 0
95 [139992793867968] INFO perfrun.perfcollector <> - dir found: /sys/bus/event_source/devices/uprobe
96 [139992793867968] INFO perfrun.perfcollector <> - format: ref_ctr_offset: config:32-63, mask:32-63
96 [139992793867968] INFO perfrun.perfcollector <> - format: retprobe: config:0, mask:0
96 [139992793867968] INFO perfrun.perfcollector <> - hwInfo: not set, pmuFam: uprobe
96 [139992793867968] INFO perfrun.perfcollector <> - pmu caps: raw,format
96 [139992793867968] INFO perfrun.perfcollector <> - pmu added: uprobe, idx: 0
97 [139992793867968] INFO perfrun.perfcollector <> - dir found: /sys/bus/event_source/devices/cpu
97 [139992793867968] INFO perfrun.perfcollector <> - format: event: config:0-7, mask:0-7
97 [139992793867968] INFO perfrun.perfcollector <> - format: pc: config:19, mask:19
97 [139992793867968] INFO perfrun.perfcollector <> - format: edge: config:18, mask:18
97 [139992793867968] INFO perfrun.perfcollector <> - format: any: config:21, mask:21
98 [139992793867968] INFO perfrun.perfcollector <> - format: offcore_rsp: config1:0-63, mask:0-63
98 [139992793867968] INFO perfrun.perfcollector <> - format: ldlat: config1:0-15, mask:0-15
98 [139992793867968] INFO perfrun.perfcollector <> - format: inv: config:23, mask:23
98 [139992793867968] INFO perfrun.perfcollector <> - format: umask: config:8-15, mask:8-15
98 [139992793867968] INFO perfrun.perfcollector <> - format: frontend: config1:0-23, mask:0-23
99 [139992793867968] INFO perfrun.perfcollector <> - format: cmask: config:24-31, mask:24-31
99 [139992793867968] INFO perfrun.perfcollector <> - hwInfo: PERF_CPU_PMU_DETAILS
99 [139992793867968] INFO perfrun.perfcollector <> - pmu caps: raw,format,events,ldlat,frontend,offcore_rsp
99 [139992793867968] INFO perfrun.perfcollector <> - pmu added: cpu, idx: 0
99 [139992793867968] INFO perfrun.perfcollector <> - dir found: /sys/bus/event_source/devices/breakpoint
99 [139992793867968] INFO perfrun.perfcollector <> - format: pmu format subdir doesn't exist
100 [139992793867968] INFO perfrun.perfcollector <> - hwInfo: not set, pmuFam: breakpoint
100 [139992793867968] INFO perfrun.perfcollector <> - pmu added: breakpoint, idx: 0
100 [139992793867968] INFO perfrun.perfcollector <> - dir found: /sys/bus/event_source/devices/tracepoint
100 [139992793867968] INFO perfrun.perfcollector <> - format: pmu format subdir doesn't exist
100 [139992793867968] INFO perfrun.perfcollector <> - hwInfo: not set, pmuFam: tracepoint
100 [139992793867968] INFO perfrun.perfcollector <> - pmu added: tracepoint, idx: 0
101 [139992793867968] INFO perfrun.perfcollector <> - dir found: /sys/bus/event_source/devices/kprobe
101 [139992793867968] INFO perfrun.perfcollector <> - format: retprobe: config:0, mask:0
101 [139992793867968] INFO perfrun.perfcollector <> - hwInfo: not set, pmuFam: kprobe
101 [139992793867968] INFO perfrun.perfcollector <> - pmu caps: raw,format
101 [139992793867968] INFO perfrun.perfcollector <> - pmu added: kprobe, idx: 0
102 [139992793867968] INFO perfrun.perfcollector <> - dir found: /sys/bus/event_source/devices/msr
102 [139992793867968] INFO perfrun.perfcollector <> - format: event: config:0-63, mask:0-63
102 [139992793867968] INFO perfrun.perfcollector <> - hwInfo: not set, pmuFam: msr
102 [139992793867968] INFO perfrun.perfcollector <> - pmu caps: raw,format,events
102 [139992793867968] INFO perfrun.perfcollector <> - pmu added: msr, idx: 0
102 [139992793867968] INFO perfrun.perfcollector <> - Perf tool path: /opt/intel/oneapi/vtune/2025.3/bin64/amplxe-perf
103 [139992793867968] INFO perfrun.perfcollector <> - Data directory: /tmp/amplxe-tmp-azfar/amplxe-res-8378-25671363731961/data.0
103 [139992793867968] INFO perfrun.perfcollector <> - Temp directory: /tmp/amplxe-tmp-azfar
103 [139992793867968] INFO perfrun.perfcollector <> - Perf sync path: /opt/intel/oneapi/vtune/2025.3/bin64/amplxe-perf-sync
103 [139992793867968] INFO perfrun.perfcollector <> - Hypervisor = Microsoft Hv
103 [139992793867968] INFO perfrun.perfcollector <> - Counting mode is requested
103 [139992793867968] INFO perfrun.perfcollector <> - Sample after multiplier: 1
104 [139992793867968] INFO perfrun.sdk <> - runCmd: /opt/intel/oneapi/vtune/2025.3/bin64/sep -dry-run -sam 1 -ec CPU_CLK_UNHALTED.THREAD,CPU_CLK_UNHALTED.REF_TSC:sample:sa=1800000,INST_RETIRED.ANY:sample:sa=1800000,CPU_CLK_UNHALTED.REF_XCLK,CPU_CLK_UNHALTED.ONE_THREAD_ACTIVE,FP_ARITH_INST_RETIRED.SCALAR_SINGLE,FP_ARITH_INST_RETIRED.128B_PACKED_SINGLE,FP_ARITH_INST_RETIRED.256B_PACKED_SINGLE,FP_ARITH_INST_RETIRED.SCALAR_DOUBLE,FP_ARITH_INST_RETIRED.128B_PACKED_DOUBLE,FP_ARITH_INST_RETIRED.256B_PACKED_DOUBLE,UOPS_EXECUTED.X87,UOPS_RETIRED.RETIRE_SLOTS:sample:sa=2000003,UOPS_EXECUTED.THREAD -experimental
104 [139992793867968] INFO perfrun.sdk <> - runCmd started PID 8390
113 [139992793867968] INFO perfrun.perfcollector <> - SepDryRun RC = true
114 [139992793867968] INFO perfrun.perfcollector <> - Loading SEP event configuration
114 [139992793867968] INFO perfrun.perfcollector <> - pmu: cpu
114 [139992793867968] INFO perfrun.perfcollector <> - group_id: 0
114 [139992793867968] INFO perfrun.perfcollector <> - event_id: 2: INST_RETIRED.ANY
114 [139992793867968] INFO perfrun.perfcollector <> - event_id: 0: CPU_CLK_UNHALTED.THREAD
114 [139992793867968] INFO perfrun.perfcollector <> - event_id: 1: CPU_CLK_UNHALTED.REF_TSC
115 [139992793867968] INFO perfrun.perfcollector <> - event_id: 3: CPU_CLK_UNHALTED.REF_XCLK
115 [139992793867968] INFO perfrun.perfcollector <> - event_id: 4: CPU_CLK_UNHALTED.ONE_THREAD_ACTIVE
115 [139992793867968] INFO perfrun.perfcollector <> - event_id: 5: FP_ARITH_INST_RETIRED.SCALAR_SINGLE
115 [139992793867968] INFO perfrun.perfcollector <> - event_id: 6: FP_ARITH_INST_RETIRED.128B_PACKED_SINGLE
115 [139992793867968] INFO perfrun.perfcollector <> - event_id: 3: cccr: addr: 186, value: 53013c
115 [139992793867968] INFO perfrun.perfcollector <> - event_id: 4: cccr: addr: 187, value: 53023c
115 [139992793867968] INFO perfrun.perfcollector <> - event_id: 5: cccr: addr: 188, value: 5302c7
116 [139992793867968] INFO perfrun.perfcollector <> - event_id: 6: cccr: addr: 189, value: 5308c7
116 [139992793867968] INFO perfrun.perfcollector <> - event_id: 2: data: addr: 309, value: ffffffffffe488c0
116 [139992793867968] INFO perfrun.perfcollector <> - event_id: 0: data: addr: 30a, value: ffffffffffe17b7d
116 [139992793867968] INFO perfrun.perfcollector <> - event_id: 1: data: addr: 30b, value: ffffffffffe488c0
116 [139992793867968] INFO perfrun.perfcollector <> - event_id: 3: data: addr: c1, value: ffffffffffff9e55
116 [139992793867968] INFO perfrun.perfcollector <> - event_id: 4: data: addr: c2, value: ffffffffffff9e55
116 [139992793867968] INFO perfrun.perfcollector <> - event_id: 5: data: addr: c3, value: ffffffffffe17b7d
117 [139992793867968] INFO perfrun.perfcollector <> - event_id: 6: data: addr: c4, value: ffffffffffe17b7d
117 [139992793867968] INFO perfrun.perfcollector <> - group_id: 1
117 [139992793867968] INFO perfrun.perfcollector <> - event_id: 2: INST_RETIRED.ANY
117 [139992793867968] INFO perfrun.perfcollector <> - event_id: 0: CPU_CLK_UNHALTED.THREAD
117 [139992793867968] INFO perfrun.perfcollector <> - event_id: 1: CPU_CLK_UNHALTED.REF_TSC
117 [139992793867968] INFO perfrun.perfcollector <> - event_id: 7: FP_ARITH_INST_RETIRED.256B_PACKED_SINGLE
118 [139992793867968] INFO perfrun.perfcollector <> - event_id: 8: FP_ARITH_INST_RETIRED.SCALAR_DOUBLE
118 [139992793867968] INFO perfrun.perfcollector <> - event_id: 9: FP_ARITH_INST_RETIRED.128B_PACKED_DOUBLE
118 [139992793867968] INFO perfrun.perfcollector <> - event_id: 10: FP_ARITH_INST_RETIRED.256B_PACKED_DOUBLE
118 [139992793867968] INFO perfrun.perfcollector <> - event_id: 7: cccr: addr: 186, value: 5320c7
118 [139992793867968] INFO perfrun.perfcollector <> - event_id: 8: cccr: addr: 187, value: 5301c7
118 [139992793867968] INFO perfrun.perfcollector <> - event_id: 9: cccr: addr: 188, value: 5304c7
118 [139992793867968] INFO perfrun.perfcollector <> - event_id: 10: cccr: addr: 189, value: 5310c7
119 [139992793867968] INFO perfrun.perfcollector <> - event_id: 2: data: addr: 309, value: ffffffffffe488c0
119 [139992793867968] INFO perfrun.perfcollector <> - event_id: 0: data: addr: 30a, value: ffffffffffe17b7d
119 [139992793867968] INFO perfrun.perfcollector <> - event_id: 1: data: addr: 30b, value: ffffffffffe488c0
119 [139992793867968] INFO perfrun.perfcollector <> - event_id: 7: data: addr: c1, value: ffffffffffe17b7d
119 [139992793867968] INFO perfrun.perfcollector <> - event_id: 8: data: addr: c2, value: ffffffffffe17b7d
119 [139992793867968] INFO perfrun.perfcollector <> - event_id: 9: data: addr: c3, value: ffffffffffe17b7d
120 [139992793867968] INFO perfrun.perfcollector <> - event_id: 10: data: addr: c4, value: ffffffffffe17b7d
120 [139992793867968] INFO perfrun.perfcollector <> - group_id: 2
120 [139992793867968] INFO perfrun.perfcollector <> - event_id: 2: INST_RETIRED.ANY
120 [139992793867968] INFO perfrun.perfcollector <> - event_id: 0: CPU_CLK_UNHALTED.THREAD
120 [139992793867968] INFO perfrun.perfcollector <> - event_id: 1: CPU_CLK_UNHALTED.REF_TSC
120 [139992793867968] INFO perfrun.perfcollector <> - event_id: 11: UOPS_EXECUTED.X87
120 [139992793867968] INFO perfrun.perfcollector <> - event_id: 12: UOPS_RETIRED.RETIRE_SLOTS
120 [139992793867968] INFO perfrun.perfcollector <> - event_id: 13: UOPS_EXECUTED.THREAD
121 [139992793867968] INFO perfrun.perfcollector <> - event_id: 11: cccr: addr: 186, value: 5310b1
121 [139992793867968] INFO perfrun.perfcollector <> - event_id: 12: cccr: addr: 187, value: 5302c2
121 [139992793867968] INFO perfrun.perfcollector <> - event_id: 13: cccr: addr: 188, value: 5301b1
121 [139992793867968] INFO perfrun.perfcollector <> - event_id: 2: data: addr: 309, value: ffffffffffe488c0
121 [139992793867968] INFO perfrun.perfcollector <> - event_id: 0: data: addr: 30a, value: ffffffffffe17b7d
121 [139992793867968] INFO perfrun.perfcollector <> - event_id: 1: data: addr: 30b, value: ffffffffffe488c0
122 [139992793867968] INFO perfrun.perfcollector <> - event_id: 11: data: addr: c1, value: ffffffffffe17b7d
122 [139992793867968] INFO perfrun.perfcollector <> - event_id: 12: data: addr: c2, value: ffffffffffe17b7d
122 [139992793867968] INFO perfrun.perfcollector <> - event_id: 13: data: addr: c3, value: ffffffffffe17b7d
122 [139992793867968] INFO perfrun.perfcollector <> - Converting events to Perf format
122 [139992793867968] INFO perfrun.perfcollector <> - event: 0: CPU_CLK_UNHALTED.THREAD
122 [139992793867968] INFO perfrun.perfcollector <> - cccr: addr: ffffffff, value: 0
122 [139992793867968] INFO perfrun.perfcollector <> - data: addr: 30a, value: ffffffffffe17b7d
123 [139992793867968] INFO perfrun.perfcollector <> - pmu config: cpu
123 [139992793867968] INFO perfrun.perfcollector <> - config: any: 0
123 [139992793867968] INFO perfrun.perfcollector <> - config: cmask: 0
123 [139992793867968] INFO perfrun.perfcollector <> - config: edge: 0
123 [139992793867968] INFO perfrun.perfcollector <> - config: event: 3c
123 [139992793867968] INFO perfrun.perfcollector <> - config1: frontend: 0
124 [139992793867968] INFO perfrun.perfcollector <> - config: inv: 0
124 [139992793867968] INFO perfrun.perfcollector <> - config1: ldlat: 0
124 [139992793867968] INFO perfrun.perfcollector <> - config1: offcore_rsp: 0
124 [139992793867968] INFO perfrun.perfcollector <> - config: pc: 0
124 [139992793867968] INFO perfrun.perfcollector <> - config: umask: 0
124 [139992793867968] INFO perfrun.perfcollector <> - format: cpu/event=0x3c,name='CPU_CLK_UNHALTED.THREAD'/D
124 [139992793867968] INFO perfrun.perfcollector <> - event: 1: CPU_CLK_UNHALTED.REF_TSC
125 [139992793867968] INFO perfrun.perfcollector <> - cccr: addr: ffffffff, value: 0
125 [139992793867968] INFO perfrun.perfcollector <> - data: addr: 30b, value: ffffffffffe488c0
125 [139992793867968] INFO perfrun.perfcollector <> - pmu config: cpu
125 [139992793867968] INFO perfrun.perfcollector <> - config: any: 0
125 [139992793867968] INFO perfrun.perfcollector <> - config: cmask: 0
125 [139992793867968] INFO perfrun.perfcollector <> - config: edge: 0
125 [139992793867968] INFO perfrun.perfcollector <> - config: event: 0
126 [139992793867968] INFO perfrun.perfcollector <> - config1: frontend: 0
126 [139992793867968] INFO perfrun.perfcollector <> - config: inv: 0
126 [139992793867968] INFO perfrun.perfcollector <> - config1: ldlat: 0
126 [139992793867968] INFO perfrun.perfcollector <> - config1: offcore_rsp: 0
126 [139992793867968] INFO perfrun.perfcollector <> - config: pc: 0
126 [139992793867968] INFO perfrun.perfcollector <> - config: umask: 3
126 [139992793867968] INFO perfrun.perfcollector <> - format: cpu/umask=0x3,name='CPU_CLK_UNHALTED.REF_TSC'/D
127 [139992793867968] INFO perfrun.perfcollector <> - event: 2: INST_RETIRED.ANY
127 [139992793867968] INFO perfrun.perfcollector <> - cccr: addr: ffffffff, value: 0
127 [139992793867968] INFO perfrun.perfcollector <> - data: addr: 309, value: ffffffffffe488c0
127 [139992793867968] INFO perfrun.perfcollector <> - pmu config: cpu
127 [139992793867968] INFO perfrun.perfcollector <> - config: any: 0
127 [139992793867968] INFO perfrun.perfcollector <> - config: cmask: 0
128 [139992793867968] INFO perfrun.perfcollector <> - config: edge: 0
128 [139992793867968] INFO perfrun.perfcollector <> - config: event: c0
128 [139992793867968] INFO perfrun.perfcollector <> - config1: frontend: 0
128 [139992793867968] INFO perfrun.perfcollector <> - config: inv: 0
128 [139992793867968] INFO perfrun.perfcollector <> - config1: ldlat: 0
128 [139992793867968] INFO perfrun.perfcollector <> - config1: offcore_rsp: 0
128 [139992793867968] INFO perfrun.perfcollector <> - config: pc: 0
129 [139992793867968] INFO perfrun.perfcollector <> - config: umask: 0
129 [139992793867968] INFO perfrun.perfcollector <> - format: cpu/event=0xc0,name='INST_RETIRED.ANY'/D
129 [139992793867968] INFO perfrun.perfcollector <> - event: 3: CPU_CLK_UNHALTED.REF_XCLK
129 [139992793867968] INFO perfrun.perfcollector <> - cccr: addr: 186, value: 53013c
129 [139992793867968] INFO perfrun.perfcollector <> - data: addr: c1, value: ffffffffffff9e55
129 [139992793867968] INFO perfrun.perfcollector <> - pmu config: cpu
129 [139992793867968] INFO perfrun.perfcollector <> - config: any: 0
130 [139992793867968] INFO perfrun.perfcollector <> - config: cmask: 0
130 [139992793867968] INFO perfrun.perfcollector <> - config: edge: 0
130 [139992793867968] INFO perfrun.perfcollector <> - config: event: 3c
130 [139992793867968] INFO perfrun.perfcollector <> - config1: frontend: 0
130 [139992793867968] INFO perfrun.perfcollector <> - config: inv: 0
130 [139992793867968] INFO perfrun.perfcollector <> - config1: ldlat: 0
130 [139992793867968] INFO perfrun.perfcollector <> - config1: offcore_rsp: 0
131 [139992793867968] INFO perfrun.perfcollector <> - config: pc: 0
131 [139992793867968] INFO perfrun.perfcollector <> - config: umask: 1
131 [139992793867968] INFO perfrun.perfcollector <> - format: cpu/event=0x3c,umask=0x1,name='CPU_CLK_UNHALTED.REF_XCLK'/
131 [139992793867968] INFO perfrun.perfcollector <> - event: 4: CPU_CLK_UNHALTED.ONE_THREAD_ACTIVE
131 [139992793867968] INFO perfrun.perfcollector <> - cccr: addr: 187, value: 53023c
131 [139992793867968] INFO perfrun.perfcollector <> - data: addr: c2, value: ffffffffffff9e55
131 [139992793867968] INFO perfrun.perfcollector <> - pmu config: cpu
132 [139992793867968] INFO perfrun.perfcollector <> - config: any: 0
132 [139992793867968] INFO perfrun.perfcollector <> - config: cmask: 0
132 [139992793867968] INFO perfrun.perfcollector <> - config: edge: 0
132 [139992793867968] INFO perfrun.perfcollector <> - config: event: 3c
132 [139992793867968] INFO perfrun.perfcollector <> - config1: frontend: 0
132 [139992793867968] INFO perfrun.perfcollector <> - config: inv: 0
133 [139992793867968] INFO perfrun.perfcollector <> - config1: ldlat: 0
133 [139992793867968] INFO perfrun.perfcollector <> - config1: offcore_rsp: 0
133 [139992793867968] INFO perfrun.perfcollector <> - config: pc: 0
133 [139992793867968] INFO perfrun.perfcollector <> - config: umask: 2
133 [139992793867968] INFO perfrun.perfcollector <> - format: cpu/event=0x3c,umask=0x2,name='CPU_CLK_UNHALTED.ONE_THREAD_ACTIVE'/
133 [139992793867968] INFO perfrun.perfcollector <> - event: 5: FP_ARITH_INST_RETIRED.SCALAR_SINGLE
133 [139992793867968] INFO perfrun.perfcollector <> - cccr: addr: 188, value: 5302c7
134 [139992793867968] INFO perfrun.perfcollector <> - data: addr: c3, value: ffffffffffe17b7d
134 [139992793867968] INFO perfrun.perfcollector <> - pmu config: cpu
134 [139992793867968] INFO perfrun.perfcollector <> - config: any: 0
134 [139992793867968] INFO perfrun.perfcollector <> - config: cmask: 0
134 [139992793867968] INFO perfrun.perfcollector <> - config: edge: 0
135 [139992793867968] INFO perfrun.perfcollector <> - config: event: c7
135 [139992793867968] INFO perfrun.perfcollector <> - config1: frontend: 0
135 [139992793867968] INFO perfrun.perfcollector <> - config: inv: 0
135 [139992793867968] INFO perfrun.perfcollector <> - config1: ldlat: 0
135 [139992793867968] INFO perfrun.perfcollector <> - config1: offcore_rsp: 0
136 [139992793867968] INFO perfrun.perfcollector <> - config: pc: 0
136 [139992793867968] INFO perfrun.perfcollector <> - config: umask: 2
136 [139992793867968] INFO perfrun.perfcollector <> - format: cpu/event=0xc7,umask=0x2,name='FP_ARITH_INST_RETIRED.SCALAR_SINGLE'/
136 [139992793867968] INFO perfrun.perfcollector <> - event: 6: FP_ARITH_INST_RETIRED.128B_PACKED_SINGLE
136 [139992793867968] INFO perfrun.perfcollector <> - cccr: addr: 189, value: 5308c7
136 [139992793867968] INFO perfrun.perfcollector <> - data: addr: c4, value: ffffffffffe17b7d
137 [139992793867968] INFO perfrun.perfcollector <> - pmu config: cpu
137 [139992793867968] INFO perfrun.perfcollector <> - config: any: 0
137 [139992793867968] INFO perfrun.perfcollector <> - config: cmask: 0
137 [139992793867968] INFO perfrun.perfcollector <> - config: edge: 0
137 [139992793867968] INFO perfrun.perfcollector <> - config: event: c7
137 [139992793867968] INFO perfrun.perfcollector <> - config1: frontend: 0
138 [139992793867968] INFO perfrun.perfcollector <> - config: inv: 0
138 [139992793867968] INFO perfrun.perfcollector <> - config1: ldlat: 0
138 [139992793867968] INFO perfrun.perfcollector <> - config1: offcore_rsp: 0
138 [139992793867968] INFO perfrun.perfcollector <> - config: pc: 0
138 [139992793867968] INFO perfrun.perfcollector <> - config: umask: 8
138 [139992793867968] INFO perfrun.perfcollector <> - format: cpu/event=0xc7,umask=0x8,name='FP_ARITH_INST_RETIRED.128B_PACKED_SINGLE'/
138 [139992793867968] INFO perfrun.perfcollector <> - event: 7: FP_ARITH_INST_RETIRED.256B_PACKED_SINGLE
139 [139992793867968] INFO perfrun.perfcollector <> - cccr: addr: 186, value: 5320c7
139 [139992793867968] INFO perfrun.perfcollector <> - data: addr: c1, value: ffffffffffe17b7d
139 [139992793867968] INFO perfrun.perfcollector <> - pmu config: cpu
139 [139992793867968] INFO perfrun.perfcollector <> - config: any: 0
139 [139992793867968] INFO perfrun.perfcollector <> - config: cmask: 0
139 [139992793867968] INFO perfrun.perfcollector <> - config: edge: 0
139 [139992793867968] INFO perfrun.perfcollector <> - config: event: c7
140 [139992793867968] INFO perfrun.perfcollector <> - config1: frontend: 0
140 [139992793867968] INFO perfrun.perfcollector <> - config: inv: 0
140 [139992793867968] INFO perfrun.perfcollector <> - config1: ldlat: 0
140 [139992793867968] INFO perfrun.perfcollector <> - config1: offcore_rsp: 0
140 [139992793867968] INFO perfrun.perfcollector <> - config: pc: 0
140 [139992793867968] INFO perfrun.perfcollector <> - config: umask: 20
140 [139992793867968] INFO perfrun.perfcollector <> - format: cpu/event=0xc7,umask=0x20,name='FP_ARITH_INST_RETIRED.256B_PACKED_SINGLE'/
141 [139992793867968] INFO perfrun.perfcollector <> - event: 8: FP_ARITH_INST_RETIRED.SCALAR_DOUBLE
141 [139992793867968] INFO perfrun.perfcollector <> - cccr: addr: 187, value: 5301c7
141 [139992793867968] INFO perfrun.perfcollector <> - data: addr: c2, value: ffffffffffe17b7d
141 [139992793867968] INFO perfrun.perfcollector <> - pmu config: cpu
141 [139992793867968] INFO perfrun.perfcollector <> - config: any: 0
141 [139992793867968] INFO perfrun.perfcollector <> - config: cmask: 0
141 [139992793867968] INFO perfrun.perfcollector <> - config: edge: 0
142 [139992793867968] INFO perfrun.perfcollector <> - config: event: c7
142 [139992793867968] INFO perfrun.perfcollector <> - config1: frontend: 0
142 [139992793867968] INFO perfrun.perfcollector <> - config: inv: 0
142 [139992793867968] INFO perfrun.perfcollector <> - config1: ldlat: 0
142 [139992793867968] INFO perfrun.perfcollector <> - config1: offcore_rsp: 0
142 [139992793867968] INFO perfrun.perfcollector <> - config: pc: 0
142 [139992793867968] INFO perfrun.perfcollector <> - config: umask: 1
143 [139992793867968] INFO perfrun.perfcollector <> - format: cpu/event=0xc7,umask=0x1,name='FP_ARITH_INST_RETIRED.SCALAR_DOUBLE'/
143 [139992793867968] INFO perfrun.perfcollector <> - event: 9: FP_ARITH_INST_RETIRED.128B_PACKED_DOUBLE
143 [139992793867968] INFO perfrun.perfcollector <> - cccr: addr: 188, value: 5304c7
143 [139992793867968] INFO perfrun.perfcollector <> - data: addr: c3, value: ffffffffffe17b7d
143 [139992793867968] INFO perfrun.perfcollector <> - pmu config: cpu
143 [139992793867968] INFO perfrun.perfcollector <> - config: any: 0
143 [139992793867968] INFO perfrun.perfcollector <> - config: cmask: 0
144 [139992793867968] INFO perfrun.perfcollector <> - config: edge: 0
144 [139992793867968] INFO perfrun.perfcollector <> - config: event: c7
144 [139992793867968] INFO perfrun.perfcollector <> - config1: frontend: 0
144 [139992793867968] INFO perfrun.perfcollector <> - config: inv: 0
144 [139992793867968] INFO perfrun.perfcollector <> - config1: ldlat: 0
144 [139992793867968] INFO perfrun.perfcollector <> - config1: offcore_rsp: 0
144 [139992793867968] INFO perfrun.perfcollector <> - config: pc: 0
145 [139992793867968] INFO perfrun.perfcollector <> - config: umask: 4
145 [139992793867968] INFO perfrun.perfcollector <> - format: cpu/event=0xc7,umask=0x4,name='FP_ARITH_INST_RETIRED.128B_PACKED_DOUBLE'/
145 [139992793867968] INFO perfrun.perfcollector <> - event: 10: FP_ARITH_INST_RETIRED.256B_PACKED_DOUBLE
145 [139992793867968] INFO perfrun.perfcollector <> - cccr: addr: 189, value: 5310c7
145 [139992793867968] INFO perfrun.perfcollector <> - data: addr: c4, value: ffffffffffe17b7d
145 [139992793867968] INFO perfrun.perfcollector <> - pmu config: cpu
146 [139992793867968] INFO perfrun.perfcollector <> - config: any: 0
146 [139992793867968] INFO perfrun.perfcollector <> - config: cmask: 0
146 [139992793867968] INFO perfrun.perfcollector <> - config: edge: 0
146 [139992793867968] INFO perfrun.perfcollector <> - config: event: c7
146 [139992793867968] INFO perfrun.perfcollector <> - config1: frontend: 0
146 [139992793867968] INFO perfrun.perfcollector <> - config: inv: 0
147 [139992793867968] INFO perfrun.perfcollector <> - config1: ldlat: 0
147 [139992793867968] INFO perfrun.perfcollector <> - config1: offcore_rsp: 0
147 [139992793867968] INFO perfrun.perfcollector <> - config: pc: 0
147 [139992793867968] INFO perfrun.perfcollector <> - config: umask: 10
147 [139992793867968] INFO perfrun.perfcollector <> - format: cpu/event=0xc7,umask=0x10,name='FP_ARITH_INST_RETIRED.256B_PACKED_DOUBLE'/
147 [139992793867968] INFO perfrun.perfcollector <> - event: 11: UOPS_EXECUTED.X87
148 [139992793867968] INFO perfrun.perfcollector <> - cccr: addr: 186, value: 5310b1
148 [139992793867968] INFO perfrun.perfcollector <> - data: addr: c1, value: ffffffffffe17b7d
148 [139992793867968] INFO perfrun.perfcollector <> - pmu config: cpu
148 [139992793867968] INFO perfrun.perfcollector <> - config: any: 0
148 [139992793867968] INFO perfrun.perfcollector <> - config: cmask: 0
148 [139992793867968] INFO perfrun.perfcollector <> - config: edge: 0
148 [139992793867968] INFO perfrun.perfcollector <> - config: event: b1
149 [139992793867968] INFO perfrun.perfcollector <> - config1: frontend: 0
149 [139992793867968] INFO perfrun.perfcollector <> - config: inv: 0
149 [139992793867968] INFO perfrun.perfcollector <> - config1: ldlat: 0
149 [139992793867968] INFO perfrun.perfcollector <> - config1: offcore_rsp: 0
149 [139992793867968] INFO perfrun.perfcollector <> - config: pc: 0
149 [139992793867968] INFO perfrun.perfcollector <> - config: umask: 10
150 [139992793867968] INFO perfrun.perfcollector <> - format: cpu/event=0xb1,umask=0x10,name='UOPS_EXECUTED.X87'/
150 [139992793867968] INFO perfrun.perfcollector <> - event: 12: UOPS_RETIRED.RETIRE_SLOTS
150 [139992793867968] INFO perfrun.perfcollector <> - cccr: addr: 187, value: 5302c2
150 [139992793867968] INFO perfrun.perfcollector <> - data: addr: c2, value: ffffffffffe17b7d
150 [139992793867968] INFO perfrun.perfcollector <> - pmu config: cpu
150 [139992793867968] INFO perfrun.perfcollector <> - config: any: 0
151 [139992793867968] INFO perfrun.perfcollector <> - config: cmask: 0
151 [139992793867968] INFO perfrun.perfcollector <> - config: edge: 0
151 [139992793867968] INFO perfrun.perfcollector <> - config: event: c2
151 [139992793867968] INFO perfrun.perfcollector <> - config1: frontend: 0
151 [139992793867968] INFO perfrun.perfcollector <> - config: inv: 0
151 [139992793867968] INFO perfrun.perfcollector <> - config1: ldlat: 0
152 [139992793867968] INFO perfrun.perfcollector <> - config1: offcore_rsp: 0
152 [139992793867968] INFO perfrun.perfcollector <> - config: pc: 0
152 [139992793867968] INFO perfrun.perfcollector <> - config: umask: 2
152 [139992793867968] INFO perfrun.perfcollector <> - format: cpu/event=0xc2,umask=0x2,name='UOPS_RETIRED.RETIRE_SLOTS'/
152 [139992793867968] INFO perfrun.perfcollector <> - event: 13: UOPS_EXECUTED.THREAD
152 [139992793867968] INFO perfrun.perfcollector <> - cccr: addr: 188, value: 5301b1
152 [139992793867968] INFO perfrun.perfcollector <> - data: addr: c3, value: ffffffffffe17b7d
153 [139992793867968] INFO perfrun.perfcollector <> - pmu config: cpu
153 [139992793867968] INFO perfrun.perfcollector <> - config: any: 0
153 [139992793867968] INFO perfrun.perfcollector <> - config: cmask: 0
153 [139992793867968] INFO perfrun.perfcollector <> - config: edge: 0
153 [139992793867968] INFO perfrun.perfcollector <> - config: event: b1
153 [139992793867968] INFO perfrun.perfcollector <> - config1: frontend: 0
154 [139992793867968] INFO perfrun.perfcollector <> - config: inv: 0
154 [139992793867968] INFO perfrun.perfcollector <> - config1: ldlat: 0
154 [139992793867968] INFO perfrun.perfcollector <> - config1: offcore_rsp: 0
154 [139992793867968] INFO perfrun.perfcollector <> - config: pc: 0
154 [139992793867968] INFO perfrun.perfcollector <> - config: umask: 1
154 [139992793867968] INFO perfrun.perfcollector <> - format: cpu/event=0xb1,umask=0x1,name='UOPS_EXECUTED.THREAD'/
155 [139992793867968] INFO perfrun.perfcollector <> - event: cpu/event=0x3c,name='CPU_CLK_UNHALTED.THREAD'/Duk, added for counting
155 [139992793867968] INFO perfrun.perfcollector <> - event: cpu/umask=0x3,name='CPU_CLK_UNHALTED.REF_TSC'/Duk, added for counting
155 [139992793867968] INFO perfrun.perfcollector <> - event: cpu/event=0xc0,name='INST_RETIRED.ANY'/Duk, added for counting
155 [139992793867968] INFO perfrun.perfcollector <> - event: cpu/event=0x3c,umask=0x1,name='CPU_CLK_UNHALTED.REF_XCLK'/uk, added for counting
155 [139992793867968] INFO perfrun.perfcollector <> - event: cpu/event=0x3c,umask=0x2,name='CPU_CLK_UNHALTED.ONE_THREAD_ACTIVE'/uk, added for counting
155 [139992793867968] INFO perfrun.perfcollector <> - event: cpu/event=0xc7,umask=0x2,name='FP_ARITH_INST_RETIRED.SCALAR_SINGLE'/uk, added for counting
156 [139992793867968] INFO perfrun.perfcollector <> - event: cpu/event=0xc7,umask=0x8,name='FP_ARITH_INST_RETIRED.128B_PACKED_SINGLE'/uk, added for counting
156 [139992793867968] INFO perfrun.perfcollector <> - event: cpu/event=0xc7,umask=0x20,name='FP_ARITH_INST_RETIRED.256B_PACKED_SINGLE'/uk, added for counting
156 [139992793867968] INFO perfrun.perfcollector <> - event: cpu/event=0xc7,umask=0x1,name='FP_ARITH_INST_RETIRED.SCALAR_DOUBLE'/uk, added for counting
156 [139992793867968] INFO perfrun.perfcollector <> - event: cpu/event=0xc7,umask=0x4,name='FP_ARITH_INST_RETIRED.128B_PACKED_DOUBLE'/uk, added for counting
156 [139992793867968] INFO perfrun.perfcollector <> - event: cpu/event=0xc7,umask=0x10,name='FP_ARITH_INST_RETIRED.256B_PACKED_DOUBLE'/uk, added for counting
156 [139992793867968] INFO perfrun.perfcollector <> - event: cpu/event=0xb1,umask=0x10,name='UOPS_EXECUTED.X87'/uk, added for counting
157 [139992793867968] INFO perfrun.perfcollector <> - event: cpu/event=0xc2,umask=0x2,name='UOPS_RETIRED.RETIRE_SLOTS'/uk, added for counting
157 [139992793867968] INFO perfrun.perfcollector <> - event: cpu/event=0xb1,umask=0x1,name='UOPS_EXECUTED.THREAD'/uk, added for counting
157 [139992793867968] INFO perfrun.perfcollector <> - attaching to pid: 4294967295, m_mode: 10, mode: 3
158 [139992714180288] INFO perfrun.perfcollector <> - Perf stat trace pipe capacity: read = 1048576, write = 1048576
158 [139992705787584] INFO perfrun.sdk <> - Reading value (0-7) from file: /sys/devices/system/cpu/cpu0/topology/core_siblings_list
159 [139992705787584] INFO perfrun.sdk <> - Reading value (0-1) from file: /sys/devices/system/cpu/cpu0/topology/thread_siblings_list
159 [139992705787584] INFO perfrun.sdk <> - Reading value (0-7) from file: /sys/devices/system/cpu/cpu1/topology/core_siblings_list
159 [139992705787584] INFO perfrun.sdk <> - Reading value (0-1) from file: /sys/devices/system/cpu/cpu1/topology/thread_siblings_list
159 [139992705787584] INFO perfrun.sdk <> - Reading value (0-7) from file: /sys/devices/system/cpu/cpu2/topology/core_siblings_list
160 [139992705787584] INFO perfrun.sdk <> - Reading value (2-3) from file: /sys/devices/system/cpu/cpu2/topology/thread_siblings_list
160 [139992705787584] INFO perfrun.sdk <> - Reading value (0-7) from file: /sys/devices/system/cpu/cpu3/topology/core_siblings_list
160 [139992705787584] INFO perfrun.sdk <> - Reading value (2-3) from file: /sys/devices/system/cpu/cpu3/topology/thread_siblings_list
160 [139992705787584] INFO perfrun.sdk <> - Reading value (0-7) from file: /sys/devices/system/cpu/cpu4/topology/core_siblings_list
160 [139992705787584] INFO perfrun.sdk <> - Reading value (4-5) from file: /sys/devices/system/cpu/cpu4/topology/thread_siblings_list
161 [139992705787584] INFO perfrun.sdk <> - Reading value (0-7) from file: /sys/devices/system/cpu/cpu5/topology/core_siblings_list
161 [139992705787584] INFO perfrun.sdk <> - Reading value (4-5) from file: /sys/devices/system/cpu/cpu5/topology/thread_siblings_list
161 [139992705787584] INFO perfrun.sdk <> - Reading value (0-7) from file: /sys/devices/system/cpu/cpu6/topology/core_siblings_list
161 [139992705787584] INFO perfrun.sdk <> - Reading value (6-7) from file: /sys/devices/system/cpu/cpu6/topology/thread_siblings_list
161 [139992705787584] INFO perfrun.sdk <> - Reading value (0-7) from file: /sys/devices/system/cpu/cpu7/topology/core_siblings_list
162 [139992705787584] INFO perfrun.sdk <> - Reading value (6-7) from file: /sys/devices/system/cpu/cpu7/topology/thread_siblings_list
162 [139992705787584] ERROR perfrun.sdk <> - boost::filesystem::exists(filename) 'gh2::error::IsNot.Valid.File(filename):/sys/bus/event_source/devices/cpu_core/cpus'
_sdks/release_posix-x86_64_icx_2023.0.0_gnutools_9.2_binutils_2.28/perfrun_1.36.3/include/perfrun1/sdk/utils.hpp(777): gh2::error_code_t runtool::sdk::loadFileValue(RetType &, const cpil2::uchar_t *) [RetType = std::basic_string<char>]
, at file: _sdks/release_posix-x86_64_icx_2023.0.0_gnutools_9.2_binutils_2.28/perfrun_1.36.3/include/perfrun1/sdk/utils.hpp:777
162 [139992705787584] ERROR perfrun.sdk <> - boost::filesystem::exists(filename) 'gh2::error::IsNot.Valid.File(filename):/sys/bus/event_source/devices/cpu_atom/cpus'
_sdks/release_posix-x86_64_icx_2023.0.0_gnutools_9.2_binutils_2.28/perfrun_1.36.3/include/perfrun1/sdk/utils.hpp(777): gh2::error_code_t runtool::sdk::loadFileValue(RetType &, const cpil2::uchar_t *) [RetType = std::basic_string<char>]
, at file: _sdks/release_posix-x86_64_icx_2023.0.0_gnutools_9.2_binutils_2.28/perfrun_1.36.3/include/perfrun1/sdk/utils.hpp:777
162 [139992714180288] INFO perfrun.sdk <> - runCmd: /opt/intel/oneapi/vtune/2025.3/bin64/amplxe-perf stat -v --log-fd 11 --scale -x ; -e cpu/event=0x3c,name='CPU_CLK_UNHALTED.THREAD'/Duk,cpu/umask=0x3,name='CPU_CLK_UNHALTED.REF_TSC'/Duk,cpu/event=0xc0,name='INST_RETIRED.ANY'/Duk,cpu/event=0x3c,umask=0x1,name='CPU_CLK_UNHALTED.REF_XCLK'/uk,cpu/event=0x3c,umask=0x2,name='CPU_CLK_UNHALTED.ONE_THREAD_ACTIVE'/uk,cpu/event=0xc7,umask=0x2,name='FP_ARITH_INST_RETIRED.SCALAR_SINGLE'/uk,cpu/event=0xc7,umask=0x8,name='FP_ARITH_INST_RETIRED.128B_PACKED_SINGLE'/uk,cpu/event=0xc7,umask=0x20,name='FP_ARITH_INST_RETIRED.256B_PACKED_SINGLE'/uk,cpu/event=0xc7,umask=0x1,name='FP_ARITH_INST_RETIRED.SCALAR_DOUBLE'/uk,cpu/event=0xc7,umask=0x4,name='FP_ARITH_INST_RETIRED.128B_PACKED_DOUBLE'/uk,cpu/event=0xc7,umask=0x10,name='FP_ARITH_INST_RETIRED.256B_PACKED_DOUBLE'/uk,cpu/event=0xb1,umask=0x10,name='UOPS_EXECUTED.X87'/uk,cpu/event=0xc2,umask=0x2,name='UOPS_RETIRED.RETIRE_SLOTS'/uk,cpu/event=0xb1,umask=0x1,name='UOPS_EXECUTED.THREAD'/uk /opt/intel/oneapi/vtune/2025.3/bin64/amplxe-perf-sync dryrun tsc
163 [139992714180288] INFO perfrun.sdk <> - runCmd started PID 8400
179 [139992714180288] INFO perfrun.perfcollector <> - Monitor: runCmd RC = true
180 [139992793867968] INFO perfrun.launcher <> - plugin [aoclprofile] was disabled because it doesn't support the given collection type.
180 [139992793867968] INFO perfrun.tpss <> - initialize tpss controller
180 [139992793867968] INFO perfrun.tpss <> - configure collection mode: value = cpu:counters:nostack
181 [139992793867968] INFO perfrun.tpss <> - configure collection mode: value = cpu:stack
181 [139992793867968] INFO perfrun.tpss <> - default obj-size-min=1024
181 [139992793867968] INFO perfrun.tpss <> - default hash-table-size=0
181 [139992793867968] INFO perfrun.launcher <> - plugin [media] was disabled because it doesn't support the given collection type.
181 [139992793867968] INFO perfrun.launcher <> - plugin [] was disabled because it doesn't support the given collection type.
182 [139992793867968] INFO perfrun.launcher <> - plugin [] was disabled because it doesn't support the given collection type.
182 [139992793867968] INFO perfrun.launcher <> - plugin [parallelfs] was disabled because it doesn't support the given collection type.
182 [139992793867968] INFO perfrun.launcher <> - plugin [power] was disabled because it doesn't support the given collection type.
182 [139992793867968] INFO perfrun.launcher <> - plugin [] was disabled because it doesn't support the given collection type.
183 [139992793867968] INFO perfrun.launcher <> - plugin [] was disabled because it doesn't support the given collection type.
183 [139992793867968] INFO perfrun.launcher <> - plugin [] was disabled because it doesn't support the given collection type.
183 [139992793867968] INFO perfrun.launcher <> - plugin [l0_metrics] was disabled because it doesn't support the given collection type.
183 [139992793867968] INFO perfrun.launcher <> - plugin [stall_reasons] was disabled because it doesn't support the given collection type.
183 [139992949529728] INFO perfrun.launcher <> - set environment variable: LD_LIBRARY_PATH = /opt/intel/oneapi/vtune/2025.3/lib32/runtime:/opt/intel/oneapi/vtune/2025.3/lib64/runtime:/opt/intel/oneapi/tcm/1.3/lib:/opt/intel/oneapi/umf/0.10/lib:/opt/intel/oneapi/tbb/2022.1/env/../lib/intel64/gcc4.8:/opt/intel/oneapi/pti/0.12/lib:/opt/intel/oneapi/mkl/2025.1/lib:/opt/intel/oneapi/ipp/2022.1/lib:/opt/intel/oneapi/compiler/2025.1/opt/compiler/lib:/opt/intel/oneapi/compiler/2025.1/lib
184 [139992949529728] INFO perfrun.launcher <> - set environment variable: INTEL_LIBITTNOTIFY32 = /opt/intel/oneapi/vtune/2025.3/lib32/runtime/libittnotify_collector.so
184 [139992949529728] INFO perfrun.launcher <> - set environment variable: INTEL_LIBITTNOTIFY64 = /opt/intel/oneapi/vtune/2025.3/lib64/runtime/libittnotify_collector.so
184 [139992949529728] INFO perfrun.launcher <> - set environment variable: INTEL_ITTNOTIFY_GROUPS = 
185 [139992949529728] INFO perfrun.launcher <> - set environment variable: INTEL_JIT_PROFILER32 = /opt/intel/oneapi/vtune/2025.3/lib32/runtime/libittnotify_collector.so
185 [139992949529728] INFO perfrun.launcher <> - set environment variable: INTEL_JIT_PROFILER64 = /opt/intel/oneapi/vtune/2025.3/lib64/runtime/libittnotify_collector.so
185 [139992949529728] INFO perfrun.launcher <> - set environment variable: CCL_ITT_LEVEL = 1
185 [139992949529728] INFO perfrun.launcher <> - set environment variable: ENABLE_JITPROFILING = 1
186 [139992949529728] INFO perfrun.launcher <> - set environment variable: CL_CONFIG_USE_VTUNE = True
186 [139992949529728] INFO perfrun.launcher <> - set environment variable: LD_PRELOAD = libittnotify_collector.so:
186 [139992949529728] INFO perfrun.launcher <> - set environment variable: KMP_FORKJOIN_FRAMES = 0
187 [139992949529728] INFO perfrun.launcher <> - set environment variable: KMP_FORKJOIN_FRAMES_MODE = 0
187 [139992949529728] INFO perfrun.launcher <> - set environment variable: INTEL_MRTE_DATA_DIR = /tmp/amplxe-tmp-azfar/amplxe-res-8378-25671363731961/data.0
187 [139992949529728] INFO perfrun.launcher <> - set environment variable: INTEL_MRTE_HOST_NAME = DESKTOP-GRRJ2VV
187 [139992949529728] INFO perfrun.launcher <> - set environment variable: JAVA_TOOL_OPTIONS = -agentlib:amplxe_samplingmrte_javaprof_1.0 -Dsun.boot.library.path=/opt/intel/oneapi/vtune/2025.3/lib32/runtime:/opt/intel/oneapi/vtune/2025.3/lib64/runtime
188 [139992949529728] INFO perfrun.launcher <> - set environment variable: LD_LIBRARY_PATH = /opt/intel/oneapi/vtune/2025.3/lib32/runtime:/opt/intel/oneapi/vtune/2025.3/lib64/runtime:/opt/intel/oneapi/tcm/1.3/lib:/opt/intel/oneapi/umf/0.10/lib:/opt/intel/oneapi/tbb/2022.1/env/../lib/intel64/gcc4.8:/opt/intel/oneapi/pti/0.12/lib:/opt/intel/oneapi/mkl/2025.1/lib:/opt/intel/oneapi/ipp/2022.1/lib:/opt/intel/oneapi/compiler/2025.1/opt/compiler/lib:/opt/intel/oneapi/compiler/2025.1/lib
188 [139992949529728] INFO perfrun.launcher <> - set environment variable: CORECLR_ENABLE_PROFILING = 1
188 [139992949529728] INFO perfrun.launcher <> - set environment variable: CORECLR_PROFILER = {AA5E4821-E3B1-479c-B7FF-5AD047D22CED}
188 [139992949529728] INFO perfrun.launcher <> - set environment variable: CORECLR_PROFILER_PATH = /opt/intel/oneapi/vtune/2025.3/lib64/libamplxe_samplingmrte_clrprof_1.0.so
189 [139992949529728] INFO perfrun.launcher <> - set environment variable: INTEL_MRTE_PROFILER_MODE = mixed
189 [139992949529728] INFO perfrun.launcher <> - RpcServer: run RPC server to handle requests
193 [139992949529728] INFO perfrun.launcher <> - Launcher: command line to start before modification = ./test1 changes.txt 0
193 [139992949529728] INFO perfrun.launcher <> - Launcher: command line to start after modification = /opt/intel/oneapi/vtune/2025.3/bin64/pin -error_file /tmp/amplxe-tmp-azfar/amplxe-res-8378-25671363731961/data.0/pinerr.tpsslog -detach_reattach -follow_execv -tool_load_option deepbind -t64 /opt/intel/oneapi/vtune/2025.3/lib64/libtpsstool.so -t /opt/intel/oneapi/vtune/2025.3/lib32/libtpsstool.so -server_name tpss_ipc.8378 -prd_dir /opt/intel/oneapi/vtune/2025.3 -- ./test1 changes.txt 0
193 [139992949529728] INFO perfrun.launcher <> - ProcessCreator object was created
194 [139992949529728] INFO perfrun.launcher <> - Launcher: the process was started in suspend mode
195 [139992793867968] WARN perfrun.system <> - Could not do anything with /sys/kernel/debug/kvm: boost::filesystem::status: Permission denied [system:13]: "/sys/kernel/debug/kvm", at file: vcs/perfrun1/plugins/system/src/trace_writer.cpp:787
195 [139992793867968] WARN perfrun.system <> - Folder "/var/run/libvirt/qemu/"doesn't exist, at file: vcs/perfrun1/plugins/system/src/trace_writer.cpp:800
196 [139992793867968] WARN perfrun.sdk <> - Failed to find xl binary on any of the system paths: /bin, /sbin, /usr/bin, /usr/sbin., at file: vcs/perfrun1/sdk/src/utils.cpp:205
197 [139992793867968] WARN perfrun.system <> - Could not start ContainerMapping collector, at file: vcs/perfrun1/plugins/system/src/controller.cpp:450
201 [139992793867968] INFO perfrun.vdso <> - Helper runtool '/opt/intel/oneapi/vtune/2025.3/bin32/amplxe-runss -dump-vdso -r /tmp/amplxe-tmp-azfar/amplxe-res-8378-25671363731961 --tmp-dir /tmp/amplxe-tmp-azfar' returned 1
277 [139992793867968] INFO perfrun.vdso <> - Helper runtool '/opt/intel/oneapi/vtune/2025.3/bin64/amplxe-runss -dump-vdso -r /tmp/amplxe-tmp-azfar/amplxe-res-8378-25671363731961 --tmp-dir /tmp/amplxe-tmp-azfar' returned 0
277 [139992793867968] INFO perfrun.itt <> - start itt controller for pid #8408
278 [139992793867968] INFO perfrun.perfcollector <> - attaching to pid: 8408, m_mode: 10, mode: 11
278 [139992689002176] INFO perfrun.perfcollector <> - Perf stat trace pipe capacity: read = 1048576, write = 1048576
278 [139992714180288] INFO perfrun.sdk <> - Reading value (0-7) from file: /sys/devices/system/cpu/cpu0/topology/core_siblings_list
278 [139992714180288] INFO perfrun.sdk <> - Reading value (0-1) from file: /sys/devices/system/cpu/cpu0/topology/thread_siblings_list
279 [139992714180288] INFO perfrun.sdk <> - Reading value (0-7) from file: /sys/devices/system/cpu/cpu1/topology/core_siblings_list
279 [139992714180288] INFO perfrun.sdk <> - Reading value (0-1) from file: /sys/devices/system/cpu/cpu1/topology/thread_siblings_list
279 [139992714180288] INFO perfrun.sdk <> - Reading value (0-7) from file: /sys/devices/system/cpu/cpu2/topology/core_siblings_list
279 [139992714180288] INFO perfrun.sdk <> - Reading value (2-3) from file: /sys/devices/system/cpu/cpu2/topology/thread_siblings_list
279 [139992714180288] INFO perfrun.sdk <> - Reading value (0-7) from file: /sys/devices/system/cpu/cpu3/topology/core_siblings_list
279 [139992714180288] INFO perfrun.sdk <> - Reading value (2-3) from file: /sys/devices/system/cpu/cpu3/topology/thread_siblings_list
279 [139992714180288] INFO perfrun.sdk <> - Reading value (0-7) from file: /sys/devices/system/cpu/cpu4/topology/core_siblings_list
280 [139992714180288] INFO perfrun.sdk <> - Reading value (4-5) from file: /sys/devices/system/cpu/cpu4/topology/thread_siblings_list
280 [139992714180288] INFO perfrun.sdk <> - Reading value (0-7) from file: /sys/devices/system/cpu/cpu5/topology/core_siblings_list
280 [139992714180288] INFO perfrun.sdk <> - Reading value (4-5) from file: /sys/devices/system/cpu/cpu5/topology/thread_siblings_list
280 [139992714180288] INFO perfrun.sdk <> - Reading value (0-7) from file: /sys/devices/system/cpu/cpu6/topology/core_siblings_list
280 [139992714180288] INFO perfrun.sdk <> - Reading value (6-7) from file: /sys/devices/system/cpu/cpu6/topology/thread_siblings_list
280 [139992714180288] INFO perfrun.sdk <> - Reading value (0-7) from file: /sys/devices/system/cpu/cpu7/topology/core_siblings_list
280 [139992714180288] INFO perfrun.sdk <> - Reading value (6-7) from file: /sys/devices/system/cpu/cpu7/topology/thread_siblings_list
281 [139992714180288] ERROR perfrun.sdk <> - boost::filesystem::exists(filename) 'gh2::error::IsNot.Valid.File(filename):/sys/bus/event_source/devices/cpu_core/cpus'
_sdks/release_posix-x86_64_icx_2023.0.0_gnutools_9.2_binutils_2.28/perfrun_1.36.3/include/perfrun1/sdk/utils.hpp(777): gh2::error_code_t runtool::sdk::loadFileValue(RetType &, const cpil2::uchar_t *) [RetType = std::basic_string<char>]
, at file: _sdks/release_posix-x86_64_icx_2023.0.0_gnutools_9.2_binutils_2.28/perfrun_1.36.3/include/perfrun1/sdk/utils.hpp:777
281 [139992714180288] ERROR perfrun.sdk <> - boost::filesystem::exists(filename) 'gh2::error::IsNot.Valid.File(filename):/sys/bus/event_source/devices/cpu_atom/cpus'
_sdks/release_posix-x86_64_icx_2023.0.0_gnutools_9.2_binutils_2.28/perfrun_1.36.3/include/perfrun1/sdk/utils.hpp(777): gh2::error_code_t runtool::sdk::loadFileValue(RetType &, const cpil2::uchar_t *) [RetType = std::basic_string<char>]
, at file: _sdks/release_posix-x86_64_icx_2023.0.0_gnutools_9.2_binutils_2.28/perfrun_1.36.3/include/perfrun1/sdk/utils.hpp:777
281 [139992689002176] INFO perfrun.sdk <> - runCmd: /opt/intel/oneapi/vtune/2025.3/bin64/amplxe-perf stat -v --log-fd 22 --control=fd:23,26 --scale -x ; -p 8408 -e cpu/event=0x3c,name='CPU_CLK_UNHALTED.THREAD'/Duk,cpu/umask=0x3,name='CPU_CLK_UNHALTED.REF_TSC'/Duk,cpu/event=0xc0,name='INST_RETIRED.ANY'/Duk,cpu/event=0x3c,umask=0x1,name='CPU_CLK_UNHALTED.REF_XCLK'/uk,cpu/event=0x3c,umask=0x2,name='CPU_CLK_UNHALTED.ONE_THREAD_ACTIVE'/uk,cpu/event=0xc7,umask=0x2,name='FP_ARITH_INST_RETIRED.SCALAR_SINGLE'/uk,cpu/event=0xc7,umask=0x8,name='FP_ARITH_INST_RETIRED.128B_PACKED_SINGLE'/uk,cpu/event=0xc7,umask=0x20,name='FP_ARITH_INST_RETIRED.256B_PACKED_SINGLE'/uk,cpu/event=0xc7,umask=0x1,name='FP_ARITH_INST_RETIRED.SCALAR_DOUBLE'/uk,cpu/event=0xc7,umask=0x4,name='FP_ARITH_INST_RETIRED.128B_PACKED_DOUBLE'/uk,cpu/event=0xc7,umask=0x10,name='FP_ARITH_INST_RETIRED.256B_PACKED_DOUBLE'/uk,cpu/event=0xb1,umask=0x10,name='UOPS_EXECUTED.X87'/uk,cpu/event=0xc2,umask=0x2,name='UOPS_RETIRED.RETIRE_SLOTS'/uk,cpu/event=0xb1,umask=0x1,name='UOPS_EXECUTED.THREAD'/uk /opt/intel/oneapi/vtune/2025.3/bin64/amplxe-perf-sync sync tsc
281 [139992689002176] INFO perfrun.sdk <> - runCmd started PID 8416
294 [139992793867968] INFO perfrun.tpss <> - start tpss controller for pid #8408
345 [139992949529728] INFO perfrun.launcher <> - Launcher: all plugins were started
347 [139992949529728] INFO perfrun.launcher <> - DirectoryMonitor object was created
349 [139992949529728] INFO perfrun.launcher <> - DirectoryMonitor: a callback was added
350 [139992949529728] INFO perfrun.launcher <> - DirectoryMonitor was started with pingTime = 1000
351 [139992949529728] INFO perfrun.launcher <> - DeadlineTimer is going to be constructed
353 [139992949529728] INFO perfrun.launcher <> - DeadlineTimer: a callback was added
376 [139992949529728] INFO perfrun.launcher <> - Launcher: resume the profiled application and  wait its termination or stop command
7457 [139992949529728] INFO perfrun.launcher <> - Launcher: the profiled application was terminated  with exit code = 0
7463 [139992949529728] WARN perfrun.sdk <> - Exception (filesystem::recursive_directory_iterator increment error: No such file or directory [system:2]) while iterating directory: /mnt/d/Semester 6/pdc/pdc_project/i221033_i220950_A_PDC_Project/vtune_hotspots34.DESKTOP-GRRJ2VV, at file: vcs/perfrun1/sdk/src/utils.cpp:295
7467 [139992793867968] INFO perfrun.itt <> - detach itt controller
7468 [139992793867968] INFO perfrun.itt <> - detach itt controller done
7469 [139992689002176] INFO perfrun.perfcollector <> - Monitor: runCmd RC = true
7469 [139992793867968] INFO perfrun.perfcollector <> - Monitor: state = 3, error = 1
7470 [139992793867968] INFO perfrun.tpss <> - stop tpss controller
7470 [139992793867968] INFO perfrun.sdk <> - De-allocating TMU: /tmp/amplxe-tmp-azfar/amplxe-res-8378-25671363731961/data.0/systemcollector-8378-DESKTOP-GRRJ2VV.sc
7470 [139992793867968] INFO perfrun.system <> - closed the system trace file: /tmp/amplxe-tmp-azfar/amplxe-res-8378-25671363731961/data.0/systemcollector-8378-DESKTOP-GRRJ2VV.sc
7471 [139992949529728] INFO perfrun.launcher <> - Launcher: all plugins were stopped.
7471 [139992949529728] INFO perfrun.launcher <> - DeadlineTimer is going to be destroyed
7471 [139992949529728] INFO perfrun.launcher <> - DeadlineTimer was destroyed
7472 [139992949529728] INFO perfrun.launcher <> - DirectoryMonitor object was destroyed
7472 [139992949529728] WARN perfrun.launcher <> - Stop command is ignored because it is received when collection is already stopped, at file: vcs/perfrun1/launcher/src/command_handler.cpp:226
7855 [139992949529728] INFO perfrun.launcher <> - Application exit code: 0
7855 [139992949529728] INFO perfrun.launcher <> - Exit code: 0
