3 [140558495394112] INFO perfrun.launcher <> - Launcher main begin
4 [140558495394112] INFO perfrun.launcher <> - MessageCatalogInit finished
5 [140558495394112] INFO perfrun.launcher <> - Launcher instance created
5 [140558495394112] INFO perfrun.launcher <> - argc = 6; cmdline = /opt/intel/oneapi/vtune/2025.3/bin64/amplxe-runss -dump-vdso -r /tmp/amplxe-tmp-azfar/amplxe-res-8378-25671363731961 --tmp-dir /tmp/amplxe-tmp-azfar 
38 [140558495394112] INFO perfrun.perfcollector <> - SEP tool path: /opt/intel/oneapi/vtune/2025.3/bin64/sep
53 [140558495394112] INFO perfrun.launcher <> - create msngr2::ICliToolContext
54 [140558495394112] INFO perfrun.launcher <> - create file finder object
55 [140558334944960] INFO perfrun.launcher <> - plugin [remoteplug] was disabled because it doesn't support the given collection type.
55 [140558334944960] INFO perfrun.launcher <> - plugin [system] was disabled because it doesn't support the given collection type.
55 [140558334944960] INFO perfrun.vdso <> - dumping [vdso] pseudomodule
56 [140558334944960] INFO perfrun.launcher <> - plugin [itt] was disabled because it doesn't support the given collection type.
56 [140558334944960] INFO perfrun.launcher <> - plugin [ptracecollector] was disabled because it doesn't support the given collection type.
57 [140558334944960] INFO perfrun.launcher <> - plugin [gpu] was disabled because it doesn't support the given collection type.
57 [140558334944960] INFO perfrun.launcher <> - plugin [] was disabled because it doesn't support the given collection type.
57 [140558334944960] INFO perfrun.launcher <> - plugin [] was disabled because it doesn't support the given collection type.
57 [140558334944960] INFO perfrun.launcher <> - plugin [] was disabled because it doesn't support the given collection type.
57 [140558334944960] INFO perfrun.launcher <> - plugin [mrte] was disabled because it doesn't support the given collection type.
57 [140558334944960] INFO perfrun.launcher <> - plugin [emon] was disabled because it doesn't support the given collection type.
57 [140558334944960] INFO perfrun.launcher <> - plugin [cuscol] was disabled because it doesn't support the given collection type.
57 [140558334944960] INFO perfrun.launcher <> - plugin [stdsrc] was disabled because it doesn't support the given collection type.
58 [140558334944960] INFO perfrun.launcher <> - plugin [sep] was disabled because it doesn't support the given collection type.
58 [140558334944960] INFO perfrun.launcher <> - plugin [vtsspp] was disabled because it doesn't support the given collection type.
58 [140558334944960] INFO perfrun.launcher <> - plugin [perf] was disabled because it doesn't support the given collection type.
58 [140558334944960] INFO perfrun.launcher <> - plugin [aoclprofile] was disabled because it doesn't support the given collection type.
58 [140558334944960] INFO perfrun.launcher <> - plugin [tpss] was disabled because it doesn't support the given collection type.
58 [140558334944960] INFO perfrun.launcher <> - plugin [media] was disabled because it doesn't support the given collection type.
58 [140558334944960] INFO perfrun.launcher <> - plugin [] was disabled because it doesn't support the given collection type.
59 [140558334944960] INFO perfrun.launcher <> - plugin [] was disabled because it doesn't support the given collection type.
59 [140558334944960] INFO perfrun.launcher <> - plugin [parallelfs] was disabled because it doesn't support the given collection type.
59 [140558334944960] INFO perfrun.launcher <> - plugin [power] was disabled because it doesn't support the given collection type.
59 [140558334944960] INFO perfrun.launcher <> - plugin [] was disabled because it doesn't support the given collection type.
59 [140558334944960] INFO perfrun.launcher <> - plugin [] was disabled because it doesn't support the given collection type.
59 [140558334944960] INFO perfrun.launcher <> - plugin [] was disabled because it doesn't support the given collection type.
59 [140558334944960] INFO perfrun.launcher <> - plugin [l0_metrics] was disabled because it doesn't support the given collection type.
59 [140558334944960] INFO perfrun.launcher <> - plugin [stall_reasons] was disabled because it doesn't support the given collection type.
60 [140558495394112] INFO perfrun.launcher <> - Application exit code: 0
60 [140558495394112] INFO perfrun.launcher <> - Exit code: 0
