
7441 : 0x16c8a97fe783 : 3 : logger_init :  LOG FILE OPENED (by collectunits.logger), level: 4
7441 : 0x16c8b0bb6034 : 4 : pytrace_try_probe_python_functions :  Python version is detected as == 0x0
7441 : 0x16c8b120b131 : 4 : pytrace_try_probe_python_functions :  Python version is detected as == 0x0
7441 : 0x16c8b2aaee03 : 4 : pytrace_try_probe_python_functions :  Python version is detected as == 0x0
7441 : 0x16c8b2e1fb41 : 4 : pytrace_try_probe_python_functions :  Python version is detected as == 0x0
7441 : 0x16c8b3c26ddd : 4 : pytrace_try_probe_python_functions :  Python version is detected as == 0x0
7441 : 0x16c8cf47b0a1 : 4 : pytrace_try_probe_python_functions :  Python version is detected as == 0x0
7441 : 0x16c8cf9a1bfb : 4 : pytrace_try_probe_python_functions :  Python version is detected as == 0x0
7441 : 0x16c8cfc0b4b7 : 4 : pytrace_try_probe_python_functions :  Python version is detected as == 0x0
7441 : 0x16c8d5ada945 : 4 : pytrace_try_probe_python_functions :  Python version is detected as == 0x0
7441 : 0x16c8d5cf56a9 : 4 : pytrace_try_probe_python_functions :  Python version is detected as == 0x0
7441 : 0x16c8d5da2ea5 : 4 : pytrace_try_probe_python_functions :  Python version is detected as == 0x0
7441 : 0x16c8d631b3eb : 4 : pytrace_try_probe_python_functions :  Python version is detected as == 0x0
7441 : 0x16c8d69d688d : 4 : pytrace_try_probe_python_functions :  Python version is detected as == 0x0
7441 : 0x16c8d6eaef13 : 4 : pytrace_try_probe_python_functions :  Python version is detected as == 0x0
7441 : 0x16c8d9db3d61 : 4 : pytrace_try_probe_python_functions :  Python version is detected as == 0x0
7441 : 0x16c8da096103 : 4 : pytrace_try_probe_python_functions :  Python version is detected as == 0x0
7441 : 0x16c8da15b0f9 : 4 : pytrace_try_probe_python_functions :  Python version is detected as == 0x0
7441 : 0x16c8da29baef : 4 : pytrace_try_probe_python_functions :  Python version is detected as == 0x0
7441 : 0x16c8da60215b : 4 : pytrace_start_profiling :  [CALLED]
7441 : 0x16c8dab3e1b7 : 4 : pytrace_try_probe_python_functions :  Python version is detected as == 0x0
7441 : 0x16c8dac1c611 : 4 : pytrace_try_probe_python_functions :  Python version is detected as == 0x0
7441 : 0x16c8dad1b91f : 4 : pytrace_try_probe_python_functions :  Python version is detected as == 0x0
7441 : 0x16c8daed1979 : 4 : pytrace_try_probe_python_functions :  Python version is detected as == 0x0
7441 : 0x16c8db0ff3ef : 4 : pytrace_try_probe_python_functions :  Python version is detected as == 0x0
7441 : 0x16c8db1dd171 : 4 : pytrace_try_probe_python_functions :  Python version is detected as == 0x0
7441 : 0x16c8db3bf2a8 : 4 : pytrace_try_probe_python_functions :  Python version is detected as == 0x0
7441 : 0x16c8db4a0b1c : 4 : pytrace_try_probe_python_functions :  Python version is detected as == 0x0
7441 : 0x16c8db56b838 : 4 : pytrace_try_probe_python_functions :  Python version is detected as == 0x0
7441 : 0x16c8db667a62 : 4 : pytrace_try_probe_python_functions :  Python version is detected as == 0x0
7441 : 0x16c8db73e932 : 4 : pytrace_try_probe_python_functions :  Python version is detected as == 0x0
7441 : 0x16c8db85c084 : 4 : pytrace_try_probe_python_functions :  Python version is detected as == 0x0
7441 : 0x16c8dba68f08 : 4 : pytrace_try_probe_python_functions :  Python version is detected as == 0x0
7441 : 0x16c8dbc3a45e : 4 : pytrace_try_probe_python_functions :  Python version is detected as == 0x0
7441 : 0x16c8dc6cf4ac : 4 : pytrace_try_probe_python_functions :  Python version is detected as == 0x0
7441 : 0x16c8dc7fa1cc : 4 : pytrace_try_probe_python_functions :  Python version is detected as == 0x0
7441 : 0x16c8dcbd742c : 4 : pytrace_try_probe_python_functions :  Python version is detected as == 0x0
7441 : 0x16c8de0ff8ec : 4 : pytrace_try_probe_python_functions :  Python version is detected as == 0x0
7441 : 0x16c8de1df350 : 4 : pytrace_try_probe_python_functions :  Python version is detected as == 0x0
7441 : 0x16c8de2b58d8 : 4 : pytrace_try_probe_python_functions :  Python version is detected as == 0x0
7441 : 0x16c8de397984 : 4 : pytrace_try_probe_python_functions :  Python version is detected as == 0x0
7441 : 0x16c8de46f5fc : 4 : pytrace_try_probe_python_functions :  Python version is detected as == 0x0
7441 : 0x16c8de647c4e : 4 : pytrace_try_probe_python_functions :  Python version is detected as == 0x0
7441 : 0x16c8de71be3c : 4 : pytrace_try_probe_python_functions :  Python version is detected as == 0x0
7441 : 0x16c8de7f1692 : 4 : pytrace_try_probe_python_functions :  Python version is detected as == 0x0
7441 : 0x16c8de8cdd48 : 4 : pytrace_try_probe_python_functions :  Python version is detected as == 0x0
7441 : 0x16c8dee1f311 : 4 : pytrace_try_probe_python_functions :  Python version is detected as == 0x0
7441 : 0x16c8def4c465 : 4 : pytrace_try_probe_python_functions :  Python version is detected as == 0x0
7441 : 0x16c8df04a471 : 4 : pytrace_try_probe_python_functions :  Python version is detected as == 0x0
7441 : 0x16c8df15d30b : 4 : pytrace_try_probe_python_functions :  Python version is detected as == 0x0
7441 : 0x16c8df28e445 : 4 : pytrace_try_probe_python_functions :  Python version is detected as == 0x0
7441 : 0x16c8df3e0903 : 4 : pytrace_try_probe_python_functions :  Python version is detected as == 0x0
7441 : 0x16c8df4c35f9 : 4 : pytrace_try_probe_python_functions :  Python version is detected as == 0x0
7441 : 0x16c8df61f341 : 4 : pytrace_try_probe_python_functions :  Python version is detected as == 0x0
7441 : 0x16c8df703e37 : 4 : pytrace_try_probe_python_functions :  Python version is detected as == 0x0
7441 : 0x16c8df85ec1b : 4 : pytrace_try_probe_python_functions :  Python version is detected as == 0x0
7441 : 0x16c8dfb8e0e5 : 4 : pytrace_try_probe_python_functions :  Python version is detected as == 0x0
7441 : 0x16c8dfcf8669 : 4 : pytrace_try_probe_python_functions :  Python version is detected as == 0x0
7441 : 0x16c8dfe1a1ff : 4 : pytrace_try_probe_python_functions :  Python version is detected as == 0x0
7441 : 0x16c8dffbce89 : 4 : pytrace_try_probe_python_functions :  Python version is detected as == 0x0
7441 : 0x16c8e01c1675 : 4 : pytrace_try_probe_python_functions :  Python version is detected as == 0x0
7441 : 0x16c8e03b839f : 4 : pytrace_try_probe_python_functions :  Python version is detected as == 0x0
7441 : 0x16c8e08ae7eb : 4 : pytrace_try_probe_python_functions :  Python version is detected as == 0x0
7441 : 0x16c8e09ee07d : 4 : pytrace_try_probe_python_functions :  Python version is detected as == 0x0
7441 : 0x16c8e0ad3e37 : 4 : pytrace_try_probe_python_functions :  Python version is detected as == 0x0
7441 : 0x16c8efb6b7d0 : 4 : pytrace_try_probe_python_functions :  Python version is detected as == 0x0
7441 : 0x16c8efd6fb40 : 4 : pytrace_try_probe_python_functions :  Python version is detected as == 0x0
7441 : 0x16c8efeccd54 : 4 : pytrace_try_probe_python_functions :  Python version is detected as == 0x0
7441 : 0x16c8fdbbc870 : 4 : pytrace_try_probe_python_functions :  Python version is detected as == 0x0
7441 : 0x16c8fdd0c8b2 : 4 : pytrace_try_probe_python_functions :  Python version is detected as == 0x0
7441 : 0x16c8fde68cde : 4 : pytrace_try_probe_python_functions :  Python version is detected as == 0x0
7441 : 0x16c8fdfc3116 : 4 : pytrace_try_probe_python_functions :  Python version is detected as == 0x0
7441 : 0x16c8fe1019be : 4 : pytrace_try_probe_python_functions :  Python version is detected as == 0x0
7441 : 0x16c8fe2593c6 : 4 : pytrace_try_probe_python_functions :  Python version is detected as == 0x0
7441 : 0x16c8fe3bc5ae : 4 : pytrace_try_probe_python_functions :  Python version is detected as == 0x0
7441 : 0x16c8fe472bfa : 4 : pytrace_try_probe_python_functions :  Python version is detected as == 0x0
7441 : 0x16c8fe62e678 : 4 : pytrace_try_probe_python_functions :  Python version is detected as == 0x0
7441 : 0x16c8fe75109a : 4 : pytrace_try_probe_python_functions :  Python version is detected as == 0x0
7441 : 0x16c8fe882bfe : 4 : pytrace_try_probe_python_functions :  Python version is detected as == 0x0
7441 : 0x16c8fea875b4 : 4 : pytrace_try_probe_python_functions :  Python version is detected as == 0x0
7441 : 0x16c8febd42b2 : 4 : pytrace_try_probe_python_functions :  Python version is detected as == 0x0
7441 : 0x16c8fed3d6c4 : 4 : pytrace_try_probe_python_functions :  Python version is detected as == 0x0
7441 : 0x16cbd39fa799 : 4 : pytrace_stop_profiling :  [CALLED]
7441 : 0x16cbd3a0054f : 3 : logger_fini :  LOG FILE CLOSED (by collectunits.logger)