4 [139845277034816] INFO perfrun.launcher <> - Launcher main begin
5 [139845277034816] INFO perfrun.launcher <> - MessageCatalogInit finished
5 [139845277034816] INFO perfrun.launcher <> - Launcher instance created
5 [139845277034816] INFO perfrun.launcher <> - argc = 6; cmdline = /opt/intel/oneapi/vtune/2025.3/bin64/amplxe-runss -dump-vdso -r /tmp/amplxe-tmp-azfar/amplxe-res-3952-21659641256323 --tmp-dir /tmp/amplxe-tmp-azfar 
28 [139845277034816] INFO perfrun.perfcollector <> - SEP tool path: /opt/intel/oneapi/vtune/2025.3/bin64/sep
45 [139845277034816] INFO perfrun.launcher <> - create msngr2::ICliToolContext
45 [139845277034816] INFO perfrun.launcher <> - create file finder object
46 [139845116618432] INFO perfrun.launcher <> - plugin [remoteplug] was disabled because it doesn't support the given collection type.
46 [139845116618432] INFO perfrun.launcher <> - plugin [system] was disabled because it doesn't support the given collection type.
47 [139845116618432] INFO perfrun.vdso <> - dumping [vdso] pseudomodule
48 [139845116618432] INFO perfrun.launcher <> - plugin [itt] was disabled because it doesn't support the given collection type.
48 [139845116618432] INFO perfrun.launcher <> - plugin [ptracecollector] was disabled because it doesn't support the given collection type.
48 [139845116618432] INFO perfrun.launcher <> - plugin [gpu] was disabled because it doesn't support the given collection type.
48 [139845116618432] INFO perfrun.launcher <> - plugin [] was disabled because it doesn't support the given collection type.
49 [139845116618432] INFO perfrun.launcher <> - plugin [] was disabled because it doesn't support the given collection type.
49 [139845116618432] INFO perfrun.launcher <> - plugin [] was disabled because it doesn't support the given collection type.
49 [139845116618432] INFO perfrun.launcher <> - plugin [mrte] was disabled because it doesn't support the given collection type.
49 [139845116618432] INFO perfrun.launcher <> - plugin [emon] was disabled because it doesn't support the given collection type.
50 [139845116618432] INFO perfrun.launcher <> - plugin [cuscol] was disabled because it doesn't support the given collection type.
50 [139845116618432] INFO perfrun.launcher <> - plugin [stdsrc] was disabled because it doesn't support the given collection type.
50 [139845116618432] INFO perfrun.launcher <> - plugin [sep] was disabled because it doesn't support the given collection type.
50 [139845116618432] INFO perfrun.launcher <> - plugin [vtsspp] was disabled because it doesn't support the given collection type.
50 [139845116618432] INFO perfrun.launcher <> - plugin [perf] was disabled because it doesn't support the given collection type.
50 [139845116618432] INFO perfrun.launcher <> - plugin [aoclprofile] was disabled because it doesn't support the given collection type.
51 [139845116618432] INFO perfrun.launcher <> - plugin [tpss] was disabled because it doesn't support the given collection type.
51 [139845116618432] INFO perfrun.launcher <> - plugin [media] was disabled because it doesn't support the given collection type.
51 [139845116618432] INFO perfrun.launcher <> - plugin [] was disabled because it doesn't support the given collection type.
51 [139845116618432] INFO perfrun.launcher <> - plugin [] was disabled because it doesn't support the given collection type.
51 [139845116618432] INFO perfrun.launcher <> - plugin [parallelfs] was disabled because it doesn't support the given collection type.
51 [139845116618432] INFO perfrun.launcher <> - plugin [power] was disabled because it doesn't support the given collection type.
51 [139845116618432] INFO perfrun.launcher <> - plugin [] was disabled because it doesn't support the given collection type.
51 [139845116618432] INFO perfrun.launcher <> - plugin [] was disabled because it doesn't support the given collection type.
52 [139845116618432] INFO perfrun.launcher <> - plugin [] was disabled because it doesn't support the given collection type.
52 [139845116618432] INFO perfrun.launcher <> - plugin [l0_metrics] was disabled because it doesn't support the given collection type.
52 [139845116618432] INFO perfrun.launcher <> - plugin [stall_reasons] was disabled because it doesn't support the given collection type.
52 [139845277034816] INFO perfrun.launcher <> - Application exit code: 0
52 [139845277034816] INFO perfrun.launcher <> - Exit code: 0
