
8420 : 0x1759567559c5 : 3 : logger_init :  LOG FILE OPENED (by collectunits.logger), level: 4
8420 : 0x17595c2d7ead : 4 : pytrace_try_probe_python_functions :  Python version is detected as == 0x0
8420 : 0x17595c8743ee : 4 : pytrace_try_probe_python_functions :  Python version is detected as == 0x0
8420 : 0x17595ddb1f30 : 4 : pytrace_try_probe_python_functions :  Python version is detected as == 0x0
8420 : 0x17595e04726e : 4 : pytrace_try_probe_python_functions :  Python version is detected as == 0x0
8420 : 0x17595ec66f14 : 4 : pytrace_try_probe_python_functions :  Python version is detected as == 0x0
8420 : 0x17597dc6bf6f : 4 : pytrace_try_probe_python_functions :  Python version is detected as == 0x0
8420 : 0x17597e2f5e31 : 4 : pytrace_try_probe_python_functions :  Python version is detected as == 0x0
8420 : 0x17597e667607 : 4 : pytrace_try_probe_python_functions :  Python version is detected as == 0x0
8420 : 0x175988178448 : 4 : pytrace_try_probe_python_functions :  Python version is detected as == 0x0
8420 : 0x17598850b301 : 4 : pytrace_try_probe_python_functions :  Python version is detected as == 0x0
8420 : 0x17598862d019 : 4 : pytrace_try_probe_python_functions :  Python version is detected as == 0x0
8420 : 0x175989016624 : 4 : pytrace_try_probe_python_functions :  Python version is detected as == 0x0
8420 : 0x175989aa35b8 : 4 : pytrace_try_probe_python_functions :  Python version is detected as == 0x0
8420 : 0x17598a269fba : 4 : pytrace_try_probe_python_functions :  Python version is detected as == 0x0
8420 : 0x17598eaf9711 : 4 : pytrace_try_probe_python_functions :  Python version is detected as == 0x0
8420 : 0x17598f00b267 : 4 : pytrace_try_probe_python_functions :  Python version is detected as == 0x0
8420 : 0x17598f14d3d7 : 4 : pytrace_try_probe_python_functions :  Python version is detected as == 0x0
8420 : 0x17598f399379 : 4 : pytrace_try_probe_python_functions :  Python version is detected as == 0x0
8420 : 0x17598f8e16c4 : 4 : pytrace_start_profiling :  [CALLED]
8420 : 0x17598ffe1802 : 4 : pytrace_try_probe_python_functions :  Python version is detected as == 0x0
8420 : 0x1759900fba4c : 4 : pytrace_try_probe_python_functions :  Python version is detected as == 0x0
8420 : 0x17599029ec7c : 4 : pytrace_try_probe_python_functions :  Python version is detected as == 0x0
8420 : 0x17599054c4df : 4 : pytrace_try_probe_python_functions :  Python version is detected as == 0x0
8420 : 0x1759908c72cf : 4 : pytrace_try_probe_python_functions :  Python version is detected as == 0x0
8420 : 0x175990a29e7d : 4 : pytrace_try_probe_python_functions :  Python version is detected as == 0x0
8420 : 0x175990c9c291 : 4 : pytrace_try_probe_python_functions :  Python version is detected as == 0x0
8420 : 0x175990e43e92 : 4 : pytrace_try_probe_python_functions :  Python version is detected as == 0x0
8420 : 0x175991005abc : 4 : pytrace_try_probe_python_functions :  Python version is detected as == 0x0
8420 : 0x1759911cfcf2 : 4 : pytrace_try_probe_python_functions :  Python version is detected as == 0x0
8420 : 0x17599137238a : 4 : pytrace_try_probe_python_functions :  Python version is detected as == 0x0
8420 : 0x17599157ab0a : 4 : pytrace_try_probe_python_functions :  Python version is detected as == 0x0
8420 : 0x17599186fa70 : 4 : pytrace_try_probe_python_functions :  Python version is detected as == 0x0
8420 : 0x175991bb2ea8 : 4 : pytrace_try_probe_python_functions :  Python version is detected as == 0x0
8420 : 0x1759929042d1 : 4 : pytrace_try_probe_python_functions :  Python version is detected as == 0x0
8420 : 0x175992aa56ef : 4 : pytrace_try_probe_python_functions :  Python version is detected as == 0x0
8420 : 0x175992f74e7b : 4 : pytrace_try_probe_python_functions :  Python version is detected as == 0x0
8420 : 0x1759946e0703 : 4 : pytrace_try_probe_python_functions :  Python version is detected as == 0x0
8420 : 0x1759947f6655 : 4 : pytrace_try_probe_python_functions :  Python version is detected as == 0x0
8420 : 0x17599494de93 : 4 : pytrace_try_probe_python_functions :  Python version is detected as == 0x0
8420 : 0x175994addc5b : 4 : pytrace_try_probe_python_functions :  Python version is detected as == 0x0
8420 : 0x175994bfb8f1 : 4 : pytrace_try_probe_python_functions :  Python version is detected as == 0x0
8420 : 0x175994e116b1 : 4 : pytrace_try_probe_python_functions :  Python version is detected as == 0x0
8420 : 0x175994ef7c71 : 4 : pytrace_try_probe_python_functions :  Python version is detected as == 0x0
8420 : 0x175994fe17c1 : 4 : pytrace_try_probe_python_functions :  Python version is detected as == 0x0
8420 : 0x1759950ba44f : 4 : pytrace_try_probe_python_functions :  Python version is detected as == 0x0
8420 : 0x1759958236af : 4 : pytrace_try_probe_python_functions :  Python version is detected as == 0x0
8420 : 0x1759959f24a9 : 4 : pytrace_try_probe_python_functions :  Python version is detected as == 0x0
8420 : 0x175995b33aa7 : 4 : pytrace_try_probe_python_functions :  Python version is detected as == 0x0
8420 : 0x175995cd202b : 4 : pytrace_try_probe_python_functions :  Python version is detected as == 0x0
8420 : 0x175995e9f257 : 4 : pytrace_try_probe_python_functions :  Python version is detected as == 0x0
8420 : 0x17599604273d : 4 : pytrace_try_probe_python_functions :  Python version is detected as == 0x0
8420 : 0x175996146ceb : 4 : pytrace_try_probe_python_functions :  Python version is detected as == 0x0
8420 : 0x1759963174df : 4 : pytrace_try_probe_python_functions :  Python version is detected as == 0x0
8420 : 0x17599649afdb : 4 : pytrace_try_probe_python_functions :  Python version is detected as == 0x0
8420 : 0x17599665fcd3 : 4 : pytrace_try_probe_python_functions :  Python version is detected as == 0x0
8420 : 0x175996a9f659 : 4 : pytrace_try_probe_python_functions :  Python version is detected as == 0x0
8420 : 0x175996c26caf : 4 : pytrace_try_probe_python_functions :  Python version is detected as == 0x0
8420 : 0x175996d4ebef : 4 : pytrace_try_probe_python_functions :  Python version is detected as == 0x0
8420 : 0x175996f3af13 : 4 : pytrace_try_probe_python_functions :  Python version is detected as == 0x0
8420 : 0x1759971eea27 : 4 : pytrace_try_probe_python_functions :  Python version is detected as == 0x0
8420 : 0x175997492f73 : 4 : pytrace_try_probe_python_functions :  Python version is detected as == 0x0
8420 : 0x175997a76d09 : 4 : pytrace_try_probe_python_functions :  Python version is detected as == 0x0
8420 : 0x175997ca1707 : 4 : pytrace_try_probe_python_functions :  Python version is detected as == 0x0
8420 : 0x175997e2936f : 4 : pytrace_try_probe_python_functions :  Python version is detected as == 0x0
8420 : 0x1759a60f15b0 : 4 : pytrace_try_probe_python_functions :  Python version is detected as == 0x0
8420 : 0x1759a6350f42 : 4 : pytrace_try_probe_python_functions :  Python version is detected as == 0x0
8420 : 0x1759a64cad38 : 4 : pytrace_try_probe_python_functions :  Python version is detected as == 0x0
8420 : 0x1759b588929e : 4 : pytrace_try_probe_python_functions :  Python version is detected as == 0x0
8420 : 0x1759b5a1003a : 4 : pytrace_try_probe_python_functions :  Python version is detected as == 0x0
8420 : 0x1759b5b74f3e : 4 : pytrace_try_probe_python_functions :  Python version is detected as == 0x0
8420 : 0x1759b5ccdffe : 4 : pytrace_try_probe_python_functions :  Python version is detected as == 0x0
8420 : 0x1759b5e066ae : 4 : pytrace_try_probe_python_functions :  Python version is detected as == 0x0
8420 : 0x1759b5f59184 : 4 : pytrace_try_probe_python_functions :  Python version is detected as == 0x0
8420 : 0x1759b60a8014 : 4 : pytrace_try_probe_python_functions :  Python version is detected as == 0x0
8420 : 0x1759b615b72c : 4 : pytrace_try_probe_python_functions :  Python version is detected as == 0x0
8420 : 0x1759b6336b9e : 4 : pytrace_try_probe_python_functions :  Python version is detected as == 0x0
8420 : 0x1759b648a90c : 4 : pytrace_try_probe_python_functions :  Python version is detected as == 0x0
8420 : 0x1759b65c890a : 4 : pytrace_try_probe_python_functions :  Python version is detected as == 0x0
8420 : 0x1759b67e3b60 : 4 : pytrace_try_probe_python_functions :  Python version is detected as == 0x0
8420 : 0x1759b69324ec : 4 : pytrace_try_probe_python_functions :  Python version is detected as == 0x0
8420 : 0x1759b6a8b3ee : 4 : pytrace_try_probe_python_functions :  Python version is detected as == 0x0
8420 : 0x175cf2a6127f : 4 : pytrace_stop_profiling :  [CALLED]
8420 : 0x175cf2a6fbc9 : 3 : logger_fini :  LOG FILE CLOSED (by collectunits.logger)