4 [140249676319872] INFO perfrun.launcher <> - Launcher main begin
5 [140249676319872] INFO perfrun.launcher <> - MessageCatalogInit finished
5 [140249676319872] INFO perfrun.launcher <> - Launcher instance created
5 [140249676319872] INFO perfrun.launcher <> - argc = 7; cmdline = /opt/intel/oneapi/vtune/2025.3/bin64/amplxe-runss --ui-output-format xml --ui-output-fd 5 --option-file /mnt/d/Semester 6/pdc/pdc_project/i221033_i220950_A_PDC_Project/vtune_hotspots48.DESKTOP-GRRJ2VV/config/runss.options 
34 [140249676319872] INFO perfrun.perfcollector <> - SEP tool path: /opt/intel/oneapi/vtune/2025.3/bin64/sep
53 [140249676319872] INFO perfrun.launcher <> - create msngr2::ICliToolContext
54 [140249676319872] INFO perfrun.launcher <> - create file finder object
55 [140249676319872] INFO perfrun.launcher <> - create a result directory: pattern = /mnt/d/Semester 6/pdc/pdc_project/i221033_i220950_A_PDC_Project/vtune_hotspots48.DESKTOP-GRRJ2VV pid = 4294967295
65 [140249676319872] INFO perfrun.sdk <> - checked that the directory /mnt/d/Semester 6/pdc/pdc_project/i221033_i220950_A_PDC_Project/vtune_hotspots48.DESKTOP-GRRJ2VV is a local directory
65 [140249676319872] INFO perfrun.sdk <> - the directory /mnt/d/Semester 6/pdc/pdc_project/i221033_i220950_A_PDC_Project/vtune_hotspots48.DESKTOP-GRRJ2VV is located on a share or its FS ID is unknown 16914839
65 [140249676319872] INFO perfrun.sdk <> - checked that the directory /tmp/amplxe-tmp-azfar is a local directory
65 [140249676319872] INFO perfrun.sdk <> - the directory /tmp/amplxe-tmp-azfar is a local directory with FS type ID 61267
67 [140249676319872] INFO perfrun.launcher <> - Create a local result directory /tmp/amplxe-tmp-azfar/amplxe-res-7388-25049939788969 due to the user result path /mnt/d/Semester 6/pdc/pdc_project/i221033_i220950_A_PDC_Project/vtune_hotspots48.DESKTOP-GRRJ2VV is located on a share
67 [140249676319872] INFO perfrun.launcher <> - create data directory = /tmp/amplxe-tmp-azfar/amplxe-res-7388-25049939788969/data.0
72 [140249676319872] INFO perfrun.launcher <> - create data directory = /mnt/d/Semester 6/pdc/pdc_project/i221033_i220950_A_PDC_Project/vtune_hotspots48.DESKTOP-GRRJ2VV/data.1
77 [140249676319872] INFO perfrun.launcher <> - Creating the master collection flag
78 [140249676319872] INFO perfrun.launcher <> - Done creating the master collection flag
80 [140249520924352] INFO perfrun.launcher <> - plugin [remoteplug] was disabled because it doesn't support the given collection type.
82 [140249520924352] INFO perfrun.sdk <> - Allocating TMU :/tmp/amplxe-tmp-azfar/amplxe-res-7388-25049939788969/data.0/systemcollector-7388-DESKTOP-GRRJ2VV.sc
82 [140249520924352] INFO perfrun.launcher <> - plugin [vdso] was disabled because it doesn't support the given collection type.
83 [140249520924352] INFO perfrun.launcher <> - plugin [ptracecollector] was disabled because it doesn't support the given collection type.
83 [140249520924352] INFO perfrun.launcher <> - plugin [gpu] was disabled because it doesn't support the given collection type.
83 [140249520924352] INFO perfrun.launcher <> - plugin [] was disabled because it doesn't support the given collection type.
83 [140249520924352] INFO perfrun.launcher <> - plugin [] was disabled because it doesn't support the given collection type.
84 [140249520924352] INFO perfrun.launcher <> - plugin [] was disabled because it doesn't support the given collection type.
84 [140249520924352] INFO perfrun.mrte <> - system-wide mode is 0
84 [140249520924352] INFO perfrun.mrte <> - Getting  mrte profiling environment ...
94 [140249520924352] INFO perfrun.mrte <> - INTEL_MRTE_DATA_DIR=/tmp/amplxe-tmp-azfar/amplxe-res-7388-25049939788969/data.0
95 [140249520924352] INFO perfrun.mrte <> - INTEL_MRTE_HOST_NAME=DESKTOP-GRRJ2VV
95 [140249520924352] INFO perfrun.mrte <> - JAVA_TOOL_OPTIONS=-agentlib:amplxe_samplingmrte_javaprof_1.0 -Dsun.boot.library.path=/opt/intel/oneapi/vtune/2025.3/lib32/runtime:/opt/intel/oneapi/vtune/2025.3/lib64/runtime
95 [140249520924352] INFO perfrun.mrte <> - LD_LIBRARY_PATH=/opt/intel/oneapi/vtune/2025.3/lib32/runtime:/opt/intel/oneapi/vtune/2025.3/lib64/runtime:/opt/intel/oneapi/tcm/1.3/lib:/opt/intel/oneapi/umf/0.10/lib:/opt/intel/oneapi/tbb/2022.1/env/../lib/intel64/gcc4.8:/opt/intel/oneapi/pti/0.12/lib:/opt/intel/oneapi/mkl/2025.1/lib:/opt/intel/oneapi/ipp/2022.1/lib:/opt/intel/oneapi/compiler/2025.1/opt/compiler/lib:/opt/intel/oneapi/compiler/2025.1/lib
95 [140249520924352] INFO perfrun.mrte <> - CORECLR_ENABLE_PROFILING=1
95 [140249520924352] INFO perfrun.mrte <> - CORECLR_PROFILER={AA5E4821-E3B1-479c-B7FF-5AD047D22CED}
96 [140249520924352] INFO perfrun.mrte <> - CORECLR_PROFILER_PATH=/opt/intel/oneapi/vtune/2025.3/lib64/libamplxe_samplingmrte_clrprof_1.0.so
96 [140249520924352] INFO perfrun.mrte <> - INTEL_MRTE_PROFILER_MODE=mixed
96 [140249520924352] INFO perfrun.mrte <> - Data directory: /tmp/amplxe-tmp-azfar/amplxe-res-7388-25049939788969/data.0
97 [140249520924352] INFO perfrun.mrte <> - Mrte plugin is initialized
97 [140249520924352] INFO perfrun.launcher <> - plugin [emon] was disabled because it doesn't support the given collection type.
97 [140249520924352] INFO perfrun.launcher <> - plugin [cuscol] was disabled because it doesn't support the given collection type.
97 [140249520924352] INFO perfrun.launcher <> - plugin [stdsrc] was disabled because it doesn't support the given collection type.
97 [140249520924352] INFO perfrun.launcher <> - plugin [sep] was disabled because it doesn't support the given collection type.
98 [140249520924352] INFO perfrun.launcher <> - plugin [vtsspp] was disabled because it doesn't support the given collection type.
98 [140249520924352] INFO perfrun.perfcollector <> - Platform type: 150
98 [140249520924352] INFO perfrun.sdk <> - Reading value (0) from file: /proc/sys/kernel/perf_event_paranoid
98 [140249520924352] INFO perfrun.perfcollector <> - checking access to: /opt/intel/oneapi/vtune/2025.3/bin64/amplxe-perf-priv
99 [140249520924352] INFO perfrun.perfcollector <> - dir found: /sys/bus/event_source/devices/software
99 [140249520924352] INFO perfrun.perfcollector <> - format: pmu format subdir doesn't exist
99 [140249520924352] INFO perfrun.perfcollector <> - hwInfo: not set, pmuFam: software
99 [140249520924352] INFO perfrun.perfcollector <> - pmu added: software, idx: 0
99 [140249520924352] INFO perfrun.perfcollector <> - dir found: /sys/bus/event_source/devices/uprobe
100 [140249520924352] INFO perfrun.perfcollector <> - format: ref_ctr_offset: config:32-63, mask:32-63
100 [140249520924352] INFO perfrun.perfcollector <> - format: retprobe: config:0, mask:0
100 [140249520924352] INFO perfrun.perfcollector <> - hwInfo: not set, pmuFam: uprobe
100 [140249520924352] INFO perfrun.perfcollector <> - pmu caps: raw,format
101 [140249520924352] INFO perfrun.perfcollector <> - pmu added: uprobe, idx: 0
101 [140249520924352] INFO perfrun.perfcollector <> - dir found: /sys/bus/event_source/devices/cpu
101 [140249520924352] INFO perfrun.perfcollector <> - format: event: config:0-7, mask:0-7
101 [140249520924352] INFO perfrun.perfcollector <> - format: pc: config:19, mask:19
101 [140249520924352] INFO perfrun.perfcollector <> - format: edge: config:18, mask:18
102 [140249520924352] INFO perfrun.perfcollector <> - format: any: config:21, mask:21
102 [140249520924352] INFO perfrun.perfcollector <> - format: offcore_rsp: config1:0-63, mask:0-63
102 [140249520924352] INFO perfrun.perfcollector <> - format: ldlat: config1:0-15, mask:0-15
102 [140249520924352] INFO perfrun.perfcollector <> - format: inv: config:23, mask:23
103 [140249520924352] INFO perfrun.perfcollector <> - format: umask: config:8-15, mask:8-15
103 [140249520924352] INFO perfrun.perfcollector <> - format: frontend: config1:0-23, mask:0-23
103 [140249520924352] INFO perfrun.perfcollector <> - format: cmask: config:24-31, mask:24-31
103 [140249520924352] INFO perfrun.perfcollector <> - hwInfo: PERF_CPU_PMU_DETAILS
103 [140249520924352] INFO perfrun.perfcollector <> - pmu caps: raw,format,events,ldlat,frontend,offcore_rsp
103 [140249520924352] INFO perfrun.perfcollector <> - pmu added: cpu, idx: 0
104 [140249520924352] INFO perfrun.perfcollector <> - dir found: /sys/bus/event_source/devices/breakpoint
104 [140249520924352] INFO perfrun.perfcollector <> - format: pmu format subdir doesn't exist
104 [140249520924352] INFO perfrun.perfcollector <> - hwInfo: not set, pmuFam: breakpoint
104 [140249520924352] INFO perfrun.perfcollector <> - pmu added: breakpoint, idx: 0
104 [140249520924352] INFO perfrun.perfcollector <> - dir found: /sys/bus/event_source/devices/tracepoint
104 [140249520924352] INFO perfrun.perfcollector <> - format: pmu format subdir doesn't exist
105 [140249520924352] INFO perfrun.perfcollector <> - hwInfo: not set, pmuFam: tracepoint
105 [140249520924352] INFO perfrun.perfcollector <> - pmu added: tracepoint, idx: 0
105 [140249520924352] INFO perfrun.perfcollector <> - dir found: /sys/bus/event_source/devices/kprobe
105 [140249520924352] INFO perfrun.perfcollector <> - format: retprobe: config:0, mask:0
105 [140249520924352] INFO perfrun.perfcollector <> - hwInfo: not set, pmuFam: kprobe
106 [140249520924352] INFO perfrun.perfcollector <> - pmu caps: raw,format
106 [140249520924352] INFO perfrun.perfcollector <> - pmu added: kprobe, idx: 0
106 [140249520924352] INFO perfrun.perfcollector <> - dir found: /sys/bus/event_source/devices/msr
106 [140249520924352] INFO perfrun.perfcollector <> - format: event: config:0-63, mask:0-63
107 [140249520924352] INFO perfrun.perfcollector <> - hwInfo: not set, pmuFam: msr
107 [140249520924352] INFO perfrun.perfcollector <> - pmu caps: raw,format,events
107 [140249520924352] INFO perfrun.perfcollector <> - pmu added: msr, idx: 0
107 [140249520924352] INFO perfrun.perfcollector <> - Perf tool path: /opt/intel/oneapi/vtune/2025.3/bin64/amplxe-perf
107 [140249520924352] INFO perfrun.perfcollector <> - Data directory: /tmp/amplxe-tmp-azfar/amplxe-res-7388-25049939788969/data.0
107 [140249520924352] INFO perfrun.perfcollector <> - Temp directory: /tmp/amplxe-tmp-azfar
108 [140249520924352] INFO perfrun.perfcollector <> - Perf sync path: /opt/intel/oneapi/vtune/2025.3/bin64/amplxe-perf-sync
108 [140249520924352] INFO perfrun.perfcollector <> - Hypervisor = Microsoft Hv
108 [140249520924352] INFO perfrun.perfcollector <> - Counting mode is requested
108 [140249520924352] INFO perfrun.perfcollector <> - Sample after multiplier: 1
109 [140249520924352] INFO perfrun.sdk <> - runCmd: /opt/intel/oneapi/vtune/2025.3/bin64/sep -dry-run -sam 1 -ec CPU_CLK_UNHALTED.THREAD,CPU_CLK_UNHALTED.REF_TSC:sample:sa=1800000,INST_RETIRED.ANY:sample:sa=1800000,CPU_CLK_UNHALTED.REF_XCLK,CPU_CLK_UNHALTED.ONE_THREAD_ACTIVE,FP_ARITH_INST_RETIRED.SCALAR_SINGLE,FP_ARITH_INST_RETIRED.128B_PACKED_SINGLE,FP_ARITH_INST_RETIRED.256B_PACKED_SINGLE,FP_ARITH_INST_RETIRED.SCALAR_DOUBLE,FP_ARITH_INST_RETIRED.128B_PACKED_DOUBLE,FP_ARITH_INST_RETIRED.256B_PACKED_DOUBLE,UOPS_EXECUTED.X87,UOPS_RETIRED.RETIRE_SLOTS:sample:sa=2000003,UOPS_EXECUTED.THREAD -experimental
109 [140249520924352] INFO perfrun.sdk <> - runCmd started PID 7406
119 [140249520924352] INFO perfrun.perfcollector <> - SepDryRun RC = true
119 [140249520924352] INFO perfrun.perfcollector <> - Loading SEP event configuration
119 [140249520924352] INFO perfrun.perfcollector <> - pmu: cpu
119 [140249520924352] INFO perfrun.perfcollector <> - group_id: 0
119 [140249520924352] INFO perfrun.perfcollector <> - event_id: 2: INST_RETIRED.ANY
119 [140249520924352] INFO perfrun.perfcollector <> - event_id: 0: CPU_CLK_UNHALTED.THREAD
120 [140249520924352] INFO perfrun.perfcollector <> - event_id: 1: CPU_CLK_UNHALTED.REF_TSC
120 [140249520924352] INFO perfrun.perfcollector <> - event_id: 3: CPU_CLK_UNHALTED.REF_XCLK
120 [140249520924352] INFO perfrun.perfcollector <> - event_id: 4: CPU_CLK_UNHALTED.ONE_THREAD_ACTIVE
120 [140249520924352] INFO perfrun.perfcollector <> - event_id: 5: FP_ARITH_INST_RETIRED.SCALAR_SINGLE
120 [140249520924352] INFO perfrun.perfcollector <> - event_id: 6: FP_ARITH_INST_RETIRED.128B_PACKED_SINGLE
120 [140249520924352] INFO perfrun.perfcollector <> - event_id: 3: cccr: addr: 186, value: 53013c
120 [140249520924352] INFO perfrun.perfcollector <> - event_id: 4: cccr: addr: 187, value: 53023c
121 [140249520924352] INFO perfrun.perfcollector <> - event_id: 5: cccr: addr: 188, value: 5302c7
121 [140249520924352] INFO perfrun.perfcollector <> - event_id: 6: cccr: addr: 189, value: 5308c7
121 [140249520924352] INFO perfrun.perfcollector <> - event_id: 2: data: addr: 309, value: ffffffffffe488c0
121 [140249520924352] INFO perfrun.perfcollector <> - event_id: 0: data: addr: 30a, value: ffffffffffe17b7d
121 [140249520924352] INFO perfrun.perfcollector <> - event_id: 1: data: addr: 30b, value: ffffffffffe488c0
121 [140249520924352] INFO perfrun.perfcollector <> - event_id: 3: data: addr: c1, value: ffffffffffff9e55
121 [140249520924352] INFO perfrun.perfcollector <> - event_id: 4: data: addr: c2, value: ffffffffffff9e55
122 [140249520924352] INFO perfrun.perfcollector <> - event_id: 5: data: addr: c3, value: ffffffffffe17b7d
122 [140249520924352] INFO perfrun.perfcollector <> - event_id: 6: data: addr: c4, value: ffffffffffe17b7d
122 [140249520924352] INFO perfrun.perfcollector <> - group_id: 1
122 [140249520924352] INFO perfrun.perfcollector <> - event_id: 2: INST_RETIRED.ANY
122 [140249520924352] INFO perfrun.perfcollector <> - event_id: 0: CPU_CLK_UNHALTED.THREAD
122 [140249520924352] INFO perfrun.perfcollector <> - event_id: 1: CPU_CLK_UNHALTED.REF_TSC
123 [140249520924352] INFO perfrun.perfcollector <> - event_id: 7: FP_ARITH_INST_RETIRED.256B_PACKED_SINGLE
123 [140249520924352] INFO perfrun.perfcollector <> - event_id: 8: FP_ARITH_INST_RETIRED.SCALAR_DOUBLE
123 [140249520924352] INFO perfrun.perfcollector <> - event_id: 9: FP_ARITH_INST_RETIRED.128B_PACKED_DOUBLE
123 [140249520924352] INFO perfrun.perfcollector <> - event_id: 10: FP_ARITH_INST_RETIRED.256B_PACKED_DOUBLE
123 [140249520924352] INFO perfrun.perfcollector <> - event_id: 7: cccr: addr: 186, value: 5320c7
123 [140249520924352] INFO perfrun.perfcollector <> - event_id: 8: cccr: addr: 187, value: 5301c7
124 [140249520924352] INFO perfrun.perfcollector <> - event_id: 9: cccr: addr: 188, value: 5304c7
124 [140249520924352] INFO perfrun.perfcollector <> - event_id: 10: cccr: addr: 189, value: 5310c7
124 [140249520924352] INFO perfrun.perfcollector <> - event_id: 2: data: addr: 309, value: ffffffffffe488c0
124 [140249520924352] INFO perfrun.perfcollector <> - event_id: 0: data: addr: 30a, value: ffffffffffe17b7d
124 [140249520924352] INFO perfrun.perfcollector <> - event_id: 1: data: addr: 30b, value: ffffffffffe488c0
125 [140249520924352] INFO perfrun.perfcollector <> - event_id: 7: data: addr: c1, value: ffffffffffe17b7d
125 [140249520924352] INFO perfrun.perfcollector <> - event_id: 8: data: addr: c2, value: ffffffffffe17b7d
125 [140249520924352] INFO perfrun.perfcollector <> - event_id: 9: data: addr: c3, value: ffffffffffe17b7d
125 [140249520924352] INFO perfrun.perfcollector <> - event_id: 10: data: addr: c4, value: ffffffffffe17b7d
125 [140249520924352] INFO perfrun.perfcollector <> - group_id: 2
125 [140249520924352] INFO perfrun.perfcollector <> - event_id: 2: INST_RETIRED.ANY
126 [140249520924352] INFO perfrun.perfcollector <> - event_id: 0: CPU_CLK_UNHALTED.THREAD
126 [140249520924352] INFO perfrun.perfcollector <> - event_id: 1: CPU_CLK_UNHALTED.REF_TSC
126 [140249520924352] INFO perfrun.perfcollector <> - event_id: 11: UOPS_EXECUTED.X87
126 [140249520924352] INFO perfrun.perfcollector <> - event_id: 12: UOPS_RETIRED.RETIRE_SLOTS
126 [140249520924352] INFO perfrun.perfcollector <> - event_id: 13: UOPS_EXECUTED.THREAD
126 [140249520924352] INFO perfrun.perfcollector <> - event_id: 11: cccr: addr: 186, value: 5310b1
127 [140249520924352] INFO perfrun.perfcollector <> - event_id: 12: cccr: addr: 187, value: 5302c2
127 [140249520924352] INFO perfrun.perfcollector <> - event_id: 13: cccr: addr: 188, value: 5301b1
127 [140249520924352] INFO perfrun.perfcollector <> - event_id: 2: data: addr: 309, value: ffffffffffe488c0
127 [140249520924352] INFO perfrun.perfcollector <> - event_id: 0: data: addr: 30a, value: ffffffffffe17b7d
127 [140249520924352] INFO perfrun.perfcollector <> - event_id: 1: data: addr: 30b, value: ffffffffffe488c0
127 [140249520924352] INFO perfrun.perfcollector <> - event_id: 11: data: addr: c1, value: ffffffffffe17b7d
128 [140249520924352] INFO perfrun.perfcollector <> - event_id: 12: data: addr: c2, value: ffffffffffe17b7d
128 [140249520924352] INFO perfrun.perfcollector <> - event_id: 13: data: addr: c3, value: ffffffffffe17b7d
128 [140249520924352] INFO perfrun.perfcollector <> - Converting events to Perf format
128 [140249520924352] INFO perfrun.perfcollector <> - event: 0: CPU_CLK_UNHALTED.THREAD
128 [140249520924352] INFO perfrun.perfcollector <> - cccr: addr: ffffffff, value: 0
129 [140249520924352] INFO perfrun.perfcollector <> - data: addr: 30a, value: ffffffffffe17b7d
129 [140249520924352] INFO perfrun.perfcollector <> - pmu config: cpu
129 [140249520924352] INFO perfrun.perfcollector <> - config: any: 0
129 [140249520924352] INFO perfrun.perfcollector <> - config: cmask: 0
129 [140249520924352] INFO perfrun.perfcollector <> - config: edge: 0
129 [140249520924352] INFO perfrun.perfcollector <> - config: event: 3c
130 [140249520924352] INFO perfrun.perfcollector <> - config1: frontend: 0
130 [140249520924352] INFO perfrun.perfcollector <> - config: inv: 0
130 [140249520924352] INFO perfrun.perfcollector <> - config1: ldlat: 0
130 [140249520924352] INFO perfrun.perfcollector <> - config1: offcore_rsp: 0
130 [140249520924352] INFO perfrun.perfcollector <> - config: pc: 0
130 [140249520924352] INFO perfrun.perfcollector <> - config: umask: 0
131 [140249520924352] INFO perfrun.perfcollector <> - format: cpu/event=0x3c,name='CPU_CLK_UNHALTED.THREAD'/D
131 [140249520924352] INFO perfrun.perfcollector <> - event: 1: CPU_CLK_UNHALTED.REF_TSC
131 [140249520924352] INFO perfrun.perfcollector <> - cccr: addr: ffffffff, value: 0
131 [140249520924352] INFO perfrun.perfcollector <> - data: addr: 30b, value: ffffffffffe488c0
131 [140249520924352] INFO perfrun.perfcollector <> - pmu config: cpu
132 [140249520924352] INFO perfrun.perfcollector <> - config: any: 0
132 [140249520924352] INFO perfrun.perfcollector <> - config: cmask: 0
132 [140249520924352] INFO perfrun.perfcollector <> - config: edge: 0
132 [140249520924352] INFO perfrun.perfcollector <> - config: event: 0
133 [140249520924352] INFO perfrun.perfcollector <> - config1: frontend: 0
133 [140249520924352] INFO perfrun.perfcollector <> - config: inv: 0
133 [140249520924352] INFO perfrun.perfcollector <> - config1: ldlat: 0
133 [140249520924352] INFO perfrun.perfcollector <> - config1: offcore_rsp: 0
133 [140249520924352] INFO perfrun.perfcollector <> - config: pc: 0
134 [140249520924352] INFO perfrun.perfcollector <> - config: umask: 3
134 [140249520924352] INFO perfrun.perfcollector <> - format: cpu/umask=0x3,name='CPU_CLK_UNHALTED.REF_TSC'/D
134 [140249520924352] INFO perfrun.perfcollector <> - event: 2: INST_RETIRED.ANY
134 [140249520924352] INFO perfrun.perfcollector <> - cccr: addr: ffffffff, value: 0
134 [140249520924352] INFO perfrun.perfcollector <> - data: addr: 309, value: ffffffffffe488c0
134 [140249520924352] INFO perfrun.perfcollector <> - pmu config: cpu
135 [140249520924352] INFO perfrun.perfcollector <> - config: any: 0
135 [140249520924352] INFO perfrun.perfcollector <> - config: cmask: 0
135 [140249520924352] INFO perfrun.perfcollector <> - config: edge: 0
135 [140249520924352] INFO perfrun.perfcollector <> - config: event: c0
135 [140249520924352] INFO perfrun.perfcollector <> - config1: frontend: 0
135 [140249520924352] INFO perfrun.perfcollector <> - config: inv: 0
136 [140249520924352] INFO perfrun.perfcollector <> - config1: ldlat: 0
136 [140249520924352] INFO perfrun.perfcollector <> - config1: offcore_rsp: 0
136 [140249520924352] INFO perfrun.perfcollector <> - config: pc: 0
136 [140249520924352] INFO perfrun.perfcollector <> - config: umask: 0
136 [140249520924352] INFO perfrun.perfcollector <> - format: cpu/event=0xc0,name='INST_RETIRED.ANY'/D
137 [140249520924352] INFO perfrun.perfcollector <> - event: 3: CPU_CLK_UNHALTED.REF_XCLK
137 [140249520924352] INFO perfrun.perfcollector <> - cccr: addr: 186, value: 53013c
137 [140249520924352] INFO perfrun.perfcollector <> - data: addr: c1, value: ffffffffffff9e55
137 [140249520924352] INFO perfrun.perfcollector <> - pmu config: cpu
137 [140249520924352] INFO perfrun.perfcollector <> - config: any: 0
138 [140249520924352] INFO perfrun.perfcollector <> - config: cmask: 0
138 [140249520924352] INFO perfrun.perfcollector <> - config: edge: 0
138 [140249520924352] INFO perfrun.perfcollector <> - config: event: 3c
138 [140249520924352] INFO perfrun.perfcollector <> - config1: frontend: 0
138 [140249520924352] INFO perfrun.perfcollector <> - config: inv: 0
138 [140249520924352] INFO perfrun.perfcollector <> - config1: ldlat: 0
139 [140249520924352] INFO perfrun.perfcollector <> - config1: offcore_rsp: 0
139 [140249520924352] INFO perfrun.perfcollector <> - config: pc: 0
139 [140249520924352] INFO perfrun.perfcollector <> - config: umask: 1
139 [140249520924352] INFO perfrun.perfcollector <> - format: cpu/event=0x3c,umask=0x1,name='CPU_CLK_UNHALTED.REF_XCLK'/
139 [140249520924352] INFO perfrun.perfcollector <> - event: 4: CPU_CLK_UNHALTED.ONE_THREAD_ACTIVE
140 [140249520924352] INFO perfrun.perfcollector <> - cccr: addr: 187, value: 53023c
140 [140249520924352] INFO perfrun.perfcollector <> - data: addr: c2, value: ffffffffffff9e55
140 [140249520924352] INFO perfrun.perfcollector <> - pmu config: cpu
140 [140249520924352] INFO perfrun.perfcollector <> - config: any: 0
140 [140249520924352] INFO perfrun.perfcollector <> - config: cmask: 0
141 [140249520924352] INFO perfrun.perfcollector <> - config: edge: 0
141 [140249520924352] INFO perfrun.perfcollector <> - config: event: 3c
141 [140249520924352] INFO perfrun.perfcollector <> - config1: frontend: 0
141 [140249520924352] INFO perfrun.perfcollector <> - config: inv: 0
141 [140249520924352] INFO perfrun.perfcollector <> - config1: ldlat: 0
142 [140249520924352] INFO perfrun.perfcollector <> - config1: offcore_rsp: 0
142 [140249520924352] INFO perfrun.perfcollector <> - config: pc: 0
142 [140249520924352] INFO perfrun.perfcollector <> - config: umask: 2
142 [140249520924352] INFO perfrun.perfcollector <> - format: cpu/event=0x3c,umask=0x2,name='CPU_CLK_UNHALTED.ONE_THREAD_ACTIVE'/
143 [140249520924352] INFO perfrun.perfcollector <> - event: 5: FP_ARITH_INST_RETIRED.SCALAR_SINGLE
143 [140249520924352] INFO perfrun.perfcollector <> - cccr: addr: 188, value: 5302c7
143 [140249520924352] INFO perfrun.perfcollector <> - data: addr: c3, value: ffffffffffe17b7d
143 [140249520924352] INFO perfrun.perfcollector <> - pmu config: cpu
143 [140249520924352] INFO perfrun.perfcollector <> - config: any: 0
144 [140249520924352] INFO perfrun.perfcollector <> - config: cmask: 0
144 [140249520924352] INFO perfrun.perfcollector <> - config: edge: 0
144 [140249520924352] INFO perfrun.perfcollector <> - config: event: c7
144 [140249520924352] INFO perfrun.perfcollector <> - config1: frontend: 0
144 [140249520924352] INFO perfrun.perfcollector <> - config: inv: 0
145 [140249520924352] INFO perfrun.perfcollector <> - config1: ldlat: 0
145 [140249520924352] INFO perfrun.perfcollector <> - config1: offcore_rsp: 0
145 [140249520924352] INFO perfrun.perfcollector <> - config: pc: 0
145 [140249520924352] INFO perfrun.perfcollector <> - config: umask: 2
145 [140249520924352] INFO perfrun.perfcollector <> - format: cpu/event=0xc7,umask=0x2,name='FP_ARITH_INST_RETIRED.SCALAR_SINGLE'/
146 [140249520924352] INFO perfrun.perfcollector <> - event: 6: FP_ARITH_INST_RETIRED.128B_PACKED_SINGLE
146 [140249520924352] INFO perfrun.perfcollector <> - cccr: addr: 189, value: 5308c7
146 [140249520924352] INFO perfrun.perfcollector <> - data: addr: c4, value: ffffffffffe17b7d
147 [140249520924352] INFO perfrun.perfcollector <> - pmu config: cpu
147 [140249520924352] INFO perfrun.perfcollector <> - config: any: 0
147 [140249520924352] INFO perfrun.perfcollector <> - config: cmask: 0
147 [140249520924352] INFO perfrun.perfcollector <> - config: edge: 0
147 [140249520924352] INFO perfrun.perfcollector <> - config: event: c7
148 [140249520924352] INFO perfrun.perfcollector <> - config1: frontend: 0
148 [140249520924352] INFO perfrun.perfcollector <> - config: inv: 0
148 [140249520924352] INFO perfrun.perfcollector <> - config1: ldlat: 0
148 [140249520924352] INFO perfrun.perfcollector <> - config1: offcore_rsp: 0
149 [140249520924352] INFO perfrun.perfcollector <> - config: pc: 0
149 [140249520924352] INFO perfrun.perfcollector <> - config: umask: 8
149 [140249520924352] INFO perfrun.perfcollector <> - format: cpu/event=0xc7,umask=0x8,name='FP_ARITH_INST_RETIRED.128B_PACKED_SINGLE'/
149 [140249520924352] INFO perfrun.perfcollector <> - event: 7: FP_ARITH_INST_RETIRED.256B_PACKED_SINGLE
149 [140249520924352] INFO perfrun.perfcollector <> - cccr: addr: 186, value: 5320c7
150 [140249520924352] INFO perfrun.perfcollector <> - data: addr: c1, value: ffffffffffe17b7d
150 [140249520924352] INFO perfrun.perfcollector <> - pmu config: cpu
150 [140249520924352] INFO perfrun.perfcollector <> - config: any: 0
150 [140249520924352] INFO perfrun.perfcollector <> - config: cmask: 0
150 [140249520924352] INFO perfrun.perfcollector <> - config: edge: 0
151 [140249520924352] INFO perfrun.perfcollector <> - config: event: c7
151 [140249520924352] INFO perfrun.perfcollector <> - config1: frontend: 0
151 [140249520924352] INFO perfrun.perfcollector <> - config: inv: 0
151 [140249520924352] INFO perfrun.perfcollector <> - config1: ldlat: 0
151 [140249520924352] INFO perfrun.perfcollector <> - config1: offcore_rsp: 0
151 [140249520924352] INFO perfrun.perfcollector <> - config: pc: 0
152 [140249520924352] INFO perfrun.perfcollector <> - config: umask: 20
152 [140249520924352] INFO perfrun.perfcollector <> - format: cpu/event=0xc7,umask=0x20,name='FP_ARITH_INST_RETIRED.256B_PACKED_SINGLE'/
152 [140249520924352] INFO perfrun.perfcollector <> - event: 8: FP_ARITH_INST_RETIRED.SCALAR_DOUBLE
152 [140249520924352] INFO perfrun.perfcollector <> - cccr: addr: 187, value: 5301c7
152 [140249520924352] INFO perfrun.perfcollector <> - data: addr: c2, value: ffffffffffe17b7d
152 [140249520924352] INFO perfrun.perfcollector <> - pmu config: cpu
153 [140249520924352] INFO perfrun.perfcollector <> - config: any: 0
153 [140249520924352] INFO perfrun.perfcollector <> - config: cmask: 0
153 [140249520924352] INFO perfrun.perfcollector <> - config: edge: 0
153 [140249520924352] INFO perfrun.perfcollector <> - config: event: c7
153 [140249520924352] INFO perfrun.perfcollector <> - config1: frontend: 0
154 [140249520924352] INFO perfrun.perfcollector <> - config: inv: 0
154 [140249520924352] INFO perfrun.perfcollector <> - config1: ldlat: 0
154 [140249520924352] INFO perfrun.perfcollector <> - config1: offcore_rsp: 0
154 [140249520924352] INFO perfrun.perfcollector <> - config: pc: 0
154 [140249520924352] INFO perfrun.perfcollector <> - config: umask: 1
154 [140249520924352] INFO perfrun.perfcollector <> - format: cpu/event=0xc7,umask=0x1,name='FP_ARITH_INST_RETIRED.SCALAR_DOUBLE'/
155 [140249520924352] INFO perfrun.perfcollector <> - event: 9: FP_ARITH_INST_RETIRED.128B_PACKED_DOUBLE
155 [140249520924352] INFO perfrun.perfcollector <> - cccr: addr: 188, value: 5304c7
155 [140249520924352] INFO perfrun.perfcollector <> - data: addr: c3, value: ffffffffffe17b7d
155 [140249520924352] INFO perfrun.perfcollector <> - pmu config: cpu
155 [140249520924352] INFO perfrun.perfcollector <> - config: any: 0
156 [140249520924352] INFO perfrun.perfcollector <> - config: cmask: 0
156 [140249520924352] INFO perfrun.perfcollector <> - config: edge: 0
156 [140249520924352] INFO perfrun.perfcollector <> - config: event: c7
156 [140249520924352] INFO perfrun.perfcollector <> - config1: frontend: 0
156 [140249520924352] INFO perfrun.perfcollector <> - config: inv: 0
157 [140249520924352] INFO perfrun.perfcollector <> - config1: ldlat: 0
157 [140249520924352] INFO perfrun.perfcollector <> - config1: offcore_rsp: 0
157 [140249520924352] INFO perfrun.perfcollector <> - config: pc: 0
157 [140249520924352] INFO perfrun.perfcollector <> - config: umask: 4
157 [140249520924352] INFO perfrun.perfcollector <> - format: cpu/event=0xc7,umask=0x4,name='FP_ARITH_INST_RETIRED.128B_PACKED_DOUBLE'/
158 [140249520924352] INFO perfrun.perfcollector <> - event: 10: FP_ARITH_INST_RETIRED.256B_PACKED_DOUBLE
158 [140249520924352] INFO perfrun.perfcollector <> - cccr: addr: 189, value: 5310c7
158 [140249520924352] INFO perfrun.perfcollector <> - data: addr: c4, value: ffffffffffe17b7d
158 [140249520924352] INFO perfrun.perfcollector <> - pmu config: cpu
158 [140249520924352] INFO perfrun.perfcollector <> - config: any: 0
159 [140249520924352] INFO perfrun.perfcollector <> - config: cmask: 0
159 [140249520924352] INFO perfrun.perfcollector <> - config: edge: 0
159 [140249520924352] INFO perfrun.perfcollector <> - config: event: c7
159 [140249520924352] INFO perfrun.perfcollector <> - config1: frontend: 0
159 [140249520924352] INFO perfrun.perfcollector <> - config: inv: 0
160 [140249520924352] INFO perfrun.perfcollector <> - config1: ldlat: 0
160 [140249520924352] INFO perfrun.perfcollector <> - config1: offcore_rsp: 0
160 [140249520924352] INFO perfrun.perfcollector <> - config: pc: 0
160 [140249520924352] INFO perfrun.perfcollector <> - config: umask: 10
160 [140249520924352] INFO perfrun.perfcollector <> - format: cpu/event=0xc7,umask=0x10,name='FP_ARITH_INST_RETIRED.256B_PACKED_DOUBLE'/
161 [140249520924352] INFO perfrun.perfcollector <> - event: 11: UOPS_EXECUTED.X87
161 [140249520924352] INFO perfrun.perfcollector <> - cccr: addr: 186, value: 5310b1
161 [140249520924352] INFO perfrun.perfcollector <> - data: addr: c1, value: ffffffffffe17b7d
161 [140249520924352] INFO perfrun.perfcollector <> - pmu config: cpu
161 [140249520924352] INFO perfrun.perfcollector <> - config: any: 0
162 [140249520924352] INFO perfrun.perfcollector <> - config: cmask: 0
162 [140249520924352] INFO perfrun.perfcollector <> - config: edge: 0
162 [140249520924352] INFO perfrun.perfcollector <> - config: event: b1
162 [140249520924352] INFO perfrun.perfcollector <> - config1: frontend: 0
162 [140249520924352] INFO perfrun.perfcollector <> - config: inv: 0
163 [140249520924352] INFO perfrun.perfcollector <> - config1: ldlat: 0
163 [140249520924352] INFO perfrun.perfcollector <> - config1: offcore_rsp: 0
163 [140249520924352] INFO perfrun.perfcollector <> - config: pc: 0
163 [140249520924352] INFO perfrun.perfcollector <> - config: umask: 10
163 [140249520924352] INFO perfrun.perfcollector <> - format: cpu/event=0xb1,umask=0x10,name='UOPS_EXECUTED.X87'/
164 [140249520924352] INFO perfrun.perfcollector <> - event: 12: UOPS_RETIRED.RETIRE_SLOTS
164 [140249520924352] INFO perfrun.perfcollector <> - cccr: addr: 187, value: 5302c2
164 [140249520924352] INFO perfrun.perfcollector <> - data: addr: c2, value: ffffffffffe17b7d
164 [140249520924352] INFO perfrun.perfcollector <> - pmu config: cpu
164 [140249520924352] INFO perfrun.perfcollector <> - config: any: 0
165 [140249520924352] INFO perfrun.perfcollector <> - config: cmask: 0
165 [140249520924352] INFO perfrun.perfcollector <> - config: edge: 0
165 [140249520924352] INFO perfrun.perfcollector <> - config: event: c2
165 [140249520924352] INFO perfrun.perfcollector <> - config1: frontend: 0
165 [140249520924352] INFO perfrun.perfcollector <> - config: inv: 0
165 [140249520924352] INFO perfrun.perfcollector <> - config1: ldlat: 0
166 [140249520924352] INFO perfrun.perfcollector <> - config1: offcore_rsp: 0
166 [140249520924352] INFO perfrun.perfcollector <> - config: pc: 0
166 [140249520924352] INFO perfrun.perfcollector <> - config: umask: 2
166 [140249520924352] INFO perfrun.perfcollector <> - format: cpu/event=0xc2,umask=0x2,name='UOPS_RETIRED.RETIRE_SLOTS'/
166 [140249520924352] INFO perfrun.perfcollector <> - event: 13: UOPS_EXECUTED.THREAD
166 [140249520924352] INFO perfrun.perfcollector <> - cccr: addr: 188, value: 5301b1
167 [140249520924352] INFO perfrun.perfcollector <> - data: addr: c3, value: ffffffffffe17b7d
167 [140249520924352] INFO perfrun.perfcollector <> - pmu config: cpu
167 [140249520924352] INFO perfrun.perfcollector <> - config: any: 0
167 [140249520924352] INFO perfrun.perfcollector <> - config: cmask: 0
167 [140249520924352] INFO perfrun.perfcollector <> - config: edge: 0
168 [140249520924352] INFO perfrun.perfcollector <> - config: event: b1
168 [140249520924352] INFO perfrun.perfcollector <> - config1: frontend: 0
168 [140249520924352] INFO perfrun.perfcollector <> - config: inv: 0
168 [140249520924352] INFO perfrun.perfcollector <> - config1: ldlat: 0
168 [140249520924352] INFO perfrun.perfcollector <> - config1: offcore_rsp: 0
169 [140249520924352] INFO perfrun.perfcollector <> - config: pc: 0
169 [140249520924352] INFO perfrun.perfcollector <> - config: umask: 1
169 [140249520924352] INFO perfrun.perfcollector <> - format: cpu/event=0xb1,umask=0x1,name='UOPS_EXECUTED.THREAD'/
169 [140249520924352] INFO perfrun.perfcollector <> - event: cpu/event=0x3c,name='CPU_CLK_UNHALTED.THREAD'/Duk, added for counting
169 [140249520924352] INFO perfrun.perfcollector <> - event: cpu/umask=0x3,name='CPU_CLK_UNHALTED.REF_TSC'/Duk, added for counting
169 [140249520924352] INFO perfrun.perfcollector <> - event: cpu/event=0xc0,name='INST_RETIRED.ANY'/Duk, added for counting
170 [140249520924352] INFO perfrun.perfcollector <> - event: cpu/event=0x3c,umask=0x1,name='CPU_CLK_UNHALTED.REF_XCLK'/uk, added for counting
170 [140249520924352] INFO perfrun.perfcollector <> - event: cpu/event=0x3c,umask=0x2,name='CPU_CLK_UNHALTED.ONE_THREAD_ACTIVE'/uk, added for counting
170 [140249520924352] INFO perfrun.perfcollector <> - event: cpu/event=0xc7,umask=0x2,name='FP_ARITH_INST_RETIRED.SCALAR_SINGLE'/uk, added for counting
170 [140249520924352] INFO perfrun.perfcollector <> - event: cpu/event=0xc7,umask=0x8,name='FP_ARITH_INST_RETIRED.128B_PACKED_SINGLE'/uk, added for counting
170 [140249520924352] INFO perfrun.perfcollector <> - event: cpu/event=0xc7,umask=0x20,name='FP_ARITH_INST_RETIRED.256B_PACKED_SINGLE'/uk, added for counting
170 [140249520924352] INFO perfrun.perfcollector <> - event: cpu/event=0xc7,umask=0x1,name='FP_ARITH_INST_RETIRED.SCALAR_DOUBLE'/uk, added for counting
171 [140249520924352] INFO perfrun.perfcollector <> - event: cpu/event=0xc7,umask=0x4,name='FP_ARITH_INST_RETIRED.128B_PACKED_DOUBLE'/uk, added for counting
171 [140249520924352] INFO perfrun.perfcollector <> - event: cpu/event=0xc7,umask=0x10,name='FP_ARITH_INST_RETIRED.256B_PACKED_DOUBLE'/uk, added for counting
171 [140249520924352] INFO perfrun.perfcollector <> - event: cpu/event=0xb1,umask=0x10,name='UOPS_EXECUTED.X87'/uk, added for counting
171 [140249520924352] INFO perfrun.perfcollector <> - event: cpu/event=0xc2,umask=0x2,name='UOPS_RETIRED.RETIRE_SLOTS'/uk, added for counting
171 [140249520924352] INFO perfrun.perfcollector <> - event: cpu/event=0xb1,umask=0x1,name='UOPS_EXECUTED.THREAD'/uk, added for counting
172 [140249520924352] INFO perfrun.perfcollector <> - attaching to pid: 4294967295, m_mode: 10, mode: 3
172 [140249512531648] INFO perfrun.perfcollector <> - Perf stat trace pipe capacity: read = 1048576, write = 1048576
172 [140249504138944] INFO perfrun.sdk <> - Reading value (0-7) from file: /sys/devices/system/cpu/cpu0/topology/core_siblings_list
173 [140249504138944] INFO perfrun.sdk <> - Reading value (0-1) from file: /sys/devices/system/cpu/cpu0/topology/thread_siblings_list
173 [140249504138944] INFO perfrun.sdk <> - Reading value (0-7) from file: /sys/devices/system/cpu/cpu1/topology/core_siblings_list
173 [140249504138944] INFO perfrun.sdk <> - Reading value (0-1) from file: /sys/devices/system/cpu/cpu1/topology/thread_siblings_list
173 [140249504138944] INFO perfrun.sdk <> - Reading value (0-7) from file: /sys/devices/system/cpu/cpu2/topology/core_siblings_list
173 [140249504138944] INFO perfrun.sdk <> - Reading value (2-3) from file: /sys/devices/system/cpu/cpu2/topology/thread_siblings_list
174 [140249504138944] INFO perfrun.sdk <> - Reading value (0-7) from file: /sys/devices/system/cpu/cpu3/topology/core_siblings_list
174 [140249504138944] INFO perfrun.sdk <> - Reading value (2-3) from file: /sys/devices/system/cpu/cpu3/topology/thread_siblings_list
174 [140249504138944] INFO perfrun.sdk <> - Reading value (0-7) from file: /sys/devices/system/cpu/cpu4/topology/core_siblings_list
174 [140249504138944] INFO perfrun.sdk <> - Reading value (4-5) from file: /sys/devices/system/cpu/cpu4/topology/thread_siblings_list
174 [140249504138944] INFO perfrun.sdk <> - Reading value (0-7) from file: /sys/devices/system/cpu/cpu5/topology/core_siblings_list
175 [140249504138944] INFO perfrun.sdk <> - Reading value (4-5) from file: /sys/devices/system/cpu/cpu5/topology/thread_siblings_list
175 [140249504138944] INFO perfrun.sdk <> - Reading value (0-7) from file: /sys/devices/system/cpu/cpu6/topology/core_siblings_list
175 [140249504138944] INFO perfrun.sdk <> - Reading value (6-7) from file: /sys/devices/system/cpu/cpu6/topology/thread_siblings_list
175 [140249504138944] INFO perfrun.sdk <> - Reading value (0-7) from file: /sys/devices/system/cpu/cpu7/topology/core_siblings_list
175 [140249504138944] INFO perfrun.sdk <> - Reading value (6-7) from file: /sys/devices/system/cpu/cpu7/topology/thread_siblings_list
176 [140249504138944] ERROR perfrun.sdk <> - boost::filesystem::exists(filename) 'gh2::error::IsNot.Valid.File(filename):/sys/bus/event_source/devices/cpu_core/cpus'
_sdks/release_posix-x86_64_icx_2023.0.0_gnutools_9.2_binutils_2.28/perfrun_1.36.3/include/perfrun1/sdk/utils.hpp(777): gh2::error_code_t runtool::sdk::loadFileValue(RetType &, const cpil2::uchar_t *) [RetType = std::basic_string<char>]
, at file: _sdks/release_posix-x86_64_icx_2023.0.0_gnutools_9.2_binutils_2.28/perfrun_1.36.3/include/perfrun1/sdk/utils.hpp:777
176 [140249504138944] ERROR perfrun.sdk <> - boost::filesystem::exists(filename) 'gh2::error::IsNot.Valid.File(filename):/sys/bus/event_source/devices/cpu_atom/cpus'
_sdks/release_posix-x86_64_icx_2023.0.0_gnutools_9.2_binutils_2.28/perfrun_1.36.3/include/perfrun1/sdk/utils.hpp(777): gh2::error_code_t runtool::sdk::loadFileValue(RetType &, const cpil2::uchar_t *) [RetType = std::basic_string<char>]
, at file: _sdks/release_posix-x86_64_icx_2023.0.0_gnutools_9.2_binutils_2.28/perfrun_1.36.3/include/perfrun1/sdk/utils.hpp:777
176 [140249512531648] INFO perfrun.sdk <> - runCmd: /opt/intel/oneapi/vtune/2025.3/bin64/amplxe-perf stat -v --log-fd 10 --scale -x ; -e cpu/event=0x3c,name='CPU_CLK_UNHALTED.THREAD'/Duk,cpu/umask=0x3,name='CPU_CLK_UNHALTED.REF_TSC'/Duk,cpu/event=0xc0,name='INST_RETIRED.ANY'/Duk,cpu/event=0x3c,umask=0x1,name='CPU_CLK_UNHALTED.REF_XCLK'/uk,cpu/event=0x3c,umask=0x2,name='CPU_CLK_UNHALTED.ONE_THREAD_ACTIVE'/uk,cpu/event=0xc7,umask=0x2,name='FP_ARITH_INST_RETIRED.SCALAR_SINGLE'/uk,cpu/event=0xc7,umask=0x8,name='FP_ARITH_INST_RETIRED.128B_PACKED_SINGLE'/uk,cpu/event=0xc7,umask=0x20,name='FP_ARITH_INST_RETIRED.256B_PACKED_SINGLE'/uk,cpu/event=0xc7,umask=0x1,name='FP_ARITH_INST_RETIRED.SCALAR_DOUBLE'/uk,cpu/event=0xc7,umask=0x4,name='FP_ARITH_INST_RETIRED.128B_PACKED_DOUBLE'/uk,cpu/event=0xc7,umask=0x10,name='FP_ARITH_INST_RETIRED.256B_PACKED_DOUBLE'/uk,cpu/event=0xb1,umask=0x10,name='UOPS_EXECUTED.X87'/uk,cpu/event=0xc2,umask=0x2,name='UOPS_RETIRED.RETIRE_SLOTS'/uk,cpu/event=0xb1,umask=0x1,name='UOPS_EXECUTED.THREAD'/uk /opt/intel/oneapi/vtune/2025.3/bin64/amplxe-perf-sync dryrun tsc
177 [140249512531648] INFO perfrun.sdk <> - runCmd started PID 7413
194 [140249512531648] INFO perfrun.perfcollector <> - Monitor: runCmd RC = true
194 [140249520924352] INFO perfrun.launcher <> - plugin [aoclprofile] was disabled because it doesn't support the given collection type.
194 [140249520924352] INFO perfrun.tpss <> - initialize tpss controller
194 [140249520924352] INFO perfrun.tpss <> - configure collection mode: value = cpu:counters:nostack
195 [140249520924352] INFO perfrun.tpss <> - configure collection mode: value = cpu:stack
195 [140249520924352] INFO perfrun.tpss <> - default obj-size-min=1024
195 [140249520924352] INFO perfrun.tpss <> - default hash-table-size=0
195 [140249520924352] INFO perfrun.launcher <> - plugin [media] was disabled because it doesn't support the given collection type.
196 [140249520924352] INFO perfrun.launcher <> - plugin [] was disabled because it doesn't support the given collection type.
196 [140249520924352] INFO perfrun.launcher <> - plugin [] was disabled because it doesn't support the given collection type.
196 [140249520924352] INFO perfrun.launcher <> - plugin [parallelfs] was disabled because it doesn't support the given collection type.
196 [140249520924352] INFO perfrun.launcher <> - plugin [power] was disabled because it doesn't support the given collection type.
196 [140249520924352] INFO perfrun.launcher <> - plugin [] was disabled because it doesn't support the given collection type.
196 [140249520924352] INFO perfrun.launcher <> - plugin [] was disabled because it doesn't support the given collection type.
196 [140249520924352] INFO perfrun.launcher <> - plugin [] was disabled because it doesn't support the given collection type.
197 [140249520924352] INFO perfrun.launcher <> - plugin [l0_metrics] was disabled because it doesn't support the given collection type.
197 [140249520924352] INFO perfrun.launcher <> - plugin [stall_reasons] was disabled because it doesn't support the given collection type.
197 [140249676319872] INFO perfrun.launcher <> - set environment variable: LD_LIBRARY_PATH = /opt/intel/oneapi/vtune/2025.3/lib32/runtime:/opt/intel/oneapi/vtune/2025.3/lib64/runtime:/opt/intel/oneapi/tcm/1.3/lib:/opt/intel/oneapi/umf/0.10/lib:/opt/intel/oneapi/tbb/2022.1/env/../lib/intel64/gcc4.8:/opt/intel/oneapi/pti/0.12/lib:/opt/intel/oneapi/mkl/2025.1/lib:/opt/intel/oneapi/ipp/2022.1/lib:/opt/intel/oneapi/compiler/2025.1/opt/compiler/lib:/opt/intel/oneapi/compiler/2025.1/lib
198 [140249676319872] INFO perfrun.launcher <> - set environment variable: INTEL_LIBITTNOTIFY32 = /opt/intel/oneapi/vtune/2025.3/lib32/runtime/libittnotify_collector.so
198 [140249676319872] INFO perfrun.launcher <> - set environment variable: INTEL_LIBITTNOTIFY64 = /opt/intel/oneapi/vtune/2025.3/lib64/runtime/libittnotify_collector.so
198 [140249676319872] INFO perfrun.launcher <> - set environment variable: INTEL_ITTNOTIFY_GROUPS = 
198 [140249676319872] INFO perfrun.launcher <> - set environment variable: INTEL_JIT_PROFILER32 = /opt/intel/oneapi/vtune/2025.3/lib32/runtime/libittnotify_collector.so
199 [140249676319872] INFO perfrun.launcher <> - set environment variable: INTEL_JIT_PROFILER64 = /opt/intel/oneapi/vtune/2025.3/lib64/runtime/libittnotify_collector.so
199 [140249676319872] INFO perfrun.launcher <> - set environment variable: CCL_ITT_LEVEL = 1
199 [140249676319872] INFO perfrun.launcher <> - set environment variable: ENABLE_JITPROFILING = 1
200 [140249676319872] INFO perfrun.launcher <> - set environment variable: CL_CONFIG_USE_VTUNE = True
200 [140249676319872] INFO perfrun.launcher <> - set environment variable: LD_PRELOAD = libittnotify_collector.so:
200 [140249676319872] INFO perfrun.launcher <> - set environment variable: KMP_FORKJOIN_FRAMES = 0
200 [140249676319872] INFO perfrun.launcher <> - set environment variable: KMP_FORKJOIN_FRAMES_MODE = 0
201 [140249676319872] INFO perfrun.launcher <> - set environment variable: INTEL_MRTE_DATA_DIR = /tmp/amplxe-tmp-azfar/amplxe-res-7388-25049939788969/data.0
201 [140249676319872] INFO perfrun.launcher <> - set environment variable: INTEL_MRTE_HOST_NAME = DESKTOP-GRRJ2VV
201 [140249676319872] INFO perfrun.launcher <> - set environment variable: JAVA_TOOL_OPTIONS = -agentlib:amplxe_samplingmrte_javaprof_1.0 -Dsun.boot.library.path=/opt/intel/oneapi/vtune/2025.3/lib32/runtime:/opt/intel/oneapi/vtune/2025.3/lib64/runtime
202 [140249676319872] INFO perfrun.launcher <> - set environment variable: LD_LIBRARY_PATH = /opt/intel/oneapi/vtune/2025.3/lib32/runtime:/opt/intel/oneapi/vtune/2025.3/lib64/runtime:/opt/intel/oneapi/tcm/1.3/lib:/opt/intel/oneapi/umf/0.10/lib:/opt/intel/oneapi/tbb/2022.1/env/../lib/intel64/gcc4.8:/opt/intel/oneapi/pti/0.12/lib:/opt/intel/oneapi/mkl/2025.1/lib:/opt/intel/oneapi/ipp/2022.1/lib:/opt/intel/oneapi/compiler/2025.1/opt/compiler/lib:/opt/intel/oneapi/compiler/2025.1/lib
202 [140249676319872] INFO perfrun.launcher <> - set environment variable: CORECLR_ENABLE_PROFILING = 1
202 [140249676319872] INFO perfrun.launcher <> - set environment variable: CORECLR_PROFILER = {AA5E4821-E3B1-479c-B7FF-5AD047D22CED}
202 [140249676319872] INFO perfrun.launcher <> - set environment variable: CORECLR_PROFILER_PATH = /opt/intel/oneapi/vtune/2025.3/lib64/libamplxe_samplingmrte_clrprof_1.0.so
203 [140249676319872] INFO perfrun.launcher <> - set environment variable: INTEL_MRTE_PROFILER_MODE = mixed
203 [140249676319872] INFO perfrun.launcher <> - RpcServer: run RPC server to handle requests
206 [140249676319872] INFO perfrun.launcher <> - Launcher: command line to start before modification = ./test1 changes.txt 0
206 [140249676319872] INFO perfrun.launcher <> - Launcher: command line to start after modification = /opt/intel/oneapi/vtune/2025.3/bin64/pin -error_file /tmp/amplxe-tmp-azfar/amplxe-res-7388-25049939788969/data.0/pinerr.tpsslog -detach_reattach -follow_execv -tool_load_option deepbind -t64 /opt/intel/oneapi/vtune/2025.3/lib64/libtpsstool.so -t /opt/intel/oneapi/vtune/2025.3/lib32/libtpsstool.so -server_name tpss_ipc.7388 -prd_dir /opt/intel/oneapi/vtune/2025.3 -- ./test1 changes.txt 0
417 [140249676319872] INFO perfrun.launcher <> - ProcessCreator object was created
420 [140249676319872] INFO perfrun.launcher <> - Launcher: the process was started in suspend mode
423 [140249520924352] WARN perfrun.system <> - Could not do anything with /sys/kernel/debug/kvm: boost::filesystem::status: Permission denied [system:13]: "/sys/kernel/debug/kvm", at file: vcs/perfrun1/plugins/system/src/trace_writer.cpp:787
424 [140249520924352] WARN perfrun.system <> - Folder "/var/run/libvirt/qemu/"doesn't exist, at file: vcs/perfrun1/plugins/system/src/trace_writer.cpp:800
424 [140249520924352] INFO perfrun.itt <> - start itt controller for pid #7441
426 [140249520924352] INFO perfrun.perfcollector <> - attaching to pid: 7441, m_mode: 10, mode: 11
427 [140249487353536] INFO perfrun.perfcollector <> - Perf stat trace pipe capacity: read = 1048576, write = 1048576
428 [140249512531648] INFO perfrun.sdk <> - Reading value (0-7) from file: /sys/devices/system/cpu/cpu0/topology/core_siblings_list
429 [140249512531648] INFO perfrun.sdk <> - Reading value (0-1) from file: /sys/devices/system/cpu/cpu0/topology/thread_siblings_list
429 [140249512531648] INFO perfrun.sdk <> - Reading value (0-7) from file: /sys/devices/system/cpu/cpu1/topology/core_siblings_list
430 [140249512531648] INFO perfrun.sdk <> - Reading value (0-1) from file: /sys/devices/system/cpu/cpu1/topology/thread_siblings_list
431 [140249512531648] INFO perfrun.sdk <> - Reading value (0-7) from file: /sys/devices/system/cpu/cpu2/topology/core_siblings_list
431 [140249512531648] INFO perfrun.sdk <> - Reading value (2-3) from file: /sys/devices/system/cpu/cpu2/topology/thread_siblings_list
432 [140249512531648] INFO perfrun.sdk <> - Reading value (0-7) from file: /sys/devices/system/cpu/cpu3/topology/core_siblings_list
432 [140249512531648] INFO perfrun.sdk <> - Reading value (2-3) from file: /sys/devices/system/cpu/cpu3/topology/thread_siblings_list
433 [140249512531648] INFO perfrun.sdk <> - Reading value (0-7) from file: /sys/devices/system/cpu/cpu4/topology/core_siblings_list
433 [140249512531648] INFO perfrun.sdk <> - Reading value (4-5) from file: /sys/devices/system/cpu/cpu4/topology/thread_siblings_list
434 [140249512531648] INFO perfrun.sdk <> - Reading value (0-7) from file: /sys/devices/system/cpu/cpu5/topology/core_siblings_list
435 [140249512531648] INFO perfrun.sdk <> - Reading value (4-5) from file: /sys/devices/system/cpu/cpu5/topology/thread_siblings_list
435 [140249512531648] INFO perfrun.sdk <> - Reading value (0-7) from file: /sys/devices/system/cpu/cpu6/topology/core_siblings_list
436 [140249512531648] INFO perfrun.sdk <> - Reading value (6-7) from file: /sys/devices/system/cpu/cpu6/topology/thread_siblings_list
437 [140249512531648] INFO perfrun.sdk <> - Reading value (0-7) from file: /sys/devices/system/cpu/cpu7/topology/core_siblings_list
438 [140249512531648] INFO perfrun.sdk <> - Reading value (6-7) from file: /sys/devices/system/cpu/cpu7/topology/thread_siblings_list
438 [140249512531648] ERROR perfrun.sdk <> - boost::filesystem::exists(filename) 'gh2::error::IsNot.Valid.File(filename):/sys/bus/event_source/devices/cpu_core/cpus'
_sdks/release_posix-x86_64_icx_2023.0.0_gnutools_9.2_binutils_2.28/perfrun_1.36.3/include/perfrun1/sdk/utils.hpp(777): gh2::error_code_t runtool::sdk::loadFileValue(RetType &, const cpil2::uchar_t *) [RetType = std::basic_string<char>]
, at file: _sdks/release_posix-x86_64_icx_2023.0.0_gnutools_9.2_binutils_2.28/perfrun_1.36.3/include/perfrun1/sdk/utils.hpp:777
439 [140249512531648] ERROR perfrun.sdk <> - boost::filesystem::exists(filename) 'gh2::error::IsNot.Valid.File(filename):/sys/bus/event_source/devices/cpu_atom/cpus'
_sdks/release_posix-x86_64_icx_2023.0.0_gnutools_9.2_binutils_2.28/perfrun_1.36.3/include/perfrun1/sdk/utils.hpp(777): gh2::error_code_t runtool::sdk::loadFileValue(RetType &, const cpil2::uchar_t *) [RetType = std::basic_string<char>]
, at file: _sdks/release_posix-x86_64_icx_2023.0.0_gnutools_9.2_binutils_2.28/perfrun_1.36.3/include/perfrun1/sdk/utils.hpp:777
440 [140249487353536] INFO perfrun.sdk <> - runCmd: /opt/intel/oneapi/vtune/2025.3/bin64/amplxe-perf stat -v --log-fd 21 --control=fd:22,25 --scale -x ; -p 7441 -e cpu/event=0x3c,name='CPU_CLK_UNHALTED.THREAD'/Duk,cpu/umask=0x3,name='CPU_CLK_UNHALTED.REF_TSC'/Duk,cpu/event=0xc0,name='INST_RETIRED.ANY'/Duk,cpu/event=0x3c,umask=0x1,name='CPU_CLK_UNHALTED.REF_XCLK'/uk,cpu/event=0x3c,umask=0x2,name='CPU_CLK_UNHALTED.ONE_THREAD_ACTIVE'/uk,cpu/event=0xc7,umask=0x2,name='FP_ARITH_INST_RETIRED.SCALAR_SINGLE'/uk,cpu/event=0xc7,umask=0x8,name='FP_ARITH_INST_RETIRED.128B_PACKED_SINGLE'/uk,cpu/event=0xc7,umask=0x20,name='FP_ARITH_INST_RETIRED.256B_PACKED_SINGLE'/uk,cpu/event=0xc7,umask=0x1,name='FP_ARITH_INST_RETIRED.SCALAR_DOUBLE'/uk,cpu/event=0xc7,umask=0x4,name='FP_ARITH_INST_RETIRED.128B_PACKED_DOUBLE'/uk,cpu/event=0xc7,umask=0x10,name='FP_ARITH_INST_RETIRED.256B_PACKED_DOUBLE'/uk,cpu/event=0xb1,umask=0x10,name='UOPS_EXECUTED.X87'/uk,cpu/event=0xc2,umask=0x2,name='UOPS_RETIRED.RETIRE_SLOTS'/uk,cpu/event=0xb1,umask=0x1,name='UOPS_EXECUTED.THREAD'/uk /opt/intel/oneapi/vtune/2025.3/bin64/amplxe-perf-sync sync tsc
443 [140249487353536] INFO perfrun.sdk <> - runCmd started PID 7452
466 [140249520924352] INFO perfrun.tpss <> - start tpss controller for pid #7441
518 [140249676319872] INFO perfrun.launcher <> - Launcher: all plugins were started
518 [140249676319872] INFO perfrun.launcher <> - DirectoryMonitor object was created
519 [140249676319872] INFO perfrun.launcher <> - DirectoryMonitor: a callback was added
519 [140249676319872] INFO perfrun.launcher <> - DirectoryMonitor was started with pingTime = 1000
519 [140249676319872] INFO perfrun.launcher <> - DeadlineTimer is going to be constructed
519 [140249676319872] INFO perfrun.launcher <> - DeadlineTimer: a callback was added
522 [140249676319872] INFO perfrun.launcher <> - Launcher: resume the profiled application and  wait its termination or stop command
6610 [140249676319872] INFO perfrun.launcher <> - Launcher: the profiled application was terminated  with exit code = 0
6613 [140249520924352] INFO perfrun.itt <> - detach itt controller
6614 [140249520924352] INFO perfrun.itt <> - detach itt controller done
6616 [140249487353536] INFO perfrun.perfcollector <> - Monitor: runCmd RC = true
6617 [140249520924352] INFO perfrun.perfcollector <> - Monitor: state = 3, error = 1
6617 [140249520924352] INFO perfrun.tpss <> - stop tpss controller
6617 [140249520924352] INFO perfrun.sdk <> - De-allocating TMU: /tmp/amplxe-tmp-azfar/amplxe-res-7388-25049939788969/data.0/systemcollector-7388-DESKTOP-GRRJ2VV.sc
6618 [140249520924352] INFO perfrun.system <> - closed the system trace file: /tmp/amplxe-tmp-azfar/amplxe-res-7388-25049939788969/data.0/systemcollector-7388-DESKTOP-GRRJ2VV.sc
6618 [140249676319872] INFO perfrun.launcher <> - Launcher: all plugins were stopped.
6618 [140249676319872] INFO perfrun.launcher <> - DeadlineTimer is going to be destroyed
6619 [140249676319872] INFO perfrun.launcher <> - DeadlineTimer was destroyed
6619 [140249676319872] INFO perfrun.launcher <> - DirectoryMonitor object was destroyed
6619 [140249676319872] WARN perfrun.launcher <> - Stop command is ignored because it is received when collection is already stopped, at file: vcs/perfrun1/launcher/src/command_handler.cpp:226
6910 [140249676319872] INFO perfrun.launcher <> - Application exit code: 0
6911 [140249676319872] INFO perfrun.launcher <> - Exit code: 0
