3 [140379841674368] INFO perfrun.launcher <> - Launcher main begin
4 [140379841674368] INFO perfrun.launcher <> - MessageCatalogInit finished
4 [140379841674368] INFO perfrun.launcher <> - Launcher instance created
5 [140379841674368] INFO perfrun.launcher <> - argc = 7; cmdline = /opt/intel/oneapi/vtune/2025.3/bin64/amplxe-runss --ui-output-format xml --ui-output-fd 5 --option-file /mnt/d/Semester 6/pdc/pdc_project/i221033_i220950_A_PDC_Project/vtune_hotspots48.DESKTOP-GRRJ2VV/config/runss.options.1 
37 [140379841674368] INFO perfrun.perfcollector <> - SEP tool path: /opt/intel/oneapi/vtune/2025.3/bin64/sep
57 [140379841674368] INFO perfrun.launcher <> - create msngr2::ICliToolContext
58 [140379841674368] INFO perfrun.launcher <> - create file finder object
58 [140379841674368] INFO perfrun.launcher <> - create a result directory: pattern = /mnt/d/Semester 6/pdc/pdc_project/i221033_i220950_A_PDC_Project/vtune_hotspots48.DESKTOP-GRRJ2VV pid = 4294967295
68 [140379841674368] INFO perfrun.sdk <> - checked that the directory /mnt/d/Semester 6/pdc/pdc_project/i221033_i220950_A_PDC_Project/vtune_hotspots48.DESKTOP-GRRJ2VV is a local directory
69 [140379841674368] INFO perfrun.sdk <> - the directory /mnt/d/Semester 6/pdc/pdc_project/i221033_i220950_A_PDC_Project/vtune_hotspots48.DESKTOP-GRRJ2VV is located on a share or its FS ID is unknown 16914839
69 [140379841674368] INFO perfrun.sdk <> - checked that the directory /tmp/amplxe-tmp-azfar is a local directory
69 [140379841674368] INFO perfrun.sdk <> - the directory /tmp/amplxe-tmp-azfar is a local directory with FS type ID 61267
70 [140379841674368] INFO perfrun.launcher <> - Create a local result directory /tmp/amplxe-tmp-azfar/amplxe-res-7392-25049940735917 due to the user result path /mnt/d/Semester 6/pdc/pdc_project/i221033_i220950_A_PDC_Project/vtune_hotspots48.DESKTOP-GRRJ2VV is located on a share
70 [140379841674368] INFO perfrun.launcher <> - create data directory = /tmp/amplxe-tmp-azfar/amplxe-res-7392-25049940735917/data.0
81 [140379841674368] INFO perfrun.launcher <> - create data directory = /mnt/d/Semester 6/pdc/pdc_project/i221033_i220950_A_PDC_Project/vtune_hotspots48.DESKTOP-GRRJ2VV/data.2
87 [140379841674368] INFO perfrun.launcher <> - Creating the master collection flag
88 [140379841674368] INFO perfrun.launcher <> - Done creating the master collection flag
90 [140379689051840] INFO perfrun.launcher <> - plugin [remoteplug] was disabled because it doesn't support the given collection type.
94 [140379689051840] INFO perfrun.sdk <> - Allocating TMU :/tmp/amplxe-tmp-azfar/amplxe-res-7392-25049940735917/data.0/systemcollector-7392-DESKTOP-GRRJ2VV.sc
98 [140379689051840] INFO perfrun.launcher <> - plugin [vdso] was disabled because it doesn't support the given collection type.
98 [140379689051840] INFO perfrun.launcher <> - plugin [ptracecollector] was disabled because it doesn't support the given collection type.
98 [140379689051840] INFO perfrun.launcher <> - plugin [gpu] was disabled because it doesn't support the given collection type.
99 [140379689051840] INFO perfrun.launcher <> - plugin [] was disabled because it doesn't support the given collection type.
99 [140379689051840] INFO perfrun.launcher <> - plugin [] was disabled because it doesn't support the given collection type.
99 [140379689051840] INFO perfrun.launcher <> - plugin [] was disabled because it doesn't support the given collection type.
99 [140379689051840] INFO perfrun.mrte <> - system-wide mode is 0
100 [140379689051840] INFO perfrun.mrte <> - Getting  mrte profiling environment ...
108 [140379689051840] INFO perfrun.mrte <> - INTEL_MRTE_DATA_DIR=/tmp/amplxe-tmp-azfar/amplxe-res-7392-25049940735917/data.0
108 [140379689051840] INFO perfrun.mrte <> - INTEL_MRTE_HOST_NAME=DESKTOP-GRRJ2VV
108 [140379689051840] INFO perfrun.mrte <> - JAVA_TOOL_OPTIONS=-agentlib:amplxe_samplingmrte_javaprof_1.0 -Dsun.boot.library.path=/opt/intel/oneapi/vtune/2025.3/lib32/runtime:/opt/intel/oneapi/vtune/2025.3/lib64/runtime
109 [140379689051840] INFO perfrun.mrte <> - LD_LIBRARY_PATH=/opt/intel/oneapi/vtune/2025.3/lib32/runtime:/opt/intel/oneapi/vtune/2025.3/lib64/runtime:/opt/intel/oneapi/tcm/1.3/lib:/opt/intel/oneapi/umf/0.10/lib:/opt/intel/oneapi/tbb/2022.1/env/../lib/intel64/gcc4.8:/opt/intel/oneapi/pti/0.12/lib:/opt/intel/oneapi/mkl/2025.1/lib:/opt/intel/oneapi/ipp/2022.1/lib:/opt/intel/oneapi/compiler/2025.1/opt/compiler/lib:/opt/intel/oneapi/compiler/2025.1/lib
109 [140379689051840] INFO perfrun.mrte <> - CORECLR_ENABLE_PROFILING=1
109 [140379689051840] INFO perfrun.mrte <> - CORECLR_PROFILER={AA5E4821-E3B1-479c-B7FF-5AD047D22CED}
109 [140379689051840] INFO perfrun.mrte <> - CORECLR_PROFILER_PATH=/opt/intel/oneapi/vtune/2025.3/lib64/libamplxe_samplingmrte_clrprof_1.0.so
109 [140379689051840] INFO perfrun.mrte <> - INTEL_MRTE_PROFILER_MODE=mixed
110 [140379689051840] INFO perfrun.mrte <> - Data directory: /tmp/amplxe-tmp-azfar/amplxe-res-7392-25049940735917/data.0
110 [140379689051840] INFO perfrun.mrte <> - Mrte plugin is initialized
110 [140379689051840] INFO perfrun.launcher <> - plugin [emon] was disabled because it doesn't support the given collection type.
110 [140379689051840] INFO perfrun.launcher <> - plugin [cuscol] was disabled because it doesn't support the given collection type.
111 [140379689051840] INFO perfrun.launcher <> - plugin [stdsrc] was disabled because it doesn't support the given collection type.
111 [140379689051840] INFO perfrun.launcher <> - plugin [sep] was disabled because it doesn't support the given collection type.
111 [140379689051840] INFO perfrun.launcher <> - plugin [vtsspp] was disabled because it doesn't support the given collection type.
111 [140379689051840] INFO perfrun.perfcollector <> - Platform type: 150
112 [140379689051840] INFO perfrun.sdk <> - Reading value (0) from file: /proc/sys/kernel/perf_event_paranoid
112 [140379689051840] INFO perfrun.perfcollector <> - checking access to: /opt/intel/oneapi/vtune/2025.3/bin64/amplxe-perf-priv
112 [140379689051840] INFO perfrun.perfcollector <> - dir found: /sys/bus/event_source/devices/software
112 [140379689051840] INFO perfrun.perfcollector <> - format: pmu format subdir doesn't exist
112 [140379689051840] INFO perfrun.perfcollector <> - hwInfo: not set, pmuFam: software
112 [140379689051840] INFO perfrun.perfcollector <> - pmu added: software, idx: 0
113 [140379689051840] INFO perfrun.perfcollector <> - dir found: /sys/bus/event_source/devices/uprobe
113 [140379689051840] INFO perfrun.perfcollector <> - format: ref_ctr_offset: config:32-63, mask:32-63
113 [140379689051840] INFO perfrun.perfcollector <> - format: retprobe: config:0, mask:0
113 [140379689051840] INFO perfrun.perfcollector <> - hwInfo: not set, pmuFam: uprobe
113 [140379689051840] INFO perfrun.perfcollector <> - pmu caps: raw,format
113 [140379689051840] INFO perfrun.perfcollector <> - pmu added: uprobe, idx: 0
114 [140379689051840] INFO perfrun.perfcollector <> - dir found: /sys/bus/event_source/devices/cpu
114 [140379689051840] INFO perfrun.perfcollector <> - format: event: config:0-7, mask:0-7
114 [140379689051840] INFO perfrun.perfcollector <> - format: pc: config:19, mask:19
114 [140379689051840] INFO perfrun.perfcollector <> - format: edge: config:18, mask:18
114 [140379689051840] INFO perfrun.perfcollector <> - format: any: config:21, mask:21
114 [140379689051840] INFO perfrun.perfcollector <> - format: offcore_rsp: config1:0-63, mask:0-63
115 [140379689051840] INFO perfrun.perfcollector <> - format: ldlat: config1:0-15, mask:0-15
115 [140379689051840] INFO perfrun.perfcollector <> - format: inv: config:23, mask:23
115 [140379689051840] INFO perfrun.perfcollector <> - format: umask: config:8-15, mask:8-15
115 [140379689051840] INFO perfrun.perfcollector <> - format: frontend: config1:0-23, mask:0-23
115 [140379689051840] INFO perfrun.perfcollector <> - format: cmask: config:24-31, mask:24-31
115 [140379689051840] INFO perfrun.perfcollector <> - hwInfo: PERF_CPU_PMU_DETAILS
115 [140379689051840] INFO perfrun.perfcollector <> - pmu caps: raw,format,events,ldlat,frontend,offcore_rsp
116 [140379689051840] INFO perfrun.perfcollector <> - pmu added: cpu, idx: 0
116 [140379689051840] INFO perfrun.perfcollector <> - dir found: /sys/bus/event_source/devices/breakpoint
116 [140379689051840] INFO perfrun.perfcollector <> - format: pmu format subdir doesn't exist
116 [140379689051840] INFO perfrun.perfcollector <> - hwInfo: not set, pmuFam: breakpoint
116 [140379689051840] INFO perfrun.perfcollector <> - pmu added: breakpoint, idx: 0
116 [140379689051840] INFO perfrun.perfcollector <> - dir found: /sys/bus/event_source/devices/tracepoint
116 [140379689051840] INFO perfrun.perfcollector <> - format: pmu format subdir doesn't exist
117 [140379689051840] INFO perfrun.perfcollector <> - hwInfo: not set, pmuFam: tracepoint
117 [140379689051840] INFO perfrun.perfcollector <> - pmu added: tracepoint, idx: 0
117 [140379689051840] INFO perfrun.perfcollector <> - dir found: /sys/bus/event_source/devices/kprobe
117 [140379689051840] INFO perfrun.perfcollector <> - format: retprobe: config:0, mask:0
117 [140379689051840] INFO perfrun.perfcollector <> - hwInfo: not set, pmuFam: kprobe
117 [140379689051840] INFO perfrun.perfcollector <> - pmu caps: raw,format
117 [140379689051840] INFO perfrun.perfcollector <> - pmu added: kprobe, idx: 0
118 [140379689051840] INFO perfrun.perfcollector <> - dir found: /sys/bus/event_source/devices/msr
118 [140379689051840] INFO perfrun.perfcollector <> - format: event: config:0-63, mask:0-63
118 [140379689051840] INFO perfrun.perfcollector <> - hwInfo: not set, pmuFam: msr
118 [140379689051840] INFO perfrun.perfcollector <> - pmu caps: raw,format,events
118 [140379689051840] INFO perfrun.perfcollector <> - pmu added: msr, idx: 0
118 [140379689051840] INFO perfrun.perfcollector <> - Perf tool path: /opt/intel/oneapi/vtune/2025.3/bin64/amplxe-perf
118 [140379689051840] INFO perfrun.perfcollector <> - Data directory: /tmp/amplxe-tmp-azfar/amplxe-res-7392-25049940735917/data.0
119 [140379689051840] INFO perfrun.perfcollector <> - Temp directory: /tmp/amplxe-tmp-azfar
119 [140379689051840] INFO perfrun.perfcollector <> - Perf sync path: /opt/intel/oneapi/vtune/2025.3/bin64/amplxe-perf-sync
119 [140379689051840] INFO perfrun.perfcollector <> - Hypervisor = Microsoft Hv
119 [140379689051840] INFO perfrun.perfcollector <> - Counting mode is requested
119 [140379689051840] INFO perfrun.perfcollector <> - Sample after multiplier: 1
119 [140379689051840] INFO perfrun.sdk <> - runCmd: /opt/intel/oneapi/vtune/2025.3/bin64/sep -dry-run -sam 1 -ec CPU_CLK_UNHALTED.THREAD,CPU_CLK_UNHALTED.REF_TSC:sample:sa=1800000,INST_RETIRED.ANY:sample:sa=1800000,CPU_CLK_UNHALTED.REF_XCLK,CPU_CLK_UNHALTED.ONE_THREAD_ACTIVE,FP_ARITH_INST_RETIRED.SCALAR_SINGLE,FP_ARITH_INST_RETIRED.128B_PACKED_SINGLE,FP_ARITH_INST_RETIRED.256B_PACKED_SINGLE,FP_ARITH_INST_RETIRED.SCALAR_DOUBLE,FP_ARITH_INST_RETIRED.128B_PACKED_DOUBLE,FP_ARITH_INST_RETIRED.256B_PACKED_DOUBLE,UOPS_EXECUTED.X87,UOPS_RETIRED.RETIRE_SLOTS:sample:sa=2000003,UOPS_EXECUTED.THREAD -experimental
120 [140379689051840] INFO perfrun.sdk <> - runCmd started PID 7407
130 [140379689051840] INFO perfrun.perfcollector <> - SepDryRun RC = true
130 [140379689051840] INFO perfrun.perfcollector <> - Loading SEP event configuration
130 [140379689051840] INFO perfrun.perfcollector <> - pmu: cpu
131 [140379689051840] INFO perfrun.perfcollector <> - group_id: 0
131 [140379689051840] INFO perfrun.perfcollector <> - event_id: 2: INST_RETIRED.ANY
131 [140379689051840] INFO perfrun.perfcollector <> - event_id: 0: CPU_CLK_UNHALTED.THREAD
131 [140379689051840] INFO perfrun.perfcollector <> - event_id: 1: CPU_CLK_UNHALTED.REF_TSC
131 [140379689051840] INFO perfrun.perfcollector <> - event_id: 3: CPU_CLK_UNHALTED.REF_XCLK
132 [140379689051840] INFO perfrun.perfcollector <> - event_id: 4: CPU_CLK_UNHALTED.ONE_THREAD_ACTIVE
132 [140379689051840] INFO perfrun.perfcollector <> - event_id: 5: FP_ARITH_INST_RETIRED.SCALAR_SINGLE
132 [140379689051840] INFO perfrun.perfcollector <> - event_id: 6: FP_ARITH_INST_RETIRED.128B_PACKED_SINGLE
132 [140379689051840] INFO perfrun.perfcollector <> - event_id: 3: cccr: addr: 186, value: 53013c
132 [140379689051840] INFO perfrun.perfcollector <> - event_id: 4: cccr: addr: 187, value: 53023c
132 [140379689051840] INFO perfrun.perfcollector <> - event_id: 5: cccr: addr: 188, value: 5302c7
133 [140379689051840] INFO perfrun.perfcollector <> - event_id: 6: cccr: addr: 189, value: 5308c7
133 [140379689051840] INFO perfrun.perfcollector <> - event_id: 2: data: addr: 309, value: ffffffffffe488c0
133 [140379689051840] INFO perfrun.perfcollector <> - event_id: 0: data: addr: 30a, value: ffffffffffe17b7d
133 [140379689051840] INFO perfrun.perfcollector <> - event_id: 1: data: addr: 30b, value: ffffffffffe488c0
133 [140379689051840] INFO perfrun.perfcollector <> - event_id: 3: data: addr: c1, value: ffffffffffff9e55
134 [140379689051840] INFO perfrun.perfcollector <> - event_id: 4: data: addr: c2, value: ffffffffffff9e55
134 [140379689051840] INFO perfrun.perfcollector <> - event_id: 5: data: addr: c3, value: ffffffffffe17b7d
134 [140379689051840] INFO perfrun.perfcollector <> - event_id: 6: data: addr: c4, value: ffffffffffe17b7d
134 [140379689051840] INFO perfrun.perfcollector <> - group_id: 1
134 [140379689051840] INFO perfrun.perfcollector <> - event_id: 2: INST_RETIRED.ANY
135 [140379689051840] INFO perfrun.perfcollector <> - event_id: 0: CPU_CLK_UNHALTED.THREAD
135 [140379689051840] INFO perfrun.perfcollector <> - event_id: 1: CPU_CLK_UNHALTED.REF_TSC
135 [140379689051840] INFO perfrun.perfcollector <> - event_id: 7: FP_ARITH_INST_RETIRED.256B_PACKED_SINGLE
135 [140379689051840] INFO perfrun.perfcollector <> - event_id: 8: FP_ARITH_INST_RETIRED.SCALAR_DOUBLE
136 [140379689051840] INFO perfrun.perfcollector <> - event_id: 9: FP_ARITH_INST_RETIRED.128B_PACKED_DOUBLE
136 [140379689051840] INFO perfrun.perfcollector <> - event_id: 10: FP_ARITH_INST_RETIRED.256B_PACKED_DOUBLE
136 [140379689051840] INFO perfrun.perfcollector <> - event_id: 7: cccr: addr: 186, value: 5320c7
136 [140379689051840] INFO perfrun.perfcollector <> - event_id: 8: cccr: addr: 187, value: 5301c7
136 [140379689051840] INFO perfrun.perfcollector <> - event_id: 9: cccr: addr: 188, value: 5304c7
137 [140379689051840] INFO perfrun.perfcollector <> - event_id: 10: cccr: addr: 189, value: 5310c7
137 [140379689051840] INFO perfrun.perfcollector <> - event_id: 2: data: addr: 309, value: ffffffffffe488c0
137 [140379689051840] INFO perfrun.perfcollector <> - event_id: 0: data: addr: 30a, value: ffffffffffe17b7d
137 [140379689051840] INFO perfrun.perfcollector <> - event_id: 1: data: addr: 30b, value: ffffffffffe488c0
137 [140379689051840] INFO perfrun.perfcollector <> - event_id: 7: data: addr: c1, value: ffffffffffe17b7d
137 [140379689051840] INFO perfrun.perfcollector <> - event_id: 8: data: addr: c2, value: ffffffffffe17b7d
138 [140379689051840] INFO perfrun.perfcollector <> - event_id: 9: data: addr: c3, value: ffffffffffe17b7d
138 [140379689051840] INFO perfrun.perfcollector <> - event_id: 10: data: addr: c4, value: ffffffffffe17b7d
138 [140379689051840] INFO perfrun.perfcollector <> - group_id: 2
138 [140379689051840] INFO perfrun.perfcollector <> - event_id: 2: INST_RETIRED.ANY
138 [140379689051840] INFO perfrun.perfcollector <> - event_id: 0: CPU_CLK_UNHALTED.THREAD
138 [140379689051840] INFO perfrun.perfcollector <> - event_id: 1: CPU_CLK_UNHALTED.REF_TSC
139 [140379689051840] INFO perfrun.perfcollector <> - event_id: 11: UOPS_EXECUTED.X87
139 [140379689051840] INFO perfrun.perfcollector <> - event_id: 12: UOPS_RETIRED.RETIRE_SLOTS
139 [140379689051840] INFO perfrun.perfcollector <> - event_id: 13: UOPS_EXECUTED.THREAD
139 [140379689051840] INFO perfrun.perfcollector <> - event_id: 11: cccr: addr: 186, value: 5310b1
139 [140379689051840] INFO perfrun.perfcollector <> - event_id: 12: cccr: addr: 187, value: 5302c2
140 [140379689051840] INFO perfrun.perfcollector <> - event_id: 13: cccr: addr: 188, value: 5301b1
140 [140379689051840] INFO perfrun.perfcollector <> - event_id: 2: data: addr: 309, value: ffffffffffe488c0
140 [140379689051840] INFO perfrun.perfcollector <> - event_id: 0: data: addr: 30a, value: ffffffffffe17b7d
140 [140379689051840] INFO perfrun.perfcollector <> - event_id: 1: data: addr: 30b, value: ffffffffffe488c0
140 [140379689051840] INFO perfrun.perfcollector <> - event_id: 11: data: addr: c1, value: ffffffffffe17b7d
141 [140379689051840] INFO perfrun.perfcollector <> - event_id: 12: data: addr: c2, value: ffffffffffe17b7d
141 [140379689051840] INFO perfrun.perfcollector <> - event_id: 13: data: addr: c3, value: ffffffffffe17b7d
141 [140379689051840] INFO perfrun.perfcollector <> - Converting events to Perf format
141 [140379689051840] INFO perfrun.perfcollector <> - event: 0: CPU_CLK_UNHALTED.THREAD
141 [140379689051840] INFO perfrun.perfcollector <> - cccr: addr: ffffffff, value: 0
141 [140379689051840] INFO perfrun.perfcollector <> - data: addr: 30a, value: ffffffffffe17b7d
142 [140379689051840] INFO perfrun.perfcollector <> - pmu config: cpu
142 [140379689051840] INFO perfrun.perfcollector <> - config: any: 0
142 [140379689051840] INFO perfrun.perfcollector <> - config: cmask: 0
142 [140379689051840] INFO perfrun.perfcollector <> - config: edge: 0
142 [140379689051840] INFO perfrun.perfcollector <> - config: event: 3c
142 [140379689051840] INFO perfrun.perfcollector <> - config1: frontend: 0
143 [140379689051840] INFO perfrun.perfcollector <> - config: inv: 0
143 [140379689051840] INFO perfrun.perfcollector <> - config1: ldlat: 0
143 [140379689051840] INFO perfrun.perfcollector <> - config1: offcore_rsp: 0
143 [140379689051840] INFO perfrun.perfcollector <> - config: pc: 0
143 [140379689051840] INFO perfrun.perfcollector <> - config: umask: 0
144 [140379689051840] INFO perfrun.perfcollector <> - format: cpu/event=0x3c,name='CPU_CLK_UNHALTED.THREAD'/D
144 [140379689051840] INFO perfrun.perfcollector <> - event: 1: CPU_CLK_UNHALTED.REF_TSC
144 [140379689051840] INFO perfrun.perfcollector <> - cccr: addr: ffffffff, value: 0
144 [140379689051840] INFO perfrun.perfcollector <> - data: addr: 30b, value: ffffffffffe488c0
145 [140379689051840] INFO perfrun.perfcollector <> - pmu config: cpu
145 [140379689051840] INFO perfrun.perfcollector <> - config: any: 0
145 [140379689051840] INFO perfrun.perfcollector <> - config: cmask: 0
145 [140379689051840] INFO perfrun.perfcollector <> - config: edge: 0
146 [140379689051840] INFO perfrun.perfcollector <> - config: event: 0
146 [140379689051840] INFO perfrun.perfcollector <> - config1: frontend: 0
146 [140379689051840] INFO perfrun.perfcollector <> - config: inv: 0
146 [140379689051840] INFO perfrun.perfcollector <> - config1: ldlat: 0
146 [140379689051840] INFO perfrun.perfcollector <> - config1: offcore_rsp: 0
147 [140379689051840] INFO perfrun.perfcollector <> - config: pc: 0
147 [140379689051840] INFO perfrun.perfcollector <> - config: umask: 3
147 [140379689051840] INFO perfrun.perfcollector <> - format: cpu/umask=0x3,name='CPU_CLK_UNHALTED.REF_TSC'/D
147 [140379689051840] INFO perfrun.perfcollector <> - event: 2: INST_RETIRED.ANY
147 [140379689051840] INFO perfrun.perfcollector <> - cccr: addr: ffffffff, value: 0
147 [140379689051840] INFO perfrun.perfcollector <> - data: addr: 309, value: ffffffffffe488c0
148 [140379689051840] INFO perfrun.perfcollector <> - pmu config: cpu
148 [140379689051840] INFO perfrun.perfcollector <> - config: any: 0
148 [140379689051840] INFO perfrun.perfcollector <> - config: cmask: 0
148 [140379689051840] INFO perfrun.perfcollector <> - config: edge: 0
148 [140379689051840] INFO perfrun.perfcollector <> - config: event: c0
149 [140379689051840] INFO perfrun.perfcollector <> - config1: frontend: 0
149 [140379689051840] INFO perfrun.perfcollector <> - config: inv: 0
149 [140379689051840] INFO perfrun.perfcollector <> - config1: ldlat: 0
150 [140379689051840] INFO perfrun.perfcollector <> - config1: offcore_rsp: 0
150 [140379689051840] INFO perfrun.perfcollector <> - config: pc: 0
150 [140379689051840] INFO perfrun.perfcollector <> - config: umask: 0
150 [140379689051840] INFO perfrun.perfcollector <> - format: cpu/event=0xc0,name='INST_RETIRED.ANY'/D
151 [140379689051840] INFO perfrun.perfcollector <> - event: 3: CPU_CLK_UNHALTED.REF_XCLK
151 [140379689051840] INFO perfrun.perfcollector <> - cccr: addr: 186, value: 53013c
151 [140379689051840] INFO perfrun.perfcollector <> - data: addr: c1, value: ffffffffffff9e55
151 [140379689051840] INFO perfrun.perfcollector <> - pmu config: cpu
152 [140379689051840] INFO perfrun.perfcollector <> - config: any: 0
152 [140379689051840] INFO perfrun.perfcollector <> - config: cmask: 0
152 [140379689051840] INFO perfrun.perfcollector <> - config: edge: 0
152 [140379689051840] INFO perfrun.perfcollector <> - config: event: 3c
152 [140379689051840] INFO perfrun.perfcollector <> - config1: frontend: 0
153 [140379689051840] INFO perfrun.perfcollector <> - config: inv: 0
153 [140379689051840] INFO perfrun.perfcollector <> - config1: ldlat: 0
153 [140379689051840] INFO perfrun.perfcollector <> - config1: offcore_rsp: 0
153 [140379689051840] INFO perfrun.perfcollector <> - config: pc: 0
153 [140379689051840] INFO perfrun.perfcollector <> - config: umask: 1
153 [140379689051840] INFO perfrun.perfcollector <> - format: cpu/event=0x3c,umask=0x1,name='CPU_CLK_UNHALTED.REF_XCLK'/
154 [140379689051840] INFO perfrun.perfcollector <> - event: 4: CPU_CLK_UNHALTED.ONE_THREAD_ACTIVE
154 [140379689051840] INFO perfrun.perfcollector <> - cccr: addr: 187, value: 53023c
154 [140379689051840] INFO perfrun.perfcollector <> - data: addr: c2, value: ffffffffffff9e55
154 [140379689051840] INFO perfrun.perfcollector <> - pmu config: cpu
154 [140379689051840] INFO perfrun.perfcollector <> - config: any: 0
154 [140379689051840] INFO perfrun.perfcollector <> - config: cmask: 0
155 [140379689051840] INFO perfrun.perfcollector <> - config: edge: 0
155 [140379689051840] INFO perfrun.perfcollector <> - config: event: 3c
155 [140379689051840] INFO perfrun.perfcollector <> - config1: frontend: 0
155 [140379689051840] INFO perfrun.perfcollector <> - config: inv: 0
155 [140379689051840] INFO perfrun.perfcollector <> - config1: ldlat: 0
156 [140379689051840] INFO perfrun.perfcollector <> - config1: offcore_rsp: 0
156 [140379689051840] INFO perfrun.perfcollector <> - config: pc: 0
156 [140379689051840] INFO perfrun.perfcollector <> - config: umask: 2
156 [140379689051840] INFO perfrun.perfcollector <> - format: cpu/event=0x3c,umask=0x2,name='CPU_CLK_UNHALTED.ONE_THREAD_ACTIVE'/
156 [140379689051840] INFO perfrun.perfcollector <> - event: 5: FP_ARITH_INST_RETIRED.SCALAR_SINGLE
157 [140379689051840] INFO perfrun.perfcollector <> - cccr: addr: 188, value: 5302c7
157 [140379689051840] INFO perfrun.perfcollector <> - data: addr: c3, value: ffffffffffe17b7d
157 [140379689051840] INFO perfrun.perfcollector <> - pmu config: cpu
157 [140379689051840] INFO perfrun.perfcollector <> - config: any: 0
157 [140379689051840] INFO perfrun.perfcollector <> - config: cmask: 0
157 [140379689051840] INFO perfrun.perfcollector <> - config: edge: 0
158 [140379689051840] INFO perfrun.perfcollector <> - config: event: c7
158 [140379689051840] INFO perfrun.perfcollector <> - config1: frontend: 0
158 [140379689051840] INFO perfrun.perfcollector <> - config: inv: 0
158 [140379689051840] INFO perfrun.perfcollector <> - config1: ldlat: 0
158 [140379689051840] INFO perfrun.perfcollector <> - config1: offcore_rsp: 0
159 [140379689051840] INFO perfrun.perfcollector <> - config: pc: 0
159 [140379689051840] INFO perfrun.perfcollector <> - config: umask: 2
159 [140379689051840] INFO perfrun.perfcollector <> - format: cpu/event=0xc7,umask=0x2,name='FP_ARITH_INST_RETIRED.SCALAR_SINGLE'/
159 [140379689051840] INFO perfrun.perfcollector <> - event: 6: FP_ARITH_INST_RETIRED.128B_PACKED_SINGLE
159 [140379689051840] INFO perfrun.perfcollector <> - cccr: addr: 189, value: 5308c7
159 [140379689051840] INFO perfrun.perfcollector <> - data: addr: c4, value: ffffffffffe17b7d
160 [140379689051840] INFO perfrun.perfcollector <> - pmu config: cpu
160 [140379689051840] INFO perfrun.perfcollector <> - config: any: 0
160 [140379689051840] INFO perfrun.perfcollector <> - config: cmask: 0
160 [140379689051840] INFO perfrun.perfcollector <> - config: edge: 0
160 [140379689051840] INFO perfrun.perfcollector <> - config: event: c7
161 [140379689051840] INFO perfrun.perfcollector <> - config1: frontend: 0
161 [140379689051840] INFO perfrun.perfcollector <> - config: inv: 0
161 [140379689051840] INFO perfrun.perfcollector <> - config1: ldlat: 0
161 [140379689051840] INFO perfrun.perfcollector <> - config1: offcore_rsp: 0
161 [140379689051840] INFO perfrun.perfcollector <> - config: pc: 0
162 [140379689051840] INFO perfrun.perfcollector <> - config: umask: 8
162 [140379689051840] INFO perfrun.perfcollector <> - format: cpu/event=0xc7,umask=0x8,name='FP_ARITH_INST_RETIRED.128B_PACKED_SINGLE'/
162 [140379689051840] INFO perfrun.perfcollector <> - event: 7: FP_ARITH_INST_RETIRED.256B_PACKED_SINGLE
162 [140379689051840] INFO perfrun.perfcollector <> - cccr: addr: 186, value: 5320c7
162 [140379689051840] INFO perfrun.perfcollector <> - data: addr: c1, value: ffffffffffe17b7d
163 [140379689051840] INFO perfrun.perfcollector <> - pmu config: cpu
163 [140379689051840] INFO perfrun.perfcollector <> - config: any: 0
163 [140379689051840] INFO perfrun.perfcollector <> - config: cmask: 0
163 [140379689051840] INFO perfrun.perfcollector <> - config: edge: 0
163 [140379689051840] INFO perfrun.perfcollector <> - config: event: c7
163 [140379689051840] INFO perfrun.perfcollector <> - config1: frontend: 0
164 [140379689051840] INFO perfrun.perfcollector <> - config: inv: 0
164 [140379689051840] INFO perfrun.perfcollector <> - config1: ldlat: 0
164 [140379689051840] INFO perfrun.perfcollector <> - config1: offcore_rsp: 0
164 [140379689051840] INFO perfrun.perfcollector <> - config: pc: 0
164 [140379689051840] INFO perfrun.perfcollector <> - config: umask: 20
165 [140379689051840] INFO perfrun.perfcollector <> - format: cpu/event=0xc7,umask=0x20,name='FP_ARITH_INST_RETIRED.256B_PACKED_SINGLE'/
165 [140379689051840] INFO perfrun.perfcollector <> - event: 8: FP_ARITH_INST_RETIRED.SCALAR_DOUBLE
165 [140379689051840] INFO perfrun.perfcollector <> - cccr: addr: 187, value: 5301c7
165 [140379689051840] INFO perfrun.perfcollector <> - data: addr: c2, value: ffffffffffe17b7d
166 [140379689051840] INFO perfrun.perfcollector <> - pmu config: cpu
166 [140379689051840] INFO perfrun.perfcollector <> - config: any: 0
166 [140379689051840] INFO perfrun.perfcollector <> - config: cmask: 0
166 [140379689051840] INFO perfrun.perfcollector <> - config: edge: 0
166 [140379689051840] INFO perfrun.perfcollector <> - config: event: c7
167 [140379689051840] INFO perfrun.perfcollector <> - config1: frontend: 0
167 [140379689051840] INFO perfrun.perfcollector <> - config: inv: 0
167 [140379689051840] INFO perfrun.perfcollector <> - config1: ldlat: 0
167 [140379689051840] INFO perfrun.perfcollector <> - config1: offcore_rsp: 0
167 [140379689051840] INFO perfrun.perfcollector <> - config: pc: 0
168 [140379689051840] INFO perfrun.perfcollector <> - config: umask: 1
168 [140379689051840] INFO perfrun.perfcollector <> - format: cpu/event=0xc7,umask=0x1,name='FP_ARITH_INST_RETIRED.SCALAR_DOUBLE'/
168 [140379689051840] INFO perfrun.perfcollector <> - event: 9: FP_ARITH_INST_RETIRED.128B_PACKED_DOUBLE
168 [140379689051840] INFO perfrun.perfcollector <> - cccr: addr: 188, value: 5304c7
168 [140379689051840] INFO perfrun.perfcollector <> - data: addr: c3, value: ffffffffffe17b7d
169 [140379689051840] INFO perfrun.perfcollector <> - pmu config: cpu
169 [140379689051840] INFO perfrun.perfcollector <> - config: any: 0
169 [140379689051840] INFO perfrun.perfcollector <> - config: cmask: 0
169 [140379689051840] INFO perfrun.perfcollector <> - config: edge: 0
169 [140379689051840] INFO perfrun.perfcollector <> - config: event: c7
169 [140379689051840] INFO perfrun.perfcollector <> - config1: frontend: 0
170 [140379689051840] INFO perfrun.perfcollector <> - config: inv: 0
170 [140379689051840] INFO perfrun.perfcollector <> - config1: ldlat: 0
170 [140379689051840] INFO perfrun.perfcollector <> - config1: offcore_rsp: 0
170 [140379689051840] INFO perfrun.perfcollector <> - config: pc: 0
170 [140379689051840] INFO perfrun.perfcollector <> - config: umask: 4
171 [140379689051840] INFO perfrun.perfcollector <> - format: cpu/event=0xc7,umask=0x4,name='FP_ARITH_INST_RETIRED.128B_PACKED_DOUBLE'/
171 [140379689051840] INFO perfrun.perfcollector <> - event: 10: FP_ARITH_INST_RETIRED.256B_PACKED_DOUBLE
171 [140379689051840] INFO perfrun.perfcollector <> - cccr: addr: 189, value: 5310c7
171 [140379689051840] INFO perfrun.perfcollector <> - data: addr: c4, value: ffffffffffe17b7d
171 [140379689051840] INFO perfrun.perfcollector <> - pmu config: cpu
171 [140379689051840] INFO perfrun.perfcollector <> - config: any: 0
172 [140379689051840] INFO perfrun.perfcollector <> - config: cmask: 0
172 [140379689051840] INFO perfrun.perfcollector <> - config: edge: 0
172 [140379689051840] INFO perfrun.perfcollector <> - config: event: c7
172 [140379689051840] INFO perfrun.perfcollector <> - config1: frontend: 0
172 [140379689051840] INFO perfrun.perfcollector <> - config: inv: 0
173 [140379689051840] INFO perfrun.perfcollector <> - config1: ldlat: 0
173 [140379689051840] INFO perfrun.perfcollector <> - config1: offcore_rsp: 0
173 [140379689051840] INFO perfrun.perfcollector <> - config: pc: 0
173 [140379689051840] INFO perfrun.perfcollector <> - config: umask: 10
173 [140379689051840] INFO perfrun.perfcollector <> - format: cpu/event=0xc7,umask=0x10,name='FP_ARITH_INST_RETIRED.256B_PACKED_DOUBLE'/
173 [140379689051840] INFO perfrun.perfcollector <> - event: 11: UOPS_EXECUTED.X87
174 [140379689051840] INFO perfrun.perfcollector <> - cccr: addr: 186, value: 5310b1
174 [140379689051840] INFO perfrun.perfcollector <> - data: addr: c1, value: ffffffffffe17b7d
174 [140379689051840] INFO perfrun.perfcollector <> - pmu config: cpu
174 [140379689051840] INFO perfrun.perfcollector <> - config: any: 0
174 [140379689051840] INFO perfrun.perfcollector <> - config: cmask: 0
175 [140379689051840] INFO perfrun.perfcollector <> - config: edge: 0
175 [140379689051840] INFO perfrun.perfcollector <> - config: event: b1
175 [140379689051840] INFO perfrun.perfcollector <> - config1: frontend: 0
175 [140379689051840] INFO perfrun.perfcollector <> - config: inv: 0
175 [140379689051840] INFO perfrun.perfcollector <> - config1: ldlat: 0
176 [140379689051840] INFO perfrun.perfcollector <> - config1: offcore_rsp: 0
176 [140379689051840] INFO perfrun.perfcollector <> - config: pc: 0
176 [140379689051840] INFO perfrun.perfcollector <> - config: umask: 10
176 [140379689051840] INFO perfrun.perfcollector <> - format: cpu/event=0xb1,umask=0x10,name='UOPS_EXECUTED.X87'/
176 [140379689051840] INFO perfrun.perfcollector <> - event: 12: UOPS_RETIRED.RETIRE_SLOTS
176 [140379689051840] INFO perfrun.perfcollector <> - cccr: addr: 187, value: 5302c2
176 [140379689051840] INFO perfrun.perfcollector <> - data: addr: c2, value: ffffffffffe17b7d
177 [140379689051840] INFO perfrun.perfcollector <> - pmu config: cpu
177 [140379689051840] INFO perfrun.perfcollector <> - config: any: 0
177 [140379689051840] INFO perfrun.perfcollector <> - config: cmask: 0
177 [140379689051840] INFO perfrun.perfcollector <> - config: edge: 0
177 [140379689051840] INFO perfrun.perfcollector <> - config: event: c2
177 [140379689051840] INFO perfrun.perfcollector <> - config1: frontend: 0
178 [140379689051840] INFO perfrun.perfcollector <> - config: inv: 0
178 [140379689051840] INFO perfrun.perfcollector <> - config1: ldlat: 0
178 [140379689051840] INFO perfrun.perfcollector <> - config1: offcore_rsp: 0
178 [140379689051840] INFO perfrun.perfcollector <> - config: pc: 0
179 [140379689051840] INFO perfrun.perfcollector <> - config: umask: 2
179 [140379689051840] INFO perfrun.perfcollector <> - format: cpu/event=0xc2,umask=0x2,name='UOPS_RETIRED.RETIRE_SLOTS'/
179 [140379689051840] INFO perfrun.perfcollector <> - event: 13: UOPS_EXECUTED.THREAD
179 [140379689051840] INFO perfrun.perfcollector <> - cccr: addr: 188, value: 5301b1
179 [140379689051840] INFO perfrun.perfcollector <> - data: addr: c3, value: ffffffffffe17b7d
179 [140379689051840] INFO perfrun.perfcollector <> - pmu config: cpu
180 [140379689051840] INFO perfrun.perfcollector <> - config: any: 0
180 [140379689051840] INFO perfrun.perfcollector <> - config: cmask: 0
180 [140379689051840] INFO perfrun.perfcollector <> - config: edge: 0
180 [140379689051840] INFO perfrun.perfcollector <> - config: event: b1
180 [140379689051840] INFO perfrun.perfcollector <> - config1: frontend: 0
180 [140379689051840] INFO perfrun.perfcollector <> - config: inv: 0
181 [140379689051840] INFO perfrun.perfcollector <> - config1: ldlat: 0
181 [140379689051840] INFO perfrun.perfcollector <> - config1: offcore_rsp: 0
181 [140379689051840] INFO perfrun.perfcollector <> - config: pc: 0
181 [140379689051840] INFO perfrun.perfcollector <> - config: umask: 1
181 [140379689051840] INFO perfrun.perfcollector <> - format: cpu/event=0xb1,umask=0x1,name='UOPS_EXECUTED.THREAD'/
181 [140379689051840] INFO perfrun.perfcollector <> - event: cpu/event=0x3c,name='CPU_CLK_UNHALTED.THREAD'/Duk, added for counting
182 [140379689051840] INFO perfrun.perfcollector <> - event: cpu/umask=0x3,name='CPU_CLK_UNHALTED.REF_TSC'/Duk, added for counting
182 [140379689051840] INFO perfrun.perfcollector <> - event: cpu/event=0xc0,name='INST_RETIRED.ANY'/Duk, added for counting
182 [140379689051840] INFO perfrun.perfcollector <> - event: cpu/event=0x3c,umask=0x1,name='CPU_CLK_UNHALTED.REF_XCLK'/uk, added for counting
182 [140379689051840] INFO perfrun.perfcollector <> - event: cpu/event=0x3c,umask=0x2,name='CPU_CLK_UNHALTED.ONE_THREAD_ACTIVE'/uk, added for counting
182 [140379689051840] INFO perfrun.perfcollector <> - event: cpu/event=0xc7,umask=0x2,name='FP_ARITH_INST_RETIRED.SCALAR_SINGLE'/uk, added for counting
182 [140379689051840] INFO perfrun.perfcollector <> - event: cpu/event=0xc7,umask=0x8,name='FP_ARITH_INST_RETIRED.128B_PACKED_SINGLE'/uk, added for counting
183 [140379689051840] INFO perfrun.perfcollector <> - event: cpu/event=0xc7,umask=0x20,name='FP_ARITH_INST_RETIRED.256B_PACKED_SINGLE'/uk, added for counting
183 [140379689051840] INFO perfrun.perfcollector <> - event: cpu/event=0xc7,umask=0x1,name='FP_ARITH_INST_RETIRED.SCALAR_DOUBLE'/uk, added for counting
183 [140379689051840] INFO perfrun.perfcollector <> - event: cpu/event=0xc7,umask=0x4,name='FP_ARITH_INST_RETIRED.128B_PACKED_DOUBLE'/uk, added for counting
183 [140379689051840] INFO perfrun.perfcollector <> - event: cpu/event=0xc7,umask=0x10,name='FP_ARITH_INST_RETIRED.256B_PACKED_DOUBLE'/uk, added for counting
183 [140379689051840] INFO perfrun.perfcollector <> - event: cpu/event=0xb1,umask=0x10,name='UOPS_EXECUTED.X87'/uk, added for counting
183 [140379689051840] INFO perfrun.perfcollector <> - event: cpu/event=0xc2,umask=0x2,name='UOPS_RETIRED.RETIRE_SLOTS'/uk, added for counting
183 [140379689051840] INFO perfrun.perfcollector <> - event: cpu/event=0xb1,umask=0x1,name='UOPS_EXECUTED.THREAD'/uk, added for counting
184 [140379689051840] INFO perfrun.perfcollector <> - attaching to pid: 4294967295, m_mode: 10, mode: 3
184 [140379680659136] INFO perfrun.perfcollector <> - Perf stat trace pipe capacity: read = 1048576, write = 1048576
186 [140379596781248] INFO perfrun.sdk <> - Reading value (0-7) from file: /sys/devices/system/cpu/cpu0/topology/core_siblings_list
186 [140379596781248] INFO perfrun.sdk <> - Reading value (0-1) from file: /sys/devices/system/cpu/cpu0/topology/thread_siblings_list
186 [140379596781248] INFO perfrun.sdk <> - Reading value (0-7) from file: /sys/devices/system/cpu/cpu1/topology/core_siblings_list
186 [140379596781248] INFO perfrun.sdk <> - Reading value (0-1) from file: /sys/devices/system/cpu/cpu1/topology/thread_siblings_list
187 [140379596781248] INFO perfrun.sdk <> - Reading value (0-7) from file: /sys/devices/system/cpu/cpu2/topology/core_siblings_list
187 [140379596781248] INFO perfrun.sdk <> - Reading value (2-3) from file: /sys/devices/system/cpu/cpu2/topology/thread_siblings_list
187 [140379596781248] INFO perfrun.sdk <> - Reading value (0-7) from file: /sys/devices/system/cpu/cpu3/topology/core_siblings_list
187 [140379596781248] INFO perfrun.sdk <> - Reading value (2-3) from file: /sys/devices/system/cpu/cpu3/topology/thread_siblings_list
187 [140379596781248] INFO perfrun.sdk <> - Reading value (0-7) from file: /sys/devices/system/cpu/cpu4/topology/core_siblings_list
187 [140379596781248] INFO perfrun.sdk <> - Reading value (4-5) from file: /sys/devices/system/cpu/cpu4/topology/thread_siblings_list
188 [140379596781248] INFO perfrun.sdk <> - Reading value (0-7) from file: /sys/devices/system/cpu/cpu5/topology/core_siblings_list
188 [140379596781248] INFO perfrun.sdk <> - Reading value (4-5) from file: /sys/devices/system/cpu/cpu5/topology/thread_siblings_list
188 [140379596781248] INFO perfrun.sdk <> - Reading value (0-7) from file: /sys/devices/system/cpu/cpu6/topology/core_siblings_list
188 [140379596781248] INFO perfrun.sdk <> - Reading value (6-7) from file: /sys/devices/system/cpu/cpu6/topology/thread_siblings_list
188 [140379596781248] INFO perfrun.sdk <> - Reading value (0-7) from file: /sys/devices/system/cpu/cpu7/topology/core_siblings_list
189 [140379596781248] INFO perfrun.sdk <> - Reading value (6-7) from file: /sys/devices/system/cpu/cpu7/topology/thread_siblings_list
189 [140379596781248] ERROR perfrun.sdk <> - boost::filesystem::exists(filename) 'gh2::error::IsNot.Valid.File(filename):/sys/bus/event_source/devices/cpu_core/cpus'
_sdks/release_posix-x86_64_icx_2023.0.0_gnutools_9.2_binutils_2.28/perfrun_1.36.3/include/perfrun1/sdk/utils.hpp(777): gh2::error_code_t runtool::sdk::loadFileValue(RetType &, const cpil2::uchar_t *) [RetType = std::basic_string<char>]
, at file: _sdks/release_posix-x86_64_icx_2023.0.0_gnutools_9.2_binutils_2.28/perfrun_1.36.3/include/perfrun1/sdk/utils.hpp:777
189 [140379596781248] ERROR perfrun.sdk <> - boost::filesystem::exists(filename) 'gh2::error::IsNot.Valid.File(filename):/sys/bus/event_source/devices/cpu_atom/cpus'
_sdks/release_posix-x86_64_icx_2023.0.0_gnutools_9.2_binutils_2.28/perfrun_1.36.3/include/perfrun1/sdk/utils.hpp(777): gh2::error_code_t runtool::sdk::loadFileValue(RetType &, const cpil2::uchar_t *) [RetType = std::basic_string<char>]
, at file: _sdks/release_posix-x86_64_icx_2023.0.0_gnutools_9.2_binutils_2.28/perfrun_1.36.3/include/perfrun1/sdk/utils.hpp:777
189 [140379680659136] INFO perfrun.sdk <> - runCmd: /opt/intel/oneapi/vtune/2025.3/bin64/amplxe-perf stat -v --log-fd 10 --scale -x ; -e cpu/event=0x3c,name='CPU_CLK_UNHALTED.THREAD'/Duk,cpu/umask=0x3,name='CPU_CLK_UNHALTED.REF_TSC'/Duk,cpu/event=0xc0,name='INST_RETIRED.ANY'/Duk,cpu/event=0x3c,umask=0x1,name='CPU_CLK_UNHALTED.REF_XCLK'/uk,cpu/event=0x3c,umask=0x2,name='CPU_CLK_UNHALTED.ONE_THREAD_ACTIVE'/uk,cpu/event=0xc7,umask=0x2,name='FP_ARITH_INST_RETIRED.SCALAR_SINGLE'/uk,cpu/event=0xc7,umask=0x8,name='FP_ARITH_INST_RETIRED.128B_PACKED_SINGLE'/uk,cpu/event=0xc7,umask=0x20,name='FP_ARITH_INST_RETIRED.256B_PACKED_SINGLE'/uk,cpu/event=0xc7,umask=0x1,name='FP_ARITH_INST_RETIRED.SCALAR_DOUBLE'/uk,cpu/event=0xc7,umask=0x4,name='FP_ARITH_INST_RETIRED.128B_PACKED_DOUBLE'/uk,cpu/event=0xc7,umask=0x10,name='FP_ARITH_INST_RETIRED.256B_PACKED_DOUBLE'/uk,cpu/event=0xb1,umask=0x10,name='UOPS_EXECUTED.X87'/uk,cpu/event=0xc2,umask=0x2,name='UOPS_RETIRED.RETIRE_SLOTS'/uk,cpu/event=0xb1,umask=0x1,name='UOPS_EXECUTED.THREAD'/uk /opt/intel/oneapi/vtune/2025.3/bin64/amplxe-perf-sync dryrun tsc
190 [140379680659136] INFO perfrun.sdk <> - runCmd started PID 7417
205 [140379680659136] INFO perfrun.perfcollector <> - Monitor: runCmd RC = true
206 [140379689051840] INFO perfrun.launcher <> - plugin [aoclprofile] was disabled because it doesn't support the given collection type.
206 [140379689051840] INFO perfrun.tpss <> - initialize tpss controller
206 [140379689051840] INFO perfrun.tpss <> - configure collection mode: value = cpu:counters:nostack
206 [140379689051840] INFO perfrun.tpss <> - configure collection mode: value = cpu:stack
207 [140379689051840] INFO perfrun.tpss <> - default obj-size-min=1024
207 [140379689051840] INFO perfrun.tpss <> - default hash-table-size=0
207 [140379689051840] INFO perfrun.launcher <> - plugin [media] was disabled because it doesn't support the given collection type.
207 [140379689051840] INFO perfrun.launcher <> - plugin [] was disabled because it doesn't support the given collection type.
207 [140379689051840] INFO perfrun.launcher <> - plugin [] was disabled because it doesn't support the given collection type.
208 [140379689051840] INFO perfrun.launcher <> - plugin [parallelfs] was disabled because it doesn't support the given collection type.
208 [140379689051840] INFO perfrun.launcher <> - plugin [power] was disabled because it doesn't support the given collection type.
208 [140379689051840] INFO perfrun.launcher <> - plugin [] was disabled because it doesn't support the given collection type.
208 [140379689051840] INFO perfrun.launcher <> - plugin [] was disabled because it doesn't support the given collection type.
208 [140379689051840] INFO perfrun.launcher <> - plugin [] was disabled because it doesn't support the given collection type.
209 [140379689051840] INFO perfrun.launcher <> - plugin [l0_metrics] was disabled because it doesn't support the given collection type.
209 [140379689051840] INFO perfrun.launcher <> - plugin [stall_reasons] was disabled because it doesn't support the given collection type.
209 [140379841674368] INFO perfrun.launcher <> - set environment variable: LD_LIBRARY_PATH = /opt/intel/oneapi/vtune/2025.3/lib32/runtime:/opt/intel/oneapi/vtune/2025.3/lib64/runtime:/opt/intel/oneapi/tcm/1.3/lib:/opt/intel/oneapi/umf/0.10/lib:/opt/intel/oneapi/tbb/2022.1/env/../lib/intel64/gcc4.8:/opt/intel/oneapi/pti/0.12/lib:/opt/intel/oneapi/mkl/2025.1/lib:/opt/intel/oneapi/ipp/2022.1/lib:/opt/intel/oneapi/compiler/2025.1/opt/compiler/lib:/opt/intel/oneapi/compiler/2025.1/lib
210 [140379841674368] INFO perfrun.launcher <> - set environment variable: INTEL_LIBITTNOTIFY32 = /opt/intel/oneapi/vtune/2025.3/lib32/runtime/libittnotify_collector.so
210 [140379841674368] INFO perfrun.launcher <> - set environment variable: INTEL_LIBITTNOTIFY64 = /opt/intel/oneapi/vtune/2025.3/lib64/runtime/libittnotify_collector.so
210 [140379841674368] INFO perfrun.launcher <> - set environment variable: INTEL_ITTNOTIFY_GROUPS = 
211 [140379841674368] INFO perfrun.launcher <> - set environment variable: INTEL_JIT_PROFILER32 = /opt/intel/oneapi/vtune/2025.3/lib32/runtime/libittnotify_collector.so
211 [140379841674368] INFO perfrun.launcher <> - set environment variable: INTEL_JIT_PROFILER64 = /opt/intel/oneapi/vtune/2025.3/lib64/runtime/libittnotify_collector.so
211 [140379841674368] INFO perfrun.launcher <> - set environment variable: CCL_ITT_LEVEL = 1
212 [140379841674368] INFO perfrun.launcher <> - set environment variable: ENABLE_JITPROFILING = 1
212 [140379841674368] INFO perfrun.launcher <> - set environment variable: CL_CONFIG_USE_VTUNE = True
212 [140379841674368] INFO perfrun.launcher <> - set environment variable: LD_PRELOAD = libittnotify_collector.so:
212 [140379841674368] INFO perfrun.launcher <> - set environment variable: KMP_FORKJOIN_FRAMES = 0
213 [140379841674368] INFO perfrun.launcher <> - set environment variable: KMP_FORKJOIN_FRAMES_MODE = 0
213 [140379841674368] INFO perfrun.launcher <> - set environment variable: INTEL_MRTE_DATA_DIR = /tmp/amplxe-tmp-azfar/amplxe-res-7392-25049940735917/data.0
213 [140379841674368] INFO perfrun.launcher <> - set environment variable: INTEL_MRTE_HOST_NAME = DESKTOP-GRRJ2VV
214 [140379841674368] INFO perfrun.launcher <> - set environment variable: JAVA_TOOL_OPTIONS = -agentlib:amplxe_samplingmrte_javaprof_1.0 -Dsun.boot.library.path=/opt/intel/oneapi/vtune/2025.3/lib32/runtime:/opt/intel/oneapi/vtune/2025.3/lib64/runtime
214 [140379841674368] INFO perfrun.launcher <> - set environment variable: LD_LIBRARY_PATH = /opt/intel/oneapi/vtune/2025.3/lib32/runtime:/opt/intel/oneapi/vtune/2025.3/lib64/runtime:/opt/intel/oneapi/tcm/1.3/lib:/opt/intel/oneapi/umf/0.10/lib:/opt/intel/oneapi/tbb/2022.1/env/../lib/intel64/gcc4.8:/opt/intel/oneapi/pti/0.12/lib:/opt/intel/oneapi/mkl/2025.1/lib:/opt/intel/oneapi/ipp/2022.1/lib:/opt/intel/oneapi/compiler/2025.1/opt/compiler/lib:/opt/intel/oneapi/compiler/2025.1/lib
214 [140379841674368] INFO perfrun.launcher <> - set environment variable: CORECLR_ENABLE_PROFILING = 1
214 [140379841674368] INFO perfrun.launcher <> - set environment variable: CORECLR_PROFILER = {AA5E4821-E3B1-479c-B7FF-5AD047D22CED}
215 [140379841674368] INFO perfrun.launcher <> - set environment variable: CORECLR_PROFILER_PATH = /opt/intel/oneapi/vtune/2025.3/lib64/libamplxe_samplingmrte_clrprof_1.0.so
215 [140379841674368] INFO perfrun.launcher <> - set environment variable: INTEL_MRTE_PROFILER_MODE = mixed
215 [140379841674368] INFO perfrun.launcher <> - RpcServer: run RPC server to handle requests
218 [140379841674368] INFO perfrun.launcher <> - Launcher: command line to start before modification = ./test1 changes.txt 0
218 [140379841674368] INFO perfrun.launcher <> - Launcher: command line to start after modification = /opt/intel/oneapi/vtune/2025.3/bin64/pin -error_file /tmp/amplxe-tmp-azfar/amplxe-res-7392-25049940735917/data.0/pinerr.tpsslog -detach_reattach -follow_execv -tool_load_option deepbind -t64 /opt/intel/oneapi/vtune/2025.3/lib64/libtpsstool.so -t /opt/intel/oneapi/vtune/2025.3/lib32/libtpsstool.so -server_name tpss_ipc.7392 -prd_dir /opt/intel/oneapi/vtune/2025.3 -- ./test1 changes.txt 0
427 [140379841674368] INFO perfrun.launcher <> - ProcessCreator object was created
429 [140379841674368] INFO perfrun.launcher <> - Launcher: the process was started in suspend mode
432 [140379689051840] WARN perfrun.system <> - Could not do anything with /sys/kernel/debug/kvm: boost::filesystem::status: Permission denied [system:13]: "/sys/kernel/debug/kvm", at file: vcs/perfrun1/plugins/system/src/trace_writer.cpp:787
433 [140379689051840] WARN perfrun.system <> - Folder "/var/run/libvirt/qemu/"doesn't exist, at file: vcs/perfrun1/plugins/system/src/trace_writer.cpp:800
433 [140379689051840] INFO perfrun.itt <> - start itt controller for pid #7442
434 [140379689051840] INFO perfrun.perfcollector <> - attaching to pid: 7442, m_mode: 10, mode: 11
435 [140379579995840] INFO perfrun.perfcollector <> - Perf stat trace pipe capacity: read = 1048576, write = 1048576
436 [140379680659136] INFO perfrun.sdk <> - Reading value (0-7) from file: /sys/devices/system/cpu/cpu0/topology/core_siblings_list
437 [140379680659136] INFO perfrun.sdk <> - Reading value (0-1) from file: /sys/devices/system/cpu/cpu0/topology/thread_siblings_list
438 [140379680659136] INFO perfrun.sdk <> - Reading value (0-7) from file: /sys/devices/system/cpu/cpu1/topology/core_siblings_list
438 [140379680659136] INFO perfrun.sdk <> - Reading value (0-1) from file: /sys/devices/system/cpu/cpu1/topology/thread_siblings_list
439 [140379680659136] INFO perfrun.sdk <> - Reading value (0-7) from file: /sys/devices/system/cpu/cpu2/topology/core_siblings_list
440 [140379680659136] INFO perfrun.sdk <> - Reading value (2-3) from file: /sys/devices/system/cpu/cpu2/topology/thread_siblings_list
440 [140379680659136] INFO perfrun.sdk <> - Reading value (0-7) from file: /sys/devices/system/cpu/cpu3/topology/core_siblings_list
441 [140379680659136] INFO perfrun.sdk <> - Reading value (2-3) from file: /sys/devices/system/cpu/cpu3/topology/thread_siblings_list
442 [140379680659136] INFO perfrun.sdk <> - Reading value (0-7) from file: /sys/devices/system/cpu/cpu4/topology/core_siblings_list
443 [140379680659136] INFO perfrun.sdk <> - Reading value (4-5) from file: /sys/devices/system/cpu/cpu4/topology/thread_siblings_list
444 [140379680659136] INFO perfrun.sdk <> - Reading value (0-7) from file: /sys/devices/system/cpu/cpu5/topology/core_siblings_list
445 [140379680659136] INFO perfrun.sdk <> - Reading value (4-5) from file: /sys/devices/system/cpu/cpu5/topology/thread_siblings_list
446 [140379680659136] INFO perfrun.sdk <> - Reading value (0-7) from file: /sys/devices/system/cpu/cpu6/topology/core_siblings_list
446 [140379680659136] INFO perfrun.sdk <> - Reading value (6-7) from file: /sys/devices/system/cpu/cpu6/topology/thread_siblings_list
447 [140379680659136] INFO perfrun.sdk <> - Reading value (0-7) from file: /sys/devices/system/cpu/cpu7/topology/core_siblings_list
448 [140379680659136] INFO perfrun.sdk <> - Reading value (6-7) from file: /sys/devices/system/cpu/cpu7/topology/thread_siblings_list
448 [140379680659136] ERROR perfrun.sdk <> - boost::filesystem::exists(filename) 'gh2::error::IsNot.Valid.File(filename):/sys/bus/event_source/devices/cpu_core/cpus'
_sdks/release_posix-x86_64_icx_2023.0.0_gnutools_9.2_binutils_2.28/perfrun_1.36.3/include/perfrun1/sdk/utils.hpp(777): gh2::error_code_t runtool::sdk::loadFileValue(RetType &, const cpil2::uchar_t *) [RetType = std::basic_string<char>]
, at file: _sdks/release_posix-x86_64_icx_2023.0.0_gnutools_9.2_binutils_2.28/perfrun_1.36.3/include/perfrun1/sdk/utils.hpp:777
450 [140379680659136] ERROR perfrun.sdk <> - boost::filesystem::exists(filename) 'gh2::error::IsNot.Valid.File(filename):/sys/bus/event_source/devices/cpu_atom/cpus'
_sdks/release_posix-x86_64_icx_2023.0.0_gnutools_9.2_binutils_2.28/perfrun_1.36.3/include/perfrun1/sdk/utils.hpp(777): gh2::error_code_t runtool::sdk::loadFileValue(RetType &, const cpil2::uchar_t *) [RetType = std::basic_string<char>]
, at file: _sdks/release_posix-x86_64_icx_2023.0.0_gnutools_9.2_binutils_2.28/perfrun_1.36.3/include/perfrun1/sdk/utils.hpp:777
450 [140379579995840] INFO perfrun.sdk <> - runCmd: /opt/intel/oneapi/vtune/2025.3/bin64/amplxe-perf stat -v --log-fd 21 --control=fd:22,25 --scale -x ; -p 7442 -e cpu/event=0x3c,name='CPU_CLK_UNHALTED.THREAD'/Duk,cpu/umask=0x3,name='CPU_CLK_UNHALTED.REF_TSC'/Duk,cpu/event=0xc0,name='INST_RETIRED.ANY'/Duk,cpu/event=0x3c,umask=0x1,name='CPU_CLK_UNHALTED.REF_XCLK'/uk,cpu/event=0x3c,umask=0x2,name='CPU_CLK_UNHALTED.ONE_THREAD_ACTIVE'/uk,cpu/event=0xc7,umask=0x2,name='FP_ARITH_INST_RETIRED.SCALAR_SINGLE'/uk,cpu/event=0xc7,umask=0x8,name='FP_ARITH_INST_RETIRED.128B_PACKED_SINGLE'/uk,cpu/event=0xc7,umask=0x20,name='FP_ARITH_INST_RETIRED.256B_PACKED_SINGLE'/uk,cpu/event=0xc7,umask=0x1,name='FP_ARITH_INST_RETIRED.SCALAR_DOUBLE'/uk,cpu/event=0xc7,umask=0x4,name='FP_ARITH_INST_RETIRED.128B_PACKED_DOUBLE'/uk,cpu/event=0xc7,umask=0x10,name='FP_ARITH_INST_RETIRED.256B_PACKED_DOUBLE'/uk,cpu/event=0xb1,umask=0x10,name='UOPS_EXECUTED.X87'/uk,cpu/event=0xc2,umask=0x2,name='UOPS_RETIRED.RETIRE_SLOTS'/uk,cpu/event=0xb1,umask=0x1,name='UOPS_EXECUTED.THREAD'/uk /opt/intel/oneapi/vtune/2025.3/bin64/amplxe-perf-sync sync tsc
451 [140379579995840] INFO perfrun.sdk <> - runCmd started PID 7456
473 [140379689051840] INFO perfrun.tpss <> - start tpss controller for pid #7442
524 [140379841674368] INFO perfrun.launcher <> - Launcher: all plugins were started
524 [140379841674368] INFO perfrun.launcher <> - DirectoryMonitor object was created
524 [140379841674368] INFO perfrun.launcher <> - DirectoryMonitor: a callback was added
524 [140379841674368] INFO perfrun.launcher <> - DirectoryMonitor was started with pingTime = 1000
525 [140379841674368] INFO perfrun.launcher <> - DeadlineTimer is going to be constructed
525 [140379841674368] INFO perfrun.launcher <> - DeadlineTimer: a callback was added
527 [140379841674368] INFO perfrun.launcher <> - Launcher: resume the profiled application and  wait its termination or stop command
6612 [140379841674368] INFO perfrun.launcher <> - Launcher: the profiled application was terminated  with exit code = 0
6616 [140379689051840] INFO perfrun.itt <> - detach itt controller
6616 [140379689051840] INFO perfrun.itt <> - detach itt controller done
6619 [140379579995840] INFO perfrun.perfcollector <> - Monitor: runCmd RC = true
6620 [140379689051840] INFO perfrun.perfcollector <> - Monitor: state = 3, error = 1
6620 [140379689051840] INFO perfrun.tpss <> - stop tpss controller
6620 [140379689051840] INFO perfrun.sdk <> - De-allocating TMU: /tmp/amplxe-tmp-azfar/amplxe-res-7392-25049940735917/data.0/systemcollector-7392-DESKTOP-GRRJ2VV.sc
6620 [140379689051840] INFO perfrun.system <> - closed the system trace file: /tmp/amplxe-tmp-azfar/amplxe-res-7392-25049940735917/data.0/systemcollector-7392-DESKTOP-GRRJ2VV.sc
6621 [140379841674368] INFO perfrun.launcher <> - Launcher: all plugins were stopped.
6621 [140379841674368] INFO perfrun.launcher <> - DeadlineTimer is going to be destroyed
6621 [140379841674368] INFO perfrun.launcher <> - DeadlineTimer was destroyed
6622 [140379841674368] INFO perfrun.launcher <> - DirectoryMonitor object was destroyed
6622 [140379841674368] WARN perfrun.launcher <> - Stop command is ignored because it is received when collection is already stopped, at file: vcs/perfrun1/launcher/src/command_handler.cpp:226
6942 [140379841674368] INFO perfrun.launcher <> - Application exit code: 0
6943 [140379841674368] INFO perfrun.launcher <> - Exit code: 0
