
9236 : 0x17c57c5e8b4c : 3 : logger_init :  LOG FILE OPENED (by collectunits.logger), level: 4
9236 : 0x17c582466c2c : 4 : pytrace_try_probe_python_functions :  Python version is detected as == 0x0
9236 : 0x17c582b34225 : 4 : pytrace_try_probe_python_functions :  Python version is detected as == 0x0
9236 : 0x17c5842e75f0 : 4 : pytrace_try_probe_python_functions :  Python version is detected as == 0x0
9236 : 0x17c5846459e8 : 4 : pytrace_try_probe_python_functions :  Python version is detected as == 0x0
9236 : 0x17c585475fde : 4 : pytrace_try_probe_python_functions :  Python version is detected as == 0x0
9236 : 0x17c59c5fe389 : 4 : pytrace_try_probe_python_functions :  Python version is detected as == 0x0
9236 : 0x17c59cb7dd7d : 4 : pytrace_try_probe_python_functions :  Python version is detected as == 0x0
9236 : 0x17c59cf2bec4 : 4 : pytrace_try_probe_python_functions :  Python version is detected as == 0x0
9236 : 0x17c5a2716342 : 4 : pytrace_try_probe_python_functions :  Python version is detected as == 0x0
9236 : 0x17c5a2946ca8 : 4 : pytrace_try_probe_python_functions :  Python version is detected as == 0x0
9236 : 0x17c5a29ee75c : 4 : pytrace_try_probe_python_functions :  Python version is detected as == 0x0
9236 : 0x17c5a2f3f1cc : 4 : pytrace_try_probe_python_functions :  Python version is detected as == 0x0
9236 : 0x17c5a360c7de : 4 : pytrace_try_probe_python_functions :  Python version is detected as == 0x0
9236 : 0x17c5a3aaf24a : 4 : pytrace_try_probe_python_functions :  Python version is detected as == 0x0
9236 : 0x17c5a6a92ede : 4 : pytrace_try_probe_python_functions :  Python version is detected as == 0x0
9236 : 0x17c5a6da9c9c : 4 : pytrace_try_probe_python_functions :  Python version is detected as == 0x0
9236 : 0x17c5a6e6e378 : 4 : pytrace_try_probe_python_functions :  Python version is detected as == 0x0
9236 : 0x17c5a6fcbdfa : 4 : pytrace_try_probe_python_functions :  Python version is detected as == 0x0
9236 : 0x17c5a7404ff1 : 4 : pytrace_start_profiling :  [CALLED]
9236 : 0x17c5a7a0555b : 4 : pytrace_try_probe_python_functions :  Python version is detected as == 0x0
9236 : 0x17c5a7afdfd1 : 4 : pytrace_try_probe_python_functions :  Python version is detected as == 0x0
9236 : 0x17c5a7c2d01f : 4 : pytrace_try_probe_python_functions :  Python version is detected as == 0x0
9236 : 0x17c5a7e6bea5 : 4 : pytrace_try_probe_python_functions :  Python version is detected as == 0x0
9236 : 0x17c5a80c7239 : 4 : pytrace_try_probe_python_functions :  Python version is detected as == 0x0
9236 : 0x17c5a81b656f : 4 : pytrace_try_probe_python_functions :  Python version is detected as == 0x0
9236 : 0x17c5a838c3a3 : 4 : pytrace_try_probe_python_functions :  Python version is detected as == 0x0
9236 : 0x17c5a8455eb5 : 4 : pytrace_try_probe_python_functions :  Python version is detected as == 0x0
9236 : 0x17c5a852181b : 4 : pytrace_try_probe_python_functions :  Python version is detected as == 0x0
9236 : 0x17c5a8604dbb : 4 : pytrace_try_probe_python_functions :  Python version is detected as == 0x0
9236 : 0x17c5a86d7153 : 4 : pytrace_try_probe_python_functions :  Python version is detected as == 0x0
9236 : 0x17c5a87e98c1 : 4 : pytrace_try_probe_python_functions :  Python version is detected as == 0x0
9236 : 0x17c5a8a3d873 : 4 : pytrace_try_probe_python_functions :  Python version is detected as == 0x0
9236 : 0x17c5a8c7de19 : 4 : pytrace_try_probe_python_functions :  Python version is detected as == 0x0
9236 : 0x17c5a973be07 : 4 : pytrace_try_probe_python_functions :  Python version is detected as == 0x0
9236 : 0x17c5a987079f : 4 : pytrace_try_probe_python_functions :  Python version is detected as == 0x0
9236 : 0x17c5a9c75ed7 : 4 : pytrace_try_probe_python_functions :  Python version is detected as == 0x0
9236 : 0x17c5ac464b38 : 4 : pytrace_try_probe_python_functions :  Python version is detected as == 0x0
9236 : 0x17c5ac5684da : 4 : pytrace_try_probe_python_functions :  Python version is detected as == 0x0
9236 : 0x17c5ac6462bc : 4 : pytrace_try_probe_python_functions :  Python version is detected as == 0x0
9236 : 0x17c5ac748f40 : 4 : pytrace_try_probe_python_functions :  Python version is detected as == 0x0
9236 : 0x17c5ac8330ac : 4 : pytrace_try_probe_python_functions :  Python version is detected as == 0x0
9236 : 0x17c5aca970dc : 4 : pytrace_try_probe_python_functions :  Python version is detected as == 0x0
9236 : 0x17c5acb6c896 : 4 : pytrace_try_probe_python_functions :  Python version is detected as == 0x0
9236 : 0x17c5acc5d71e : 4 : pytrace_try_probe_python_functions :  Python version is detected as == 0x0
9236 : 0x17c5acd54682 : 4 : pytrace_try_probe_python_functions :  Python version is detected as == 0x0
9236 : 0x17c5ad351e9c : 4 : pytrace_try_probe_python_functions :  Python version is detected as == 0x0
9236 : 0x17c5ad4e51ac : 4 : pytrace_try_probe_python_functions :  Python version is detected as == 0x0
9236 : 0x17c5ad62a6b6 : 4 : pytrace_try_probe_python_functions :  Python version is detected as == 0x0
9236 : 0x17c5ad767b86 : 4 : pytrace_try_probe_python_functions :  Python version is detected as == 0x0
9236 : 0x17c5ad8b96bc : 4 : pytrace_try_probe_python_functions :  Python version is detected as == 0x0
9236 : 0x17c5ada97c14 : 4 : pytrace_try_probe_python_functions :  Python version is detected as == 0x0
9236 : 0x17c5adbb6b6c : 4 : pytrace_try_probe_python_functions :  Python version is detected as == 0x0
9236 : 0x17c5add4e7d8 : 4 : pytrace_try_probe_python_functions :  Python version is detected as == 0x0
9236 : 0x17c5ade4812e : 4 : pytrace_try_probe_python_functions :  Python version is detected as == 0x0
9236 : 0x17c5ae01321c : 4 : pytrace_try_probe_python_functions :  Python version is detected as == 0x0
9236 : 0x17c5ae3c0c47 : 4 : pytrace_try_probe_python_functions :  Python version is detected as == 0x0
9236 : 0x17c5ae54e929 : 4 : pytrace_try_probe_python_functions :  Python version is detected as == 0x0
9236 : 0x17c5ae6baee1 : 4 : pytrace_try_probe_python_functions :  Python version is detected as == 0x0
9236 : 0x17c5ae88be0d : 4 : pytrace_try_probe_python_functions :  Python version is detected as == 0x0
9236 : 0x17c5aeac7371 : 4 : pytrace_try_probe_python_functions :  Python version is detected as == 0x0
9236 : 0x17c5aecd6ed9 : 4 : pytrace_try_probe_python_functions :  Python version is detected as == 0x0
9236 : 0x17c5af328a3f : 4 : pytrace_try_probe_python_functions :  Python version is detected as == 0x0
9236 : 0x17c5af523ce5 : 4 : pytrace_try_probe_python_functions :  Python version is detected as == 0x0
9236 : 0x17c5af64d9b3 : 4 : pytrace_try_probe_python_functions :  Python version is detected as == 0x0
9236 : 0x17c5bd0afd76 : 4 : pytrace_try_probe_python_functions :  Python version is detected as == 0x0
9236 : 0x17c5bd2ce028 : 4 : pytrace_try_probe_python_functions :  Python version is detected as == 0x0
9236 : 0x17c5bd443104 : 4 : pytrace_try_probe_python_functions :  Python version is detected as == 0x0
9236 : 0x17c5cb3f0bf6 : 4 : pytrace_try_probe_python_functions :  Python version is detected as == 0x0
9236 : 0x17c5cb582340 : 4 : pytrace_try_probe_python_functions :  Python version is detected as == 0x0
9236 : 0x17c5cb74955c : 4 : pytrace_try_probe_python_functions :  Python version is detected as == 0x0
9236 : 0x17c5cb999b56 : 4 : pytrace_try_probe_python_functions :  Python version is detected as == 0x0
9236 : 0x17c5cbb3f03e : 4 : pytrace_try_probe_python_functions :  Python version is detected as == 0x0
9236 : 0x17c5cbd69a04 : 4 : pytrace_try_probe_python_functions :  Python version is detected as == 0x0
9236 : 0x17c5cbf45de8 : 4 : pytrace_try_probe_python_functions :  Python version is detected as == 0x0
9236 : 0x17c5cc0301cc : 4 : pytrace_try_probe_python_functions :  Python version is detected as == 0x0
9236 : 0x17c5cc275d02 : 4 : pytrace_try_probe_python_functions :  Python version is detected as == 0x0
9236 : 0x17c5cc3ea354 : 4 : pytrace_try_probe_python_functions :  Python version is detected as == 0x0
9236 : 0x17c5cc5686a2 : 4 : pytrace_try_probe_python_functions :  Python version is detected as == 0x0
9236 : 0x17c5cc8ed5e7 : 4 : pytrace_try_probe_python_functions :  Python version is detected as == 0x0
9236 : 0x17c5ccb8b60b : 4 : pytrace_try_probe_python_functions :  Python version is detected as == 0x0
9236 : 0x17c5cce45f37 : 4 : pytrace_try_probe_python_functions :  Python version is detected as == 0x0
9236 : 0x17c926d8678f : 4 : pytrace_stop_profiling :  [CALLED]
9236 : 0x17c926d99ab7 : 3 : logger_fini :  LOG FILE CLOSED (by collectunits.logger)