
3984 : 0x13b353d97b42 : 3 : logger_init :  LOG FILE OPENED (by collectunits.logger), level: 4
3984 : 0x13b359bc778f : 4 : pytrace_try_probe_python_functions :  Python version is detected as == 0x0
3984 : 0x13b35a43d7cd : 4 : pytrace_try_probe_python_functions :  Python version is detected as == 0x0
3984 : 0x13b35bb94057 : 4 : pytrace_try_probe_python_functions :  Python version is detected as == 0x0
3984 : 0x13b35be43819 : 4 : pytrace_try_probe_python_functions :  Python version is detected as == 0x0
3984 : 0x13b35cb6c9ba : 4 : pytrace_try_probe_python_functions :  Python version is detected as == 0x0
3984 : 0x13b373c65d2b : 4 : pytrace_try_probe_python_functions :  Python version is detected as == 0x0
3984 : 0x13b374224ef9 : 4 : pytrace_try_probe_python_functions :  Python version is detected as == 0x0
3984 : 0x13b3745d122b : 4 : pytrace_try_probe_python_functions :  Python version is detected as == 0x0
3984 : 0x13b379745b00 : 4 : pytrace_try_probe_python_functions :  Python version is detected as == 0x0
3984 : 0x13b379947c64 : 4 : pytrace_try_probe_python_functions :  Python version is detected as == 0x0
3984 : 0x13b3799ecfa0 : 4 : pytrace_try_probe_python_functions :  Python version is detected as == 0x0
3984 : 0x13b379f378d0 : 4 : pytrace_try_probe_python_functions :  Python version is detected as == 0x0
3984 : 0x13b37a5a2ee6 : 4 : pytrace_try_probe_python_functions :  Python version is detected as == 0x0
3984 : 0x13b37aa6386e : 4 : pytrace_try_probe_python_functions :  Python version is detected as == 0x0
3984 : 0x13b37d81ebe2 : 4 : pytrace_try_probe_python_functions :  Python version is detected as == 0x0
3984 : 0x13b37daf2372 : 4 : pytrace_try_probe_python_functions :  Python version is detected as == 0x0
3984 : 0x13b37dbc1de6 : 4 : pytrace_try_probe_python_functions :  Python version is detected as == 0x0
3984 : 0x13b37dd0a2b6 : 4 : pytrace_try_probe_python_functions :  Python version is detected as == 0x0
3984 : 0x13b37e080661 : 4 : pytrace_start_profiling :  [CALLED]
3984 : 0x13b37e5b1553 : 4 : pytrace_try_probe_python_functions :  Python version is detected as == 0x0
3984 : 0x13b37e672f53 : 4 : pytrace_try_probe_python_functions :  Python version is detected as == 0x0
3984 : 0x13b37e788187 : 4 : pytrace_try_probe_python_functions :  Python version is detected as == 0x0
3984 : 0x13b37e923bf3 : 4 : pytrace_try_probe_python_functions :  Python version is detected as == 0x0
3984 : 0x13b37eb18e7f : 4 : pytrace_try_probe_python_functions :  Python version is detected as == 0x0
3984 : 0x13b37ec01cf1 : 4 : pytrace_try_probe_python_functions :  Python version is detected as == 0x0
3984 : 0x13b37ed97247 : 4 : pytrace_try_probe_python_functions :  Python version is detected as == 0x0
3984 : 0x13b37ee524c5 : 4 : pytrace_try_probe_python_functions :  Python version is detected as == 0x0
3984 : 0x13b37ef263f1 : 4 : pytrace_try_probe_python_functions :  Python version is detected as == 0x0
3984 : 0x13b37efe80ab : 4 : pytrace_try_probe_python_functions :  Python version is detected as == 0x0
3984 : 0x13b37f0ad2eb : 4 : pytrace_try_probe_python_functions :  Python version is detected as == 0x0
3984 : 0x13b37f1c5edb : 4 : pytrace_try_probe_python_functions :  Python version is detected as == 0x0
3984 : 0x13b37f409870 : 4 : pytrace_try_probe_python_functions :  Python version is detected as == 0x0
3984 : 0x13b37f61f354 : 4 : pytrace_try_probe_python_functions :  Python version is detected as == 0x0
3984 : 0x13b38000b38a : 4 : pytrace_try_probe_python_functions :  Python version is detected as == 0x0
3984 : 0x13b38010b9ee : 4 : pytrace_try_probe_python_functions :  Python version is detected as == 0x0
3984 : 0x13b3804a56d4 : 4 : pytrace_try_probe_python_functions :  Python version is detected as == 0x0
3984 : 0x13b381897179 : 4 : pytrace_try_probe_python_functions :  Python version is detected as == 0x0
3984 : 0x13b38197c6af : 4 : pytrace_try_probe_python_functions :  Python version is detected as == 0x0
3984 : 0x13b381a7cfa1 : 4 : pytrace_try_probe_python_functions :  Python version is detected as == 0x0
3984 : 0x13b381b58011 : 4 : pytrace_try_probe_python_functions :  Python version is detected as == 0x0
3984 : 0x13b381c281f9 : 4 : pytrace_try_probe_python_functions :  Python version is detected as == 0x0
3984 : 0x13b381df1069 : 4 : pytrace_try_probe_python_functions :  Python version is detected as == 0x0
3984 : 0x13b381ebdb4b : 4 : pytrace_try_probe_python_functions :  Python version is detected as == 0x0
3984 : 0x13b381f8c9d5 : 4 : pytrace_try_probe_python_functions :  Python version is detected as == 0x0
3984 : 0x13b38205d34b : 4 : pytrace_try_probe_python_functions :  Python version is detected as == 0x0
3984 : 0x13b382617691 : 4 : pytrace_try_probe_python_functions :  Python version is detected as == 0x0
3984 : 0x13b38278bf49 : 4 : pytrace_try_probe_python_functions :  Python version is detected as == 0x0
3984 : 0x13b3828a842f : 4 : pytrace_try_probe_python_functions :  Python version is detected as == 0x0
3984 : 0x13b3829ce0f9 : 4 : pytrace_try_probe_python_functions :  Python version is detected as == 0x0
3984 : 0x13b382b1dea9 : 4 : pytrace_try_probe_python_functions :  Python version is detected as == 0x0
3984 : 0x13b382c83897 : 4 : pytrace_try_probe_python_functions :  Python version is detected as == 0x0
3984 : 0x13b382d81a5f : 4 : pytrace_try_probe_python_functions :  Python version is detected as == 0x0
3984 : 0x13b382eee573 : 4 : pytrace_try_probe_python_functions :  Python version is detected as == 0x0
3984 : 0x13b382ff55d9 : 4 : pytrace_try_probe_python_functions :  Python version is detected as == 0x0
3984 : 0x13b383164a11 : 4 : pytrace_try_probe_python_functions :  Python version is detected as == 0x0
3984 : 0x13b38349d8cd : 4 : pytrace_try_probe_python_functions :  Python version is detected as == 0x0
3984 : 0x13b383641526 : 4 : pytrace_try_probe_python_functions :  Python version is detected as == 0x0
3984 : 0x13b3837615d0 : 4 : pytrace_try_probe_python_functions :  Python version is detected as == 0x0
3984 : 0x13b383924dd8 : 4 : pytrace_try_probe_python_functions :  Python version is detected as == 0x0
3984 : 0x13b383b67020 : 4 : pytrace_try_probe_python_functions :  Python version is detected as == 0x0
3984 : 0x13b383d4b1c2 : 4 : pytrace_try_probe_python_functions :  Python version is detected as == 0x0
3984 : 0x13b384290c98 : 4 : pytrace_try_probe_python_functions :  Python version is detected as == 0x0
3984 : 0x13b3844022c6 : 4 : pytrace_try_probe_python_functions :  Python version is detected as == 0x0
3984 : 0x13b38451ee7c : 4 : pytrace_try_probe_python_functions :  Python version is detected as == 0x0
3984 : 0x13b391fd6749 : 4 : pytrace_try_probe_python_functions :  Python version is detected as == 0x0
3984 : 0x13b3921eb105 : 4 : pytrace_try_probe_python_functions :  Python version is detected as == 0x0
3984 : 0x13b392344dfb : 4 : pytrace_try_probe_python_functions :  Python version is detected as == 0x0
3984 : 0x13b3a00b0093 : 4 : pytrace_try_probe_python_functions :  Python version is detected as == 0x0
3984 : 0x13b3a01db329 : 4 : pytrace_try_probe_python_functions :  Python version is detected as == 0x0
3984 : 0x13b3a034be93 : 4 : pytrace_try_probe_python_functions :  Python version is detected as == 0x0
3984 : 0x13b3a04a049d : 4 : pytrace_try_probe_python_functions :  Python version is detected as == 0x0
3984 : 0x13b3a05c526d : 4 : pytrace_try_probe_python_functions :  Python version is detected as == 0x0
3984 : 0x13b3a071de0b : 4 : pytrace_try_probe_python_functions :  Python version is detected as == 0x0
3984 : 0x13b3a08689bf : 4 : pytrace_try_probe_python_functions :  Python version is detected as == 0x0
3984 : 0x13b3a0921c21 : 4 : pytrace_try_probe_python_functions :  Python version is detected as == 0x0
3984 : 0x13b3a0adfffb : 4 : pytrace_try_probe_python_functions :  Python version is detected as == 0x0
3984 : 0x13b3a0bfda7d : 4 : pytrace_try_probe_python_functions :  Python version is detected as == 0x0
3984 : 0x13b3a0d459c1 : 4 : pytrace_try_probe_python_functions :  Python version is detected as == 0x0
3984 : 0x13b3a0f585a3 : 4 : pytrace_try_probe_python_functions :  Python version is detected as == 0x0
3984 : 0x13b3a10ac169 : 4 : pytrace_try_probe_python_functions :  Python version is detected as == 0x0
3984 : 0x13b3a1202ded : 4 : pytrace_try_probe_python_functions :  Python version is detected as == 0x0
3984 : 0x13b8a784a4e3 : 4 : pytrace_stop_profiling :  [CALLED]
3984 : 0x13b8a7850e73 : 3 : logger_fini :  LOG FILE CLOSED (by collectunits.logger)