
8596 : 0x176f52dea195 : 3 : logger_init :  LOG FILE OPENED (by collectunits.logger), level: 4
8596 : 0x176f5908cd91 : 4 : pytrace_try_probe_python_functions :  Python version is detected as == 0x0
8596 : 0x176f597107fd : 4 : pytrace_try_probe_python_functions :  Python version is detected as == 0x0
8596 : 0x176f5af593a6 : 4 : pytrace_try_probe_python_functions :  Python version is detected as == 0x0
8596 : 0x176f5b1eca88 : 4 : pytrace_try_probe_python_functions :  Python version is detected as == 0x0
8596 : 0x176f5c05535f : 4 : pytrace_try_probe_python_functions :  Python version is detected as == 0x0
8596 : 0x176f75cbb3d3 : 4 : pytrace_try_probe_python_functions :  Python version is detected as == 0x0
8596 : 0x176f76242bed : 4 : pytrace_try_probe_python_functions :  Python version is detected as == 0x0
8596 : 0x176f764d2d87 : 4 : pytrace_try_probe_python_functions :  Python version is detected as == 0x0
8596 : 0x176f7b227b63 : 4 : pytrace_try_probe_python_functions :  Python version is detected as == 0x0
8596 : 0x176f7b468359 : 4 : pytrace_try_probe_python_functions :  Python version is detected as == 0x0
8596 : 0x176f7b5112ed : 4 : pytrace_try_probe_python_functions :  Python version is detected as == 0x0
8596 : 0x176f7baa7ee3 : 4 : pytrace_try_probe_python_functions :  Python version is detected as == 0x0
8596 : 0x176f7c160239 : 4 : pytrace_try_probe_python_functions :  Python version is detected as == 0x0
8596 : 0x176f7c673d9b : 4 : pytrace_try_probe_python_functions :  Python version is detected as == 0x0
8596 : 0x176f7f60b0f9 : 4 : pytrace_try_probe_python_functions :  Python version is detected as == 0x0
8596 : 0x176f7f917b6b : 4 : pytrace_try_probe_python_functions :  Python version is detected as == 0x0
8596 : 0x176f7f9d3b0d : 4 : pytrace_try_probe_python_functions :  Python version is detected as == 0x0
8596 : 0x176f7fb3afed : 4 : pytrace_try_probe_python_functions :  Python version is detected as == 0x0
8596 : 0x176f7ff17be5 : 4 : pytrace_start_profiling :  [CALLED]
8596 : 0x176f804b0c6b : 4 : pytrace_try_probe_python_functions :  Python version is detected as == 0x0
8596 : 0x176f8058d6ab : 4 : pytrace_try_probe_python_functions :  Python version is detected as == 0x0
8596 : 0x176f806a467b : 4 : pytrace_try_probe_python_functions :  Python version is detected as == 0x0
8596 : 0x176f80847175 : 4 : pytrace_try_probe_python_functions :  Python version is detected as == 0x0
8596 : 0x176f80aa260e : 4 : pytrace_try_probe_python_functions :  Python version is detected as == 0x0
8596 : 0x176f80c27f46 : 4 : pytrace_try_probe_python_functions :  Python version is detected as == 0x0
8596 : 0x176f80dfa7cc : 4 : pytrace_try_probe_python_functions :  Python version is detected as == 0x0
8596 : 0x176f80ebc7fe : 4 : pytrace_try_probe_python_functions :  Python version is detected as == 0x0
8596 : 0x176f80f95114 : 4 : pytrace_try_probe_python_functions :  Python version is detected as == 0x0
8596 : 0x176f810854b6 : 4 : pytrace_try_probe_python_functions :  Python version is detected as == 0x0
8596 : 0x176f8115c03a : 4 : pytrace_try_probe_python_functions :  Python version is detected as == 0x0
8596 : 0x176f812564d0 : 4 : pytrace_try_probe_python_functions :  Python version is detected as == 0x0
8596 : 0x176f814600ca : 4 : pytrace_try_probe_python_functions :  Python version is detected as == 0x0
8596 : 0x176f8163c7c8 : 4 : pytrace_try_probe_python_functions :  Python version is detected as == 0x0
8596 : 0x176f8207864c : 4 : pytrace_try_probe_python_functions :  Python version is detected as == 0x0
8596 : 0x176f821b10ca : 4 : pytrace_try_probe_python_functions :  Python version is detected as == 0x0
8596 : 0x176f8255bd0e : 4 : pytrace_try_probe_python_functions :  Python version is detected as == 0x0
8596 : 0x176f8555195b : 4 : pytrace_try_probe_python_functions :  Python version is detected as == 0x0
8596 : 0x176f856474f5 : 4 : pytrace_try_probe_python_functions :  Python version is detected as == 0x0
8596 : 0x176f8572ed73 : 4 : pytrace_try_probe_python_functions :  Python version is detected as == 0x0
8596 : 0x176f8581374b : 4 : pytrace_try_probe_python_functions :  Python version is detected as == 0x0
8596 : 0x176f858eed11 : 4 : pytrace_try_probe_python_functions :  Python version is detected as == 0x0
8596 : 0x176f85b3dccb : 4 : pytrace_try_probe_python_functions :  Python version is detected as == 0x0
8596 : 0x176f85c12617 : 4 : pytrace_try_probe_python_functions :  Python version is detected as == 0x0
8596 : 0x176f85ce7491 : 4 : pytrace_try_probe_python_functions :  Python version is detected as == 0x0
8596 : 0x176f85dc0561 : 4 : pytrace_try_probe_python_functions :  Python version is detected as == 0x0
8596 : 0x176f86463fb4 : 4 : pytrace_try_probe_python_functions :  Python version is detected as == 0x0
8596 : 0x176f865f3302 : 4 : pytrace_try_probe_python_functions :  Python version is detected as == 0x0
8596 : 0x176f86726d7a : 4 : pytrace_try_probe_python_functions :  Python version is detected as == 0x0
8596 : 0x176f8686c512 : 4 : pytrace_try_probe_python_functions :  Python version is detected as == 0x0
8596 : 0x176f869b190e : 4 : pytrace_try_probe_python_functions :  Python version is detected as == 0x0
8596 : 0x176f86bb1b96 : 4 : pytrace_try_probe_python_functions :  Python version is detected as == 0x0
8596 : 0x176f86d4662a : 4 : pytrace_try_probe_python_functions :  Python version is detected as == 0x0
8596 : 0x176f86fe9e18 : 4 : pytrace_try_probe_python_functions :  Python version is detected as == 0x0
8596 : 0x176f871654c2 : 4 : pytrace_try_probe_python_functions :  Python version is detected as == 0x0
8596 : 0x176f87391676 : 4 : pytrace_try_probe_python_functions :  Python version is detected as == 0x0
8596 : 0x176f877b81fd : 4 : pytrace_try_probe_python_functions :  Python version is detected as == 0x0
8596 : 0x176f8791bff9 : 4 : pytrace_try_probe_python_functions :  Python version is detected as == 0x0
8596 : 0x176f87a41ce1 : 4 : pytrace_try_probe_python_functions :  Python version is detected as == 0x0
8596 : 0x176f87bee7f1 : 4 : pytrace_try_probe_python_functions :  Python version is detected as == 0x0
8596 : 0x176f87de77d9 : 4 : pytrace_try_probe_python_functions :  Python version is detected as == 0x0
8596 : 0x176f87fdd9a1 : 4 : pytrace_try_probe_python_functions :  Python version is detected as == 0x0
8596 : 0x176f884f6121 : 4 : pytrace_try_probe_python_functions :  Python version is detected as == 0x0
8596 : 0x176f8863b29b : 4 : pytrace_try_probe_python_functions :  Python version is detected as == 0x0
8596 : 0x176f887207f5 : 4 : pytrace_try_probe_python_functions :  Python version is detected as == 0x0
8596 : 0x176f9613a920 : 4 : pytrace_try_probe_python_functions :  Python version is detected as == 0x0
8596 : 0x176f9631296c : 4 : pytrace_try_probe_python_functions :  Python version is detected as == 0x0
8596 : 0x176f964689ca : 4 : pytrace_try_probe_python_functions :  Python version is detected as == 0x0
8596 : 0x176fa40ba620 : 4 : pytrace_try_probe_python_functions :  Python version is detected as == 0x0
8596 : 0x176fa41e933e : 4 : pytrace_try_probe_python_functions :  Python version is detected as == 0x0
8596 : 0x176fa433aa34 : 4 : pytrace_try_probe_python_functions :  Python version is detected as == 0x0
8596 : 0x176fa448dd46 : 4 : pytrace_try_probe_python_functions :  Python version is detected as == 0x0
8596 : 0x176fa45afd8a : 4 : pytrace_try_probe_python_functions :  Python version is detected as == 0x0
8596 : 0x176fa4710b68 : 4 : pytrace_try_probe_python_functions :  Python version is detected as == 0x0
8596 : 0x176fa48bb82c : 4 : pytrace_try_probe_python_functions :  Python version is detected as == 0x0
8596 : 0x176fa496d65e : 4 : pytrace_try_probe_python_functions :  Python version is detected as == 0x0
8596 : 0x176fa4b4380e : 4 : pytrace_try_probe_python_functions :  Python version is detected as == 0x0
8596 : 0x176fa4c60158 : 4 : pytrace_try_probe_python_functions :  Python version is detected as == 0x0
8596 : 0x176fa4d89cd2 : 4 : pytrace_try_probe_python_functions :  Python version is detected as == 0x0
8596 : 0x176fa4faf678 : 4 : pytrace_try_probe_python_functions :  Python version is detected as == 0x0
8596 : 0x176fa50fc6e6 : 4 : pytrace_try_probe_python_functions :  Python version is detected as == 0x0
8596 : 0x176fa5252c54 : 4 : pytrace_try_probe_python_functions :  Python version is detected as == 0x0
8596 : 0x1773ce226172 : 4 : pytrace_stop_profiling :  [CALLED]
8596 : 0x1773ce237aa6 : 3 : logger_fini :  LOG FILE CLOSED (by collectunits.logger)