
3431 : 0x1332e2902ec5 : 3 : logger_init :  LOG FILE OPENED (by collectunits.logger), level: 4
3431 : 0x1332e925dc46 : 4 : pytrace_try_probe_python_functions :  Python version is detected as == 0x0
3431 : 0x1332e9973136 : 4 : pytrace_try_probe_python_functions :  Python version is detected as == 0x0
3431 : 0x1332eb00cfdb : 4 : pytrace_try_probe_python_functions :  Python version is detected as == 0x0
3431 : 0x1332eb2b5863 : 4 : pytrace_try_probe_python_functions :  Python version is detected as == 0x0
3431 : 0x1332ebf3cbf7 : 4 : pytrace_try_probe_python_functions :  Python version is detected as == 0x0
3431 : 0x1333028d5479 : 4 : pytrace_try_probe_python_functions :  Python version is detected as == 0x0
3431 : 0x133302dd9c7b : 4 : pytrace_try_probe_python_functions :  Python version is detected as == 0x0
3431 : 0x133303081555 : 4 : pytrace_try_probe_python_functions :  Python version is detected as == 0x0
3431 : 0x1333082bf921 : 4 : pytrace_try_probe_python_functions :  Python version is detected as == 0x0
3431 : 0x13330857bf69 : 4 : pytrace_try_probe_python_functions :  Python version is detected as == 0x0
3431 : 0x13330862501b : 4 : pytrace_try_probe_python_functions :  Python version is detected as == 0x0
3431 : 0x133308ba51ab : 4 : pytrace_try_probe_python_functions :  Python version is detected as == 0x0
3431 : 0x1333091da785 : 4 : pytrace_try_probe_python_functions :  Python version is detected as == 0x0
3431 : 0x1333096a4e3f : 4 : pytrace_try_probe_python_functions :  Python version is detected as == 0x0
3431 : 0x13330c4f72b5 : 4 : pytrace_try_probe_python_functions :  Python version is detected as == 0x0
3431 : 0x13330c7f4879 : 4 : pytrace_try_probe_python_functions :  Python version is detected as == 0x0
3431 : 0x13330c8adf2b : 4 : pytrace_try_probe_python_functions :  Python version is detected as == 0x0
3431 : 0x13330ca28aa1 : 4 : pytrace_try_probe_python_functions :  Python version is detected as == 0x0
3431 : 0x13330cd71f36 : 4 : pytrace_start_profiling :  [CALLED]
3431 : 0x13330d2733ec : 4 : pytrace_try_probe_python_functions :  Python version is detected as == 0x0
3431 : 0x13330d340590 : 4 : pytrace_try_probe_python_functions :  Python version is detected as == 0x0
3431 : 0x13330d471494 : 4 : pytrace_try_probe_python_functions :  Python version is detected as == 0x0
3431 : 0x13330d60f3e8 : 4 : pytrace_try_probe_python_functions :  Python version is detected as == 0x0
3431 : 0x13330d83567c : 4 : pytrace_try_probe_python_functions :  Python version is detected as == 0x0
3431 : 0x13330d90cdbc : 4 : pytrace_try_probe_python_functions :  Python version is detected as == 0x0
3431 : 0x13330da9a110 : 4 : pytrace_try_probe_python_functions :  Python version is detected as == 0x0
3431 : 0x13330db58f70 : 4 : pytrace_try_probe_python_functions :  Python version is detected as == 0x0
3431 : 0x13330dc27928 : 4 : pytrace_try_probe_python_functions :  Python version is detected as == 0x0
3431 : 0x13330dd0302a : 4 : pytrace_try_probe_python_functions :  Python version is detected as == 0x0
3431 : 0x13330ddc9cd6 : 4 : pytrace_try_probe_python_functions :  Python version is detected as == 0x0
3431 : 0x13330ded2be0 : 4 : pytrace_try_probe_python_functions :  Python version is detected as == 0x0
3431 : 0x13330e0d096f : 4 : pytrace_try_probe_python_functions :  Python version is detected as == 0x0
3431 : 0x13330e2edc93 : 4 : pytrace_try_probe_python_functions :  Python version is detected as == 0x0
3431 : 0x13330ea7cd89 : 4 : pytrace_try_probe_python_functions :  Python version is detected as == 0x0
3431 : 0x13330ebde153 : 4 : pytrace_try_probe_python_functions :  Python version is detected as == 0x0
3431 : 0x13330ef8a8a9 : 4 : pytrace_try_probe_python_functions :  Python version is detected as == 0x0
3431 : 0x13331007704c : 4 : pytrace_try_probe_python_functions :  Python version is detected as == 0x0
3431 : 0x13331015622e : 4 : pytrace_try_probe_python_functions :  Python version is detected as == 0x0
3431 : 0x133310244700 : 4 : pytrace_try_probe_python_functions :  Python version is detected as == 0x0
3431 : 0x133310323612 : 4 : pytrace_try_probe_python_functions :  Python version is detected as == 0x0
3431 : 0x1333104025fa : 4 : pytrace_try_probe_python_functions :  Python version is detected as == 0x0
3431 : 0x1333105dfdee : 4 : pytrace_try_probe_python_functions :  Python version is detected as == 0x0
3431 : 0x1333106c66ca : 4 : pytrace_try_probe_python_functions :  Python version is detected as == 0x0
3431 : 0x13331079c632 : 4 : pytrace_try_probe_python_functions :  Python version is detected as == 0x0
3431 : 0x13331087b3d8 : 4 : pytrace_try_probe_python_functions :  Python version is detected as == 0x0
3431 : 0x133310d74c6f : 4 : pytrace_try_probe_python_functions :  Python version is detected as == 0x0
3431 : 0x133310f1dde9 : 4 : pytrace_try_probe_python_functions :  Python version is detected as == 0x0
3431 : 0x13331103acc5 : 4 : pytrace_try_probe_python_functions :  Python version is detected as == 0x0
3431 : 0x13331116dfb1 : 4 : pytrace_try_probe_python_functions :  Python version is detected as == 0x0
3431 : 0x1333112bb263 : 4 : pytrace_try_probe_python_functions :  Python version is detected as == 0x0
3431 : 0x13331144b5e1 : 4 : pytrace_try_probe_python_functions :  Python version is detected as == 0x0
3431 : 0x13331156b143 : 4 : pytrace_try_probe_python_functions :  Python version is detected as == 0x0
3431 : 0x1333116e45f3 : 4 : pytrace_try_probe_python_functions :  Python version is detected as == 0x0
3431 : 0x1333117e1921 : 4 : pytrace_try_probe_python_functions :  Python version is detected as == 0x0
3431 : 0x13331193ab17 : 4 : pytrace_try_probe_python_functions :  Python version is detected as == 0x0
3431 : 0x133311c2c2d5 : 4 : pytrace_try_probe_python_functions :  Python version is detected as == 0x0
3431 : 0x133311dac3e5 : 4 : pytrace_try_probe_python_functions :  Python version is detected as == 0x0
3431 : 0x133311ec39b1 : 4 : pytrace_try_probe_python_functions :  Python version is detected as == 0x0
3431 : 0x133312066b4d : 4 : pytrace_try_probe_python_functions :  Python version is detected as == 0x0
3431 : 0x13331223511d : 4 : pytrace_try_probe_python_functions :  Python version is detected as == 0x0
3431 : 0x133312425ec1 : 4 : pytrace_try_probe_python_functions :  Python version is detected as == 0x0
3431 : 0x1333128c6ee5 : 4 : pytrace_try_probe_python_functions :  Python version is detected as == 0x0
3431 : 0x133312a0e50d : 4 : pytrace_try_probe_python_functions :  Python version is detected as == 0x0
3431 : 0x133312b7929f : 4 : pytrace_try_probe_python_functions :  Python version is detected as == 0x0
3431 : 0x1333208ac2e3 : 4 : pytrace_try_probe_python_functions :  Python version is detected as == 0x0
3431 : 0x133320ad7097 : 4 : pytrace_try_probe_python_functions :  Python version is detected as == 0x0
3431 : 0x133320c31ff9 : 4 : pytrace_try_probe_python_functions :  Python version is detected as == 0x0
3431 : 0x13332e975c66 : 4 : pytrace_try_probe_python_functions :  Python version is detected as == 0x0
3431 : 0x13332eaa7376 : 4 : pytrace_try_probe_python_functions :  Python version is detected as == 0x0
3431 : 0x13332ec0194a : 4 : pytrace_try_probe_python_functions :  Python version is detected as == 0x0
3431 : 0x13332ed64438 : 4 : pytrace_try_probe_python_functions :  Python version is detected as == 0x0
3431 : 0x13332ee92a8e : 4 : pytrace_try_probe_python_functions :  Python version is detected as == 0x0
3431 : 0x13332f0221dc : 4 : pytrace_try_probe_python_functions :  Python version is detected as == 0x0
3431 : 0x13332f17499e : 4 : pytrace_try_probe_python_functions :  Python version is detected as == 0x0
3431 : 0x13332f22949c : 4 : pytrace_try_probe_python_functions :  Python version is detected as == 0x0
3431 : 0x13332f3f9306 : 4 : pytrace_try_probe_python_functions :  Python version is detected as == 0x0
3431 : 0x13332f51f468 : 4 : pytrace_try_probe_python_functions :  Python version is detected as == 0x0
3431 : 0x13332f6434d8 : 4 : pytrace_try_probe_python_functions :  Python version is detected as == 0x0
3431 : 0x13332f852660 : 4 : pytrace_try_probe_python_functions :  Python version is detected as == 0x0
3431 : 0x13332f99e412 : 4 : pytrace_try_probe_python_functions :  Python version is detected as == 0x0
3431 : 0x13332fb26050 : 4 : pytrace_try_probe_python_functions :  Python version is detected as == 0x0
3431 : 0x1337ef4f5aa4 : 4 : pytrace_stop_profiling :  [CALLED]
3431 : 0x1337ef4fbfde : 3 : logger_fini :  LOG FILE CLOSED (by collectunits.logger)