
8169 : 0x170e2188a867 : 3 : logger_init :  LOG FILE OPENED (by collectunits.logger), level: 4
8169 : 0x170e27bc5336 : 4 : pytrace_try_probe_python_functions :  Python version is detected as == 0x0
8169 : 0x170e28092e7a : 4 : pytrace_try_probe_python_functions :  Python version is detected as == 0x0
8169 : 0x170e297c351b : 4 : pytrace_try_probe_python_functions :  Python version is detected as == 0x0
8169 : 0x170e29abcba9 : 4 : pytrace_try_probe_python_functions :  Python version is detected as == 0x0
8169 : 0x170e2ae8ed11 : 4 : pytrace_try_probe_python_functions :  Python version is detected as == 0x0
8169 : 0x170e473904c6 : 4 : pytrace_try_probe_python_functions :  Python version is detected as == 0x0
8169 : 0x170e47b82cbe : 4 : pytrace_try_probe_python_functions :  Python version is detected as == 0x0
8169 : 0x170e47fd5e50 : 4 : pytrace_try_probe_python_functions :  Python version is detected as == 0x0
8169 : 0x170e4f8fff31 : 4 : pytrace_try_probe_python_functions :  Python version is detected as == 0x0
8169 : 0x170e4fc3752b : 4 : pytrace_try_probe_python_functions :  Python version is detected as == 0x0
8169 : 0x170e4fd5662d : 4 : pytrace_try_probe_python_functions :  Python version is detected as == 0x0
8169 : 0x170e505cccef : 4 : pytrace_try_probe_python_functions :  Python version is detected as == 0x0
8169 : 0x170e50f1a83a : 4 : pytrace_try_probe_python_functions :  Python version is detected as == 0x0
8169 : 0x170e51674599 : 4 : pytrace_try_probe_python_functions :  Python version is detected as == 0x0
8169 : 0x170e5550efd7 : 4 : pytrace_try_probe_python_functions :  Python version is detected as == 0x0
8169 : 0x170e559472bb : 4 : pytrace_try_probe_python_functions :  Python version is detected as == 0x0
8169 : 0x170e55a346f1 : 4 : pytrace_try_probe_python_functions :  Python version is detected as == 0x0
8169 : 0x170e55c36911 : 4 : pytrace_try_probe_python_functions :  Python version is detected as == 0x0
8169 : 0x170e560b8e4a : 4 : pytrace_start_profiling :  [CALLED]
8169 : 0x170e567091ae : 4 : pytrace_try_probe_python_functions :  Python version is detected as == 0x0
8169 : 0x170e567ffe06 : 4 : pytrace_try_probe_python_functions :  Python version is detected as == 0x0
8169 : 0x170e56900798 : 4 : pytrace_try_probe_python_functions :  Python version is detected as == 0x0
8169 : 0x170e56af10d6 : 4 : pytrace_try_probe_python_functions :  Python version is detected as == 0x0
8169 : 0x170e56d784fa : 4 : pytrace_try_probe_python_functions :  Python version is detected as == 0x0
8169 : 0x170e56ea91f2 : 4 : pytrace_try_probe_python_functions :  Python version is detected as == 0x0
8169 : 0x170e57074b6a : 4 : pytrace_try_probe_python_functions :  Python version is detected as == 0x0
8169 : 0x170e5717746c : 4 : pytrace_try_probe_python_functions :  Python version is detected as == 0x0
8169 : 0x170e572c242c : 4 : pytrace_try_probe_python_functions :  Python version is detected as == 0x0
8169 : 0x170e57416ab8 : 4 : pytrace_try_probe_python_functions :  Python version is detected as == 0x0
8169 : 0x170e57592baa : 4 : pytrace_try_probe_python_functions :  Python version is detected as == 0x0
8169 : 0x170e5772e20c : 4 : pytrace_try_probe_python_functions :  Python version is detected as == 0x0
8169 : 0x170e579d1724 : 4 : pytrace_try_probe_python_functions :  Python version is detected as == 0x0
8169 : 0x170e57cdf613 : 4 : pytrace_try_probe_python_functions :  Python version is detected as == 0x0
8169 : 0x170e58912a79 : 4 : pytrace_try_probe_python_functions :  Python version is detected as == 0x0
8169 : 0x170e58a604fb : 4 : pytrace_try_probe_python_functions :  Python version is detected as == 0x0
8169 : 0x170e58eb78e5 : 4 : pytrace_try_probe_python_functions :  Python version is detected as == 0x0
8169 : 0x170e5b5ab71f : 4 : pytrace_try_probe_python_functions :  Python version is detected as == 0x0
8169 : 0x170e5b708a91 : 4 : pytrace_try_probe_python_functions :  Python version is detected as == 0x0
8169 : 0x170e5b86574b : 4 : pytrace_try_probe_python_functions :  Python version is detected as == 0x0
8169 : 0x170e5b9b0cff : 4 : pytrace_try_probe_python_functions :  Python version is detected as == 0x0
8169 : 0x170e5badd627 : 4 : pytrace_try_probe_python_functions :  Python version is detected as == 0x0
8169 : 0x170e5bd07257 : 4 : pytrace_try_probe_python_functions :  Python version is detected as == 0x0
8169 : 0x170e5be40d1d : 4 : pytrace_try_probe_python_functions :  Python version is detected as == 0x0
8169 : 0x170e5bf53547 : 4 : pytrace_try_probe_python_functions :  Python version is detected as == 0x0
8169 : 0x170e5c102a43 : 4 : pytrace_try_probe_python_functions :  Python version is detected as == 0x0
8169 : 0x170e5c6de233 : 4 : pytrace_try_probe_python_functions :  Python version is detected as == 0x0
8169 : 0x170e5c929a55 : 4 : pytrace_try_probe_python_functions :  Python version is detected as == 0x0
8169 : 0x170e5cae371d : 4 : pytrace_try_probe_python_functions :  Python version is detected as == 0x0
8169 : 0x170e5ccb372b : 4 : pytrace_try_probe_python_functions :  Python version is detected as == 0x0
8169 : 0x170e5ce7533f : 4 : pytrace_try_probe_python_functions :  Python version is detected as == 0x0
8169 : 0x170e5d0bab8d : 4 : pytrace_try_probe_python_functions :  Python version is detected as == 0x0
8169 : 0x170e5d273eab : 4 : pytrace_try_probe_python_functions :  Python version is detected as == 0x0
8169 : 0x170e5d4b8d6b : 4 : pytrace_try_probe_python_functions :  Python version is detected as == 0x0
8169 : 0x170e5d668af1 : 4 : pytrace_try_probe_python_functions :  Python version is detected as == 0x0
8169 : 0x170e5d8a54ff : 4 : pytrace_try_probe_python_functions :  Python version is detected as == 0x0
8169 : 0x170e5dd59619 : 4 : pytrace_try_probe_python_functions :  Python version is detected as == 0x0
8169 : 0x170e5df8525b : 4 : pytrace_try_probe_python_functions :  Python version is detected as == 0x0
8169 : 0x170e5e0f697d : 4 : pytrace_try_probe_python_functions :  Python version is detected as == 0x0
8169 : 0x170e5e332571 : 4 : pytrace_try_probe_python_functions :  Python version is detected as == 0x0
8169 : 0x170e5e63d511 : 4 : pytrace_try_probe_python_functions :  Python version is detected as == 0x0
8169 : 0x170e5e8f4d13 : 4 : pytrace_try_probe_python_functions :  Python version is detected as == 0x0
8169 : 0x170e5f045489 : 4 : pytrace_try_probe_python_functions :  Python version is detected as == 0x0
8169 : 0x170e5f29e381 : 4 : pytrace_try_probe_python_functions :  Python version is detected as == 0x0
8169 : 0x170e5f41cb6d : 4 : pytrace_try_probe_python_functions :  Python version is detected as == 0x0
8169 : 0x170e6d9e2e37 : 4 : pytrace_try_probe_python_functions :  Python version is detected as == 0x0
8169 : 0x170e6db7489d : 4 : pytrace_try_probe_python_functions :  Python version is detected as == 0x0
8169 : 0x170e6dd164d1 : 4 : pytrace_try_probe_python_functions :  Python version is detected as == 0x0
8169 : 0x170e7b9d101b : 4 : pytrace_try_probe_python_functions :  Python version is detected as == 0x0
8169 : 0x170e7bafe403 : 4 : pytrace_try_probe_python_functions :  Python version is detected as == 0x0
8169 : 0x170e7bc5940d : 4 : pytrace_try_probe_python_functions :  Python version is detected as == 0x0
8169 : 0x170e7bdb818d : 4 : pytrace_try_probe_python_functions :  Python version is detected as == 0x0
8169 : 0x170e7bedae45 : 4 : pytrace_try_probe_python_functions :  Python version is detected as == 0x0
8169 : 0x170e7c032f33 : 4 : pytrace_try_probe_python_functions :  Python version is detected as == 0x0
8169 : 0x170e7c17d18b : 4 : pytrace_try_probe_python_functions :  Python version is detected as == 0x0
8169 : 0x170e7c240a33 : 4 : pytrace_try_probe_python_functions :  Python version is detected as == 0x0
8169 : 0x170e7c40202f : 4 : pytrace_try_probe_python_functions :  Python version is detected as == 0x0
8169 : 0x170e7c57f1bf : 4 : pytrace_try_probe_python_functions :  Python version is detected as == 0x0
8169 : 0x170e7c6abb15 : 4 : pytrace_try_probe_python_functions :  Python version is detected as == 0x0
8169 : 0x170e7c8afa73 : 4 : pytrace_try_probe_python_functions :  Python version is detected as == 0x0
8169 : 0x170e7ca0607f : 4 : pytrace_try_probe_python_functions :  Python version is detected as == 0x0
8169 : 0x170e7cb5a5d1 : 4 : pytrace_try_probe_python_functions :  Python version is detected as == 0x0
8169 : 0x17124418e9eb : 4 : pytrace_stop_profiling :  [CALLED]
8169 : 0x1712441984c3 : 3 : logger_fini :  LOG FILE CLOSED (by collectunits.logger)