
3417 : 0x1332d7d4e725 : 3 : logger_init :  LOG FILE OPENED (by collectunits.logger), level: 4
3417 : 0x1332dd84c438 : 4 : pytrace_try_probe_python_functions :  Python version is detected as == 0x0
3417 : 0x1332dde5400f : 4 : pytrace_try_probe_python_functions :  Python version is detected as == 0x0
3417 : 0x1332df4db25d : 4 : pytrace_try_probe_python_functions :  Python version is detected as == 0x0
3417 : 0x1332df79c2f5 : 4 : pytrace_try_probe_python_functions :  Python version is detected as == 0x0
3417 : 0x1332e055f8e9 : 4 : pytrace_try_probe_python_functions :  Python version is detected as == 0x0
3417 : 0x1332f7e6b27f : 4 : pytrace_try_probe_python_functions :  Python version is detected as == 0x0
3417 : 0x1332f840d7b7 : 4 : pytrace_try_probe_python_functions :  Python version is detected as == 0x0
3417 : 0x1332f869c4bf : 4 : pytrace_try_probe_python_functions :  Python version is detected as == 0x0
3417 : 0x1332fd3f507d : 4 : pytrace_try_probe_python_functions :  Python version is detected as == 0x0
3417 : 0x1332fd642d1d : 4 : pytrace_try_probe_python_functions :  Python version is detected as == 0x0
3417 : 0x1332fd70d723 : 4 : pytrace_try_probe_python_functions :  Python version is detected as == 0x0
3417 : 0x1332fdca4827 : 4 : pytrace_try_probe_python_functions :  Python version is detected as == 0x0
3417 : 0x1332fe2d25fb : 4 : pytrace_try_probe_python_functions :  Python version is detected as == 0x0
3417 : 0x1332fe779291 : 4 : pytrace_try_probe_python_functions :  Python version is detected as == 0x0
3417 : 0x1333017a51a3 : 4 : pytrace_try_probe_python_functions :  Python version is detected as == 0x0
3417 : 0x133301a943ab : 4 : pytrace_try_probe_python_functions :  Python version is detected as == 0x0
3417 : 0x133301b56f51 : 4 : pytrace_try_probe_python_functions :  Python version is detected as == 0x0
3417 : 0x133301cb68b9 : 4 : pytrace_try_probe_python_functions :  Python version is detected as == 0x0
3417 : 0x1333020a51bd : 4 : pytrace_start_profiling :  [CALLED]
3417 : 0x1333027f3969 : 4 : pytrace_try_probe_python_functions :  Python version is detected as == 0x0
3417 : 0x1333028b5acd : 4 : pytrace_try_probe_python_functions :  Python version is detected as == 0x0
3417 : 0x133302997255 : 4 : pytrace_try_probe_python_functions :  Python version is detected as == 0x0
3417 : 0x133302b49417 : 4 : pytrace_try_probe_python_functions :  Python version is detected as == 0x0
3417 : 0x133302d986e1 : 4 : pytrace_try_probe_python_functions :  Python version is detected as == 0x0
3417 : 0x133302e89703 : 4 : pytrace_try_probe_python_functions :  Python version is detected as == 0x0
3417 : 0x13330305729f : 4 : pytrace_try_probe_python_functions :  Python version is detected as == 0x0
3417 : 0x13330313349d : 4 : pytrace_try_probe_python_functions :  Python version is detected as == 0x0
3417 : 0x1333031f36b7 : 4 : pytrace_try_probe_python_functions :  Python version is detected as == 0x0
3417 : 0x1333032d11ad : 4 : pytrace_try_probe_python_functions :  Python version is detected as == 0x0
3417 : 0x133303395463 : 4 : pytrace_try_probe_python_functions :  Python version is detected as == 0x0
3417 : 0x1333034a14e9 : 4 : pytrace_try_probe_python_functions :  Python version is detected as == 0x0
3417 : 0x1333036a5329 : 4 : pytrace_try_probe_python_functions :  Python version is detected as == 0x0
3417 : 0x13330389ce13 : 4 : pytrace_try_probe_python_functions :  Python version is detected as == 0x0
3417 : 0x1333043797b5 : 4 : pytrace_try_probe_python_functions :  Python version is detected as == 0x0
3417 : 0x1333044acd8b : 4 : pytrace_try_probe_python_functions :  Python version is detected as == 0x0
3417 : 0x1333048becb9 : 4 : pytrace_try_probe_python_functions :  Python version is detected as == 0x0
3417 : 0x13330629adb3 : 4 : pytrace_try_probe_python_functions :  Python version is detected as == 0x0
3417 : 0x1333063c4b7b : 4 : pytrace_try_probe_python_functions :  Python version is detected as == 0x0
3417 : 0x13330649e4d7 : 4 : pytrace_try_probe_python_functions :  Python version is detected as == 0x0
3417 : 0x1333065b66cd : 4 : pytrace_try_probe_python_functions :  Python version is detected as == 0x0
3417 : 0x1333066bd4d1 : 4 : pytrace_try_probe_python_functions :  Python version is detected as == 0x0
3417 : 0x1333068c94ad : 4 : pytrace_try_probe_python_functions :  Python version is detected as == 0x0
3417 : 0x1333069980d7 : 4 : pytrace_try_probe_python_functions :  Python version is detected as == 0x0
3417 : 0x133306a5b9f1 : 4 : pytrace_try_probe_python_functions :  Python version is detected as == 0x0
3417 : 0x133306b43d95 : 4 : pytrace_try_probe_python_functions :  Python version is detected as == 0x0
3417 : 0x13330713563d : 4 : pytrace_try_probe_python_functions :  Python version is detected as == 0x0
3417 : 0x1333072b178d : 4 : pytrace_try_probe_python_functions :  Python version is detected as == 0x0
3417 : 0x1333073d7a9b : 4 : pytrace_try_probe_python_functions :  Python version is detected as == 0x0
3417 : 0x13330750c213 : 4 : pytrace_try_probe_python_functions :  Python version is detected as == 0x0
3417 : 0x13330764e141 : 4 : pytrace_try_probe_python_functions :  Python version is detected as == 0x0
3417 : 0x133307803961 : 4 : pytrace_try_probe_python_functions :  Python version is detected as == 0x0
3417 : 0x1333078eea0f : 4 : pytrace_try_probe_python_functions :  Python version is detected as == 0x0
3417 : 0x133307a524d1 : 4 : pytrace_try_probe_python_functions :  Python version is detected as == 0x0
3417 : 0x133307b4aa05 : 4 : pytrace_try_probe_python_functions :  Python version is detected as == 0x0
3417 : 0x133307cbae03 : 4 : pytrace_try_probe_python_functions :  Python version is detected as == 0x0
3417 : 0x133308086683 : 4 : pytrace_try_probe_python_functions :  Python version is detected as == 0x0
3417 : 0x133308209345 : 4 : pytrace_try_probe_python_functions :  Python version is detected as == 0x0
3417 : 0x133308355cc7 : 4 : pytrace_try_probe_python_functions :  Python version is detected as == 0x0
3417 : 0x1333085aa577 : 4 : pytrace_try_probe_python_functions :  Python version is detected as == 0x0
3417 : 0x1333087bb197 : 4 : pytrace_try_probe_python_functions :  Python version is detected as == 0x0
3417 : 0x1333089cae03 : 4 : pytrace_try_probe_python_functions :  Python version is detected as == 0x0
3417 : 0x133308ecce05 : 4 : pytrace_try_probe_python_functions :  Python version is detected as == 0x0
3417 : 0x133309015511 : 4 : pytrace_try_probe_python_functions :  Python version is detected as == 0x0
3417 : 0x1333090f9693 : 4 : pytrace_try_probe_python_functions :  Python version is detected as == 0x0
3417 : 0x133316be74c8 : 4 : pytrace_try_probe_python_functions :  Python version is detected as == 0x0
3417 : 0x133316e22650 : 4 : pytrace_try_probe_python_functions :  Python version is detected as == 0x0
3417 : 0x133316fb720e : 4 : pytrace_try_probe_python_functions :  Python version is detected as == 0x0
3417 : 0x133324d52c20 : 4 : pytrace_try_probe_python_functions :  Python version is detected as == 0x0
3417 : 0x133324e70fe8 : 4 : pytrace_try_probe_python_functions :  Python version is detected as == 0x0
3417 : 0x133324fc1b5e : 4 : pytrace_try_probe_python_functions :  Python version is detected as == 0x0
3417 : 0x133325133400 : 4 : pytrace_try_probe_python_functions :  Python version is detected as == 0x0
3417 : 0x13332525e1c8 : 4 : pytrace_try_probe_python_functions :  Python version is detected as == 0x0
3417 : 0x1333253a81d8 : 4 : pytrace_try_probe_python_functions :  Python version is detected as == 0x0
3417 : 0x13332550f7f2 : 4 : pytrace_try_probe_python_functions :  Python version is detected as == 0x0
3417 : 0x1333255c2218 : 4 : pytrace_try_probe_python_functions :  Python version is detected as == 0x0
3417 : 0x13332578b17a : 4 : pytrace_try_probe_python_functions :  Python version is detected as == 0x0
3417 : 0x1333258f75e2 : 4 : pytrace_try_probe_python_functions :  Python version is detected as == 0x0
3417 : 0x133325a17c60 : 4 : pytrace_try_probe_python_functions :  Python version is detected as == 0x0
3417 : 0x133325c32650 : 4 : pytrace_try_probe_python_functions :  Python version is detected as == 0x0
3417 : 0x133325d896aa : 4 : pytrace_try_probe_python_functions :  Python version is detected as == 0x0
3417 : 0x133325ef4a10 : 4 : pytrace_try_probe_python_functions :  Python version is detected as == 0x0
3417 : 0x1337ef3789cc : 4 : pytrace_stop_profiling :  [CALLED]
3417 : 0x1337ef37efee : 3 : logger_fini :  LOG FILE CLOSED (by collectunits.logger)