
7864 : 0x16f7116312d9 : 3 : logger_init :  LOG FILE OPENED (by collectunits.logger), level: 4
7864 : 0x16f717f7e7f2 : 4 : pytrace_try_probe_python_functions :  Python version is detected as == 0x0
7864 : 0x16f7186ab34e : 4 : pytrace_try_probe_python_functions :  Python version is detected as == 0x0
7864 : 0x16f719ee3538 : 4 : pytrace_try_probe_python_functions :  Python version is detected as == 0x0
7864 : 0x16f71a1cb6ee : 4 : pytrace_try_probe_python_functions :  Python version is detected as == 0x0
7864 : 0x16f71af2d7d8 : 4 : pytrace_try_probe_python_functions :  Python version is detected as == 0x0
7864 : 0x16f7331a975d : 4 : pytrace_try_probe_python_functions :  Python version is detected as == 0x0
7864 : 0x16f7336effdf : 4 : pytrace_try_probe_python_functions :  Python version is detected as == 0x0
7864 : 0x16f7339744cd : 4 : pytrace_try_probe_python_functions :  Python version is detected as == 0x0
7864 : 0x16f739f3e30a : 4 : pytrace_try_probe_python_functions :  Python version is detected as == 0x0
7864 : 0x16f73a28b292 : 4 : pytrace_try_probe_python_functions :  Python version is detected as == 0x0
7864 : 0x16f73a3a0432 : 4 : pytrace_try_probe_python_functions :  Python version is detected as == 0x0
7864 : 0x16f73aa145a1 : 4 : pytrace_try_probe_python_functions :  Python version is detected as == 0x0
7864 : 0x16f73b33bd94 : 4 : pytrace_try_probe_python_functions :  Python version is detected as == 0x0
7864 : 0x16f73ba5a82c : 4 : pytrace_try_probe_python_functions :  Python version is detected as == 0x0
7864 : 0x16f740d45a21 : 4 : pytrace_try_probe_python_functions :  Python version is detected as == 0x0
7864 : 0x16f741056be5 : 4 : pytrace_try_probe_python_functions :  Python version is detected as == 0x0
7864 : 0x16f741116e2f : 4 : pytrace_try_probe_python_functions :  Python version is detected as == 0x0
7864 : 0x16f741271543 : 4 : pytrace_try_probe_python_functions :  Python version is detected as == 0x0
7864 : 0x16f741c76d0b : 4 : pytrace_start_profiling :  [CALLED]
7864 : 0x16f742b6758c : 4 : pytrace_try_probe_python_functions :  Python version is detected as == 0x0
7864 : 0x16f742dd1700 : 4 : pytrace_try_probe_python_functions :  Python version is detected as == 0x0
7864 : 0x16f7430bd8e1 : 4 : pytrace_try_probe_python_functions :  Python version is detected as == 0x0
7864 : 0x16f74371778d : 4 : pytrace_try_probe_python_functions :  Python version is detected as == 0x0
7864 : 0x16f743c68d0f : 4 : pytrace_try_probe_python_functions :  Python version is detected as == 0x0
7864 : 0x16f743fbb399 : 4 : pytrace_try_probe_python_functions :  Python version is detected as == 0x0
7864 : 0x16f744581ec9 : 4 : pytrace_try_probe_python_functions :  Python version is detected as == 0x0
7864 : 0x16f7447ded39 : 4 : pytrace_try_probe_python_functions :  Python version is detected as == 0x0
7864 : 0x16f744a120cd : 4 : pytrace_try_probe_python_functions :  Python version is detected as == 0x0
7864 : 0x16f744bd51f1 : 4 : pytrace_try_probe_python_functions :  Python version is detected as == 0x0
7864 : 0x16f744e17f0d : 4 : pytrace_try_probe_python_functions :  Python version is detected as == 0x0
7864 : 0x16f7450989f7 : 4 : pytrace_try_probe_python_functions :  Python version is detected as == 0x0
7864 : 0x16f745423625 : 4 : pytrace_try_probe_python_functions :  Python version is detected as == 0x0
7864 : 0x16f7456d9f7d : 4 : pytrace_try_probe_python_functions :  Python version is detected as == 0x0
7864 : 0x16f7464301b1 : 4 : pytrace_try_probe_python_functions :  Python version is detected as == 0x0
7864 : 0x16f7465a47dd : 4 : pytrace_try_probe_python_functions :  Python version is detected as == 0x0
7864 : 0x16f746a9b663 : 4 : pytrace_try_probe_python_functions :  Python version is detected as == 0x0
7864 : 0x16f7490e49a4 : 4 : pytrace_try_probe_python_functions :  Python version is detected as == 0x0
7864 : 0x16f749394020 : 4 : pytrace_try_probe_python_functions :  Python version is detected as == 0x0
7864 : 0x16f7496fe344 : 4 : pytrace_try_probe_python_functions :  Python version is detected as == 0x0
7864 : 0x16f74997984a : 4 : pytrace_try_probe_python_functions :  Python version is detected as == 0x0
7864 : 0x16f749b881e0 : 4 : pytrace_try_probe_python_functions :  Python version is detected as == 0x0
7864 : 0x16f74a10a223 : 4 : pytrace_try_probe_python_functions :  Python version is detected as == 0x0
7864 : 0x16f74a395117 : 4 : pytrace_try_probe_python_functions :  Python version is detected as == 0x0
7864 : 0x16f74a5b8855 : 4 : pytrace_try_probe_python_functions :  Python version is detected as == 0x0
7864 : 0x16f74a7b3349 : 4 : pytrace_try_probe_python_functions :  Python version is detected as == 0x0
7864 : 0x16f74b281efc : 4 : pytrace_try_probe_python_functions :  Python version is detected as == 0x0
7864 : 0x16f74b49ceae : 4 : pytrace_try_probe_python_functions :  Python version is detected as == 0x0
7864 : 0x16f74b637384 : 4 : pytrace_try_probe_python_functions :  Python version is detected as == 0x0
7864 : 0x16f74b7eb83c : 4 : pytrace_try_probe_python_functions :  Python version is detected as == 0x0
7864 : 0x16f74b9daf54 : 4 : pytrace_try_probe_python_functions :  Python version is detected as == 0x0
7864 : 0x16f74bc476ba : 4 : pytrace_try_probe_python_functions :  Python version is detected as == 0x0
7864 : 0x16f74bde69a6 : 4 : pytrace_try_probe_python_functions :  Python version is detected as == 0x0
7864 : 0x16f74c0801c2 : 4 : pytrace_try_probe_python_functions :  Python version is detected as == 0x0
7864 : 0x16f74c200a92 : 4 : pytrace_try_probe_python_functions :  Python version is detected as == 0x0
7864 : 0x16f74c472db6 : 4 : pytrace_try_probe_python_functions :  Python version is detected as == 0x0
7864 : 0x16f74c98e413 : 4 : pytrace_try_probe_python_functions :  Python version is detected as == 0x0
7864 : 0x16f74cbfbb97 : 4 : pytrace_try_probe_python_functions :  Python version is detected as == 0x0
7864 : 0x16f74cdaddf5 : 4 : pytrace_try_probe_python_functions :  Python version is detected as == 0x0
7864 : 0x16f74d0b7943 : 4 : pytrace_try_probe_python_functions :  Python version is detected as == 0x0
7864 : 0x16f74d43efda : 4 : pytrace_try_probe_python_functions :  Python version is detected as == 0x0
7864 : 0x16f74da2f81b : 4 : pytrace_try_probe_python_functions :  Python version is detected as == 0x0
7864 : 0x16f74e2f35f2 : 4 : pytrace_try_probe_python_functions :  Python version is detected as == 0x0
7864 : 0x16f74e578574 : 4 : pytrace_try_probe_python_functions :  Python version is detected as == 0x0
7864 : 0x16f74e6f946e : 4 : pytrace_try_probe_python_functions :  Python version is detected as == 0x0
7864 : 0x16f75cd77505 : 4 : pytrace_try_probe_python_functions :  Python version is detected as == 0x0
7864 : 0x16f75d0d9c6d : 4 : pytrace_try_probe_python_functions :  Python version is detected as == 0x0
7864 : 0x16f75d2fc1c7 : 4 : pytrace_try_probe_python_functions :  Python version is detected as == 0x0
7864 : 0x16f76b2c63fd : 4 : pytrace_try_probe_python_functions :  Python version is detected as == 0x0
7864 : 0x16f76b4536a3 : 4 : pytrace_try_probe_python_functions :  Python version is detected as == 0x0
7864 : 0x16f76b661f7b : 4 : pytrace_try_probe_python_functions :  Python version is detected as == 0x0
7864 : 0x16f76b8382a1 : 4 : pytrace_try_probe_python_functions :  Python version is detected as == 0x0
7864 : 0x16f76b9d7323 : 4 : pytrace_try_probe_python_functions :  Python version is detected as == 0x0
7864 : 0x16f76bbb1f73 : 4 : pytrace_try_probe_python_functions :  Python version is detected as == 0x0
7864 : 0x16f76bd991e3 : 4 : pytrace_try_probe_python_functions :  Python version is detected as == 0x0
7864 : 0x16f76bea9de9 : 4 : pytrace_try_probe_python_functions :  Python version is detected as == 0x0
7864 : 0x16f76c1129e1 : 4 : pytrace_try_probe_python_functions :  Python version is detected as == 0x0
7864 : 0x16f76c2cc7b3 : 4 : pytrace_try_probe_python_functions :  Python version is detected as == 0x0
7864 : 0x16f76c47a267 : 4 : pytrace_try_probe_python_functions :  Python version is detected as == 0x0
7864 : 0x16f76c847a97 : 4 : pytrace_try_probe_python_functions :  Python version is detected as == 0x0
7864 : 0x16f76ca2eb7d : 4 : pytrace_try_probe_python_functions :  Python version is detected as == 0x0
7864 : 0x16f76cc4fd97 : 4 : pytrace_try_probe_python_functions :  Python version is detected as == 0x0
7864 : 0x16fb3c24bf00 : 4 : pytrace_stop_profiling :  [CALLED]
7864 : 0x16fb3c25337a : 3 : logger_fini :  LOG FILE CLOSED (by collectunits.logger)