
3704 : 0x1379ba680d3f : 3 : logger_init :  LOG FILE OPENED (by collectunits.logger), level: 4
3704 : 0x1379c07c9b87 : 4 : pytrace_try_probe_python_functions :  Python version is detected as == 0x0
3704 : 0x1379c0f40115 : 4 : pytrace_try_probe_python_functions :  Python version is detected as == 0x0
3704 : 0x1379c250db71 : 4 : pytrace_try_probe_python_functions :  Python version is detected as == 0x0
3704 : 0x1379c27e5ce3 : 4 : pytrace_try_probe_python_functions :  Python version is detected as == 0x0
3704 : 0x1379c33c5c3b : 4 : pytrace_try_probe_python_functions :  Python version is detected as == 0x0
3704 : 0x1379dad0104e : 4 : pytrace_try_probe_python_functions :  Python version is detected as == 0x0
3704 : 0x1379db2f3d98 : 4 : pytrace_try_probe_python_functions :  Python version is detected as == 0x0
3704 : 0x1379db5ad426 : 4 : pytrace_try_probe_python_functions :  Python version is detected as == 0x0
3704 : 0x1379e043789a : 4 : pytrace_try_probe_python_functions :  Python version is detected as == 0x0
3704 : 0x1379e064ed54 : 4 : pytrace_try_probe_python_functions :  Python version is detected as == 0x0
3704 : 0x1379e06f3f54 : 4 : pytrace_try_probe_python_functions :  Python version is detected as == 0x0
3704 : 0x1379e0c2c7d8 : 4 : pytrace_try_probe_python_functions :  Python version is detected as == 0x0
3704 : 0x1379e123138c : 4 : pytrace_try_probe_python_functions :  Python version is detected as == 0x0
3704 : 0x1379e16d1666 : 4 : pytrace_try_probe_python_functions :  Python version is detected as == 0x0
3704 : 0x1379e44e2566 : 4 : pytrace_try_probe_python_functions :  Python version is detected as == 0x0
3704 : 0x1379e4804d02 : 4 : pytrace_try_probe_python_functions :  Python version is detected as == 0x0
3704 : 0x1379e48ca78c : 4 : pytrace_try_probe_python_functions :  Python version is detected as == 0x0
3704 : 0x1379e4a3fa40 : 4 : pytrace_try_probe_python_functions :  Python version is detected as == 0x0
3704 : 0x1379e4e89e21 : 4 : pytrace_start_profiling :  [CALLED]
3704 : 0x1379e5414ce9 : 4 : pytrace_try_probe_python_functions :  Python version is detected as == 0x0
3704 : 0x1379e54e4aff : 4 : pytrace_try_probe_python_functions :  Python version is detected as == 0x0
3704 : 0x1379e55e99eb : 4 : pytrace_try_probe_python_functions :  Python version is detected as == 0x0
3704 : 0x1379e57b3ccf : 4 : pytrace_try_probe_python_functions :  Python version is detected as == 0x0
3704 : 0x1379e59dc4a9 : 4 : pytrace_try_probe_python_functions :  Python version is detected as == 0x0
3704 : 0x1379e5ae8b7b : 4 : pytrace_try_probe_python_functions :  Python version is detected as == 0x0
3704 : 0x1379e5c9425b : 4 : pytrace_try_probe_python_functions :  Python version is detected as == 0x0
3704 : 0x1379e5d5b515 : 4 : pytrace_try_probe_python_functions :  Python version is detected as == 0x0
3704 : 0x1379e5e2dcbb : 4 : pytrace_try_probe_python_functions :  Python version is detected as == 0x0
3704 : 0x1379e5ef745d : 4 : pytrace_try_probe_python_functions :  Python version is detected as == 0x0
3704 : 0x1379e5fd5749 : 4 : pytrace_try_probe_python_functions :  Python version is detected as == 0x0
3704 : 0x1379e610f7bd : 4 : pytrace_try_probe_python_functions :  Python version is detected as == 0x0
3704 : 0x1379e6346f0d : 4 : pytrace_try_probe_python_functions :  Python version is detected as == 0x0
3704 : 0x1379e655e767 : 4 : pytrace_try_probe_python_functions :  Python version is detected as == 0x0
3704 : 0x1379e6f9cb49 : 4 : pytrace_try_probe_python_functions :  Python version is detected as == 0x0
3704 : 0x1379e70b3755 : 4 : pytrace_try_probe_python_functions :  Python version is detected as == 0x0
3704 : 0x1379e7461b25 : 4 : pytrace_try_probe_python_functions :  Python version is detected as == 0x0
3704 : 0x1379e88351b5 : 4 : pytrace_try_probe_python_functions :  Python version is detected as == 0x0
3704 : 0x1379e892560d : 4 : pytrace_try_probe_python_functions :  Python version is detected as == 0x0
3704 : 0x1379e8a11d49 : 4 : pytrace_try_probe_python_functions :  Python version is detected as == 0x0
3704 : 0x1379e8af1d5d : 4 : pytrace_try_probe_python_functions :  Python version is detected as == 0x0
3704 : 0x1379e8bc6ad5 : 4 : pytrace_try_probe_python_functions :  Python version is detected as == 0x0
3704 : 0x1379e8da0a49 : 4 : pytrace_try_probe_python_functions :  Python version is detected as == 0x0
3704 : 0x1379e8e7cba1 : 4 : pytrace_try_probe_python_functions :  Python version is detected as == 0x0
3704 : 0x1379e8f4f089 : 4 : pytrace_try_probe_python_functions :  Python version is detected as == 0x0
3704 : 0x1379e9042ce5 : 4 : pytrace_try_probe_python_functions :  Python version is detected as == 0x0
3704 : 0x1379e9609c8d : 4 : pytrace_try_probe_python_functions :  Python version is detected as == 0x0
3704 : 0x1379e977f5d3 : 4 : pytrace_try_probe_python_functions :  Python version is detected as == 0x0
3704 : 0x1379e989ee33 : 4 : pytrace_try_probe_python_functions :  Python version is detected as == 0x0
3704 : 0x1379e99f56ed : 4 : pytrace_try_probe_python_functions :  Python version is detected as == 0x0
3704 : 0x1379e9b3c82b : 4 : pytrace_try_probe_python_functions :  Python version is detected as == 0x0
3704 : 0x1379e9cd1acb : 4 : pytrace_try_probe_python_functions :  Python version is detected as == 0x0
3704 : 0x1379e9dd69fd : 4 : pytrace_try_probe_python_functions :  Python version is detected as == 0x0
3704 : 0x1379e9f433e5 : 4 : pytrace_try_probe_python_functions :  Python version is detected as == 0x0
3704 : 0x1379ea02ccef : 4 : pytrace_try_probe_python_functions :  Python version is detected as == 0x0
3704 : 0x1379ea1a5569 : 4 : pytrace_try_probe_python_functions :  Python version is detected as == 0x0
3704 : 0x1379ea4e04d3 : 4 : pytrace_try_probe_python_functions :  Python version is detected as == 0x0
3704 : 0x1379ea643139 : 4 : pytrace_try_probe_python_functions :  Python version is detected as == 0x0
3704 : 0x1379ea76cf89 : 4 : pytrace_try_probe_python_functions :  Python version is detected as == 0x0
3704 : 0x1379ea933bef : 4 : pytrace_try_probe_python_functions :  Python version is detected as == 0x0
3704 : 0x1379eab62d89 : 4 : pytrace_try_probe_python_functions :  Python version is detected as == 0x0
3704 : 0x1379ead60023 : 4 : pytrace_try_probe_python_functions :  Python version is detected as == 0x0
3704 : 0x1379eb41c851 : 4 : pytrace_try_probe_python_functions :  Python version is detected as == 0x0
3704 : 0x1379eb59cd1b : 4 : pytrace_try_probe_python_functions :  Python version is detected as == 0x0
3704 : 0x1379eb6bf47b : 4 : pytrace_try_probe_python_functions :  Python version is detected as == 0x0
3704 : 0x1379fa9687b6 : 4 : pytrace_try_probe_python_functions :  Python version is detected as == 0x0
3704 : 0x1379fabe683e : 4 : pytrace_try_probe_python_functions :  Python version is detected as == 0x0
3704 : 0x1379fadda6dc : 4 : pytrace_try_probe_python_functions :  Python version is detected as == 0x0
3704 : 0x137a08b4cb5d : 4 : pytrace_try_probe_python_functions :  Python version is detected as == 0x0
3704 : 0x137a08c7a765 : 4 : pytrace_try_probe_python_functions :  Python version is detected as == 0x0
3704 : 0x137a08dcb9b5 : 4 : pytrace_try_probe_python_functions :  Python version is detected as == 0x0
3704 : 0x137a08f1b441 : 4 : pytrace_try_probe_python_functions :  Python version is detected as == 0x0
3704 : 0x137a0903e2b9 : 4 : pytrace_try_probe_python_functions :  Python version is detected as == 0x0
3704 : 0x137a09195e19 : 4 : pytrace_try_probe_python_functions :  Python version is detected as == 0x0
3704 : 0x137a092e2497 : 4 : pytrace_try_probe_python_functions :  Python version is detected as == 0x0
3704 : 0x137a093a6925 : 4 : pytrace_try_probe_python_functions :  Python version is detected as == 0x0
3704 : 0x137a09561b37 : 4 : pytrace_try_probe_python_functions :  Python version is detected as == 0x0
3704 : 0x137a0969eb4f : 4 : pytrace_try_probe_python_functions :  Python version is detected as == 0x0
3704 : 0x137a097c4625 : 4 : pytrace_try_probe_python_functions :  Python version is detected as == 0x0
3704 : 0x137a099cd357 : 4 : pytrace_try_probe_python_functions :  Python version is detected as == 0x0
3704 : 0x137a09b63f11 : 4 : pytrace_try_probe_python_functions :  Python version is detected as == 0x0
3704 : 0x137a09cc5867 : 4 : pytrace_try_probe_python_functions :  Python version is detected as == 0x0
3704 : 0x137eea5e1363 : 4 : pytrace_stop_profiling :  [CALLED]
3704 : 0x137eea5e8cd3 : 3 : logger_fini :  LOG FILE CLOSED (by collectunits.logger)